<?xml version="1.0" encoding="UTF-8"?>
<testsuite xmlns:xsi="http://www.w3.org/2001/XMLSchema-instance" xsi:noNamespaceSchemaLocation="https://maven.apache.org/surefire/maven-surefire-plugin/xsd/surefire-test-report-3.0.xsd" version="3.0" name="step_definitions.RunCukesTest" time="485.193" tests="16" errors="0" skipped="0" failures="0">
  <properties>
    <property name="java.specification.version" value="17"/>
    <property name="sun.jnu.encoding" value="UTF-8"/>
    <property name="java.class.path" value="/Users/fizkiarditiakusuma/Documents/Nastha_Group/-FE--nsw-SSm-Kepabeanan/target/test-classes:/Users/fizkiarditiakusuma/Documents/Nastha_Group/-FE--nsw-SSm-Kepabeanan/target/classes:/Users/fizkiarditiakusuma/.m2/repository/junit/junit/4.13.2/junit-4.13.2.jar:/Users/fizkiarditiakusuma/.m2/repository/org/hamcrest/hamcrest-core/1.3/hamcrest-core-1.3.jar:/Users/fizkiarditiakusuma/.m2/repository/org/seleniumhq/selenium/selenium-java/4.17.0/selenium-java-4.17.0.jar:/Users/fizkiarditiakusuma/.m2/repository/org/seleniumhq/selenium/selenium-api/4.17.0/selenium-api-4.17.0.jar:/Users/fizkiarditiakusuma/.m2/repository/org/seleniumhq/selenium/selenium-chrome-driver/4.17.0/selenium-chrome-driver-4.17.0.jar:/Users/fizkiarditiakusuma/.m2/repository/com/google/auto/service/auto-service-annotations/1.1.1/auto-service-annotations-1.1.1.jar:/Users/fizkiarditiakusuma/.m2/repository/org/seleniumhq/selenium/selenium-chromium-driver/4.17.0/selenium-chromium-driver-4.17.0.jar:/Users/fizkiarditiakusuma/.m2/repository/org/seleniumhq/selenium/selenium-json/4.17.0/selenium-json-4.17.0.jar:/Users/fizkiarditiakusuma/.m2/repository/org/seleniumhq/selenium/selenium-manager/4.17.0/selenium-manager-4.17.0.jar:/Users/fizkiarditiakusuma/.m2/repository/org/seleniumhq/selenium/selenium-devtools-v119/4.17.0/selenium-devtools-v119-4.17.0.jar:/Users/fizkiarditiakusuma/.m2/repository/org/seleniumhq/selenium/selenium-devtools-v120/4.17.0/selenium-devtools-v120-4.17.0.jar:/Users/fizkiarditiakusuma/.m2/repository/org/seleniumhq/selenium/selenium-devtools-v121/4.17.0/selenium-devtools-v121-4.17.0.jar:/Users/fizkiarditiakusuma/.m2/repository/org/seleniumhq/selenium/selenium-devtools-v85/4.17.0/selenium-devtools-v85-4.17.0.jar:/Users/fizkiarditiakusuma/.m2/repository/org/seleniumhq/selenium/selenium-edge-driver/4.17.0/selenium-edge-driver-4.17.0.jar:/Users/fizkiarditiakusuma/.m2/repository/org/seleniumhq/selenium/selenium-firefox-driver/4.17.0/selenium-firefox-driver-4.17.0.jar:/Users/fizkiarditiakusuma/.m2/repository/org/seleniumhq/selenium/selenium-http/4.17.0/selenium-http-4.17.0.jar:/Users/fizkiarditiakusuma/.m2/repository/dev/failsafe/failsafe/3.3.2/failsafe-3.3.2.jar:/Users/fizkiarditiakusuma/.m2/repository/org/seleniumhq/selenium/selenium-ie-driver/4.17.0/selenium-ie-driver-4.17.0.jar:/Users/fizkiarditiakusuma/.m2/repository/org/seleniumhq/selenium/selenium-remote-driver/4.17.0/selenium-remote-driver-4.17.0.jar:/Users/fizkiarditiakusuma/.m2/repository/com/google/guava/guava/33.0.0-jre/guava-33.0.0-jre.jar:/Users/fizkiarditiakusuma/.m2/repository/com/google/guava/failureaccess/1.0.2/failureaccess-1.0.2.jar:/Users/fizkiarditiakusuma/.m2/repository/com/google/guava/listenablefuture/9999.0-empty-to-avoid-conflict-with-guava/listenablefuture-9999.0-empty-to-avoid-conflict-with-guava.jar:/Users/fizkiarditiakusuma/.m2/repository/com/google/code/findbugs/jsr305/3.0.2/jsr305-3.0.2.jar:/Users/fizkiarditiakusuma/.m2/repository/org/checkerframework/checker-qual/3.41.0/checker-qual-3.41.0.jar:/Users/fizkiarditiakusuma/.m2/repository/com/google/errorprone/error_prone_annotations/2.23.0/error_prone_annotations-2.23.0.jar:/Users/fizkiarditiakusuma/.m2/repository/com/google/j2objc/j2objc-annotations/2.8/j2objc-annotations-2.8.jar:/Users/fizkiarditiakusuma/.m2/repository/io/opentelemetry/semconv/opentelemetry-semconv/1.23.1-alpha/opentelemetry-semconv-1.23.1-alpha.jar:/Users/fizkiarditiakusuma/.m2/repository/io/opentelemetry/opentelemetry-api/1.34.1/opentelemetry-api-1.34.1.jar:/Users/fizkiarditiakusuma/.m2/repository/io/opentelemetry/opentelemetry-context/1.34.1/opentelemetry-context-1.34.1.jar:/Users/fizkiarditiakusuma/.m2/repository/io/opentelemetry/opentelemetry-exporter-logging/1.34.1/opentelemetry-exporter-logging-1.34.1.jar:/Users/fizkiarditiakusuma/.m2/repository/io/opentelemetry/opentelemetry-sdk-common/1.34.1/opentelemetry-sdk-common-1.34.1.jar:/Users/fizkiarditiakusuma/.m2/repository/io/opentelemetry/opentelemetry-sdk-extension-autoconfigure-spi/1.34.1/opentelemetry-sdk-extension-autoconfigure-spi-1.34.1.jar:/Users/fizkiarditiakusuma/.m2/repository/io/opentelemetry/opentelemetry-sdk-extension-autoconfigure/1.34.1/opentelemetry-sdk-extension-autoconfigure-1.34.1.jar:/Users/fizkiarditiakusuma/.m2/repository/io/opentelemetry/opentelemetry-api-events/1.34.1-alpha/opentelemetry-api-events-1.34.1-alpha.jar:/Users/fizkiarditiakusuma/.m2/repository/io/opentelemetry/opentelemetry-sdk-trace/1.34.1/opentelemetry-sdk-trace-1.34.1.jar:/Users/fizkiarditiakusuma/.m2/repository/io/opentelemetry/opentelemetry-sdk/1.34.1/opentelemetry-sdk-1.34.1.jar:/Users/fizkiarditiakusuma/.m2/repository/io/opentelemetry/opentelemetry-sdk-metrics/1.34.1/opentelemetry-sdk-metrics-1.34.1.jar:/Users/fizkiarditiakusuma/.m2/repository/io/opentelemetry/opentelemetry-extension-incubator/1.34.1-alpha/opentelemetry-extension-incubator-1.34.1-alpha.jar:/Users/fizkiarditiakusuma/.m2/repository/io/opentelemetry/opentelemetry-sdk-logs/1.34.1/opentelemetry-sdk-logs-1.34.1.jar:/Users/fizkiarditiakusuma/.m2/repository/net/bytebuddy/byte-buddy/1.14.11/byte-buddy-1.14.11.jar:/Users/fizkiarditiakusuma/.m2/repository/org/seleniumhq/selenium/selenium-os/4.17.0/selenium-os-4.17.0.jar:/Users/fizkiarditiakusuma/.m2/repository/org/apache/commons/commons-exec/1.3/commons-exec-1.3.jar:/Users/fizkiarditiakusuma/.m2/repository/org/seleniumhq/selenium/selenium-safari-driver/4.17.0/selenium-safari-driver-4.17.0.jar:/Users/fizkiarditiakusuma/.m2/repository/org/seleniumhq/selenium/selenium-support/4.17.0/selenium-support-4.17.0.jar:/Users/fizkiarditiakusuma/.m2/repository/io/cucumber/cucumber-java/7.12.1/cucumber-java-7.12.1.jar:/Users/fizkiarditiakusuma/.m2/repository/io/cucumber/cucumber-core/7.12.1/cucumber-core-7.12.1.jar:/Users/fizkiarditiakusuma/.m2/repository/io/cucumber/cucumber-gherkin/7.12.1/cucumber-gherkin-7.12.1.jar:/Users/fizkiarditiakusuma/.m2/repository/io/cucumber/cucumber-gherkin-messages/7.12.1/cucumber-gherkin-messages-7.12.1.jar:/Users/fizkiarditiakusuma/.m2/repository/io/cucumber/gherkin/26.2.0/gherkin-26.2.0.jar:/Users/fizkiarditiakusuma/.m2/repository/io/cucumber/messages/22.0.0/messages-22.0.0.jar:/Users/fizkiarditiakusuma/.m2/repository/io/cucumber/tag-expressions/5.0.1/tag-expressions-5.0.1.jar:/Users/fizkiarditiakusuma/.m2/repository/io/cucumber/cucumber-expressions/16.1.2/cucumber-expressions-16.1.2.jar:/Users/fizkiarditiakusuma/.m2/repository/io/cucumber/datatable/7.12.1/datatable-7.12.1.jar:/Users/fizkiarditiakusuma/.m2/repository/io/cucumber/cucumber-plugin/7.12.1/cucumber-plugin-7.12.1.jar:/Users/fizkiarditiakusuma/.m2/repository/io/cucumber/docstring/7.12.1/docstring-7.12.1.jar:/Users/fizkiarditiakusuma/.m2/repository/io/cucumber/html-formatter/20.3.1/html-formatter-20.3.1.jar:/Users/fizkiarditiakusuma/.m2/repository/io/cucumber/junit-xml-formatter/0.2.0/junit-xml-formatter-0.2.0.jar:/Users/fizkiarditiakusuma/.m2/repository/io/cucumber/ci-environment/9.2.0/ci-environment-9.2.0.jar:/Users/fizkiarditiakusuma/.m2/repository/org/apiguardian/apiguardian-api/1.1.2/apiguardian-api-1.1.2.jar:/Users/fizkiarditiakusuma/.m2/repository/ch/qos/logback/logback-classic/1.4.14/logback-classic-1.4.14.jar:/Users/fizkiarditiakusuma/.m2/repository/ch/qos/logback/logback-core/1.4.14/logback-core-1.4.14.jar:/Users/fizkiarditiakusuma/.m2/repository/org/slf4j/slf4j-api/2.0.7/slf4j-api-2.0.7.jar:/Users/fizkiarditiakusuma/.m2/repository/io/cucumber/cucumber-junit/7.12.1/cucumber-junit-7.12.1.jar:/Users/fizkiarditiakusuma/.m2/repository/io/github/bonigarcia/webdrivermanager/5.6.3/webdrivermanager-5.6.3.jar:/Users/fizkiarditiakusuma/.m2/repository/com/google/code/gson/gson/2.10.1/gson-2.10.1.jar:/Users/fizkiarditiakusuma/.m2/repository/com/github/docker-java/docker-java/3.3.4/docker-java-3.3.4.jar:/Users/fizkiarditiakusuma/.m2/repository/com/github/docker-java/docker-java-core/3.3.4/docker-java-core-3.3.4.jar:/Users/fizkiarditiakusuma/.m2/repository/com/github/docker-java/docker-java-api/3.3.4/docker-java-api-3.3.4.jar:/Users/fizkiarditiakusuma/.m2/repository/org/bouncycastle/bcpkix-jdk18on/1.76/bcpkix-jdk18on-1.76.jar:/Users/fizkiarditiakusuma/.m2/repository/org/bouncycastle/bcprov-jdk18on/1.76/bcprov-jdk18on-1.76.jar:/Users/fizkiarditiakusuma/.m2/repository/org/bouncycastle/bcutil-jdk18on/1.76/bcutil-jdk18on-1.76.jar:/Users/fizkiarditiakusuma/.m2/repository/org/slf4j/jcl-over-slf4j/1.7.30/jcl-over-slf4j-1.7.30.jar:/Users/fizkiarditiakusuma/.m2/repository/com/github/docker-java/docker-java-transport-httpclient5/3.3.4/docker-java-transport-httpclient5-3.3.4.jar:/Users/fizkiarditiakusuma/.m2/repository/com/github/docker-java/docker-java-transport/3.3.4/docker-java-transport-3.3.4.jar:/Users/fizkiarditiakusuma/.m2/repository/net/java/dev/jna/jna/5.13.0/jna-5.13.0.jar:/Users/fizkiarditiakusuma/.m2/repository/org/brotli/dec/0.1.2/dec-0.1.2.jar:/Users/fizkiarditiakusuma/.m2/repository/org/apache/commons/commons-lang3/3.14.0/commons-lang3-3.14.0.jar:/Users/fizkiarditiakusuma/.m2/repository/org/apache/commons/commons-compress/1.25.0/commons-compress-1.25.0.jar:/Users/fizkiarditiakusuma/.m2/repository/org/apache/httpcomponents/client5/httpclient5/5.2.1/httpclient5-5.2.1.jar:/Users/fizkiarditiakusuma/.m2/repository/org/apache/httpcomponents/core5/httpcore5/5.2/httpcore5-5.2.jar:/Users/fizkiarditiakusuma/.m2/repository/org/apache/httpcomponents/core5/httpcore5-h2/5.2/httpcore5-h2-5.2.jar:/Users/fizkiarditiakusuma/.m2/repository/net/masterthought/cucumber-reporting/5.7.5/cucumber-reporting-5.7.5.jar:/Users/fizkiarditiakusuma/.m2/repository/com/fasterxml/jackson/core/jackson-databind/2.13.2.2/jackson-databind-2.13.2.2.jar:/Users/fizkiarditiakusuma/.m2/repository/com/fasterxml/jackson/core/jackson-annotations/2.13.2/jackson-annotations-2.13.2.jar:/Users/fizkiarditiakusuma/.m2/repository/com/fasterxml/jackson/core/jackson-core/2.13.2/jackson-core-2.13.2.jar:/Users/fizkiarditiakusuma/.m2/repository/com/fasterxml/jackson/datatype/jackson-datatype-jsr310/2.13.2/jackson-datatype-jsr310-2.13.2.jar:/Users/fizkiarditiakusuma/.m2/repository/org/apache/velocity/velocity-engine-core/2.3/velocity-engine-core-2.3.jar:/Users/fizkiarditiakusuma/.m2/repository/org/apache/commons/commons-collections4/4.4/commons-collections4-4.4.jar:/Users/fizkiarditiakusuma/.m2/repository/joda-time/joda-time/2.12.2/joda-time-2.12.2.jar:/Users/fizkiarditiakusuma/.m2/repository/commons-io/commons-io/2.7/commons-io-2.7.jar:/Users/fizkiarditiakusuma/.m2/repository/org/codehaus/plexus/plexus-utils/3.5.0/plexus-utils-3.5.0.jar:/Users/fizkiarditiakusuma/.m2/repository/org/jsoup/jsoup/1.15.4/jsoup-1.15.4.jar:/Users/fizkiarditiakusuma/.m2/repository/com/googlecode/owasp-java-html-sanitizer/owasp-java-html-sanitizer/20220608.1/owasp-java-html-sanitizer-20220608.1.jar:/Users/fizkiarditiakusuma/.m2/repository/commons-configuration/commons-configuration/1.10/commons-configuration-1.10.jar:/Users/fizkiarditiakusuma/.m2/repository/commons-lang/commons-lang/2.6/commons-lang-2.6.jar:/Users/fizkiarditiakusuma/.m2/repository/commons-logging/commons-logging/1.1.1/commons-logging-1.1.1.jar:"/>
    <property name="java.vm.vendor" value="Eclipse Adoptium"/>
    <property name="sun.arch.data.model" value="64"/>
    <property name="java.vendor.url" value="https://adoptium.net/"/>
    <property name="os.name" value="Mac OS X"/>
    <property name="java.vm.specification.version" value="17"/>
    <property name="sun.java.launcher" value="SUN_STANDARD"/>
    <property name="user.country" value="ID"/>
    <property name="sun.boot.library.path" value="/Library/Java/JavaVirtualMachines/temurin-17.jdk/Contents/Home/lib"/>
    <property name="sun.java.command" value="/Users/fizkiarditiakusuma/Documents/Nastha_Group/-FE--nsw-SSm-Kepabeanan/target/surefire/surefirebooter-20240212114510430_3.jar /Users/fizkiarditiakusuma/Documents/Nastha_Group/-FE--nsw-SSm-Kepabeanan/target/surefire 2024-02-12T11-45-10_383-jvmRun1 surefire-20240212114510430_1tmp surefire_0-20240212114510430_2tmp"/>
    <property name="http.nonProxyHosts" value="local|*.local|169.254/16|*.169.254/16"/>
    <property name="jdk.debug" value="release"/>
    <property name="surefire.test.class.path" value="/Users/fizkiarditiakusuma/Documents/Nastha_Group/-FE--nsw-SSm-Kepabeanan/target/test-classes:/Users/fizkiarditiakusuma/Documents/Nastha_Group/-FE--nsw-SSm-Kepabeanan/target/classes:/Users/fizkiarditiakusuma/.m2/repository/junit/junit/4.13.2/junit-4.13.2.jar:/Users/fizkiarditiakusuma/.m2/repository/org/hamcrest/hamcrest-core/1.3/hamcrest-core-1.3.jar:/Users/fizkiarditiakusuma/.m2/repository/org/seleniumhq/selenium/selenium-java/4.17.0/selenium-java-4.17.0.jar:/Users/fizkiarditiakusuma/.m2/repository/org/seleniumhq/selenium/selenium-api/4.17.0/selenium-api-4.17.0.jar:/Users/fizkiarditiakusuma/.m2/repository/org/seleniumhq/selenium/selenium-chrome-driver/4.17.0/selenium-chrome-driver-4.17.0.jar:/Users/fizkiarditiakusuma/.m2/repository/com/google/auto/service/auto-service-annotations/1.1.1/auto-service-annotations-1.1.1.jar:/Users/fizkiarditiakusuma/.m2/repository/org/seleniumhq/selenium/selenium-chromium-driver/4.17.0/selenium-chromium-driver-4.17.0.jar:/Users/fizkiarditiakusuma/.m2/repository/org/seleniumhq/selenium/selenium-json/4.17.0/selenium-json-4.17.0.jar:/Users/fizkiarditiakusuma/.m2/repository/org/seleniumhq/selenium/selenium-manager/4.17.0/selenium-manager-4.17.0.jar:/Users/fizkiarditiakusuma/.m2/repository/org/seleniumhq/selenium/selenium-devtools-v119/4.17.0/selenium-devtools-v119-4.17.0.jar:/Users/fizkiarditiakusuma/.m2/repository/org/seleniumhq/selenium/selenium-devtools-v120/4.17.0/selenium-devtools-v120-4.17.0.jar:/Users/fizkiarditiakusuma/.m2/repository/org/seleniumhq/selenium/selenium-devtools-v121/4.17.0/selenium-devtools-v121-4.17.0.jar:/Users/fizkiarditiakusuma/.m2/repository/org/seleniumhq/selenium/selenium-devtools-v85/4.17.0/selenium-devtools-v85-4.17.0.jar:/Users/fizkiarditiakusuma/.m2/repository/org/seleniumhq/selenium/selenium-edge-driver/4.17.0/selenium-edge-driver-4.17.0.jar:/Users/fizkiarditiakusuma/.m2/repository/org/seleniumhq/selenium/selenium-firefox-driver/4.17.0/selenium-firefox-driver-4.17.0.jar:/Users/fizkiarditiakusuma/.m2/repository/org/seleniumhq/selenium/selenium-http/4.17.0/selenium-http-4.17.0.jar:/Users/fizkiarditiakusuma/.m2/repository/dev/failsafe/failsafe/3.3.2/failsafe-3.3.2.jar:/Users/fizkiarditiakusuma/.m2/repository/org/seleniumhq/selenium/selenium-ie-driver/4.17.0/selenium-ie-driver-4.17.0.jar:/Users/fizkiarditiakusuma/.m2/repository/org/seleniumhq/selenium/selenium-remote-driver/4.17.0/selenium-remote-driver-4.17.0.jar:/Users/fizkiarditiakusuma/.m2/repository/com/google/guava/guava/33.0.0-jre/guava-33.0.0-jre.jar:/Users/fizkiarditiakusuma/.m2/repository/com/google/guava/failureaccess/1.0.2/failureaccess-1.0.2.jar:/Users/fizkiarditiakusuma/.m2/repository/com/google/guava/listenablefuture/9999.0-empty-to-avoid-conflict-with-guava/listenablefuture-9999.0-empty-to-avoid-conflict-with-guava.jar:/Users/fizkiarditiakusuma/.m2/repository/com/google/code/findbugs/jsr305/3.0.2/jsr305-3.0.2.jar:/Users/fizkiarditiakusuma/.m2/repository/org/checkerframework/checker-qual/3.41.0/checker-qual-3.41.0.jar:/Users/fizkiarditiakusuma/.m2/repository/com/google/errorprone/error_prone_annotations/2.23.0/error_prone_annotations-2.23.0.jar:/Users/fizkiarditiakusuma/.m2/repository/com/google/j2objc/j2objc-annotations/2.8/j2objc-annotations-2.8.jar:/Users/fizkiarditiakusuma/.m2/repository/io/opentelemetry/semconv/opentelemetry-semconv/1.23.1-alpha/opentelemetry-semconv-1.23.1-alpha.jar:/Users/fizkiarditiakusuma/.m2/repository/io/opentelemetry/opentelemetry-api/1.34.1/opentelemetry-api-1.34.1.jar:/Users/fizkiarditiakusuma/.m2/repository/io/opentelemetry/opentelemetry-context/1.34.1/opentelemetry-context-1.34.1.jar:/Users/fizkiarditiakusuma/.m2/repository/io/opentelemetry/opentelemetry-exporter-logging/1.34.1/opentelemetry-exporter-logging-1.34.1.jar:/Users/fizkiarditiakusuma/.m2/repository/io/opentelemetry/opentelemetry-sdk-common/1.34.1/opentelemetry-sdk-common-1.34.1.jar:/Users/fizkiarditiakusuma/.m2/repository/io/opentelemetry/opentelemetry-sdk-extension-autoconfigure-spi/1.34.1/opentelemetry-sdk-extension-autoconfigure-spi-1.34.1.jar:/Users/fizkiarditiakusuma/.m2/repository/io/opentelemetry/opentelemetry-sdk-extension-autoconfigure/1.34.1/opentelemetry-sdk-extension-autoconfigure-1.34.1.jar:/Users/fizkiarditiakusuma/.m2/repository/io/opentelemetry/opentelemetry-api-events/1.34.1-alpha/opentelemetry-api-events-1.34.1-alpha.jar:/Users/fizkiarditiakusuma/.m2/repository/io/opentelemetry/opentelemetry-sdk-trace/1.34.1/opentelemetry-sdk-trace-1.34.1.jar:/Users/fizkiarditiakusuma/.m2/repository/io/opentelemetry/opentelemetry-sdk/1.34.1/opentelemetry-sdk-1.34.1.jar:/Users/fizkiarditiakusuma/.m2/repository/io/opentelemetry/opentelemetry-sdk-metrics/1.34.1/opentelemetry-sdk-metrics-1.34.1.jar:/Users/fizkiarditiakusuma/.m2/repository/io/opentelemetry/opentelemetry-extension-incubator/1.34.1-alpha/opentelemetry-extension-incubator-1.34.1-alpha.jar:/Users/fizkiarditiakusuma/.m2/repository/io/opentelemetry/opentelemetry-sdk-logs/1.34.1/opentelemetry-sdk-logs-1.34.1.jar:/Users/fizkiarditiakusuma/.m2/repository/net/bytebuddy/byte-buddy/1.14.11/byte-buddy-1.14.11.jar:/Users/fizkiarditiakusuma/.m2/repository/org/seleniumhq/selenium/selenium-os/4.17.0/selenium-os-4.17.0.jar:/Users/fizkiarditiakusuma/.m2/repository/org/apache/commons/commons-exec/1.3/commons-exec-1.3.jar:/Users/fizkiarditiakusuma/.m2/repository/org/seleniumhq/selenium/selenium-safari-driver/4.17.0/selenium-safari-driver-4.17.0.jar:/Users/fizkiarditiakusuma/.m2/repository/org/seleniumhq/selenium/selenium-support/4.17.0/selenium-support-4.17.0.jar:/Users/fizkiarditiakusuma/.m2/repository/io/cucumber/cucumber-java/7.12.1/cucumber-java-7.12.1.jar:/Users/fizkiarditiakusuma/.m2/repository/io/cucumber/cucumber-core/7.12.1/cucumber-core-7.12.1.jar:/Users/fizkiarditiakusuma/.m2/repository/io/cucumber/cucumber-gherkin/7.12.1/cucumber-gherkin-7.12.1.jar:/Users/fizkiarditiakusuma/.m2/repository/io/cucumber/cucumber-gherkin-messages/7.12.1/cucumber-gherkin-messages-7.12.1.jar:/Users/fizkiarditiakusuma/.m2/repository/io/cucumber/gherkin/26.2.0/gherkin-26.2.0.jar:/Users/fizkiarditiakusuma/.m2/repository/io/cucumber/messages/22.0.0/messages-22.0.0.jar:/Users/fizkiarditiakusuma/.m2/repository/io/cucumber/tag-expressions/5.0.1/tag-expressions-5.0.1.jar:/Users/fizkiarditiakusuma/.m2/repository/io/cucumber/cucumber-expressions/16.1.2/cucumber-expressions-16.1.2.jar:/Users/fizkiarditiakusuma/.m2/repository/io/cucumber/datatable/7.12.1/datatable-7.12.1.jar:/Users/fizkiarditiakusuma/.m2/repository/io/cucumber/cucumber-plugin/7.12.1/cucumber-plugin-7.12.1.jar:/Users/fizkiarditiakusuma/.m2/repository/io/cucumber/docstring/7.12.1/docstring-7.12.1.jar:/Users/fizkiarditiakusuma/.m2/repository/io/cucumber/html-formatter/20.3.1/html-formatter-20.3.1.jar:/Users/fizkiarditiakusuma/.m2/repository/io/cucumber/junit-xml-formatter/0.2.0/junit-xml-formatter-0.2.0.jar:/Users/fizkiarditiakusuma/.m2/repository/io/cucumber/ci-environment/9.2.0/ci-environment-9.2.0.jar:/Users/fizkiarditiakusuma/.m2/repository/org/apiguardian/apiguardian-api/1.1.2/apiguardian-api-1.1.2.jar:/Users/fizkiarditiakusuma/.m2/repository/ch/qos/logback/logback-classic/1.4.14/logback-classic-1.4.14.jar:/Users/fizkiarditiakusuma/.m2/repository/ch/qos/logback/logback-core/1.4.14/logback-core-1.4.14.jar:/Users/fizkiarditiakusuma/.m2/repository/org/slf4j/slf4j-api/2.0.7/slf4j-api-2.0.7.jar:/Users/fizkiarditiakusuma/.m2/repository/io/cucumber/cucumber-junit/7.12.1/cucumber-junit-7.12.1.jar:/Users/fizkiarditiakusuma/.m2/repository/io/github/bonigarcia/webdrivermanager/5.6.3/webdrivermanager-5.6.3.jar:/Users/fizkiarditiakusuma/.m2/repository/com/google/code/gson/gson/2.10.1/gson-2.10.1.jar:/Users/fizkiarditiakusuma/.m2/repository/com/github/docker-java/docker-java/3.3.4/docker-java-3.3.4.jar:/Users/fizkiarditiakusuma/.m2/repository/com/github/docker-java/docker-java-core/3.3.4/docker-java-core-3.3.4.jar:/Users/fizkiarditiakusuma/.m2/repository/com/github/docker-java/docker-java-api/3.3.4/docker-java-api-3.3.4.jar:/Users/fizkiarditiakusuma/.m2/repository/org/bouncycastle/bcpkix-jdk18on/1.76/bcpkix-jdk18on-1.76.jar:/Users/fizkiarditiakusuma/.m2/repository/org/bouncycastle/bcprov-jdk18on/1.76/bcprov-jdk18on-1.76.jar:/Users/fizkiarditiakusuma/.m2/repository/org/bouncycastle/bcutil-jdk18on/1.76/bcutil-jdk18on-1.76.jar:/Users/fizkiarditiakusuma/.m2/repository/org/slf4j/jcl-over-slf4j/1.7.30/jcl-over-slf4j-1.7.30.jar:/Users/fizkiarditiakusuma/.m2/repository/com/github/docker-java/docker-java-transport-httpclient5/3.3.4/docker-java-transport-httpclient5-3.3.4.jar:/Users/fizkiarditiakusuma/.m2/repository/com/github/docker-java/docker-java-transport/3.3.4/docker-java-transport-3.3.4.jar:/Users/fizkiarditiakusuma/.m2/repository/net/java/dev/jna/jna/5.13.0/jna-5.13.0.jar:/Users/fizkiarditiakusuma/.m2/repository/org/brotli/dec/0.1.2/dec-0.1.2.jar:/Users/fizkiarditiakusuma/.m2/repository/org/apache/commons/commons-lang3/3.14.0/commons-lang3-3.14.0.jar:/Users/fizkiarditiakusuma/.m2/repository/org/apache/commons/commons-compress/1.25.0/commons-compress-1.25.0.jar:/Users/fizkiarditiakusuma/.m2/repository/org/apache/httpcomponents/client5/httpclient5/5.2.1/httpclient5-5.2.1.jar:/Users/fizkiarditiakusuma/.m2/repository/org/apache/httpcomponents/core5/httpcore5/5.2/httpcore5-5.2.jar:/Users/fizkiarditiakusuma/.m2/repository/org/apache/httpcomponents/core5/httpcore5-h2/5.2/httpcore5-h2-5.2.jar:/Users/fizkiarditiakusuma/.m2/repository/net/masterthought/cucumber-reporting/5.7.5/cucumber-reporting-5.7.5.jar:/Users/fizkiarditiakusuma/.m2/repository/com/fasterxml/jackson/core/jackson-databind/2.13.2.2/jackson-databind-2.13.2.2.jar:/Users/fizkiarditiakusuma/.m2/repository/com/fasterxml/jackson/core/jackson-annotations/2.13.2/jackson-annotations-2.13.2.jar:/Users/fizkiarditiakusuma/.m2/repository/com/fasterxml/jackson/core/jackson-core/2.13.2/jackson-core-2.13.2.jar:/Users/fizkiarditiakusuma/.m2/repository/com/fasterxml/jackson/datatype/jackson-datatype-jsr310/2.13.2/jackson-datatype-jsr310-2.13.2.jar:/Users/fizkiarditiakusuma/.m2/repository/org/apache/velocity/velocity-engine-core/2.3/velocity-engine-core-2.3.jar:/Users/fizkiarditiakusuma/.m2/repository/org/apache/commons/commons-collections4/4.4/commons-collections4-4.4.jar:/Users/fizkiarditiakusuma/.m2/repository/joda-time/joda-time/2.12.2/joda-time-2.12.2.jar:/Users/fizkiarditiakusuma/.m2/repository/commons-io/commons-io/2.7/commons-io-2.7.jar:/Users/fizkiarditiakusuma/.m2/repository/org/codehaus/plexus/plexus-utils/3.5.0/plexus-utils-3.5.0.jar:/Users/fizkiarditiakusuma/.m2/repository/org/jsoup/jsoup/1.15.4/jsoup-1.15.4.jar:/Users/fizkiarditiakusuma/.m2/repository/com/googlecode/owasp-java-html-sanitizer/owasp-java-html-sanitizer/20220608.1/owasp-java-html-sanitizer-20220608.1.jar:/Users/fizkiarditiakusuma/.m2/repository/commons-configuration/commons-configuration/1.10/commons-configuration-1.10.jar:/Users/fizkiarditiakusuma/.m2/repository/commons-lang/commons-lang/2.6/commons-lang-2.6.jar:/Users/fizkiarditiakusuma/.m2/repository/commons-logging/commons-logging/1.1.1/commons-logging-1.1.1.jar:"/>
    <property name="sun.cpu.endian" value="little"/>
    <property name="user.home" value="/Users/fizkiarditiakusuma"/>
    <property name="user.language" value="en"/>
    <property name="java.specification.vendor" value="Oracle Corporation"/>
    <property name="java.version.date" value="2023-07-18"/>
    <property name="java.home" value="/Library/Java/JavaVirtualMachines/temurin-17.jdk/Contents/Home"/>
    <property name="file.separator" value="/"/>
    <property name="basedir" value="/Users/fizkiarditiakusuma/Documents/Nastha_Group/-FE--nsw-SSm-Kepabeanan"/>
    <property name="java.vm.compressedOopsMode" value="Zero based"/>
    <property name="line.separator" value="&#10;"/>
    <property name="java.specification.name" value="Java Platform API Specification"/>
    <property name="java.vm.specification.vendor" value="Oracle Corporation"/>
    <property name="surefire.real.class.path" value="/Users/fizkiarditiakusuma/Documents/Nastha_Group/-FE--nsw-SSm-Kepabeanan/target/surefire/surefirebooter-20240212114510430_3.jar"/>
    <property name="sun.management.compiler" value="HotSpot 64-Bit Tiered Compilers"/>
    <property name="ftp.nonProxyHosts" value="local|*.local|169.254/16|*.169.254/16"/>
    <property name="java.runtime.version" value="17.0.8+7"/>
    <property name="user.name" value="fizkiarditiakusuma"/>
    <property name="path.separator" value=":"/>
    <property name="os.version" value="14.2.1"/>
    <property name="java.runtime.name" value="OpenJDK Runtime Environment"/>
    <property name="file.encoding" value="UTF-8"/>
    <property name="java.vm.name" value="OpenJDK 64-Bit Server VM"/>
    <property name="java.vendor.version" value="Temurin-17.0.8+7"/>
    <property name="localRepository" value="/Users/fizkiarditiakusuma/.m2/repository"/>
    <property name="java.vendor.url.bug" value="https://github.com/adoptium/adoptium-support/issues"/>
    <property name="java.io.tmpdir" value="/var/folders/nl/kl9228955pjdfy31l8yfjk700000gn/T/"/>
    <property name="java.version" value="17.0.8"/>
    <property name="user.dir" value="/Users/fizkiarditiakusuma/Documents/Nastha_Group/-FE--nsw-SSm-Kepabeanan"/>
    <property name="os.arch" value="aarch64"/>
    <property name="java.vm.specification.name" value="Java Virtual Machine Specification"/>
    <property name="native.encoding" value="UTF-8"/>
    <property name="java.library.path" value="/Users/fizkiarditiakusuma/Library/Java/Extensions:/Library/Java/Extensions:/Network/Library/Java/Extensions:/System/Library/Java/Extensions:/usr/lib/java:."/>
    <property name="java.vm.info" value="mixed mode"/>
    <property name="java.vendor" value="Eclipse Adoptium"/>
    <property name="java.vm.version" value="17.0.8+7"/>
    <property name="sun.io.unicode.encoding" value="UnicodeBig"/>
    <property name="socksNonProxyHosts" value="local|*.local|169.254/16|*.169.254/16"/>
    <property name="java.class.version" value="61.0"/>
  </properties>
  <testcase name="Menambahkan Data untuk bisa di submit" classname="alur sumbit data" time="158.755">
    <system-out><![CDATA[
@alurSubmitData
Scenario: Menambahkan Data untuk bisa di submit                                      &amp#27;[90m# features//alurSubmitData.feature:11&amp#27;[0m
11:45:10.947 [main] DEBUG io.github.bonigarcia.wdm.WebDriverManager -- Using WebDriverManager 5.6.3
11:45:11.078 [main] DEBUG io.github.bonigarcia.wdm.WebDriverManager -- Using URL built from repository pattern: https://edgedl.me.gvt1.com/edgedl/chrome/chrome-for-testing/121.0.6167.139/mac-arm64/chromedriver-mac-arm64.zip
11:45:11.083 [main] DEBUG org.apache.hc.client5.http.impl.classic.InternalHttpClient -- ex-0000000001 preparing request execution
11:45:11.086 [main] DEBUG org.apache.hc.client5.http.impl.classic.ProtocolExec -- ex-0000000001 target auth state: UNCHALLENGED
11:45:11.086 [main] DEBUG org.apache.hc.client5.http.impl.classic.ProtocolExec -- ex-0000000001 proxy auth state: UNCHALLENGED
11:45:11.086 [main] DEBUG org.apache.hc.client5.http.impl.classic.ConnectExec -- ex-0000000001 acquiring connection with route {s}->https://googlechromelabs.github.io:443
11:45:11.086 [main] DEBUG org.apache.hc.client5.http.impl.classic.InternalHttpClient -- ex-0000000001 acquiring endpoint (3 MINUTES)
11:45:11.087 [main] DEBUG org.apache.hc.client5.http.impl.io.PoolingHttpClientConnectionManager -- ex-0000000001 endpoint lease request (3 MINUTES) [route: {s}->https://googlechromelabs.github.io:443][total available: 0; route allocated: 0 of 5; total allocated: 0 of 25]
11:45:11.089 [main] DEBUG org.apache.hc.client5.http.impl.io.PoolingHttpClientConnectionManager -- ex-0000000001 endpoint leased [route: {s}->https://googlechromelabs.github.io:443][total available: 0; route allocated: 1 of 5; total allocated: 1 of 25]
11:45:11.092 [main] DEBUG org.apache.hc.client5.http.impl.io.PoolingHttpClientConnectionManager -- ex-0000000001 acquired ep-0000000001
11:45:11.092 [main] DEBUG org.apache.hc.client5.http.impl.classic.InternalHttpClient -- ex-0000000001 acquired endpoint ep-0000000001
11:45:11.092 [main] DEBUG org.apache.hc.client5.http.impl.classic.ConnectExec -- ex-0000000001 opening connection {s}->https://googlechromelabs.github.io:443
11:45:11.093 [main] DEBUG org.apache.hc.client5.http.impl.classic.InternalHttpClient -- ep-0000000001 connecting endpoint (null)
11:45:11.098 [main] DEBUG org.apache.hc.client5.http.impl.io.PoolingHttpClientConnectionManager -- ep-0000000001 connecting endpoint to https://googlechromelabs.github.io:443 (30 SECONDS)
11:45:11.098 [main] DEBUG org.apache.hc.client5.http.impl.io.DefaultHttpClientConnectionOperator -- googlechromelabs.github.io resolving remote address
11:45:11.130 [main] DEBUG org.apache.hc.client5.http.impl.io.DefaultHttpClientConnectionOperator -- googlechromelabs.github.io resolved to [googlechromelabs.github.io/185.199.111.153, googlechromelabs.github.io/185.199.109.153, googlechromelabs.github.io/185.199.110.153, googlechromelabs.github.io/185.199.108.153, googlechromelabs.github.io/2606:50c0:8000:0:0:0:0:153, googlechromelabs.github.io/2606:50c0:8001:0:0:0:0:153, googlechromelabs.github.io/2606:50c0:8002:0:0:0:0:153, googlechromelabs.github.io/2606:50c0:8003:0:0:0:0:153]
11:45:11.136 [main] DEBUG org.apache.hc.client5.http.impl.io.DefaultHttpClientConnectionOperator -- googlechromelabs.github.io:443 connecting null->googlechromelabs.github.io/185.199.111.153:443 (30 SECONDS)
11:45:11.136 [main] DEBUG org.apache.hc.client5.http.ssl.SSLConnectionSocketFactory -- Connecting socket to googlechromelabs.github.io/185.199.111.153:443 with timeout 30 SECONDS
11:45:41.148 [main] DEBUG org.apache.hc.client5.http.impl.io.DefaultHttpClientConnectionOperator -- googlechromelabs.github.io:443 connection to googlechromelabs.github.io/185.199.111.153:443 failed (class java.net.SocketTimeoutException); retrying connection to the next address
11:45:41.151 [main] DEBUG org.apache.hc.client5.http.impl.io.DefaultHttpClientConnectionOperator -- googlechromelabs.github.io:443 connecting null->googlechromelabs.github.io/185.199.109.153:443 (30 SECONDS)
11:45:41.152 [main] DEBUG org.apache.hc.client5.http.ssl.SSLConnectionSocketFactory -- Connecting socket to googlechromelabs.github.io/185.199.109.153:443 with timeout 30 SECONDS
11:45:41.394 [main] DEBUG org.apache.hc.client5.http.ssl.SSLConnectionSocketFactory -- Enabled protocols: [TLSv1.3, TLSv1.2]
11:45:41.394 [main] DEBUG org.apache.hc.client5.http.ssl.SSLConnectionSocketFactory -- Enabled cipher suites: [TLS_AES_256_GCM_SHA384, TLS_AES_128_GCM_SHA256, TLS_CHACHA20_POLY1305_SHA256, TLS_ECDHE_ECDSA_WITH_AES_256_GCM_SHA384, TLS_ECDHE_ECDSA_WITH_AES_128_GCM_SHA256, TLS_ECDHE_ECDSA_WITH_CHACHA20_POLY1305_SHA256, TLS_ECDHE_RSA_WITH_AES_256_GCM_SHA384, TLS_ECDHE_RSA_WITH_CHACHA20_POLY1305_SHA256, TLS_ECDHE_RSA_WITH_AES_128_GCM_SHA256, TLS_DHE_RSA_WITH_AES_256_GCM_SHA384, TLS_DHE_RSA_WITH_CHACHA20_POLY1305_SHA256, TLS_DHE_DSS_WITH_AES_256_GCM_SHA384, TLS_DHE_RSA_WITH_AES_128_GCM_SHA256, TLS_DHE_DSS_WITH_AES_128_GCM_SHA256, TLS_ECDHE_ECDSA_WITH_AES_256_CBC_SHA384, TLS_ECDHE_RSA_WITH_AES_256_CBC_SHA384, TLS_ECDHE_ECDSA_WITH_AES_128_CBC_SHA256, TLS_ECDHE_RSA_WITH_AES_128_CBC_SHA256, TLS_DHE_RSA_WITH_AES_256_CBC_SHA256, TLS_DHE_DSS_WITH_AES_256_CBC_SHA256, TLS_DHE_RSA_WITH_AES_128_CBC_SHA256, TLS_DHE_DSS_WITH_AES_128_CBC_SHA256, TLS_ECDH_ECDSA_WITH_AES_256_GCM_SHA384, TLS_ECDH_RSA_WITH_AES_256_GCM_SHA384, TLS_ECDH_ECDSA_WITH_AES_128_GCM_SHA256, TLS_ECDH_RSA_WITH_AES_128_GCM_SHA256, TLS_ECDH_ECDSA_WITH_AES_256_CBC_SHA384, TLS_ECDH_RSA_WITH_AES_256_CBC_SHA384, TLS_ECDH_ECDSA_WITH_AES_128_CBC_SHA256, TLS_ECDH_RSA_WITH_AES_128_CBC_SHA256, TLS_ECDHE_ECDSA_WITH_AES_256_CBC_SHA, TLS_ECDHE_RSA_WITH_AES_256_CBC_SHA, TLS_ECDHE_ECDSA_WITH_AES_128_CBC_SHA, TLS_ECDHE_RSA_WITH_AES_128_CBC_SHA, TLS_DHE_RSA_WITH_AES_256_CBC_SHA, TLS_DHE_DSS_WITH_AES_256_CBC_SHA, TLS_DHE_RSA_WITH_AES_128_CBC_SHA, TLS_DHE_DSS_WITH_AES_128_CBC_SHA, TLS_ECDH_ECDSA_WITH_AES_256_CBC_SHA, TLS_ECDH_RSA_WITH_AES_256_CBC_SHA, TLS_ECDH_ECDSA_WITH_AES_128_CBC_SHA, TLS_ECDH_RSA_WITH_AES_128_CBC_SHA, TLS_RSA_WITH_AES_256_GCM_SHA384, TLS_RSA_WITH_AES_128_GCM_SHA256, TLS_RSA_WITH_AES_256_CBC_SHA256, TLS_RSA_WITH_AES_128_CBC_SHA256, TLS_RSA_WITH_AES_256_CBC_SHA, TLS_RSA_WITH_AES_128_CBC_SHA, TLS_EMPTY_RENEGOTIATION_INFO_SCSV]
11:45:41.395 [main] DEBUG org.apache.hc.client5.http.ssl.SSLConnectionSocketFactory -- Starting handshake (null)
11:45:41.616 [main] DEBUG org.apache.hc.client5.http.ssl.SSLConnectionSocketFactory -- Secure session established
11:45:41.616 [main] DEBUG org.apache.hc.client5.http.ssl.SSLConnectionSocketFactory --  negotiated protocol: TLSv1.3
11:45:41.617 [main] DEBUG org.apache.hc.client5.http.ssl.SSLConnectionSocketFactory --  negotiated cipher suite: TLS_AES_128_GCM_SHA256
11:45:41.617 [main] DEBUG org.apache.hc.client5.http.ssl.SSLConnectionSocketFactory --  peer principal: CN=*.github.io, O="GitHub, Inc.", L=San Francisco, ST=California, C=US
11:45:41.618 [main] DEBUG org.apache.hc.client5.http.ssl.SSLConnectionSocketFactory --  peer alternative names: [*.github.io, github.io, *.github.com, github.com, www.github.com, *.githubusercontent.com, githubusercontent.com]
11:45:41.618 [main] DEBUG org.apache.hc.client5.http.ssl.SSLConnectionSocketFactory --  issuer principal: CN=DigiCert TLS RSA SHA256 2020 CA1, O=DigiCert Inc, C=US
11:45:41.618 [main] DEBUG org.apache.hc.client5.http.impl.io.DefaultManagedHttpClientConnection -- http-outgoing-0 set socket timeout to 3 MINUTES
11:45:41.618 [main] DEBUG org.apache.hc.client5.http.impl.io.DefaultHttpClientConnectionOperator -- googlechromelabs.github.io:443 connected null->googlechromelabs.github.io/185.199.109.153:443 as http-outgoing-0
11:45:41.618 [main] DEBUG org.apache.hc.client5.http.impl.io.PoolingHttpClientConnectionManager -- ep-0000000001 connected http-outgoing-0
11:45:41.618 [main] DEBUG org.apache.hc.client5.http.impl.classic.InternalHttpClient -- ep-0000000001 endpoint connected
11:45:41.619 [main] DEBUG org.apache.hc.client5.http.impl.classic.MainClientExec -- ex-0000000001 executing GET /chrome-for-testing/last-known-good-versions-with-downloads.json HTTP/1.1
11:45:41.619 [main] DEBUG org.apache.hc.client5.http.protocol.RequestAddCookies -- ex-0000000001 Cookie spec selected: strict
11:45:41.622 [main] DEBUG org.apache.hc.client5.http.impl.classic.InternalHttpClient -- ep-0000000001 start execution ex-0000000001
11:45:41.622 [main] DEBUG org.apache.hc.client5.http.impl.io.PoolingHttpClientConnectionManager -- ep-0000000001 executing exchange ex-0000000001 over http-outgoing-0
11:45:41.622 [main] DEBUG org.apache.hc.client5.http.headers -- http-outgoing-0 >> GET /chrome-for-testing/last-known-good-versions-with-downloads.json HTTP/1.1
11:45:41.623 [main] DEBUG org.apache.hc.client5.http.headers -- http-outgoing-0 >> user-agent: Apache-HttpClient/5.0
11:45:41.623 [main] DEBUG org.apache.hc.client5.http.headers -- http-outgoing-0 >> accept-encoding: gzip, deflate, br
11:45:41.623 [main] DEBUG org.apache.hc.client5.http.headers -- http-outgoing-0 >> cache-control: max-age=0
11:45:41.623 [main] DEBUG org.apache.hc.client5.http.headers -- http-outgoing-0 >> connection: keep-alive
11:45:41.623 [main] DEBUG org.apache.hc.client5.http.headers -- http-outgoing-0 >> Host: googlechromelabs.github.io
11:45:41.623 [main] DEBUG org.apache.hc.client5.http.wire -- http-outgoing-0 >> "GET /chrome-for-testing/last-known-good-versions-with-downloads.json HTTP/1.1[\r][\n]"
11:45:41.623 [main] DEBUG org.apache.hc.client5.http.wire -- http-outgoing-0 >> "user-agent: Apache-HttpClient/5.0[\r][\n]"
11:45:41.623 [main] DEBUG org.apache.hc.client5.http.wire -- http-outgoing-0 >> "accept-encoding: gzip, deflate, br[\r][\n]"
11:45:41.623 [main] DEBUG org.apache.hc.client5.http.wire -- http-outgoing-0 >> "cache-control: max-age=0[\r][\n]"
11:45:41.623 [main] DEBUG org.apache.hc.client5.http.wire -- http-outgoing-0 >> "connection: keep-alive[\r][\n]"
11:45:41.623 [main] DEBUG org.apache.hc.client5.http.wire -- http-outgoing-0 >> "Host: googlechromelabs.github.io[\r][\n]"
11:45:41.623 [main] DEBUG org.apache.hc.client5.http.wire -- http-outgoing-0 >> "[\r][\n]"
11:45:41.794 [main] DEBUG org.apache.hc.client5.http.wire -- http-outgoing-0 << "HTTP/1.1 200 OK[\r][\n]"
11:45:41.795 [main] DEBUG org.apache.hc.client5.http.wire -- http-outgoing-0 << "Connection: keep-alive[\r][\n]"
11:45:41.795 [main] DEBUG org.apache.hc.client5.http.wire -- http-outgoing-0 << "Content-Length: 640[\r][\n]"
11:45:41.795 [main] DEBUG org.apache.hc.client5.http.wire -- http-outgoing-0 << "Server: GitHub.com[\r][\n]"
11:45:41.795 [main] DEBUG org.apache.hc.client5.http.wire -- http-outgoing-0 << "Content-Type: application/json; charset=utf-8[\r][\n]"
11:45:41.795 [main] DEBUG org.apache.hc.client5.http.wire -- http-outgoing-0 << "permissions-policy: interest-cohort=()[\r][\n]"
11:45:41.795 [main] DEBUG org.apache.hc.client5.http.wire -- http-outgoing-0 << "x-origin-cache: HIT[\r][\n]"
11:45:41.795 [main] DEBUG org.apache.hc.client5.http.wire -- http-outgoing-0 << "Last-Modified: Mon, 12 Feb 2024 04:09:36 GMT[\r][\n]"
11:45:41.795 [main] DEBUG org.apache.hc.client5.http.wire -- http-outgoing-0 << "Access-Control-Allow-Origin: *[\r][\n]"
11:45:41.796 [main] DEBUG org.apache.hc.client5.http.wire -- http-outgoing-0 << "Strict-Transport-Security: max-age=31556952[\r][\n]"
11:45:41.796 [main] DEBUG org.apache.hc.client5.http.wire -- http-outgoing-0 << "ETag: W/"65c99a00-229c"[\r][\n]"
11:45:41.796 [main] DEBUG org.apache.hc.client5.http.wire -- http-outgoing-0 << "expires: Mon, 12 Feb 2024 04:21:25 GMT[\r][\n]"
11:45:41.796 [main] DEBUG org.apache.hc.client5.http.wire -- http-outgoing-0 << "Cache-Control: max-age=600[\r][\n]"
11:45:41.796 [main] DEBUG org.apache.hc.client5.http.wire -- http-outgoing-0 << "Content-Encoding: gzip[\r][\n]"
11:45:41.796 [main] DEBUG org.apache.hc.client5.http.wire -- http-outgoing-0 << "x-proxy-cache: HIT[\r][\n]"
11:45:41.796 [main] DEBUG org.apache.hc.client5.http.wire -- http-outgoing-0 << "X-GitHub-Request-Id: 7E68:202855:5C382C1:5E35C94:65C99AB6[\r][\n]"
11:45:41.796 [main] DEBUG org.apache.hc.client5.http.wire -- http-outgoing-0 << "Accept-Ranges: bytes[\r][\n]"
11:45:41.796 [main] DEBUG org.apache.hc.client5.http.wire -- http-outgoing-0 << "Date: Mon, 12 Feb 2024 04:45:41 GMT[\r][\n]"
11:45:41.797 [main] DEBUG org.apache.hc.client5.http.wire -- http-outgoing-0 << "Via: 1.1 varnish[\r][\n]"
11:45:41.797 [main] DEBUG org.apache.hc.client5.http.wire -- http-outgoing-0 << "Age: 117[\r][\n]"
11:45:41.797 [main] DEBUG org.apache.hc.client5.http.wire -- http-outgoing-0 << "X-Served-By: cache-fra-eddf8230125-FRA[\r][\n]"
11:45:41.797 [main] DEBUG org.apache.hc.client5.http.wire -- http-outgoing-0 << "X-Cache: HIT[\r][\n]"
11:45:41.797 [main] DEBUG org.apache.hc.client5.http.wire -- http-outgoing-0 << "X-Cache-Hits: 3[\r][\n]"
11:45:41.797 [main] DEBUG org.apache.hc.client5.http.wire -- http-outgoing-0 << "X-Timer: S1707713142.778324,VS0,VE1[\r][\n]"
11:45:41.797 [main] DEBUG org.apache.hc.client5.http.wire -- http-outgoing-0 << "Vary: Accept-Encoding[\r][\n]"
11:45:41.797 [main] DEBUG org.apache.hc.client5.http.wire -- http-outgoing-0 << "X-Fastly-Request-ID: 919f5c6f4c03dafc59f2397f8facd6a0439d079e[\r][\n]"
11:45:41.797 [main] DEBUG org.apache.hc.client5.http.wire -- http-outgoing-0 << "[\r][\n]"
11:45:41.800 [main] DEBUG org.apache.hc.client5.http.headers -- http-outgoing-0 << HTTP/1.1 200 OK
11:45:41.800 [main] DEBUG org.apache.hc.client5.http.headers -- http-outgoing-0 << Connection: keep-alive
11:45:41.800 [main] DEBUG org.apache.hc.client5.http.headers -- http-outgoing-0 << Content-Length: 640
11:45:41.800 [main] DEBUG org.apache.hc.client5.http.headers -- http-outgoing-0 << Server: GitHub.com
11:45:41.800 [main] DEBUG org.apache.hc.client5.http.headers -- http-outgoing-0 << Content-Type: application/json; charset=utf-8
11:45:41.800 [main] DEBUG org.apache.hc.client5.http.headers -- http-outgoing-0 << permissions-policy: interest-cohort=()
11:45:41.800 [main] DEBUG org.apache.hc.client5.http.headers -- http-outgoing-0 << x-origin-cache: HIT
11:45:41.800 [main] DEBUG org.apache.hc.client5.http.headers -- http-outgoing-0 << Last-Modified: Mon, 12 Feb 2024 04:09:36 GMT
11:45:41.800 [main] DEBUG org.apache.hc.client5.http.headers -- http-outgoing-0 << Access-Control-Allow-Origin: *
11:45:41.800 [main] DEBUG org.apache.hc.client5.http.headers -- http-outgoing-0 << Strict-Transport-Security: max-age=31556952
11:45:41.800 [main] DEBUG org.apache.hc.client5.http.headers -- http-outgoing-0 << ETag: W/"65c99a00-229c"
11:45:41.801 [main] DEBUG org.apache.hc.client5.http.headers -- http-outgoing-0 << expires: Mon, 12 Feb 2024 04:21:25 GMT
11:45:41.801 [main] DEBUG org.apache.hc.client5.http.headers -- http-outgoing-0 << Cache-Control: max-age=600
11:45:41.801 [main] DEBUG org.apache.hc.client5.http.headers -- http-outgoing-0 << Content-Encoding: gzip
11:45:41.801 [main] DEBUG org.apache.hc.client5.http.headers -- http-outgoing-0 << x-proxy-cache: HIT
11:45:41.801 [main] DEBUG org.apache.hc.client5.http.headers -- http-outgoing-0 << X-GitHub-Request-Id: 7E68:202855:5C382C1:5E35C94:65C99AB6
11:45:41.801 [main] DEBUG org.apache.hc.client5.http.headers -- http-outgoing-0 << Accept-Ranges: bytes
11:45:41.801 [main] DEBUG org.apache.hc.client5.http.headers -- http-outgoing-0 << Date: Mon, 12 Feb 2024 04:45:41 GMT
11:45:41.801 [main] DEBUG org.apache.hc.client5.http.headers -- http-outgoing-0 << Via: 1.1 varnish
11:45:41.801 [main] DEBUG org.apache.hc.client5.http.headers -- http-outgoing-0 << Age: 117
11:45:41.801 [main] DEBUG org.apache.hc.client5.http.headers -- http-outgoing-0 << X-Served-By: cache-fra-eddf8230125-FRA
11:45:41.801 [main] DEBUG org.apache.hc.client5.http.headers -- http-outgoing-0 << X-Cache: HIT
11:45:41.801 [main] DEBUG org.apache.hc.client5.http.headers -- http-outgoing-0 << X-Cache-Hits: 3
11:45:41.801 [main] DEBUG org.apache.hc.client5.http.headers -- http-outgoing-0 << X-Timer: S1707713142.778324,VS0,VE1
11:45:41.801 [main] DEBUG org.apache.hc.client5.http.headers -- http-outgoing-0 << Vary: Accept-Encoding
11:45:41.801 [main] DEBUG org.apache.hc.client5.http.headers -- http-outgoing-0 << X-Fastly-Request-ID: 919f5c6f4c03dafc59f2397f8facd6a0439d079e
11:45:41.805 [main] DEBUG org.apache.hc.client5.http.impl.classic.MainClientExec -- ex-0000000001 connection can be kept alive for 3 MINUTES
11:45:41.810 [main] DEBUG org.apache.hc.client5.http.wire -- http-outgoing-0 << "[0x1f][0xffffff8b][0x8][0x0][0x0][0x0][0x0][0x0][0x0][0x3][0xffffffcd][0xffffff96][0xffffffcb][0xffffff8e][0xffffff9b]0[0x14][0xffffff86][0xfffffff7]}[0xc][0xffffffaf][0xffffffc1]`[0x8][0xffffffe4][0xffffffb2][0xffffff9c][0xffffff99]7hWSu[0xffffffe1][0x6]7A2[0x10][0xffffff81]'[0xffffffd3]N[0xffffffc4][0xffffffbb][0xffffffd7][0x10][0xffffffc3]p[0xffffffb1][0xffffff99]U|[0xffffff90]"%[0x1c][0xffffff9c]s~[0xffffffd0][0xffffffa7][0xffffffa3][0xffffffef][0xffffff86]D[0xffffff9a][0xffffffb1]J[0xffffffd0][0xffffffec][0xffffff82][0xe]([0xfffffff0][0xffffff83][0xffffff8d][0xffffffeb][0x7].!?[0x2]r[0xfffffff0][0xfffffff7][0xfffffff2][0xffffff83]}B^[0xffffff91][0xffffff83][0xffffff8e]g[0xffffff9a][0xffffffe7][0xffffff8c]W[0xffffffe8]pC[0xffffffdf][0x5][0xfffffffd][0xffffffcd]Y[0xfffffff3]KU[0xffffffe5]_U[0xffffffcd]AWVVi[0xffffff91][0xffffffcb][0x12][0x9][0x8][0xfffffff6]qL[0xffffffe2]-[0xffffffde]E[0xfffffff2]N[0xffffffc9][0xffffffae]i[0x7f]+[0xc][0xffffff89][0xffffffbf][0xffffff95][0xffffffc5][0xffffffa4]x[0xffffffcf]yA[0xffffff93][0xffffffea][0xffffffde][0xffffffae],2[0xffffffd9][0xfffffff8][0xffffffe7][\r]]8[0x15][0x7f][0xffffff8a]2[0xffffff93][0xffffff87]y[0xffffff9a][0xffffffbf][0xfffffffd][0xffffff8d]7[0xfffffff2][0xfffffff0][[0xffffffd9][0xffffff8c]:[0xb]q[0xffffffa9][0xe][0xffffff9e][0xffffffc7][0xffffff92][0x13]K8[0xffffffce][0x18]>][0x5][0xffffffc1][0xffffffc7]"S%[0xffffffef][0xffffffde]G}[0xffffffb9][0xffffffb2][0xffffff8d]+[0xffffffe4]3[0xffffffa6][0xfffffff9][0xffffffc9][0x1b]e[0xfffffff2]T[0xffffffe7][0xffffffee][0xffffffa0][0xffffffba][0xffffffc4][0x1f][0xffffffe9][0x5][0xffffffd5][0xffffffce](CF[0xffffff8f].-[0xffffffb3][0xffffff87][0xffffffa4][0xffffffe8]{wG[0xfffffffb][0xffffff82])[0xffffffc9]c[0xffffffde][0xffffff86][0xffffffea]<Lax[0x1b][0xffffffef]i[0x1e][0x6][0xf]H[0xffffffd0][0xfffffff6][0xffffffed][0xffffff8e][0xffffffb5][0x17][0xffffff86][0xffffffe9][0xf]y[0xfffffffe][0xffffffb6][0xffffffef]`z[0xfffffff7][0xffffffec][0xffffffbf][0x1c][0x5]fR[0xffffffa6][0xffffff92]n(<[0xffffffef][0xffffffd3][0xffffffd7][0x2][0xffffffa9]J[0xffffffb3][\n]"
11:45:41.810 [main] DEBUG org.apache.hc.client5.http.wire -- http-outgoing-0 << "T[0x7]Y[0x0][0xffffff81]U)@[0xffffffb1][0xfffffffd][0xffffffcc]0[0xffffff83][0xffffffd7]=3[0xffffff9a]pVUnuf[0xffffff9c]CQ<[0xffffff89][0xffffffb1][0x16][0xffffff9c][0xffffffa7][0xffffffb1]V[0xffffffc1][0xffffffb5].[0x14] [0xffffffe0][0xffffffd3]8[0xffffffa0][0xffffffa4]k[0xffffffc2][0xfffffff4][0xffffffc8][0xffffffd7][0xffffffb5][0xffffff83][0xffffff9e][0xffffff98][0xffffffa0]cCi+c?[0x9][0xffffff9a][0xffffffe6]ALp[0xffffffb0][0xffffff9f][0xfffffffa]I[0xffffffe4]G;[0x1f][0xffffffc2]O[0x6][0xffffff99][0x0][0xfffffffd]d[0xffffff98][0x2][0xffffffd2]O[0xffffffa6]9[0xffffffec][0xfffffffb][0xffffffc9]0[0xffffff81]}?[0xffffff99]L[0xffffff87][0xfffffff7][0x13]3[0xffffff9e][0xfffffff6][0xfffffffd]d[0x9]R[0xfffffffb]~bF[0xffffffd5][0xffffffae][0xffffff9f][0xffffff98][0xffffff80][0xffffffb5][0xffffffe9]'&l[0xffffffd7][0xffffffe2]'[0xb]K[0x16][0xffffffce]O[0x16]w.[0xffffff9c][0xffffff9f],[0xffffffac]`[0x18]?1nd[0x8]?1.[0xffffffe8]/[0xfffffffc][0xffffffe4][0xffffff85]][0xffffffc7]z[0xffffffd2][0x14][0xffffffc6]v[0x12][0xffffffb6][0xffffffad]w1[0xfffffff6]gr[0xffffffb2]%[0xffffff9b][0x10]BN>#[0x1][0xffffffba][0xffffffc9] [0x4][0xffffffa4][0xffffff9a]Lb[0xffffffd8]7[0xffffff93]A[0x0][0xfffffffb]b2[0x1e][0xe][0xffffffef]%F2[0xffffffed]k[0xffffffc9][0x2][0xffffff9f][0xfffffff6][0xffffffad][0xffffffc4]H[0xffffffa9]])1[0xffffffb0]j[0xffffffd3]I[0xc][0xffffffc4][0xffffffae]EI[0xffffffcc][0xffffffab][0x15][0xffffffce]H[0xffffff96]6-[0xffffff9c][0xffffff90][0xffffff98][0x17]/[0xffffff8c][0xffffff8f][0xffffff98][0xfffffff6]0[0xffffff84][0xffffff8e][0xffffff98][0xffffffd6][0xfffffff2][0x17]6[0xfffffff2]LsZ[0xfffffffe][0x1b][0xb][0xffffff89][0xffffffaa][0xffffffe9][0xffffff9c]d[0x1f]i[0xffffff9c]d[0xffffffb7][0xffffff8f][0x8][0xffffff9c][0xffffff93]4[0xffffff91][0xffffffc0][0xffffff9d][0xffffffa4][\r][0x1][0xffffffef]$}[0xc]('i[0x3]@9I7|-N[0xffffffa2]![0x13][0xffffffca]I[0xffffffb4]|B9[0xffffff89][0xffffff86]R[0x8]'[0xffffff99][0xffffffb1]j[0xffffffdf]If[0xffffffc4][0xffffffae][0xffffffcb]It[0xffffffab][0x15][0xffffffda]I[0xfffffff4][0xffffff9b][0x16][0xffffffda]It[0xffffff8b][0x17][0xffffffd2]I[0xffffffe6]{[0x18][0xffffffce]I[0xffffffe6]ky[0xffffffd1]I[0xffffffea][0xfffffffa][0xffffffdb][0x7f][0xffffffd5][0xffffffa2][0xffffff9a]W[0xffffff9c]"[0x0][0x0]"
11:45:41.842 [main] DEBUG org.apache.hc.client5.http.impl.classic.InternalHttpClient -- ep-0000000001 releasing valid endpoint
11:45:41.842 [main] DEBUG org.apache.hc.client5.http.impl.io.PoolingHttpClientConnectionManager -- ep-0000000001 releasing endpoint
11:45:41.843 [main] DEBUG org.apache.hc.client5.http.impl.io.PoolingHttpClientConnectionManager -- ep-0000000001 connection http-outgoing-0 can be kept alive for 3 MINUTES
11:45:41.843 [main] DEBUG org.apache.hc.client5.http.impl.io.PoolingHttpClientConnectionManager -- ep-0000000001 connection released [route: {s}->https://googlechromelabs.github.io:443][total available: 1; route allocated: 1 of 5; total allocated: 1 of 25]
11:45:41.844 [main] DEBUG io.github.bonigarcia.wdm.WebDriverManager -- Driver to be downloaded chromedriver 121.0.6167.139
11:45:41.846 [main] DEBUG io.github.bonigarcia.wdm.WebDriverManager -- Using URL built from repository pattern: https://edgedl.me.gvt1.com/edgedl/chrome/chrome-for-testing/121.0.6167.139/mac-arm64/chromedriver-mac-arm64.zip
11:45:41.848 [main] INFO io.github.bonigarcia.wdm.online.Downloader -- Downloading https://edgedl.me.gvt1.com/edgedl/chrome/chrome-for-testing/121.0.6167.139/mac-arm64/chromedriver-mac-arm64.zip
11:45:41.849 [main] DEBUG org.apache.hc.client5.http.impl.classic.InternalHttpClient -- ex-0000000002 preparing request execution
11:45:41.849 [main] DEBUG org.apache.hc.client5.http.impl.classic.ProtocolExec -- ex-0000000002 target auth state: UNCHALLENGED
11:45:41.849 [main] DEBUG org.apache.hc.client5.http.impl.classic.ProtocolExec -- ex-0000000002 proxy auth state: UNCHALLENGED
11:45:41.850 [main] DEBUG org.apache.hc.client5.http.impl.classic.ConnectExec -- ex-0000000002 acquiring connection with route {s}->https://edgedl.me.gvt1.com:443
11:45:41.850 [main] DEBUG org.apache.hc.client5.http.impl.classic.InternalHttpClient -- ex-0000000002 acquiring endpoint (3 MINUTES)
11:45:41.850 [main] DEBUG org.apache.hc.client5.http.impl.io.PoolingHttpClientConnectionManager -- ex-0000000002 endpoint lease request (3 MINUTES) [route: {s}->https://edgedl.me.gvt1.com:443][total available: 1; route allocated: 0 of 5; total allocated: 1 of 25]
11:45:41.850 [main] DEBUG org.apache.hc.client5.http.impl.io.PoolingHttpClientConnectionManager -- ex-0000000002 endpoint leased [route: {s}->https://edgedl.me.gvt1.com:443][total available: 1; route allocated: 1 of 5; total allocated: 2 of 25]
11:45:41.850 [main] DEBUG org.apache.hc.client5.http.impl.io.PoolingHttpClientConnectionManager -- ex-0000000002 acquired ep-0000000002
11:45:41.850 [main] DEBUG org.apache.hc.client5.http.impl.classic.InternalHttpClient -- ex-0000000002 acquired endpoint ep-0000000002
11:45:41.851 [main] DEBUG org.apache.hc.client5.http.impl.classic.ConnectExec -- ex-0000000002 opening connection {s}->https://edgedl.me.gvt1.com:443
11:45:41.851 [main] DEBUG org.apache.hc.client5.http.impl.classic.InternalHttpClient -- ep-0000000002 connecting endpoint (null)
11:45:41.851 [main] DEBUG org.apache.hc.client5.http.impl.io.PoolingHttpClientConnectionManager -- ep-0000000002 connecting endpoint to https://edgedl.me.gvt1.com:443 (30 SECONDS)
11:45:41.851 [main] DEBUG org.apache.hc.client5.http.impl.io.DefaultHttpClientConnectionOperator -- edgedl.me.gvt1.com resolving remote address
11:45:41.874 [main] DEBUG org.apache.hc.client5.http.impl.io.DefaultHttpClientConnectionOperator -- edgedl.me.gvt1.com resolved to [edgedl.me.gvt1.com/34.104.35.123, edgedl.me.gvt1.com/2600:1900:4110:86f:0:0:0:0]
11:45:41.875 [main] DEBUG org.apache.hc.client5.http.impl.io.DefaultHttpClientConnectionOperator -- edgedl.me.gvt1.com:443 connecting null->edgedl.me.gvt1.com/34.104.35.123:443 (30 SECONDS)
11:45:41.875 [main] DEBUG org.apache.hc.client5.http.ssl.SSLConnectionSocketFactory -- Connecting socket to edgedl.me.gvt1.com/34.104.35.123:443 with timeout 30 SECONDS
11:45:41.895 [main] DEBUG org.apache.hc.client5.http.ssl.SSLConnectionSocketFactory -- Enabled protocols: [TLSv1.3, TLSv1.2]
11:45:41.895 [main] DEBUG org.apache.hc.client5.http.ssl.SSLConnectionSocketFactory -- Enabled cipher suites: [TLS_AES_256_GCM_SHA384, TLS_AES_128_GCM_SHA256, TLS_CHACHA20_POLY1305_SHA256, TLS_ECDHE_ECDSA_WITH_AES_256_GCM_SHA384, TLS_ECDHE_ECDSA_WITH_AES_128_GCM_SHA256, TLS_ECDHE_ECDSA_WITH_CHACHA20_POLY1305_SHA256, TLS_ECDHE_RSA_WITH_AES_256_GCM_SHA384, TLS_ECDHE_RSA_WITH_CHACHA20_POLY1305_SHA256, TLS_ECDHE_RSA_WITH_AES_128_GCM_SHA256, TLS_DHE_RSA_WITH_AES_256_GCM_SHA384, TLS_DHE_RSA_WITH_CHACHA20_POLY1305_SHA256, TLS_DHE_DSS_WITH_AES_256_GCM_SHA384, TLS_DHE_RSA_WITH_AES_128_GCM_SHA256, TLS_DHE_DSS_WITH_AES_128_GCM_SHA256, TLS_ECDHE_ECDSA_WITH_AES_256_CBC_SHA384, TLS_ECDHE_RSA_WITH_AES_256_CBC_SHA384, TLS_ECDHE_ECDSA_WITH_AES_128_CBC_SHA256, TLS_ECDHE_RSA_WITH_AES_128_CBC_SHA256, TLS_DHE_RSA_WITH_AES_256_CBC_SHA256, TLS_DHE_DSS_WITH_AES_256_CBC_SHA256, TLS_DHE_RSA_WITH_AES_128_CBC_SHA256, TLS_DHE_DSS_WITH_AES_128_CBC_SHA256, TLS_ECDH_ECDSA_WITH_AES_256_GCM_SHA384, TLS_ECDH_RSA_WITH_AES_256_GCM_SHA384, TLS_ECDH_ECDSA_WITH_AES_128_GCM_SHA256, TLS_ECDH_RSA_WITH_AES_128_GCM_SHA256, TLS_ECDH_ECDSA_WITH_AES_256_CBC_SHA384, TLS_ECDH_RSA_WITH_AES_256_CBC_SHA384, TLS_ECDH_ECDSA_WITH_AES_128_CBC_SHA256, TLS_ECDH_RSA_WITH_AES_128_CBC_SHA256, TLS_ECDHE_ECDSA_WITH_AES_256_CBC_SHA, TLS_ECDHE_RSA_WITH_AES_256_CBC_SHA, TLS_ECDHE_ECDSA_WITH_AES_128_CBC_SHA, TLS_ECDHE_RSA_WITH_AES_128_CBC_SHA, TLS_DHE_RSA_WITH_AES_256_CBC_SHA, TLS_DHE_DSS_WITH_AES_256_CBC_SHA, TLS_DHE_RSA_WITH_AES_128_CBC_SHA, TLS_DHE_DSS_WITH_AES_128_CBC_SHA, TLS_ECDH_ECDSA_WITH_AES_256_CBC_SHA, TLS_ECDH_RSA_WITH_AES_256_CBC_SHA, TLS_ECDH_ECDSA_WITH_AES_128_CBC_SHA, TLS_ECDH_RSA_WITH_AES_128_CBC_SHA, TLS_RSA_WITH_AES_256_GCM_SHA384, TLS_RSA_WITH_AES_128_GCM_SHA256, TLS_RSA_WITH_AES_256_CBC_SHA256, TLS_RSA_WITH_AES_128_CBC_SHA256, TLS_RSA_WITH_AES_256_CBC_SHA, TLS_RSA_WITH_AES_128_CBC_SHA, TLS_EMPTY_RENEGOTIATION_INFO_SCSV]
11:45:41.895 [main] DEBUG org.apache.hc.client5.http.ssl.SSLConnectionSocketFactory -- Starting handshake (null)
11:45:41.932 [main] DEBUG org.apache.hc.client5.http.ssl.SSLConnectionSocketFactory -- Secure session established
11:45:41.932 [main] DEBUG org.apache.hc.client5.http.ssl.SSLConnectionSocketFactory --  negotiated protocol: TLSv1.3
11:45:41.932 [main] DEBUG org.apache.hc.client5.http.ssl.SSLConnectionSocketFactory --  negotiated cipher suite: TLS_AES_256_GCM_SHA384
11:45:41.932 [main] DEBUG org.apache.hc.client5.http.ssl.SSLConnectionSocketFactory --  peer principal: CN=edgedl.me.gvt1.com
11:45:41.933 [main] DEBUG org.apache.hc.client5.http.ssl.SSLConnectionSocketFactory --  peer alternative names: [edgedl.me.gvt1.com]
11:45:41.933 [main] DEBUG org.apache.hc.client5.http.ssl.SSLConnectionSocketFactory --  issuer principal: CN=GTS CA 1D4, O=Google Trust Services LLC, C=US
11:45:41.933 [main] DEBUG org.apache.hc.client5.http.impl.io.DefaultManagedHttpClientConnection -- http-outgoing-1 set socket timeout to 3 MINUTES
11:45:41.933 [main] DEBUG org.apache.hc.client5.http.impl.io.DefaultHttpClientConnectionOperator -- edgedl.me.gvt1.com:443 connected null->edgedl.me.gvt1.com/34.104.35.123:443 as http-outgoing-1
11:45:41.933 [main] DEBUG org.apache.hc.client5.http.impl.io.PoolingHttpClientConnectionManager -- ep-0000000002 connected http-outgoing-1
11:45:41.933 [main] DEBUG org.apache.hc.client5.http.impl.classic.InternalHttpClient -- ep-0000000002 endpoint connected
11:45:41.933 [main] DEBUG org.apache.hc.client5.http.impl.classic.MainClientExec -- ex-0000000002 executing GET /edgedl/chrome/chrome-for-testing/121.0.6167.139/mac-arm64/chromedriver-mac-arm64.zip HTTP/1.1
11:45:41.933 [main] DEBUG org.apache.hc.client5.http.protocol.RequestAddCookies -- ex-0000000002 Cookie spec selected: strict
11:45:41.933 [main] DEBUG org.apache.hc.client5.http.impl.classic.InternalHttpClient -- ep-0000000002 start execution ex-0000000002
11:45:41.933 [main] DEBUG org.apache.hc.client5.http.impl.io.PoolingHttpClientConnectionManager -- ep-0000000002 executing exchange ex-0000000002 over http-outgoing-1
11:45:41.933 [main] DEBUG org.apache.hc.client5.http.headers -- http-outgoing-1 >> GET /edgedl/chrome/chrome-for-testing/121.0.6167.139/mac-arm64/chromedriver-mac-arm64.zip HTTP/1.1
11:45:41.933 [main] DEBUG org.apache.hc.client5.http.headers -- http-outgoing-1 >> user-agent: Apache-HttpClient/5.0
11:45:41.933 [main] DEBUG org.apache.hc.client5.http.headers -- http-outgoing-1 >> accept-encoding: gzip, deflate, br
11:45:41.933 [main] DEBUG org.apache.hc.client5.http.headers -- http-outgoing-1 >> cache-control: max-age=0
11:45:41.933 [main] DEBUG org.apache.hc.client5.http.headers -- http-outgoing-1 >> connection: keep-alive
11:45:41.933 [main] DEBUG org.apache.hc.client5.http.headers -- http-outgoing-1 >> Host: edgedl.me.gvt1.com
11:45:41.933 [main] DEBUG org.apache.hc.client5.http.wire -- http-outgoing-1 >> "GET /edgedl/chrome/chrome-for-testing/121.0.6167.139/mac-arm64/chromedriver-mac-arm64.zip HTTP/1.1[\r][\n]"
11:45:41.933 [main] DEBUG org.apache.hc.client5.http.wire -- http-outgoing-1 >> "user-agent: Apache-HttpClient/5.0[\r][\n]"
11:45:41.933 [main] DEBUG org.apache.hc.client5.http.wire -- http-outgoing-1 >> "accept-encoding: gzip, deflate, br[\r][\n]"
11:45:41.933 [main] DEBUG org.apache.hc.client5.http.wire -- http-outgoing-1 >> "cache-control: max-age=0[\r][\n]"
11:45:41.933 [main] DEBUG org.apache.hc.client5.http.wire -- http-outgoing-1 >> "connection: keep-alive[\r][\n]"
11:45:41.933 [main] DEBUG org.apache.hc.client5.http.wire -- http-outgoing-1 >> "Host: edgedl.me.gvt1.com[\r][\n]"
11:45:41.933 [main] DEBUG org.apache.hc.client5.http.wire -- http-outgoing-1 >> "[\r][\n]"
11:45:42.469 [main] DEBUG org.apache.hc.client5.http.wire -- http-outgoing-1 << "HTTP/1.1 404 Not Found[\r][\n]"
11:45:42.469 [main] DEBUG org.apache.hc.client5.http.wire -- http-outgoing-1 << "content-length: 1449[\r][\n]"
11:45:42.469 [main] DEBUG org.apache.hc.client5.http.wire -- http-outgoing-1 << "content-type: text/html; charset=utf-8[\r][\n]"
11:45:42.469 [main] DEBUG org.apache.hc.client5.http.wire -- http-outgoing-1 << "server: Google-Edge-Cache[\r][\n]"
11:45:42.469 [main] DEBUG org.apache.hc.client5.http.wire -- http-outgoing-1 << "x-content-type-options: nosniff[\r][\n]"
11:45:42.469 [main] DEBUG org.apache.hc.client5.http.wire -- http-outgoing-1 << "x-frame-options: SAMEORIGIN[\r][\n]"
11:45:42.469 [main] DEBUG org.apache.hc.client5.http.wire -- http-outgoing-1 << "x-xss-protection: 0[\r][\n]"
11:45:42.469 [main] DEBUG org.apache.hc.client5.http.wire -- http-outgoing-1 << "date: Mon, 12 Feb 2024 04:45:42 GMT[\r][\n]"
11:45:42.470 [main] DEBUG org.apache.hc.client5.http.wire -- http-outgoing-1 << "x-request-id: 51bf98da-89dc-4b9e-90db-8a7b4539a969[\r][\n]"
11:45:42.470 [main] DEBUG org.apache.hc.client5.http.wire -- http-outgoing-1 << "alt-svc: clear[\r][\n]"
11:45:42.470 [main] DEBUG org.apache.hc.client5.http.wire -- http-outgoing-1 << "coprocessor-response: download-server[\r][\n]"
11:45:42.470 [main] DEBUG org.apache.hc.client5.http.wire -- http-outgoing-1 << "[\r][\n]"
11:45:42.470 [main] DEBUG org.apache.hc.client5.http.wire -- http-outgoing-1 << "[\n]"
11:45:42.470 [main] DEBUG org.apache.hc.client5.http.wire -- http-outgoing-1 << "<!DOCTYPE html>[\n]"
11:45:42.470 [main] DEBUG org.apache.hc.client5.http.wire -- http-outgoing-1 << "<html lang=en>[\n]"
11:45:42.470 [main] DEBUG org.apache.hc.client5.http.wire -- http-outgoing-1 << "  <meta charset=utf-8>[\n]"
11:45:42.470 [main] DEBUG org.apache.hc.client5.http.wire -- http-outgoing-1 << "  <meta name=viewport content="initial-scale=1, minimum-scale=1, width=device-width">[\n]"
11:45:42.470 [main] DEBUG org.apache.hc.client5.http.wire -- http-outgoing-1 << "  <title>Error 404 (Not Found)!!1</title>[\n]"
11:45:42.470 [main] DEBUG org.apache.hc.client5.http.wire -- http-outgoing-1 << "  <style>[\n]"
11:45:42.470 [main] DEBUG org.apache.hc.client5.http.wire -- http-outgoing-1 << "    *{margin:0;padding:0}html,code{font:15px/22px arial,sans-serif}html{background:#fff;color:#222;padding:15px}body{margin:7% auto 0;max-width:390px;min-height:180px;padding:30px 0 15px}* > body{background:url(//www.google.com/images/errors/robot.png) 100% 5px no-repeat;padding-right:205px}p{margin:11px 0 22px;overflow:hidden}ins{color:#777;text-decoration:none}a img{border:0}@media screen and (max-width:772px){body{background:none;margin-top:0;max-width:none;padding-right:0}}#logo{background:url(//www.google.com/images/logos/errorpage/error_logo-150x54.png) no-repeat;margin-left:-5px}@media only screen and (min-resolution:192dpi){#logo{background:url(//www.google.com/images/logos/errorpage/error_logo-150x54-2x.png) no-repeat 0% 0%/100% 100%;-moz-border-image:url(//www.google.com/images/logos/errorpage/error_logo-150x54-2x.png) 0}}@media only screen and (-webkit-min-device-pixel-ratio:2){#logo{background:url(//www.google.com/images/logos/errorpage/error_logo-150x54-2x.png) no-repeat;-webkit-background-size:100% 100%}}#logo{display:inline-block;height:54px;width:150px}[\n]"
11:45:42.470 [main] DEBUG org.apache.hc.client5.http.wire -- http-outgoing-1 << "  </style>[\n]"
11:45:42.470 [main] DEBUG org.apache.hc.client5.http.wire -- http-outgoing-1 << "  <a href=//www.google.com/><span id=logo aria-label=Google></span></a>[\n]"
11:45:42.470 [main] DEBUG org.apache.hc.client5.http.wire -- http-outgoing-1 << "  <p><b>404.</b> <ins>That[0xffffffe2][0xffffff80][0xffffff99]s an error.</ins>[\n]"
11:45:42.470 [main] DEBUG org.apache.hc.client5.http.wire -- http-outgoing-1 << "  <p>  <ins>That[0xffffffe2][0xffffff80][0xffffff99]s all we know.</ins>[\n]"
11:45:42.470 [main] DEBUG org.apache.hc.client5.http.headers -- http-outgoing-1 << HTTP/1.1 404 Not Found
11:45:42.470 [main] DEBUG org.apache.hc.client5.http.headers -- http-outgoing-1 << content-length: 1449
11:45:42.470 [main] DEBUG org.apache.hc.client5.http.headers -- http-outgoing-1 << content-type: text/html; charset=utf-8
11:45:42.470 [main] DEBUG org.apache.hc.client5.http.headers -- http-outgoing-1 << server: Google-Edge-Cache
11:45:42.470 [main] DEBUG org.apache.hc.client5.http.headers -- http-outgoing-1 << x-content-type-options: nosniff
11:45:42.471 [main] DEBUG org.apache.hc.client5.http.headers -- http-outgoing-1 << x-frame-options: SAMEORIGIN
11:45:42.471 [main] DEBUG org.apache.hc.client5.http.headers -- http-outgoing-1 << x-xss-protection: 0
11:45:42.471 [main] DEBUG org.apache.hc.client5.http.headers -- http-outgoing-1 << date: Mon, 12 Feb 2024 04:45:42 GMT
11:45:42.471 [main] DEBUG org.apache.hc.client5.http.headers -- http-outgoing-1 << x-request-id: 51bf98da-89dc-4b9e-90db-8a7b4539a969
11:45:42.471 [main] DEBUG org.apache.hc.client5.http.headers -- http-outgoing-1 << alt-svc: clear
11:45:42.471 [main] DEBUG org.apache.hc.client5.http.headers -- http-outgoing-1 << coprocessor-response: download-server
11:45:42.471 [main] DEBUG org.apache.hc.client5.http.impl.classic.MainClientExec -- ex-0000000002 connection can be kept alive for 3 MINUTES
11:45:42.471 [main] ERROR io.github.bonigarcia.wdm.online.HttpClient -- Error HTTP 404 executing https://edgedl.me.gvt1.com/edgedl/chrome/chrome-for-testing/121.0.6167.139/mac-arm64/chromedriver-mac-arm64.zip
11:45:42.482 [main] INFO io.github.bonigarcia.wdm.cache.ResolutionCache -- Clearing WebDriverManager resolution cache
11:45:42.488 [main] WARN io.github.bonigarcia.wdm.WebDriverManager -- There was an error managing chromedriver 121.0.6167.139 (Error HTTP 404 executing https://edgedl.me.gvt1.com/edgedl/chrome/chrome-for-testing/121.0.6167.139/mac-arm64/chromedriver-mac-arm64.zip) ... trying again avoiding reading release from repository
11:45:42.491 [main] DEBUG org.apache.hc.client5.http.impl.classic.InternalHttpClient -- ex-0000000003 preparing request execution
11:45:42.491 [main] DEBUG org.apache.hc.client5.http.impl.classic.ProtocolExec -- ex-0000000003 target auth state: UNCHALLENGED
11:45:42.491 [main] DEBUG org.apache.hc.client5.http.impl.classic.ProtocolExec -- ex-0000000003 proxy auth state: UNCHALLENGED
11:45:42.491 [main] DEBUG org.apache.hc.client5.http.impl.classic.ConnectExec -- ex-0000000003 acquiring connection with route {s}->https://raw.githubusercontent.com:443
11:45:42.491 [main] DEBUG org.apache.hc.client5.http.impl.classic.InternalHttpClient -- ex-0000000003 acquiring endpoint (3 MINUTES)
11:45:42.491 [main] DEBUG org.apache.hc.client5.http.impl.io.PoolingHttpClientConnectionManager -- ex-0000000003 endpoint lease request (3 MINUTES) [route: {s}->https://raw.githubusercontent.com:443][total available: 1; route allocated: 0 of 5; total allocated: 2 of 25]
11:45:42.492 [main] DEBUG org.apache.hc.client5.http.impl.io.PoolingHttpClientConnectionManager -- ex-0000000003 endpoint leased [route: {s}->https://raw.githubusercontent.com:443][total available: 1; route allocated: 1 of 5; total allocated: 3 of 25]
11:45:42.492 [main] DEBUG org.apache.hc.client5.http.impl.io.PoolingHttpClientConnectionManager -- ex-0000000003 acquired ep-0000000003
11:45:42.492 [main] DEBUG org.apache.hc.client5.http.impl.classic.InternalHttpClient -- ex-0000000003 acquired endpoint ep-0000000003
11:45:42.492 [main] DEBUG org.apache.hc.client5.http.impl.classic.ConnectExec -- ex-0000000003 opening connection {s}->https://raw.githubusercontent.com:443
11:45:42.492 [main] DEBUG org.apache.hc.client5.http.impl.classic.InternalHttpClient -- ep-0000000003 connecting endpoint (null)
11:45:42.492 [main] DEBUG org.apache.hc.client5.http.impl.io.PoolingHttpClientConnectionManager -- ep-0000000003 connecting endpoint to https://raw.githubusercontent.com:443 (30 SECONDS)
11:45:42.492 [main] DEBUG org.apache.hc.client5.http.impl.io.DefaultHttpClientConnectionOperator -- raw.githubusercontent.com resolving remote address
11:45:42.493 [main] DEBUG org.apache.hc.client5.http.impl.io.DefaultHttpClientConnectionOperator -- raw.githubusercontent.com resolved to [raw.githubusercontent.com/185.199.110.133, raw.githubusercontent.com/185.199.109.133, raw.githubusercontent.com/185.199.108.133, raw.githubusercontent.com/185.199.111.133, raw.githubusercontent.com/2606:50c0:8002:0:0:0:0:154, raw.githubusercontent.com/2606:50c0:8001:0:0:0:0:154, raw.githubusercontent.com/2606:50c0:8000:0:0:0:0:154, raw.githubusercontent.com/2606:50c0:8003:0:0:0:0:154]
11:45:42.493 [main] DEBUG org.apache.hc.client5.http.impl.io.DefaultHttpClientConnectionOperator -- raw.githubusercontent.com:443 connecting null->raw.githubusercontent.com/185.199.110.133:443 (30 SECONDS)
11:45:42.493 [main] DEBUG org.apache.hc.client5.http.ssl.SSLConnectionSocketFactory -- Connecting socket to raw.githubusercontent.com/185.199.110.133:443 with timeout 30 SECONDS
11:45:42.667 [main] DEBUG org.apache.hc.client5.http.ssl.SSLConnectionSocketFactory -- Enabled protocols: [TLSv1.3, TLSv1.2]
11:45:42.667 [main] DEBUG org.apache.hc.client5.http.ssl.SSLConnectionSocketFactory -- Enabled cipher suites: [TLS_AES_256_GCM_SHA384, TLS_AES_128_GCM_SHA256, TLS_CHACHA20_POLY1305_SHA256, TLS_ECDHE_ECDSA_WITH_AES_256_GCM_SHA384, TLS_ECDHE_ECDSA_WITH_AES_128_GCM_SHA256, TLS_ECDHE_ECDSA_WITH_CHACHA20_POLY1305_SHA256, TLS_ECDHE_RSA_WITH_AES_256_GCM_SHA384, TLS_ECDHE_RSA_WITH_CHACHA20_POLY1305_SHA256, TLS_ECDHE_RSA_WITH_AES_128_GCM_SHA256, TLS_DHE_RSA_WITH_AES_256_GCM_SHA384, TLS_DHE_RSA_WITH_CHACHA20_POLY1305_SHA256, TLS_DHE_DSS_WITH_AES_256_GCM_SHA384, TLS_DHE_RSA_WITH_AES_128_GCM_SHA256, TLS_DHE_DSS_WITH_AES_128_GCM_SHA256, TLS_ECDHE_ECDSA_WITH_AES_256_CBC_SHA384, TLS_ECDHE_RSA_WITH_AES_256_CBC_SHA384, TLS_ECDHE_ECDSA_WITH_AES_128_CBC_SHA256, TLS_ECDHE_RSA_WITH_AES_128_CBC_SHA256, TLS_DHE_RSA_WITH_AES_256_CBC_SHA256, TLS_DHE_DSS_WITH_AES_256_CBC_SHA256, TLS_DHE_RSA_WITH_AES_128_CBC_SHA256, TLS_DHE_DSS_WITH_AES_128_CBC_SHA256, TLS_ECDH_ECDSA_WITH_AES_256_GCM_SHA384, TLS_ECDH_RSA_WITH_AES_256_GCM_SHA384, TLS_ECDH_ECDSA_WITH_AES_128_GCM_SHA256, TLS_ECDH_RSA_WITH_AES_128_GCM_SHA256, TLS_ECDH_ECDSA_WITH_AES_256_CBC_SHA384, TLS_ECDH_RSA_WITH_AES_256_CBC_SHA384, TLS_ECDH_ECDSA_WITH_AES_128_CBC_SHA256, TLS_ECDH_RSA_WITH_AES_128_CBC_SHA256, TLS_ECDHE_ECDSA_WITH_AES_256_CBC_SHA, TLS_ECDHE_RSA_WITH_AES_256_CBC_SHA, TLS_ECDHE_ECDSA_WITH_AES_128_CBC_SHA, TLS_ECDHE_RSA_WITH_AES_128_CBC_SHA, TLS_DHE_RSA_WITH_AES_256_CBC_SHA, TLS_DHE_DSS_WITH_AES_256_CBC_SHA, TLS_DHE_RSA_WITH_AES_128_CBC_SHA, TLS_DHE_DSS_WITH_AES_128_CBC_SHA, TLS_ECDH_ECDSA_WITH_AES_256_CBC_SHA, TLS_ECDH_RSA_WITH_AES_256_CBC_SHA, TLS_ECDH_ECDSA_WITH_AES_128_CBC_SHA, TLS_ECDH_RSA_WITH_AES_128_CBC_SHA, TLS_RSA_WITH_AES_256_GCM_SHA384, TLS_RSA_WITH_AES_128_GCM_SHA256, TLS_RSA_WITH_AES_256_CBC_SHA256, TLS_RSA_WITH_AES_128_CBC_SHA256, TLS_RSA_WITH_AES_256_CBC_SHA, TLS_RSA_WITH_AES_128_CBC_SHA, TLS_EMPTY_RENEGOTIATION_INFO_SCSV]
11:45:42.667 [main] DEBUG org.apache.hc.client5.http.ssl.SSLConnectionSocketFactory -- Starting handshake (null)
11:45:42.856 [main] DEBUG org.apache.hc.client5.http.ssl.SSLConnectionSocketFactory -- Secure session established
11:45:42.856 [main] DEBUG org.apache.hc.client5.http.ssl.SSLConnectionSocketFactory --  negotiated protocol: TLSv1.3
11:45:42.856 [main] DEBUG org.apache.hc.client5.http.ssl.SSLConnectionSocketFactory --  negotiated cipher suite: TLS_AES_128_GCM_SHA256
11:45:42.857 [main] DEBUG org.apache.hc.client5.http.ssl.SSLConnectionSocketFactory --  peer principal: CN=*.github.io, O="GitHub, Inc.", L=San Francisco, ST=California, C=US
11:45:42.857 [main] DEBUG org.apache.hc.client5.http.ssl.SSLConnectionSocketFactory --  peer alternative names: [*.github.io, github.io, *.github.com, github.com, www.github.com, *.githubusercontent.com, githubusercontent.com]
11:45:42.857 [main] DEBUG org.apache.hc.client5.http.ssl.SSLConnectionSocketFactory --  issuer principal: CN=DigiCert TLS RSA SHA256 2020 CA1, O=DigiCert Inc, C=US
11:45:42.857 [main] DEBUG org.apache.hc.client5.http.impl.io.DefaultManagedHttpClientConnection -- http-outgoing-2 set socket timeout to 3 MINUTES
11:45:42.857 [main] DEBUG org.apache.hc.client5.http.impl.io.DefaultHttpClientConnectionOperator -- raw.githubusercontent.com:443 connected null->raw.githubusercontent.com/185.199.110.133:443 as http-outgoing-2
11:45:42.857 [main] DEBUG org.apache.hc.client5.http.impl.io.PoolingHttpClientConnectionManager -- ep-0000000003 connected http-outgoing-2
11:45:42.857 [main] DEBUG org.apache.hc.client5.http.impl.classic.InternalHttpClient -- ep-0000000003 endpoint connected
11:45:42.857 [main] DEBUG org.apache.hc.client5.http.impl.classic.MainClientExec -- ex-0000000003 executing GET /bonigarcia/webdrivermanager/master/src/main/resources/commands.properties HTTP/1.1
11:45:42.857 [main] DEBUG org.apache.hc.client5.http.protocol.RequestAddCookies -- ex-0000000003 Cookie spec selected: strict
11:45:42.857 [main] DEBUG org.apache.hc.client5.http.impl.classic.InternalHttpClient -- ep-0000000003 start execution ex-0000000003
11:45:42.857 [main] DEBUG org.apache.hc.client5.http.impl.io.PoolingHttpClientConnectionManager -- ep-0000000003 executing exchange ex-0000000003 over http-outgoing-2
11:45:42.858 [main] DEBUG org.apache.hc.client5.http.headers -- http-outgoing-2 >> GET /bonigarcia/webdrivermanager/master/src/main/resources/commands.properties HTTP/1.1
11:45:42.858 [main] DEBUG org.apache.hc.client5.http.headers -- http-outgoing-2 >> user-agent: Apache-HttpClient/5.0
11:45:42.858 [main] DEBUG org.apache.hc.client5.http.headers -- http-outgoing-2 >> accept-encoding: gzip, deflate, br
11:45:42.858 [main] DEBUG org.apache.hc.client5.http.headers -- http-outgoing-2 >> cache-control: max-age=0
11:45:42.858 [main] DEBUG org.apache.hc.client5.http.headers -- http-outgoing-2 >> connection: keep-alive
11:45:42.858 [main] DEBUG org.apache.hc.client5.http.headers -- http-outgoing-2 >> Host: raw.githubusercontent.com
11:45:42.858 [main] DEBUG org.apache.hc.client5.http.wire -- http-outgoing-2 >> "GET /bonigarcia/webdrivermanager/master/src/main/resources/commands.properties HTTP/1.1[\r][\n]"
11:45:42.858 [main] DEBUG org.apache.hc.client5.http.wire -- http-outgoing-2 >> "user-agent: Apache-HttpClient/5.0[\r][\n]"
11:45:42.858 [main] DEBUG org.apache.hc.client5.http.wire -- http-outgoing-2 >> "accept-encoding: gzip, deflate, br[\r][\n]"
11:45:42.858 [main] DEBUG org.apache.hc.client5.http.wire -- http-outgoing-2 >> "cache-control: max-age=0[\r][\n]"
11:45:42.858 [main] DEBUG org.apache.hc.client5.http.wire -- http-outgoing-2 >> "connection: keep-alive[\r][\n]"
11:45:42.858 [main] DEBUG org.apache.hc.client5.http.wire -- http-outgoing-2 >> "Host: raw.githubusercontent.com[\r][\n]"
11:45:42.858 [main] DEBUG org.apache.hc.client5.http.wire -- http-outgoing-2 >> "[\r][\n]"
11:45:43.031 [main] DEBUG org.apache.hc.client5.http.wire -- http-outgoing-2 << "HTTP/1.1 200 OK[\r][\n]"
11:45:43.032 [main] DEBUG org.apache.hc.client5.http.wire -- http-outgoing-2 << "Connection: keep-alive[\r][\n]"
11:45:43.032 [main] DEBUG org.apache.hc.client5.http.wire -- http-outgoing-2 << "Content-Length: 723[\r][\n]"
11:45:43.032 [main] DEBUG org.apache.hc.client5.http.wire -- http-outgoing-2 << "Cache-Control: max-age=300[\r][\n]"
11:45:43.032 [main] DEBUG org.apache.hc.client5.http.wire -- http-outgoing-2 << "Content-Security-Policy: default-src 'none'; style-src 'unsafe-inline'; sandbox[\r][\n]"
11:45:43.032 [main] DEBUG org.apache.hc.client5.http.wire -- http-outgoing-2 << "Content-Type: text/plain; charset=utf-8[\r][\n]"
11:45:43.032 [main] DEBUG org.apache.hc.client5.http.wire -- http-outgoing-2 << "ETag: W/"e82b438271e9e8680c688b0b680efd0bdd22faa6d6f0a32fc1fd8accc486b67e"[\r][\n]"
11:45:43.032 [main] DEBUG org.apache.hc.client5.http.wire -- http-outgoing-2 << "Strict-Transport-Security: max-age=31536000[\r][\n]"
11:45:43.032 [main] DEBUG org.apache.hc.client5.http.wire -- http-outgoing-2 << "X-Content-Type-Options: nosniff[\r][\n]"
11:45:43.032 [main] DEBUG org.apache.hc.client5.http.wire -- http-outgoing-2 << "X-Frame-Options: deny[\r][\n]"
11:45:43.033 [main] DEBUG org.apache.hc.client5.http.wire -- http-outgoing-2 << "X-XSS-Protection: 1; mode=block[\r][\n]"
11:45:43.033 [main] DEBUG org.apache.hc.client5.http.wire -- http-outgoing-2 << "X-GitHub-Request-Id: 3072:3BB1E6:1A1165D:1B39889:65A75BA5[\r][\n]"
11:45:43.033 [main] DEBUG org.apache.hc.client5.http.wire -- http-outgoing-2 << "Content-Encoding: gzip[\r][\n]"
11:45:43.033 [main] DEBUG org.apache.hc.client5.http.wire -- http-outgoing-2 << "Accept-Ranges: bytes[\r][\n]"
11:45:43.033 [main] DEBUG org.apache.hc.client5.http.wire -- http-outgoing-2 << "Date: Mon, 12 Feb 2024 04:45:43 GMT[\r][\n]"
11:45:43.033 [main] DEBUG org.apache.hc.client5.http.wire -- http-outgoing-2 << "Via: 1.1 varnish[\r][\n]"
11:45:43.033 [main] DEBUG org.apache.hc.client5.http.wire -- http-outgoing-2 << "X-Served-By: cache-fra-eddf8230089-FRA[\r][\n]"
11:45:43.033 [main] DEBUG org.apache.hc.client5.http.wire -- http-outgoing-2 << "X-Cache: HIT[\r][\n]"
11:45:43.033 [main] DEBUG org.apache.hc.client5.http.wire -- http-outgoing-2 << "X-Cache-Hits: 2[\r][\n]"
11:45:43.033 [main] DEBUG org.apache.hc.client5.http.wire -- http-outgoing-2 << "X-Timer: S1707713143.014676,VS0,VE0[\r][\n]"
11:45:43.033 [main] DEBUG org.apache.hc.client5.http.wire -- http-outgoing-2 << "Vary: Authorization,Accept-Encoding,Origin[\r][\n]"
11:45:43.033 [main] DEBUG org.apache.hc.client5.http.wire -- http-outgoing-2 << "Access-Control-Allow-Origin: *[\r][\n]"
11:45:43.033 [main] DEBUG org.apache.hc.client5.http.wire -- http-outgoing-2 << "Cross-Origin-Resource-Policy: cross-origin[\r][\n]"
11:45:43.034 [main] DEBUG org.apache.hc.client5.http.wire -- http-outgoing-2 << "X-Fastly-Request-ID: 3e9f8b5b3a3dd32bb122fa918a3e363a8966be44[\r][\n]"
11:45:43.034 [main] DEBUG org.apache.hc.client5.http.wire -- http-outgoing-2 << "Expires: Mon, 12 Feb 2024 04:50:43 GMT[\r][\n]"
11:45:43.034 [main] DEBUG org.apache.hc.client5.http.wire -- http-outgoing-2 << "Source-Age: 42[\r][\n]"
11:45:43.034 [main] DEBUG org.apache.hc.client5.http.wire -- http-outgoing-2 << "[\r][\n]"
11:45:43.035 [main] DEBUG org.apache.hc.client5.http.headers -- http-outgoing-2 << HTTP/1.1 200 OK
11:45:43.035 [main] DEBUG org.apache.hc.client5.http.headers -- http-outgoing-2 << Connection: keep-alive
11:45:43.035 [main] DEBUG org.apache.hc.client5.http.headers -- http-outgoing-2 << Content-Length: 723
11:45:43.035 [main] DEBUG org.apache.hc.client5.http.headers -- http-outgoing-2 << Cache-Control: max-age=300
11:45:43.035 [main] DEBUG org.apache.hc.client5.http.headers -- http-outgoing-2 << Content-Security-Policy: default-src 'none'; style-src 'unsafe-inline'; sandbox
11:45:43.035 [main] DEBUG org.apache.hc.client5.http.headers -- http-outgoing-2 << Content-Type: text/plain; charset=utf-8
11:45:43.035 [main] DEBUG org.apache.hc.client5.http.headers -- http-outgoing-2 << ETag: W/"e82b438271e9e8680c688b0b680efd0bdd22faa6d6f0a32fc1fd8accc486b67e"
11:45:43.035 [main] DEBUG org.apache.hc.client5.http.headers -- http-outgoing-2 << Strict-Transport-Security: max-age=31536000
11:45:43.035 [main] DEBUG org.apache.hc.client5.http.headers -- http-outgoing-2 << X-Content-Type-Options: nosniff
11:45:43.035 [main] DEBUG org.apache.hc.client5.http.headers -- http-outgoing-2 << X-Frame-Options: deny
11:45:43.035 [main] DEBUG org.apache.hc.client5.http.headers -- http-outgoing-2 << X-XSS-Protection: 1; mode=block
11:45:43.035 [main] DEBUG org.apache.hc.client5.http.headers -- http-outgoing-2 << X-GitHub-Request-Id: 3072:3BB1E6:1A1165D:1B39889:65A75BA5
11:45:43.035 [main] DEBUG org.apache.hc.client5.http.headers -- http-outgoing-2 << Content-Encoding: gzip
11:45:43.035 [main] DEBUG org.apache.hc.client5.http.headers -- http-outgoing-2 << Accept-Ranges: bytes
11:45:43.035 [main] DEBUG org.apache.hc.client5.http.headers -- http-outgoing-2 << Date: Mon, 12 Feb 2024 04:45:43 GMT
11:45:43.035 [main] DEBUG org.apache.hc.client5.http.headers -- http-outgoing-2 << Via: 1.1 varnish
11:45:43.035 [main] DEBUG org.apache.hc.client5.http.headers -- http-outgoing-2 << X-Served-By: cache-fra-eddf8230089-FRA
11:45:43.035 [main] DEBUG org.apache.hc.client5.http.headers -- http-outgoing-2 << X-Cache: HIT
11:45:43.035 [main] DEBUG org.apache.hc.client5.http.headers -- http-outgoing-2 << X-Cache-Hits: 2
11:45:43.035 [main] DEBUG org.apache.hc.client5.http.headers -- http-outgoing-2 << X-Timer: S1707713143.014676,VS0,VE0
11:45:43.035 [main] DEBUG org.apache.hc.client5.http.headers -- http-outgoing-2 << Vary: Authorization,Accept-Encoding,Origin
11:45:43.036 [main] DEBUG org.apache.hc.client5.http.headers -- http-outgoing-2 << Access-Control-Allow-Origin: *
11:45:43.036 [main] DEBUG org.apache.hc.client5.http.headers -- http-outgoing-2 << Cross-Origin-Resource-Policy: cross-origin
11:45:43.036 [main] DEBUG org.apache.hc.client5.http.headers -- http-outgoing-2 << X-Fastly-Request-ID: 3e9f8b5b3a3dd32bb122fa918a3e363a8966be44
11:45:43.036 [main] DEBUG org.apache.hc.client5.http.headers -- http-outgoing-2 << Expires: Mon, 12 Feb 2024 04:50:43 GMT
11:45:43.036 [main] DEBUG org.apache.hc.client5.http.headers -- http-outgoing-2 << Source-Age: 42
11:45:43.036 [main] DEBUG org.apache.hc.client5.http.impl.classic.MainClientExec -- ex-0000000003 connection can be kept alive for 3 MINUTES
11:45:43.043 [main] DEBUG org.apache.hc.client5.http.wire -- http-outgoing-2 << "[0x1f][0xffffff8b][0x8][0x0][0x0][0x0][0x0][0x0][0x0][0x3][0xffffffb5]V]o[0xffffffda]0[0x14]}[0xffffffe7]W\[0xffffff81]*[0xffffffb5][0x12][0x1f][[M[0xffffffd3]$[0x1e]hF[0xffffffbb]i [0x18][0xffffffb4][0xffffffdd]&[0xfffffff9][0xffffffc5]$7[0xffffffc1]R[0x12]#;[0xffffff94]v[0xffffffbf]~[0xffffffb6][0xfffffff3]1[0xffffff92][0xffffff9a][0xffffffc1][0x1a]x[0xffffffcb][0xffffffb5][0xffffffaf][0xffffffcf]9[0xffffffbe][0xfffffff7]8v[0xb][0x1c][0x1e]E4[0xfffffff6]$x4[0xffffffa1][0xb]*[0xffffffb1][0xffffffd1][0xffffff82][0xfffffffb]%[0xffffff93][0xffffffe0][0xffffffb3][0x10][0xffffffc1][0xffffffe5]qBY,!Y[0xffffffea] KM8,[0x10][0xfffffff0][0x19][0xffffffdd]u[0xffffff82][0x1e][0xffffffb0][0xffffffd8]L[0xffffffcb]%[0xffffff86][0xffffffa1][0xe][0xffffffb8][0xfffffff0]P[0xffffffe8]$[0xf][0x13]t[0x13]3[0xfffffff9][0xffffff84]B2[0xffffffae][0xffffffe6]|@[0xfffffff5][0x1d][0x8][0xffffffc4][0x18][0x16][0xffffff82]o[0xffffffa4][0xffffff9a]P[0xffffff94][0xffffffe7][0xffffffce]R[0xfffffff0][0x8][0xffffffdb]p[0xffffffcb][0x4][0xfffffffa][0xfffffffc][0xffffffb9][\r][0xffffff93][0x15][\n]"
11:45:43.043 [main] DEBUG org.apache.hc.client5.http.wire -- http-outgoing-2 << "[0xffffffda][0xffffff86][0xffffffa1][0x17][0xffffffa8]Q3[0xffffffcb][0xffffffd6][0xffffffd1][0xffffff85][0xffffffc6][0xfffffff7][0xffffff98][0xffffffef][0xffffffa3][0xffffffc0]8[0x1][0xffffffae]s[0x12][0x16][0x7] _d[0xffffff82][0xffffff91][0xffffff84][0xfffffff3][0x1f],[0xfffffff6][0x14]j[0x1b]F,^+[0xffffff98]1ua2[0xffffffbf]h([0xffffff8e][0xffffff94][0xffffffa2][0xffffff91]m[0xffffffa3][0xffffffeb][0xffffff9a][0xffffffb0][0xffffffbb]I[0x17]t[0xffffffdf][0xffffffbd][0xffffffef][0xffffffbb][0xffffff91][0xffffffd7]U[0xffffffbb][0xffffff82][0xffffff9e][0x3][0xffffff9b][0xffffff88][0xffffffb9][0xffffffa6]$[0xffffffa6][0xc][0xffffff9b][0xffffffa5][0xffffffe2][0xffffff83][0xffffff98]F[0xffffffd8]o[0xffffff9e]Mg[0xffffff93][0xffffffbb][0xffffffd9]`|[0xfffffffb]u4[0xffffff9c][0x7f]"}B[0xffffffce][0x8][0xffffffb9][0xffffffe3]<[0x8][0xffffff91][0xffffff90][0xffffff94][0xffffff82][0xffffff90][0xffffffc1]j[0x15]2WI[0xffffffe3]1![0x19][0xffffff91]BnB[0xffffff80][0x9]<f[0xffffffb5][0xffffffe8]=[0xffffffd1]p[0xffffffbd][[0xffffffcf][0xffffffe5][0x1b][0xfffffff4][0xffffff9c][0xffffffff][0xfffffffc][0xfffffff8][0xffffffe1][0xffffffe2][0xffffff94][0xffffffa2][0xffffffae][0xe][0x14]5[0xffffff9a]8[0xffffff83][0xffffffd1]`:[0xfffffffd]<[0xffffffb8][0x1f][0xffffff9c]R[0xffffffcf]u[0x7f]6[0xffffffbc][0xffffff83][0xffffffef][0xf][0xffffffc3][0xffffffd9]/[0xfffffff8][0xfffffff2][0xffffffcd]y s[0xffffffee]'[0x1b]*0g[0xffffffcb][0xffffffc8]nF7H][0xffffff83][0xffffff97]{[0xffffffb1]Q[0x5][\r][0xffffffb5]c[0xffffffb4][0xf][0x2][0xffffffb3][0xffffffb4][0xffffff93][0xe]C[0xffffffa7][0xffffffb3]kAD][0xffffff9d][0xffffffde][0xffffffdb][0xffffffda][0xffffff88][0xffffffec][0xffffffa5][0xffffffbc][0xffffff99][0xffffffd9][0xffffffba]t[0xffffffb5][0xffffffea]9[0xffffffea][0x10])[0xffffffb7][0xffffffca][0xffffff9e][0xfffffff2][0xffffffe2]d^N[0xffffffd8]FW[0x16][0xffffffcd][0xffffffdc]_[0x10][0xfffffff9]i|[0x1c][0xffffff93][0xffffff8e][0xfffffff9]o[0x16][0xffffff86]4'!$G[0xffffffdf]W[0xfffffff4]W*j[[0xfffffff3]xR[0xffffffae][0xffffffb6][0xc][0xffffffd0],; #[0xffffffa9][0xffffff92]5[0xffffffb5][0x7][0xffffff9c][0xffffffb5][0xffffffd0][0x7f][0xffffff90][0xffffffc7]jgs[0xfffffffc][0xffffffc2][0xb][0xffffffd9][0x0]t[0xffffff9e]^'Y[0xfffffffb][0xffffff9f][0xffffffb1][0xffffffd8]:[0xffffffbf][0xffffff8d][0xffffffa5][0xffffff9a][0xffffffad][0x7f]m[0x5]&[0xffffffaa][0xffffffa0]^[0xffffff9b][0xffffffcb][0x5]f[0xffffffae][0xffffffe0]RU[0xffffff82][0x10]MS9l[0xffffff91]4t[0xfffffffb][0xffffff8a]][0xffffffd6][0xfffffff4][0xffffff96][0xffffffa6][0xffffff9f]P[0xffffffce][0xffffffd5][0xffffffce][0xffffff93][0xffffffff][0xffffff97][0xffffffcc]p[0xfffffffd][0xfffffff3][0xffffffe8][0x1b][0xffffffcc][0xffffffa2][0xffffffd9]Q[0xffffffbe][0xffffffb2][0xffffffa3][0xffffffc7]m'[0xffffffdf][0xffffffe4][[0xfffffffb]^[0xffffffb0][0xffffff9a][0xffffffbe][0xffffffda][0xffffffda]_[0xffffffce][0xffffff80][0xffffffd2][0xffffffc1]7[0xffffffb7]][0xffffffc1]b[0xffffffee][0xffffffb5][0xffffffff]w[0xffffff83][0xffffffed][0xffffffa7];[0x15]<[0x10]4[0xffffff92][0xffffff84][0x18][\n]"
11:45:43.043 [main] DEBUG org.apache.hc.client5.http.wire -- http-outgoing-2 << "BB[0xffffffba][0xffffff8e]][0xffffffb5]jo[0xffffffb9]+"[0xffffffea][0xffffffb4][0xffffffff]h"[0xffffffea]\?5[0xffffffa9][0xffffffaf]k[0xffffffec][0xffffffff]P[0xffffffea][\n]"
11:45:43.043 [main] DEBUG org.apache.hc.client5.http.wire -- http-outgoing-2 << "w[0xffffffe1]K[0x13][0xffffffda][0xffffffec][0xffffff98][0xffffffe6]Y[0xfffffffd]h8m6[0xffffff9c]T[0xffffffc1][0xfffffff2][0xffffffa7][0xffffff91]z_[0xffffff95]o85p[0x1c][0x13][0xffffffe6][0xfffffff0]5[0xffffffee][0xfffffffc][0xffffff92][0xffffff96][0xffffffda][0xfffffff7][0xffffffcf][0xffffffb1][0x5][0x1d][0xffffffea]K[0xffffff9b]9[0xffffff8e][0xffffffad]e[0xfffffff7][0xffffff93][0xffffffa8]`[0xffffffda][0xffffffff][0x1a][0xffffffd2][0xffffff88][0xffffff85][0xfffffffd][0xfffffff2][0xffffff91]N[0xfffffff6]`[0xffffffdf]2[0xffffffcf][0xffffffae]E[0xffffff97][0xffffffc5][0xffffffa2][0xffffff9d][0xffffffef]'[0xffffff9d]mun.[0xffffffd3]f^[0xffffffc7][0xffffff82][0xffffffda][0xffffff82]9[0xfffffff5][0xffffffa9]`[0x5][0xffffffbc]4[0xffffffa1][0x1d]<M[0xffffffb5]A[0xffffffa7]3[[0xffffffc0][0x7f][0x0][0xffffffc1][0xffffffd0]$[0xffffff85][0x1d][\r][0x0][0x0]"
11:45:43.045 [main] DEBUG org.apache.hc.client5.http.impl.classic.InternalHttpClient -- ep-0000000003 releasing valid endpoint
11:45:43.045 [main] DEBUG org.apache.hc.client5.http.impl.io.PoolingHttpClientConnectionManager -- ep-0000000003 releasing endpoint
11:45:43.045 [main] DEBUG org.apache.hc.client5.http.impl.io.PoolingHttpClientConnectionManager -- ep-0000000003 connection http-outgoing-2 can be kept alive for 3 MINUTES
11:45:43.045 [main] DEBUG org.apache.hc.client5.http.impl.io.PoolingHttpClientConnectionManager -- ep-0000000003 connection released [route: {s}->https://raw.githubusercontent.com:443][total available: 2; route allocated: 1 of 5; total allocated: 3 of 25]
11:45:43.045 [main] DEBUG io.github.bonigarcia.wdm.versions.VersionDetector -- Detecting chrome version using online commands.properties
11:45:43.048 [main] DEBUG io.github.bonigarcia.wdm.versions.Shell -- Running command on the shell: [/Applications/Google Chrome.app/Contents/MacOS/Google Chrome, --version]
11:45:43.164 [main] DEBUG io.github.bonigarcia.wdm.versions.Shell -- Result: Google Chrome 121.0.6167.160
11:45:43.165 [main] DEBUG io.github.bonigarcia.wdm.versions.VersionDetector -- Getting driver version for chrome121 from online versions.properties
11:45:43.166 [main] DEBUG org.apache.hc.client5.http.impl.classic.InternalHttpClient -- ex-0000000004 preparing request execution
11:45:43.166 [main] DEBUG org.apache.hc.client5.http.impl.classic.ProtocolExec -- ex-0000000004 target auth state: UNCHALLENGED
11:45:43.166 [main] DEBUG org.apache.hc.client5.http.impl.classic.ProtocolExec -- ex-0000000004 proxy auth state: UNCHALLENGED
11:45:43.166 [main] DEBUG org.apache.hc.client5.http.impl.classic.ConnectExec -- ex-0000000004 acquiring connection with route {s}->https://raw.githubusercontent.com:443
11:45:43.166 [main] DEBUG org.apache.hc.client5.http.impl.classic.InternalHttpClient -- ex-0000000004 acquiring endpoint (3 MINUTES)
11:45:43.166 [main] DEBUG org.apache.hc.client5.http.impl.io.PoolingHttpClientConnectionManager -- ex-0000000004 endpoint lease request (3 MINUTES) [route: {s}->https://raw.githubusercontent.com:443][total available: 2; route allocated: 1 of 5; total allocated: 3 of 25]
11:45:43.166 [main] DEBUG org.apache.hc.client5.http.impl.io.PoolingHttpClientConnectionManager -- ex-0000000004 endpoint leased [route: {s}->https://raw.githubusercontent.com:443][total available: 1; route allocated: 1 of 5; total allocated: 3 of 25]
11:45:43.166 [main] DEBUG org.apache.hc.client5.http.impl.io.PoolingHttpClientConnectionManager -- ex-0000000004 acquired ep-0000000004
11:45:43.166 [main] DEBUG org.apache.hc.client5.http.impl.classic.InternalHttpClient -- ex-0000000004 acquired endpoint ep-0000000004
11:45:43.166 [main] DEBUG org.apache.hc.client5.http.impl.classic.MainClientExec -- ex-0000000004 executing GET /bonigarcia/webdrivermanager/master/src/main/resources/versions.properties HTTP/1.1
11:45:43.166 [main] DEBUG org.apache.hc.client5.http.protocol.RequestAddCookies -- ex-0000000004 Cookie spec selected: strict
11:45:43.166 [main] DEBUG org.apache.hc.client5.http.impl.classic.InternalHttpClient -- ep-0000000004 start execution ex-0000000004
11:45:43.166 [main] DEBUG org.apache.hc.client5.http.impl.io.PoolingHttpClientConnectionManager -- ep-0000000004 executing exchange ex-0000000004 over http-outgoing-2
11:45:43.166 [main] DEBUG org.apache.hc.client5.http.headers -- http-outgoing-2 >> GET /bonigarcia/webdrivermanager/master/src/main/resources/versions.properties HTTP/1.1
11:45:43.166 [main] DEBUG org.apache.hc.client5.http.headers -- http-outgoing-2 >> user-agent: Apache-HttpClient/5.0
11:45:43.166 [main] DEBUG org.apache.hc.client5.http.headers -- http-outgoing-2 >> accept-encoding: gzip, deflate, br
11:45:43.166 [main] DEBUG org.apache.hc.client5.http.headers -- http-outgoing-2 >> cache-control: max-age=0
11:45:43.166 [main] DEBUG org.apache.hc.client5.http.headers -- http-outgoing-2 >> connection: keep-alive
11:45:43.166 [main] DEBUG org.apache.hc.client5.http.headers -- http-outgoing-2 >> Host: raw.githubusercontent.com
11:45:43.166 [main] DEBUG org.apache.hc.client5.http.wire -- http-outgoing-2 >> "GET /bonigarcia/webdrivermanager/master/src/main/resources/versions.properties HTTP/1.1[\r][\n]"
11:45:43.166 [main] DEBUG org.apache.hc.client5.http.wire -- http-outgoing-2 >> "user-agent: Apache-HttpClient/5.0[\r][\n]"
11:45:43.166 [main] DEBUG org.apache.hc.client5.http.wire -- http-outgoing-2 >> "accept-encoding: gzip, deflate, br[\r][\n]"
11:45:43.166 [main] DEBUG org.apache.hc.client5.http.wire -- http-outgoing-2 >> "cache-control: max-age=0[\r][\n]"
11:45:43.166 [main] DEBUG org.apache.hc.client5.http.wire -- http-outgoing-2 >> "connection: keep-alive[\r][\n]"
11:45:43.166 [main] DEBUG org.apache.hc.client5.http.wire -- http-outgoing-2 >> "Host: raw.githubusercontent.com[\r][\n]"
11:45:43.166 [main] DEBUG org.apache.hc.client5.http.wire -- http-outgoing-2 >> "[\r][\n]"
11:45:43.340 [main] DEBUG org.apache.hc.client5.http.wire -- http-outgoing-2 << "HTTP/1.1 200 OK[\r][\n]"
11:45:43.340 [main] DEBUG org.apache.hc.client5.http.wire -- http-outgoing-2 << "Connection: keep-alive[\r][\n]"
11:45:43.340 [main] DEBUG org.apache.hc.client5.http.wire -- http-outgoing-2 << "Content-Length: 1667[\r][\n]"
11:45:43.340 [main] DEBUG org.apache.hc.client5.http.wire -- http-outgoing-2 << "Cache-Control: max-age=300[\r][\n]"
11:45:43.340 [main] DEBUG org.apache.hc.client5.http.wire -- http-outgoing-2 << "Content-Security-Policy: default-src 'none'; style-src 'unsafe-inline'; sandbox[\r][\n]"
11:45:43.340 [main] DEBUG org.apache.hc.client5.http.wire -- http-outgoing-2 << "Content-Type: text/plain; charset=utf-8[\r][\n]"
11:45:43.340 [main] DEBUG org.apache.hc.client5.http.wire -- http-outgoing-2 << "ETag: W/"2b63ea7ea7667d0729e9d848d780e58af4f6d237cb562369e48d53971ddfa6c5"[\r][\n]"
11:45:43.340 [main] DEBUG org.apache.hc.client5.http.wire -- http-outgoing-2 << "Strict-Transport-Security: max-age=31536000[\r][\n]"
11:45:43.340 [main] DEBUG org.apache.hc.client5.http.wire -- http-outgoing-2 << "X-Content-Type-Options: nosniff[\r][\n]"
11:45:43.340 [main] DEBUG org.apache.hc.client5.http.wire -- http-outgoing-2 << "X-Frame-Options: deny[\r][\n]"
11:45:43.340 [main] DEBUG org.apache.hc.client5.http.wire -- http-outgoing-2 << "X-XSS-Protection: 1; mode=block[\r][\n]"
11:45:43.340 [main] DEBUG org.apache.hc.client5.http.wire -- http-outgoing-2 << "X-GitHub-Request-Id: C544:0E73:441D4E1:46D2A0D:65B9B3A7[\r][\n]"
11:45:43.340 [main] DEBUG org.apache.hc.client5.http.wire -- http-outgoing-2 << "Content-Encoding: gzip[\r][\n]"
11:45:43.340 [main] DEBUG org.apache.hc.client5.http.wire -- http-outgoing-2 << "Accept-Ranges: bytes[\r][\n]"
11:45:43.340 [main] DEBUG org.apache.hc.client5.http.wire -- http-outgoing-2 << "Date: Mon, 12 Feb 2024 04:45:43 GMT[\r][\n]"
11:45:43.340 [main] DEBUG org.apache.hc.client5.http.wire -- http-outgoing-2 << "Via: 1.1 varnish[\r][\n]"
11:45:43.340 [main] DEBUG org.apache.hc.client5.http.wire -- http-outgoing-2 << "X-Served-By: cache-fra-eddf8230089-FRA[\r][\n]"
11:45:43.340 [main] DEBUG org.apache.hc.client5.http.wire -- http-outgoing-2 << "X-Cache: HIT[\r][\n]"
11:45:43.340 [main] DEBUG org.apache.hc.client5.http.wire -- http-outgoing-2 << "X-Cache-Hits: 1[\r][\n]"
11:45:43.340 [main] DEBUG org.apache.hc.client5.http.wire -- http-outgoing-2 << "X-Timer: S1707713143.322838,VS0,VE1[\r][\n]"
11:45:43.340 [main] DEBUG org.apache.hc.client5.http.wire -- http-outgoing-2 << "Vary: Authorization,Accept-Encoding,Origin[\r][\n]"
11:45:43.340 [main] DEBUG org.apache.hc.client5.http.wire -- http-outgoing-2 << "Access-Control-Allow-Origin: *[\r][\n]"
11:45:43.340 [main] DEBUG org.apache.hc.client5.http.wire -- http-outgoing-2 << "Cross-Origin-Resource-Policy: cross-origin[\r][\n]"
11:45:43.340 [main] DEBUG org.apache.hc.client5.http.wire -- http-outgoing-2 << "X-Fastly-Request-ID: ab07e9e12a15f5d539f144cd54cd803b8d76323e[\r][\n]"
11:45:43.340 [main] DEBUG org.apache.hc.client5.http.wire -- http-outgoing-2 << "Expires: Mon, 12 Feb 2024 04:50:43 GMT[\r][\n]"
11:45:43.341 [main] DEBUG org.apache.hc.client5.http.wire -- http-outgoing-2 << "Source-Age: 144[\r][\n]"
11:45:43.341 [main] DEBUG org.apache.hc.client5.http.wire -- http-outgoing-2 << "[\r][\n]"
11:45:43.341 [main] DEBUG org.apache.hc.client5.http.headers -- http-outgoing-2 << HTTP/1.1 200 OK
11:45:43.341 [main] DEBUG org.apache.hc.client5.http.headers -- http-outgoing-2 << Connection: keep-alive
11:45:43.341 [main] DEBUG org.apache.hc.client5.http.headers -- http-outgoing-2 << Content-Length: 1667
11:45:43.341 [main] DEBUG org.apache.hc.client5.http.headers -- http-outgoing-2 << Cache-Control: max-age=300
11:45:43.341 [main] DEBUG org.apache.hc.client5.http.headers -- http-outgoing-2 << Content-Security-Policy: default-src 'none'; style-src 'unsafe-inline'; sandbox
11:45:43.341 [main] DEBUG org.apache.hc.client5.http.headers -- http-outgoing-2 << Content-Type: text/plain; charset=utf-8
11:45:43.341 [main] DEBUG org.apache.hc.client5.http.headers -- http-outgoing-2 << ETag: W/"2b63ea7ea7667d0729e9d848d780e58af4f6d237cb562369e48d53971ddfa6c5"
11:45:43.341 [main] DEBUG org.apache.hc.client5.http.headers -- http-outgoing-2 << Strict-Transport-Security: max-age=31536000
11:45:43.341 [main] DEBUG org.apache.hc.client5.http.headers -- http-outgoing-2 << X-Content-Type-Options: nosniff
11:45:43.341 [main] DEBUG org.apache.hc.client5.http.headers -- http-outgoing-2 << X-Frame-Options: deny
11:45:43.341 [main] DEBUG org.apache.hc.client5.http.headers -- http-outgoing-2 << X-XSS-Protection: 1; mode=block
11:45:43.341 [main] DEBUG org.apache.hc.client5.http.headers -- http-outgoing-2 << X-GitHub-Request-Id: C544:0E73:441D4E1:46D2A0D:65B9B3A7
11:45:43.341 [main] DEBUG org.apache.hc.client5.http.headers -- http-outgoing-2 << Content-Encoding: gzip
11:45:43.341 [main] DEBUG org.apache.hc.client5.http.headers -- http-outgoing-2 << Accept-Ranges: bytes
11:45:43.341 [main] DEBUG org.apache.hc.client5.http.headers -- http-outgoing-2 << Date: Mon, 12 Feb 2024 04:45:43 GMT
11:45:43.341 [main] DEBUG org.apache.hc.client5.http.headers -- http-outgoing-2 << Via: 1.1 varnish
11:45:43.341 [main] DEBUG org.apache.hc.client5.http.headers -- http-outgoing-2 << X-Served-By: cache-fra-eddf8230089-FRA
11:45:43.341 [main] DEBUG org.apache.hc.client5.http.headers -- http-outgoing-2 << X-Cache: HIT
11:45:43.341 [main] DEBUG org.apache.hc.client5.http.headers -- http-outgoing-2 << X-Cache-Hits: 1
11:45:43.341 [main] DEBUG org.apache.hc.client5.http.headers -- http-outgoing-2 << X-Timer: S1707713143.322838,VS0,VE1
11:45:43.341 [main] DEBUG org.apache.hc.client5.http.headers -- http-outgoing-2 << Vary: Authorization,Accept-Encoding,Origin
11:45:43.341 [main] DEBUG org.apache.hc.client5.http.headers -- http-outgoing-2 << Access-Control-Allow-Origin: *
11:45:43.341 [main] DEBUG org.apache.hc.client5.http.headers -- http-outgoing-2 << Cross-Origin-Resource-Policy: cross-origin
11:45:43.341 [main] DEBUG org.apache.hc.client5.http.headers -- http-outgoing-2 << X-Fastly-Request-ID: ab07e9e12a15f5d539f144cd54cd803b8d76323e
11:45:43.341 [main] DEBUG org.apache.hc.client5.http.headers -- http-outgoing-2 << Expires: Mon, 12 Feb 2024 04:50:43 GMT
11:45:43.341 [main] DEBUG org.apache.hc.client5.http.headers -- http-outgoing-2 << Source-Age: 144
11:45:43.341 [main] DEBUG org.apache.hc.client5.http.impl.classic.MainClientExec -- ex-0000000004 connection can be kept alive for 3 MINUTES
11:45:43.342 [main] DEBUG org.apache.hc.client5.http.wire -- http-outgoing-2 << "[0x1f][0xffffff8b][0x8][0x0][0x0][0x0][0x0][0x0][0x0][0x3][0xffffff8d][0xffffff97][0xffffffcb]n+7[0xc][0xffffff86][0xfffffff7]y[0xffffff8a][0x1][0xffffffba][0xffffffce]XWJ[\n]"
11:45:43.342 [main] DEBUG org.apache.hc.client5.http.wire -- http-outgoing-2 << "[0xffffffa0]M[0xffffffaf][0xffffffab][0xffffffa2][0xffffff8b][0xfffffff6][0x5]|[0xffffffec]I28[0xffffff8e]'[0xffffffb0][0xffffff9d][0xffffff93][0xffffff83]>}II[0xffffffd4][0xffffffc8][0xffffff9a][0x16][0xffffffe8][0xffffffc2]H[0xfffffff8][0xffffff8d]F")[\r][0xfffffff5][0xfffffff3][0xffffff87][0xffffffe1][0xffffffaf][0xffffffd7][0xfffffff9]:<[0xffffffcf][0xffffffa7]i8,[0xffffffe7][0xffffffdb]~>_[0xffffff87][0xffffffdb][0xffffffeb]4|=/[0xffffff9f][0xffffffe7][0xffffffe1]x[0xffffff99][0xffffffbf]M[0xffffff97][0x1][0x7f][0xffffffd7]y[0xffffffc1]'[0xffffff87][0xffffffe5][0xffffffed]}[0x7f][0xffffff9b][0xffffffbf][0xffffffe0][0xffffffe8][0xffffffcf][0xfffffff9][0xfffffff6][0xffffff9a]F[0x1e][0xffffff96][0xffffffcb]e[0xffffffba][0xffffffbe]/[0xffffffe7][0xffffffe3]|~[0x19][0xffffffbe]\[0xffffff96][0xffffffcf][0xffffffeb][0xfffffffa][0xffffffca][0xffffffc3][0xffffffc3][0xf][0xffffffc3][0xffffff8f][0x19]=[\r][0xffffffbf]-[0xffffffcb][0xb][0xffffffbe][0xfffffff9][0xffffffd3][0xffffffeb]ey[0xffffff9b][0xffffff86][0xfffffffd][0xfffffff9][0xffffff98][0xffffffff][0xffffff9d]?[0xffffffde][0xffffff86][0xffffffc7][0xffffffe1][0xffffffe7][0xffffffb4][0xffffffd4][0xffffffd3]pHO[0xfffffff3][0xffffffc2][0xfffffff8][0xfffffff2][0xffffff9f][0xffffffcb][0xffffffc7][0xffffffe5]0=[\r][0xffffffaf][0xffffffb7][0xffffffdb][0xfffffffb][0xffffffd3]n[0xffffffd7]>[0x1d][0xf][0xffffffe5][0xffffffed]q[0xffffffb9][0xffffffbc][0xffffffec][0xffffff8e][0xffffffe8][0xffffffef]i[0xffffffd9][0x1f][0xffffffaf][0xf]y[0xffffff8c][0xffffff94]&[0xffffffe2]o[0x14][0xffffffa3]u[0xffffffda][0xffffff8e]AT[0xffffffae][0xffffff91]k[0xffffffe2][0xffffffe0][0xffffffd4][0x8][0xffffffba]r[0xffffff85]\%.[0xffffffed]hB[0xffffffe5][0x12][0xffffffb9]$nA[0xffffff8f]`*[0x17][0xffffffc8][0x5]q[0xffffffe3][0xffffffe5][0xffffffe8][0x1c]s[0x11]"[0xfffffffe][0x12][0xffffffc7][0xffffffe5]][0x1d]/<rO\[0xffffffdb]0:Y[0xffffffb9]C[0xffffffee][0x12][0x17]f[0x4]U9 [0x7][0xffffffe2][0xffffffca][0xffffff84][0x11][0xffffffd6][0xfffffff1][0x16][0xffffffb9]%.[0xffffff83][0xffffffc5][0xffffff87][0xffffff95]c[0xffffffbc]"[0xffffffc5]Ka[0xffffffb8][0xffffffea][0xffffffbf][0xffffffc0]xE[0xffffff8a]W[0xffffff80][0x18][0xffffffa5]^[0x1d][0xffffffc2][0xffffff80]E[\n]"
11:45:43.342 [main] DEBUG org.apache.hc.client5.http.wire -- http-outgoing-2 << "X[0xffffffe0]|[0xffffffcd][0x2][0x18][0xffffffb0][0xffffffa0][0xffffff80]M[0xffffffb0]r4+[0xffffffc7][0xffffff80][0x5][0x5]l|[0xffffff80][0x11]8[0xffffffa1]![0xffffffc4][0x10][0x12]5[0x6][0xffffffd7]f[0xffffffea]c[0xffffffa0]`[0xffffff8d][0xffffffb3]~[0xffffffc4]e[0x18][0xffffffbb][0x18](V[0x3]A[0xffffffad]9[0x8][0x10][0x3]$[\n]"
11:45:43.342 [main] DEBUG org.apache.hc.client5.http.wire -- http-outgoing-2 << "f4[0xffffff96][0xffffffa9][0xffffff8d][0xffffffc1]&[0xffffffaa][0xfffffffd][0x8][0x1c]O01[0xffffff98]D19[0xffffffb8][0xffffff91][0xffffff8c]u[0xc][0x14][0xffffffa4][0xffffffb1][0xffffffce][0xffffffad][0xffffff9b][0x1a]T[0xc]*Q[0xffffffdc]R[0xffffffcc]2c[0x19]C[\n]"
11:45:43.342 [main] DEBUG org.apache.hc.client5.http.wire -- http-outgoing-2 << "[0xffffffd0][0xffffffe0][0x9][0xffffffc0]X[0x19][0xffffff8b][0x18]R|F[0xffffff8b]Qq[0xffffff9e]|[0xffffff88]>[0xffffffc5][0xffffffa7][0xfffffff1][0xffffff8f][0xffffffe2][0xffffff99][0xffffffbd][0xffffff8f]>[0xffffffc5][0xffffffa7][0xffffff95][0x19][0x3]0u[0xffffffd1][0xffffffa7][0xfffffff0][0xffffff94][0x17][0xffffffa3][0xfffffff7]L![0xfffffffa][0x14][0xffffff9e]28/[0xffffffa7][0xffffffc2][0xffffffdb][0xffffffe8]Sx[0xffffffd2][0xffffffeb][0xffffffd1][0xffffffb3]k[0xffffffde]D[0xffffff9f][0xffffffc2][0xffffff93][0xffffffc6][0xffffff8d][0xffffff9a]s[0xffffffec]u[0xfffffff4]):[0xffffffda]I[0xffffffcd][0xffffffa9][0xfffffff0]2[0xfffffffa][0x14][0xffffff86][0xffffffc0][0xffffffcc]K][0xffffff97][0x13][0xffffffd1]S[0x18]:[0xffffffa0]/x[0xffffff84][\n]"
11:45:43.342 [main] DEBUG org.apache.hc.client5.http.wire -- http-outgoing-2 << "v![0xffffffba][0xffffff90][0xffffffb0][0xffffffb1][0xffffffa3][0xffffffae][0xffffffd4]G[0xffffffe7][0x13][0xffffffc5][0xffffffb3][0xffffff83][0xffffffe7][0xffffff8a][0xffffffb1][0xffffff8b][0xffffff8e][0x2][0xffffffd1][0x1e][0xfffffff0][`7[0x1c]D[0x7][0xffffff89][0xffffffe2][0x1][0xffffff97][0xffffffaa][0xffffffce]a[0xffffffa3][0xffffffa3]H[0xffffffb4]sx[0xffffffc0][0xffffffd6][0xffffffd1]&:[0xffffff93][0xffffffb0][0xffffffc2][0xfffffff3][0xffffffcb]PGG[0xffffff91]h[0xffffffc0][0xffffff80][0xffffff80]]v**[0xffffffdc]Q[0xffffffb6][0xffffffe4][0xffffff9d]%[0xffffffc8]b[0xffffffc7] [0xffffff90][0xffffffc5]{[0x3][0xffffff9e],[0xffffffce](8[0xffffffb2]x7[0x1][0xffffffc8]bg[0xffffffc0][0xffffffa2]US[0x4][0xffffff86],[0xffffffce]9h[0xffffffb2]x= _t][0xffffff8f]|[0xffffffa9][0xffffffdf][0xc][0xffffff90]/Z[0xffffffdf]U[0xffffffb5][0xffffffdf][0xffffff97][0xffffffbf][0xffffffe7][0xffffffd3]i?[0xfffffffc]:_[0xffffffa6][0xffffffe7][0xffffffe5]{S[0xffffffca]^[0xffffffa6][0xffffffc3][0xffffffd7][0xffffffe5]_+[0xffffffd9][0x15]K[0xffffffd9][0xb][0x16][0xffffffd0][0xffffff8f]/#[0xffffff96][0xffffffd4][0xffffffdd][[0xffffff9e]b[0xffffffd7][0xffffffbc][0xffffffb0][0xffffffbb]L[0xffffffa7]i[0x7f][0xffffff9d][0xffffffae][0xf][0xffffffcf]y^[0xffffffa9]d[0xffffffc4][0xffffffb4]aBW"[0xffffff88][0xffffffe8][0xffffff86][0xffffffc8][0xffffffb0]!~C[0xffffffdc][0xffffff86][0xffffffc0][0xffffff86][0xffffffd8][\r]1[0x1b][0xffffffa2]7Dm[0xffffff88][0xffffffdc][0xffffff90][0xffffffe4][0xffffffb3][0x1a]U%"d[0xffffffb2][0xffffff8e][0x11]~C[0xffffffdc][0xffffff86][0xffffffc0][0xffffff86][0xffffffd8][\r]I>[0xffffffcb][0xffffff96][0xffffffe8][\r]Q[0x1b]"7Dt$[0xffffff84][0x1e][0xfffffff8][0x1e][0xffffffb8][0x1e]@[0xf]l[0xf]zoC[0xffffffef]l[0xffffffe8]}[\r][0xffffffbd][0xffffffab][0xffffff81]<[0xffffffc5][0xffffffaf][0xffffffad][0x1][0xffffffe3]i>[0x7f]|[0xffffffcf]X2[0xfffffff6][0xffffffa1][0x1b][0xffffffe7]}[0xf]\[0xf][0xffffffa0][0x7][0xffffffb6][0x7][0xffffffa6][0x7][0x14][0xffffff80][0xfffffff2][\r]P=[0xffffffa0][0x0][0xffffff94]k[0xffffff80][0xffffffe8][0xffffff80][0xb]=H[0xffffff9e]B[0x3]\[0xf][0xffffffa0][0x7][0xffffffb6][0x7][0xffffffa6][0x7][0xffffffba][0x7][0xffffffaa][0x7][0xffffffb2][0x7][0xffffffa2][0x3][0x10]z[0xffffff90]<[0xffffffb5][\r]H[0xffffff9e]6_0@[0xf]l[0xf][0xffffff92][0xffffffa7][0xffffffcd][0x7][0x4][0xffffffba][0x7][0xffffffc9][0xffffffd3][0xffffffe6][0xffffffd8]C[0xfffffff2][0xffffffb4]9[0x14] :`C[0xf]|[0xf]\[0xf][0xffffff92][0xffffffa7][0xffffffa2][0x1][0xffffff96]A[[0xb][0xffffffff]x[0xffffff9f].[0xfffffffb][0xffffffa6][0x2].d[0xffffffff][0xffffff9f][\n]"
11:45:43.342 [main] DEBUG org.apache.hc.client5.http.wire -- http-outgoing-2 << "[0xffffff98][0x6]^[0xffffff97][0xffffffe7][0xffffffdb][0xffffffe7][0xfffffffe]2e[0xffffff8b][0xffffffd5]]_[0xf][0xffffffd3][0xffffffc3][0xffffffa4][0xffffff8e]hy[0xffffffd4]![0xffffffa8]>[0xffffff94][0x10][0xffffffcc]Q[0x1d][0xffffffc9][0xffffff90]8^s[0x12]o[0xfffffff1][0xffffffc2]I[\r]&[0xfffffff5][0x15]P'[0xfffffff8][0xffffffc0][0xffffff98][0xffffffc4]`[0x12]_[0x1]E[0xffffff86][0xffffffd4][0xffffff8a]9[0xffffff89][0xffffffc1]$[0xffffffbe]<N[0x13][0x1c]c[0xffffffd2][0xffffff82]I{9[0xfffffffc][0xffffffb2]$[\n]"
11:45:43.342 [main] DEBUG org.apache.hc.client5.http.wire -- http-outgoing-2 << "[0xffffff98][0xffffffc2]E[0xffffffab]5[0xffffffb1][0xffffffc8]e[0xffffff8e]u[0xffffffa2][0xffffff91][0xffffff9a]R[0xffffff95]i[0xffffffb0]Z4J[0xffffffd3]3uw:[0xffffffd3][0x16][\n]"
11:45:43.342 [main] DEBUG org.apache.hc.client5.http.wire -- http-outgoing-2 << "[0xffffffad][0xffffffca][0xffffff94][0x1c]g[0xffffffb0][0xffffffad][0xffffffc8][0xffffffc4]L[0x14]lZ[0xffffff8d][0x19]J[0xffffff94]A[0xffffffb7][\n]"
11:45:43.342 [main] DEBUG org.apache.hc.client5.http.wire -- http-outgoing-2 << "[0x13]eI[0xffffffa6][0xffffffaa][0xffffffd5][0xffffff97][0xffffff98][0xffffffb4][0xffffff82]e+/I[0xffffffb9]e,Zu[0xffffffe9]K[0xffffffe0]>[0xffffffb4][0xffffffda][0x12][0xffffffa0]P[0xffffffdf][0x9][0xffffffcb]L]++[0xffffffa1]l[0xffffff8c][0xffffff87]VT[0xffffffd6][0x14]aq[0xffffffb9][0x13][0xffffff95][0x19][0xffffff9a]FS[0xfffffffa][0xffffffe2][0x18][0x16][0xffffff99];E[0xffffff99][0xffffffa1][0xffffffba][0x17][0xffffff94][0x19][0xffffffca]FOZ^_4r[0xffffff92]][0xffffffc5][0xffffffa2]s'&3[0xfffffff4][0xffffff9d][0xffffff96][0xffffffcc][0xffffffd4]5R[0xffffffd2]1[0xffffff84]FH[0xfffffffa][0xffffffb2]<V[0xffffffa1]UG[0xffffffb2][0xfffffff7]X[0xffffff89]V[0x19][0xffffff89][0x9].T72[0x12]xR[0xffffffd5][0xffffffa8]H_6[0x1c][0xffffffcb][0xffffffd2]*"[0xffffffeb]famZE$[0xffffff9f]u[0xffffffac]O[0xffffffab][0xffffff86][0xffffffe4][0x13][0xffffff8d]5[0xffffffaa][0xffffff91][0xffffff90][0xffffffb2][0xffffff84][0xffffff8a][0xffffff85][0xffffffaa]U[0xffffff90]e-[0xffffffac]V[0xffffffab][0xffffff80]t<[0xffffffab]m[0xfffffff4]#[0x1f]e[0xffffffac]Z[0xffffffab]z[0xffffffac][0xffffff87][0x13]KW[0xffffffa3][0x1e][0xfffffff9]S[0xffffffc3][0xfffffffa][0xffffffd5][0xffffff88][0xffffffc7][0xffffffba]V[0x11]}[0xffffffc9][0xffffffb0][0xffffffa1]5[0xffffff8a][0xffffffe4][0xffffffcb]FQ|[0xffffffd9]([0xffffff82]/[0x1b]E[0xffffffef]e[0xffffffa3][0xffffffc8][0xffffffbd]l[0x14][0xffffffb5][0xffffff97][0xffffff8d]"[0xfffffff6][0xffffffb2]![0xffffffb3][0xffffffba][0xffffffcb][0xffffff86]h[0xc]C[0x1e][0xffffffb0][0xffffffc7][0xffffff86]<[0xffffffd0]e[0x1d]C[0x1e][0xffffffa8][0xffffff92][0xc][0x3][0xffffffd9][0xffffffb8][0xffffff93][0xffffff87][0xfffffff3][0xffffffe1][0xffffffb2]Pe[0x1b]~9[0xffffffbe]LMm|[0xffffffbb]N[0x8][0xfffffffe][0xffffffb3]8[0x1e][0xffffffa7]o[0xffffffd3][0xffffff89]f[0x1d][0xffffffdf]x[0xffffff86]T)[0xffffffa7][0xfffffff3][0xffffffe3][0xffffffc7]uW[0xffffffd9]#M[0xffffffb2][0xffffffbb]-[0xffffffcb][0xffffffe9][0xffffffba][0xfffffffb][0xffffff9c][0xffffffbe][0xffffff94]b[0xfffffff9]@t[0xffffffed][0xffffff80][0xffffffa5][0xffffffc7][0x1b]C[0xfffffffa]B[0xffffffb9][0xffffffff][0xffffff95][0xe][0xffffffe5]9f2S[0xffffffee]~[0xffffffa5]S[0xffffffe9] g[0xffffffca][0xffffffbd][0xffffffaf][0x4][0xffffff90][0xffffffd4][0xffffff9b]f[0xffffffca][0xffffff9d][0xffffffaf][0xffffffb4]x>0{[0xffffff89][0xffffffd6][0xffffffbe]WZ,[0xffffffb4][0xffffffae][0xffffffac]V[0xffffffbb]^i[0x0][0xffffffe7][0xffffff85]B[0xffffffb9][0xffffffe7][0xffffffc5]n[0xffffff81][0xffffffee]"
11:45:43.342 [main] DEBUG org.apache.hc.client5.http.wire -- http-outgoing-2 << "[0xfffffff6][0xc][0xffffffb9][0xffffffe1][0xffffff95][0xffffffda][0xffffffd1]MZ([0xffffffb7][0xffffffbb][0xffffffd8][0xffffffb9]j[0xffffffac]`[0xffffff85]r[0xffffffb3]+[0x15]~[0xffffffa9][0xffffff8e]g[0xffffffe0]V[0x17]{[0x13]S[0xffffff83][0xffffffa8]}.[0xffffffde][0x6][0xffffff96]z[0xffffff87]L[0xffffffb9][0xffffffcb]Ea-[0xffffffd6]y[0xffffffb9][0xffffffc7][0xffffffc5][0xffffffcb][0xffffffc2]R[0xffffffa7]E[0xffffff94];\,[0xfffffffd]T(2+[0xfffffffd][0xffffffad][0xffffffa4][0xffffffe8]Jb[0xffffffb8][0xffffffb9][0xffffffc5][0xffffffd0]Te[0xffffffa5][0xffffffb5][0xffffffc5][0x18]Le[0xffffffa5][0xffffffb1]E[0xffffffaf][0xffffffea][0xffffffca][0xffffffdc][0xffffffd6][0x6][0xffffffac]1ZfTZ[0xffffffda][0xffffff80][0xffffffa9][0xffffffd7]eT[0xffffffe9]g[0xffffff83]X[0x17]([0xffffffbd][0xffffffac][0xffffffa7]JW^,}[0xffffffac][0xffffffc7][0xffffffc0]2[0xffffffe1][0x1e][0xffffff96]v<o[0xc][0xfffffff7][0xffffffaf][0xe]s[^[0xffffffe3][0xffffffe6][0x15] [0xffffff94]-[0xffffffe1][0xffffffc6][0x15][0xfffffff0]H@[0xffffffce][0x5]w[0xffffffad][0xffffff96][0x12]\F[0xffffff95][0xffffff96][0xffffffd5]&[0xffffffe1][0xffffff92][0x8][0xffffffb7][0xffffffab]X[0x1a]lY[0xf][0xffffffab]W[0xffffffae][0xffffff9e][0xffffff81]}[0xffffffe2][0xffffffee][0x15][0xffffffef][0xffffffd9][0xffffffb2]U[0xffffffb5]s[0xffffffc5][0xffffff88][0xfffffff1][0xffffffdc]%V[0xffffffdb]V:[0xffffffb3][0xffffff99][0xffffff94][0xffffff96]U9>:[0xffffffdc][0xffffffad]*]I[0xffffffe9]T[0xffffffa9],[0x16]R[0xffffff9a]T[0xffffffa9]I.$dL|[0xffffffbf]L[0xffffff8f][0xfffffff3][0xfffffff9]z[0xffffffdb][0xffffff9f]N[0xffffffd3]1C[0x15][0xffffff81]nv[0xffffff9d][0xffffffcf][0xffffff89][0xffffff91][0x11]K[0x18][0xffffffa8][0xffffff90][0xffffffc3]7"b[0xffffff9d][0xffffffc4][0xffffffdb].[0xffffffef][0xffffff87][0xfffffff6][0x11]?,[0xffffffa3]C6[0x15][0x15][0x1d][0xffffffdc]i[0xffffff9f][0xffffffcf][0x8][0xfffffff6]gtec[0xffffffbd]~[0xfffffff8][0x7][0x18]<[0xfffffffe][0xffffff8d]h[0x13][0x0][0x0]"
11:45:43.343 [main] DEBUG org.apache.hc.client5.http.impl.classic.InternalHttpClient -- ep-0000000004 releasing valid endpoint
11:45:43.343 [main] DEBUG org.apache.hc.client5.http.impl.io.PoolingHttpClientConnectionManager -- ep-0000000004 releasing endpoint
11:45:43.343 [main] DEBUG org.apache.hc.client5.http.impl.io.PoolingHttpClientConnectionManager -- ep-0000000004 connection http-outgoing-2 can be kept alive for 3 MINUTES
11:45:43.343 [main] DEBUG org.apache.hc.client5.http.impl.io.PoolingHttpClientConnectionManager -- ep-0000000004 connection released [route: {s}->https://raw.githubusercontent.com:443][total available: 2; route allocated: 1 of 5; total allocated: 3 of 25]
11:45:43.343 [main] DEBUG io.github.bonigarcia.wdm.versions.VersionDetector -- Driver for chrome121 not found in online properties (using local versions.properties)
11:45:43.343 [main] DEBUG io.github.bonigarcia.wdm.WebDriverManager -- The driver version for CHROME 121 is unknown ... trying with latest
11:45:43.345 [main] DEBUG org.apache.hc.client5.http.impl.classic.InternalHttpClient -- ex-0000000005 preparing request execution
11:45:43.345 [main] DEBUG org.apache.hc.client5.http.impl.classic.ProtocolExec -- ex-0000000005 target auth state: UNCHALLENGED
11:45:43.345 [main] DEBUG org.apache.hc.client5.http.impl.classic.ProtocolExec -- ex-0000000005 proxy auth state: UNCHALLENGED
11:45:43.345 [main] DEBUG org.apache.hc.client5.http.impl.classic.ConnectExec -- ex-0000000005 acquiring connection with route {s}->https://googlechromelabs.github.io:443
11:45:43.345 [main] DEBUG org.apache.hc.client5.http.impl.classic.InternalHttpClient -- ex-0000000005 acquiring endpoint (3 MINUTES)
11:45:43.346 [main] DEBUG org.apache.hc.client5.http.impl.io.PoolingHttpClientConnectionManager -- ex-0000000005 endpoint lease request (3 MINUTES) [route: {s}->https://googlechromelabs.github.io:443][total available: 2; route allocated: 1 of 5; total allocated: 3 of 25]
11:45:43.346 [main] DEBUG org.apache.hc.client5.http.impl.io.PoolingHttpClientConnectionManager -- ex-0000000005 endpoint leased [route: {s}->https://googlechromelabs.github.io:443][total available: 1; route allocated: 1 of 5; total allocated: 3 of 25]
11:45:43.346 [main] DEBUG org.apache.hc.client5.http.impl.io.PoolingHttpClientConnectionManager -- ex-0000000005 acquired ep-0000000005
11:45:43.346 [main] DEBUG org.apache.hc.client5.http.impl.classic.InternalHttpClient -- ex-0000000005 acquired endpoint ep-0000000005
11:45:43.346 [main] DEBUG org.apache.hc.client5.http.impl.classic.MainClientExec -- ex-0000000005 executing GET /chrome-for-testing/last-known-good-versions-with-downloads.json HTTP/1.1
11:45:43.346 [main] DEBUG org.apache.hc.client5.http.protocol.RequestAddCookies -- ex-0000000005 Cookie spec selected: strict
11:45:43.346 [main] DEBUG org.apache.hc.client5.http.impl.classic.InternalHttpClient -- ep-0000000005 start execution ex-0000000005
11:45:43.346 [main] DEBUG org.apache.hc.client5.http.impl.io.PoolingHttpClientConnectionManager -- ep-0000000005 executing exchange ex-0000000005 over http-outgoing-0
11:45:43.346 [main] DEBUG org.apache.hc.client5.http.headers -- http-outgoing-0 >> GET /chrome-for-testing/last-known-good-versions-with-downloads.json HTTP/1.1
11:45:43.346 [main] DEBUG org.apache.hc.client5.http.headers -- http-outgoing-0 >> user-agent: Apache-HttpClient/5.0
11:45:43.346 [main] DEBUG org.apache.hc.client5.http.headers -- http-outgoing-0 >> accept-encoding: gzip, deflate, br
11:45:43.346 [main] DEBUG org.apache.hc.client5.http.headers -- http-outgoing-0 >> cache-control: max-age=0
11:45:43.346 [main] DEBUG org.apache.hc.client5.http.headers -- http-outgoing-0 >> connection: keep-alive
11:45:43.346 [main] DEBUG org.apache.hc.client5.http.headers -- http-outgoing-0 >> Host: googlechromelabs.github.io
11:45:43.346 [main] DEBUG org.apache.hc.client5.http.wire -- http-outgoing-0 >> "GET /chrome-for-testing/last-known-good-versions-with-downloads.json HTTP/1.1[\r][\n]"
11:45:43.346 [main] DEBUG org.apache.hc.client5.http.wire -- http-outgoing-0 >> "user-agent: Apache-HttpClient/5.0[\r][\n]"
11:45:43.346 [main] DEBUG org.apache.hc.client5.http.wire -- http-outgoing-0 >> "accept-encoding: gzip, deflate, br[\r][\n]"
11:45:43.346 [main] DEBUG org.apache.hc.client5.http.wire -- http-outgoing-0 >> "cache-control: max-age=0[\r][\n]"
11:45:43.346 [main] DEBUG org.apache.hc.client5.http.wire -- http-outgoing-0 >> "connection: keep-alive[\r][\n]"
11:45:43.346 [main] DEBUG org.apache.hc.client5.http.wire -- http-outgoing-0 >> "Host: googlechromelabs.github.io[\r][\n]"
11:45:43.346 [main] DEBUG org.apache.hc.client5.http.wire -- http-outgoing-0 >> "[\r][\n]"
11:45:43.517 [main] DEBUG org.apache.hc.client5.http.wire -- http-outgoing-0 << "HTTP/1.1 200 OK[\r][\n]"
11:45:43.517 [main] DEBUG org.apache.hc.client5.http.wire -- http-outgoing-0 << "Connection: keep-alive[\r][\n]"
11:45:43.517 [main] DEBUG org.apache.hc.client5.http.wire -- http-outgoing-0 << "Content-Length: 640[\r][\n]"
11:45:43.517 [main] DEBUG org.apache.hc.client5.http.wire -- http-outgoing-0 << "Server: GitHub.com[\r][\n]"
11:45:43.517 [main] DEBUG org.apache.hc.client5.http.wire -- http-outgoing-0 << "Content-Type: application/json; charset=utf-8[\r][\n]"
11:45:43.517 [main] DEBUG org.apache.hc.client5.http.wire -- http-outgoing-0 << "permissions-policy: interest-cohort=()[\r][\n]"
11:45:43.517 [main] DEBUG org.apache.hc.client5.http.wire -- http-outgoing-0 << "x-origin-cache: HIT[\r][\n]"
11:45:43.517 [main] DEBUG org.apache.hc.client5.http.wire -- http-outgoing-0 << "Last-Modified: Mon, 12 Feb 2024 04:09:36 GMT[\r][\n]"
11:45:43.517 [main] DEBUG org.apache.hc.client5.http.wire -- http-outgoing-0 << "Access-Control-Allow-Origin: *[\r][\n]"
11:45:43.518 [main] DEBUG org.apache.hc.client5.http.wire -- http-outgoing-0 << "Strict-Transport-Security: max-age=31556952[\r][\n]"
11:45:43.518 [main] DEBUG org.apache.hc.client5.http.wire -- http-outgoing-0 << "ETag: W/"65c99a00-229c"[\r][\n]"
11:45:43.518 [main] DEBUG org.apache.hc.client5.http.wire -- http-outgoing-0 << "expires: Mon, 12 Feb 2024 04:21:25 GMT[\r][\n]"
11:45:43.518 [main] DEBUG org.apache.hc.client5.http.wire -- http-outgoing-0 << "Cache-Control: max-age=600[\r][\n]"
11:45:43.518 [main] DEBUG org.apache.hc.client5.http.wire -- http-outgoing-0 << "Content-Encoding: gzip[\r][\n]"
11:45:43.518 [main] DEBUG org.apache.hc.client5.http.wire -- http-outgoing-0 << "x-proxy-cache: HIT[\r][\n]"
11:45:43.518 [main] DEBUG org.apache.hc.client5.http.wire -- http-outgoing-0 << "X-GitHub-Request-Id: 7E68:202855:5C382C1:5E35C94:65C99AB6[\r][\n]"
11:45:43.518 [main] DEBUG org.apache.hc.client5.http.wire -- http-outgoing-0 << "Accept-Ranges: bytes[\r][\n]"
11:45:43.518 [main] DEBUG org.apache.hc.client5.http.wire -- http-outgoing-0 << "Date: Mon, 12 Feb 2024 04:45:43 GMT[\r][\n]"
11:45:43.518 [main] DEBUG org.apache.hc.client5.http.wire -- http-outgoing-0 << "Via: 1.1 varnish[\r][\n]"
11:45:43.518 [main] DEBUG org.apache.hc.client5.http.wire -- http-outgoing-0 << "Age: 119[\r][\n]"
11:45:43.518 [main] DEBUG org.apache.hc.client5.http.wire -- http-outgoing-0 << "X-Served-By: cache-fra-eddf8230125-FRA[\r][\n]"
11:45:43.518 [main] DEBUG org.apache.hc.client5.http.wire -- http-outgoing-0 << "X-Cache: HIT[\r][\n]"
11:45:43.518 [main] DEBUG org.apache.hc.client5.http.wire -- http-outgoing-0 << "X-Cache-Hits: 4[\r][\n]"
11:45:43.518 [main] DEBUG org.apache.hc.client5.http.wire -- http-outgoing-0 << "X-Timer: S1707713144.501274,VS0,VE0[\r][\n]"
11:45:43.518 [main] DEBUG org.apache.hc.client5.http.wire -- http-outgoing-0 << "Vary: Accept-Encoding[\r][\n]"
11:45:43.518 [main] DEBUG org.apache.hc.client5.http.wire -- http-outgoing-0 << "X-Fastly-Request-ID: b2ffd4b838fe86126b94331f1eb28ce0d1e04b43[\r][\n]"
11:45:43.518 [main] DEBUG org.apache.hc.client5.http.wire -- http-outgoing-0 << "[\r][\n]"
11:45:43.518 [main] DEBUG org.apache.hc.client5.http.headers -- http-outgoing-0 << HTTP/1.1 200 OK
11:45:43.518 [main] DEBUG org.apache.hc.client5.http.headers -- http-outgoing-0 << Connection: keep-alive
11:45:43.518 [main] DEBUG org.apache.hc.client5.http.headers -- http-outgoing-0 << Content-Length: 640
11:45:43.518 [main] DEBUG org.apache.hc.client5.http.headers -- http-outgoing-0 << Server: GitHub.com
11:45:43.518 [main] DEBUG org.apache.hc.client5.http.headers -- http-outgoing-0 << Content-Type: application/json; charset=utf-8
11:45:43.518 [main] DEBUG org.apache.hc.client5.http.headers -- http-outgoing-0 << permissions-policy: interest-cohort=()
11:45:43.518 [main] DEBUG org.apache.hc.client5.http.headers -- http-outgoing-0 << x-origin-cache: HIT
11:45:43.518 [main] DEBUG org.apache.hc.client5.http.headers -- http-outgoing-0 << Last-Modified: Mon, 12 Feb 2024 04:09:36 GMT
11:45:43.518 [main] DEBUG org.apache.hc.client5.http.headers -- http-outgoing-0 << Access-Control-Allow-Origin: *
11:45:43.518 [main] DEBUG org.apache.hc.client5.http.headers -- http-outgoing-0 << Strict-Transport-Security: max-age=31556952
11:45:43.518 [main] DEBUG org.apache.hc.client5.http.headers -- http-outgoing-0 << ETag: W/"65c99a00-229c"
11:45:43.518 [main] DEBUG org.apache.hc.client5.http.headers -- http-outgoing-0 << expires: Mon, 12 Feb 2024 04:21:25 GMT
11:45:43.518 [main] DEBUG org.apache.hc.client5.http.headers -- http-outgoing-0 << Cache-Control: max-age=600
11:45:43.518 [main] DEBUG org.apache.hc.client5.http.headers -- http-outgoing-0 << Content-Encoding: gzip
11:45:43.518 [main] DEBUG org.apache.hc.client5.http.headers -- http-outgoing-0 << x-proxy-cache: HIT
11:45:43.518 [main] DEBUG org.apache.hc.client5.http.headers -- http-outgoing-0 << X-GitHub-Request-Id: 7E68:202855:5C382C1:5E35C94:65C99AB6
11:45:43.518 [main] DEBUG org.apache.hc.client5.http.headers -- http-outgoing-0 << Accept-Ranges: bytes
11:45:43.518 [main] DEBUG org.apache.hc.client5.http.headers -- http-outgoing-0 << Date: Mon, 12 Feb 2024 04:45:43 GMT
11:45:43.518 [main] DEBUG org.apache.hc.client5.http.headers -- http-outgoing-0 << Via: 1.1 varnish
11:45:43.519 [main] DEBUG org.apache.hc.client5.http.headers -- http-outgoing-0 << Age: 119
11:45:43.519 [main] DEBUG org.apache.hc.client5.http.headers -- http-outgoing-0 << X-Served-By: cache-fra-eddf8230125-FRA
11:45:43.519 [main] DEBUG org.apache.hc.client5.http.headers -- http-outgoing-0 << X-Cache: HIT
11:45:43.519 [main] DEBUG org.apache.hc.client5.http.headers -- http-outgoing-0 << X-Cache-Hits: 4
11:45:43.519 [main] DEBUG org.apache.hc.client5.http.headers -- http-outgoing-0 << X-Timer: S1707713144.501274,VS0,VE0
11:45:43.519 [main] DEBUG org.apache.hc.client5.http.headers -- http-outgoing-0 << Vary: Accept-Encoding
11:45:43.519 [main] DEBUG org.apache.hc.client5.http.headers -- http-outgoing-0 << X-Fastly-Request-ID: b2ffd4b838fe86126b94331f1eb28ce0d1e04b43
11:45:43.519 [main] DEBUG org.apache.hc.client5.http.impl.classic.MainClientExec -- ex-0000000005 connection can be kept alive for 3 MINUTES
11:45:43.519 [main] DEBUG org.apache.hc.client5.http.wire -- http-outgoing-0 << "[0x1f][0xffffff8b][0x8][0x0][0x0][0x0][0x0][0x0][0x0][0x3][0xffffffcd][0xffffff96][0xffffffcb][0xffffff8e][0xffffff9b]0[0x14][0xffffff86][0xfffffff7]}[0xc][0xffffffaf][0xffffffc1]`[0x8][0xffffffe4][0xffffffb2][0xffffff9c][0xffffff99]7hWSu[0xffffffe1][0x6]7A2[0x10][0xffffff81]'[0xffffffd3]N[0xffffffc4][0xffffffbb][0xffffffd7][0x10][0xffffffc3]p[0xffffffb1][0xffffff99]U|[0xffffff90]"%[0x1c][0xffffff9c]s~[0xffffffd0][0xffffffa7][0xffffffa3][0xffffffef][0xffffff86]D[0xffffff9a][0xffffffb1]J[0xffffffd0][0xffffffec][0xffffff82][0xe]([0xfffffff0][0xffffff83][0xffffff8d][0xffffffeb][0x7].!?[0x2]r[0xfffffff0][0xfffffff7][0xfffffff2][0xffffff83]}B^[0xffffff91][0xffffff83][0xffffff8e]g[0xffffff9a][0xffffffe7][0xffffff8c]W[0xffffffe8]pC[0xffffffdf][0x5][0xfffffffd][0xffffffcd]Y[0xfffffff3]KU[0xffffffe5]_U[0xffffffcd]AWVVi[0xffffff91][0xffffffcb][0x12][0x9][0x8][0xfffffff6]qL[0xffffffe2]-[0xffffffde]E[0xfffffff2]N[0xffffffc9][0xffffffae]i[0x7f]+[0xc][0xffffff89][0xffffffbf][0xffffff95][0xffffffc5][0xffffffa4]x[0xffffffcf]yA[0xffffff93][0xffffffea][0xffffffde][0xffffffae],2[0xffffffd9][0xfffffff8][0xffffffe7][\r]]8[0x15][0x7f][0xffffff8a]2[0xffffff93][0xffffff87]y[0xffffff9a][0xffffffbf][0xfffffffd][0xffffff8d]7[0xfffffff2][0xfffffff0][[0xffffffd9][0xffffff8c]:[0xb]q[0xffffffa9][0xe][0xffffff9e][0xffffffc7][0xffffff92][0x13]K8[0xffffffce][0x18]>][0x5][0xffffffc1][0xffffffc7]"S%[0xffffffef][0xffffffde]G}[0xffffffb9][0xffffffb2][0xffffff8d]+[0xffffffe4]3[0xffffffa6][0xfffffff9][0xffffffc9][0x1b]e[0xfffffff2]T[0xffffffe7][0xffffffee][0xffffffa0][0xffffffba][0xffffffc4][0x1f][0xffffffe9][0x5][0xffffffd5][0xffffffce](CF[0xffffff8f].-[0xffffffb3][0xffffff87][0xffffffa4][0xffffffe8]{wG[0xfffffffb][0xffffff82])[0xffffffc9]c[0xffffffde][0xffffff86][0xffffffea]<Lax[0x1b][0xffffffef]i[0x1e][0x6][0xf]H[0xffffffd0][0xfffffff6][0xffffffed][0xffffff8e][0xffffffb5][0x17][0xffffff86][0xffffffe9][0xf]y[0xfffffffe][0xffffffb6][0xffffffef]`z[0xfffffff7][0xffffffec][0xffffffbf][0x1c][0x5]fR[0xffffffa6][0xffffff92]n(<[0xffffffef][0xffffffd3][0xffffffd7][0x2][0xffffffa9]J[0xffffffb3][\n]"
11:45:43.519 [main] DEBUG org.apache.hc.client5.http.wire -- http-outgoing-0 << "T[0x7]Y[0x0][0xffffff81]U)@[0xffffffb1][0xfffffffd][0xffffffcc]0[0xffffff83][0xffffffd7]=3[0xffffff9a]pVUnuf[0xffffff9c]CQ<[0xffffff89][0xffffffb1][0x16][0xffffff9c][0xffffffa7][0xffffffb1]V[0xffffffc1][0xffffffb5].[0x14] [0xffffffe0][0xffffffd3]8[0xffffffa0][0xffffffa4]k[0xffffffc2][0xfffffff4][0xffffffc8][0xffffffd7][0xffffffb5][0xffffff83][0xffffff9e][0xffffff98][0xffffffa0]cCi+c?[0x9][0xffffff9a][0xffffffe6]ALp[0xffffffb0][0xffffff9f][0xfffffffa]I[0xffffffe4]G;[0x1f][0xffffffc2]O[0x6][0xffffff99][0x0][0xfffffffd]d[0xffffff98][0x2][0xffffffd2]O[0xffffffa6]9[0xffffffec][0xfffffffb][0xffffffc9]0[0xffffff81]}?[0xffffff99]L[0xffffff87][0xfffffff7][0x13]3[0xffffff9e][0xfffffff6][0xfffffffd]d[0x9]R[0xfffffffb]~bF[0xffffffd5][0xffffffae][0xffffff9f][0xffffff98][0xffffff80][0xffffffb5][0xffffffe9]'&l[0xffffffd7][0xffffffe2]'[0xb]K[0x16][0xffffffce]O[0x16]w.[0xffffff9c][0xffffff9f],[0xffffffac]`[0x18]?1nd[0x8]?1.[0xffffffe8]/[0xfffffffc][0xffffffe4][0xffffff85]][0xffffffc7]z[0xffffffd2][0x14][0xffffffc6]v[0x12][0xffffffb6][0xffffffad]w1[0xfffffff6]gr[0xffffffb2]%[0xffffff9b][0x10]BN>#[0x1][0xffffffba][0xffffffc9] [0x4][0xffffffa4][0xffffff9a]Lb[0xffffffd8]7[0xffffff93]A[0x0][0xfffffffb]b2[0x1e][0xe][0xffffffef]%F2[0xffffffed]k[0xffffffc9][0x2][0xffffff9f][0xfffffff6][0xffffffad][0xffffffc4]H[0xffffffa9]])1[0xffffffb0]j[0xffffffd3]I[0xc][0xffffffc4][0xffffffae]EI[0xffffffcc][0xffffffab][0x15][0xffffffce]H[0xffffff96]6-[0xffffff9c][0xffffff90][0xffffff98][0x17]/[0xffffff8c][0xffffff8f][0xffffff98][0xfffffff6]0[0xffffff84][0xffffff8e][0xffffff98][0xffffffd6][0xfffffff2][0x17]6[0xfffffff2]LsZ[0xfffffffe][0x1b][0xb][0xffffff89][0xffffffaa][0xffffffe9][0xffffff9c]d[0x1f]i[0xffffff9c]d[0xffffffb7][0xffffff8f][0x8][0xffffff9c][0xffffff93]4[0xffffff91][0xffffffc0][0xffffff9d][0xffffffa4][\r][0x1][0xffffffef]$}[0xc]('i[0x3]@9I7|-N[0xffffffa2]![0x13][0xffffffca]I[0xffffffb4]|B9[0xffffff89][0xffffff86]R[0x8]'[0xffffff99][0xffffffb1]j[0xffffffdf]If[0xffffffc4][0xffffffae][0xffffffcb]It[0xffffffab][0x15][0xffffffda]I[0xfffffff4][0xffffff9b][0x16][0xffffffda]It[0xffffff8b][0x17][0xffffffd2]I[0xffffffe6]{[0x18][0xffffffce]I[0xffffffe6]ky[0xffffffd1]I[0xffffffea][0xfffffffa][0xffffffdb][0x7f][0xffffffd5][0xffffffa2][0xffffff9a]W[0xffffff9c]"[0x0][0x0]"
11:45:43.521 [main] DEBUG org.apache.hc.client5.http.impl.classic.InternalHttpClient -- ep-0000000005 releasing valid endpoint
11:45:43.521 [main] DEBUG org.apache.hc.client5.http.impl.io.PoolingHttpClientConnectionManager -- ep-0000000005 releasing endpoint
11:45:43.522 [main] DEBUG org.apache.hc.client5.http.impl.io.PoolingHttpClientConnectionManager -- ep-0000000005 connection http-outgoing-0 can be kept alive for 3 MINUTES
11:45:43.522 [main] DEBUG org.apache.hc.client5.http.impl.io.PoolingHttpClientConnectionManager -- ep-0000000005 connection released [route: {s}->https://googlechromelabs.github.io:443][total available: 2; route allocated: 1 of 5; total allocated: 3 of 25]
11:45:43.526 [main] DEBUG io.github.bonigarcia.wdm.WebDriverManager -- Driver to be downloaded chromedriver 121.0.6167.85
11:45:43.527 [main] DEBUG io.github.bonigarcia.wdm.cache.ResolutionCache -- Storing resolution chrome=121 in cache (valid until 12:45:43 12/02/2024 WIB)
11:45:43.528 [main] DEBUG io.github.bonigarcia.wdm.cache.ResolutionCache -- Storing resolution chrome121=121.0.6167.85 in cache (valid until 11:45:43 13/02/2024 WIB)
11:45:43.531 [main] INFO io.github.bonigarcia.wdm.WebDriverManager -- Exporting webdriver.chrome.driver as /Users/fizkiarditiakusuma/.cache/selenium/chromedriver/mac-arm64/121.0.6167.85/chromedriver
  &amp#27;[32mGiven &amp#27;[0m&amp#27;[32mPengguna telah membuka situs Kepabeanan&amp#27;[0m                                      &amp#27;[90m# step_definitions.login.penggunaTelahMembukaSitusKepabeanan()&amp#27;[0m
  &amp#27;[32mWhen &amp#27;[0m&amp#27;[32mPengguna memasukkan Nama Pengguna dan Kata Sandi dengan Data Valid di halaman&amp#27;[0m &amp#27;[90m# step_definitions.login.penggunaMemasukkanNamaPenggunaDanKataSandiDenganDataValidDiHalaman()&amp#27;[0m
  &amp#27;[32mThen &amp#27;[0m&amp#27;[32mPengguna sudah berada di halaman arahan&amp#27;[0m                                       &amp#27;[90m# step_definitions.login.penggunaSudahBeradaDiHalamanArahan()&amp#27;[0m
  &amp#27;[32mAnd &amp#27;[0m&amp#27;[32mPengguna Konfirmasi kembali untuk verifikasi login&amp#27;[0m                             &amp#27;[90m# step_definitions.login.penggunaKonfirmasiKembaliUntukVerifikasiLogin()&amp#27;[0m
  &amp#27;[32mThen &amp#27;[0m&amp#27;[32mPengguna Memilih masuk ke menu pemberitahuan pengabean KEK&amp#27;[0m                    &amp#27;[90m# step_definitions.alurSubmitData.penggunaMemilihMasukKeMenuPemberitahuanPengabeanKEK()&amp#27;[0m
  &amp#27;[32mAnd &amp#27;[0m&amp#27;[32mPengguna mengisi semua formulir tahapan Data Perusahaan yang dibutuhkan&amp#27;[0m        &amp#27;[90m# step_definitions.alurSubmitData.penggunamengisisemuaformulirtahapanDataPerusahaanyangdibutuhkan()&amp#27;[0m
  &amp#27;[32mThen &amp#27;[0m&amp#27;[32mPengguna mengisi lanjutan formulir tahapan Data Transportasi yang diperlukan&amp#27;[0m  &amp#27;[90m# step_definitions.alurSubmitData.penggunaMengisiLanjutanFormulirTahapanDataTransportasiYangDiperlukan()&amp#27;[0m
  &amp#27;[32mAnd &amp#27;[0m&amp#27;[32mPenguna mengisi lanjutan formulir tahapan Data Komoditi yang di butuhkan&amp#27;[0m       &amp#27;[90m# step_definitions.alurSubmitData.pengunaMengisiLanjutanFormulirTahapanDataKomoditiYangDiButuhkan()&amp#27;[0m
  &amp#27;[32mThen &amp#27;[0m&amp#27;[32mPengguna mengisi lanjutan formulir tahapan Data Layanan&amp#27;[0m                       &amp#27;[90m# step_definitions.alurSubmitData.penggunaMengisiLanjutanFormulirTahapanDataLayanan()&amp#27;[0m
]]></system-out>
  </testcase>
  <testcase name="LG 001 - login Normal" classname="login" time="28.444">
    <system-out><![CDATA[
@login
Scenario: LG 001 - login Normal                                                      &amp#27;[90m# features//login.feature:9&amp#27;[0m
11:47:49.634 [main] DEBUG io.github.bonigarcia.wdm.WebDriverManager -- Using WebDriverManager 5.6.3
11:47:49.640 [main] DEBUG io.github.bonigarcia.wdm.WebDriverManager -- Using URL built from repository pattern: https://edgedl.me.gvt1.com/edgedl/chrome/chrome-for-testing/121.0.6167.139/mac-arm64/chromedriver-mac-arm64.zip
11:47:49.640 [main] DEBUG org.apache.hc.client5.http.impl.classic.InternalHttpClient -- ex-0000000006 preparing request execution
11:47:49.640 [main] DEBUG org.apache.hc.client5.http.impl.classic.ProtocolExec -- ex-0000000006 target auth state: UNCHALLENGED
11:47:49.640 [main] DEBUG org.apache.hc.client5.http.impl.classic.ProtocolExec -- ex-0000000006 proxy auth state: UNCHALLENGED
11:47:49.640 [main] DEBUG org.apache.hc.client5.http.impl.classic.ConnectExec -- ex-0000000006 acquiring connection with route {s}->https://googlechromelabs.github.io:443
11:47:49.640 [main] DEBUG org.apache.hc.client5.http.impl.classic.InternalHttpClient -- ex-0000000006 acquiring endpoint (3 MINUTES)
11:47:49.641 [main] DEBUG org.apache.hc.client5.http.impl.io.PoolingHttpClientConnectionManager -- ex-0000000006 endpoint lease request (3 MINUTES) [route: {s}->https://googlechromelabs.github.io:443][total available: 0; route allocated: 0 of 5; total allocated: 0 of 25]
11:47:49.641 [main] DEBUG org.apache.hc.client5.http.impl.io.PoolingHttpClientConnectionManager -- ex-0000000006 endpoint leased [route: {s}->https://googlechromelabs.github.io:443][total available: 0; route allocated: 1 of 5; total allocated: 1 of 25]
11:47:49.641 [main] DEBUG org.apache.hc.client5.http.impl.io.PoolingHttpClientConnectionManager -- ex-0000000006 acquired ep-0000000006
11:47:49.641 [main] DEBUG org.apache.hc.client5.http.impl.classic.InternalHttpClient -- ex-0000000006 acquired endpoint ep-0000000006
11:47:49.641 [main] DEBUG org.apache.hc.client5.http.impl.classic.ConnectExec -- ex-0000000006 opening connection {s}->https://googlechromelabs.github.io:443
11:47:49.641 [main] DEBUG org.apache.hc.client5.http.impl.classic.InternalHttpClient -- ep-0000000006 connecting endpoint (null)
11:47:49.641 [main] DEBUG org.apache.hc.client5.http.impl.io.PoolingHttpClientConnectionManager -- ep-0000000006 connecting endpoint to https://googlechromelabs.github.io:443 (30 SECONDS)
11:47:49.641 [main] DEBUG org.apache.hc.client5.http.impl.io.DefaultHttpClientConnectionOperator -- googlechromelabs.github.io resolving remote address
11:47:49.642 [main] DEBUG org.apache.hc.client5.http.impl.io.DefaultHttpClientConnectionOperator -- googlechromelabs.github.io resolved to [googlechromelabs.github.io/185.199.110.153, googlechromelabs.github.io/185.199.111.153, googlechromelabs.github.io/185.199.108.153, googlechromelabs.github.io/185.199.109.153, googlechromelabs.github.io/2606:50c0:8003:0:0:0:0:153, googlechromelabs.github.io/2606:50c0:8000:0:0:0:0:153, googlechromelabs.github.io/2606:50c0:8002:0:0:0:0:153, googlechromelabs.github.io/2606:50c0:8001:0:0:0:0:153]
11:47:49.642 [main] DEBUG org.apache.hc.client5.http.impl.io.DefaultHttpClientConnectionOperator -- googlechromelabs.github.io:443 connecting null->googlechromelabs.github.io/185.199.110.153:443 (30 SECONDS)
11:47:49.642 [main] DEBUG org.apache.hc.client5.http.ssl.SSLConnectionSocketFactory -- Connecting socket to googlechromelabs.github.io/185.199.110.153:443 with timeout 30 SECONDS
11:47:49.945 [main] DEBUG org.apache.hc.client5.http.ssl.SSLConnectionSocketFactory -- Enabled protocols: [TLSv1.3, TLSv1.2]
11:47:49.946 [main] DEBUG org.apache.hc.client5.http.ssl.SSLConnectionSocketFactory -- Enabled cipher suites: [TLS_AES_256_GCM_SHA384, TLS_AES_128_GCM_SHA256, TLS_CHACHA20_POLY1305_SHA256, TLS_ECDHE_ECDSA_WITH_AES_256_GCM_SHA384, TLS_ECDHE_ECDSA_WITH_AES_128_GCM_SHA256, TLS_ECDHE_ECDSA_WITH_CHACHA20_POLY1305_SHA256, TLS_ECDHE_RSA_WITH_AES_256_GCM_SHA384, TLS_ECDHE_RSA_WITH_CHACHA20_POLY1305_SHA256, TLS_ECDHE_RSA_WITH_AES_128_GCM_SHA256, TLS_DHE_RSA_WITH_AES_256_GCM_SHA384, TLS_DHE_RSA_WITH_CHACHA20_POLY1305_SHA256, TLS_DHE_DSS_WITH_AES_256_GCM_SHA384, TLS_DHE_RSA_WITH_AES_128_GCM_SHA256, TLS_DHE_DSS_WITH_AES_128_GCM_SHA256, TLS_ECDHE_ECDSA_WITH_AES_256_CBC_SHA384, TLS_ECDHE_RSA_WITH_AES_256_CBC_SHA384, TLS_ECDHE_ECDSA_WITH_AES_128_CBC_SHA256, TLS_ECDHE_RSA_WITH_AES_128_CBC_SHA256, TLS_DHE_RSA_WITH_AES_256_CBC_SHA256, TLS_DHE_DSS_WITH_AES_256_CBC_SHA256, TLS_DHE_RSA_WITH_AES_128_CBC_SHA256, TLS_DHE_DSS_WITH_AES_128_CBC_SHA256, TLS_ECDH_ECDSA_WITH_AES_256_GCM_SHA384, TLS_ECDH_RSA_WITH_AES_256_GCM_SHA384, TLS_ECDH_ECDSA_WITH_AES_128_GCM_SHA256, TLS_ECDH_RSA_WITH_AES_128_GCM_SHA256, TLS_ECDH_ECDSA_WITH_AES_256_CBC_SHA384, TLS_ECDH_RSA_WITH_AES_256_CBC_SHA384, TLS_ECDH_ECDSA_WITH_AES_128_CBC_SHA256, TLS_ECDH_RSA_WITH_AES_128_CBC_SHA256, TLS_ECDHE_ECDSA_WITH_AES_256_CBC_SHA, TLS_ECDHE_RSA_WITH_AES_256_CBC_SHA, TLS_ECDHE_ECDSA_WITH_AES_128_CBC_SHA, TLS_ECDHE_RSA_WITH_AES_128_CBC_SHA, TLS_DHE_RSA_WITH_AES_256_CBC_SHA, TLS_DHE_DSS_WITH_AES_256_CBC_SHA, TLS_DHE_RSA_WITH_AES_128_CBC_SHA, TLS_DHE_DSS_WITH_AES_128_CBC_SHA, TLS_ECDH_ECDSA_WITH_AES_256_CBC_SHA, TLS_ECDH_RSA_WITH_AES_256_CBC_SHA, TLS_ECDH_ECDSA_WITH_AES_128_CBC_SHA, TLS_ECDH_RSA_WITH_AES_128_CBC_SHA, TLS_RSA_WITH_AES_256_GCM_SHA384, TLS_RSA_WITH_AES_128_GCM_SHA256, TLS_RSA_WITH_AES_256_CBC_SHA256, TLS_RSA_WITH_AES_128_CBC_SHA256, TLS_RSA_WITH_AES_256_CBC_SHA, TLS_RSA_WITH_AES_128_CBC_SHA, TLS_EMPTY_RENEGOTIATION_INFO_SCSV]
11:47:49.946 [main] DEBUG org.apache.hc.client5.http.ssl.SSLConnectionSocketFactory -- Starting handshake (null)
11:47:50.136 [main] DEBUG org.apache.hc.client5.http.ssl.SSLConnectionSocketFactory -- Secure session established
11:47:50.137 [main] DEBUG org.apache.hc.client5.http.ssl.SSLConnectionSocketFactory --  negotiated protocol: TLSv1.3
11:47:50.137 [main] DEBUG org.apache.hc.client5.http.ssl.SSLConnectionSocketFactory --  negotiated cipher suite: TLS_AES_128_GCM_SHA256
11:47:50.137 [main] DEBUG org.apache.hc.client5.http.ssl.SSLConnectionSocketFactory --  peer principal: CN=*.github.io, O="GitHub, Inc.", L=San Francisco, ST=California, C=US
11:47:50.137 [main] DEBUG org.apache.hc.client5.http.ssl.SSLConnectionSocketFactory --  peer alternative names: [*.github.io, github.io, *.github.com, github.com, www.github.com, *.githubusercontent.com, githubusercontent.com]
11:47:50.137 [main] DEBUG org.apache.hc.client5.http.ssl.SSLConnectionSocketFactory --  issuer principal: CN=DigiCert TLS RSA SHA256 2020 CA1, O=DigiCert Inc, C=US
11:47:50.137 [main] DEBUG org.apache.hc.client5.http.impl.io.DefaultManagedHttpClientConnection -- http-outgoing-3 set socket timeout to 3 MINUTES
11:47:50.137 [main] DEBUG org.apache.hc.client5.http.impl.io.DefaultHttpClientConnectionOperator -- googlechromelabs.github.io:443 connected null->googlechromelabs.github.io/185.199.110.153:443 as http-outgoing-3
11:47:50.137 [main] DEBUG org.apache.hc.client5.http.impl.io.PoolingHttpClientConnectionManager -- ep-0000000006 connected http-outgoing-3
11:47:50.137 [main] DEBUG org.apache.hc.client5.http.impl.classic.InternalHttpClient -- ep-0000000006 endpoint connected
11:47:50.137 [main] DEBUG org.apache.hc.client5.http.impl.classic.MainClientExec -- ex-0000000006 executing GET /chrome-for-testing/last-known-good-versions-with-downloads.json HTTP/1.1
11:47:50.137 [main] DEBUG org.apache.hc.client5.http.protocol.RequestAddCookies -- ex-0000000006 Cookie spec selected: strict
11:47:50.137 [main] DEBUG org.apache.hc.client5.http.impl.classic.InternalHttpClient -- ep-0000000006 start execution ex-0000000006
11:47:50.137 [main] DEBUG org.apache.hc.client5.http.impl.io.PoolingHttpClientConnectionManager -- ep-0000000006 executing exchange ex-0000000006 over http-outgoing-3
11:47:50.137 [main] DEBUG org.apache.hc.client5.http.headers -- http-outgoing-3 >> GET /chrome-for-testing/last-known-good-versions-with-downloads.json HTTP/1.1
11:47:50.137 [main] DEBUG org.apache.hc.client5.http.headers -- http-outgoing-3 >> user-agent: Apache-HttpClient/5.0
11:47:50.137 [main] DEBUG org.apache.hc.client5.http.headers -- http-outgoing-3 >> accept-encoding: gzip, deflate, br
11:47:50.137 [main] DEBUG org.apache.hc.client5.http.headers -- http-outgoing-3 >> cache-control: max-age=0
11:47:50.137 [main] DEBUG org.apache.hc.client5.http.headers -- http-outgoing-3 >> connection: keep-alive
11:47:50.137 [main] DEBUG org.apache.hc.client5.http.headers -- http-outgoing-3 >> Host: googlechromelabs.github.io
11:47:50.138 [main] DEBUG org.apache.hc.client5.http.wire -- http-outgoing-3 >> "GET /chrome-for-testing/last-known-good-versions-with-downloads.json HTTP/1.1[\r][\n]"
11:47:50.138 [main] DEBUG org.apache.hc.client5.http.wire -- http-outgoing-3 >> "user-agent: Apache-HttpClient/5.0[\r][\n]"
11:47:50.138 [main] DEBUG org.apache.hc.client5.http.wire -- http-outgoing-3 >> "accept-encoding: gzip, deflate, br[\r][\n]"
11:47:50.138 [main] DEBUG org.apache.hc.client5.http.wire -- http-outgoing-3 >> "cache-control: max-age=0[\r][\n]"
11:47:50.138 [main] DEBUG org.apache.hc.client5.http.wire -- http-outgoing-3 >> "connection: keep-alive[\r][\n]"
11:47:50.138 [main] DEBUG org.apache.hc.client5.http.wire -- http-outgoing-3 >> "Host: googlechromelabs.github.io[\r][\n]"
11:47:50.138 [main] DEBUG org.apache.hc.client5.http.wire -- http-outgoing-3 >> "[\r][\n]"
11:47:50.307 [main] DEBUG org.apache.hc.client5.http.wire -- http-outgoing-3 << "HTTP/1.1 200 OK[\r][\n]"
11:47:50.307 [main] DEBUG org.apache.hc.client5.http.wire -- http-outgoing-3 << "Connection: keep-alive[\r][\n]"
11:47:50.307 [main] DEBUG org.apache.hc.client5.http.wire -- http-outgoing-3 << "Content-Length: 640[\r][\n]"
11:47:50.307 [main] DEBUG org.apache.hc.client5.http.wire -- http-outgoing-3 << "Server: GitHub.com[\r][\n]"
11:47:50.307 [main] DEBUG org.apache.hc.client5.http.wire -- http-outgoing-3 << "Content-Type: application/json; charset=utf-8[\r][\n]"
11:47:50.307 [main] DEBUG org.apache.hc.client5.http.wire -- http-outgoing-3 << "permissions-policy: interest-cohort=()[\r][\n]"
11:47:50.307 [main] DEBUG org.apache.hc.client5.http.wire -- http-outgoing-3 << "x-origin-cache: HIT[\r][\n]"
11:47:50.307 [main] DEBUG org.apache.hc.client5.http.wire -- http-outgoing-3 << "Last-Modified: Mon, 12 Feb 2024 04:09:36 GMT[\r][\n]"
11:47:50.307 [main] DEBUG org.apache.hc.client5.http.wire -- http-outgoing-3 << "Access-Control-Allow-Origin: *[\r][\n]"
11:47:50.307 [main] DEBUG org.apache.hc.client5.http.wire -- http-outgoing-3 << "Strict-Transport-Security: max-age=31556952[\r][\n]"
11:47:50.307 [main] DEBUG org.apache.hc.client5.http.wire -- http-outgoing-3 << "ETag: W/"65c99a00-229c"[\r][\n]"
11:47:50.307 [main] DEBUG org.apache.hc.client5.http.wire -- http-outgoing-3 << "expires: Mon, 12 Feb 2024 04:21:25 GMT[\r][\n]"
11:47:50.307 [main] DEBUG org.apache.hc.client5.http.wire -- http-outgoing-3 << "Cache-Control: max-age=600[\r][\n]"
11:47:50.307 [main] DEBUG org.apache.hc.client5.http.wire -- http-outgoing-3 << "Content-Encoding: gzip[\r][\n]"
11:47:50.307 [main] DEBUG org.apache.hc.client5.http.wire -- http-outgoing-3 << "x-proxy-cache: HIT[\r][\n]"
11:47:50.307 [main] DEBUG org.apache.hc.client5.http.wire -- http-outgoing-3 << "X-GitHub-Request-Id: 7E68:202855:5C382C1:5E35C94:65C99AB6[\r][\n]"
11:47:50.307 [main] DEBUG org.apache.hc.client5.http.wire -- http-outgoing-3 << "Accept-Ranges: bytes[\r][\n]"
11:47:50.307 [main] DEBUG org.apache.hc.client5.http.wire -- http-outgoing-3 << "Date: Mon, 12 Feb 2024 04:47:50 GMT[\r][\n]"
11:47:50.308 [main] DEBUG org.apache.hc.client5.http.wire -- http-outgoing-3 << "Via: 1.1 varnish[\r][\n]"
11:47:50.308 [main] DEBUG org.apache.hc.client5.http.wire -- http-outgoing-3 << "Age: 246[\r][\n]"
11:47:50.308 [main] DEBUG org.apache.hc.client5.http.wire -- http-outgoing-3 << "X-Served-By: cache-fra-eddf8230028-FRA[\r][\n]"
11:47:50.308 [main] DEBUG org.apache.hc.client5.http.wire -- http-outgoing-3 << "X-Cache: HIT[\r][\n]"
11:47:50.308 [main] DEBUG org.apache.hc.client5.http.wire -- http-outgoing-3 << "X-Cache-Hits: 3[\r][\n]"
11:47:50.308 [main] DEBUG org.apache.hc.client5.http.wire -- http-outgoing-3 << "X-Timer: S1707713270.294683,VS0,VE0[\r][\n]"
11:47:50.308 [main] DEBUG org.apache.hc.client5.http.wire -- http-outgoing-3 << "Vary: Accept-Encoding[\r][\n]"
11:47:50.308 [main] DEBUG org.apache.hc.client5.http.wire -- http-outgoing-3 << "X-Fastly-Request-ID: 1aaa6e0270b97ed21640f4d5ef79951b74048c67[\r][\n]"
11:47:50.308 [main] DEBUG org.apache.hc.client5.http.wire -- http-outgoing-3 << "[\r][\n]"
11:47:50.308 [main] DEBUG org.apache.hc.client5.http.headers -- http-outgoing-3 << HTTP/1.1 200 OK
11:47:50.308 [main] DEBUG org.apache.hc.client5.http.headers -- http-outgoing-3 << Connection: keep-alive
11:47:50.308 [main] DEBUG org.apache.hc.client5.http.headers -- http-outgoing-3 << Content-Length: 640
11:47:50.308 [main] DEBUG org.apache.hc.client5.http.headers -- http-outgoing-3 << Server: GitHub.com
11:47:50.308 [main] DEBUG org.apache.hc.client5.http.headers -- http-outgoing-3 << Content-Type: application/json; charset=utf-8
11:47:50.308 [main] DEBUG org.apache.hc.client5.http.headers -- http-outgoing-3 << permissions-policy: interest-cohort=()
11:47:50.308 [main] DEBUG org.apache.hc.client5.http.headers -- http-outgoing-3 << x-origin-cache: HIT
11:47:50.309 [main] DEBUG org.apache.hc.client5.http.headers -- http-outgoing-3 << Last-Modified: Mon, 12 Feb 2024 04:09:36 GMT
11:47:50.309 [main] DEBUG org.apache.hc.client5.http.headers -- http-outgoing-3 << Access-Control-Allow-Origin: *
11:47:50.309 [main] DEBUG org.apache.hc.client5.http.headers -- http-outgoing-3 << Strict-Transport-Security: max-age=31556952
11:47:50.309 [main] DEBUG org.apache.hc.client5.http.headers -- http-outgoing-3 << ETag: W/"65c99a00-229c"
11:47:50.309 [main] DEBUG org.apache.hc.client5.http.headers -- http-outgoing-3 << expires: Mon, 12 Feb 2024 04:21:25 GMT
11:47:50.309 [main] DEBUG org.apache.hc.client5.http.headers -- http-outgoing-3 << Cache-Control: max-age=600
11:47:50.309 [main] DEBUG org.apache.hc.client5.http.headers -- http-outgoing-3 << Content-Encoding: gzip
11:47:50.309 [main] DEBUG org.apache.hc.client5.http.headers -- http-outgoing-3 << x-proxy-cache: HIT
11:47:50.309 [main] DEBUG org.apache.hc.client5.http.headers -- http-outgoing-3 << X-GitHub-Request-Id: 7E68:202855:5C382C1:5E35C94:65C99AB6
11:47:50.309 [main] DEBUG org.apache.hc.client5.http.headers -- http-outgoing-3 << Accept-Ranges: bytes
11:47:50.309 [main] DEBUG org.apache.hc.client5.http.headers -- http-outgoing-3 << Date: Mon, 12 Feb 2024 04:47:50 GMT
11:47:50.309 [main] DEBUG org.apache.hc.client5.http.headers -- http-outgoing-3 << Via: 1.1 varnish
11:47:50.309 [main] DEBUG org.apache.hc.client5.http.headers -- http-outgoing-3 << Age: 246
11:47:50.309 [main] DEBUG org.apache.hc.client5.http.headers -- http-outgoing-3 << X-Served-By: cache-fra-eddf8230028-FRA
11:47:50.309 [main] DEBUG org.apache.hc.client5.http.headers -- http-outgoing-3 << X-Cache: HIT
11:47:50.309 [main] DEBUG org.apache.hc.client5.http.headers -- http-outgoing-3 << X-Cache-Hits: 3
11:47:50.309 [main] DEBUG org.apache.hc.client5.http.headers -- http-outgoing-3 << X-Timer: S1707713270.294683,VS0,VE0
11:47:50.309 [main] DEBUG org.apache.hc.client5.http.headers -- http-outgoing-3 << Vary: Accept-Encoding
11:47:50.309 [main] DEBUG org.apache.hc.client5.http.headers -- http-outgoing-3 << X-Fastly-Request-ID: 1aaa6e0270b97ed21640f4d5ef79951b74048c67
11:47:50.310 [main] DEBUG org.apache.hc.client5.http.impl.classic.MainClientExec -- ex-0000000006 connection can be kept alive for 3 MINUTES
11:47:50.310 [main] DEBUG org.apache.hc.client5.http.wire -- http-outgoing-3 << "[0x1f][0xffffff8b][0x8][0x0][0x0][0x0][0x0][0x0][0x0][0x3][0xffffffcd][0xffffff96][0xffffffcb][0xffffff8e][0xffffff9b]0[0x14][0xffffff86][0xfffffff7]}[0xc][0xffffffaf][0xffffffc1]`[0x8][0xffffffe4][0xffffffb2][0xffffff9c][0xffffff99]7hWSu[0xffffffe1][0x6]7A2[0x10][0xffffff81]'[0xffffffd3]N[0xffffffc4][0xffffffbb][0xffffffd7][0x10][0xffffffc3]p[0xffffffb1][0xffffff99]U|[0xffffff90]"%[0x1c][0xffffff9c]s~[0xffffffd0][0xffffffa7][0xffffffa3][0xffffffef][0xffffff86]D[0xffffff9a][0xffffffb1]J[0xffffffd0][0xffffffec][0xffffff82][0xe]([0xfffffff0][0xffffff83][0xffffff8d][0xffffffeb][0x7].!?[0x2]r[0xfffffff0][0xfffffff7][0xfffffff2][0xffffff83]}B^[0xffffff91][0xffffff83][0xffffff8e]g[0xffffff9a][0xffffffe7][0xffffff8c]W[0xffffffe8]pC[0xffffffdf][0x5][0xfffffffd][0xffffffcd]Y[0xfffffff3]KU[0xffffffe5]_U[0xffffffcd]AWVVi[0xffffff91][0xffffffcb][0x12][0x9][0x8][0xfffffff6]qL[0xffffffe2]-[0xffffffde]E[0xfffffff2]N[0xffffffc9][0xffffffae]i[0x7f]+[0xc][0xffffff89][0xffffffbf][0xffffff95][0xffffffc5][0xffffffa4]x[0xffffffcf]yA[0xffffff93][0xffffffea][0xffffffde][0xffffffae],2[0xffffffd9][0xfffffff8][0xffffffe7][\r]]8[0x15][0x7f][0xffffff8a]2[0xffffff93][0xffffff87]y[0xffffff9a][0xffffffbf][0xfffffffd][0xffffff8d]7[0xfffffff2][0xfffffff0][[0xffffffd9][0xffffff8c]:[0xb]q[0xffffffa9][0xe][0xffffff9e][0xffffffc7][0xffffff92][0x13]K8[0xffffffce][0x18]>][0x5][0xffffffc1][0xffffffc7]"S%[0xffffffef][0xffffffde]G}[0xffffffb9][0xffffffb2][0xffffff8d]+[0xffffffe4]3[0xffffffa6][0xfffffff9][0xffffffc9][0x1b]e[0xfffffff2]T[0xffffffe7][0xffffffee][0xffffffa0][0xffffffba][0xffffffc4][0x1f][0xffffffe9][0x5][0xffffffd5][0xffffffce](CF[0xffffff8f].-[0xffffffb3][0xffffff87][0xffffffa4][0xffffffe8]{wG[0xfffffffb][0xffffff82])[0xffffffc9]c[0xffffffde][0xffffff86][0xffffffea]<Lax[0x1b][0xffffffef]i[0x1e][0x6][0xf]H[0xffffffd0][0xfffffff6][0xffffffed][0xffffff8e][0xffffffb5][0x17][0xffffff86][0xffffffe9][0xf]y[0xfffffffe][0xffffffb6][0xffffffef]`z[0xfffffff7][0xffffffec][0xffffffbf][0x1c][0x5]fR[0xffffffa6][0xffffff92]n(<[0xffffffef][0xffffffd3][0xffffffd7][0x2][0xffffffa9]J[0xffffffb3][\n]"
11:47:50.311 [main] DEBUG org.apache.hc.client5.http.wire -- http-outgoing-3 << "T[0x7]Y[0x0][0xffffff81]U)@[0xffffffb1][0xfffffffd][0xffffffcc]0[0xffffff83][0xffffffd7]=3[0xffffff9a]pVUnuf[0xffffff9c]CQ<[0xffffff89][0xffffffb1][0x16][0xffffff9c][0xffffffa7][0xffffffb1]V[0xffffffc1][0xffffffb5].[0x14] [0xffffffe0][0xffffffd3]8[0xffffffa0][0xffffffa4]k[0xffffffc2][0xfffffff4][0xffffffc8][0xffffffd7][0xffffffb5][0xffffff83][0xffffff9e][0xffffff98][0xffffffa0]cCi+c?[0x9][0xffffff9a][0xffffffe6]ALp[0xffffffb0][0xffffff9f][0xfffffffa]I[0xffffffe4]G;[0x1f][0xffffffc2]O[0x6][0xffffff99][0x0][0xfffffffd]d[0xffffff98][0x2][0xffffffd2]O[0xffffffa6]9[0xffffffec][0xfffffffb][0xffffffc9]0[0xffffff81]}?[0xffffff99]L[0xffffff87][0xfffffff7][0x13]3[0xffffff9e][0xfffffff6][0xfffffffd]d[0x9]R[0xfffffffb]~bF[0xffffffd5][0xffffffae][0xffffff9f][0xffffff98][0xffffff80][0xffffffb5][0xffffffe9]'&l[0xffffffd7][0xffffffe2]'[0xb]K[0x16][0xffffffce]O[0x16]w.[0xffffff9c][0xffffff9f],[0xffffffac]`[0x18]?1nd[0x8]?1.[0xffffffe8]/[0xfffffffc][0xffffffe4][0xffffff85]][0xffffffc7]z[0xffffffd2][0x14][0xffffffc6]v[0x12][0xffffffb6][0xffffffad]w1[0xfffffff6]gr[0xffffffb2]%[0xffffff9b][0x10]BN>#[0x1][0xffffffba][0xffffffc9] [0x4][0xffffffa4][0xffffff9a]Lb[0xffffffd8]7[0xffffff93]A[0x0][0xfffffffb]b2[0x1e][0xe][0xffffffef]%F2[0xffffffed]k[0xffffffc9][0x2][0xffffff9f][0xfffffff6][0xffffffad][0xffffffc4]H[0xffffffa9]])1[0xffffffb0]j[0xffffffd3]I[0xc][0xffffffc4][0xffffffae]EI[0xffffffcc][0xffffffab][0x15][0xffffffce]H[0xffffff96]6-[0xffffff9c][0xffffff90][0xffffff98][0x17]/[0xffffff8c][0xffffff8f][0xffffff98][0xfffffff6]0[0xffffff84][0xffffff8e][0xffffff98][0xffffffd6][0xfffffff2][0x17]6[0xfffffff2]LsZ[0xfffffffe][0x1b][0xb][0xffffff89][0xffffffaa][0xffffffe9][0xffffff9c]d[0x1f]i[0xffffff9c]d[0xffffffb7][0xffffff8f][0x8][0xffffff9c][0xffffff93]4[0xffffff91][0xffffffc0][0xffffff9d][0xffffffa4][\r][0x1][0xffffffef]$}[0xc]('i[0x3]@9I7|-N[0xffffffa2]![0x13][0xffffffca]I[0xffffffb4]|B9[0xffffff89][0xffffff86]R[0x8]'[0xffffff99][0xffffffb1]j[0xffffffdf]If[0xffffffc4][0xffffffae][0xffffffcb]It[0xffffffab][0x15][0xffffffda]I[0xfffffff4][0xffffff9b][0x16][0xffffffda]It[0xffffff8b][0x17][0xffffffd2]I[0xffffffe6]{[0x18][0xffffffce]I[0xffffffe6]ky[0xffffffd1]I[0xffffffea][0xfffffffa][0xffffffdb][0x7f][0xffffffd5][0xffffffa2][0xffffff9a]W[0xffffff9c]"[0x0][0x0]"
11:47:50.315 [main] DEBUG org.apache.hc.client5.http.impl.classic.InternalHttpClient -- ep-0000000006 releasing valid endpoint
11:47:50.315 [main] DEBUG org.apache.hc.client5.http.impl.io.PoolingHttpClientConnectionManager -- ep-0000000006 releasing endpoint
11:47:50.316 [main] DEBUG org.apache.hc.client5.http.impl.io.PoolingHttpClientConnectionManager -- ep-0000000006 connection http-outgoing-3 can be kept alive for 3 MINUTES
11:47:50.316 [main] DEBUG org.apache.hc.client5.http.impl.io.PoolingHttpClientConnectionManager -- ep-0000000006 connection released [route: {s}->https://googlechromelabs.github.io:443][total available: 1; route allocated: 1 of 5; total allocated: 1 of 25]
11:47:50.316 [main] DEBUG io.github.bonigarcia.wdm.WebDriverManager -- Driver to be downloaded chromedriver 121.0.6167.139
11:47:50.317 [main] DEBUG io.github.bonigarcia.wdm.WebDriverManager -- Using URL built from repository pattern: https://edgedl.me.gvt1.com/edgedl/chrome/chrome-for-testing/121.0.6167.139/mac-arm64/chromedriver-mac-arm64.zip
11:47:50.318 [main] INFO io.github.bonigarcia.wdm.online.Downloader -- Downloading https://edgedl.me.gvt1.com/edgedl/chrome/chrome-for-testing/121.0.6167.139/mac-arm64/chromedriver-mac-arm64.zip
11:47:50.319 [main] DEBUG org.apache.hc.client5.http.impl.classic.InternalHttpClient -- ex-0000000007 preparing request execution
11:47:50.319 [main] DEBUG org.apache.hc.client5.http.impl.classic.ProtocolExec -- ex-0000000007 target auth state: UNCHALLENGED
11:47:50.319 [main] DEBUG org.apache.hc.client5.http.impl.classic.ProtocolExec -- ex-0000000007 proxy auth state: UNCHALLENGED
11:47:50.319 [main] DEBUG org.apache.hc.client5.http.impl.classic.ConnectExec -- ex-0000000007 acquiring connection with route {s}->https://edgedl.me.gvt1.com:443
11:47:50.319 [main] DEBUG org.apache.hc.client5.http.impl.classic.InternalHttpClient -- ex-0000000007 acquiring endpoint (3 MINUTES)
11:47:50.319 [main] DEBUG org.apache.hc.client5.http.impl.io.PoolingHttpClientConnectionManager -- ex-0000000007 endpoint lease request (3 MINUTES) [route: {s}->https://edgedl.me.gvt1.com:443][total available: 1; route allocated: 0 of 5; total allocated: 1 of 25]
11:47:50.319 [main] DEBUG org.apache.hc.client5.http.impl.io.PoolingHttpClientConnectionManager -- ex-0000000007 endpoint leased [route: {s}->https://edgedl.me.gvt1.com:443][total available: 1; route allocated: 1 of 5; total allocated: 2 of 25]
11:47:50.319 [main] DEBUG org.apache.hc.client5.http.impl.io.PoolingHttpClientConnectionManager -- ex-0000000007 acquired ep-0000000007
11:47:50.319 [main] DEBUG org.apache.hc.client5.http.impl.classic.InternalHttpClient -- ex-0000000007 acquired endpoint ep-0000000007
11:47:50.319 [main] DEBUG org.apache.hc.client5.http.impl.classic.ConnectExec -- ex-0000000007 opening connection {s}->https://edgedl.me.gvt1.com:443
11:47:50.320 [main] DEBUG org.apache.hc.client5.http.impl.classic.InternalHttpClient -- ep-0000000007 connecting endpoint (null)
11:47:50.320 [main] DEBUG org.apache.hc.client5.http.impl.io.PoolingHttpClientConnectionManager -- ep-0000000007 connecting endpoint to https://edgedl.me.gvt1.com:443 (30 SECONDS)
11:47:50.320 [main] DEBUG org.apache.hc.client5.http.impl.io.DefaultHttpClientConnectionOperator -- edgedl.me.gvt1.com resolving remote address
11:47:50.321 [main] DEBUG org.apache.hc.client5.http.impl.io.DefaultHttpClientConnectionOperator -- edgedl.me.gvt1.com resolved to [edgedl.me.gvt1.com/34.104.35.123, edgedl.me.gvt1.com/2600:1900:4110:86f:0:0:0:0]
11:47:50.321 [main] DEBUG org.apache.hc.client5.http.impl.io.DefaultHttpClientConnectionOperator -- edgedl.me.gvt1.com:443 connecting null->edgedl.me.gvt1.com/34.104.35.123:443 (30 SECONDS)
11:47:50.322 [main] DEBUG org.apache.hc.client5.http.ssl.SSLConnectionSocketFactory -- Connecting socket to edgedl.me.gvt1.com/34.104.35.123:443 with timeout 30 SECONDS
11:47:50.331 [main] DEBUG org.apache.hc.client5.http.ssl.SSLConnectionSocketFactory -- Enabled protocols: [TLSv1.3, TLSv1.2]
11:47:50.331 [main] DEBUG org.apache.hc.client5.http.ssl.SSLConnectionSocketFactory -- Enabled cipher suites: [TLS_AES_256_GCM_SHA384, TLS_AES_128_GCM_SHA256, TLS_CHACHA20_POLY1305_SHA256, TLS_ECDHE_ECDSA_WITH_AES_256_GCM_SHA384, TLS_ECDHE_ECDSA_WITH_AES_128_GCM_SHA256, TLS_ECDHE_ECDSA_WITH_CHACHA20_POLY1305_SHA256, TLS_ECDHE_RSA_WITH_AES_256_GCM_SHA384, TLS_ECDHE_RSA_WITH_CHACHA20_POLY1305_SHA256, TLS_ECDHE_RSA_WITH_AES_128_GCM_SHA256, TLS_DHE_RSA_WITH_AES_256_GCM_SHA384, TLS_DHE_RSA_WITH_CHACHA20_POLY1305_SHA256, TLS_DHE_DSS_WITH_AES_256_GCM_SHA384, TLS_DHE_RSA_WITH_AES_128_GCM_SHA256, TLS_DHE_DSS_WITH_AES_128_GCM_SHA256, TLS_ECDHE_ECDSA_WITH_AES_256_CBC_SHA384, TLS_ECDHE_RSA_WITH_AES_256_CBC_SHA384, TLS_ECDHE_ECDSA_WITH_AES_128_CBC_SHA256, TLS_ECDHE_RSA_WITH_AES_128_CBC_SHA256, TLS_DHE_RSA_WITH_AES_256_CBC_SHA256, TLS_DHE_DSS_WITH_AES_256_CBC_SHA256, TLS_DHE_RSA_WITH_AES_128_CBC_SHA256, TLS_DHE_DSS_WITH_AES_128_CBC_SHA256, TLS_ECDH_ECDSA_WITH_AES_256_GCM_SHA384, TLS_ECDH_RSA_WITH_AES_256_GCM_SHA384, TLS_ECDH_ECDSA_WITH_AES_128_GCM_SHA256, TLS_ECDH_RSA_WITH_AES_128_GCM_SHA256, TLS_ECDH_ECDSA_WITH_AES_256_CBC_SHA384, TLS_ECDH_RSA_WITH_AES_256_CBC_SHA384, TLS_ECDH_ECDSA_WITH_AES_128_CBC_SHA256, TLS_ECDH_RSA_WITH_AES_128_CBC_SHA256, TLS_ECDHE_ECDSA_WITH_AES_256_CBC_SHA, TLS_ECDHE_RSA_WITH_AES_256_CBC_SHA, TLS_ECDHE_ECDSA_WITH_AES_128_CBC_SHA, TLS_ECDHE_RSA_WITH_AES_128_CBC_SHA, TLS_DHE_RSA_WITH_AES_256_CBC_SHA, TLS_DHE_DSS_WITH_AES_256_CBC_SHA, TLS_DHE_RSA_WITH_AES_128_CBC_SHA, TLS_DHE_DSS_WITH_AES_128_CBC_SHA, TLS_ECDH_ECDSA_WITH_AES_256_CBC_SHA, TLS_ECDH_RSA_WITH_AES_256_CBC_SHA, TLS_ECDH_ECDSA_WITH_AES_128_CBC_SHA, TLS_ECDH_RSA_WITH_AES_128_CBC_SHA, TLS_RSA_WITH_AES_256_GCM_SHA384, TLS_RSA_WITH_AES_128_GCM_SHA256, TLS_RSA_WITH_AES_256_CBC_SHA256, TLS_RSA_WITH_AES_128_CBC_SHA256, TLS_RSA_WITH_AES_256_CBC_SHA, TLS_RSA_WITH_AES_128_CBC_SHA, TLS_EMPTY_RENEGOTIATION_INFO_SCSV]
11:47:50.331 [main] DEBUG org.apache.hc.client5.http.ssl.SSLConnectionSocketFactory -- Starting handshake (null)
11:47:50.365 [main] DEBUG org.apache.hc.client5.http.ssl.SSLConnectionSocketFactory -- Secure session established
11:47:50.365 [main] DEBUG org.apache.hc.client5.http.ssl.SSLConnectionSocketFactory --  negotiated protocol: TLSv1.3
11:47:50.365 [main] DEBUG org.apache.hc.client5.http.ssl.SSLConnectionSocketFactory --  negotiated cipher suite: TLS_AES_256_GCM_SHA384
11:47:50.365 [main] DEBUG org.apache.hc.client5.http.ssl.SSLConnectionSocketFactory --  peer principal: CN=edgedl.me.gvt1.com
11:47:50.365 [main] DEBUG org.apache.hc.client5.http.ssl.SSLConnectionSocketFactory --  peer alternative names: [edgedl.me.gvt1.com]
11:47:50.365 [main] DEBUG org.apache.hc.client5.http.ssl.SSLConnectionSocketFactory --  issuer principal: CN=GTS CA 1D4, O=Google Trust Services LLC, C=US
11:47:50.365 [main] DEBUG org.apache.hc.client5.http.impl.io.DefaultManagedHttpClientConnection -- http-outgoing-4 set socket timeout to 3 MINUTES
11:47:50.365 [main] DEBUG org.apache.hc.client5.http.impl.io.DefaultHttpClientConnectionOperator -- edgedl.me.gvt1.com:443 connected null->edgedl.me.gvt1.com/34.104.35.123:443 as http-outgoing-4
11:47:50.365 [main] DEBUG org.apache.hc.client5.http.impl.io.PoolingHttpClientConnectionManager -- ep-0000000007 connected http-outgoing-4
11:47:50.365 [main] DEBUG org.apache.hc.client5.http.impl.classic.InternalHttpClient -- ep-0000000007 endpoint connected
11:47:50.365 [main] DEBUG org.apache.hc.client5.http.impl.classic.MainClientExec -- ex-0000000007 executing GET /edgedl/chrome/chrome-for-testing/121.0.6167.139/mac-arm64/chromedriver-mac-arm64.zip HTTP/1.1
11:47:50.365 [main] DEBUG org.apache.hc.client5.http.protocol.RequestAddCookies -- ex-0000000007 Cookie spec selected: strict
11:47:50.365 [main] DEBUG org.apache.hc.client5.http.impl.classic.InternalHttpClient -- ep-0000000007 start execution ex-0000000007
11:47:50.365 [main] DEBUG org.apache.hc.client5.http.impl.io.PoolingHttpClientConnectionManager -- ep-0000000007 executing exchange ex-0000000007 over http-outgoing-4
11:47:50.365 [main] DEBUG org.apache.hc.client5.http.headers -- http-outgoing-4 >> GET /edgedl/chrome/chrome-for-testing/121.0.6167.139/mac-arm64/chromedriver-mac-arm64.zip HTTP/1.1
11:47:50.365 [main] DEBUG org.apache.hc.client5.http.headers -- http-outgoing-4 >> user-agent: Apache-HttpClient/5.0
11:47:50.365 [main] DEBUG org.apache.hc.client5.http.headers -- http-outgoing-4 >> accept-encoding: gzip, deflate, br
11:47:50.365 [main] DEBUG org.apache.hc.client5.http.headers -- http-outgoing-4 >> cache-control: max-age=0
11:47:50.365 [main] DEBUG org.apache.hc.client5.http.headers -- http-outgoing-4 >> connection: keep-alive
11:47:50.365 [main] DEBUG org.apache.hc.client5.http.headers -- http-outgoing-4 >> Host: edgedl.me.gvt1.com
11:47:50.365 [main] DEBUG org.apache.hc.client5.http.wire -- http-outgoing-4 >> "GET /edgedl/chrome/chrome-for-testing/121.0.6167.139/mac-arm64/chromedriver-mac-arm64.zip HTTP/1.1[\r][\n]"
11:47:50.365 [main] DEBUG org.apache.hc.client5.http.wire -- http-outgoing-4 >> "user-agent: Apache-HttpClient/5.0[\r][\n]"
11:47:50.365 [main] DEBUG org.apache.hc.client5.http.wire -- http-outgoing-4 >> "accept-encoding: gzip, deflate, br[\r][\n]"
11:47:50.365 [main] DEBUG org.apache.hc.client5.http.wire -- http-outgoing-4 >> "cache-control: max-age=0[\r][\n]"
11:47:50.365 [main] DEBUG org.apache.hc.client5.http.wire -- http-outgoing-4 >> "connection: keep-alive[\r][\n]"
11:47:50.365 [main] DEBUG org.apache.hc.client5.http.wire -- http-outgoing-4 >> "Host: edgedl.me.gvt1.com[\r][\n]"
11:47:50.365 [main] DEBUG org.apache.hc.client5.http.wire -- http-outgoing-4 >> "[\r][\n]"
11:47:50.497 [main] DEBUG org.apache.hc.client5.http.wire -- http-outgoing-4 << "HTTP/1.1 404 Not Found[\r][\n]"
11:47:50.497 [main] DEBUG org.apache.hc.client5.http.wire -- http-outgoing-4 << "content-length: 1449[\r][\n]"
11:47:50.497 [main] DEBUG org.apache.hc.client5.http.wire -- http-outgoing-4 << "content-type: text/html; charset=utf-8[\r][\n]"
11:47:50.497 [main] DEBUG org.apache.hc.client5.http.wire -- http-outgoing-4 << "server: Google-Edge-Cache[\r][\n]"
11:47:50.497 [main] DEBUG org.apache.hc.client5.http.wire -- http-outgoing-4 << "x-content-type-options: nosniff[\r][\n]"
11:47:50.497 [main] DEBUG org.apache.hc.client5.http.wire -- http-outgoing-4 << "x-frame-options: SAMEORIGIN[\r][\n]"
11:47:50.497 [main] DEBUG org.apache.hc.client5.http.wire -- http-outgoing-4 << "x-xss-protection: 0[\r][\n]"
11:47:50.497 [main] DEBUG org.apache.hc.client5.http.wire -- http-outgoing-4 << "date: Mon, 12 Feb 2024 04:47:50 GMT[\r][\n]"
11:47:50.497 [main] DEBUG org.apache.hc.client5.http.wire -- http-outgoing-4 << "x-request-id: 4ea9c93b-20c0-4d1a-bd46-cd8494174d3b[\r][\n]"
11:47:50.497 [main] DEBUG org.apache.hc.client5.http.wire -- http-outgoing-4 << "alt-svc: clear[\r][\n]"
11:47:50.497 [main] DEBUG org.apache.hc.client5.http.wire -- http-outgoing-4 << "coprocessor-response: download-server[\r][\n]"
11:47:50.497 [main] DEBUG org.apache.hc.client5.http.wire -- http-outgoing-4 << "[\r][\n]"
11:47:50.497 [main] DEBUG org.apache.hc.client5.http.wire -- http-outgoing-4 << "[\n]"
11:47:50.497 [main] DEBUG org.apache.hc.client5.http.wire -- http-outgoing-4 << "<!DOCTYPE html>[\n]"
11:47:50.497 [main] DEBUG org.apache.hc.client5.http.wire -- http-outgoing-4 << "<html lang=en>[\n]"
11:47:50.497 [main] DEBUG org.apache.hc.client5.http.wire -- http-outgoing-4 << "  <meta charset=utf-8>[\n]"
11:47:50.497 [main] DEBUG org.apache.hc.client5.http.wire -- http-outgoing-4 << "  <meta name=viewport content="initial-scale=1, minimum-scale=1, width=device-width">[\n]"
11:47:50.497 [main] DEBUG org.apache.hc.client5.http.wire -- http-outgoing-4 << "  <title>Error 404 (Not Found)!!1</title>[\n]"
11:47:50.497 [main] DEBUG org.apache.hc.client5.http.wire -- http-outgoing-4 << "  <style>[\n]"
11:47:50.498 [main] DEBUG org.apache.hc.client5.http.wire -- http-outgoing-4 << "    *{margin:0;padding:0}html,code{font:15px/22px arial,sans-serif}html{background:#fff;color:#222;padding:15px}body{margin:7% auto 0;max-width:390px;min-height:180px;padding:30px 0 15px}* > body{background:url(//www.google.com/images/errors/robot.png) 100% 5px no-repeat;padding-right:205px}p{margin:11px 0 22px;overflow:hidden}ins{color:#777;text-decoration:none}a img{border:0}@media screen and (max-width:772px){body{background:none;margin-top:0;max-width:none;padding-right:0}}#logo{background:url(//www.google.com/images/logos/errorpage/error_logo-150x54.png) no-repeat;margin-left:-5px}@media only screen and (min-resolution:192dpi){#logo{background:url(//www.google.com/images/logos/errorpage/error_logo-150x54-2x.png) no-repeat 0% 0%/100% 100%;-moz-border-image:url(//www.google.com/images/logos/errorpage/error_logo-150x54-2x.png) 0}}@media only screen and (-webkit-min-device-pixel-ratio:2){#logo{background:url(//www.google.com/images/logos/errorpage/error_logo-150x54-2x.png) no-repeat;-webkit-background-size:100% 100%}}#logo{display:inline-block;height:54px;width:150px}[\n]"
11:47:50.498 [main] DEBUG org.apache.hc.client5.http.wire -- http-outgoing-4 << "  </style>[\n]"
11:47:50.498 [main] DEBUG org.apache.hc.client5.http.wire -- http-outgoing-4 << "  <a href=//www.google.com/><span id=logo aria-label=Google></span></a>[\n]"
11:47:50.498 [main] DEBUG org.apache.hc.client5.http.wire -- http-outgoing-4 << "  <p><b>404.</b> <ins>That[0xffffffe2][0xffffff80][0xffffff99]s an error.</ins>[\n]"
11:47:50.498 [main] DEBUG org.apache.hc.client5.http.wire -- http-outgoing-4 << "  <p>  <ins>That[0xffffffe2][0xffffff80][0xffffff99]s all we know.</ins>[\n]"
11:47:50.498 [main] DEBUG org.apache.hc.client5.http.headers -- http-outgoing-4 << HTTP/1.1 404 Not Found
11:47:50.498 [main] DEBUG org.apache.hc.client5.http.headers -- http-outgoing-4 << content-length: 1449
11:47:50.498 [main] DEBUG org.apache.hc.client5.http.headers -- http-outgoing-4 << content-type: text/html; charset=utf-8
11:47:50.498 [main] DEBUG org.apache.hc.client5.http.headers -- http-outgoing-4 << server: Google-Edge-Cache
11:47:50.498 [main] DEBUG org.apache.hc.client5.http.headers -- http-outgoing-4 << x-content-type-options: nosniff
11:47:50.498 [main] DEBUG org.apache.hc.client5.http.headers -- http-outgoing-4 << x-frame-options: SAMEORIGIN
11:47:50.498 [main] DEBUG org.apache.hc.client5.http.headers -- http-outgoing-4 << x-xss-protection: 0
11:47:50.498 [main] DEBUG org.apache.hc.client5.http.headers -- http-outgoing-4 << date: Mon, 12 Feb 2024 04:47:50 GMT
11:47:50.498 [main] DEBUG org.apache.hc.client5.http.headers -- http-outgoing-4 << x-request-id: 4ea9c93b-20c0-4d1a-bd46-cd8494174d3b
11:47:50.498 [main] DEBUG org.apache.hc.client5.http.headers -- http-outgoing-4 << alt-svc: clear
11:47:50.498 [main] DEBUG org.apache.hc.client5.http.headers -- http-outgoing-4 << coprocessor-response: download-server
11:47:50.498 [main] DEBUG org.apache.hc.client5.http.impl.classic.MainClientExec -- ex-0000000007 connection can be kept alive for 3 MINUTES
11:47:50.498 [main] ERROR io.github.bonigarcia.wdm.online.HttpClient -- Error HTTP 404 executing https://edgedl.me.gvt1.com/edgedl/chrome/chrome-for-testing/121.0.6167.139/mac-arm64/chromedriver-mac-arm64.zip
11:47:50.501 [main] INFO io.github.bonigarcia.wdm.cache.ResolutionCache -- Clearing WebDriverManager resolution cache
11:47:50.502 [main] WARN io.github.bonigarcia.wdm.WebDriverManager -- There was an error managing chromedriver 121.0.6167.139 (Error HTTP 404 executing https://edgedl.me.gvt1.com/edgedl/chrome/chrome-for-testing/121.0.6167.139/mac-arm64/chromedriver-mac-arm64.zip) ... trying again avoiding reading release from repository
11:47:50.505 [main] DEBUG org.apache.hc.client5.http.impl.classic.InternalHttpClient -- ex-0000000008 preparing request execution
11:47:50.505 [main] DEBUG org.apache.hc.client5.http.impl.classic.ProtocolExec -- ex-0000000008 target auth state: UNCHALLENGED
11:47:50.505 [main] DEBUG org.apache.hc.client5.http.impl.classic.ProtocolExec -- ex-0000000008 proxy auth state: UNCHALLENGED
11:47:50.505 [main] DEBUG org.apache.hc.client5.http.impl.classic.ConnectExec -- ex-0000000008 acquiring connection with route {s}->https://raw.githubusercontent.com:443
11:47:50.505 [main] DEBUG org.apache.hc.client5.http.impl.classic.InternalHttpClient -- ex-0000000008 acquiring endpoint (3 MINUTES)
11:47:50.505 [main] DEBUG org.apache.hc.client5.http.impl.io.PoolingHttpClientConnectionManager -- ex-0000000008 endpoint lease request (3 MINUTES) [route: {s}->https://raw.githubusercontent.com:443][total available: 1; route allocated: 0 of 5; total allocated: 2 of 25]
11:47:50.505 [main] DEBUG org.apache.hc.client5.http.impl.io.PoolingHttpClientConnectionManager -- ex-0000000008 endpoint leased [route: {s}->https://raw.githubusercontent.com:443][total available: 1; route allocated: 1 of 5; total allocated: 3 of 25]
11:47:50.505 [main] DEBUG org.apache.hc.client5.http.impl.io.PoolingHttpClientConnectionManager -- ex-0000000008 acquired ep-0000000008
11:47:50.505 [main] DEBUG org.apache.hc.client5.http.impl.classic.InternalHttpClient -- ex-0000000008 acquired endpoint ep-0000000008
11:47:50.505 [main] DEBUG org.apache.hc.client5.http.impl.classic.ConnectExec -- ex-0000000008 opening connection {s}->https://raw.githubusercontent.com:443
11:47:50.505 [main] DEBUG org.apache.hc.client5.http.impl.classic.InternalHttpClient -- ep-0000000008 connecting endpoint (null)
11:47:50.505 [main] DEBUG org.apache.hc.client5.http.impl.io.PoolingHttpClientConnectionManager -- ep-0000000008 connecting endpoint to https://raw.githubusercontent.com:443 (30 SECONDS)
11:47:50.505 [main] DEBUG org.apache.hc.client5.http.impl.io.DefaultHttpClientConnectionOperator -- raw.githubusercontent.com resolving remote address
11:47:50.506 [main] DEBUG org.apache.hc.client5.http.impl.io.DefaultHttpClientConnectionOperator -- raw.githubusercontent.com resolved to [raw.githubusercontent.com/185.199.109.133, raw.githubusercontent.com/185.199.111.133, raw.githubusercontent.com/185.199.108.133, raw.githubusercontent.com/185.199.110.133, raw.githubusercontent.com/2606:50c0:8003:0:0:0:0:154, raw.githubusercontent.com/2606:50c0:8000:0:0:0:0:154, raw.githubusercontent.com/2606:50c0:8001:0:0:0:0:154, raw.githubusercontent.com/2606:50c0:8002:0:0:0:0:154]
11:47:50.507 [main] DEBUG org.apache.hc.client5.http.impl.io.DefaultHttpClientConnectionOperator -- raw.githubusercontent.com:443 connecting null->raw.githubusercontent.com/185.199.109.133:443 (30 SECONDS)
11:47:50.507 [main] DEBUG org.apache.hc.client5.http.ssl.SSLConnectionSocketFactory -- Connecting socket to raw.githubusercontent.com/185.199.109.133:443 with timeout 30 SECONDS
11:47:50.683 [main] DEBUG org.apache.hc.client5.http.ssl.SSLConnectionSocketFactory -- Enabled protocols: [TLSv1.3, TLSv1.2]
11:47:50.683 [main] DEBUG org.apache.hc.client5.http.ssl.SSLConnectionSocketFactory -- Enabled cipher suites: [TLS_AES_256_GCM_SHA384, TLS_AES_128_GCM_SHA256, TLS_CHACHA20_POLY1305_SHA256, TLS_ECDHE_ECDSA_WITH_AES_256_GCM_SHA384, TLS_ECDHE_ECDSA_WITH_AES_128_GCM_SHA256, TLS_ECDHE_ECDSA_WITH_CHACHA20_POLY1305_SHA256, TLS_ECDHE_RSA_WITH_AES_256_GCM_SHA384, TLS_ECDHE_RSA_WITH_CHACHA20_POLY1305_SHA256, TLS_ECDHE_RSA_WITH_AES_128_GCM_SHA256, TLS_DHE_RSA_WITH_AES_256_GCM_SHA384, TLS_DHE_RSA_WITH_CHACHA20_POLY1305_SHA256, TLS_DHE_DSS_WITH_AES_256_GCM_SHA384, TLS_DHE_RSA_WITH_AES_128_GCM_SHA256, TLS_DHE_DSS_WITH_AES_128_GCM_SHA256, TLS_ECDHE_ECDSA_WITH_AES_256_CBC_SHA384, TLS_ECDHE_RSA_WITH_AES_256_CBC_SHA384, TLS_ECDHE_ECDSA_WITH_AES_128_CBC_SHA256, TLS_ECDHE_RSA_WITH_AES_128_CBC_SHA256, TLS_DHE_RSA_WITH_AES_256_CBC_SHA256, TLS_DHE_DSS_WITH_AES_256_CBC_SHA256, TLS_DHE_RSA_WITH_AES_128_CBC_SHA256, TLS_DHE_DSS_WITH_AES_128_CBC_SHA256, TLS_ECDH_ECDSA_WITH_AES_256_GCM_SHA384, TLS_ECDH_RSA_WITH_AES_256_GCM_SHA384, TLS_ECDH_ECDSA_WITH_AES_128_GCM_SHA256, TLS_ECDH_RSA_WITH_AES_128_GCM_SHA256, TLS_ECDH_ECDSA_WITH_AES_256_CBC_SHA384, TLS_ECDH_RSA_WITH_AES_256_CBC_SHA384, TLS_ECDH_ECDSA_WITH_AES_128_CBC_SHA256, TLS_ECDH_RSA_WITH_AES_128_CBC_SHA256, TLS_ECDHE_ECDSA_WITH_AES_256_CBC_SHA, TLS_ECDHE_RSA_WITH_AES_256_CBC_SHA, TLS_ECDHE_ECDSA_WITH_AES_128_CBC_SHA, TLS_ECDHE_RSA_WITH_AES_128_CBC_SHA, TLS_DHE_RSA_WITH_AES_256_CBC_SHA, TLS_DHE_DSS_WITH_AES_256_CBC_SHA, TLS_DHE_RSA_WITH_AES_128_CBC_SHA, TLS_DHE_DSS_WITH_AES_128_CBC_SHA, TLS_ECDH_ECDSA_WITH_AES_256_CBC_SHA, TLS_ECDH_RSA_WITH_AES_256_CBC_SHA, TLS_ECDH_ECDSA_WITH_AES_128_CBC_SHA, TLS_ECDH_RSA_WITH_AES_128_CBC_SHA, TLS_RSA_WITH_AES_256_GCM_SHA384, TLS_RSA_WITH_AES_128_GCM_SHA256, TLS_RSA_WITH_AES_256_CBC_SHA256, TLS_RSA_WITH_AES_128_CBC_SHA256, TLS_RSA_WITH_AES_256_CBC_SHA, TLS_RSA_WITH_AES_128_CBC_SHA, TLS_EMPTY_RENEGOTIATION_INFO_SCSV]
11:47:50.684 [main] DEBUG org.apache.hc.client5.http.ssl.SSLConnectionSocketFactory -- Starting handshake (null)
11:47:50.884 [main] DEBUG org.apache.hc.client5.http.ssl.SSLConnectionSocketFactory -- Secure session established
11:47:50.885 [main] DEBUG org.apache.hc.client5.http.ssl.SSLConnectionSocketFactory --  negotiated protocol: TLSv1.3
11:47:50.885 [main] DEBUG org.apache.hc.client5.http.ssl.SSLConnectionSocketFactory --  negotiated cipher suite: TLS_AES_128_GCM_SHA256
11:47:50.885 [main] DEBUG org.apache.hc.client5.http.ssl.SSLConnectionSocketFactory --  peer principal: CN=*.github.io, O="GitHub, Inc.", L=San Francisco, ST=California, C=US
11:47:50.885 [main] DEBUG org.apache.hc.client5.http.ssl.SSLConnectionSocketFactory --  peer alternative names: [*.github.io, github.io, *.github.com, github.com, www.github.com, *.githubusercontent.com, githubusercontent.com]
11:47:50.885 [main] DEBUG org.apache.hc.client5.http.ssl.SSLConnectionSocketFactory --  issuer principal: CN=DigiCert TLS RSA SHA256 2020 CA1, O=DigiCert Inc, C=US
11:47:50.885 [main] DEBUG org.apache.hc.client5.http.impl.io.DefaultManagedHttpClientConnection -- http-outgoing-5 set socket timeout to 3 MINUTES
11:47:50.885 [main] DEBUG org.apache.hc.client5.http.impl.io.DefaultHttpClientConnectionOperator -- raw.githubusercontent.com:443 connected null->raw.githubusercontent.com/185.199.109.133:443 as http-outgoing-5
11:47:50.885 [main] DEBUG org.apache.hc.client5.http.impl.io.PoolingHttpClientConnectionManager -- ep-0000000008 connected http-outgoing-5
11:47:50.885 [main] DEBUG org.apache.hc.client5.http.impl.classic.InternalHttpClient -- ep-0000000008 endpoint connected
11:47:50.885 [main] DEBUG org.apache.hc.client5.http.impl.classic.MainClientExec -- ex-0000000008 executing GET /bonigarcia/webdrivermanager/master/src/main/resources/commands.properties HTTP/1.1
11:47:50.885 [main] DEBUG org.apache.hc.client5.http.protocol.RequestAddCookies -- ex-0000000008 Cookie spec selected: strict
11:47:50.885 [main] DEBUG org.apache.hc.client5.http.impl.classic.InternalHttpClient -- ep-0000000008 start execution ex-0000000008
11:47:50.885 [main] DEBUG org.apache.hc.client5.http.impl.io.PoolingHttpClientConnectionManager -- ep-0000000008 executing exchange ex-0000000008 over http-outgoing-5
11:47:50.885 [main] DEBUG org.apache.hc.client5.http.headers -- http-outgoing-5 >> GET /bonigarcia/webdrivermanager/master/src/main/resources/commands.properties HTTP/1.1
11:47:50.885 [main] DEBUG org.apache.hc.client5.http.headers -- http-outgoing-5 >> user-agent: Apache-HttpClient/5.0
11:47:50.885 [main] DEBUG org.apache.hc.client5.http.headers -- http-outgoing-5 >> accept-encoding: gzip, deflate, br
11:47:50.885 [main] DEBUG org.apache.hc.client5.http.headers -- http-outgoing-5 >> cache-control: max-age=0
11:47:50.885 [main] DEBUG org.apache.hc.client5.http.headers -- http-outgoing-5 >> connection: keep-alive
11:47:50.885 [main] DEBUG org.apache.hc.client5.http.headers -- http-outgoing-5 >> Host: raw.githubusercontent.com
11:47:50.885 [main] DEBUG org.apache.hc.client5.http.wire -- http-outgoing-5 >> "GET /bonigarcia/webdrivermanager/master/src/main/resources/commands.properties HTTP/1.1[\r][\n]"
11:47:50.885 [main] DEBUG org.apache.hc.client5.http.wire -- http-outgoing-5 >> "user-agent: Apache-HttpClient/5.0[\r][\n]"
11:47:50.885 [main] DEBUG org.apache.hc.client5.http.wire -- http-outgoing-5 >> "accept-encoding: gzip, deflate, br[\r][\n]"
11:47:50.885 [main] DEBUG org.apache.hc.client5.http.wire -- http-outgoing-5 >> "cache-control: max-age=0[\r][\n]"
11:47:50.885 [main] DEBUG org.apache.hc.client5.http.wire -- http-outgoing-5 >> "connection: keep-alive[\r][\n]"
11:47:50.885 [main] DEBUG org.apache.hc.client5.http.wire -- http-outgoing-5 >> "Host: raw.githubusercontent.com[\r][\n]"
11:47:50.885 [main] DEBUG org.apache.hc.client5.http.wire -- http-outgoing-5 >> "[\r][\n]"
11:47:51.067 [main] DEBUG org.apache.hc.client5.http.wire -- http-outgoing-5 << "HTTP/1.1 200 OK[\r][\n]"
11:47:51.067 [main] DEBUG org.apache.hc.client5.http.wire -- http-outgoing-5 << "Connection: keep-alive[\r][\n]"
11:47:51.067 [main] DEBUG org.apache.hc.client5.http.wire -- http-outgoing-5 << "Content-Length: 723[\r][\n]"
11:47:51.067 [main] DEBUG org.apache.hc.client5.http.wire -- http-outgoing-5 << "Cache-Control: max-age=300[\r][\n]"
11:47:51.067 [main] DEBUG org.apache.hc.client5.http.wire -- http-outgoing-5 << "Content-Security-Policy: default-src 'none'; style-src 'unsafe-inline'; sandbox[\r][\n]"
11:47:51.067 [main] DEBUG org.apache.hc.client5.http.wire -- http-outgoing-5 << "Content-Type: text/plain; charset=utf-8[\r][\n]"
11:47:51.067 [main] DEBUG org.apache.hc.client5.http.wire -- http-outgoing-5 << "ETag: W/"e82b438271e9e8680c688b0b680efd0bdd22faa6d6f0a32fc1fd8accc486b67e"[\r][\n]"
11:47:51.067 [main] DEBUG org.apache.hc.client5.http.wire -- http-outgoing-5 << "Strict-Transport-Security: max-age=31536000[\r][\n]"
11:47:51.067 [main] DEBUG org.apache.hc.client5.http.wire -- http-outgoing-5 << "X-Content-Type-Options: nosniff[\r][\n]"
11:47:51.067 [main] DEBUG org.apache.hc.client5.http.wire -- http-outgoing-5 << "X-Frame-Options: deny[\r][\n]"
11:47:51.067 [main] DEBUG org.apache.hc.client5.http.wire -- http-outgoing-5 << "X-XSS-Protection: 1; mode=block[\r][\n]"
11:47:51.067 [main] DEBUG org.apache.hc.client5.http.wire -- http-outgoing-5 << "X-GitHub-Request-Id: 3072:3BB1E6:1A1165D:1B39889:65A75BA5[\r][\n]"
11:47:51.067 [main] DEBUG org.apache.hc.client5.http.wire -- http-outgoing-5 << "Content-Encoding: gzip[\r][\n]"
11:47:51.067 [main] DEBUG org.apache.hc.client5.http.wire -- http-outgoing-5 << "Accept-Ranges: bytes[\r][\n]"
11:47:51.067 [main] DEBUG org.apache.hc.client5.http.wire -- http-outgoing-5 << "Date: Mon, 12 Feb 2024 04:47:51 GMT[\r][\n]"
11:47:51.067 [main] DEBUG org.apache.hc.client5.http.wire -- http-outgoing-5 << "Via: 1.1 varnish[\r][\n]"
11:47:51.067 [main] DEBUG org.apache.hc.client5.http.wire -- http-outgoing-5 << "X-Served-By: cache-fra-eddf8230130-FRA[\r][\n]"
11:47:51.067 [main] DEBUG org.apache.hc.client5.http.wire -- http-outgoing-5 << "X-Cache: HIT[\r][\n]"
11:47:51.067 [main] DEBUG org.apache.hc.client5.http.wire -- http-outgoing-5 << "X-Cache-Hits: 2[\r][\n]"
11:47:51.067 [main] DEBUG org.apache.hc.client5.http.wire -- http-outgoing-5 << "X-Timer: S1707713271.050839,VS0,VE0[\r][\n]"
11:47:51.067 [main] DEBUG org.apache.hc.client5.http.wire -- http-outgoing-5 << "Vary: Authorization,Accept-Encoding,Origin[\r][\n]"
11:47:51.067 [main] DEBUG org.apache.hc.client5.http.wire -- http-outgoing-5 << "Access-Control-Allow-Origin: *[\r][\n]"
11:47:51.067 [main] DEBUG org.apache.hc.client5.http.wire -- http-outgoing-5 << "Cross-Origin-Resource-Policy: cross-origin[\r][\n]"
11:47:51.067 [main] DEBUG org.apache.hc.client5.http.wire -- http-outgoing-5 << "X-Fastly-Request-ID: a29af946ade1649744fc371ecc0cc5ef1e656bb3[\r][\n]"
11:47:51.067 [main] DEBUG org.apache.hc.client5.http.wire -- http-outgoing-5 << "Expires: Mon, 12 Feb 2024 04:52:51 GMT[\r][\n]"
11:47:51.067 [main] DEBUG org.apache.hc.client5.http.wire -- http-outgoing-5 << "Source-Age: 169[\r][\n]"
11:47:51.067 [main] DEBUG org.apache.hc.client5.http.wire -- http-outgoing-5 << "[\r][\n]"
11:47:51.068 [main] DEBUG org.apache.hc.client5.http.headers -- http-outgoing-5 << HTTP/1.1 200 OK
11:47:51.068 [main] DEBUG org.apache.hc.client5.http.headers -- http-outgoing-5 << Connection: keep-alive
11:47:51.068 [main] DEBUG org.apache.hc.client5.http.headers -- http-outgoing-5 << Content-Length: 723
11:47:51.068 [main] DEBUG org.apache.hc.client5.http.headers -- http-outgoing-5 << Cache-Control: max-age=300
11:47:51.068 [main] DEBUG org.apache.hc.client5.http.headers -- http-outgoing-5 << Content-Security-Policy: default-src 'none'; style-src 'unsafe-inline'; sandbox
11:47:51.068 [main] DEBUG org.apache.hc.client5.http.headers -- http-outgoing-5 << Content-Type: text/plain; charset=utf-8
11:47:51.068 [main] DEBUG org.apache.hc.client5.http.headers -- http-outgoing-5 << ETag: W/"e82b438271e9e8680c688b0b680efd0bdd22faa6d6f0a32fc1fd8accc486b67e"
11:47:51.068 [main] DEBUG org.apache.hc.client5.http.headers -- http-outgoing-5 << Strict-Transport-Security: max-age=31536000
11:47:51.068 [main] DEBUG org.apache.hc.client5.http.headers -- http-outgoing-5 << X-Content-Type-Options: nosniff
11:47:51.068 [main] DEBUG org.apache.hc.client5.http.headers -- http-outgoing-5 << X-Frame-Options: deny
11:47:51.068 [main] DEBUG org.apache.hc.client5.http.headers -- http-outgoing-5 << X-XSS-Protection: 1; mode=block
11:47:51.068 [main] DEBUG org.apache.hc.client5.http.headers -- http-outgoing-5 << X-GitHub-Request-Id: 3072:3BB1E6:1A1165D:1B39889:65A75BA5
11:47:51.068 [main] DEBUG org.apache.hc.client5.http.headers -- http-outgoing-5 << Content-Encoding: gzip
11:47:51.068 [main] DEBUG org.apache.hc.client5.http.headers -- http-outgoing-5 << Accept-Ranges: bytes
11:47:51.068 [main] DEBUG org.apache.hc.client5.http.headers -- http-outgoing-5 << Date: Mon, 12 Feb 2024 04:47:51 GMT
11:47:51.068 [main] DEBUG org.apache.hc.client5.http.headers -- http-outgoing-5 << Via: 1.1 varnish
11:47:51.068 [main] DEBUG org.apache.hc.client5.http.headers -- http-outgoing-5 << X-Served-By: cache-fra-eddf8230130-FRA
11:47:51.068 [main] DEBUG org.apache.hc.client5.http.headers -- http-outgoing-5 << X-Cache: HIT
11:47:51.068 [main] DEBUG org.apache.hc.client5.http.headers -- http-outgoing-5 << X-Cache-Hits: 2
11:47:51.068 [main] DEBUG org.apache.hc.client5.http.headers -- http-outgoing-5 << X-Timer: S1707713271.050839,VS0,VE0
11:47:51.068 [main] DEBUG org.apache.hc.client5.http.headers -- http-outgoing-5 << Vary: Authorization,Accept-Encoding,Origin
11:47:51.068 [main] DEBUG org.apache.hc.client5.http.headers -- http-outgoing-5 << Access-Control-Allow-Origin: *
11:47:51.068 [main] DEBUG org.apache.hc.client5.http.headers -- http-outgoing-5 << Cross-Origin-Resource-Policy: cross-origin
11:47:51.068 [main] DEBUG org.apache.hc.client5.http.headers -- http-outgoing-5 << X-Fastly-Request-ID: a29af946ade1649744fc371ecc0cc5ef1e656bb3
11:47:51.068 [main] DEBUG org.apache.hc.client5.http.headers -- http-outgoing-5 << Expires: Mon, 12 Feb 2024 04:52:51 GMT
11:47:51.068 [main] DEBUG org.apache.hc.client5.http.headers -- http-outgoing-5 << Source-Age: 169
11:47:51.069 [main] DEBUG org.apache.hc.client5.http.impl.classic.MainClientExec -- ex-0000000008 connection can be kept alive for 3 MINUTES
11:47:51.070 [main] DEBUG org.apache.hc.client5.http.wire -- http-outgoing-5 << "[0x1f][0xffffff8b][0x8][0x0][0x0][0x0][0x0][0x0][0x0][0x3][0xffffffb5]V]o[0xffffffda]0[0x14]}[0xffffffe7]W\[0xffffff81]*[0xffffffb5][0x12][0x1f][[M[0xffffffd3]$[0x1e]hF[0xffffffbb]i [0x18][0xffffffb4][0xffffffdd]&[0xfffffff9][0xffffffc5]$7[0xffffffc1]R[0x12]#;[0xffffff94]v[0xffffffbf]~[0xffffffb6][0xfffffff3]1[0xffffff92][0xffffff9a][0xffffffc1][0x1a]x[0xffffffcb][0xffffffb5][0xffffffaf][0xffffffcf]9[0xffffffbe][0xfffffff7]8v[0xb][0x1c][0x1e]E4[0xfffffff6]$x4[0xffffffa1][0xb]*[0xffffffb1][0xffffffd1][0xffffff82][0xfffffffb]%[0xffffff93][0xffffffe0][0xffffffb3][0x10][0xffffffc1][0xffffffe5]qBY,!Y[0xffffffea] KM8,[0x10][0xfffffff0][0x19][0xffffffdd]u[0xffffff82][0x1e][0xffffffb0][0xffffffd8]L[0xffffffcb]%[0xffffff86][0xffffffa1][0xe][0xffffffb8][0xfffffff0]P[0xffffffe8]$[0xf][0x13]t[0x13]3[0xfffffff9][0xffffff84]B2[0xffffffae][0xffffffe6]|@[0xfffffff5][0x1d][0x8][0xffffffc4][0x18][0x16][0xffffff82]o[0xffffffa4][0xffffff9a]P[0xffffff94][0xffffffe7][0xffffffce]R[0xfffffff0][0x8][0xffffffdb]p[0xffffffcb][0x4][0xfffffffa][0xfffffffc][0xffffffb9][\r][0xffffff93][0x15][\n]"
11:47:51.070 [main] DEBUG org.apache.hc.client5.http.wire -- http-outgoing-5 << "[0xffffffda][0xffffff86][0xffffffa1][0x17][0xffffffa8]Q3[0xffffffcb][0xffffffd6][0xffffffd1][0xffffff85][0xffffffc6][0xfffffff7][0xffffff98][0xffffffef][0xffffffa3][0xffffffc0]8[0x1][0xffffffae]s[0x12][0x16][0x7] _d[0xffffff82][0xffffff91][0xffffff84][0xfffffff3][0x1f],[0xfffffff6][0x14]j[0x1b]F,^+[0xffffff98]1ua2[0xffffffbf]h([0xffffff8e][0xffffff94][0xffffffa2][0xffffff91]m[0xffffffa3][0xffffffeb][0xffffff9a][0xffffffb0][0xffffffbb]I[0x17]t[0xffffffdf][0xffffffbd][0xffffffef][0xffffffbb][0xffffff91][0xffffffd7]U[0xffffffbb][0xffffff82][0xffffff9e][0x3][0xffffff9b][0xffffff88][0xffffffb9][0xffffffa6]$[0xffffffa6][0xc][0xffffff9b][0xffffffa5][0xffffffe2][0xffffff83][0xffffff98]F[0xffffffd8]o[0xffffff9e]Mg[0xffffff93][0xffffffbb][0xffffffd9]`|[0xfffffffb]u4[0xffffff9c][0x7f]"}B[0xffffffce][0x8][0xffffffb9][0xffffffe3]<[0x8][0xffffff91][0xffffff90][0xffffff94][0xffffff82][0xffffff90][0xffffffc1]j[0x15]2WI[0xffffffe3]1![0x19][0xffffff91]BnB[0xffffff80][0x9]<f[0xffffffb5][0xffffffe8]=[0xffffffd1]p[0xffffffbd][[0xffffffcf][0xffffffe5][0x1b][0xfffffff4][0xffffff9c][0xffffffff][0xfffffffc][0xfffffff8][0xffffffe1][0xffffffe2][0xffffff94][0xffffffa2][0xffffffae][0xe][0x14]5[0xffffff9a]8[0xffffff83][0xffffffd1]`:[0xfffffffd]<[0xffffffb8][0x1f][0xffffff9c]R[0xffffffcf]u[0x7f]6[0xffffffbc][0xffffff83][0xffffffef][0xf][0xffffffc3][0xffffffd9]/[0xfffffff8][0xfffffff2][0xffffffcd]y s[0xffffffee]'[0x1b]*0g[0xffffffcb][0xffffffc8]nF7H][0xffffff83][0xffffff97]{[0xffffffb1]Q[0x5][\r][0xffffffb5]c[0xffffffb4][0xf][0x2][0xffffffb3][0xffffffb4][0xffffff93][0xe]C[0xffffffa7][0xffffffb3]kAD][0xffffff9d][0xffffffde][0xffffffdb][0xffffffda][0xffffff88][0xffffffec][0xffffffa5][0xffffffbc][0xffffff99][0xffffffd9][0xffffffba]t[0xffffffb5][0xffffffea]9[0xffffffea][0x10])[0xffffffb7][0xffffffca][0xffffff9e][0xfffffff2][0xffffffe2]d^N[0xffffffd8]FW[0x16][0xffffffcd][0xffffffdc]_[0x10][0xfffffff9]i|[0x1c][0xffffff93][0xffffff8e][0xfffffff9]o[0x16][0xffffff86]4'!$G[0xffffffdf]W[0xfffffff4]W*j[[0xfffffff3]xR[0xffffffae][0xffffffb6][0xc][0xffffffd0],; #[0xffffffa9][0xffffff92]5[0xffffffb5][0x7][0xffffff9c][0xffffffb5][0xffffffd0][0x7f][0xffffff90][0xffffffc7]jgs[0xfffffffc][0xffffffc2][0xb][0xffffffd9][0x0]t[0xffffff9e]^'Y[0xfffffffb][0xffffff9f][0xffffffb1][0xffffffd8]:[0xffffffbf][0xffffff8d][0xffffffa5][0xffffff9a][0xffffffad][0x7f]m[0x5]&[0xffffffaa][0xffffffa0]^[0xffffff9b][0xffffffcb][0x5]f[0xffffffae][0xffffffe0]RU[0xffffff82][0x10]MS9l[0xffffff91]4t[0xfffffffb][0xffffff8a]][0xffffffd6][0xfffffff4][0xffffff96][0xffffffa6][0xffffff9f]P[0xffffffce][0xffffffd5][0xffffffce][0xffffff93][0xffffffff][0xffffff97][0xffffffcc]p[0xfffffffd][0xfffffff3][0xffffffe8][0x1b][0xffffffcc][0xffffffa2][0xffffffd9]Q[0xffffffbe][0xffffffb2][0xffffffa3][0xffffffc7]m'[0xffffffdf][0xffffffe4][[0xfffffffb]^[0xffffffb0][0xffffff9a][0xffffffbe][0xffffffda][0xffffffda]_[0xffffffce][0xffffff80][0xffffffd2][0xffffffc1]7[0xffffffb7]][0xffffffc1]b[0xffffffee][0xffffffb5][0xffffffff]w[0xffffff83][0xffffffed][0xffffffa7];[0x15]<[0x10]4[0xffffff92][0xffffff84][0x18][\n]"
11:47:51.070 [main] DEBUG org.apache.hc.client5.http.wire -- http-outgoing-5 << "BB[0xffffffba][0xffffff8e]][0xffffffb5]jo[0xffffffb9]+"[0xffffffea][0xffffffb4][0xffffffff]h"[0xffffffea]\?5[0xffffffa9][0xffffffaf]k[0xffffffec][0xffffffff]P[0xffffffea][\n]"
11:47:51.070 [main] DEBUG org.apache.hc.client5.http.wire -- http-outgoing-5 << "w[0xffffffe1]K[0x13][0xffffffda][0xffffffec][0xffffff98][0xffffffe6]Y[0xfffffffd]h8m6[0xffffff9c]T[0xffffffc1][0xfffffff2][0xffffffa7][0xffffff91]z_[0xffffff95]o85p[0x1c][0x13][0xffffffe6][0xfffffff0]5[0xffffffee][0xfffffffc][0xffffff92][0xffffff96][0xffffffda][0xfffffff7][0xffffffcf][0xffffffb1][0x5][0x1d][0xffffffea]K[0xffffff9b]9[0xffffff8e][0xffffffad]e[0xfffffff7][0xffffff93][0xffffffa8]`[0xffffffda][0xffffffff][0x1a][0xffffffd2][0xffffff88][0xffffff85][0xfffffffd][0xfffffff2][0xffffff91]N[0xfffffff6]`[0xffffffdf]2[0xffffffcf][0xffffffae]E[0xffffff97][0xffffffc5][0xffffffa2][0xffffff9d][0xffffffef]'[0xffffff9d]mun.[0xffffffd3]f^[0xffffffc7][0xffffff82][0xffffffda][0xffffff82]9[0xfffffff5][0xffffffa9]`[0x5][0xffffffbc]4[0xffffffa1][0x1d]<M[0xffffffb5]A[0xffffffa7]3[[0xffffffc0][0x7f][0x0][0xffffffc1][0xffffffd0]$[0xffffff85][0x1d][\r][0x0][0x0]"
11:47:51.071 [main] DEBUG org.apache.hc.client5.http.impl.classic.InternalHttpClient -- ep-0000000008 releasing valid endpoint
11:47:51.071 [main] DEBUG org.apache.hc.client5.http.impl.io.PoolingHttpClientConnectionManager -- ep-0000000008 releasing endpoint
11:47:51.071 [main] DEBUG org.apache.hc.client5.http.impl.io.PoolingHttpClientConnectionManager -- ep-0000000008 connection http-outgoing-5 can be kept alive for 3 MINUTES
11:47:51.071 [main] DEBUG org.apache.hc.client5.http.impl.io.PoolingHttpClientConnectionManager -- ep-0000000008 connection released [route: {s}->https://raw.githubusercontent.com:443][total available: 2; route allocated: 1 of 5; total allocated: 3 of 25]
11:47:51.071 [main] DEBUG io.github.bonigarcia.wdm.versions.VersionDetector -- Detecting chrome version using online commands.properties
11:47:51.072 [main] DEBUG io.github.bonigarcia.wdm.versions.Shell -- Running command on the shell: [/Applications/Google Chrome.app/Contents/MacOS/Google Chrome, --version]
11:47:51.126 [main] DEBUG io.github.bonigarcia.wdm.versions.Shell -- Result: Google Chrome 121.0.6167.160
11:47:51.126 [main] DEBUG io.github.bonigarcia.wdm.versions.VersionDetector -- Getting driver version for chrome121 from online versions.properties
11:47:51.127 [main] DEBUG org.apache.hc.client5.http.impl.classic.InternalHttpClient -- ex-0000000009 preparing request execution
11:47:51.127 [main] DEBUG org.apache.hc.client5.http.impl.classic.ProtocolExec -- ex-0000000009 target auth state: UNCHALLENGED
11:47:51.127 [main] DEBUG org.apache.hc.client5.http.impl.classic.ProtocolExec -- ex-0000000009 proxy auth state: UNCHALLENGED
11:47:51.127 [main] DEBUG org.apache.hc.client5.http.impl.classic.ConnectExec -- ex-0000000009 acquiring connection with route {s}->https://raw.githubusercontent.com:443
11:47:51.127 [main] DEBUG org.apache.hc.client5.http.impl.classic.InternalHttpClient -- ex-0000000009 acquiring endpoint (3 MINUTES)
11:47:51.127 [main] DEBUG org.apache.hc.client5.http.impl.io.PoolingHttpClientConnectionManager -- ex-0000000009 endpoint lease request (3 MINUTES) [route: {s}->https://raw.githubusercontent.com:443][total available: 2; route allocated: 1 of 5; total allocated: 3 of 25]
11:47:51.127 [main] DEBUG org.apache.hc.client5.http.impl.io.PoolingHttpClientConnectionManager -- ex-0000000009 endpoint leased [route: {s}->https://raw.githubusercontent.com:443][total available: 1; route allocated: 1 of 5; total allocated: 3 of 25]
11:47:51.127 [main] DEBUG org.apache.hc.client5.http.impl.io.PoolingHttpClientConnectionManager -- ex-0000000009 acquired ep-0000000009
11:47:51.127 [main] DEBUG org.apache.hc.client5.http.impl.classic.InternalHttpClient -- ex-0000000009 acquired endpoint ep-0000000009
11:47:51.127 [main] DEBUG org.apache.hc.client5.http.impl.classic.MainClientExec -- ex-0000000009 executing GET /bonigarcia/webdrivermanager/master/src/main/resources/versions.properties HTTP/1.1
11:47:51.127 [main] DEBUG org.apache.hc.client5.http.protocol.RequestAddCookies -- ex-0000000009 Cookie spec selected: strict
11:47:51.127 [main] DEBUG org.apache.hc.client5.http.impl.classic.InternalHttpClient -- ep-0000000009 start execution ex-0000000009
11:47:51.127 [main] DEBUG org.apache.hc.client5.http.impl.io.PoolingHttpClientConnectionManager -- ep-0000000009 executing exchange ex-0000000009 over http-outgoing-5
11:47:51.127 [main] DEBUG org.apache.hc.client5.http.headers -- http-outgoing-5 >> GET /bonigarcia/webdrivermanager/master/src/main/resources/versions.properties HTTP/1.1
11:47:51.127 [main] DEBUG org.apache.hc.client5.http.headers -- http-outgoing-5 >> user-agent: Apache-HttpClient/5.0
11:47:51.127 [main] DEBUG org.apache.hc.client5.http.headers -- http-outgoing-5 >> accept-encoding: gzip, deflate, br
11:47:51.127 [main] DEBUG org.apache.hc.client5.http.headers -- http-outgoing-5 >> cache-control: max-age=0
11:47:51.127 [main] DEBUG org.apache.hc.client5.http.headers -- http-outgoing-5 >> connection: keep-alive
11:47:51.127 [main] DEBUG org.apache.hc.client5.http.headers -- http-outgoing-5 >> Host: raw.githubusercontent.com
11:47:51.127 [main] DEBUG org.apache.hc.client5.http.wire -- http-outgoing-5 >> "GET /bonigarcia/webdrivermanager/master/src/main/resources/versions.properties HTTP/1.1[\r][\n]"
11:47:51.127 [main] DEBUG org.apache.hc.client5.http.wire -- http-outgoing-5 >> "user-agent: Apache-HttpClient/5.0[\r][\n]"
11:47:51.127 [main] DEBUG org.apache.hc.client5.http.wire -- http-outgoing-5 >> "accept-encoding: gzip, deflate, br[\r][\n]"
11:47:51.127 [main] DEBUG org.apache.hc.client5.http.wire -- http-outgoing-5 >> "cache-control: max-age=0[\r][\n]"
11:47:51.127 [main] DEBUG org.apache.hc.client5.http.wire -- http-outgoing-5 >> "connection: keep-alive[\r][\n]"
11:47:51.127 [main] DEBUG org.apache.hc.client5.http.wire -- http-outgoing-5 >> "Host: raw.githubusercontent.com[\r][\n]"
11:47:51.127 [main] DEBUG org.apache.hc.client5.http.wire -- http-outgoing-5 >> "[\r][\n]"
11:47:51.315 [main] DEBUG org.apache.hc.client5.http.wire -- http-outgoing-5 << "HTTP/1.1 200 OK[\r][\n]"
11:47:51.315 [main] DEBUG org.apache.hc.client5.http.wire -- http-outgoing-5 << "Connection: keep-alive[\r][\n]"
11:47:51.315 [main] DEBUG org.apache.hc.client5.http.wire -- http-outgoing-5 << "Content-Length: 1667[\r][\n]"
11:47:51.315 [main] DEBUG org.apache.hc.client5.http.wire -- http-outgoing-5 << "Cache-Control: max-age=300[\r][\n]"
11:47:51.315 [main] DEBUG org.apache.hc.client5.http.wire -- http-outgoing-5 << "Content-Security-Policy: default-src 'none'; style-src 'unsafe-inline'; sandbox[\r][\n]"
11:47:51.315 [main] DEBUG org.apache.hc.client5.http.wire -- http-outgoing-5 << "Content-Type: text/plain; charset=utf-8[\r][\n]"
11:47:51.316 [main] DEBUG org.apache.hc.client5.http.wire -- http-outgoing-5 << "ETag: W/"2b63ea7ea7667d0729e9d848d780e58af4f6d237cb562369e48d53971ddfa6c5"[\r][\n]"
11:47:51.316 [main] DEBUG org.apache.hc.client5.http.wire -- http-outgoing-5 << "Strict-Transport-Security: max-age=31536000[\r][\n]"
11:47:51.316 [main] DEBUG org.apache.hc.client5.http.wire -- http-outgoing-5 << "X-Content-Type-Options: nosniff[\r][\n]"
11:47:51.316 [main] DEBUG org.apache.hc.client5.http.wire -- http-outgoing-5 << "X-Frame-Options: deny[\r][\n]"
11:47:51.316 [main] DEBUG org.apache.hc.client5.http.wire -- http-outgoing-5 << "X-XSS-Protection: 1; mode=block[\r][\n]"
11:47:51.316 [main] DEBUG org.apache.hc.client5.http.wire -- http-outgoing-5 << "X-GitHub-Request-Id: C544:0E73:441D4E1:46D2A0D:65B9B3A7[\r][\n]"
11:47:51.316 [main] DEBUG org.apache.hc.client5.http.wire -- http-outgoing-5 << "Content-Encoding: gzip[\r][\n]"
11:47:51.316 [main] DEBUG org.apache.hc.client5.http.wire -- http-outgoing-5 << "Accept-Ranges: bytes[\r][\n]"
11:47:51.316 [main] DEBUG org.apache.hc.client5.http.wire -- http-outgoing-5 << "Date: Mon, 12 Feb 2024 04:47:51 GMT[\r][\n]"
11:47:51.316 [main] DEBUG org.apache.hc.client5.http.wire -- http-outgoing-5 << "Via: 1.1 varnish[\r][\n]"
11:47:51.316 [main] DEBUG org.apache.hc.client5.http.wire -- http-outgoing-5 << "X-Served-By: cache-fra-eddf8230130-FRA[\r][\n]"
11:47:51.316 [main] DEBUG org.apache.hc.client5.http.wire -- http-outgoing-5 << "X-Cache: HIT[\r][\n]"
11:47:51.316 [main] DEBUG org.apache.hc.client5.http.wire -- http-outgoing-5 << "X-Cache-Hits: 2[\r][\n]"
11:47:51.316 [main] DEBUG org.apache.hc.client5.http.wire -- http-outgoing-5 << "X-Timer: S1707713271.286710,VS0,VE0[\r][\n]"
11:47:51.316 [main] DEBUG org.apache.hc.client5.http.wire -- http-outgoing-5 << "Vary: Authorization,Accept-Encoding,Origin[\r][\n]"
11:47:51.316 [main] DEBUG org.apache.hc.client5.http.wire -- http-outgoing-5 << "Access-Control-Allow-Origin: *[\r][\n]"
11:47:51.316 [main] DEBUG org.apache.hc.client5.http.wire -- http-outgoing-5 << "Cross-Origin-Resource-Policy: cross-origin[\r][\n]"
11:47:51.316 [main] DEBUG org.apache.hc.client5.http.wire -- http-outgoing-5 << "X-Fastly-Request-ID: d904d3776fa84709758928ff40ecc27b3e7ace94[\r][\n]"
11:47:51.316 [main] DEBUG org.apache.hc.client5.http.wire -- http-outgoing-5 << "Expires: Mon, 12 Feb 2024 04:52:51 GMT[\r][\n]"
11:47:51.316 [main] DEBUG org.apache.hc.client5.http.wire -- http-outgoing-5 << "Source-Age: 272[\r][\n]"
11:47:51.316 [main] DEBUG org.apache.hc.client5.http.wire -- http-outgoing-5 << "[\r][\n]"
11:47:51.316 [main] DEBUG org.apache.hc.client5.http.headers -- http-outgoing-5 << HTTP/1.1 200 OK
11:47:51.316 [main] DEBUG org.apache.hc.client5.http.headers -- http-outgoing-5 << Connection: keep-alive
11:47:51.316 [main] DEBUG org.apache.hc.client5.http.headers -- http-outgoing-5 << Content-Length: 1667
11:47:51.316 [main] DEBUG org.apache.hc.client5.http.headers -- http-outgoing-5 << Cache-Control: max-age=300
11:47:51.316 [main] DEBUG org.apache.hc.client5.http.headers -- http-outgoing-5 << Content-Security-Policy: default-src 'none'; style-src 'unsafe-inline'; sandbox
11:47:51.317 [main] DEBUG org.apache.hc.client5.http.headers -- http-outgoing-5 << Content-Type: text/plain; charset=utf-8
11:47:51.317 [main] DEBUG org.apache.hc.client5.http.headers -- http-outgoing-5 << ETag: W/"2b63ea7ea7667d0729e9d848d780e58af4f6d237cb562369e48d53971ddfa6c5"
11:47:51.317 [main] DEBUG org.apache.hc.client5.http.headers -- http-outgoing-5 << Strict-Transport-Security: max-age=31536000
11:47:51.317 [main] DEBUG org.apache.hc.client5.http.headers -- http-outgoing-5 << X-Content-Type-Options: nosniff
11:47:51.317 [main] DEBUG org.apache.hc.client5.http.headers -- http-outgoing-5 << X-Frame-Options: deny
11:47:51.317 [main] DEBUG org.apache.hc.client5.http.headers -- http-outgoing-5 << X-XSS-Protection: 1; mode=block
11:47:51.317 [main] DEBUG org.apache.hc.client5.http.headers -- http-outgoing-5 << X-GitHub-Request-Id: C544:0E73:441D4E1:46D2A0D:65B9B3A7
11:47:51.317 [main] DEBUG org.apache.hc.client5.http.headers -- http-outgoing-5 << Content-Encoding: gzip
11:47:51.317 [main] DEBUG org.apache.hc.client5.http.headers -- http-outgoing-5 << Accept-Ranges: bytes
11:47:51.317 [main] DEBUG org.apache.hc.client5.http.headers -- http-outgoing-5 << Date: Mon, 12 Feb 2024 04:47:51 GMT
11:47:51.317 [main] DEBUG org.apache.hc.client5.http.headers -- http-outgoing-5 << Via: 1.1 varnish
11:47:51.317 [main] DEBUG org.apache.hc.client5.http.headers -- http-outgoing-5 << X-Served-By: cache-fra-eddf8230130-FRA
11:47:51.317 [main] DEBUG org.apache.hc.client5.http.headers -- http-outgoing-5 << X-Cache: HIT
11:47:51.317 [main] DEBUG org.apache.hc.client5.http.headers -- http-outgoing-5 << X-Cache-Hits: 2
11:47:51.317 [main] DEBUG org.apache.hc.client5.http.headers -- http-outgoing-5 << X-Timer: S1707713271.286710,VS0,VE0
11:47:51.317 [main] DEBUG org.apache.hc.client5.http.headers -- http-outgoing-5 << Vary: Authorization,Accept-Encoding,Origin
11:47:51.317 [main] DEBUG org.apache.hc.client5.http.headers -- http-outgoing-5 << Access-Control-Allow-Origin: *
11:47:51.317 [main] DEBUG org.apache.hc.client5.http.headers -- http-outgoing-5 << Cross-Origin-Resource-Policy: cross-origin
11:47:51.317 [main] DEBUG org.apache.hc.client5.http.headers -- http-outgoing-5 << X-Fastly-Request-ID: d904d3776fa84709758928ff40ecc27b3e7ace94
11:47:51.317 [main] DEBUG org.apache.hc.client5.http.headers -- http-outgoing-5 << Expires: Mon, 12 Feb 2024 04:52:51 GMT
11:47:51.317 [main] DEBUG org.apache.hc.client5.http.headers -- http-outgoing-5 << Source-Age: 272
11:47:51.317 [main] DEBUG org.apache.hc.client5.http.impl.classic.MainClientExec -- ex-0000000009 connection can be kept alive for 3 MINUTES
11:47:51.318 [main] DEBUG org.apache.hc.client5.http.wire -- http-outgoing-5 << "[0x1f][0xffffff8b][0x8][0x0][0x0][0x0][0x0][0x0][0x0][0x3][0xffffff8d][0xffffff97][0xffffffcb]n+7[0xc][0xffffff86][0xfffffff7]y[0xffffff8a][0x1][0xffffffba][0xffffffce]XWJ[\n]"
11:47:51.318 [main] DEBUG org.apache.hc.client5.http.wire -- http-outgoing-5 << "[0xffffffa0]M[0xffffffaf][0xffffffab][0xffffffa2][0xffffff8b][0xfffffff6][0x5]|[0xffffffec]I28[0xffffff8e]'[0xffffffb0][0xffffff9d][0xffffff93][0xffffff83]>}II[0xffffffd4][0xffffffc8][0xffffff9a][0x16][0xffffffe8][0xffffffc2]H[0xfffffff8][0xffffff8d]F")[\r][0xfffffff5][0xfffffff3][0xffffff87][0xffffffe1][0xffffffaf][0xffffffd7][0xfffffff9]:<[0xffffffcf][0xffffffa7]i8,[0xffffffe7][0xffffffdb]~>_[0xffffff87][0xffffffdb][0xffffffeb]4|=/[0xffffff9f][0xffffffe7][0xffffffe1]x[0xffffff99][0xffffffbf]M[0xffffff97][0x1][0x7f][0xffffffd7]y[0xffffffc1]'[0xffffff87][0xffffffe5][0xffffffed]}[0x7f][0xffffff9b][0xffffffbf][0xffffffe0][0xffffffe8][0xffffffcf][0xfffffff9][0xfffffff6][0xffffff9a]F[0x1e][0xffffff96][0xffffffcb]e[0xffffffba][0xffffffbe]/[0xffffffe7][0xffffffe3]|~[0x19][0xffffffbe]\[0xffffff96][0xffffffcf][0xffffffeb][0xfffffffa][0xffffffca][0xffffffc3][0xffffffc3][0xf][0xffffffc3][0xffffff8f][0x19]=[\r][0xffffffbf]-[0xffffffcb][0xb][0xffffffbe][0xfffffff9][0xffffffd3][0xffffffeb]ey[0xffffff9b][0xffffff86][0xfffffffd][0xfffffff9][0xffffff98][0xffffffff][0xffffff9d]?[0xffffffde][0xffffff86][0xffffffc7][0xffffffe1][0xffffffe7][0xffffffb4][0xffffffd4][0xffffffd3]pHO[0xfffffff3][0xffffffc2][0xfffffff8][0xfffffff2][0xffffff9f][0xffffffcb][0xffffffc7][0xffffffe5]0=[\r][0xffffffaf][0xffffffb7][0xffffffdb][0xfffffffb][0xffffffd3]n[0xffffffd7]>[0x1d][0xf][0xffffffe5][0xffffffed]q[0xffffffb9][0xffffffbc][0xffffffec][0xffffff8e][0xffffffe8][0xffffffef]i[0xffffffd9][0x1f][0xffffffaf][0xf]y[0xffffff8c][0xffffff94]&[0xffffffe2]o[0x14][0xffffffa3]u[0xffffffda][0xffffff8e]AT[0xffffffae][0xffffff91]k[0xffffffe2][0xffffffe0][0xffffffd4][0x8][0xffffffba]r[0xffffff85]\%.[0xffffffed]hB[0xffffffe5][0x12][0xffffffb9]$nA[0xffffff8f]`*[0x17][0xffffffc8][0x5]q[0xffffffe3][0xffffffe5][0xffffffe8][0x1c]s[0x11]"[0xfffffffe][0x12][0xffffffc7][0xffffffe5]][0x1d]/<rO\[0xffffffdb]0:Y[0xffffffb9]C[0xffffffee][0x12][0x17]f[0x4]U9 [0x7][0xffffffe2][0xffffffca][0xffffff84][0x11][0xffffffd6][0xfffffff1][0x16][0xffffffb9]%.[0xffffff83][0xffffffc5][0xffffff87][0xffffff95]c[0xffffffbc]"[0xffffffc5]Ka[0xffffffb8][0xffffffea][0xffffffbf][0xffffffc0]xE[0xffffff8a]W[0xffffff80][0x18][0xffffffa5]^[0x1d][0xffffffc2][0xffffff80]E[\n]"
11:47:51.318 [main] DEBUG org.apache.hc.client5.http.wire -- http-outgoing-5 << "X[0xffffffe0]|[0xffffffcd][0x2][0x18][0xffffffb0][0xffffffa0][0xffffff80]M[0xffffffb0]r4+[0xffffffc7][0xffffff80][0x5][0x5]l|[0xffffff80][0x11]8[0xffffffa1]![0xffffffc4][0x10][0x12]5[0x6][0xffffffd7]f[0xffffffea]c[0xffffffa0]`[0xffffff8d][0xffffffb3]~[0xffffffc4]e[0x18][0xffffffbb][0x18](V[0x3]A[0xffffffad]9[0x8][0x10][0x3]$[\n]"
11:47:51.318 [main] DEBUG org.apache.hc.client5.http.wire -- http-outgoing-5 << "f4[0xffffff96][0xffffffa9][0xffffff8d][0xffffffc1]&[0xffffffaa][0xfffffffd][0x8][0x1c]O01[0xffffff98]D19[0xffffffb8][0xffffff91][0xffffff8c]u[0xc][0x14][0xffffffa4][0xffffffb1][0xffffffce][0xffffffad][0xffffff9b][0x1a]T[0xc]*Q[0xffffffdc]R[0xffffffcc]2c[0x19]C[\n]"
11:47:51.318 [main] DEBUG org.apache.hc.client5.http.wire -- http-outgoing-5 << "[0xffffffd0][0xffffffe0][0x9][0xffffffc0]X[0x19][0xffffff8b][0x18]R|F[0xffffff8b]Qq[0xffffff9e]|[0xffffff88]>[0xffffffc5][0xffffffa7][0xfffffff1][0xffffff8f][0xffffffe2][0xffffff99][0xffffffbd][0xffffff8f]>[0xffffffc5][0xffffffa7][0xffffff95][0x19][0x3]0u[0xffffffd1][0xffffffa7][0xfffffff0][0xffffff94][0x17][0xffffffa3][0xfffffff7]L![0xfffffffa][0x14][0xffffff9e]28/[0xffffffa7][0xffffffc2][0xffffffdb][0xffffffe8]Sx[0xffffffd2][0xffffffeb][0xffffffd1][0xffffffb3]k[0xffffffde]D[0xffffff9f][0xffffffc2][0xffffff93][0xffffffc6][0xffffff8d][0xffffff9a]s[0xffffffec]u[0xfffffff4]):[0xffffffda]I[0xffffffcd][0xffffffa9][0xfffffff0]2[0xfffffffa][0x14][0xffffff86][0xffffffc0][0xffffffcc]K][0xffffff97][0x13][0xffffffd1]S[0x18]:[0xffffffa0]/x[0xffffff84][\n]"
11:47:51.318 [main] DEBUG org.apache.hc.client5.http.wire -- http-outgoing-5 << "v![0xffffffba][0xffffff90][0xffffffb0][0xffffffb1][0xffffffa3][0xffffffae][0xffffffd4]G[0xffffffe7][0x13][0xffffffc5][0xffffffb3][0xffffff83][0xffffffe7][0xffffff8a][0xffffffb1][0xffffff8b][0xffffff8e][0x2][0xffffffd1][0x1e][0xfffffff0][`7[0x1c]D[0x7][0xffffff89][0xffffffe2][0x1][0xffffff97][0xffffffaa][0xffffffce]a[0xffffffa3][0xffffffa3]H[0xffffffb4]sx[0xffffffc0][0xffffffd6][0xffffffd1]&:[0xffffff93][0xffffffb0][0xffffffc2][0xfffffff3][0xffffffcb]PGG[0xffffff91]h[0xffffffc0][0xffffff80][0xffffff80]]v**[0xffffffdc]Q[0xffffffb6][0xffffffe4][0xffffff9d]%[0xffffffc8]b[0xffffffc7] [0xffffff90][0xffffffc5]{[0x3][0xffffff9e],[0xffffffce](8[0xffffffb2]x7[0x1][0xffffffc8]bg[0xffffffc0][0xffffffa2]US[0x4][0xffffff86],[0xffffffce]9h[0xffffffb2]x= _t][0xffffff8f]|[0xffffffa9][0xffffffdf][0xc][0xffffff90]/Z[0xffffffdf]U[0xffffffb5][0xffffffdf][0xffffff97][0xffffffbf][0xffffffe7][0xffffffd3]i?[0xfffffffc]:_[0xffffffa6][0xffffffe7][0xffffffe5]{S[0xffffffca]^[0xffffffa6][0xffffffc3][0xffffffd7][0xffffffe5]_+[0xffffffd9][0x15]K[0xffffffd9][0xb][0x16][0xffffffd0][0xffffff8f]/#[0xffffff96][0xffffffd4][0xffffffdd][[0xffffff9e]b[0xffffffd7][0xffffffbc][0xffffffb0][0xffffffbb]L[0xffffffa7]i[0x7f][0xffffff9d][0xffffffae][0xf][0xffffffcf]y^[0xffffffa9]d[0xffffffc4][0xffffffb4]aBW"[0xffffff88][0xffffffe8][0xffffff86][0xffffffc8][0xffffffb0]!~C[0xffffffdc][0xffffff86][0xffffffc0][0xffffff86][0xffffffd8][\r]1[0x1b][0xffffffa2]7Dm[0xffffff88][0xffffffdc][0xffffff90][0xffffffe4][0xffffffb3][0x1a]U%"d[0xffffffb2][0xffffff8e][0x11]~C[0xffffffdc][0xffffff86][0xffffffc0][0xffffff86][0xffffffd8][\r]I>[0xffffffcb][0xffffff96][0xffffffe8][\r]Q[0x1b]"7Dt$[0xffffff84][0x1e][0xfffffff8][0x1e][0xffffffb8][0x1e]@[0xf]l[0xf]zoC[0xffffffef]l[0xffffffe8]}[\r][0xffffffbd][0xffffffab][0xffffff81]<[0xffffffc5][0xffffffaf][0xffffffad][0x1][0xffffffe3]i>[0x7f]|[0xffffffcf]X2[0xfffffff6][0xffffffa1][0x1b][0xffffffe7]}[0xf]\[0xf][0xffffffa0][0x7][0xffffffb6][0x7][0xffffffa6][0x7][0x14][0xffffff80][0xfffffff2][\r]P=[0xffffffa0][0x0][0xffffff94]k[0xffffff80][0xffffffe8][0xffffff80][0xb]=H[0xffffff9e]B[0x3]\[0xf][0xffffffa0][0x7][0xffffffb6][0x7][0xffffffa6][0x7][0xffffffba][0x7][0xffffffaa][0x7][0xffffffb2][0x7][0xffffffa2][0x3][0x10]z[0xffffff90]<[0xffffffb5][\r]H[0xffffff9e]6_0@[0xf]l[0xf][0xffffff92][0xffffffa7][0xffffffcd][0x7][0x4][0xffffffba][0x7][0xffffffc9][0xffffffd3][0xffffffe6][0xffffffd8]C[0xfffffff2][0xffffffb4]9[0x14] :`C[0xf]|[0xf]\[0xf][0xffffff92][0xffffffa7][0xffffffa2][0x1][0xffffff96]A[[0xb][0xffffffff]x[0xffffff9f].[0xfffffffb][0xffffffa6][0x2].d[0xffffffff][0xffffff9f][\n]"
11:47:51.318 [main] DEBUG org.apache.hc.client5.http.wire -- http-outgoing-5 << "[0xffffff98][0x6]^[0xffffff97][0xffffffe7][0xffffffdb][0xffffffe7][0xfffffffe]2e[0xffffff8b][0xffffffd5]]_[0xf][0xffffffd3][0xffffffc3][0xffffffa4][0xffffff8e]hy[0xffffffd4]![0xffffffa8]>[0xffffff94][0x10][0xffffffcc]Q[0x1d][0xffffffc9][0xffffff90]8^s[0x12]o[0xfffffff1][0xffffffc2]I[\r]&[0xfffffff5][0x15]P'[0xfffffff8][0xffffffc0][0xffffff98][0xffffffc4]`[0x12]_[0x1]E[0xffffff86][0xffffffd4][0xffffff8a]9[0xffffff89][0xffffffc1]$[0xffffffbe]<N[0x13][0x1c]c[0xffffffd2][0xffffff82]I{9[0xfffffffc][0xffffffb2]$[\n]"
11:47:51.318 [main] DEBUG org.apache.hc.client5.http.wire -- http-outgoing-5 << "[0xffffff98][0xffffffc2]E[0xffffffab]5[0xffffffb1][0xffffffc8]e[0xffffff8e]u[0xffffffa2][0xffffff91][0xffffff9a]R[0xffffff95]i[0xffffffb0]Z4J[0xffffffd3]3uw:[0xffffffd3][0x16][\n]"
11:47:51.318 [main] DEBUG org.apache.hc.client5.http.wire -- http-outgoing-5 << "[0xffffffad][0xffffffca][0xffffff94][0x1c]g[0xffffffb0][0xffffffad][0xffffffc8][0xffffffc4]L[0x14]lZ[0xffffff8d][0x19]J[0xffffff94]A[0xffffffb7][\n]"
11:47:51.318 [main] DEBUG org.apache.hc.client5.http.wire -- http-outgoing-5 << "[0x13]eI[0xffffffa6][0xffffffaa][0xffffffd5][0xffffff97][0xffffff98][0xffffffb4][0xffffff82]e+/I[0xffffffb9]e,Zu[0xffffffe9]K[0xffffffe0]>[0xffffffb4][0xffffffda][0x12][0xffffffa0]P[0xffffffdf][0x9][0xffffffcb]L]++[0xffffffa1]l[0xffffff8c][0xffffff87]VT[0xffffffd6][0x14]aq[0xffffffb9][0x13][0xffffff95][0x19][0xffffff9a]FS[0xfffffffa][0xffffffe2][0x18][0x16][0xffffff99];E[0xffffff99][0xffffffa1][0xffffffba][0x17][0xffffff94][0x19][0xffffffca]FOZ^_4r[0xffffff92]][0xffffffc5][0xffffffa2]s'&3[0xfffffff4][0xffffff9d][0xffffff96][0xffffffcc][0xffffffd4]5R[0xffffffd2]1[0xffffff84]FH[0xfffffffa][0xffffffb2]<V[0xffffffa1]UG[0xffffffb2][0xfffffff7]X[0xffffff89]V[0x19][0xffffff89][0x9].T72[0x12]xR[0xffffffd5][0xffffffa8]H_6[0x1c][0xffffffcb][0xffffffd2]*"[0xffffffeb]famZE$[0xffffff9f]u[0xffffffac]O[0xffffffab][0xffffff86][0xffffffe4][0x13][0xffffff8d]5[0xffffffaa][0xffffff91][0xffffff90][0xffffffb2][0xffffff84][0xffffff8a][0xffffff85][0xffffffaa]U[0xffffff90]e-[0xffffffac]V[0xffffffab][0xffffff80]t<[0xffffffab]m[0xfffffff4]#[0x1f]e[0xffffffac]Z[0xffffffab]z[0xffffffac][0xffffff87][0x13]KW[0xffffffa3][0x1e][0xfffffff9]S[0xffffffc3][0xfffffffa][0xffffffd5][0xffffff88][0xffffffc7][0xffffffba]V[0x11]}[0xffffffc9][0xffffffb0][0xffffffa1]5[0xffffff8a][0xffffffe4][0xffffffcb]FQ|[0xffffffd9]([0xffffff82]/[0x1b]E[0xffffffef]e[0xffffffa3][0xffffffc8][0xffffffbd]l[0x14][0xffffffb5][0xffffff97][0xffffff8d]"[0xfffffff6][0xffffffb2]![0xffffffb3][0xffffffba][0xffffffcb][0xffffff86]h[0xc]C[0x1e][0xffffffb0][0xffffffc7][0xffffff86]<[0xffffffd0]e[0x1d]C[0x1e][0xffffffa8][0xffffff92][0xc][0x3][0xffffffd9][0xffffffb8][0xffffff93][0xffffff87][0xfffffff3][0xffffffe1][0xffffffb2]Pe[0x1b]~9[0xffffffbe]LMm|[0xffffffbb]N[0x8][0xfffffffe][0xffffffb3]8[0x1e][0xffffffa7]o[0xffffffd3][0xffffff89]f[0x1d][0xffffffdf]x[0xffffff86]T)[0xffffffa7][0xfffffff3][0xffffffe3][0xffffffc7]uW[0xffffffd9]#M[0xffffffb2][0xffffffbb]-[0xffffffcb][0xffffffe9][0xffffffba][0xfffffffb][0xffffff9c][0xffffffbe][0xffffff94]b[0xfffffff9]@t[0xffffffed][0xffffff80][0xffffffa5][0xffffffc7][0x1b]C[0xfffffffa]B[0xffffffb9][0xffffffff][0xffffff95][0xe][0xffffffe5]9f2S[0xffffffee]~[0xffffffa5]S[0xffffffe9] g[0xffffffca][0xffffffbd][0xffffffaf][0x4][0xffffff90][0xffffffd4][0xffffff9b]f[0xffffffca][0xffffff9d][0xffffffaf][0xffffffb4]x>0{[0xffffff89][0xffffffd6][0xffffffbe]WZ,[0xffffffb4][0xffffffae][0xffffffac]V[0xffffffbb]^i[0x0][0xffffffe7][0xffffff85]B[0xffffffb9][0xffffffe7][0xffffffc5]n[0xffffff81][0xffffffee]"
11:47:51.319 [main] DEBUG org.apache.hc.client5.http.wire -- http-outgoing-5 << "[0xfffffff6][0xc][0xffffffb9][0xffffffe1][0xffffff95][0xffffffda][0xffffffd1]MZ([0xffffffb7][0xffffffbb][0xffffffd8][0xffffffb9]j[0xffffffac]`[0xffffff85]r[0xffffffb3]+[0x15]~[0xffffffa9][0xffffff8e]g[0xffffffe0]V[0x17]{[0x13]S[0xffffff83][0xffffffa8]}.[0xffffffde][0x6][0xffffff96]z[0xffffff87]L[0xffffffb9][0xffffffcb]Ea-[0xffffffd6]y[0xffffffb9][0xffffffc7][0xffffffc5][0xffffffcb][0xffffffc2]R[0xffffffa7]E[0xffffff94];\,[0xfffffffd]T(2+[0xfffffffd][0xffffffad][0xffffffa4][0xffffffe8]Jb[0xffffffb8][0xffffffb9][0xffffffc5][0xffffffd0]Te[0xffffffa5][0xffffffb5][0xffffffc5][0x18]Le[0xffffffa5][0xffffffb1]E[0xffffffaf][0xffffffea][0xffffffca][0xffffffdc][0xffffffd6][0x6][0xffffffac]1ZfTZ[0xffffffda][0xffffff80][0xffffffa9][0xffffffd7]eT[0xffffffe9]g[0xffffff83]X[0x17]([0xffffffbd][0xffffffac][0xffffffa7]JW^,}[0xffffffac][0xffffffc7][0xffffffc0]2[0xffffffe1][0x1e][0xffffff96]v<o[0xc][0xfffffff7][0xffffffaf][0xe]s[^[0xffffffe3][0xffffffe6][0x15] [0xffffff94]-[0xffffffe1][0xffffffc6][0x15][0xfffffff0]H@[0xffffffce][0x5]w[0xffffffad][0xffffff96][0x12]\F[0xffffff95][0xffffff96][0xffffffd5]&[0xffffffe1][0xffffff92][0x8][0xffffffb7][0xffffffab]X[0x1a]lY[0xf][0xffffffab]W[0xffffffae][0xffffff9e][0xffffff81]}[0xffffffe2][0xffffffee][0x15][0xffffffef][0xffffffd9][0xffffffb2]U[0xffffffb5]s[0xffffffc5][0xffffff88][0xfffffff1][0xffffffdc]%V[0xffffffdb]V:[0xffffffb3][0xffffff99][0xffffff94][0xffffff96]U9>:[0xffffffdc][0xffffffad]*]I[0xffffffe9]T[0xffffffa9],[0x16]R[0xffffff9a]T[0xffffffa9]I.$dL|[0xffffffbf]L[0xffffff8f][0xfffffff3][0xfffffff9]z[0xffffffdb][0xffffff9f]N[0xffffffd3]1C[0x15][0xffffff81]nv[0xffffff9d][0xffffffcf][0xffffff89][0xffffff91][0x11]K[0x18][0xffffffa8][0xffffff90][0xffffffc3]7"b[0xffffff9d][0xffffffc4][0xffffffdb].[0xffffffef][0xffffff87][0xfffffff6][0x11]?,[0xffffffa3]C6[0x15][0x15][0x1d][0xffffffdc]i[0xffffff9f][0xffffffcf][0x8][0xfffffff6]gtec[0xffffffbd]~[0xfffffff8][0x7][0x18]<[0xfffffffe][0xffffff8d]h[0x13][0x0][0x0]"
11:47:51.319 [main] DEBUG org.apache.hc.client5.http.impl.classic.InternalHttpClient -- ep-0000000009 releasing valid endpoint
11:47:51.319 [main] DEBUG org.apache.hc.client5.http.impl.io.PoolingHttpClientConnectionManager -- ep-0000000009 releasing endpoint
11:47:51.319 [main] DEBUG org.apache.hc.client5.http.impl.io.PoolingHttpClientConnectionManager -- ep-0000000009 connection http-outgoing-5 can be kept alive for 3 MINUTES
11:47:51.320 [main] DEBUG org.apache.hc.client5.http.impl.io.PoolingHttpClientConnectionManager -- ep-0000000009 connection released [route: {s}->https://raw.githubusercontent.com:443][total available: 2; route allocated: 1 of 5; total allocated: 3 of 25]
11:47:51.320 [main] DEBUG io.github.bonigarcia.wdm.versions.VersionDetector -- Driver for chrome121 not found in online properties (using local versions.properties)
11:47:51.321 [main] DEBUG io.github.bonigarcia.wdm.WebDriverManager -- The driver version for CHROME 121 is unknown ... trying with latest
11:47:51.324 [main] DEBUG org.apache.hc.client5.http.impl.classic.InternalHttpClient -- ex-0000000010 preparing request execution
11:47:51.324 [main] DEBUG org.apache.hc.client5.http.impl.classic.ProtocolExec -- ex-0000000010 target auth state: UNCHALLENGED
11:47:51.324 [main] DEBUG org.apache.hc.client5.http.impl.classic.ProtocolExec -- ex-0000000010 proxy auth state: UNCHALLENGED
11:47:51.324 [main] DEBUG org.apache.hc.client5.http.impl.classic.ConnectExec -- ex-0000000010 acquiring connection with route {s}->https://googlechromelabs.github.io:443
11:47:51.324 [main] DEBUG org.apache.hc.client5.http.impl.classic.InternalHttpClient -- ex-0000000010 acquiring endpoint (3 MINUTES)
11:47:51.324 [main] DEBUG org.apache.hc.client5.http.impl.io.PoolingHttpClientConnectionManager -- ex-0000000010 endpoint lease request (3 MINUTES) [route: {s}->https://googlechromelabs.github.io:443][total available: 2; route allocated: 1 of 5; total allocated: 3 of 25]
11:47:51.324 [main] DEBUG org.apache.hc.client5.http.impl.io.PoolingHttpClientConnectionManager -- ex-0000000010 endpoint leased [route: {s}->https://googlechromelabs.github.io:443][total available: 1; route allocated: 1 of 5; total allocated: 3 of 25]
11:47:51.324 [main] DEBUG org.apache.hc.client5.http.impl.io.PoolingHttpClientConnectionManager -- ex-0000000010 acquired ep-0000000010
11:47:51.325 [main] DEBUG org.apache.hc.client5.http.impl.classic.InternalHttpClient -- ex-0000000010 acquired endpoint ep-0000000010
11:47:51.325 [main] DEBUG org.apache.hc.client5.http.impl.classic.MainClientExec -- ex-0000000010 executing GET /chrome-for-testing/last-known-good-versions-with-downloads.json HTTP/1.1
11:47:51.325 [main] DEBUG org.apache.hc.client5.http.protocol.RequestAddCookies -- ex-0000000010 Cookie spec selected: strict
11:47:51.325 [main] DEBUG org.apache.hc.client5.http.impl.classic.InternalHttpClient -- ep-0000000010 start execution ex-0000000010
11:47:51.325 [main] DEBUG org.apache.hc.client5.http.impl.io.PoolingHttpClientConnectionManager -- ep-0000000010 executing exchange ex-0000000010 over http-outgoing-3
11:47:51.325 [main] DEBUG org.apache.hc.client5.http.headers -- http-outgoing-3 >> GET /chrome-for-testing/last-known-good-versions-with-downloads.json HTTP/1.1
11:47:51.325 [main] DEBUG org.apache.hc.client5.http.headers -- http-outgoing-3 >> user-agent: Apache-HttpClient/5.0
11:47:51.325 [main] DEBUG org.apache.hc.client5.http.headers -- http-outgoing-3 >> accept-encoding: gzip, deflate, br
11:47:51.325 [main] DEBUG org.apache.hc.client5.http.headers -- http-outgoing-3 >> cache-control: max-age=0
11:47:51.325 [main] DEBUG org.apache.hc.client5.http.headers -- http-outgoing-3 >> connection: keep-alive
11:47:51.325 [main] DEBUG org.apache.hc.client5.http.headers -- http-outgoing-3 >> Host: googlechromelabs.github.io
11:47:51.325 [main] DEBUG org.apache.hc.client5.http.wire -- http-outgoing-3 >> "GET /chrome-for-testing/last-known-good-versions-with-downloads.json HTTP/1.1[\r][\n]"
11:47:51.325 [main] DEBUG org.apache.hc.client5.http.wire -- http-outgoing-3 >> "user-agent: Apache-HttpClient/5.0[\r][\n]"
11:47:51.325 [main] DEBUG org.apache.hc.client5.http.wire -- http-outgoing-3 >> "accept-encoding: gzip, deflate, br[\r][\n]"
11:47:51.325 [main] DEBUG org.apache.hc.client5.http.wire -- http-outgoing-3 >> "cache-control: max-age=0[\r][\n]"
11:47:51.325 [main] DEBUG org.apache.hc.client5.http.wire -- http-outgoing-3 >> "connection: keep-alive[\r][\n]"
11:47:51.325 [main] DEBUG org.apache.hc.client5.http.wire -- http-outgoing-3 >> "Host: googlechromelabs.github.io[\r][\n]"
11:47:51.325 [main] DEBUG org.apache.hc.client5.http.wire -- http-outgoing-3 >> "[\r][\n]"
11:47:51.499 [main] DEBUG org.apache.hc.client5.http.wire -- http-outgoing-3 << "HTTP/1.1 200 OK[\r][\n]"
11:47:51.499 [main] DEBUG org.apache.hc.client5.http.wire -- http-outgoing-3 << "Connection: keep-alive[\r][\n]"
11:47:51.499 [main] DEBUG org.apache.hc.client5.http.wire -- http-outgoing-3 << "Content-Length: 640[\r][\n]"
11:47:51.499 [main] DEBUG org.apache.hc.client5.http.wire -- http-outgoing-3 << "Server: GitHub.com[\r][\n]"
11:47:51.499 [main] DEBUG org.apache.hc.client5.http.wire -- http-outgoing-3 << "Content-Type: application/json; charset=utf-8[\r][\n]"
11:47:51.499 [main] DEBUG org.apache.hc.client5.http.wire -- http-outgoing-3 << "permissions-policy: interest-cohort=()[\r][\n]"
11:47:51.499 [main] DEBUG org.apache.hc.client5.http.wire -- http-outgoing-3 << "x-origin-cache: HIT[\r][\n]"
11:47:51.499 [main] DEBUG org.apache.hc.client5.http.wire -- http-outgoing-3 << "Last-Modified: Mon, 12 Feb 2024 04:09:36 GMT[\r][\n]"
11:47:51.499 [main] DEBUG org.apache.hc.client5.http.wire -- http-outgoing-3 << "Access-Control-Allow-Origin: *[\r][\n]"
11:47:51.499 [main] DEBUG org.apache.hc.client5.http.wire -- http-outgoing-3 << "Strict-Transport-Security: max-age=31556952[\r][\n]"
11:47:51.499 [main] DEBUG org.apache.hc.client5.http.wire -- http-outgoing-3 << "ETag: W/"65c99a00-229c"[\r][\n]"
11:47:51.499 [main] DEBUG org.apache.hc.client5.http.wire -- http-outgoing-3 << "expires: Mon, 12 Feb 2024 04:21:25 GMT[\r][\n]"
11:47:51.499 [main] DEBUG org.apache.hc.client5.http.wire -- http-outgoing-3 << "Cache-Control: max-age=600[\r][\n]"
11:47:51.499 [main] DEBUG org.apache.hc.client5.http.wire -- http-outgoing-3 << "Content-Encoding: gzip[\r][\n]"
11:47:51.499 [main] DEBUG org.apache.hc.client5.http.wire -- http-outgoing-3 << "x-proxy-cache: HIT[\r][\n]"
11:47:51.499 [main] DEBUG org.apache.hc.client5.http.wire -- http-outgoing-3 << "X-GitHub-Request-Id: 7E68:202855:5C382C1:5E35C94:65C99AB6[\r][\n]"
11:47:51.499 [main] DEBUG org.apache.hc.client5.http.wire -- http-outgoing-3 << "Accept-Ranges: bytes[\r][\n]"
11:47:51.499 [main] DEBUG org.apache.hc.client5.http.wire -- http-outgoing-3 << "Date: Mon, 12 Feb 2024 04:47:51 GMT[\r][\n]"
11:47:51.499 [main] DEBUG org.apache.hc.client5.http.wire -- http-outgoing-3 << "Via: 1.1 varnish[\r][\n]"
11:47:51.499 [main] DEBUG org.apache.hc.client5.http.wire -- http-outgoing-3 << "Age: 247[\r][\n]"
11:47:51.499 [main] DEBUG org.apache.hc.client5.http.wire -- http-outgoing-3 << "X-Served-By: cache-fra-eddf8230028-FRA[\r][\n]"
11:47:51.499 [main] DEBUG org.apache.hc.client5.http.wire -- http-outgoing-3 << "X-Cache: HIT[\r][\n]"
11:47:51.499 [main] DEBUG org.apache.hc.client5.http.wire -- http-outgoing-3 << "X-Cache-Hits: 4[\r][\n]"
11:47:51.499 [main] DEBUG org.apache.hc.client5.http.wire -- http-outgoing-3 << "X-Timer: S1707713271.487376,VS0,VE0[\r][\n]"
11:47:51.499 [main] DEBUG org.apache.hc.client5.http.wire -- http-outgoing-3 << "Vary: Accept-Encoding[\r][\n]"
11:47:51.499 [main] DEBUG org.apache.hc.client5.http.wire -- http-outgoing-3 << "X-Fastly-Request-ID: 53cd7eafaec3c761fa2bb0128cfa626640ec807e[\r][\n]"
11:47:51.499 [main] DEBUG org.apache.hc.client5.http.wire -- http-outgoing-3 << "[\r][\n]"
11:47:51.499 [main] DEBUG org.apache.hc.client5.http.headers -- http-outgoing-3 << HTTP/1.1 200 OK
11:47:51.499 [main] DEBUG org.apache.hc.client5.http.headers -- http-outgoing-3 << Connection: keep-alive
11:47:51.499 [main] DEBUG org.apache.hc.client5.http.headers -- http-outgoing-3 << Content-Length: 640
11:47:51.499 [main] DEBUG org.apache.hc.client5.http.headers -- http-outgoing-3 << Server: GitHub.com
11:47:51.499 [main] DEBUG org.apache.hc.client5.http.headers -- http-outgoing-3 << Content-Type: application/json; charset=utf-8
11:47:51.499 [main] DEBUG org.apache.hc.client5.http.headers -- http-outgoing-3 << permissions-policy: interest-cohort=()
11:47:51.499 [main] DEBUG org.apache.hc.client5.http.headers -- http-outgoing-3 << x-origin-cache: HIT
11:47:51.499 [main] DEBUG org.apache.hc.client5.http.headers -- http-outgoing-3 << Last-Modified: Mon, 12 Feb 2024 04:09:36 GMT
11:47:51.499 [main] DEBUG org.apache.hc.client5.http.headers -- http-outgoing-3 << Access-Control-Allow-Origin: *
11:47:51.499 [main] DEBUG org.apache.hc.client5.http.headers -- http-outgoing-3 << Strict-Transport-Security: max-age=31556952
11:47:51.499 [main] DEBUG org.apache.hc.client5.http.headers -- http-outgoing-3 << ETag: W/"65c99a00-229c"
11:47:51.499 [main] DEBUG org.apache.hc.client5.http.headers -- http-outgoing-3 << expires: Mon, 12 Feb 2024 04:21:25 GMT
11:47:51.499 [main] DEBUG org.apache.hc.client5.http.headers -- http-outgoing-3 << Cache-Control: max-age=600
11:47:51.499 [main] DEBUG org.apache.hc.client5.http.headers -- http-outgoing-3 << Content-Encoding: gzip
11:47:51.499 [main] DEBUG org.apache.hc.client5.http.headers -- http-outgoing-3 << x-proxy-cache: HIT
11:47:51.499 [main] DEBUG org.apache.hc.client5.http.headers -- http-outgoing-3 << X-GitHub-Request-Id: 7E68:202855:5C382C1:5E35C94:65C99AB6
11:47:51.499 [main] DEBUG org.apache.hc.client5.http.headers -- http-outgoing-3 << Accept-Ranges: bytes
11:47:51.499 [main] DEBUG org.apache.hc.client5.http.headers -- http-outgoing-3 << Date: Mon, 12 Feb 2024 04:47:51 GMT
11:47:51.499 [main] DEBUG org.apache.hc.client5.http.headers -- http-outgoing-3 << Via: 1.1 varnish
11:47:51.499 [main] DEBUG org.apache.hc.client5.http.headers -- http-outgoing-3 << Age: 247
11:47:51.499 [main] DEBUG org.apache.hc.client5.http.headers -- http-outgoing-3 << X-Served-By: cache-fra-eddf8230028-FRA
11:47:51.499 [main] DEBUG org.apache.hc.client5.http.headers -- http-outgoing-3 << X-Cache: HIT
11:47:51.499 [main] DEBUG org.apache.hc.client5.http.headers -- http-outgoing-3 << X-Cache-Hits: 4
11:47:51.499 [main] DEBUG org.apache.hc.client5.http.headers -- http-outgoing-3 << X-Timer: S1707713271.487376,VS0,VE0
11:47:51.499 [main] DEBUG org.apache.hc.client5.http.headers -- http-outgoing-3 << Vary: Accept-Encoding
11:47:51.499 [main] DEBUG org.apache.hc.client5.http.headers -- http-outgoing-3 << X-Fastly-Request-ID: 53cd7eafaec3c761fa2bb0128cfa626640ec807e
11:47:51.500 [main] DEBUG org.apache.hc.client5.http.impl.classic.MainClientExec -- ex-0000000010 connection can be kept alive for 3 MINUTES
11:47:51.500 [main] DEBUG org.apache.hc.client5.http.wire -- http-outgoing-3 << "[0x1f][0xffffff8b][0x8][0x0][0x0][0x0][0x0][0x0][0x0][0x3][0xffffffcd][0xffffff96][0xffffffcb][0xffffff8e][0xffffff9b]0[0x14][0xffffff86][0xfffffff7]}[0xc][0xffffffaf][0xffffffc1]`[0x8][0xffffffe4][0xffffffb2][0xffffff9c][0xffffff99]7hWSu[0xffffffe1][0x6]7A2[0x10][0xffffff81]'[0xffffffd3]N[0xffffffc4][0xffffffbb][0xffffffd7][0x10][0xffffffc3]p[0xffffffb1][0xffffff99]U|[0xffffff90]"%[0x1c][0xffffff9c]s~[0xffffffd0][0xffffffa7][0xffffffa3][0xffffffef][0xffffff86]D[0xffffff9a][0xffffffb1]J[0xffffffd0][0xffffffec][0xffffff82][0xe]([0xfffffff0][0xffffff83][0xffffff8d][0xffffffeb][0x7].!?[0x2]r[0xfffffff0][0xfffffff7][0xfffffff2][0xffffff83]}B^[0xffffff91][0xffffff83][0xffffff8e]g[0xffffff9a][0xffffffe7][0xffffff8c]W[0xffffffe8]pC[0xffffffdf][0x5][0xfffffffd][0xffffffcd]Y[0xfffffff3]KU[0xffffffe5]_U[0xffffffcd]AWVVi[0xffffff91][0xffffffcb][0x12][0x9][0x8][0xfffffff6]qL[0xffffffe2]-[0xffffffde]E[0xfffffff2]N[0xffffffc9][0xffffffae]i[0x7f]+[0xc][0xffffff89][0xffffffbf][0xffffff95][0xffffffc5][0xffffffa4]x[0xffffffcf]yA[0xffffff93][0xffffffea][0xffffffde][0xffffffae],2[0xffffffd9][0xfffffff8][0xffffffe7][\r]]8[0x15][0x7f][0xffffff8a]2[0xffffff93][0xffffff87]y[0xffffff9a][0xffffffbf][0xfffffffd][0xffffff8d]7[0xfffffff2][0xfffffff0][[0xffffffd9][0xffffff8c]:[0xb]q[0xffffffa9][0xe][0xffffff9e][0xffffffc7][0xffffff92][0x13]K8[0xffffffce][0x18]>][0x5][0xffffffc1][0xffffffc7]"S%[0xffffffef][0xffffffde]G}[0xffffffb9][0xffffffb2][0xffffff8d]+[0xffffffe4]3[0xffffffa6][0xfffffff9][0xffffffc9][0x1b]e[0xfffffff2]T[0xffffffe7][0xffffffee][0xffffffa0][0xffffffba][0xffffffc4][0x1f][0xffffffe9][0x5][0xffffffd5][0xffffffce](CF[0xffffff8f].-[0xffffffb3][0xffffff87][0xffffffa4][0xffffffe8]{wG[0xfffffffb][0xffffff82])[0xffffffc9]c[0xffffffde][0xffffff86][0xffffffea]<Lax[0x1b][0xffffffef]i[0x1e][0x6][0xf]H[0xffffffd0][0xfffffff6][0xffffffed][0xffffff8e][0xffffffb5][0x17][0xffffff86][0xffffffe9][0xf]y[0xfffffffe][0xffffffb6][0xffffffef]`z[0xfffffff7][0xffffffec][0xffffffbf][0x1c][0x5]fR[0xffffffa6][0xffffff92]n(<[0xffffffef][0xffffffd3][0xffffffd7][0x2][0xffffffa9]J[0xffffffb3][\n]"
11:47:51.500 [main] DEBUG org.apache.hc.client5.http.wire -- http-outgoing-3 << "T[0x7]Y[0x0][0xffffff81]U)@[0xffffffb1][0xfffffffd][0xffffffcc]0[0xffffff83][0xffffffd7]=3[0xffffff9a]pVUnuf[0xffffff9c]CQ<[0xffffff89][0xffffffb1][0x16][0xffffff9c][0xffffffa7][0xffffffb1]V[0xffffffc1][0xffffffb5].[0x14] [0xffffffe0][0xffffffd3]8[0xffffffa0][0xffffffa4]k[0xffffffc2][0xfffffff4][0xffffffc8][0xffffffd7][0xffffffb5][0xffffff83][0xffffff9e][0xffffff98][0xffffffa0]cCi+c?[0x9][0xffffff9a][0xffffffe6]ALp[0xffffffb0][0xffffff9f][0xfffffffa]I[0xffffffe4]G;[0x1f][0xffffffc2]O[0x6][0xffffff99][0x0][0xfffffffd]d[0xffffff98][0x2][0xffffffd2]O[0xffffffa6]9[0xffffffec][0xfffffffb][0xffffffc9]0[0xffffff81]}?[0xffffff99]L[0xffffff87][0xfffffff7][0x13]3[0xffffff9e][0xfffffff6][0xfffffffd]d[0x9]R[0xfffffffb]~bF[0xffffffd5][0xffffffae][0xffffff9f][0xffffff98][0xffffff80][0xffffffb5][0xffffffe9]'&l[0xffffffd7][0xffffffe2]'[0xb]K[0x16][0xffffffce]O[0x16]w.[0xffffff9c][0xffffff9f],[0xffffffac]`[0x18]?1nd[0x8]?1.[0xffffffe8]/[0xfffffffc][0xffffffe4][0xffffff85]][0xffffffc7]z[0xffffffd2][0x14][0xffffffc6]v[0x12][0xffffffb6][0xffffffad]w1[0xfffffff6]gr[0xffffffb2]%[0xffffff9b][0x10]BN>#[0x1][0xffffffba][0xffffffc9] [0x4][0xffffffa4][0xffffff9a]Lb[0xffffffd8]7[0xffffff93]A[0x0][0xfffffffb]b2[0x1e][0xe][0xffffffef]%F2[0xffffffed]k[0xffffffc9][0x2][0xffffff9f][0xfffffff6][0xffffffad][0xffffffc4]H[0xffffffa9]])1[0xffffffb0]j[0xffffffd3]I[0xc][0xffffffc4][0xffffffae]EI[0xffffffcc][0xffffffab][0x15][0xffffffce]H[0xffffff96]6-[0xffffff9c][0xffffff90][0xffffff98][0x17]/[0xffffff8c][0xffffff8f][0xffffff98][0xfffffff6]0[0xffffff84][0xffffff8e][0xffffff98][0xffffffd6][0xfffffff2][0x17]6[0xfffffff2]LsZ[0xfffffffe][0x1b][0xb][0xffffff89][0xffffffaa][0xffffffe9][0xffffff9c]d[0x1f]i[0xffffff9c]d[0xffffffb7][0xffffff8f][0x8][0xffffff9c][0xffffff93]4[0xffffff91][0xffffffc0][0xffffff9d][0xffffffa4][\r][0x1][0xffffffef]$}[0xc]('i[0x3]@9I7|-N[0xffffffa2]![0x13][0xffffffca]I[0xffffffb4]|B9[0xffffff89][0xffffff86]R[0x8]'[0xffffff99][0xffffffb1]j[0xffffffdf]If[0xffffffc4][0xffffffae][0xffffffcb]It[0xffffffab][0x15][0xffffffda]I[0xfffffff4][0xffffff9b][0x16][0xffffffda]It[0xffffff8b][0x17][0xffffffd2]I[0xffffffe6]{[0x18][0xffffffce]I[0xffffffe6]ky[0xffffffd1]I[0xffffffea][0xfffffffa][0xffffffdb][0x7f][0xffffffd5][0xffffffa2][0xffffff9a]W[0xffffff9c]"[0x0][0x0]"
11:47:51.501 [main] DEBUG org.apache.hc.client5.http.impl.classic.InternalHttpClient -- ep-0000000010 releasing valid endpoint
11:47:51.501 [main] DEBUG org.apache.hc.client5.http.impl.io.PoolingHttpClientConnectionManager -- ep-0000000010 releasing endpoint
11:47:51.501 [main] DEBUG org.apache.hc.client5.http.impl.io.PoolingHttpClientConnectionManager -- ep-0000000010 connection http-outgoing-3 can be kept alive for 3 MINUTES
11:47:51.501 [main] DEBUG org.apache.hc.client5.http.impl.io.PoolingHttpClientConnectionManager -- ep-0000000010 connection released [route: {s}->https://googlechromelabs.github.io:443][total available: 2; route allocated: 1 of 5; total allocated: 3 of 25]
11:47:51.502 [main] DEBUG io.github.bonigarcia.wdm.WebDriverManager -- Driver to be downloaded chromedriver 121.0.6167.85
11:47:51.502 [main] DEBUG io.github.bonigarcia.wdm.cache.ResolutionCache -- Storing resolution chrome=121 in cache (valid until 12:47:51 12/02/2024 WIB)
11:47:51.503 [main] DEBUG io.github.bonigarcia.wdm.cache.ResolutionCache -- Storing resolution chrome121=121.0.6167.85 in cache (valid until 11:47:51 13/02/2024 WIB)
11:47:51.504 [main] INFO io.github.bonigarcia.wdm.WebDriverManager -- Exporting webdriver.chrome.driver as /Users/fizkiarditiakusuma/.cache/selenium/chromedriver/mac-arm64/121.0.6167.85/chromedriver
  &amp#27;[32mGiven &amp#27;[0m&amp#27;[32mPengguna telah membuka situs Kepabeanan&amp#27;[0m                                      &amp#27;[90m# step_definitions.login.penggunaTelahMembukaSitusKepabeanan()&amp#27;[0m
  &amp#27;[32mWhen &amp#27;[0m&amp#27;[32mPengguna memasukkan Nama Pengguna dan Kata Sandi dengan Data Valid di halaman&amp#27;[0m &amp#27;[90m# step_definitions.login.penggunaMemasukkanNamaPenggunaDanKataSandiDenganDataValidDiHalaman()&amp#27;[0m
  &amp#27;[32mThen &amp#27;[0m&amp#27;[32mPengguna sudah berada di halaman arahan&amp#27;[0m                                       &amp#27;[90m# step_definitions.login.penggunaSudahBeradaDiHalamanArahan()&amp#27;[0m
  &amp#27;[32mAnd &amp#27;[0m&amp#27;[32mPengguna Konfirmasi kembali untuk verifikasi login&amp#27;[0m                             &amp#27;[90m# step_definitions.login.penggunaKonfirmasiKembaliUntukVerifikasiLogin()&amp#27;[0m
]]></system-out>
  </testcase>
  <testcase name="LG 002 - Login dengan Username dan Password yang Salah" classname="login" time="7.853">
    <system-out><![CDATA[
@login
Scenario: LG 002 - Login dengan Username dan Password yang Salah                         &amp#27;[90m# features//login.feature:14&amp#27;[0m
11:48:18.078 [main] DEBUG io.github.bonigarcia.wdm.WebDriverManager -- Using WebDriverManager 5.6.3
11:48:18.084 [main] DEBUG io.github.bonigarcia.wdm.WebDriverManager -- Using URL built from repository pattern: https://edgedl.me.gvt1.com/edgedl/chrome/chrome-for-testing/121.0.6167.139/mac-arm64/chromedriver-mac-arm64.zip
11:48:18.085 [main] DEBUG org.apache.hc.client5.http.impl.classic.InternalHttpClient -- ex-0000000011 preparing request execution
11:48:18.085 [main] DEBUG org.apache.hc.client5.http.impl.classic.ProtocolExec -- ex-0000000011 target auth state: UNCHALLENGED
11:48:18.085 [main] DEBUG org.apache.hc.client5.http.impl.classic.ProtocolExec -- ex-0000000011 proxy auth state: UNCHALLENGED
11:48:18.085 [main] DEBUG org.apache.hc.client5.http.impl.classic.ConnectExec -- ex-0000000011 acquiring connection with route {s}->https://googlechromelabs.github.io:443
11:48:18.085 [main] DEBUG org.apache.hc.client5.http.impl.classic.InternalHttpClient -- ex-0000000011 acquiring endpoint (3 MINUTES)
11:48:18.085 [main] DEBUG org.apache.hc.client5.http.impl.io.PoolingHttpClientConnectionManager -- ex-0000000011 endpoint lease request (3 MINUTES) [route: {s}->https://googlechromelabs.github.io:443][total available: 0; route allocated: 0 of 5; total allocated: 0 of 25]
11:48:18.085 [main] DEBUG org.apache.hc.client5.http.impl.io.PoolingHttpClientConnectionManager -- ex-0000000011 endpoint leased [route: {s}->https://googlechromelabs.github.io:443][total available: 0; route allocated: 1 of 5; total allocated: 1 of 25]
11:48:18.085 [main] DEBUG org.apache.hc.client5.http.impl.io.PoolingHttpClientConnectionManager -- ex-0000000011 acquired ep-0000000011
11:48:18.085 [main] DEBUG org.apache.hc.client5.http.impl.classic.InternalHttpClient -- ex-0000000011 acquired endpoint ep-0000000011
11:48:18.085 [main] DEBUG org.apache.hc.client5.http.impl.classic.ConnectExec -- ex-0000000011 opening connection {s}->https://googlechromelabs.github.io:443
11:48:18.085 [main] DEBUG org.apache.hc.client5.http.impl.classic.InternalHttpClient -- ep-0000000011 connecting endpoint (null)
11:48:18.085 [main] DEBUG org.apache.hc.client5.http.impl.io.PoolingHttpClientConnectionManager -- ep-0000000011 connecting endpoint to https://googlechromelabs.github.io:443 (30 SECONDS)
11:48:18.085 [main] DEBUG org.apache.hc.client5.http.impl.io.DefaultHttpClientConnectionOperator -- googlechromelabs.github.io resolving remote address
11:48:18.085 [main] DEBUG org.apache.hc.client5.http.impl.io.DefaultHttpClientConnectionOperator -- googlechromelabs.github.io resolved to [googlechromelabs.github.io/185.199.110.153, googlechromelabs.github.io/185.199.111.153, googlechromelabs.github.io/185.199.108.153, googlechromelabs.github.io/185.199.109.153, googlechromelabs.github.io/2606:50c0:8003:0:0:0:0:153, googlechromelabs.github.io/2606:50c0:8000:0:0:0:0:153, googlechromelabs.github.io/2606:50c0:8002:0:0:0:0:153, googlechromelabs.github.io/2606:50c0:8001:0:0:0:0:153]
11:48:18.085 [main] DEBUG org.apache.hc.client5.http.impl.io.DefaultHttpClientConnectionOperator -- googlechromelabs.github.io:443 connecting null->googlechromelabs.github.io/185.199.110.153:443 (30 SECONDS)
11:48:18.085 [main] DEBUG org.apache.hc.client5.http.ssl.SSLConnectionSocketFactory -- Connecting socket to googlechromelabs.github.io/185.199.110.153:443 with timeout 30 SECONDS
11:48:18.256 [main] DEBUG org.apache.hc.client5.http.ssl.SSLConnectionSocketFactory -- Enabled protocols: [TLSv1.3, TLSv1.2]
11:48:18.256 [main] DEBUG org.apache.hc.client5.http.ssl.SSLConnectionSocketFactory -- Enabled cipher suites: [TLS_AES_256_GCM_SHA384, TLS_AES_128_GCM_SHA256, TLS_CHACHA20_POLY1305_SHA256, TLS_ECDHE_ECDSA_WITH_AES_256_GCM_SHA384, TLS_ECDHE_ECDSA_WITH_AES_128_GCM_SHA256, TLS_ECDHE_ECDSA_WITH_CHACHA20_POLY1305_SHA256, TLS_ECDHE_RSA_WITH_AES_256_GCM_SHA384, TLS_ECDHE_RSA_WITH_CHACHA20_POLY1305_SHA256, TLS_ECDHE_RSA_WITH_AES_128_GCM_SHA256, TLS_DHE_RSA_WITH_AES_256_GCM_SHA384, TLS_DHE_RSA_WITH_CHACHA20_POLY1305_SHA256, TLS_DHE_DSS_WITH_AES_256_GCM_SHA384, TLS_DHE_RSA_WITH_AES_128_GCM_SHA256, TLS_DHE_DSS_WITH_AES_128_GCM_SHA256, TLS_ECDHE_ECDSA_WITH_AES_256_CBC_SHA384, TLS_ECDHE_RSA_WITH_AES_256_CBC_SHA384, TLS_ECDHE_ECDSA_WITH_AES_128_CBC_SHA256, TLS_ECDHE_RSA_WITH_AES_128_CBC_SHA256, TLS_DHE_RSA_WITH_AES_256_CBC_SHA256, TLS_DHE_DSS_WITH_AES_256_CBC_SHA256, TLS_DHE_RSA_WITH_AES_128_CBC_SHA256, TLS_DHE_DSS_WITH_AES_128_CBC_SHA256, TLS_ECDH_ECDSA_WITH_AES_256_GCM_SHA384, TLS_ECDH_RSA_WITH_AES_256_GCM_SHA384, TLS_ECDH_ECDSA_WITH_AES_128_GCM_SHA256, TLS_ECDH_RSA_WITH_AES_128_GCM_SHA256, TLS_ECDH_ECDSA_WITH_AES_256_CBC_SHA384, TLS_ECDH_RSA_WITH_AES_256_CBC_SHA384, TLS_ECDH_ECDSA_WITH_AES_128_CBC_SHA256, TLS_ECDH_RSA_WITH_AES_128_CBC_SHA256, TLS_ECDHE_ECDSA_WITH_AES_256_CBC_SHA, TLS_ECDHE_RSA_WITH_AES_256_CBC_SHA, TLS_ECDHE_ECDSA_WITH_AES_128_CBC_SHA, TLS_ECDHE_RSA_WITH_AES_128_CBC_SHA, TLS_DHE_RSA_WITH_AES_256_CBC_SHA, TLS_DHE_DSS_WITH_AES_256_CBC_SHA, TLS_DHE_RSA_WITH_AES_128_CBC_SHA, TLS_DHE_DSS_WITH_AES_128_CBC_SHA, TLS_ECDH_ECDSA_WITH_AES_256_CBC_SHA, TLS_ECDH_RSA_WITH_AES_256_CBC_SHA, TLS_ECDH_ECDSA_WITH_AES_128_CBC_SHA, TLS_ECDH_RSA_WITH_AES_128_CBC_SHA, TLS_RSA_WITH_AES_256_GCM_SHA384, TLS_RSA_WITH_AES_128_GCM_SHA256, TLS_RSA_WITH_AES_256_CBC_SHA256, TLS_RSA_WITH_AES_128_CBC_SHA256, TLS_RSA_WITH_AES_256_CBC_SHA, TLS_RSA_WITH_AES_128_CBC_SHA, TLS_EMPTY_RENEGOTIATION_INFO_SCSV]
11:48:18.256 [main] DEBUG org.apache.hc.client5.http.ssl.SSLConnectionSocketFactory -- Starting handshake (null)
11:48:18.442 [main] DEBUG org.apache.hc.client5.http.ssl.SSLConnectionSocketFactory -- Secure session established
11:48:18.442 [main] DEBUG org.apache.hc.client5.http.ssl.SSLConnectionSocketFactory --  negotiated protocol: TLSv1.3
11:48:18.442 [main] DEBUG org.apache.hc.client5.http.ssl.SSLConnectionSocketFactory --  negotiated cipher suite: TLS_AES_128_GCM_SHA256
11:48:18.442 [main] DEBUG org.apache.hc.client5.http.ssl.SSLConnectionSocketFactory --  peer principal: CN=*.github.io, O="GitHub, Inc.", L=San Francisco, ST=California, C=US
11:48:18.442 [main] DEBUG org.apache.hc.client5.http.ssl.SSLConnectionSocketFactory --  peer alternative names: [*.github.io, github.io, *.github.com, github.com, www.github.com, *.githubusercontent.com, githubusercontent.com]
11:48:18.442 [main] DEBUG org.apache.hc.client5.http.ssl.SSLConnectionSocketFactory --  issuer principal: CN=DigiCert TLS RSA SHA256 2020 CA1, O=DigiCert Inc, C=US
11:48:18.442 [main] DEBUG org.apache.hc.client5.http.impl.io.DefaultManagedHttpClientConnection -- http-outgoing-6 set socket timeout to 3 MINUTES
11:48:18.442 [main] DEBUG org.apache.hc.client5.http.impl.io.DefaultHttpClientConnectionOperator -- googlechromelabs.github.io:443 connected null->googlechromelabs.github.io/185.199.110.153:443 as http-outgoing-6
11:48:18.442 [main] DEBUG org.apache.hc.client5.http.impl.io.PoolingHttpClientConnectionManager -- ep-0000000011 connected http-outgoing-6
11:48:18.442 [main] DEBUG org.apache.hc.client5.http.impl.classic.InternalHttpClient -- ep-0000000011 endpoint connected
11:48:18.442 [main] DEBUG org.apache.hc.client5.http.impl.classic.MainClientExec -- ex-0000000011 executing GET /chrome-for-testing/last-known-good-versions-with-downloads.json HTTP/1.1
11:48:18.442 [main] DEBUG org.apache.hc.client5.http.protocol.RequestAddCookies -- ex-0000000011 Cookie spec selected: strict
11:48:18.443 [main] DEBUG org.apache.hc.client5.http.impl.classic.InternalHttpClient -- ep-0000000011 start execution ex-0000000011
11:48:18.443 [main] DEBUG org.apache.hc.client5.http.impl.io.PoolingHttpClientConnectionManager -- ep-0000000011 executing exchange ex-0000000011 over http-outgoing-6
11:48:18.443 [main] DEBUG org.apache.hc.client5.http.headers -- http-outgoing-6 >> GET /chrome-for-testing/last-known-good-versions-with-downloads.json HTTP/1.1
11:48:18.443 [main] DEBUG org.apache.hc.client5.http.headers -- http-outgoing-6 >> user-agent: Apache-HttpClient/5.0
11:48:18.443 [main] DEBUG org.apache.hc.client5.http.headers -- http-outgoing-6 >> accept-encoding: gzip, deflate, br
11:48:18.443 [main] DEBUG org.apache.hc.client5.http.headers -- http-outgoing-6 >> cache-control: max-age=0
11:48:18.443 [main] DEBUG org.apache.hc.client5.http.headers -- http-outgoing-6 >> connection: keep-alive
11:48:18.443 [main] DEBUG org.apache.hc.client5.http.headers -- http-outgoing-6 >> Host: googlechromelabs.github.io
11:48:18.443 [main] DEBUG org.apache.hc.client5.http.wire -- http-outgoing-6 >> "GET /chrome-for-testing/last-known-good-versions-with-downloads.json HTTP/1.1[\r][\n]"
11:48:18.443 [main] DEBUG org.apache.hc.client5.http.wire -- http-outgoing-6 >> "user-agent: Apache-HttpClient/5.0[\r][\n]"
11:48:18.443 [main] DEBUG org.apache.hc.client5.http.wire -- http-outgoing-6 >> "accept-encoding: gzip, deflate, br[\r][\n]"
11:48:18.443 [main] DEBUG org.apache.hc.client5.http.wire -- http-outgoing-6 >> "cache-control: max-age=0[\r][\n]"
11:48:18.443 [main] DEBUG org.apache.hc.client5.http.wire -- http-outgoing-6 >> "connection: keep-alive[\r][\n]"
11:48:18.443 [main] DEBUG org.apache.hc.client5.http.wire -- http-outgoing-6 >> "Host: googlechromelabs.github.io[\r][\n]"
11:48:18.443 [main] DEBUG org.apache.hc.client5.http.wire -- http-outgoing-6 >> "[\r][\n]"
11:48:18.720 [main] DEBUG org.apache.hc.client5.http.wire -- http-outgoing-6 << "HTTP/1.1 200 OK[\r][\n]"
11:48:18.720 [main] DEBUG org.apache.hc.client5.http.wire -- http-outgoing-6 << "Connection: keep-alive[\r][\n]"
11:48:18.720 [main] DEBUG org.apache.hc.client5.http.wire -- http-outgoing-6 << "Content-Length: 640[\r][\n]"
11:48:18.720 [main] DEBUG org.apache.hc.client5.http.wire -- http-outgoing-6 << "Server: GitHub.com[\r][\n]"
11:48:18.720 [main] DEBUG org.apache.hc.client5.http.wire -- http-outgoing-6 << "Content-Type: application/json; charset=utf-8[\r][\n]"
11:48:18.720 [main] DEBUG org.apache.hc.client5.http.wire -- http-outgoing-6 << "permissions-policy: interest-cohort=()[\r][\n]"
11:48:18.720 [main] DEBUG org.apache.hc.client5.http.wire -- http-outgoing-6 << "x-origin-cache: HIT[\r][\n]"
11:48:18.720 [main] DEBUG org.apache.hc.client5.http.wire -- http-outgoing-6 << "Last-Modified: Mon, 12 Feb 2024 04:09:36 GMT[\r][\n]"
11:48:18.720 [main] DEBUG org.apache.hc.client5.http.wire -- http-outgoing-6 << "Access-Control-Allow-Origin: *[\r][\n]"
11:48:18.720 [main] DEBUG org.apache.hc.client5.http.wire -- http-outgoing-6 << "Strict-Transport-Security: max-age=31556952[\r][\n]"
11:48:18.721 [main] DEBUG org.apache.hc.client5.http.wire -- http-outgoing-6 << "ETag: W/"65c99a00-229c"[\r][\n]"
11:48:18.721 [main] DEBUG org.apache.hc.client5.http.wire -- http-outgoing-6 << "expires: Mon, 12 Feb 2024 04:21:25 GMT[\r][\n]"
11:48:18.721 [main] DEBUG org.apache.hc.client5.http.wire -- http-outgoing-6 << "Cache-Control: max-age=600[\r][\n]"
11:48:18.721 [main] DEBUG org.apache.hc.client5.http.wire -- http-outgoing-6 << "Content-Encoding: gzip[\r][\n]"
11:48:18.721 [main] DEBUG org.apache.hc.client5.http.wire -- http-outgoing-6 << "x-proxy-cache: HIT[\r][\n]"
11:48:18.721 [main] DEBUG org.apache.hc.client5.http.wire -- http-outgoing-6 << "X-GitHub-Request-Id: 7E68:202855:5C382C1:5E35C94:65C99AB6[\r][\n]"
11:48:18.721 [main] DEBUG org.apache.hc.client5.http.wire -- http-outgoing-6 << "Accept-Ranges: bytes[\r][\n]"
11:48:18.721 [main] DEBUG org.apache.hc.client5.http.wire -- http-outgoing-6 << "Date: Mon, 12 Feb 2024 04:48:18 GMT[\r][\n]"
11:48:18.721 [main] DEBUG org.apache.hc.client5.http.wire -- http-outgoing-6 << "Via: 1.1 varnish[\r][\n]"
11:48:18.721 [main] DEBUG org.apache.hc.client5.http.wire -- http-outgoing-6 << "Age: 274[\r][\n]"
11:48:18.721 [main] DEBUG org.apache.hc.client5.http.wire -- http-outgoing-6 << "X-Served-By: cache-fra-eddf8230078-FRA[\r][\n]"
11:48:18.721 [main] DEBUG org.apache.hc.client5.http.wire -- http-outgoing-6 << "X-Cache: HIT[\r][\n]"
11:48:18.721 [main] DEBUG org.apache.hc.client5.http.wire -- http-outgoing-6 << "X-Cache-Hits: 1[\r][\n]"
11:48:18.721 [main] DEBUG org.apache.hc.client5.http.wire -- http-outgoing-6 << "X-Timer: S1707713299.649831,VS0,VE1[\r][\n]"
11:48:18.721 [main] DEBUG org.apache.hc.client5.http.wire -- http-outgoing-6 << "Vary: Accept-Encoding[\r][\n]"
11:48:18.721 [main] DEBUG org.apache.hc.client5.http.wire -- http-outgoing-6 << "X-Fastly-Request-ID: 5e6d8a2457aa6caad5a1d628f9c79eaedd2e99d9[\r][\n]"
11:48:18.721 [main] DEBUG org.apache.hc.client5.http.wire -- http-outgoing-6 << "[\r][\n]"
11:48:18.722 [main] DEBUG org.apache.hc.client5.http.headers -- http-outgoing-6 << HTTP/1.1 200 OK
11:48:18.722 [main] DEBUG org.apache.hc.client5.http.headers -- http-outgoing-6 << Connection: keep-alive
11:48:18.722 [main] DEBUG org.apache.hc.client5.http.headers -- http-outgoing-6 << Content-Length: 640
11:48:18.722 [main] DEBUG org.apache.hc.client5.http.headers -- http-outgoing-6 << Server: GitHub.com
11:48:18.722 [main] DEBUG org.apache.hc.client5.http.headers -- http-outgoing-6 << Content-Type: application/json; charset=utf-8
11:48:18.722 [main] DEBUG org.apache.hc.client5.http.headers -- http-outgoing-6 << permissions-policy: interest-cohort=()
11:48:18.722 [main] DEBUG org.apache.hc.client5.http.headers -- http-outgoing-6 << x-origin-cache: HIT
11:48:18.722 [main] DEBUG org.apache.hc.client5.http.headers -- http-outgoing-6 << Last-Modified: Mon, 12 Feb 2024 04:09:36 GMT
11:48:18.722 [main] DEBUG org.apache.hc.client5.http.headers -- http-outgoing-6 << Access-Control-Allow-Origin: *
11:48:18.722 [main] DEBUG org.apache.hc.client5.http.headers -- http-outgoing-6 << Strict-Transport-Security: max-age=31556952
11:48:18.722 [main] DEBUG org.apache.hc.client5.http.headers -- http-outgoing-6 << ETag: W/"65c99a00-229c"
11:48:18.722 [main] DEBUG org.apache.hc.client5.http.headers -- http-outgoing-6 << expires: Mon, 12 Feb 2024 04:21:25 GMT
11:48:18.722 [main] DEBUG org.apache.hc.client5.http.headers -- http-outgoing-6 << Cache-Control: max-age=600
11:48:18.722 [main] DEBUG org.apache.hc.client5.http.headers -- http-outgoing-6 << Content-Encoding: gzip
11:48:18.722 [main] DEBUG org.apache.hc.client5.http.headers -- http-outgoing-6 << x-proxy-cache: HIT
11:48:18.722 [main] DEBUG org.apache.hc.client5.http.headers -- http-outgoing-6 << X-GitHub-Request-Id: 7E68:202855:5C382C1:5E35C94:65C99AB6
11:48:18.722 [main] DEBUG org.apache.hc.client5.http.headers -- http-outgoing-6 << Accept-Ranges: bytes
11:48:18.722 [main] DEBUG org.apache.hc.client5.http.headers -- http-outgoing-6 << Date: Mon, 12 Feb 2024 04:48:18 GMT
11:48:18.722 [main] DEBUG org.apache.hc.client5.http.headers -- http-outgoing-6 << Via: 1.1 varnish
11:48:18.722 [main] DEBUG org.apache.hc.client5.http.headers -- http-outgoing-6 << Age: 274
11:48:18.722 [main] DEBUG org.apache.hc.client5.http.headers -- http-outgoing-6 << X-Served-By: cache-fra-eddf8230078-FRA
11:48:18.722 [main] DEBUG org.apache.hc.client5.http.headers -- http-outgoing-6 << X-Cache: HIT
11:48:18.722 [main] DEBUG org.apache.hc.client5.http.headers -- http-outgoing-6 << X-Cache-Hits: 1
11:48:18.722 [main] DEBUG org.apache.hc.client5.http.headers -- http-outgoing-6 << X-Timer: S1707713299.649831,VS0,VE1
11:48:18.722 [main] DEBUG org.apache.hc.client5.http.headers -- http-outgoing-6 << Vary: Accept-Encoding
11:48:18.722 [main] DEBUG org.apache.hc.client5.http.headers -- http-outgoing-6 << X-Fastly-Request-ID: 5e6d8a2457aa6caad5a1d628f9c79eaedd2e99d9
11:48:18.723 [main] DEBUG org.apache.hc.client5.http.impl.classic.MainClientExec -- ex-0000000011 connection can be kept alive for 3 MINUTES
11:48:18.723 [main] DEBUG org.apache.hc.client5.http.wire -- http-outgoing-6 << "[0x1f][0xffffff8b][0x8][0x0][0x0][0x0][0x0][0x0][0x0][0x3][0xffffffcd][0xffffff96][0xffffffcb][0xffffff8e][0xffffff9b]0[0x14][0xffffff86][0xfffffff7]}[0xc][0xffffffaf][0xffffffc1]`[0x8][0xffffffe4][0xffffffb2][0xffffff9c][0xffffff99]7hWSu[0xffffffe1][0x6]7A2[0x10][0xffffff81]'[0xffffffd3]N[0xffffffc4][0xffffffbb][0xffffffd7][0x10][0xffffffc3]p[0xffffffb1][0xffffff99]U|[0xffffff90]"%[0x1c][0xffffff9c]s~[0xffffffd0][0xffffffa7][0xffffffa3][0xffffffef][0xffffff86]D[0xffffff9a][0xffffffb1]J[0xffffffd0][0xffffffec][0xffffff82][0xe]([0xfffffff0][0xffffff83][0xffffff8d][0xffffffeb][0x7].!?[0x2]r[0xfffffff0][0xfffffff7][0xfffffff2][0xffffff83]}B^[0xffffff91][0xffffff83][0xffffff8e]g[0xffffff9a][0xffffffe7][0xffffff8c]W[0xffffffe8]pC[0xffffffdf][0x5][0xfffffffd][0xffffffcd]Y[0xfffffff3]KU[0xffffffe5]_U[0xffffffcd]AWVVi[0xffffff91][0xffffffcb][0x12][0x9][0x8][0xfffffff6]qL[0xffffffe2]-[0xffffffde]E[0xfffffff2]N[0xffffffc9][0xffffffae]i[0x7f]+[0xc][0xffffff89][0xffffffbf][0xffffff95][0xffffffc5][0xffffffa4]x[0xffffffcf]yA[0xffffff93][0xffffffea][0xffffffde][0xffffffae],2[0xffffffd9][0xfffffff8][0xffffffe7][\r]]8[0x15][0x7f][0xffffff8a]2[0xffffff93][0xffffff87]y[0xffffff9a][0xffffffbf][0xfffffffd][0xffffff8d]7[0xfffffff2][0xfffffff0][[0xffffffd9][0xffffff8c]:[0xb]q[0xffffffa9][0xe][0xffffff9e][0xffffffc7][0xffffff92][0x13]K8[0xffffffce][0x18]>][0x5][0xffffffc1][0xffffffc7]"S%[0xffffffef][0xffffffde]G}[0xffffffb9][0xffffffb2][0xffffff8d]+[0xffffffe4]3[0xffffffa6][0xfffffff9][0xffffffc9][0x1b]e[0xfffffff2]T[0xffffffe7][0xffffffee][0xffffffa0][0xffffffba][0xffffffc4][0x1f][0xffffffe9][0x5][0xffffffd5][0xffffffce](CF[0xffffff8f].-[0xffffffb3][0xffffff87][0xffffffa4][0xffffffe8]{wG[0xfffffffb][0xffffff82])[0xffffffc9]c[0xffffffde][0xffffff86][0xffffffea]<Lax[0x1b][0xffffffef]i[0x1e][0x6][0xf]H[0xffffffd0][0xfffffff6][0xffffffed][0xffffff8e][0xffffffb5][0x17][0xffffff86][0xffffffe9][0xf]y[0xfffffffe][0xffffffb6][0xffffffef]`z[0xfffffff7][0xffffffec][0xffffffbf][0x1c][0x5]fR[0xffffffa6][0xffffff92]n(<[0xffffffef][0xffffffd3][0xffffffd7][0x2][0xffffffa9]J[0xffffffb3][\n]"
11:48:18.724 [main] DEBUG org.apache.hc.client5.http.wire -- http-outgoing-6 << "T[0x7]Y[0x0][0xffffff81]U)@[0xffffffb1][0xfffffffd][0xffffffcc]0[0xffffff83][0xffffffd7]=3[0xffffff9a]pVUnuf[0xffffff9c]CQ<[0xffffff89][0xffffffb1][0x16][0xffffff9c][0xffffffa7][0xffffffb1]V[0xffffffc1][0xffffffb5].[0x14] [0xffffffe0][0xffffffd3]8[0xffffffa0][0xffffffa4]k[0xffffffc2][0xfffffff4][0xffffffc8][0xffffffd7][0xffffffb5][0xffffff83][0xffffff9e][0xffffff98][0xffffffa0]cCi+c?[0x9][0xffffff9a][0xffffffe6]ALp[0xffffffb0][0xffffff9f][0xfffffffa]I[0xffffffe4]G;[0x1f][0xffffffc2]O[0x6][0xffffff99][0x0][0xfffffffd]d[0xffffff98][0x2][0xffffffd2]O[0xffffffa6]9[0xffffffec][0xfffffffb][0xffffffc9]0[0xffffff81]}?[0xffffff99]L[0xffffff87][0xfffffff7][0x13]3[0xffffff9e][0xfffffff6][0xfffffffd]d[0x9]R[0xfffffffb]~bF[0xffffffd5][0xffffffae][0xffffff9f][0xffffff98][0xffffff80][0xffffffb5][0xffffffe9]'&l[0xffffffd7][0xffffffe2]'[0xb]K[0x16][0xffffffce]O[0x16]w.[0xffffff9c][0xffffff9f],[0xffffffac]`[0x18]?1nd[0x8]?1.[0xffffffe8]/[0xfffffffc][0xffffffe4][0xffffff85]][0xffffffc7]z[0xffffffd2][0x14][0xffffffc6]v[0x12][0xffffffb6][0xffffffad]w1[0xfffffff6]gr[0xffffffb2]%[0xffffff9b][0x10]BN>#[0x1][0xffffffba][0xffffffc9] [0x4][0xffffffa4][0xffffff9a]Lb[0xffffffd8]7[0xffffff93]A[0x0][0xfffffffb]b2[0x1e][0xe][0xffffffef]%F2[0xffffffed]k[0xffffffc9][0x2][0xffffff9f][0xfffffff6][0xffffffad][0xffffffc4]H[0xffffffa9]])1[0xffffffb0]j[0xffffffd3]I[0xc][0xffffffc4][0xffffffae]EI[0xffffffcc][0xffffffab][0x15][0xffffffce]H[0xffffff96]6-[0xffffff9c][0xffffff90][0xffffff98][0x17]/[0xffffff8c][0xffffff8f][0xffffff98][0xfffffff6]0[0xffffff84][0xffffff8e][0xffffff98][0xffffffd6][0xfffffff2][0x17]6[0xfffffff2]LsZ[0xfffffffe][0x1b][0xb][0xffffff89][0xffffffaa][0xffffffe9][0xffffff9c]d[0x1f]i[0xffffff9c]d[0xffffffb7][0xffffff8f][0x8][0xffffff9c][0xffffff93]4[0xffffff91][0xffffffc0][0xffffff9d][0xffffffa4][\r][0x1][0xffffffef]$}[0xc]('i[0x3]@9I7|-N[0xffffffa2]![0x13][0xffffffca]I[0xffffffb4]|B9[0xffffff89][0xffffff86]R[0x8]'[0xffffff99][0xffffffb1]j[0xffffffdf]If[0xffffffc4][0xffffffae][0xffffffcb]It[0xffffffab][0x15][0xffffffda]I[0xfffffff4][0xffffff9b][0x16][0xffffffda]It[0xffffff8b][0x17][0xffffffd2]I[0xffffffe6]{[0x18][0xffffffce]I[0xffffffe6]ky[0xffffffd1]I[0xffffffea][0xfffffffa][0xffffffdb][0x7f][0xffffffd5][0xffffffa2][0xffffff9a]W[0xffffff9c]"[0x0][0x0]"
11:48:18.727 [main] DEBUG org.apache.hc.client5.http.impl.classic.InternalHttpClient -- ep-0000000011 releasing valid endpoint
11:48:18.727 [main] DEBUG org.apache.hc.client5.http.impl.io.PoolingHttpClientConnectionManager -- ep-0000000011 releasing endpoint
11:48:18.727 [main] DEBUG org.apache.hc.client5.http.impl.io.PoolingHttpClientConnectionManager -- ep-0000000011 connection http-outgoing-6 can be kept alive for 3 MINUTES
11:48:18.727 [main] DEBUG org.apache.hc.client5.http.impl.io.PoolingHttpClientConnectionManager -- ep-0000000011 connection released [route: {s}->https://googlechromelabs.github.io:443][total available: 1; route allocated: 1 of 5; total allocated: 1 of 25]
11:48:18.727 [main] DEBUG io.github.bonigarcia.wdm.WebDriverManager -- Driver to be downloaded chromedriver 121.0.6167.139
11:48:18.729 [main] DEBUG io.github.bonigarcia.wdm.WebDriverManager -- Using URL built from repository pattern: https://edgedl.me.gvt1.com/edgedl/chrome/chrome-for-testing/121.0.6167.139/mac-arm64/chromedriver-mac-arm64.zip
11:48:18.729 [main] INFO io.github.bonigarcia.wdm.online.Downloader -- Downloading https://edgedl.me.gvt1.com/edgedl/chrome/chrome-for-testing/121.0.6167.139/mac-arm64/chromedriver-mac-arm64.zip
11:48:18.730 [main] DEBUG org.apache.hc.client5.http.impl.classic.InternalHttpClient -- ex-0000000012 preparing request execution
11:48:18.730 [main] DEBUG org.apache.hc.client5.http.impl.classic.ProtocolExec -- ex-0000000012 target auth state: UNCHALLENGED
11:48:18.730 [main] DEBUG org.apache.hc.client5.http.impl.classic.ProtocolExec -- ex-0000000012 proxy auth state: UNCHALLENGED
11:48:18.730 [main] DEBUG org.apache.hc.client5.http.impl.classic.ConnectExec -- ex-0000000012 acquiring connection with route {s}->https://edgedl.me.gvt1.com:443
11:48:18.730 [main] DEBUG org.apache.hc.client5.http.impl.classic.InternalHttpClient -- ex-0000000012 acquiring endpoint (3 MINUTES)
11:48:18.730 [main] DEBUG org.apache.hc.client5.http.impl.io.PoolingHttpClientConnectionManager -- ex-0000000012 endpoint lease request (3 MINUTES) [route: {s}->https://edgedl.me.gvt1.com:443][total available: 1; route allocated: 0 of 5; total allocated: 1 of 25]
11:48:18.730 [main] DEBUG org.apache.hc.client5.http.impl.io.PoolingHttpClientConnectionManager -- ex-0000000012 endpoint leased [route: {s}->https://edgedl.me.gvt1.com:443][total available: 1; route allocated: 1 of 5; total allocated: 2 of 25]
11:48:18.730 [main] DEBUG org.apache.hc.client5.http.impl.io.PoolingHttpClientConnectionManager -- ex-0000000012 acquired ep-0000000012
11:48:18.731 [main] DEBUG org.apache.hc.client5.http.impl.classic.InternalHttpClient -- ex-0000000012 acquired endpoint ep-0000000012
11:48:18.731 [main] DEBUG org.apache.hc.client5.http.impl.classic.ConnectExec -- ex-0000000012 opening connection {s}->https://edgedl.me.gvt1.com:443
11:48:18.731 [main] DEBUG org.apache.hc.client5.http.impl.classic.InternalHttpClient -- ep-0000000012 connecting endpoint (null)
11:48:18.731 [main] DEBUG org.apache.hc.client5.http.impl.io.PoolingHttpClientConnectionManager -- ep-0000000012 connecting endpoint to https://edgedl.me.gvt1.com:443 (30 SECONDS)
11:48:18.731 [main] DEBUG org.apache.hc.client5.http.impl.io.DefaultHttpClientConnectionOperator -- edgedl.me.gvt1.com resolving remote address
11:48:18.731 [main] DEBUG org.apache.hc.client5.http.impl.io.DefaultHttpClientConnectionOperator -- edgedl.me.gvt1.com resolved to [edgedl.me.gvt1.com/34.104.35.123, edgedl.me.gvt1.com/2600:1900:4110:86f:0:0:0:0]
11:48:18.731 [main] DEBUG org.apache.hc.client5.http.impl.io.DefaultHttpClientConnectionOperator -- edgedl.me.gvt1.com:443 connecting null->edgedl.me.gvt1.com/34.104.35.123:443 (30 SECONDS)
11:48:18.731 [main] DEBUG org.apache.hc.client5.http.ssl.SSLConnectionSocketFactory -- Connecting socket to edgedl.me.gvt1.com/34.104.35.123:443 with timeout 30 SECONDS
11:48:18.751 [main] DEBUG org.apache.hc.client5.http.ssl.SSLConnectionSocketFactory -- Enabled protocols: [TLSv1.3, TLSv1.2]
11:48:18.751 [main] DEBUG org.apache.hc.client5.http.ssl.SSLConnectionSocketFactory -- Enabled cipher suites: [TLS_AES_256_GCM_SHA384, TLS_AES_128_GCM_SHA256, TLS_CHACHA20_POLY1305_SHA256, TLS_ECDHE_ECDSA_WITH_AES_256_GCM_SHA384, TLS_ECDHE_ECDSA_WITH_AES_128_GCM_SHA256, TLS_ECDHE_ECDSA_WITH_CHACHA20_POLY1305_SHA256, TLS_ECDHE_RSA_WITH_AES_256_GCM_SHA384, TLS_ECDHE_RSA_WITH_CHACHA20_POLY1305_SHA256, TLS_ECDHE_RSA_WITH_AES_128_GCM_SHA256, TLS_DHE_RSA_WITH_AES_256_GCM_SHA384, TLS_DHE_RSA_WITH_CHACHA20_POLY1305_SHA256, TLS_DHE_DSS_WITH_AES_256_GCM_SHA384, TLS_DHE_RSA_WITH_AES_128_GCM_SHA256, TLS_DHE_DSS_WITH_AES_128_GCM_SHA256, TLS_ECDHE_ECDSA_WITH_AES_256_CBC_SHA384, TLS_ECDHE_RSA_WITH_AES_256_CBC_SHA384, TLS_ECDHE_ECDSA_WITH_AES_128_CBC_SHA256, TLS_ECDHE_RSA_WITH_AES_128_CBC_SHA256, TLS_DHE_RSA_WITH_AES_256_CBC_SHA256, TLS_DHE_DSS_WITH_AES_256_CBC_SHA256, TLS_DHE_RSA_WITH_AES_128_CBC_SHA256, TLS_DHE_DSS_WITH_AES_128_CBC_SHA256, TLS_ECDH_ECDSA_WITH_AES_256_GCM_SHA384, TLS_ECDH_RSA_WITH_AES_256_GCM_SHA384, TLS_ECDH_ECDSA_WITH_AES_128_GCM_SHA256, TLS_ECDH_RSA_WITH_AES_128_GCM_SHA256, TLS_ECDH_ECDSA_WITH_AES_256_CBC_SHA384, TLS_ECDH_RSA_WITH_AES_256_CBC_SHA384, TLS_ECDH_ECDSA_WITH_AES_128_CBC_SHA256, TLS_ECDH_RSA_WITH_AES_128_CBC_SHA256, TLS_ECDHE_ECDSA_WITH_AES_256_CBC_SHA, TLS_ECDHE_RSA_WITH_AES_256_CBC_SHA, TLS_ECDHE_ECDSA_WITH_AES_128_CBC_SHA, TLS_ECDHE_RSA_WITH_AES_128_CBC_SHA, TLS_DHE_RSA_WITH_AES_256_CBC_SHA, TLS_DHE_DSS_WITH_AES_256_CBC_SHA, TLS_DHE_RSA_WITH_AES_128_CBC_SHA, TLS_DHE_DSS_WITH_AES_128_CBC_SHA, TLS_ECDH_ECDSA_WITH_AES_256_CBC_SHA, TLS_ECDH_RSA_WITH_AES_256_CBC_SHA, TLS_ECDH_ECDSA_WITH_AES_128_CBC_SHA, TLS_ECDH_RSA_WITH_AES_128_CBC_SHA, TLS_RSA_WITH_AES_256_GCM_SHA384, TLS_RSA_WITH_AES_128_GCM_SHA256, TLS_RSA_WITH_AES_256_CBC_SHA256, TLS_RSA_WITH_AES_128_CBC_SHA256, TLS_RSA_WITH_AES_256_CBC_SHA, TLS_RSA_WITH_AES_128_CBC_SHA, TLS_EMPTY_RENEGOTIATION_INFO_SCSV]
11:48:18.751 [main] DEBUG org.apache.hc.client5.http.ssl.SSLConnectionSocketFactory -- Starting handshake (null)
11:48:18.781 [main] DEBUG org.apache.hc.client5.http.ssl.SSLConnectionSocketFactory -- Secure session established
11:48:18.781 [main] DEBUG org.apache.hc.client5.http.ssl.SSLConnectionSocketFactory --  negotiated protocol: TLSv1.3
11:48:18.781 [main] DEBUG org.apache.hc.client5.http.ssl.SSLConnectionSocketFactory --  negotiated cipher suite: TLS_AES_256_GCM_SHA384
11:48:18.781 [main] DEBUG org.apache.hc.client5.http.ssl.SSLConnectionSocketFactory --  peer principal: CN=edgedl.me.gvt1.com
11:48:18.781 [main] DEBUG org.apache.hc.client5.http.ssl.SSLConnectionSocketFactory --  peer alternative names: [edgedl.me.gvt1.com]
11:48:18.781 [main] DEBUG org.apache.hc.client5.http.ssl.SSLConnectionSocketFactory --  issuer principal: CN=GTS CA 1D4, O=Google Trust Services LLC, C=US
11:48:18.781 [main] DEBUG org.apache.hc.client5.http.impl.io.DefaultManagedHttpClientConnection -- http-outgoing-7 set socket timeout to 3 MINUTES
11:48:18.782 [main] DEBUG org.apache.hc.client5.http.impl.io.DefaultHttpClientConnectionOperator -- edgedl.me.gvt1.com:443 connected null->edgedl.me.gvt1.com/34.104.35.123:443 as http-outgoing-7
11:48:18.782 [main] DEBUG org.apache.hc.client5.http.impl.io.PoolingHttpClientConnectionManager -- ep-0000000012 connected http-outgoing-7
11:48:18.782 [main] DEBUG org.apache.hc.client5.http.impl.classic.InternalHttpClient -- ep-0000000012 endpoint connected
11:48:18.782 [main] DEBUG org.apache.hc.client5.http.impl.classic.MainClientExec -- ex-0000000012 executing GET /edgedl/chrome/chrome-for-testing/121.0.6167.139/mac-arm64/chromedriver-mac-arm64.zip HTTP/1.1
11:48:18.782 [main] DEBUG org.apache.hc.client5.http.protocol.RequestAddCookies -- ex-0000000012 Cookie spec selected: strict
11:48:18.782 [main] DEBUG org.apache.hc.client5.http.impl.classic.InternalHttpClient -- ep-0000000012 start execution ex-0000000012
11:48:18.782 [main] DEBUG org.apache.hc.client5.http.impl.io.PoolingHttpClientConnectionManager -- ep-0000000012 executing exchange ex-0000000012 over http-outgoing-7
11:48:18.782 [main] DEBUG org.apache.hc.client5.http.headers -- http-outgoing-7 >> GET /edgedl/chrome/chrome-for-testing/121.0.6167.139/mac-arm64/chromedriver-mac-arm64.zip HTTP/1.1
11:48:18.782 [main] DEBUG org.apache.hc.client5.http.headers -- http-outgoing-7 >> user-agent: Apache-HttpClient/5.0
11:48:18.782 [main] DEBUG org.apache.hc.client5.http.headers -- http-outgoing-7 >> accept-encoding: gzip, deflate, br
11:48:18.782 [main] DEBUG org.apache.hc.client5.http.headers -- http-outgoing-7 >> cache-control: max-age=0
11:48:18.782 [main] DEBUG org.apache.hc.client5.http.headers -- http-outgoing-7 >> connection: keep-alive
11:48:18.782 [main] DEBUG org.apache.hc.client5.http.headers -- http-outgoing-7 >> Host: edgedl.me.gvt1.com
11:48:18.782 [main] DEBUG org.apache.hc.client5.http.wire -- http-outgoing-7 >> "GET /edgedl/chrome/chrome-for-testing/121.0.6167.139/mac-arm64/chromedriver-mac-arm64.zip HTTP/1.1[\r][\n]"
11:48:18.782 [main] DEBUG org.apache.hc.client5.http.wire -- http-outgoing-7 >> "user-agent: Apache-HttpClient/5.0[\r][\n]"
11:48:18.782 [main] DEBUG org.apache.hc.client5.http.wire -- http-outgoing-7 >> "accept-encoding: gzip, deflate, br[\r][\n]"
11:48:18.782 [main] DEBUG org.apache.hc.client5.http.wire -- http-outgoing-7 >> "cache-control: max-age=0[\r][\n]"
11:48:18.782 [main] DEBUG org.apache.hc.client5.http.wire -- http-outgoing-7 >> "connection: keep-alive[\r][\n]"
11:48:18.782 [main] DEBUG org.apache.hc.client5.http.wire -- http-outgoing-7 >> "Host: edgedl.me.gvt1.com[\r][\n]"
11:48:18.782 [main] DEBUG org.apache.hc.client5.http.wire -- http-outgoing-7 >> "[\r][\n]"
11:48:18.926 [main] DEBUG org.apache.hc.client5.http.wire -- http-outgoing-7 << "HTTP/1.1 404 Not Found[\r][\n]"
11:48:18.926 [main] DEBUG org.apache.hc.client5.http.wire -- http-outgoing-7 << "content-length: 1449[\r][\n]"
11:48:18.926 [main] DEBUG org.apache.hc.client5.http.wire -- http-outgoing-7 << "content-type: text/html; charset=utf-8[\r][\n]"
11:48:18.926 [main] DEBUG org.apache.hc.client5.http.wire -- http-outgoing-7 << "server: Google-Edge-Cache[\r][\n]"
11:48:18.926 [main] DEBUG org.apache.hc.client5.http.wire -- http-outgoing-7 << "x-content-type-options: nosniff[\r][\n]"
11:48:18.926 [main] DEBUG org.apache.hc.client5.http.wire -- http-outgoing-7 << "x-frame-options: SAMEORIGIN[\r][\n]"
11:48:18.926 [main] DEBUG org.apache.hc.client5.http.wire -- http-outgoing-7 << "x-xss-protection: 0[\r][\n]"
11:48:18.926 [main] DEBUG org.apache.hc.client5.http.wire -- http-outgoing-7 << "date: Mon, 12 Feb 2024 04:48:18 GMT[\r][\n]"
11:48:18.926 [main] DEBUG org.apache.hc.client5.http.wire -- http-outgoing-7 << "x-request-id: 0f9a9073-f363-47a2-b57e-a77dceae7cfd[\r][\n]"
11:48:18.926 [main] DEBUG org.apache.hc.client5.http.wire -- http-outgoing-7 << "alt-svc: clear[\r][\n]"
11:48:18.926 [main] DEBUG org.apache.hc.client5.http.wire -- http-outgoing-7 << "[\r][\n]"
11:48:18.926 [main] DEBUG org.apache.hc.client5.http.wire -- http-outgoing-7 << "[\n]"
11:48:18.926 [main] DEBUG org.apache.hc.client5.http.wire -- http-outgoing-7 << "<!DOCTYPE html>[\n]"
11:48:18.926 [main] DEBUG org.apache.hc.client5.http.wire -- http-outgoing-7 << "<html lang=en>[\n]"
11:48:18.926 [main] DEBUG org.apache.hc.client5.http.wire -- http-outgoing-7 << "  <meta charset=utf-8>[\n]"
11:48:18.926 [main] DEBUG org.apache.hc.client5.http.wire -- http-outgoing-7 << "  <meta name=viewport content="initial-scale=1, minimum-scale=1, width=device-width">[\n]"
11:48:18.926 [main] DEBUG org.apache.hc.client5.http.wire -- http-outgoing-7 << "  <title>Error 404 (Not Found)!!1</title>[\n]"
11:48:18.926 [main] DEBUG org.apache.hc.client5.http.wire -- http-outgoing-7 << "  <style>[\n]"
11:48:18.926 [main] DEBUG org.apache.hc.client5.http.wire -- http-outgoing-7 << "    *{margin:0;padding:0}html,code{font:15px/22px arial,sans-serif}html{background:#fff;color:#222;padding:15px}body{margin:7% auto 0;max-width:390px;min-height:180px;padding:30px 0 15px}* > body{background:url(//www.google.com/images/errors/robot.png) 100% 5px no-repeat;padding-right:205px}p{margin:11px 0 22px;overflow:hidden}ins{color:#777;text-decoration:none}a img{border:0}@media screen and (max-width:772px){body{background:none;margin-top:0;max-width:none;padding-right:0}}#logo{background:url(//www.google.com/images/logos/errorpage/error_logo-150x54.png) no-repeat;margin-left:-5px}@media only screen and (min-resolution:192dpi){#logo{background:url(//www.google.com/images/logos/errorpage/error_logo-150x54-2x.png) no-repeat 0% 0%/100% 100%;-moz-border-image:url(//www.google.com/images/logos/errorpage/error_logo-150x54-2x.png) 0}}@media only screen and (-webkit-min-device-pixel-ratio:2){#logo{background:url(//www.google.com/images/logos/errorpage/error_logo-150x54-2x.png) no-repeat;-webkit-background-size:100% 100%}}#logo{display:inline-block;height:54px;width:150px}[\n]"
11:48:18.926 [main] DEBUG org.apache.hc.client5.http.wire -- http-outgoing-7 << "  </style>[\n]"
11:48:18.926 [main] DEBUG org.apache.hc.client5.http.wire -- http-outgoing-7 << "  <a href=//www.google.com/><span id=logo aria-label=Google></span></a>[\n]"
11:48:18.926 [main] DEBUG org.apache.hc.client5.http.wire -- http-outgoing-7 << "  <p><b>404.</b> <ins>That[0xffffffe2][0xffffff80][0xffffff99]s an error.</ins>[\n]"
11:48:18.926 [main] DEBUG org.apache.hc.client5.http.wire -- http-outgoing-7 << "  <p>  <ins>That[0xffffffe2][0xffffff80][0xffffff99]s all we know.</ins>[\n]"
11:48:18.927 [main] DEBUG org.apache.hc.client5.http.headers -- http-outgoing-7 << HTTP/1.1 404 Not Found
11:48:18.927 [main] DEBUG org.apache.hc.client5.http.headers -- http-outgoing-7 << content-length: 1449
11:48:18.927 [main] DEBUG org.apache.hc.client5.http.headers -- http-outgoing-7 << content-type: text/html; charset=utf-8
11:48:18.927 [main] DEBUG org.apache.hc.client5.http.headers -- http-outgoing-7 << server: Google-Edge-Cache
11:48:18.927 [main] DEBUG org.apache.hc.client5.http.headers -- http-outgoing-7 << x-content-type-options: nosniff
11:48:18.927 [main] DEBUG org.apache.hc.client5.http.headers -- http-outgoing-7 << x-frame-options: SAMEORIGIN
11:48:18.927 [main] DEBUG org.apache.hc.client5.http.headers -- http-outgoing-7 << x-xss-protection: 0
11:48:18.927 [main] DEBUG org.apache.hc.client5.http.headers -- http-outgoing-7 << date: Mon, 12 Feb 2024 04:48:18 GMT
11:48:18.927 [main] DEBUG org.apache.hc.client5.http.headers -- http-outgoing-7 << x-request-id: 0f9a9073-f363-47a2-b57e-a77dceae7cfd
11:48:18.927 [main] DEBUG org.apache.hc.client5.http.headers -- http-outgoing-7 << alt-svc: clear
11:48:18.927 [main] DEBUG org.apache.hc.client5.http.impl.classic.MainClientExec -- ex-0000000012 connection can be kept alive for 3 MINUTES
11:48:18.927 [main] ERROR io.github.bonigarcia.wdm.online.HttpClient -- Error HTTP 404 executing https://edgedl.me.gvt1.com/edgedl/chrome/chrome-for-testing/121.0.6167.139/mac-arm64/chromedriver-mac-arm64.zip
11:48:18.930 [main] INFO io.github.bonigarcia.wdm.cache.ResolutionCache -- Clearing WebDriverManager resolution cache
11:48:18.931 [main] WARN io.github.bonigarcia.wdm.WebDriverManager -- There was an error managing chromedriver 121.0.6167.139 (Error HTTP 404 executing https://edgedl.me.gvt1.com/edgedl/chrome/chrome-for-testing/121.0.6167.139/mac-arm64/chromedriver-mac-arm64.zip) ... trying again avoiding reading release from repository
11:48:18.933 [main] DEBUG org.apache.hc.client5.http.impl.classic.InternalHttpClient -- ex-0000000013 preparing request execution
11:48:18.934 [main] DEBUG org.apache.hc.client5.http.impl.classic.ProtocolExec -- ex-0000000013 target auth state: UNCHALLENGED
11:48:18.934 [main] DEBUG org.apache.hc.client5.http.impl.classic.ProtocolExec -- ex-0000000013 proxy auth state: UNCHALLENGED
11:48:18.934 [main] DEBUG org.apache.hc.client5.http.impl.classic.ConnectExec -- ex-0000000013 acquiring connection with route {s}->https://raw.githubusercontent.com:443
11:48:18.934 [main] DEBUG org.apache.hc.client5.http.impl.classic.InternalHttpClient -- ex-0000000013 acquiring endpoint (3 MINUTES)
11:48:18.934 [main] DEBUG org.apache.hc.client5.http.impl.io.PoolingHttpClientConnectionManager -- ex-0000000013 endpoint lease request (3 MINUTES) [route: {s}->https://raw.githubusercontent.com:443][total available: 1; route allocated: 0 of 5; total allocated: 2 of 25]
11:48:18.934 [main] DEBUG org.apache.hc.client5.http.impl.io.PoolingHttpClientConnectionManager -- ex-0000000013 endpoint leased [route: {s}->https://raw.githubusercontent.com:443][total available: 1; route allocated: 1 of 5; total allocated: 3 of 25]
11:48:18.934 [main] DEBUG org.apache.hc.client5.http.impl.io.PoolingHttpClientConnectionManager -- ex-0000000013 acquired ep-0000000013
11:48:18.934 [main] DEBUG org.apache.hc.client5.http.impl.classic.InternalHttpClient -- ex-0000000013 acquired endpoint ep-0000000013
11:48:18.934 [main] DEBUG org.apache.hc.client5.http.impl.classic.ConnectExec -- ex-0000000013 opening connection {s}->https://raw.githubusercontent.com:443
11:48:18.934 [main] DEBUG org.apache.hc.client5.http.impl.classic.InternalHttpClient -- ep-0000000013 connecting endpoint (null)
11:48:18.934 [main] DEBUG org.apache.hc.client5.http.impl.io.PoolingHttpClientConnectionManager -- ep-0000000013 connecting endpoint to https://raw.githubusercontent.com:443 (30 SECONDS)
11:48:18.934 [main] DEBUG org.apache.hc.client5.http.impl.io.DefaultHttpClientConnectionOperator -- raw.githubusercontent.com resolving remote address
11:48:18.934 [main] DEBUG org.apache.hc.client5.http.impl.io.DefaultHttpClientConnectionOperator -- raw.githubusercontent.com resolved to [raw.githubusercontent.com/185.199.109.133, raw.githubusercontent.com/185.199.111.133, raw.githubusercontent.com/185.199.108.133, raw.githubusercontent.com/185.199.110.133, raw.githubusercontent.com/2606:50c0:8003:0:0:0:0:154, raw.githubusercontent.com/2606:50c0:8000:0:0:0:0:154, raw.githubusercontent.com/2606:50c0:8001:0:0:0:0:154, raw.githubusercontent.com/2606:50c0:8002:0:0:0:0:154]
11:48:18.934 [main] DEBUG org.apache.hc.client5.http.impl.io.DefaultHttpClientConnectionOperator -- raw.githubusercontent.com:443 connecting null->raw.githubusercontent.com/185.199.109.133:443 (30 SECONDS)
11:48:18.934 [main] DEBUG org.apache.hc.client5.http.ssl.SSLConnectionSocketFactory -- Connecting socket to raw.githubusercontent.com/185.199.109.133:443 with timeout 30 SECONDS
11:48:19.105 [main] DEBUG org.apache.hc.client5.http.ssl.SSLConnectionSocketFactory -- Enabled protocols: [TLSv1.3, TLSv1.2]
11:48:19.105 [main] DEBUG org.apache.hc.client5.http.ssl.SSLConnectionSocketFactory -- Enabled cipher suites: [TLS_AES_256_GCM_SHA384, TLS_AES_128_GCM_SHA256, TLS_CHACHA20_POLY1305_SHA256, TLS_ECDHE_ECDSA_WITH_AES_256_GCM_SHA384, TLS_ECDHE_ECDSA_WITH_AES_128_GCM_SHA256, TLS_ECDHE_ECDSA_WITH_CHACHA20_POLY1305_SHA256, TLS_ECDHE_RSA_WITH_AES_256_GCM_SHA384, TLS_ECDHE_RSA_WITH_CHACHA20_POLY1305_SHA256, TLS_ECDHE_RSA_WITH_AES_128_GCM_SHA256, TLS_DHE_RSA_WITH_AES_256_GCM_SHA384, TLS_DHE_RSA_WITH_CHACHA20_POLY1305_SHA256, TLS_DHE_DSS_WITH_AES_256_GCM_SHA384, TLS_DHE_RSA_WITH_AES_128_GCM_SHA256, TLS_DHE_DSS_WITH_AES_128_GCM_SHA256, TLS_ECDHE_ECDSA_WITH_AES_256_CBC_SHA384, TLS_ECDHE_RSA_WITH_AES_256_CBC_SHA384, TLS_ECDHE_ECDSA_WITH_AES_128_CBC_SHA256, TLS_ECDHE_RSA_WITH_AES_128_CBC_SHA256, TLS_DHE_RSA_WITH_AES_256_CBC_SHA256, TLS_DHE_DSS_WITH_AES_256_CBC_SHA256, TLS_DHE_RSA_WITH_AES_128_CBC_SHA256, TLS_DHE_DSS_WITH_AES_128_CBC_SHA256, TLS_ECDH_ECDSA_WITH_AES_256_GCM_SHA384, TLS_ECDH_RSA_WITH_AES_256_GCM_SHA384, TLS_ECDH_ECDSA_WITH_AES_128_GCM_SHA256, TLS_ECDH_RSA_WITH_AES_128_GCM_SHA256, TLS_ECDH_ECDSA_WITH_AES_256_CBC_SHA384, TLS_ECDH_RSA_WITH_AES_256_CBC_SHA384, TLS_ECDH_ECDSA_WITH_AES_128_CBC_SHA256, TLS_ECDH_RSA_WITH_AES_128_CBC_SHA256, TLS_ECDHE_ECDSA_WITH_AES_256_CBC_SHA, TLS_ECDHE_RSA_WITH_AES_256_CBC_SHA, TLS_ECDHE_ECDSA_WITH_AES_128_CBC_SHA, TLS_ECDHE_RSA_WITH_AES_128_CBC_SHA, TLS_DHE_RSA_WITH_AES_256_CBC_SHA, TLS_DHE_DSS_WITH_AES_256_CBC_SHA, TLS_DHE_RSA_WITH_AES_128_CBC_SHA, TLS_DHE_DSS_WITH_AES_128_CBC_SHA, TLS_ECDH_ECDSA_WITH_AES_256_CBC_SHA, TLS_ECDH_RSA_WITH_AES_256_CBC_SHA, TLS_ECDH_ECDSA_WITH_AES_128_CBC_SHA, TLS_ECDH_RSA_WITH_AES_128_CBC_SHA, TLS_RSA_WITH_AES_256_GCM_SHA384, TLS_RSA_WITH_AES_128_GCM_SHA256, TLS_RSA_WITH_AES_256_CBC_SHA256, TLS_RSA_WITH_AES_128_CBC_SHA256, TLS_RSA_WITH_AES_256_CBC_SHA, TLS_RSA_WITH_AES_128_CBC_SHA, TLS_EMPTY_RENEGOTIATION_INFO_SCSV]
11:48:19.105 [main] DEBUG org.apache.hc.client5.http.ssl.SSLConnectionSocketFactory -- Starting handshake (null)
11:48:19.289 [main] DEBUG org.apache.hc.client5.http.ssl.SSLConnectionSocketFactory -- Secure session established
11:48:19.289 [main] DEBUG org.apache.hc.client5.http.ssl.SSLConnectionSocketFactory --  negotiated protocol: TLSv1.3
11:48:19.289 [main] DEBUG org.apache.hc.client5.http.ssl.SSLConnectionSocketFactory --  negotiated cipher suite: TLS_AES_128_GCM_SHA256
11:48:19.289 [main] DEBUG org.apache.hc.client5.http.ssl.SSLConnectionSocketFactory --  peer principal: CN=*.github.io, O="GitHub, Inc.", L=San Francisco, ST=California, C=US
11:48:19.289 [main] DEBUG org.apache.hc.client5.http.ssl.SSLConnectionSocketFactory --  peer alternative names: [*.github.io, github.io, *.github.com, github.com, www.github.com, *.githubusercontent.com, githubusercontent.com]
11:48:19.289 [main] DEBUG org.apache.hc.client5.http.ssl.SSLConnectionSocketFactory --  issuer principal: CN=DigiCert TLS RSA SHA256 2020 CA1, O=DigiCert Inc, C=US
11:48:19.289 [main] DEBUG org.apache.hc.client5.http.impl.io.DefaultManagedHttpClientConnection -- http-outgoing-8 set socket timeout to 3 MINUTES
11:48:19.289 [main] DEBUG org.apache.hc.client5.http.impl.io.DefaultHttpClientConnectionOperator -- raw.githubusercontent.com:443 connected null->raw.githubusercontent.com/185.199.109.133:443 as http-outgoing-8
11:48:19.289 [main] DEBUG org.apache.hc.client5.http.impl.io.PoolingHttpClientConnectionManager -- ep-0000000013 connected http-outgoing-8
11:48:19.289 [main] DEBUG org.apache.hc.client5.http.impl.classic.InternalHttpClient -- ep-0000000013 endpoint connected
11:48:19.289 [main] DEBUG org.apache.hc.client5.http.impl.classic.MainClientExec -- ex-0000000013 executing GET /bonigarcia/webdrivermanager/master/src/main/resources/commands.properties HTTP/1.1
11:48:19.289 [main] DEBUG org.apache.hc.client5.http.protocol.RequestAddCookies -- ex-0000000013 Cookie spec selected: strict
11:48:19.289 [main] DEBUG org.apache.hc.client5.http.impl.classic.InternalHttpClient -- ep-0000000013 start execution ex-0000000013
11:48:19.290 [main] DEBUG org.apache.hc.client5.http.impl.io.PoolingHttpClientConnectionManager -- ep-0000000013 executing exchange ex-0000000013 over http-outgoing-8
11:48:19.290 [main] DEBUG org.apache.hc.client5.http.headers -- http-outgoing-8 >> GET /bonigarcia/webdrivermanager/master/src/main/resources/commands.properties HTTP/1.1
11:48:19.290 [main] DEBUG org.apache.hc.client5.http.headers -- http-outgoing-8 >> user-agent: Apache-HttpClient/5.0
11:48:19.290 [main] DEBUG org.apache.hc.client5.http.headers -- http-outgoing-8 >> accept-encoding: gzip, deflate, br
11:48:19.290 [main] DEBUG org.apache.hc.client5.http.headers -- http-outgoing-8 >> cache-control: max-age=0
11:48:19.290 [main] DEBUG org.apache.hc.client5.http.headers -- http-outgoing-8 >> connection: keep-alive
11:48:19.290 [main] DEBUG org.apache.hc.client5.http.headers -- http-outgoing-8 >> Host: raw.githubusercontent.com
11:48:19.290 [main] DEBUG org.apache.hc.client5.http.wire -- http-outgoing-8 >> "GET /bonigarcia/webdrivermanager/master/src/main/resources/commands.properties HTTP/1.1[\r][\n]"
11:48:19.290 [main] DEBUG org.apache.hc.client5.http.wire -- http-outgoing-8 >> "user-agent: Apache-HttpClient/5.0[\r][\n]"
11:48:19.290 [main] DEBUG org.apache.hc.client5.http.wire -- http-outgoing-8 >> "accept-encoding: gzip, deflate, br[\r][\n]"
11:48:19.290 [main] DEBUG org.apache.hc.client5.http.wire -- http-outgoing-8 >> "cache-control: max-age=0[\r][\n]"
11:48:19.290 [main] DEBUG org.apache.hc.client5.http.wire -- http-outgoing-8 >> "connection: keep-alive[\r][\n]"
11:48:19.290 [main] DEBUG org.apache.hc.client5.http.wire -- http-outgoing-8 >> "Host: raw.githubusercontent.com[\r][\n]"
11:48:19.290 [main] DEBUG org.apache.hc.client5.http.wire -- http-outgoing-8 >> "[\r][\n]"
11:48:19.459 [main] DEBUG org.apache.hc.client5.http.wire -- http-outgoing-8 << "HTTP/1.1 200 OK[\r][\n]"
11:48:19.460 [main] DEBUG org.apache.hc.client5.http.wire -- http-outgoing-8 << "Connection: keep-alive[\r][\n]"
11:48:19.460 [main] DEBUG org.apache.hc.client5.http.wire -- http-outgoing-8 << "Content-Length: 723[\r][\n]"
11:48:19.460 [main] DEBUG org.apache.hc.client5.http.wire -- http-outgoing-8 << "Cache-Control: max-age=300[\r][\n]"
11:48:19.460 [main] DEBUG org.apache.hc.client5.http.wire -- http-outgoing-8 << "Content-Security-Policy: default-src 'none'; style-src 'unsafe-inline'; sandbox[\r][\n]"
11:48:19.460 [main] DEBUG org.apache.hc.client5.http.wire -- http-outgoing-8 << "Content-Type: text/plain; charset=utf-8[\r][\n]"
11:48:19.460 [main] DEBUG org.apache.hc.client5.http.wire -- http-outgoing-8 << "ETag: W/"e82b438271e9e8680c688b0b680efd0bdd22faa6d6f0a32fc1fd8accc486b67e"[\r][\n]"
11:48:19.460 [main] DEBUG org.apache.hc.client5.http.wire -- http-outgoing-8 << "Strict-Transport-Security: max-age=31536000[\r][\n]"
11:48:19.460 [main] DEBUG org.apache.hc.client5.http.wire -- http-outgoing-8 << "X-Content-Type-Options: nosniff[\r][\n]"
11:48:19.460 [main] DEBUG org.apache.hc.client5.http.wire -- http-outgoing-8 << "X-Frame-Options: deny[\r][\n]"
11:48:19.460 [main] DEBUG org.apache.hc.client5.http.wire -- http-outgoing-8 << "X-XSS-Protection: 1; mode=block[\r][\n]"
11:48:19.460 [main] DEBUG org.apache.hc.client5.http.wire -- http-outgoing-8 << "X-GitHub-Request-Id: 3072:3BB1E6:1A1165D:1B39889:65A75BA5[\r][\n]"
11:48:19.460 [main] DEBUG org.apache.hc.client5.http.wire -- http-outgoing-8 << "Content-Encoding: gzip[\r][\n]"
11:48:19.460 [main] DEBUG org.apache.hc.client5.http.wire -- http-outgoing-8 << "Accept-Ranges: bytes[\r][\n]"
11:48:19.460 [main] DEBUG org.apache.hc.client5.http.wire -- http-outgoing-8 << "Date: Mon, 12 Feb 2024 04:48:19 GMT[\r][\n]"
11:48:19.460 [main] DEBUG org.apache.hc.client5.http.wire -- http-outgoing-8 << "Via: 1.1 varnish[\r][\n]"
11:48:19.460 [main] DEBUG org.apache.hc.client5.http.wire -- http-outgoing-8 << "X-Served-By: cache-fra-eddf8230030-FRA[\r][\n]"
11:48:19.460 [main] DEBUG org.apache.hc.client5.http.wire -- http-outgoing-8 << "X-Cache: HIT[\r][\n]"
11:48:19.460 [main] DEBUG org.apache.hc.client5.http.wire -- http-outgoing-8 << "X-Cache-Hits: 2[\r][\n]"
11:48:19.460 [main] DEBUG org.apache.hc.client5.http.wire -- http-outgoing-8 << "X-Timer: S1707713299.447778,VS0,VE0[\r][\n]"
11:48:19.460 [main] DEBUG org.apache.hc.client5.http.wire -- http-outgoing-8 << "Vary: Authorization,Accept-Encoding,Origin[\r][\n]"
11:48:19.460 [main] DEBUG org.apache.hc.client5.http.wire -- http-outgoing-8 << "Access-Control-Allow-Origin: *[\r][\n]"
11:48:19.460 [main] DEBUG org.apache.hc.client5.http.wire -- http-outgoing-8 << "Cross-Origin-Resource-Policy: cross-origin[\r][\n]"
11:48:19.460 [main] DEBUG org.apache.hc.client5.http.wire -- http-outgoing-8 << "X-Fastly-Request-ID: 7dc92a6f7638b5df770d68783f62f63e6ed41651[\r][\n]"
11:48:19.460 [main] DEBUG org.apache.hc.client5.http.wire -- http-outgoing-8 << "Expires: Mon, 12 Feb 2024 04:53:19 GMT[\r][\n]"
11:48:19.460 [main] DEBUG org.apache.hc.client5.http.wire -- http-outgoing-8 << "Source-Age: 198[\r][\n]"
11:48:19.460 [main] DEBUG org.apache.hc.client5.http.wire -- http-outgoing-8 << "[\r][\n]"
11:48:19.461 [main] DEBUG org.apache.hc.client5.http.headers -- http-outgoing-8 << HTTP/1.1 200 OK
11:48:19.461 [main] DEBUG org.apache.hc.client5.http.headers -- http-outgoing-8 << Connection: keep-alive
11:48:19.461 [main] DEBUG org.apache.hc.client5.http.headers -- http-outgoing-8 << Content-Length: 723
11:48:19.461 [main] DEBUG org.apache.hc.client5.http.headers -- http-outgoing-8 << Cache-Control: max-age=300
11:48:19.461 [main] DEBUG org.apache.hc.client5.http.headers -- http-outgoing-8 << Content-Security-Policy: default-src 'none'; style-src 'unsafe-inline'; sandbox
11:48:19.461 [main] DEBUG org.apache.hc.client5.http.headers -- http-outgoing-8 << Content-Type: text/plain; charset=utf-8
11:48:19.461 [main] DEBUG org.apache.hc.client5.http.headers -- http-outgoing-8 << ETag: W/"e82b438271e9e8680c688b0b680efd0bdd22faa6d6f0a32fc1fd8accc486b67e"
11:48:19.461 [main] DEBUG org.apache.hc.client5.http.headers -- http-outgoing-8 << Strict-Transport-Security: max-age=31536000
11:48:19.461 [main] DEBUG org.apache.hc.client5.http.headers -- http-outgoing-8 << X-Content-Type-Options: nosniff
11:48:19.461 [main] DEBUG org.apache.hc.client5.http.headers -- http-outgoing-8 << X-Frame-Options: deny
11:48:19.461 [main] DEBUG org.apache.hc.client5.http.headers -- http-outgoing-8 << X-XSS-Protection: 1; mode=block
11:48:19.461 [main] DEBUG org.apache.hc.client5.http.headers -- http-outgoing-8 << X-GitHub-Request-Id: 3072:3BB1E6:1A1165D:1B39889:65A75BA5
11:48:19.461 [main] DEBUG org.apache.hc.client5.http.headers -- http-outgoing-8 << Content-Encoding: gzip
11:48:19.461 [main] DEBUG org.apache.hc.client5.http.headers -- http-outgoing-8 << Accept-Ranges: bytes
11:48:19.461 [main] DEBUG org.apache.hc.client5.http.headers -- http-outgoing-8 << Date: Mon, 12 Feb 2024 04:48:19 GMT
11:48:19.461 [main] DEBUG org.apache.hc.client5.http.headers -- http-outgoing-8 << Via: 1.1 varnish
11:48:19.461 [main] DEBUG org.apache.hc.client5.http.headers -- http-outgoing-8 << X-Served-By: cache-fra-eddf8230030-FRA
11:48:19.461 [main] DEBUG org.apache.hc.client5.http.headers -- http-outgoing-8 << X-Cache: HIT
11:48:19.461 [main] DEBUG org.apache.hc.client5.http.headers -- http-outgoing-8 << X-Cache-Hits: 2
11:48:19.461 [main] DEBUG org.apache.hc.client5.http.headers -- http-outgoing-8 << X-Timer: S1707713299.447778,VS0,VE0
11:48:19.461 [main] DEBUG org.apache.hc.client5.http.headers -- http-outgoing-8 << Vary: Authorization,Accept-Encoding,Origin
11:48:19.461 [main] DEBUG org.apache.hc.client5.http.headers -- http-outgoing-8 << Access-Control-Allow-Origin: *
11:48:19.461 [main] DEBUG org.apache.hc.client5.http.headers -- http-outgoing-8 << Cross-Origin-Resource-Policy: cross-origin
11:48:19.461 [main] DEBUG org.apache.hc.client5.http.headers -- http-outgoing-8 << X-Fastly-Request-ID: 7dc92a6f7638b5df770d68783f62f63e6ed41651
11:48:19.461 [main] DEBUG org.apache.hc.client5.http.headers -- http-outgoing-8 << Expires: Mon, 12 Feb 2024 04:53:19 GMT
11:48:19.461 [main] DEBUG org.apache.hc.client5.http.headers -- http-outgoing-8 << Source-Age: 198
11:48:19.462 [main] DEBUG org.apache.hc.client5.http.impl.classic.MainClientExec -- ex-0000000013 connection can be kept alive for 3 MINUTES
11:48:19.463 [main] DEBUG org.apache.hc.client5.http.wire -- http-outgoing-8 << "[0x1f][0xffffff8b][0x8][0x0][0x0][0x0][0x0][0x0][0x0][0x3][0xffffffb5]V]o[0xffffffda]0[0x14]}[0xffffffe7]W\[0xffffff81]*[0xffffffb5][0x12][0x1f][[M[0xffffffd3]$[0x1e]hF[0xffffffbb]i [0x18][0xffffffb4][0xffffffdd]&[0xfffffff9][0xffffffc5]$7[0xffffffc1]R[0x12]#;[0xffffff94]v[0xffffffbf]~[0xffffffb6][0xfffffff3]1[0xffffff92][0xffffff9a][0xffffffc1][0x1a]x[0xffffffcb][0xffffffb5][0xffffffaf][0xffffffcf]9[0xffffffbe][0xfffffff7]8v[0xb][0x1c][0x1e]E4[0xfffffff6]$x4[0xffffffa1][0xb]*[0xffffffb1][0xffffffd1][0xffffff82][0xfffffffb]%[0xffffff93][0xffffffe0][0xffffffb3][0x10][0xffffffc1][0xffffffe5]qBY,!Y[0xffffffea] KM8,[0x10][0xfffffff0][0x19][0xffffffdd]u[0xffffff82][0x1e][0xffffffb0][0xffffffd8]L[0xffffffcb]%[0xffffff86][0xffffffa1][0xe][0xffffffb8][0xfffffff0]P[0xffffffe8]$[0xf][0x13]t[0x13]3[0xfffffff9][0xffffff84]B2[0xffffffae][0xffffffe6]|@[0xfffffff5][0x1d][0x8][0xffffffc4][0x18][0x16][0xffffff82]o[0xffffffa4][0xffffff9a]P[0xffffff94][0xffffffe7][0xffffffce]R[0xfffffff0][0x8][0xffffffdb]p[0xffffffcb][0x4][0xfffffffa][0xfffffffc][0xffffffb9][\r][0xffffff93][0x15][\n]"
11:48:19.463 [main] DEBUG org.apache.hc.client5.http.wire -- http-outgoing-8 << "[0xffffffda][0xffffff86][0xffffffa1][0x17][0xffffffa8]Q3[0xffffffcb][0xffffffd6][0xffffffd1][0xffffff85][0xffffffc6][0xfffffff7][0xffffff98][0xffffffef][0xffffffa3][0xffffffc0]8[0x1][0xffffffae]s[0x12][0x16][0x7] _d[0xffffff82][0xffffff91][0xffffff84][0xfffffff3][0x1f],[0xfffffff6][0x14]j[0x1b]F,^+[0xffffff98]1ua2[0xffffffbf]h([0xffffff8e][0xffffff94][0xffffffa2][0xffffff91]m[0xffffffa3][0xffffffeb][0xffffff9a][0xffffffb0][0xffffffbb]I[0x17]t[0xffffffdf][0xffffffbd][0xffffffef][0xffffffbb][0xffffff91][0xffffffd7]U[0xffffffbb][0xffffff82][0xffffff9e][0x3][0xffffff9b][0xffffff88][0xffffffb9][0xffffffa6]$[0xffffffa6][0xc][0xffffff9b][0xffffffa5][0xffffffe2][0xffffff83][0xffffff98]F[0xffffffd8]o[0xffffff9e]Mg[0xffffff93][0xffffffbb][0xffffffd9]`|[0xfffffffb]u4[0xffffff9c][0x7f]"}B[0xffffffce][0x8][0xffffffb9][0xffffffe3]<[0x8][0xffffff91][0xffffff90][0xffffff94][0xffffff82][0xffffff90][0xffffffc1]j[0x15]2WI[0xffffffe3]1![0x19][0xffffff91]BnB[0xffffff80][0x9]<f[0xffffffb5][0xffffffe8]=[0xffffffd1]p[0xffffffbd][[0xffffffcf][0xffffffe5][0x1b][0xfffffff4][0xffffff9c][0xffffffff][0xfffffffc][0xfffffff8][0xffffffe1][0xffffffe2][0xffffff94][0xffffffa2][0xffffffae][0xe][0x14]5[0xffffff9a]8[0xffffff83][0xffffffd1]`:[0xfffffffd]<[0xffffffb8][0x1f][0xffffff9c]R[0xffffffcf]u[0x7f]6[0xffffffbc][0xffffff83][0xffffffef][0xf][0xffffffc3][0xffffffd9]/[0xfffffff8][0xfffffff2][0xffffffcd]y s[0xffffffee]'[0x1b]*0g[0xffffffcb][0xffffffc8]nF7H][0xffffff83][0xffffff97]{[0xffffffb1]Q[0x5][\r][0xffffffb5]c[0xffffffb4][0xf][0x2][0xffffffb3][0xffffffb4][0xffffff93][0xe]C[0xffffffa7][0xffffffb3]kAD][0xffffff9d][0xffffffde][0xffffffdb][0xffffffda][0xffffff88][0xffffffec][0xffffffa5][0xffffffbc][0xffffff99][0xffffffd9][0xffffffba]t[0xffffffb5][0xffffffea]9[0xffffffea][0x10])[0xffffffb7][0xffffffca][0xffffff9e][0xfffffff2][0xffffffe2]d^N[0xffffffd8]FW[0x16][0xffffffcd][0xffffffdc]_[0x10][0xfffffff9]i|[0x1c][0xffffff93][0xffffff8e][0xfffffff9]o[0x16][0xffffff86]4'!$G[0xffffffdf]W[0xfffffff4]W*j[[0xfffffff3]xR[0xffffffae][0xffffffb6][0xc][0xffffffd0],; #[0xffffffa9][0xffffff92]5[0xffffffb5][0x7][0xffffff9c][0xffffffb5][0xffffffd0][0x7f][0xffffff90][0xffffffc7]jgs[0xfffffffc][0xffffffc2][0xb][0xffffffd9][0x0]t[0xffffff9e]^'Y[0xfffffffb][0xffffff9f][0xffffffb1][0xffffffd8]:[0xffffffbf][0xffffff8d][0xffffffa5][0xffffff9a][0xffffffad][0x7f]m[0x5]&[0xffffffaa][0xffffffa0]^[0xffffff9b][0xffffffcb][0x5]f[0xffffffae][0xffffffe0]RU[0xffffff82][0x10]MS9l[0xffffff91]4t[0xfffffffb][0xffffff8a]][0xffffffd6][0xfffffff4][0xffffff96][0xffffffa6][0xffffff9f]P[0xffffffce][0xffffffd5][0xffffffce][0xffffff93][0xffffffff][0xffffff97][0xffffffcc]p[0xfffffffd][0xfffffff3][0xffffffe8][0x1b][0xffffffcc][0xffffffa2][0xffffffd9]Q[0xffffffbe][0xffffffb2][0xffffffa3][0xffffffc7]m'[0xffffffdf][0xffffffe4][[0xfffffffb]^[0xffffffb0][0xffffff9a][0xffffffbe][0xffffffda][0xffffffda]_[0xffffffce][0xffffff80][0xffffffd2][0xffffffc1]7[0xffffffb7]][0xffffffc1]b[0xffffffee][0xffffffb5][0xffffffff]w[0xffffff83][0xffffffed][0xffffffa7];[0x15]<[0x10]4[0xffffff92][0xffffff84][0x18][\n]"
11:48:19.463 [main] DEBUG org.apache.hc.client5.http.wire -- http-outgoing-8 << "BB[0xffffffba][0xffffff8e]][0xffffffb5]jo[0xffffffb9]+"[0xffffffea][0xffffffb4][0xffffffff]h"[0xffffffea]\?5[0xffffffa9][0xffffffaf]k[0xffffffec][0xffffffff]P[0xffffffea][\n]"
11:48:19.463 [main] DEBUG org.apache.hc.client5.http.wire -- http-outgoing-8 << "w[0xffffffe1]K[0x13][0xffffffda][0xffffffec][0xffffff98][0xffffffe6]Y[0xfffffffd]h8m6[0xffffff9c]T[0xffffffc1][0xfffffff2][0xffffffa7][0xffffff91]z_[0xffffff95]o85p[0x1c][0x13][0xffffffe6][0xfffffff0]5[0xffffffee][0xfffffffc][0xffffff92][0xffffff96][0xffffffda][0xfffffff7][0xffffffcf][0xffffffb1][0x5][0x1d][0xffffffea]K[0xffffff9b]9[0xffffff8e][0xffffffad]e[0xfffffff7][0xffffff93][0xffffffa8]`[0xffffffda][0xffffffff][0x1a][0xffffffd2][0xffffff88][0xffffff85][0xfffffffd][0xfffffff2][0xffffff91]N[0xfffffff6]`[0xffffffdf]2[0xffffffcf][0xffffffae]E[0xffffff97][0xffffffc5][0xffffffa2][0xffffff9d][0xffffffef]'[0xffffff9d]mun.[0xffffffd3]f^[0xffffffc7][0xffffff82][0xffffffda][0xffffff82]9[0xfffffff5][0xffffffa9]`[0x5][0xffffffbc]4[0xffffffa1][0x1d]<M[0xffffffb5]A[0xffffffa7]3[[0xffffffc0][0x7f][0x0][0xffffffc1][0xffffffd0]$[0xffffff85][0x1d][\r][0x0][0x0]"
11:48:19.464 [main] DEBUG org.apache.hc.client5.http.impl.classic.InternalHttpClient -- ep-0000000013 releasing valid endpoint
11:48:19.464 [main] DEBUG org.apache.hc.client5.http.impl.io.PoolingHttpClientConnectionManager -- ep-0000000013 releasing endpoint
11:48:19.464 [main] DEBUG org.apache.hc.client5.http.impl.io.PoolingHttpClientConnectionManager -- ep-0000000013 connection http-outgoing-8 can be kept alive for 3 MINUTES
11:48:19.464 [main] DEBUG org.apache.hc.client5.http.impl.io.PoolingHttpClientConnectionManager -- ep-0000000013 connection released [route: {s}->https://raw.githubusercontent.com:443][total available: 2; route allocated: 1 of 5; total allocated: 3 of 25]
11:48:19.464 [main] DEBUG io.github.bonigarcia.wdm.versions.VersionDetector -- Detecting chrome version using online commands.properties
11:48:19.464 [main] DEBUG io.github.bonigarcia.wdm.versions.Shell -- Running command on the shell: [/Applications/Google Chrome.app/Contents/MacOS/Google Chrome, --version]
11:48:19.518 [main] DEBUG io.github.bonigarcia.wdm.versions.Shell -- Result: Google Chrome 121.0.6167.160
11:48:19.519 [main] DEBUG io.github.bonigarcia.wdm.versions.VersionDetector -- Getting driver version for chrome121 from online versions.properties
11:48:19.519 [main] DEBUG org.apache.hc.client5.http.impl.classic.InternalHttpClient -- ex-0000000014 preparing request execution
11:48:19.519 [main] DEBUG org.apache.hc.client5.http.impl.classic.ProtocolExec -- ex-0000000014 target auth state: UNCHALLENGED
11:48:19.519 [main] DEBUG org.apache.hc.client5.http.impl.classic.ProtocolExec -- ex-0000000014 proxy auth state: UNCHALLENGED
11:48:19.519 [main] DEBUG org.apache.hc.client5.http.impl.classic.ConnectExec -- ex-0000000014 acquiring connection with route {s}->https://raw.githubusercontent.com:443
11:48:19.519 [main] DEBUG org.apache.hc.client5.http.impl.classic.InternalHttpClient -- ex-0000000014 acquiring endpoint (3 MINUTES)
11:48:19.519 [main] DEBUG org.apache.hc.client5.http.impl.io.PoolingHttpClientConnectionManager -- ex-0000000014 endpoint lease request (3 MINUTES) [route: {s}->https://raw.githubusercontent.com:443][total available: 2; route allocated: 1 of 5; total allocated: 3 of 25]
11:48:19.520 [main] DEBUG org.apache.hc.client5.http.impl.io.PoolingHttpClientConnectionManager -- ex-0000000014 endpoint leased [route: {s}->https://raw.githubusercontent.com:443][total available: 1; route allocated: 1 of 5; total allocated: 3 of 25]
11:48:19.520 [main] DEBUG org.apache.hc.client5.http.impl.io.PoolingHttpClientConnectionManager -- ex-0000000014 acquired ep-0000000014
11:48:19.520 [main] DEBUG org.apache.hc.client5.http.impl.classic.InternalHttpClient -- ex-0000000014 acquired endpoint ep-0000000014
11:48:19.520 [main] DEBUG org.apache.hc.client5.http.impl.classic.MainClientExec -- ex-0000000014 executing GET /bonigarcia/webdrivermanager/master/src/main/resources/versions.properties HTTP/1.1
11:48:19.520 [main] DEBUG org.apache.hc.client5.http.protocol.RequestAddCookies -- ex-0000000014 Cookie spec selected: strict
11:48:19.520 [main] DEBUG org.apache.hc.client5.http.impl.classic.InternalHttpClient -- ep-0000000014 start execution ex-0000000014
11:48:19.520 [main] DEBUG org.apache.hc.client5.http.impl.io.PoolingHttpClientConnectionManager -- ep-0000000014 executing exchange ex-0000000014 over http-outgoing-8
11:48:19.520 [main] DEBUG org.apache.hc.client5.http.headers -- http-outgoing-8 >> GET /bonigarcia/webdrivermanager/master/src/main/resources/versions.properties HTTP/1.1
11:48:19.520 [main] DEBUG org.apache.hc.client5.http.headers -- http-outgoing-8 >> user-agent: Apache-HttpClient/5.0
11:48:19.520 [main] DEBUG org.apache.hc.client5.http.headers -- http-outgoing-8 >> accept-encoding: gzip, deflate, br
11:48:19.520 [main] DEBUG org.apache.hc.client5.http.headers -- http-outgoing-8 >> cache-control: max-age=0
11:48:19.520 [main] DEBUG org.apache.hc.client5.http.headers -- http-outgoing-8 >> connection: keep-alive
11:48:19.520 [main] DEBUG org.apache.hc.client5.http.headers -- http-outgoing-8 >> Host: raw.githubusercontent.com
11:48:19.520 [main] DEBUG org.apache.hc.client5.http.wire -- http-outgoing-8 >> "GET /bonigarcia/webdrivermanager/master/src/main/resources/versions.properties HTTP/1.1[\r][\n]"
11:48:19.520 [main] DEBUG org.apache.hc.client5.http.wire -- http-outgoing-8 >> "user-agent: Apache-HttpClient/5.0[\r][\n]"
11:48:19.520 [main] DEBUG org.apache.hc.client5.http.wire -- http-outgoing-8 >> "accept-encoding: gzip, deflate, br[\r][\n]"
11:48:19.520 [main] DEBUG org.apache.hc.client5.http.wire -- http-outgoing-8 >> "cache-control: max-age=0[\r][\n]"
11:48:19.520 [main] DEBUG org.apache.hc.client5.http.wire -- http-outgoing-8 >> "connection: keep-alive[\r][\n]"
11:48:19.520 [main] DEBUG org.apache.hc.client5.http.wire -- http-outgoing-8 >> "Host: raw.githubusercontent.com[\r][\n]"
11:48:19.520 [main] DEBUG org.apache.hc.client5.http.wire -- http-outgoing-8 >> "[\r][\n]"
11:48:19.795 [main] DEBUG org.apache.hc.client5.http.wire -- http-outgoing-8 << "HTTP/1.1 200 OK[\r][\n]"
11:48:19.795 [main] DEBUG org.apache.hc.client5.http.wire -- http-outgoing-8 << "Connection: keep-alive[\r][\n]"
11:48:19.795 [main] DEBUG org.apache.hc.client5.http.wire -- http-outgoing-8 << "Content-Length: 1667[\r][\n]"
11:48:19.795 [main] DEBUG org.apache.hc.client5.http.wire -- http-outgoing-8 << "Cache-Control: max-age=300[\r][\n]"
11:48:19.795 [main] DEBUG org.apache.hc.client5.http.wire -- http-outgoing-8 << "Content-Security-Policy: default-src 'none'; style-src 'unsafe-inline'; sandbox[\r][\n]"
11:48:19.795 [main] DEBUG org.apache.hc.client5.http.wire -- http-outgoing-8 << "Content-Type: text/plain; charset=utf-8[\r][\n]"
11:48:19.796 [main] DEBUG org.apache.hc.client5.http.wire -- http-outgoing-8 << "ETag: W/"2b63ea7ea7667d0729e9d848d780e58af4f6d237cb562369e48d53971ddfa6c5"[\r][\n]"
11:48:19.796 [main] DEBUG org.apache.hc.client5.http.wire -- http-outgoing-8 << "Strict-Transport-Security: max-age=31536000[\r][\n]"
11:48:19.796 [main] DEBUG org.apache.hc.client5.http.wire -- http-outgoing-8 << "X-Content-Type-Options: nosniff[\r][\n]"
11:48:19.796 [main] DEBUG org.apache.hc.client5.http.wire -- http-outgoing-8 << "X-Frame-Options: deny[\r][\n]"
11:48:19.796 [main] DEBUG org.apache.hc.client5.http.wire -- http-outgoing-8 << "X-XSS-Protection: 1; mode=block[\r][\n]"
11:48:19.796 [main] DEBUG org.apache.hc.client5.http.wire -- http-outgoing-8 << "X-GitHub-Request-Id: C544:0E73:441D4E1:46D2A0D:65B9B3A7[\r][\n]"
11:48:19.796 [main] DEBUG org.apache.hc.client5.http.wire -- http-outgoing-8 << "Content-Encoding: gzip[\r][\n]"
11:48:19.796 [main] DEBUG org.apache.hc.client5.http.wire -- http-outgoing-8 << "Accept-Ranges: bytes[\r][\n]"
11:48:19.796 [main] DEBUG org.apache.hc.client5.http.wire -- http-outgoing-8 << "Date: Mon, 12 Feb 2024 04:48:19 GMT[\r][\n]"
11:48:19.796 [main] DEBUG org.apache.hc.client5.http.wire -- http-outgoing-8 << "Via: 1.1 varnish[\r][\n]"
11:48:19.796 [main] DEBUG org.apache.hc.client5.http.wire -- http-outgoing-8 << "X-Served-By: cache-fra-eddf8230030-FRA[\r][\n]"
11:48:19.796 [main] DEBUG org.apache.hc.client5.http.wire -- http-outgoing-8 << "X-Cache: HIT[\r][\n]"
11:48:19.796 [main] DEBUG org.apache.hc.client5.http.wire -- http-outgoing-8 << "X-Cache-Hits: 1[\r][\n]"
11:48:19.796 [main] DEBUG org.apache.hc.client5.http.wire -- http-outgoing-8 << "X-Timer: S1707713300.677405,VS0,VE93[\r][\n]"
11:48:19.796 [main] DEBUG org.apache.hc.client5.http.wire -- http-outgoing-8 << "Vary: Authorization,Accept-Encoding,Origin[\r][\n]"
11:48:19.796 [main] DEBUG org.apache.hc.client5.http.wire -- http-outgoing-8 << "Access-Control-Allow-Origin: *[\r][\n]"
11:48:19.796 [main] DEBUG org.apache.hc.client5.http.wire -- http-outgoing-8 << "Cross-Origin-Resource-Policy: cross-origin[\r][\n]"
11:48:19.796 [main] DEBUG org.apache.hc.client5.http.wire -- http-outgoing-8 << "X-Fastly-Request-ID: 073d264691a4185c6aec95d2d06e05212f38781d[\r][\n]"
11:48:19.796 [main] DEBUG org.apache.hc.client5.http.wire -- http-outgoing-8 << "Expires: Mon, 12 Feb 2024 04:53:19 GMT[\r][\n]"
11:48:19.796 [main] DEBUG org.apache.hc.client5.http.wire -- http-outgoing-8 << "Source-Age: 0[\r][\n]"
11:48:19.796 [main] DEBUG org.apache.hc.client5.http.wire -- http-outgoing-8 << "[\r][\n]"
11:48:19.796 [main] DEBUG org.apache.hc.client5.http.headers -- http-outgoing-8 << HTTP/1.1 200 OK
11:48:19.796 [main] DEBUG org.apache.hc.client5.http.headers -- http-outgoing-8 << Connection: keep-alive
11:48:19.797 [main] DEBUG org.apache.hc.client5.http.headers -- http-outgoing-8 << Content-Length: 1667
11:48:19.797 [main] DEBUG org.apache.hc.client5.http.headers -- http-outgoing-8 << Cache-Control: max-age=300
11:48:19.797 [main] DEBUG org.apache.hc.client5.http.headers -- http-outgoing-8 << Content-Security-Policy: default-src 'none'; style-src 'unsafe-inline'; sandbox
11:48:19.797 [main] DEBUG org.apache.hc.client5.http.headers -- http-outgoing-8 << Content-Type: text/plain; charset=utf-8
11:48:19.797 [main] DEBUG org.apache.hc.client5.http.headers -- http-outgoing-8 << ETag: W/"2b63ea7ea7667d0729e9d848d780e58af4f6d237cb562369e48d53971ddfa6c5"
11:48:19.797 [main] DEBUG org.apache.hc.client5.http.headers -- http-outgoing-8 << Strict-Transport-Security: max-age=31536000
11:48:19.797 [main] DEBUG org.apache.hc.client5.http.headers -- http-outgoing-8 << X-Content-Type-Options: nosniff
11:48:19.797 [main] DEBUG org.apache.hc.client5.http.headers -- http-outgoing-8 << X-Frame-Options: deny
11:48:19.797 [main] DEBUG org.apache.hc.client5.http.headers -- http-outgoing-8 << X-XSS-Protection: 1; mode=block
11:48:19.797 [main] DEBUG org.apache.hc.client5.http.headers -- http-outgoing-8 << X-GitHub-Request-Id: C544:0E73:441D4E1:46D2A0D:65B9B3A7
11:48:19.797 [main] DEBUG org.apache.hc.client5.http.headers -- http-outgoing-8 << Content-Encoding: gzip
11:48:19.797 [main] DEBUG org.apache.hc.client5.http.headers -- http-outgoing-8 << Accept-Ranges: bytes
11:48:19.797 [main] DEBUG org.apache.hc.client5.http.headers -- http-outgoing-8 << Date: Mon, 12 Feb 2024 04:48:19 GMT
11:48:19.797 [main] DEBUG org.apache.hc.client5.http.headers -- http-outgoing-8 << Via: 1.1 varnish
11:48:19.797 [main] DEBUG org.apache.hc.client5.http.headers -- http-outgoing-8 << X-Served-By: cache-fra-eddf8230030-FRA
11:48:19.797 [main] DEBUG org.apache.hc.client5.http.headers -- http-outgoing-8 << X-Cache: HIT
11:48:19.797 [main] DEBUG org.apache.hc.client5.http.headers -- http-outgoing-8 << X-Cache-Hits: 1
11:48:19.797 [main] DEBUG org.apache.hc.client5.http.headers -- http-outgoing-8 << X-Timer: S1707713300.677405,VS0,VE93
11:48:19.797 [main] DEBUG org.apache.hc.client5.http.headers -- http-outgoing-8 << Vary: Authorization,Accept-Encoding,Origin
11:48:19.797 [main] DEBUG org.apache.hc.client5.http.headers -- http-outgoing-8 << Access-Control-Allow-Origin: *
11:48:19.797 [main] DEBUG org.apache.hc.client5.http.headers -- http-outgoing-8 << Cross-Origin-Resource-Policy: cross-origin
11:48:19.797 [main] DEBUG org.apache.hc.client5.http.headers -- http-outgoing-8 << X-Fastly-Request-ID: 073d264691a4185c6aec95d2d06e05212f38781d
11:48:19.797 [main] DEBUG org.apache.hc.client5.http.headers -- http-outgoing-8 << Expires: Mon, 12 Feb 2024 04:53:19 GMT
11:48:19.797 [main] DEBUG org.apache.hc.client5.http.headers -- http-outgoing-8 << Source-Age: 0
11:48:19.798 [main] DEBUG org.apache.hc.client5.http.impl.classic.MainClientExec -- ex-0000000014 connection can be kept alive for 3 MINUTES
11:48:19.798 [main] DEBUG org.apache.hc.client5.http.wire -- http-outgoing-8 << "[0x1f][0xffffff8b][0x8][0x0][0x0][0x0][0x0][0x0][0x0][0x3][0xffffff8d][0xffffff97][0xffffffcb]n+7[0xc][0xffffff86][0xfffffff7]y[0xffffff8a][0x1][0xffffffba][0xffffffce]XWJ[\n]"
11:48:19.798 [main] DEBUG org.apache.hc.client5.http.wire -- http-outgoing-8 << "[0xffffffa0]M[0xffffffaf][0xffffffab][0xffffffa2][0xffffff8b][0xfffffff6][0x5]|[0xffffffec]I28[0xffffff8e]'[0xffffffb0][0xffffff9d][0xffffff93][0xffffff83]>}II[0xffffffd4][0xffffffc8][0xffffff9a][0x16][0xffffffe8][0xffffffc2]H[0xfffffff8][0xffffff8d]F")[\r][0xfffffff5][0xfffffff3][0xffffff87][0xffffffe1][0xffffffaf][0xffffffd7][0xfffffff9]:<[0xffffffcf][0xffffffa7]i8,[0xffffffe7][0xffffffdb]~>_[0xffffff87][0xffffffdb][0xffffffeb]4|=/[0xffffff9f][0xffffffe7][0xffffffe1]x[0xffffff99][0xffffffbf]M[0xffffff97][0x1][0x7f][0xffffffd7]y[0xffffffc1]'[0xffffff87][0xffffffe5][0xffffffed]}[0x7f][0xffffff9b][0xffffffbf][0xffffffe0][0xffffffe8][0xffffffcf][0xfffffff9][0xfffffff6][0xffffff9a]F[0x1e][0xffffff96][0xffffffcb]e[0xffffffba][0xffffffbe]/[0xffffffe7][0xffffffe3]|~[0x19][0xffffffbe]\[0xffffff96][0xffffffcf][0xffffffeb][0xfffffffa][0xffffffca][0xffffffc3][0xffffffc3][0xf][0xffffffc3][0xffffff8f][0x19]=[\r][0xffffffbf]-[0xffffffcb][0xb][0xffffffbe][0xfffffff9][0xffffffd3][0xffffffeb]ey[0xffffff9b][0xffffff86][0xfffffffd][0xfffffff9][0xffffff98][0xffffffff][0xffffff9d]?[0xffffffde][0xffffff86][0xffffffc7][0xffffffe1][0xffffffe7][0xffffffb4][0xffffffd4][0xffffffd3]pHO[0xfffffff3][0xffffffc2][0xfffffff8][0xfffffff2][0xffffff9f][0xffffffcb][0xffffffc7][0xffffffe5]0=[\r][0xffffffaf][0xffffffb7][0xffffffdb][0xfffffffb][0xffffffd3]n[0xffffffd7]>[0x1d][0xf][0xffffffe5][0xffffffed]q[0xffffffb9][0xffffffbc][0xffffffec][0xffffff8e][0xffffffe8][0xffffffef]i[0xffffffd9][0x1f][0xffffffaf][0xf]y[0xffffff8c][0xffffff94]&[0xffffffe2]o[0x14][0xffffffa3]u[0xffffffda][0xffffff8e]AT[0xffffffae][0xffffff91]k[0xffffffe2][0xffffffe0][0xffffffd4][0x8][0xffffffba]r[0xffffff85]\%.[0xffffffed]hB[0xffffffe5][0x12][0xffffffb9]$nA[0xffffff8f]`*[0x17][0xffffffc8][0x5]q[0xffffffe3][0xffffffe5][0xffffffe8][0x1c]s[0x11]"[0xfffffffe][0x12][0xffffffc7][0xffffffe5]][0x1d]/<rO\[0xffffffdb]0:Y[0xffffffb9]C[0xffffffee][0x12][0x17]f[0x4]U9 [0x7][0xffffffe2][0xffffffca][0xffffff84][0x11][0xffffffd6][0xfffffff1][0x16][0xffffffb9]%.[0xffffff83][0xffffffc5][0xffffff87][0xffffff95]c[0xffffffbc]"[0xffffffc5]Ka[0xffffffb8][0xffffffea][0xffffffbf][0xffffffc0]xE[0xffffff8a]W[0xffffff80][0x18][0xffffffa5]^[0x1d][0xffffffc2][0xffffff80]E[\n]"
11:48:19.799 [main] DEBUG org.apache.hc.client5.http.wire -- http-outgoing-8 << "X[0xffffffe0]|[0xffffffcd][0x2][0x18][0xffffffb0][0xffffffa0][0xffffff80]M[0xffffffb0]r4+[0xffffffc7][0xffffff80][0x5][0x5]l|[0xffffff80][0x11]8[0xffffffa1]![0xffffffc4][0x10][0x12]5[0x6][0xffffffd7]f[0xffffffea]c[0xffffffa0]`[0xffffff8d][0xffffffb3]~[0xffffffc4]e[0x18][0xffffffbb][0x18](V[0x3]A[0xffffffad]9[0x8][0x10][0x3]$[\n]"
11:48:19.799 [main] DEBUG org.apache.hc.client5.http.wire -- http-outgoing-8 << "f4[0xffffff96][0xffffffa9][0xffffff8d][0xffffffc1]&[0xffffffaa][0xfffffffd][0x8][0x1c]O01[0xffffff98]D19[0xffffffb8][0xffffff91][0xffffff8c]u[0xc][0x14][0xffffffa4][0xffffffb1][0xffffffce][0xffffffad][0xffffff9b][0x1a]T[0xc]*Q[0xffffffdc]R[0xffffffcc]2c[0x19]C[\n]"
11:48:19.799 [main] DEBUG org.apache.hc.client5.http.wire -- http-outgoing-8 << "[0xffffffd0][0xffffffe0][0x9][0xffffffc0]X[0x19][0xffffff8b][0x18]R|F[0xffffff8b]Qq[0xffffff9e]|[0xffffff88]>[0xffffffc5][0xffffffa7][0xfffffff1][0xffffff8f][0xffffffe2][0xffffff99][0xffffffbd][0xffffff8f]>[0xffffffc5][0xffffffa7][0xffffff95][0x19][0x3]0u[0xffffffd1][0xffffffa7][0xfffffff0][0xffffff94][0x17][0xffffffa3][0xfffffff7]L![0xfffffffa][0x14][0xffffff9e]28/[0xffffffa7][0xffffffc2][0xffffffdb][0xffffffe8]Sx[0xffffffd2][0xffffffeb][0xffffffd1][0xffffffb3]k[0xffffffde]D[0xffffff9f][0xffffffc2][0xffffff93][0xffffffc6][0xffffff8d][0xffffff9a]s[0xffffffec]u[0xfffffff4]):[0xffffffda]I[0xffffffcd][0xffffffa9][0xfffffff0]2[0xfffffffa][0x14][0xffffff86][0xffffffc0][0xffffffcc]K][0xffffff97][0x13][0xffffffd1]S[0x18]:[0xffffffa0]/x[0xffffff84][\n]"
11:48:19.799 [main] DEBUG org.apache.hc.client5.http.wire -- http-outgoing-8 << "v![0xffffffba][0xffffff90][0xffffffb0][0xffffffb1][0xffffffa3][0xffffffae][0xffffffd4]G[0xffffffe7][0x13][0xffffffc5][0xffffffb3][0xffffff83][0xffffffe7][0xffffff8a][0xffffffb1][0xffffff8b][0xffffff8e][0x2][0xffffffd1][0x1e][0xfffffff0][`7[0x1c]D[0x7][0xffffff89][0xffffffe2][0x1][0xffffff97][0xffffffaa][0xffffffce]a[0xffffffa3][0xffffffa3]H[0xffffffb4]sx[0xffffffc0][0xffffffd6][0xffffffd1]&:[0xffffff93][0xffffffb0][0xffffffc2][0xfffffff3][0xffffffcb]PGG[0xffffff91]h[0xffffffc0][0xffffff80][0xffffff80]]v**[0xffffffdc]Q[0xffffffb6][0xffffffe4][0xffffff9d]%[0xffffffc8]b[0xffffffc7] [0xffffff90][0xffffffc5]{[0x3][0xffffff9e],[0xffffffce](8[0xffffffb2]x7[0x1][0xffffffc8]bg[0xffffffc0][0xffffffa2]US[0x4][0xffffff86],[0xffffffce]9h[0xffffffb2]x= _t][0xffffff8f]|[0xffffffa9][0xffffffdf][0xc][0xffffff90]/Z[0xffffffdf]U[0xffffffb5][0xffffffdf][0xffffff97][0xffffffbf][0xffffffe7][0xffffffd3]i?[0xfffffffc]:_[0xffffffa6][0xffffffe7][0xffffffe5]{S[0xffffffca]^[0xffffffa6][0xffffffc3][0xffffffd7][0xffffffe5]_+[0xffffffd9][0x15]K[0xffffffd9][0xb][0x16][0xffffffd0][0xffffff8f]/#[0xffffff96][0xffffffd4][0xffffffdd][[0xffffff9e]b[0xffffffd7][0xffffffbc][0xffffffb0][0xffffffbb]L[0xffffffa7]i[0x7f][0xffffff9d][0xffffffae][0xf][0xffffffcf]y^[0xffffffa9]d[0xffffffc4][0xffffffb4]aBW"[0xffffff88][0xffffffe8][0xffffff86][0xffffffc8][0xffffffb0]!~C[0xffffffdc][0xffffff86][0xffffffc0][0xffffff86][0xffffffd8][\r]1[0x1b][0xffffffa2]7Dm[0xffffff88][0xffffffdc][0xffffff90][0xffffffe4][0xffffffb3][0x1a]U%"d[0xffffffb2][0xffffff8e][0x11]~C[0xffffffdc][0xffffff86][0xffffffc0][0xffffff86][0xffffffd8][\r]I>[0xffffffcb][0xffffff96][0xffffffe8][\r]Q[0x1b]"7Dt$[0xffffff84][0x1e][0xfffffff8][0x1e][0xffffffb8][0x1e]@[0xf]l[0xf]zoC[0xffffffef]l[0xffffffe8]}[\r][0xffffffbd][0xffffffab][0xffffff81]<[0xffffffc5][0xffffffaf][0xffffffad][0x1][0xffffffe3]i>[0x7f]|[0xffffffcf]X2[0xfffffff6][0xffffffa1][0x1b][0xffffffe7]}[0xf]\[0xf][0xffffffa0][0x7][0xffffffb6][0x7][0xffffffa6][0x7][0x14][0xffffff80][0xfffffff2][\r]P=[0xffffffa0][0x0][0xffffff94]k[0xffffff80][0xffffffe8][0xffffff80][0xb]=H[0xffffff9e]B[0x3]\[0xf][0xffffffa0][0x7][0xffffffb6][0x7][0xffffffa6][0x7][0xffffffba][0x7][0xffffffaa][0x7][0xffffffb2][0x7][0xffffffa2][0x3][0x10]z[0xffffff90]<[0xffffffb5][\r]H[0xffffff9e]6_0@[0xf]l[0xf][0xffffff92][0xffffffa7][0xffffffcd][0x7][0x4][0xffffffba][0x7][0xffffffc9][0xffffffd3][0xffffffe6][0xffffffd8]C[0xfffffff2][0xffffffb4]9[0x14] :`C[0xf]|[0xf]\[0xf][0xffffff92][0xffffffa7][0xffffffa2][0x1][0xffffff96]A[[0xb][0xffffffff]x[0xffffff9f].[0xfffffffb][0xffffffa6][0x2].d[0xffffffff][0xffffff9f][\n]"
11:48:19.799 [main] DEBUG org.apache.hc.client5.http.wire -- http-outgoing-8 << "[0xffffff98][0x6]^[0xffffff97][0xffffffe7][0xffffffdb][0xffffffe7][0xfffffffe]2e[0xffffff8b][0xffffffd5]]_[0xf][0xffffffd3][0xffffffc3][0xffffffa4][0xffffff8e]hy[0xffffffd4]![0xffffffa8]>[0xffffff94][0x10][0xffffffcc]Q[0x1d][0xffffffc9][0xffffff90]8^s[0x12]o[0xfffffff1][0xffffffc2]I[\r]&[0xfffffff5][0x15]P'[0xfffffff8][0xffffffc0][0xffffff98][0xffffffc4]`[0x12]_[0x1]E[0xffffff86][0xffffffd4][0xffffff8a]9[0xffffff89][0xffffffc1]$[0xffffffbe]<N[0x13][0x1c]c[0xffffffd2][0xffffff82]I{9[0xfffffffc][0xffffffb2]$[\n]"
11:48:19.799 [main] DEBUG org.apache.hc.client5.http.wire -- http-outgoing-8 << "[0xffffff98][0xffffffc2]E[0xffffffab]5[0xffffffb1][0xffffffc8]e[0xffffff8e]u[0xffffffa2][0xffffff91][0xffffff9a]R[0xffffff95]i[0xffffffb0]Z4J[0xffffffd3]3uw:[0xffffffd3][0x16][\n]"
11:48:19.799 [main] DEBUG org.apache.hc.client5.http.wire -- http-outgoing-8 << "[0xffffffad][0xffffffca][0xffffff94][0x1c]g[0xffffffb0][0xffffffad][0xffffffc8][0xffffffc4]L[0x14]lZ[0xffffff8d][0x19]J[0xffffff94]A[0xffffffb7][\n]"
11:48:19.799 [main] DEBUG org.apache.hc.client5.http.wire -- http-outgoing-8 << "[0x13]eI[0xffffffa6][0xffffffaa][0xffffffd5][0xffffff97][0xffffff98][0xffffffb4][0xffffff82]e+/I[0xffffffb9]e,Zu[0xffffffe9]K[0xffffffe0]>[0xffffffb4][0xffffffda][0x12][0xffffffa0]P[0xffffffdf][0x9][0xffffffcb]L]++[0xffffffa1]l[0xffffff8c][0xffffff87]VT[0xffffffd6][0x14]aq[0xffffffb9][0x13][0xffffff95][0x19][0xffffff9a]FS[0xfffffffa][0xffffffe2][0x18][0x16][0xffffff99];E[0xffffff99][0xffffffa1][0xffffffba][0x17][0xffffff94][0x19][0xffffffca]FOZ^_4r[0xffffff92]][0xffffffc5][0xffffffa2]s'&3[0xfffffff4][0xffffff9d][0xffffff96][0xffffffcc][0xffffffd4]5R[0xffffffd2]1[0xffffff84]FH[0xfffffffa][0xffffffb2]<V[0xffffffa1]UG[0xffffffb2][0xfffffff7]X[0xffffff89]V[0x19][0xffffff89][0x9].T72[0x12]xR[0xffffffd5][0xffffffa8]H_6[0x1c][0xffffffcb][0xffffffd2]*"[0xffffffeb]famZE$[0xffffff9f]u[0xffffffac]O[0xffffffab][0xffffff86][0xffffffe4][0x13][0xffffff8d]5[0xffffffaa][0xffffff91][0xffffff90][0xffffffb2][0xffffff84][0xffffff8a][0xffffff85][0xffffffaa]U[0xffffff90]e-[0xffffffac]V[0xffffffab][0xffffff80]t<[0xffffffab]m[0xfffffff4]#[0x1f]e[0xffffffac]Z[0xffffffab]z[0xffffffac][0xffffff87][0x13]KW[0xffffffa3][0x1e][0xfffffff9]S[0xffffffc3][0xfffffffa][0xffffffd5][0xffffff88][0xffffffc7][0xffffffba]V[0x11]}[0xffffffc9][0xffffffb0][0xffffffa1]5[0xffffff8a][0xffffffe4][0xffffffcb]FQ|[0xffffffd9]([0xffffff82]/[0x1b]E[0xffffffef]e[0xffffffa3][0xffffffc8][0xffffffbd]l[0x14][0xffffffb5][0xffffff97][0xffffff8d]"[0xfffffff6][0xffffffb2]![0xffffffb3][0xffffffba][0xffffffcb][0xffffff86]h[0xc]C[0x1e][0xffffffb0][0xffffffc7][0xffffff86]<[0xffffffd0]e[0x1d]C[0x1e][0xffffffa8][0xffffff92][0xc][0x3][0xffffffd9][0xffffffb8][0xffffff93][0xffffff87][0xfffffff3][0xffffffe1][0xffffffb2]Pe[0x1b]~9[0xffffffbe]LMm|[0xffffffbb]N[0x8][0xfffffffe][0xffffffb3]8[0x1e][0xffffffa7]o[0xffffffd3][0xffffff89]f[0x1d][0xffffffdf]x[0xffffff86]T)[0xffffffa7][0xfffffff3][0xffffffe3][0xffffffc7]uW[0xffffffd9]#M[0xffffffb2][0xffffffbb]-[0xffffffcb][0xffffffe9][0xffffffba][0xfffffffb][0xffffff9c][0xffffffbe][0xffffff94]b[0xfffffff9]@t[0xffffffed][0xffffff80][0xffffffa5][0xffffffc7][0x1b]C[0xfffffffa]B[0xffffffb9][0xffffffff][0xffffff95][0xe][0xffffffe5]9f2S[0xffffffee]~[0xffffffa5]S[0xffffffe9] g[0xffffffca][0xffffffbd][0xffffffaf][0x4][0xffffff90][0xffffffd4][0xffffff9b]f[0xffffffca][0xffffff9d][0xffffffaf][0xffffffb4]x>0{[0xffffff89][0xffffffd6][0xffffffbe]WZ,[0xffffffb4][0xffffffae][0xffffffac]V[0xffffffbb]^i[0x0][0xffffffe7][0xffffff85]B[0xffffffb9][0xffffffe7][0xffffffc5]n[0xffffff81][0xffffffee]"
11:48:19.800 [main] DEBUG org.apache.hc.client5.http.wire -- http-outgoing-8 << "[0xfffffff6][0xc][0xffffffb9][0xffffffe1][0xffffff95][0xffffffda][0xffffffd1]MZ([0xffffffb7][0xffffffbb][0xffffffd8][0xffffffb9]j[0xffffffac]`[0xffffff85]r[0xffffffb3]+[0x15]~[0xffffffa9][0xffffff8e]g[0xffffffe0]V[0x17]{[0x13]S[0xffffff83][0xffffffa8]}.[0xffffffde][0x6][0xffffff96]z[0xffffff87]L[0xffffffb9][0xffffffcb]Ea-[0xffffffd6]y[0xffffffb9][0xffffffc7][0xffffffc5][0xffffffcb][0xffffffc2]R[0xffffffa7]E[0xffffff94];\,[0xfffffffd]T(2+[0xfffffffd][0xffffffad][0xffffffa4][0xffffffe8]Jb[0xffffffb8][0xffffffb9][0xffffffc5][0xffffffd0]Te[0xffffffa5][0xffffffb5][0xffffffc5][0x18]Le[0xffffffa5][0xffffffb1]E[0xffffffaf][0xffffffea][0xffffffca][0xffffffdc][0xffffffd6][0x6][0xffffffac]1ZfTZ[0xffffffda][0xffffff80][0xffffffa9][0xffffffd7]eT[0xffffffe9]g[0xffffff83]X[0x17]([0xffffffbd][0xffffffac][0xffffffa7]JW^,}[0xffffffac][0xffffffc7][0xffffffc0]2[0xffffffe1][0x1e][0xffffff96]v<o[0xc][0xfffffff7][0xffffffaf][0xe]s[^[0xffffffe3][0xffffffe6][0x15] [0xffffff94]-[0xffffffe1][0xffffffc6][0x15][0xfffffff0]H@[0xffffffce][0x5]w[0xffffffad][0xffffff96][0x12]\F[0xffffff95][0xffffff96][0xffffffd5]&[0xffffffe1][0xffffff92][0x8][0xffffffb7][0xffffffab]X[0x1a]lY[0xf][0xffffffab]W[0xffffffae][0xffffff9e][0xffffff81]}[0xffffffe2][0xffffffee][0x15][0xffffffef][0xffffffd9][0xffffffb2]U[0xffffffb5]s[0xffffffc5][0xffffff88][0xfffffff1][0xffffffdc]%V[0xffffffdb]V:[0xffffffb3][0xffffff99][0xffffff94][0xffffff96]U9>:[0xffffffdc][0xffffffad]*]I[0xffffffe9]T[0xffffffa9],[0x16]R[0xffffff9a]T[0xffffffa9]I.$dL|[0xffffffbf]L[0xffffff8f][0xfffffff3][0xfffffff9]z[0xffffffdb][0xffffff9f]N[0xffffffd3]1C[0x15][0xffffff81]nv[0xffffff9d][0xffffffcf][0xffffff89][0xffffff91][0x11]K[0x18][0xffffffa8][0xffffff90][0xffffffc3]7"b[0xffffff9d][0xffffffc4][0xffffffdb].[0xffffffef][0xffffff87][0xfffffff6][0x11]?,[0xffffffa3]C6[0x15][0x15][0x1d][0xffffffdc]i[0xffffff9f][0xffffffcf][0x8][0xfffffff6]gtec[0xffffffbd]~[0xfffffff8][0x7][0x18]<[0xfffffffe][0xffffff8d]h[0x13][0x0][0x0]"
11:48:19.800 [main] DEBUG org.apache.hc.client5.http.impl.classic.InternalHttpClient -- ep-0000000014 releasing valid endpoint
11:48:19.800 [main] DEBUG org.apache.hc.client5.http.impl.io.PoolingHttpClientConnectionManager -- ep-0000000014 releasing endpoint
11:48:19.800 [main] DEBUG org.apache.hc.client5.http.impl.io.PoolingHttpClientConnectionManager -- ep-0000000014 connection http-outgoing-8 can be kept alive for 3 MINUTES
11:48:19.800 [main] DEBUG org.apache.hc.client5.http.impl.io.PoolingHttpClientConnectionManager -- ep-0000000014 connection released [route: {s}->https://raw.githubusercontent.com:443][total available: 2; route allocated: 1 of 5; total allocated: 3 of 25]
11:48:19.800 [main] DEBUG io.github.bonigarcia.wdm.versions.VersionDetector -- Driver for chrome121 not found in online properties (using local versions.properties)
11:48:19.801 [main] DEBUG io.github.bonigarcia.wdm.WebDriverManager -- The driver version for CHROME 121 is unknown ... trying with latest
11:48:19.804 [main] DEBUG org.apache.hc.client5.http.impl.classic.InternalHttpClient -- ex-0000000015 preparing request execution
11:48:19.805 [main] DEBUG org.apache.hc.client5.http.impl.classic.ProtocolExec -- ex-0000000015 target auth state: UNCHALLENGED
11:48:19.805 [main] DEBUG org.apache.hc.client5.http.impl.classic.ProtocolExec -- ex-0000000015 proxy auth state: UNCHALLENGED
11:48:19.805 [main] DEBUG org.apache.hc.client5.http.impl.classic.ConnectExec -- ex-0000000015 acquiring connection with route {s}->https://googlechromelabs.github.io:443
11:48:19.805 [main] DEBUG org.apache.hc.client5.http.impl.classic.InternalHttpClient -- ex-0000000015 acquiring endpoint (3 MINUTES)
11:48:19.805 [main] DEBUG org.apache.hc.client5.http.impl.io.PoolingHttpClientConnectionManager -- ex-0000000015 endpoint lease request (3 MINUTES) [route: {s}->https://googlechromelabs.github.io:443][total available: 2; route allocated: 1 of 5; total allocated: 3 of 25]
11:48:19.805 [main] DEBUG org.apache.hc.client5.http.impl.io.PoolingHttpClientConnectionManager -- ex-0000000015 endpoint leased [route: {s}->https://googlechromelabs.github.io:443][total available: 1; route allocated: 1 of 5; total allocated: 3 of 25]
11:48:19.805 [main] DEBUG org.apache.hc.client5.http.impl.io.PoolingHttpClientConnectionManager -- ex-0000000015 acquired ep-0000000015
11:48:19.805 [main] DEBUG org.apache.hc.client5.http.impl.classic.InternalHttpClient -- ex-0000000015 acquired endpoint ep-0000000015
11:48:19.805 [main] DEBUG org.apache.hc.client5.http.impl.classic.MainClientExec -- ex-0000000015 executing GET /chrome-for-testing/last-known-good-versions-with-downloads.json HTTP/1.1
11:48:19.805 [main] DEBUG org.apache.hc.client5.http.protocol.RequestAddCookies -- ex-0000000015 Cookie spec selected: strict
11:48:19.805 [main] DEBUG org.apache.hc.client5.http.impl.classic.InternalHttpClient -- ep-0000000015 start execution ex-0000000015
11:48:19.805 [main] DEBUG org.apache.hc.client5.http.impl.io.PoolingHttpClientConnectionManager -- ep-0000000015 executing exchange ex-0000000015 over http-outgoing-6
11:48:19.805 [main] DEBUG org.apache.hc.client5.http.headers -- http-outgoing-6 >> GET /chrome-for-testing/last-known-good-versions-with-downloads.json HTTP/1.1
11:48:19.805 [main] DEBUG org.apache.hc.client5.http.headers -- http-outgoing-6 >> user-agent: Apache-HttpClient/5.0
11:48:19.805 [main] DEBUG org.apache.hc.client5.http.headers -- http-outgoing-6 >> accept-encoding: gzip, deflate, br
11:48:19.805 [main] DEBUG org.apache.hc.client5.http.headers -- http-outgoing-6 >> cache-control: max-age=0
11:48:19.805 [main] DEBUG org.apache.hc.client5.http.headers -- http-outgoing-6 >> connection: keep-alive
11:48:19.805 [main] DEBUG org.apache.hc.client5.http.headers -- http-outgoing-6 >> Host: googlechromelabs.github.io
11:48:19.805 [main] DEBUG org.apache.hc.client5.http.wire -- http-outgoing-6 >> "GET /chrome-for-testing/last-known-good-versions-with-downloads.json HTTP/1.1[\r][\n]"
11:48:19.805 [main] DEBUG org.apache.hc.client5.http.wire -- http-outgoing-6 >> "user-agent: Apache-HttpClient/5.0[\r][\n]"
11:48:19.805 [main] DEBUG org.apache.hc.client5.http.wire -- http-outgoing-6 >> "accept-encoding: gzip, deflate, br[\r][\n]"
11:48:19.805 [main] DEBUG org.apache.hc.client5.http.wire -- http-outgoing-6 >> "cache-control: max-age=0[\r][\n]"
11:48:19.805 [main] DEBUG org.apache.hc.client5.http.wire -- http-outgoing-6 >> "connection: keep-alive[\r][\n]"
11:48:19.805 [main] DEBUG org.apache.hc.client5.http.wire -- http-outgoing-6 >> "Host: googlechromelabs.github.io[\r][\n]"
11:48:19.805 [main] DEBUG org.apache.hc.client5.http.wire -- http-outgoing-6 >> "[\r][\n]"
11:48:19.980 [main] DEBUG org.apache.hc.client5.http.wire -- http-outgoing-6 << "HTTP/1.1 200 OK[\r][\n]"
11:48:19.980 [main] DEBUG org.apache.hc.client5.http.wire -- http-outgoing-6 << "Connection: keep-alive[\r][\n]"
11:48:19.981 [main] DEBUG org.apache.hc.client5.http.wire -- http-outgoing-6 << "Content-Length: 640[\r][\n]"
11:48:19.981 [main] DEBUG org.apache.hc.client5.http.wire -- http-outgoing-6 << "Server: GitHub.com[\r][\n]"
11:48:19.981 [main] DEBUG org.apache.hc.client5.http.wire -- http-outgoing-6 << "Content-Type: application/json; charset=utf-8[\r][\n]"
11:48:19.981 [main] DEBUG org.apache.hc.client5.http.wire -- http-outgoing-6 << "permissions-policy: interest-cohort=()[\r][\n]"
11:48:19.981 [main] DEBUG org.apache.hc.client5.http.wire -- http-outgoing-6 << "x-origin-cache: HIT[\r][\n]"
11:48:19.981 [main] DEBUG org.apache.hc.client5.http.wire -- http-outgoing-6 << "Last-Modified: Mon, 12 Feb 2024 04:09:36 GMT[\r][\n]"
11:48:19.981 [main] DEBUG org.apache.hc.client5.http.wire -- http-outgoing-6 << "Access-Control-Allow-Origin: *[\r][\n]"
11:48:19.981 [main] DEBUG org.apache.hc.client5.http.wire -- http-outgoing-6 << "Strict-Transport-Security: max-age=31556952[\r][\n]"
11:48:19.981 [main] DEBUG org.apache.hc.client5.http.wire -- http-outgoing-6 << "ETag: W/"65c99a00-229c"[\r][\n]"
11:48:19.981 [main] DEBUG org.apache.hc.client5.http.wire -- http-outgoing-6 << "expires: Mon, 12 Feb 2024 04:21:25 GMT[\r][\n]"
11:48:19.981 [main] DEBUG org.apache.hc.client5.http.wire -- http-outgoing-6 << "Cache-Control: max-age=600[\r][\n]"
11:48:19.981 [main] DEBUG org.apache.hc.client5.http.wire -- http-outgoing-6 << "Content-Encoding: gzip[\r][\n]"
11:48:19.981 [main] DEBUG org.apache.hc.client5.http.wire -- http-outgoing-6 << "x-proxy-cache: HIT[\r][\n]"
11:48:19.981 [main] DEBUG org.apache.hc.client5.http.wire -- http-outgoing-6 << "X-GitHub-Request-Id: 7E68:202855:5C382C1:5E35C94:65C99AB6[\r][\n]"
11:48:19.981 [main] DEBUG org.apache.hc.client5.http.wire -- http-outgoing-6 << "Accept-Ranges: bytes[\r][\n]"
11:48:19.981 [main] DEBUG org.apache.hc.client5.http.wire -- http-outgoing-6 << "Date: Mon, 12 Feb 2024 04:48:19 GMT[\r][\n]"
11:48:19.981 [main] DEBUG org.apache.hc.client5.http.wire -- http-outgoing-6 << "Via: 1.1 varnish[\r][\n]"
11:48:19.981 [main] DEBUG org.apache.hc.client5.http.wire -- http-outgoing-6 << "Age: 275[\r][\n]"
11:48:19.981 [main] DEBUG org.apache.hc.client5.http.wire -- http-outgoing-6 << "X-Served-By: cache-fra-eddf8230078-FRA[\r][\n]"
11:48:19.981 [main] DEBUG org.apache.hc.client5.http.wire -- http-outgoing-6 << "X-Cache: HIT[\r][\n]"
11:48:19.981 [main] DEBUG org.apache.hc.client5.http.wire -- http-outgoing-6 << "X-Cache-Hits: 2[\r][\n]"
11:48:19.981 [main] DEBUG org.apache.hc.client5.http.wire -- http-outgoing-6 << "X-Timer: S1707713300.967424,VS0,VE0[\r][\n]"
11:48:19.981 [main] DEBUG org.apache.hc.client5.http.wire -- http-outgoing-6 << "Vary: Accept-Encoding[\r][\n]"
11:48:19.981 [main] DEBUG org.apache.hc.client5.http.wire -- http-outgoing-6 << "X-Fastly-Request-ID: 2e68964894c6d0e473b1225649196d4300418e18[\r][\n]"
11:48:19.981 [main] DEBUG org.apache.hc.client5.http.wire -- http-outgoing-6 << "[\r][\n]"
11:48:19.981 [main] DEBUG org.apache.hc.client5.http.headers -- http-outgoing-6 << HTTP/1.1 200 OK
11:48:19.981 [main] DEBUG org.apache.hc.client5.http.headers -- http-outgoing-6 << Connection: keep-alive
11:48:19.981 [main] DEBUG org.apache.hc.client5.http.headers -- http-outgoing-6 << Content-Length: 640
11:48:19.981 [main] DEBUG org.apache.hc.client5.http.headers -- http-outgoing-6 << Server: GitHub.com
11:48:19.981 [main] DEBUG org.apache.hc.client5.http.headers -- http-outgoing-6 << Content-Type: application/json; charset=utf-8
11:48:19.982 [main] DEBUG org.apache.hc.client5.http.headers -- http-outgoing-6 << permissions-policy: interest-cohort=()
11:48:19.982 [main] DEBUG org.apache.hc.client5.http.headers -- http-outgoing-6 << x-origin-cache: HIT
11:48:19.982 [main] DEBUG org.apache.hc.client5.http.headers -- http-outgoing-6 << Last-Modified: Mon, 12 Feb 2024 04:09:36 GMT
11:48:19.982 [main] DEBUG org.apache.hc.client5.http.headers -- http-outgoing-6 << Access-Control-Allow-Origin: *
11:48:19.982 [main] DEBUG org.apache.hc.client5.http.headers -- http-outgoing-6 << Strict-Transport-Security: max-age=31556952
11:48:19.982 [main] DEBUG org.apache.hc.client5.http.headers -- http-outgoing-6 << ETag: W/"65c99a00-229c"
11:48:19.982 [main] DEBUG org.apache.hc.client5.http.headers -- http-outgoing-6 << expires: Mon, 12 Feb 2024 04:21:25 GMT
11:48:19.982 [main] DEBUG org.apache.hc.client5.http.headers -- http-outgoing-6 << Cache-Control: max-age=600
11:48:19.982 [main] DEBUG org.apache.hc.client5.http.headers -- http-outgoing-6 << Content-Encoding: gzip
11:48:19.982 [main] DEBUG org.apache.hc.client5.http.headers -- http-outgoing-6 << x-proxy-cache: HIT
11:48:19.982 [main] DEBUG org.apache.hc.client5.http.headers -- http-outgoing-6 << X-GitHub-Request-Id: 7E68:202855:5C382C1:5E35C94:65C99AB6
11:48:19.982 [main] DEBUG org.apache.hc.client5.http.headers -- http-outgoing-6 << Accept-Ranges: bytes
11:48:19.982 [main] DEBUG org.apache.hc.client5.http.headers -- http-outgoing-6 << Date: Mon, 12 Feb 2024 04:48:19 GMT
11:48:19.982 [main] DEBUG org.apache.hc.client5.http.headers -- http-outgoing-6 << Via: 1.1 varnish
11:48:19.982 [main] DEBUG org.apache.hc.client5.http.headers -- http-outgoing-6 << Age: 275
11:48:19.982 [main] DEBUG org.apache.hc.client5.http.headers -- http-outgoing-6 << X-Served-By: cache-fra-eddf8230078-FRA
11:48:19.982 [main] DEBUG org.apache.hc.client5.http.headers -- http-outgoing-6 << X-Cache: HIT
11:48:19.982 [main] DEBUG org.apache.hc.client5.http.headers -- http-outgoing-6 << X-Cache-Hits: 2
11:48:19.982 [main] DEBUG org.apache.hc.client5.http.headers -- http-outgoing-6 << X-Timer: S1707713300.967424,VS0,VE0
11:48:19.982 [main] DEBUG org.apache.hc.client5.http.headers -- http-outgoing-6 << Vary: Accept-Encoding
11:48:19.982 [main] DEBUG org.apache.hc.client5.http.headers -- http-outgoing-6 << X-Fastly-Request-ID: 2e68964894c6d0e473b1225649196d4300418e18
11:48:19.982 [main] DEBUG org.apache.hc.client5.http.impl.classic.MainClientExec -- ex-0000000015 connection can be kept alive for 3 MINUTES
11:48:19.983 [main] DEBUG org.apache.hc.client5.http.wire -- http-outgoing-6 << "[0x1f][0xffffff8b][0x8][0x0][0x0][0x0][0x0][0x0][0x0][0x3][0xffffffcd][0xffffff96][0xffffffcb][0xffffff8e][0xffffff9b]0[0x14][0xffffff86][0xfffffff7]}[0xc][0xffffffaf][0xffffffc1]`[0x8][0xffffffe4][0xffffffb2][0xffffff9c][0xffffff99]7hWSu[0xffffffe1][0x6]7A2[0x10][0xffffff81]'[0xffffffd3]N[0xffffffc4][0xffffffbb][0xffffffd7][0x10][0xffffffc3]p[0xffffffb1][0xffffff99]U|[0xffffff90]"%[0x1c][0xffffff9c]s~[0xffffffd0][0xffffffa7][0xffffffa3][0xffffffef][0xffffff86]D[0xffffff9a][0xffffffb1]J[0xffffffd0][0xffffffec][0xffffff82][0xe]([0xfffffff0][0xffffff83][0xffffff8d][0xffffffeb][0x7].!?[0x2]r[0xfffffff0][0xfffffff7][0xfffffff2][0xffffff83]}B^[0xffffff91][0xffffff83][0xffffff8e]g[0xffffff9a][0xffffffe7][0xffffff8c]W[0xffffffe8]pC[0xffffffdf][0x5][0xfffffffd][0xffffffcd]Y[0xfffffff3]KU[0xffffffe5]_U[0xffffffcd]AWVVi[0xffffff91][0xffffffcb][0x12][0x9][0x8][0xfffffff6]qL[0xffffffe2]-[0xffffffde]E[0xfffffff2]N[0xffffffc9][0xffffffae]i[0x7f]+[0xc][0xffffff89][0xffffffbf][0xffffff95][0xffffffc5][0xffffffa4]x[0xffffffcf]yA[0xffffff93][0xffffffea][0xffffffde][0xffffffae],2[0xffffffd9][0xfffffff8][0xffffffe7][\r]]8[0x15][0x7f][0xffffff8a]2[0xffffff93][0xffffff87]y[0xffffff9a][0xffffffbf][0xfffffffd][0xffffff8d]7[0xfffffff2][0xfffffff0][[0xffffffd9][0xffffff8c]:[0xb]q[0xffffffa9][0xe][0xffffff9e][0xffffffc7][0xffffff92][0x13]K8[0xffffffce][0x18]>][0x5][0xffffffc1][0xffffffc7]"S%[0xffffffef][0xffffffde]G}[0xffffffb9][0xffffffb2][0xffffff8d]+[0xffffffe4]3[0xffffffa6][0xfffffff9][0xffffffc9][0x1b]e[0xfffffff2]T[0xffffffe7][0xffffffee][0xffffffa0][0xffffffba][0xffffffc4][0x1f][0xffffffe9][0x5][0xffffffd5][0xffffffce](CF[0xffffff8f].-[0xffffffb3][0xffffff87][0xffffffa4][0xffffffe8]{wG[0xfffffffb][0xffffff82])[0xffffffc9]c[0xffffffde][0xffffff86][0xffffffea]<Lax[0x1b][0xffffffef]i[0x1e][0x6][0xf]H[0xffffffd0][0xfffffff6][0xffffffed][0xffffff8e][0xffffffb5][0x17][0xffffff86][0xffffffe9][0xf]y[0xfffffffe][0xffffffb6][0xffffffef]`z[0xfffffff7][0xffffffec][0xffffffbf][0x1c][0x5]fR[0xffffffa6][0xffffff92]n(<[0xffffffef][0xffffffd3][0xffffffd7][0x2][0xffffffa9]J[0xffffffb3][\n]"
11:48:19.983 [main] DEBUG org.apache.hc.client5.http.wire -- http-outgoing-6 << "T[0x7]Y[0x0][0xffffff81]U)@[0xffffffb1][0xfffffffd][0xffffffcc]0[0xffffff83][0xffffffd7]=3[0xffffff9a]pVUnuf[0xffffff9c]CQ<[0xffffff89][0xffffffb1][0x16][0xffffff9c][0xffffffa7][0xffffffb1]V[0xffffffc1][0xffffffb5].[0x14] [0xffffffe0][0xffffffd3]8[0xffffffa0][0xffffffa4]k[0xffffffc2][0xfffffff4][0xffffffc8][0xffffffd7][0xffffffb5][0xffffff83][0xffffff9e][0xffffff98][0xffffffa0]cCi+c?[0x9][0xffffff9a][0xffffffe6]ALp[0xffffffb0][0xffffff9f][0xfffffffa]I[0xffffffe4]G;[0x1f][0xffffffc2]O[0x6][0xffffff99][0x0][0xfffffffd]d[0xffffff98][0x2][0xffffffd2]O[0xffffffa6]9[0xffffffec][0xfffffffb][0xffffffc9]0[0xffffff81]}?[0xffffff99]L[0xffffff87][0xfffffff7][0x13]3[0xffffff9e][0xfffffff6][0xfffffffd]d[0x9]R[0xfffffffb]~bF[0xffffffd5][0xffffffae][0xffffff9f][0xffffff98][0xffffff80][0xffffffb5][0xffffffe9]'&l[0xffffffd7][0xffffffe2]'[0xb]K[0x16][0xffffffce]O[0x16]w.[0xffffff9c][0xffffff9f],[0xffffffac]`[0x18]?1nd[0x8]?1.[0xffffffe8]/[0xfffffffc][0xffffffe4][0xffffff85]][0xffffffc7]z[0xffffffd2][0x14][0xffffffc6]v[0x12][0xffffffb6][0xffffffad]w1[0xfffffff6]gr[0xffffffb2]%[0xffffff9b][0x10]BN>#[0x1][0xffffffba][0xffffffc9] [0x4][0xffffffa4][0xffffff9a]Lb[0xffffffd8]7[0xffffff93]A[0x0][0xfffffffb]b2[0x1e][0xe][0xffffffef]%F2[0xffffffed]k[0xffffffc9][0x2][0xffffff9f][0xfffffff6][0xffffffad][0xffffffc4]H[0xffffffa9]])1[0xffffffb0]j[0xffffffd3]I[0xc][0xffffffc4][0xffffffae]EI[0xffffffcc][0xffffffab][0x15][0xffffffce]H[0xffffff96]6-[0xffffff9c][0xffffff90][0xffffff98][0x17]/[0xffffff8c][0xffffff8f][0xffffff98][0xfffffff6]0[0xffffff84][0xffffff8e][0xffffff98][0xffffffd6][0xfffffff2][0x17]6[0xfffffff2]LsZ[0xfffffffe][0x1b][0xb][0xffffff89][0xffffffaa][0xffffffe9][0xffffff9c]d[0x1f]i[0xffffff9c]d[0xffffffb7][0xffffff8f][0x8][0xffffff9c][0xffffff93]4[0xffffff91][0xffffffc0][0xffffff9d][0xffffffa4][\r][0x1][0xffffffef]$}[0xc]('i[0x3]@9I7|-N[0xffffffa2]![0x13][0xffffffca]I[0xffffffb4]|B9[0xffffff89][0xffffff86]R[0x8]'[0xffffff99][0xffffffb1]j[0xffffffdf]If[0xffffffc4][0xffffffae][0xffffffcb]It[0xffffffab][0x15][0xffffffda]I[0xfffffff4][0xffffff9b][0x16][0xffffffda]It[0xffffff8b][0x17][0xffffffd2]I[0xffffffe6]{[0x18][0xffffffce]I[0xffffffe6]ky[0xffffffd1]I[0xffffffea][0xfffffffa][0xffffffdb][0x7f][0xffffffd5][0xffffffa2][0xffffff9a]W[0xffffff9c]"[0x0][0x0]"
11:48:19.985 [main] DEBUG org.apache.hc.client5.http.impl.classic.InternalHttpClient -- ep-0000000015 releasing valid endpoint
11:48:19.985 [main] DEBUG org.apache.hc.client5.http.impl.io.PoolingHttpClientConnectionManager -- ep-0000000015 releasing endpoint
11:48:19.986 [main] DEBUG org.apache.hc.client5.http.impl.io.PoolingHttpClientConnectionManager -- ep-0000000015 connection http-outgoing-6 can be kept alive for 3 MINUTES
11:48:19.986 [main] DEBUG org.apache.hc.client5.http.impl.io.PoolingHttpClientConnectionManager -- ep-0000000015 connection released [route: {s}->https://googlechromelabs.github.io:443][total available: 2; route allocated: 1 of 5; total allocated: 3 of 25]
11:48:19.990 [main] DEBUG io.github.bonigarcia.wdm.WebDriverManager -- Driver to be downloaded chromedriver 121.0.6167.85
11:48:19.991 [main] DEBUG io.github.bonigarcia.wdm.cache.ResolutionCache -- Storing resolution chrome=121 in cache (valid until 12:48:19 12/02/2024 WIB)
11:48:19.992 [main] DEBUG io.github.bonigarcia.wdm.cache.ResolutionCache -- Storing resolution chrome121=121.0.6167.85 in cache (valid until 11:48:19 13/02/2024 WIB)
11:48:19.994 [main] INFO io.github.bonigarcia.wdm.WebDriverManager -- Exporting webdriver.chrome.driver as /Users/fizkiarditiakusuma/.cache/selenium/chromedriver/mac-arm64/121.0.6167.85/chromedriver
  &amp#27;[32mGiven &amp#27;[0m&amp#27;[32mPengguna telah membuka situs Kepabeanan&amp#27;[0m                                          &amp#27;[90m# step_definitions.login.penggunaTelahMembukaSitusKepabeanan()&amp#27;[0m
  &amp#27;[32mWhen &amp#27;[0m&amp#27;[32mPengguna memasukkan Nama Pengguna yang salah dan Kata Sandi yang salah di halaman&amp#27;[0m &amp#27;[90m# step_definitions.login.penggunaMemasukkanNamaPenggunaYangSalahDanKataSandiYangSalahDiHalaman()&amp#27;[0m
  &amp#27;[32mThen &amp#27;[0m&amp#27;[32mPengguna melihat pesan kesalahan &amp#27;[0m&amp#27;[32m&amp#27;[1m"Username tidak ditemukan atau tidak sesuai."&amp#27;[0m    &amp#27;[90m# step_definitions.login.penggunaMelihatPesanKesalahan(java.lang.String)&amp#27;[0m
]]></system-out>
  </testcase>
  <testcase name="LG 003 - Login dengan Username Benar tetapi Password Salah" classname="login" time="6.486">
    <system-out><![CDATA[
@login
Scenario: LG 003 - Login dengan Username Benar tetapi Password Salah                     &amp#27;[90m# features//login.feature:18&amp#27;[0m
11:48:25.930 [main] DEBUG io.github.bonigarcia.wdm.WebDriverManager -- Using WebDriverManager 5.6.3
11:48:25.935 [main] DEBUG io.github.bonigarcia.wdm.WebDriverManager -- Using URL built from repository pattern: https://edgedl.me.gvt1.com/edgedl/chrome/chrome-for-testing/121.0.6167.139/mac-arm64/chromedriver-mac-arm64.zip
11:48:25.936 [main] DEBUG org.apache.hc.client5.http.impl.classic.InternalHttpClient -- ex-0000000016 preparing request execution
11:48:25.936 [main] DEBUG org.apache.hc.client5.http.impl.classic.ProtocolExec -- ex-0000000016 target auth state: UNCHALLENGED
11:48:25.936 [main] DEBUG org.apache.hc.client5.http.impl.classic.ProtocolExec -- ex-0000000016 proxy auth state: UNCHALLENGED
11:48:25.936 [main] DEBUG org.apache.hc.client5.http.impl.classic.ConnectExec -- ex-0000000016 acquiring connection with route {s}->https://googlechromelabs.github.io:443
11:48:25.936 [main] DEBUG org.apache.hc.client5.http.impl.classic.InternalHttpClient -- ex-0000000016 acquiring endpoint (3 MINUTES)
11:48:25.936 [main] DEBUG org.apache.hc.client5.http.impl.io.PoolingHttpClientConnectionManager -- ex-0000000016 endpoint lease request (3 MINUTES) [route: {s}->https://googlechromelabs.github.io:443][total available: 0; route allocated: 0 of 5; total allocated: 0 of 25]
11:48:25.936 [main] DEBUG org.apache.hc.client5.http.impl.io.PoolingHttpClientConnectionManager -- ex-0000000016 endpoint leased [route: {s}->https://googlechromelabs.github.io:443][total available: 0; route allocated: 1 of 5; total allocated: 1 of 25]
11:48:25.936 [main] DEBUG org.apache.hc.client5.http.impl.io.PoolingHttpClientConnectionManager -- ex-0000000016 acquired ep-0000000016
11:48:25.936 [main] DEBUG org.apache.hc.client5.http.impl.classic.InternalHttpClient -- ex-0000000016 acquired endpoint ep-0000000016
11:48:25.936 [main] DEBUG org.apache.hc.client5.http.impl.classic.ConnectExec -- ex-0000000016 opening connection {s}->https://googlechromelabs.github.io:443
11:48:25.936 [main] DEBUG org.apache.hc.client5.http.impl.classic.InternalHttpClient -- ep-0000000016 connecting endpoint (null)
11:48:25.936 [main] DEBUG org.apache.hc.client5.http.impl.io.PoolingHttpClientConnectionManager -- ep-0000000016 connecting endpoint to https://googlechromelabs.github.io:443 (30 SECONDS)
11:48:25.936 [main] DEBUG org.apache.hc.client5.http.impl.io.DefaultHttpClientConnectionOperator -- googlechromelabs.github.io resolving remote address
11:48:25.937 [main] DEBUG org.apache.hc.client5.http.impl.io.DefaultHttpClientConnectionOperator -- googlechromelabs.github.io resolved to [googlechromelabs.github.io/185.199.108.153, googlechromelabs.github.io/185.199.111.153, googlechromelabs.github.io/185.199.109.153, googlechromelabs.github.io/185.199.110.153, googlechromelabs.github.io/2606:50c0:8000:0:0:0:0:153, googlechromelabs.github.io/2606:50c0:8001:0:0:0:0:153, googlechromelabs.github.io/2606:50c0:8002:0:0:0:0:153, googlechromelabs.github.io/2606:50c0:8003:0:0:0:0:153]
11:48:25.937 [main] DEBUG org.apache.hc.client5.http.impl.io.DefaultHttpClientConnectionOperator -- googlechromelabs.github.io:443 connecting null->googlechromelabs.github.io/185.199.108.153:443 (30 SECONDS)
11:48:25.937 [main] DEBUG org.apache.hc.client5.http.ssl.SSLConnectionSocketFactory -- Connecting socket to googlechromelabs.github.io/185.199.108.153:443 with timeout 30 SECONDS
11:48:26.108 [main] DEBUG org.apache.hc.client5.http.ssl.SSLConnectionSocketFactory -- Enabled protocols: [TLSv1.3, TLSv1.2]
11:48:26.108 [main] DEBUG org.apache.hc.client5.http.ssl.SSLConnectionSocketFactory -- Enabled cipher suites: [TLS_AES_256_GCM_SHA384, TLS_AES_128_GCM_SHA256, TLS_CHACHA20_POLY1305_SHA256, TLS_ECDHE_ECDSA_WITH_AES_256_GCM_SHA384, TLS_ECDHE_ECDSA_WITH_AES_128_GCM_SHA256, TLS_ECDHE_ECDSA_WITH_CHACHA20_POLY1305_SHA256, TLS_ECDHE_RSA_WITH_AES_256_GCM_SHA384, TLS_ECDHE_RSA_WITH_CHACHA20_POLY1305_SHA256, TLS_ECDHE_RSA_WITH_AES_128_GCM_SHA256, TLS_DHE_RSA_WITH_AES_256_GCM_SHA384, TLS_DHE_RSA_WITH_CHACHA20_POLY1305_SHA256, TLS_DHE_DSS_WITH_AES_256_GCM_SHA384, TLS_DHE_RSA_WITH_AES_128_GCM_SHA256, TLS_DHE_DSS_WITH_AES_128_GCM_SHA256, TLS_ECDHE_ECDSA_WITH_AES_256_CBC_SHA384, TLS_ECDHE_RSA_WITH_AES_256_CBC_SHA384, TLS_ECDHE_ECDSA_WITH_AES_128_CBC_SHA256, TLS_ECDHE_RSA_WITH_AES_128_CBC_SHA256, TLS_DHE_RSA_WITH_AES_256_CBC_SHA256, TLS_DHE_DSS_WITH_AES_256_CBC_SHA256, TLS_DHE_RSA_WITH_AES_128_CBC_SHA256, TLS_DHE_DSS_WITH_AES_128_CBC_SHA256, TLS_ECDH_ECDSA_WITH_AES_256_GCM_SHA384, TLS_ECDH_RSA_WITH_AES_256_GCM_SHA384, TLS_ECDH_ECDSA_WITH_AES_128_GCM_SHA256, TLS_ECDH_RSA_WITH_AES_128_GCM_SHA256, TLS_ECDH_ECDSA_WITH_AES_256_CBC_SHA384, TLS_ECDH_RSA_WITH_AES_256_CBC_SHA384, TLS_ECDH_ECDSA_WITH_AES_128_CBC_SHA256, TLS_ECDH_RSA_WITH_AES_128_CBC_SHA256, TLS_ECDHE_ECDSA_WITH_AES_256_CBC_SHA, TLS_ECDHE_RSA_WITH_AES_256_CBC_SHA, TLS_ECDHE_ECDSA_WITH_AES_128_CBC_SHA, TLS_ECDHE_RSA_WITH_AES_128_CBC_SHA, TLS_DHE_RSA_WITH_AES_256_CBC_SHA, TLS_DHE_DSS_WITH_AES_256_CBC_SHA, TLS_DHE_RSA_WITH_AES_128_CBC_SHA, TLS_DHE_DSS_WITH_AES_128_CBC_SHA, TLS_ECDH_ECDSA_WITH_AES_256_CBC_SHA, TLS_ECDH_RSA_WITH_AES_256_CBC_SHA, TLS_ECDH_ECDSA_WITH_AES_128_CBC_SHA, TLS_ECDH_RSA_WITH_AES_128_CBC_SHA, TLS_RSA_WITH_AES_256_GCM_SHA384, TLS_RSA_WITH_AES_128_GCM_SHA256, TLS_RSA_WITH_AES_256_CBC_SHA256, TLS_RSA_WITH_AES_128_CBC_SHA256, TLS_RSA_WITH_AES_256_CBC_SHA, TLS_RSA_WITH_AES_128_CBC_SHA, TLS_EMPTY_RENEGOTIATION_INFO_SCSV]
11:48:26.108 [main] DEBUG org.apache.hc.client5.http.ssl.SSLConnectionSocketFactory -- Starting handshake (null)
11:48:26.293 [main] DEBUG org.apache.hc.client5.http.ssl.SSLConnectionSocketFactory -- Secure session established
11:48:26.293 [main] DEBUG org.apache.hc.client5.http.ssl.SSLConnectionSocketFactory --  negotiated protocol: TLSv1.3
11:48:26.293 [main] DEBUG org.apache.hc.client5.http.ssl.SSLConnectionSocketFactory --  negotiated cipher suite: TLS_AES_128_GCM_SHA256
11:48:26.293 [main] DEBUG org.apache.hc.client5.http.ssl.SSLConnectionSocketFactory --  peer principal: CN=*.github.io, O="GitHub, Inc.", L=San Francisco, ST=California, C=US
11:48:26.293 [main] DEBUG org.apache.hc.client5.http.ssl.SSLConnectionSocketFactory --  peer alternative names: [*.github.io, github.io, *.github.com, github.com, www.github.com, *.githubusercontent.com, githubusercontent.com]
11:48:26.294 [main] DEBUG org.apache.hc.client5.http.ssl.SSLConnectionSocketFactory --  issuer principal: CN=DigiCert TLS RSA SHA256 2020 CA1, O=DigiCert Inc, C=US
11:48:26.294 [main] DEBUG org.apache.hc.client5.http.impl.io.DefaultManagedHttpClientConnection -- http-outgoing-9 set socket timeout to 3 MINUTES
11:48:26.294 [main] DEBUG org.apache.hc.client5.http.impl.io.DefaultHttpClientConnectionOperator -- googlechromelabs.github.io:443 connected null->googlechromelabs.github.io/185.199.108.153:443 as http-outgoing-9
11:48:26.294 [main] DEBUG org.apache.hc.client5.http.impl.io.PoolingHttpClientConnectionManager -- ep-0000000016 connected http-outgoing-9
11:48:26.294 [main] DEBUG org.apache.hc.client5.http.impl.classic.InternalHttpClient -- ep-0000000016 endpoint connected
11:48:26.294 [main] DEBUG org.apache.hc.client5.http.impl.classic.MainClientExec -- ex-0000000016 executing GET /chrome-for-testing/last-known-good-versions-with-downloads.json HTTP/1.1
11:48:26.294 [main] DEBUG org.apache.hc.client5.http.protocol.RequestAddCookies -- ex-0000000016 Cookie spec selected: strict
11:48:26.294 [main] DEBUG org.apache.hc.client5.http.impl.classic.InternalHttpClient -- ep-0000000016 start execution ex-0000000016
11:48:26.294 [main] DEBUG org.apache.hc.client5.http.impl.io.PoolingHttpClientConnectionManager -- ep-0000000016 executing exchange ex-0000000016 over http-outgoing-9
11:48:26.295 [main] DEBUG org.apache.hc.client5.http.headers -- http-outgoing-9 >> GET /chrome-for-testing/last-known-good-versions-with-downloads.json HTTP/1.1
11:48:26.295 [main] DEBUG org.apache.hc.client5.http.headers -- http-outgoing-9 >> user-agent: Apache-HttpClient/5.0
11:48:26.295 [main] DEBUG org.apache.hc.client5.http.headers -- http-outgoing-9 >> accept-encoding: gzip, deflate, br
11:48:26.295 [main] DEBUG org.apache.hc.client5.http.headers -- http-outgoing-9 >> cache-control: max-age=0
11:48:26.295 [main] DEBUG org.apache.hc.client5.http.headers -- http-outgoing-9 >> connection: keep-alive
11:48:26.295 [main] DEBUG org.apache.hc.client5.http.headers -- http-outgoing-9 >> Host: googlechromelabs.github.io
11:48:26.295 [main] DEBUG org.apache.hc.client5.http.wire -- http-outgoing-9 >> "GET /chrome-for-testing/last-known-good-versions-with-downloads.json HTTP/1.1[\r][\n]"
11:48:26.295 [main] DEBUG org.apache.hc.client5.http.wire -- http-outgoing-9 >> "user-agent: Apache-HttpClient/5.0[\r][\n]"
11:48:26.295 [main] DEBUG org.apache.hc.client5.http.wire -- http-outgoing-9 >> "accept-encoding: gzip, deflate, br[\r][\n]"
11:48:26.295 [main] DEBUG org.apache.hc.client5.http.wire -- http-outgoing-9 >> "cache-control: max-age=0[\r][\n]"
11:48:26.295 [main] DEBUG org.apache.hc.client5.http.wire -- http-outgoing-9 >> "connection: keep-alive[\r][\n]"
11:48:26.295 [main] DEBUG org.apache.hc.client5.http.wire -- http-outgoing-9 >> "Host: googlechromelabs.github.io[\r][\n]"
11:48:26.295 [main] DEBUG org.apache.hc.client5.http.wire -- http-outgoing-9 >> "[\r][\n]"
11:48:26.476 [main] DEBUG org.apache.hc.client5.http.wire -- http-outgoing-9 << "HTTP/1.1 200 OK[\r][\n]"
11:48:26.476 [main] DEBUG org.apache.hc.client5.http.wire -- http-outgoing-9 << "Connection: keep-alive[\r][\n]"
11:48:26.476 [main] DEBUG org.apache.hc.client5.http.wire -- http-outgoing-9 << "Content-Length: 640[\r][\n]"
11:48:26.476 [main] DEBUG org.apache.hc.client5.http.wire -- http-outgoing-9 << "Server: GitHub.com[\r][\n]"
11:48:26.476 [main] DEBUG org.apache.hc.client5.http.wire -- http-outgoing-9 << "Content-Type: application/json; charset=utf-8[\r][\n]"
11:48:26.476 [main] DEBUG org.apache.hc.client5.http.wire -- http-outgoing-9 << "permissions-policy: interest-cohort=()[\r][\n]"
11:48:26.476 [main] DEBUG org.apache.hc.client5.http.wire -- http-outgoing-9 << "x-origin-cache: HIT[\r][\n]"
11:48:26.476 [main] DEBUG org.apache.hc.client5.http.wire -- http-outgoing-9 << "Last-Modified: Mon, 12 Feb 2024 04:09:36 GMT[\r][\n]"
11:48:26.476 [main] DEBUG org.apache.hc.client5.http.wire -- http-outgoing-9 << "Access-Control-Allow-Origin: *[\r][\n]"
11:48:26.476 [main] DEBUG org.apache.hc.client5.http.wire -- http-outgoing-9 << "Strict-Transport-Security: max-age=31556952[\r][\n]"
11:48:26.476 [main] DEBUG org.apache.hc.client5.http.wire -- http-outgoing-9 << "ETag: W/"65c99a00-229c"[\r][\n]"
11:48:26.476 [main] DEBUG org.apache.hc.client5.http.wire -- http-outgoing-9 << "expires: Mon, 12 Feb 2024 04:21:25 GMT[\r][\n]"
11:48:26.476 [main] DEBUG org.apache.hc.client5.http.wire -- http-outgoing-9 << "Cache-Control: max-age=600[\r][\n]"
11:48:26.476 [main] DEBUG org.apache.hc.client5.http.wire -- http-outgoing-9 << "Content-Encoding: gzip[\r][\n]"
11:48:26.476 [main] DEBUG org.apache.hc.client5.http.wire -- http-outgoing-9 << "x-proxy-cache: HIT[\r][\n]"
11:48:26.476 [main] DEBUG org.apache.hc.client5.http.wire -- http-outgoing-9 << "X-GitHub-Request-Id: 7E68:202855:5C382C1:5E35C94:65C99AB6[\r][\n]"
11:48:26.476 [main] DEBUG org.apache.hc.client5.http.wire -- http-outgoing-9 << "Accept-Ranges: bytes[\r][\n]"
11:48:26.476 [main] DEBUG org.apache.hc.client5.http.wire -- http-outgoing-9 << "Date: Mon, 12 Feb 2024 04:48:26 GMT[\r][\n]"
11:48:26.476 [main] DEBUG org.apache.hc.client5.http.wire -- http-outgoing-9 << "Via: 1.1 varnish[\r][\n]"
11:48:26.476 [main] DEBUG org.apache.hc.client5.http.wire -- http-outgoing-9 << "Age: 282[\r][\n]"
11:48:26.476 [main] DEBUG org.apache.hc.client5.http.wire -- http-outgoing-9 << "X-Served-By: cache-fra-eddf8230134-FRA[\r][\n]"
11:48:26.476 [main] DEBUG org.apache.hc.client5.http.wire -- http-outgoing-9 << "X-Cache: HIT[\r][\n]"
11:48:26.476 [main] DEBUG org.apache.hc.client5.http.wire -- http-outgoing-9 << "X-Cache-Hits: 4[\r][\n]"
11:48:26.477 [main] DEBUG org.apache.hc.client5.http.wire -- http-outgoing-9 << "X-Timer: S1707713306.452820,VS0,VE0[\r][\n]"
11:48:26.477 [main] DEBUG org.apache.hc.client5.http.wire -- http-outgoing-9 << "Vary: Accept-Encoding[\r][\n]"
11:48:26.477 [main] DEBUG org.apache.hc.client5.http.wire -- http-outgoing-9 << "X-Fastly-Request-ID: c19f3c503757db711e71ebec8f9201ac751207c7[\r][\n]"
11:48:26.477 [main] DEBUG org.apache.hc.client5.http.wire -- http-outgoing-9 << "[\r][\n]"
11:48:26.477 [main] DEBUG org.apache.hc.client5.http.headers -- http-outgoing-9 << HTTP/1.1 200 OK
11:48:26.477 [main] DEBUG org.apache.hc.client5.http.headers -- http-outgoing-9 << Connection: keep-alive
11:48:26.477 [main] DEBUG org.apache.hc.client5.http.headers -- http-outgoing-9 << Content-Length: 640
11:48:26.477 [main] DEBUG org.apache.hc.client5.http.headers -- http-outgoing-9 << Server: GitHub.com
11:48:26.477 [main] DEBUG org.apache.hc.client5.http.headers -- http-outgoing-9 << Content-Type: application/json; charset=utf-8
11:48:26.477 [main] DEBUG org.apache.hc.client5.http.headers -- http-outgoing-9 << permissions-policy: interest-cohort=()
11:48:26.477 [main] DEBUG org.apache.hc.client5.http.headers -- http-outgoing-9 << x-origin-cache: HIT
11:48:26.477 [main] DEBUG org.apache.hc.client5.http.headers -- http-outgoing-9 << Last-Modified: Mon, 12 Feb 2024 04:09:36 GMT
11:48:26.477 [main] DEBUG org.apache.hc.client5.http.headers -- http-outgoing-9 << Access-Control-Allow-Origin: *
11:48:26.477 [main] DEBUG org.apache.hc.client5.http.headers -- http-outgoing-9 << Strict-Transport-Security: max-age=31556952
11:48:26.477 [main] DEBUG org.apache.hc.client5.http.headers -- http-outgoing-9 << ETag: W/"65c99a00-229c"
11:48:26.477 [main] DEBUG org.apache.hc.client5.http.headers -- http-outgoing-9 << expires: Mon, 12 Feb 2024 04:21:25 GMT
11:48:26.477 [main] DEBUG org.apache.hc.client5.http.headers -- http-outgoing-9 << Cache-Control: max-age=600
11:48:26.477 [main] DEBUG org.apache.hc.client5.http.headers -- http-outgoing-9 << Content-Encoding: gzip
11:48:26.477 [main] DEBUG org.apache.hc.client5.http.headers -- http-outgoing-9 << x-proxy-cache: HIT
11:48:26.477 [main] DEBUG org.apache.hc.client5.http.headers -- http-outgoing-9 << X-GitHub-Request-Id: 7E68:202855:5C382C1:5E35C94:65C99AB6
11:48:26.477 [main] DEBUG org.apache.hc.client5.http.headers -- http-outgoing-9 << Accept-Ranges: bytes
11:48:26.477 [main] DEBUG org.apache.hc.client5.http.headers -- http-outgoing-9 << Date: Mon, 12 Feb 2024 04:48:26 GMT
11:48:26.477 [main] DEBUG org.apache.hc.client5.http.headers -- http-outgoing-9 << Via: 1.1 varnish
11:48:26.477 [main] DEBUG org.apache.hc.client5.http.headers -- http-outgoing-9 << Age: 282
11:48:26.477 [main] DEBUG org.apache.hc.client5.http.headers -- http-outgoing-9 << X-Served-By: cache-fra-eddf8230134-FRA
11:48:26.477 [main] DEBUG org.apache.hc.client5.http.headers -- http-outgoing-9 << X-Cache: HIT
11:48:26.477 [main] DEBUG org.apache.hc.client5.http.headers -- http-outgoing-9 << X-Cache-Hits: 4
11:48:26.477 [main] DEBUG org.apache.hc.client5.http.headers -- http-outgoing-9 << X-Timer: S1707713306.452820,VS0,VE0
11:48:26.477 [main] DEBUG org.apache.hc.client5.http.headers -- http-outgoing-9 << Vary: Accept-Encoding
11:48:26.477 [main] DEBUG org.apache.hc.client5.http.headers -- http-outgoing-9 << X-Fastly-Request-ID: c19f3c503757db711e71ebec8f9201ac751207c7
11:48:26.478 [main] DEBUG org.apache.hc.client5.http.impl.classic.MainClientExec -- ex-0000000016 connection can be kept alive for 3 MINUTES
11:48:26.479 [main] DEBUG org.apache.hc.client5.http.wire -- http-outgoing-9 << "[0x1f][0xffffff8b][0x8][0x0][0x0][0x0][0x0][0x0][0x0][0x3][0xffffffcd][0xffffff96][0xffffffcb][0xffffff8e][0xffffff9b]0[0x14][0xffffff86][0xfffffff7]}[0xc][0xffffffaf][0xffffffc1]`[0x8][0xffffffe4][0xffffffb2][0xffffff9c][0xffffff99]7hWSu[0xffffffe1][0x6]7A2[0x10][0xffffff81]'[0xffffffd3]N[0xffffffc4][0xffffffbb][0xffffffd7][0x10][0xffffffc3]p[0xffffffb1][0xffffff99]U|[0xffffff90]"%[0x1c][0xffffff9c]s~[0xffffffd0][0xffffffa7][0xffffffa3][0xffffffef][0xffffff86]D[0xffffff9a][0xffffffb1]J[0xffffffd0][0xffffffec][0xffffff82][0xe]([0xfffffff0][0xffffff83][0xffffff8d][0xffffffeb][0x7].!?[0x2]r[0xfffffff0][0xfffffff7][0xfffffff2][0xffffff83]}B^[0xffffff91][0xffffff83][0xffffff8e]g[0xffffff9a][0xffffffe7][0xffffff8c]W[0xffffffe8]pC[0xffffffdf][0x5][0xfffffffd][0xffffffcd]Y[0xfffffff3]KU[0xffffffe5]_U[0xffffffcd]AWVVi[0xffffff91][0xffffffcb][0x12][0x9][0x8][0xfffffff6]qL[0xffffffe2]-[0xffffffde]E[0xfffffff2]N[0xffffffc9][0xffffffae]i[0x7f]+[0xc][0xffffff89][0xffffffbf][0xffffff95][0xffffffc5][0xffffffa4]x[0xffffffcf]yA[0xffffff93][0xffffffea][0xffffffde][0xffffffae],2[0xffffffd9][0xfffffff8][0xffffffe7][\r]]8[0x15][0x7f][0xffffff8a]2[0xffffff93][0xffffff87]y[0xffffff9a][0xffffffbf][0xfffffffd][0xffffff8d]7[0xfffffff2][0xfffffff0][[0xffffffd9][0xffffff8c]:[0xb]q[0xffffffa9][0xe][0xffffff9e][0xffffffc7][0xffffff92][0x13]K8[0xffffffce][0x18]>][0x5][0xffffffc1][0xffffffc7]"S%[0xffffffef][0xffffffde]G}[0xffffffb9][0xffffffb2][0xffffff8d]+[0xffffffe4]3[0xffffffa6][0xfffffff9][0xffffffc9][0x1b]e[0xfffffff2]T[0xffffffe7][0xffffffee][0xffffffa0][0xffffffba][0xffffffc4][0x1f][0xffffffe9][0x5][0xffffffd5][0xffffffce](CF[0xffffff8f].-[0xffffffb3][0xffffff87][0xffffffa4][0xffffffe8]{wG[0xfffffffb][0xffffff82])[0xffffffc9]c[0xffffffde][0xffffff86][0xffffffea]<Lax[0x1b][0xffffffef]i[0x1e][0x6][0xf]H[0xffffffd0][0xfffffff6][0xffffffed][0xffffff8e][0xffffffb5][0x17][0xffffff86][0xffffffe9][0xf]y[0xfffffffe][0xffffffb6][0xffffffef]`z[0xfffffff7][0xffffffec][0xffffffbf][0x1c][0x5]fR[0xffffffa6][0xffffff92]n(<[0xffffffef][0xffffffd3][0xffffffd7][0x2][0xffffffa9]J[0xffffffb3][\n]"
11:48:26.479 [main] DEBUG org.apache.hc.client5.http.wire -- http-outgoing-9 << "T[0x7]Y[0x0][0xffffff81]U)@[0xffffffb1][0xfffffffd][0xffffffcc]0[0xffffff83][0xffffffd7]=3[0xffffff9a]pVUnuf[0xffffff9c]CQ<[0xffffff89][0xffffffb1][0x16][0xffffff9c][0xffffffa7][0xffffffb1]V[0xffffffc1][0xffffffb5].[0x14] [0xffffffe0][0xffffffd3]8[0xffffffa0][0xffffffa4]k[0xffffffc2][0xfffffff4][0xffffffc8][0xffffffd7][0xffffffb5][0xffffff83][0xffffff9e][0xffffff98][0xffffffa0]cCi+c?[0x9][0xffffff9a][0xffffffe6]ALp[0xffffffb0][0xffffff9f][0xfffffffa]I[0xffffffe4]G;[0x1f][0xffffffc2]O[0x6][0xffffff99][0x0][0xfffffffd]d[0xffffff98][0x2][0xffffffd2]O[0xffffffa6]9[0xffffffec][0xfffffffb][0xffffffc9]0[0xffffff81]}?[0xffffff99]L[0xffffff87][0xfffffff7][0x13]3[0xffffff9e][0xfffffff6][0xfffffffd]d[0x9]R[0xfffffffb]~bF[0xffffffd5][0xffffffae][0xffffff9f][0xffffff98][0xffffff80][0xffffffb5][0xffffffe9]'&l[0xffffffd7][0xffffffe2]'[0xb]K[0x16][0xffffffce]O[0x16]w.[0xffffff9c][0xffffff9f],[0xffffffac]`[0x18]?1nd[0x8]?1.[0xffffffe8]/[0xfffffffc][0xffffffe4][0xffffff85]][0xffffffc7]z[0xffffffd2][0x14][0xffffffc6]v[0x12][0xffffffb6][0xffffffad]w1[0xfffffff6]gr[0xffffffb2]%[0xffffff9b][0x10]BN>#[0x1][0xffffffba][0xffffffc9] [0x4][0xffffffa4][0xffffff9a]Lb[0xffffffd8]7[0xffffff93]A[0x0][0xfffffffb]b2[0x1e][0xe][0xffffffef]%F2[0xffffffed]k[0xffffffc9][0x2][0xffffff9f][0xfffffff6][0xffffffad][0xffffffc4]H[0xffffffa9]])1[0xffffffb0]j[0xffffffd3]I[0xc][0xffffffc4][0xffffffae]EI[0xffffffcc][0xffffffab][0x15][0xffffffce]H[0xffffff96]6-[0xffffff9c][0xffffff90][0xffffff98][0x17]/[0xffffff8c][0xffffff8f][0xffffff98][0xfffffff6]0[0xffffff84][0xffffff8e][0xffffff98][0xffffffd6][0xfffffff2][0x17]6[0xfffffff2]LsZ[0xfffffffe][0x1b][0xb][0xffffff89][0xffffffaa][0xffffffe9][0xffffff9c]d[0x1f]i[0xffffff9c]d[0xffffffb7][0xffffff8f][0x8][0xffffff9c][0xffffff93]4[0xffffff91][0xffffffc0][0xffffff9d][0xffffffa4][\r][0x1][0xffffffef]$}[0xc]('i[0x3]@9I7|-N[0xffffffa2]![0x13][0xffffffca]I[0xffffffb4]|B9[0xffffff89][0xffffff86]R[0x8]'[0xffffff99][0xffffffb1]j[0xffffffdf]If[0xffffffc4][0xffffffae][0xffffffcb]It[0xffffffab][0x15][0xffffffda]I[0xfffffff4][0xffffff9b][0x16][0xffffffda]It[0xffffff8b][0x17][0xffffffd2]I[0xffffffe6]{[0x18][0xffffffce]I[0xffffffe6]ky[0xffffffd1]I[0xffffffea][0xfffffffa][0xffffffdb][0x7f][0xffffffd5][0xffffffa2][0xffffff9a]W[0xffffff9c]"[0x0][0x0]"
11:48:26.481 [main] DEBUG org.apache.hc.client5.http.impl.classic.InternalHttpClient -- ep-0000000016 releasing valid endpoint
11:48:26.481 [main] DEBUG org.apache.hc.client5.http.impl.io.PoolingHttpClientConnectionManager -- ep-0000000016 releasing endpoint
11:48:26.482 [main] DEBUG org.apache.hc.client5.http.impl.io.PoolingHttpClientConnectionManager -- ep-0000000016 connection http-outgoing-9 can be kept alive for 3 MINUTES
11:48:26.482 [main] DEBUG org.apache.hc.client5.http.impl.io.PoolingHttpClientConnectionManager -- ep-0000000016 connection released [route: {s}->https://googlechromelabs.github.io:443][total available: 1; route allocated: 1 of 5; total allocated: 1 of 25]
11:48:26.482 [main] DEBUG io.github.bonigarcia.wdm.WebDriverManager -- Driver to be downloaded chromedriver 121.0.6167.139
11:48:26.483 [main] DEBUG io.github.bonigarcia.wdm.WebDriverManager -- Using URL built from repository pattern: https://edgedl.me.gvt1.com/edgedl/chrome/chrome-for-testing/121.0.6167.139/mac-arm64/chromedriver-mac-arm64.zip
11:48:26.484 [main] INFO io.github.bonigarcia.wdm.online.Downloader -- Downloading https://edgedl.me.gvt1.com/edgedl/chrome/chrome-for-testing/121.0.6167.139/mac-arm64/chromedriver-mac-arm64.zip
11:48:26.484 [main] DEBUG org.apache.hc.client5.http.impl.classic.InternalHttpClient -- ex-0000000017 preparing request execution
11:48:26.485 [main] DEBUG org.apache.hc.client5.http.impl.classic.ProtocolExec -- ex-0000000017 target auth state: UNCHALLENGED
11:48:26.485 [main] DEBUG org.apache.hc.client5.http.impl.classic.ProtocolExec -- ex-0000000017 proxy auth state: UNCHALLENGED
11:48:26.485 [main] DEBUG org.apache.hc.client5.http.impl.classic.ConnectExec -- ex-0000000017 acquiring connection with route {s}->https://edgedl.me.gvt1.com:443
11:48:26.485 [main] DEBUG org.apache.hc.client5.http.impl.classic.InternalHttpClient -- ex-0000000017 acquiring endpoint (3 MINUTES)
11:48:26.485 [main] DEBUG org.apache.hc.client5.http.impl.io.PoolingHttpClientConnectionManager -- ex-0000000017 endpoint lease request (3 MINUTES) [route: {s}->https://edgedl.me.gvt1.com:443][total available: 1; route allocated: 0 of 5; total allocated: 1 of 25]
11:48:26.485 [main] DEBUG org.apache.hc.client5.http.impl.io.PoolingHttpClientConnectionManager -- ex-0000000017 endpoint leased [route: {s}->https://edgedl.me.gvt1.com:443][total available: 1; route allocated: 1 of 5; total allocated: 2 of 25]
11:48:26.485 [main] DEBUG org.apache.hc.client5.http.impl.io.PoolingHttpClientConnectionManager -- ex-0000000017 acquired ep-0000000017
11:48:26.485 [main] DEBUG org.apache.hc.client5.http.impl.classic.InternalHttpClient -- ex-0000000017 acquired endpoint ep-0000000017
11:48:26.485 [main] DEBUG org.apache.hc.client5.http.impl.classic.ConnectExec -- ex-0000000017 opening connection {s}->https://edgedl.me.gvt1.com:443
11:48:26.485 [main] DEBUG org.apache.hc.client5.http.impl.classic.InternalHttpClient -- ep-0000000017 connecting endpoint (null)
11:48:26.485 [main] DEBUG org.apache.hc.client5.http.impl.io.PoolingHttpClientConnectionManager -- ep-0000000017 connecting endpoint to https://edgedl.me.gvt1.com:443 (30 SECONDS)
11:48:26.485 [main] DEBUG org.apache.hc.client5.http.impl.io.DefaultHttpClientConnectionOperator -- edgedl.me.gvt1.com resolving remote address
11:48:26.487 [main] DEBUG org.apache.hc.client5.http.impl.io.DefaultHttpClientConnectionOperator -- edgedl.me.gvt1.com resolved to [edgedl.me.gvt1.com/34.104.35.123, edgedl.me.gvt1.com/2600:1900:4110:86f:0:0:0:0]
11:48:26.487 [main] DEBUG org.apache.hc.client5.http.impl.io.DefaultHttpClientConnectionOperator -- edgedl.me.gvt1.com:443 connecting null->edgedl.me.gvt1.com/34.104.35.123:443 (30 SECONDS)
11:48:26.487 [main] DEBUG org.apache.hc.client5.http.ssl.SSLConnectionSocketFactory -- Connecting socket to edgedl.me.gvt1.com/34.104.35.123:443 with timeout 30 SECONDS
11:48:26.514 [main] DEBUG org.apache.hc.client5.http.ssl.SSLConnectionSocketFactory -- Enabled protocols: [TLSv1.3, TLSv1.2]
11:48:26.514 [main] DEBUG org.apache.hc.client5.http.ssl.SSLConnectionSocketFactory -- Enabled cipher suites: [TLS_AES_256_GCM_SHA384, TLS_AES_128_GCM_SHA256, TLS_CHACHA20_POLY1305_SHA256, TLS_ECDHE_ECDSA_WITH_AES_256_GCM_SHA384, TLS_ECDHE_ECDSA_WITH_AES_128_GCM_SHA256, TLS_ECDHE_ECDSA_WITH_CHACHA20_POLY1305_SHA256, TLS_ECDHE_RSA_WITH_AES_256_GCM_SHA384, TLS_ECDHE_RSA_WITH_CHACHA20_POLY1305_SHA256, TLS_ECDHE_RSA_WITH_AES_128_GCM_SHA256, TLS_DHE_RSA_WITH_AES_256_GCM_SHA384, TLS_DHE_RSA_WITH_CHACHA20_POLY1305_SHA256, TLS_DHE_DSS_WITH_AES_256_GCM_SHA384, TLS_DHE_RSA_WITH_AES_128_GCM_SHA256, TLS_DHE_DSS_WITH_AES_128_GCM_SHA256, TLS_ECDHE_ECDSA_WITH_AES_256_CBC_SHA384, TLS_ECDHE_RSA_WITH_AES_256_CBC_SHA384, TLS_ECDHE_ECDSA_WITH_AES_128_CBC_SHA256, TLS_ECDHE_RSA_WITH_AES_128_CBC_SHA256, TLS_DHE_RSA_WITH_AES_256_CBC_SHA256, TLS_DHE_DSS_WITH_AES_256_CBC_SHA256, TLS_DHE_RSA_WITH_AES_128_CBC_SHA256, TLS_DHE_DSS_WITH_AES_128_CBC_SHA256, TLS_ECDH_ECDSA_WITH_AES_256_GCM_SHA384, TLS_ECDH_RSA_WITH_AES_256_GCM_SHA384, TLS_ECDH_ECDSA_WITH_AES_128_GCM_SHA256, TLS_ECDH_RSA_WITH_AES_128_GCM_SHA256, TLS_ECDH_ECDSA_WITH_AES_256_CBC_SHA384, TLS_ECDH_RSA_WITH_AES_256_CBC_SHA384, TLS_ECDH_ECDSA_WITH_AES_128_CBC_SHA256, TLS_ECDH_RSA_WITH_AES_128_CBC_SHA256, TLS_ECDHE_ECDSA_WITH_AES_256_CBC_SHA, TLS_ECDHE_RSA_WITH_AES_256_CBC_SHA, TLS_ECDHE_ECDSA_WITH_AES_128_CBC_SHA, TLS_ECDHE_RSA_WITH_AES_128_CBC_SHA, TLS_DHE_RSA_WITH_AES_256_CBC_SHA, TLS_DHE_DSS_WITH_AES_256_CBC_SHA, TLS_DHE_RSA_WITH_AES_128_CBC_SHA, TLS_DHE_DSS_WITH_AES_128_CBC_SHA, TLS_ECDH_ECDSA_WITH_AES_256_CBC_SHA, TLS_ECDH_RSA_WITH_AES_256_CBC_SHA, TLS_ECDH_ECDSA_WITH_AES_128_CBC_SHA, TLS_ECDH_RSA_WITH_AES_128_CBC_SHA, TLS_RSA_WITH_AES_256_GCM_SHA384, TLS_RSA_WITH_AES_128_GCM_SHA256, TLS_RSA_WITH_AES_256_CBC_SHA256, TLS_RSA_WITH_AES_128_CBC_SHA256, TLS_RSA_WITH_AES_256_CBC_SHA, TLS_RSA_WITH_AES_128_CBC_SHA, TLS_EMPTY_RENEGOTIATION_INFO_SCSV]
11:48:26.514 [main] DEBUG org.apache.hc.client5.http.ssl.SSLConnectionSocketFactory -- Starting handshake (null)
11:48:26.551 [main] DEBUG org.apache.hc.client5.http.ssl.SSLConnectionSocketFactory -- Secure session established
11:48:26.551 [main] DEBUG org.apache.hc.client5.http.ssl.SSLConnectionSocketFactory --  negotiated protocol: TLSv1.3
11:48:26.551 [main] DEBUG org.apache.hc.client5.http.ssl.SSLConnectionSocketFactory --  negotiated cipher suite: TLS_AES_256_GCM_SHA384
11:48:26.551 [main] DEBUG org.apache.hc.client5.http.ssl.SSLConnectionSocketFactory --  peer principal: CN=edgedl.me.gvt1.com
11:48:26.551 [main] DEBUG org.apache.hc.client5.http.ssl.SSLConnectionSocketFactory --  peer alternative names: [edgedl.me.gvt1.com]
11:48:26.551 [main] DEBUG org.apache.hc.client5.http.ssl.SSLConnectionSocketFactory --  issuer principal: CN=GTS CA 1D4, O=Google Trust Services LLC, C=US
11:48:26.551 [main] DEBUG org.apache.hc.client5.http.impl.io.DefaultManagedHttpClientConnection -- http-outgoing-10 set socket timeout to 3 MINUTES
11:48:26.551 [main] DEBUG org.apache.hc.client5.http.impl.io.DefaultHttpClientConnectionOperator -- edgedl.me.gvt1.com:443 connected null->edgedl.me.gvt1.com/34.104.35.123:443 as http-outgoing-10
11:48:26.551 [main] DEBUG org.apache.hc.client5.http.impl.io.PoolingHttpClientConnectionManager -- ep-0000000017 connected http-outgoing-10
11:48:26.551 [main] DEBUG org.apache.hc.client5.http.impl.classic.InternalHttpClient -- ep-0000000017 endpoint connected
11:48:26.551 [main] DEBUG org.apache.hc.client5.http.impl.classic.MainClientExec -- ex-0000000017 executing GET /edgedl/chrome/chrome-for-testing/121.0.6167.139/mac-arm64/chromedriver-mac-arm64.zip HTTP/1.1
11:48:26.551 [main] DEBUG org.apache.hc.client5.http.protocol.RequestAddCookies -- ex-0000000017 Cookie spec selected: strict
11:48:26.551 [main] DEBUG org.apache.hc.client5.http.impl.classic.InternalHttpClient -- ep-0000000017 start execution ex-0000000017
11:48:26.551 [main] DEBUG org.apache.hc.client5.http.impl.io.PoolingHttpClientConnectionManager -- ep-0000000017 executing exchange ex-0000000017 over http-outgoing-10
11:48:26.551 [main] DEBUG org.apache.hc.client5.http.headers -- http-outgoing-10 >> GET /edgedl/chrome/chrome-for-testing/121.0.6167.139/mac-arm64/chromedriver-mac-arm64.zip HTTP/1.1
11:48:26.551 [main] DEBUG org.apache.hc.client5.http.headers -- http-outgoing-10 >> user-agent: Apache-HttpClient/5.0
11:48:26.551 [main] DEBUG org.apache.hc.client5.http.headers -- http-outgoing-10 >> accept-encoding: gzip, deflate, br
11:48:26.551 [main] DEBUG org.apache.hc.client5.http.headers -- http-outgoing-10 >> cache-control: max-age=0
11:48:26.551 [main] DEBUG org.apache.hc.client5.http.headers -- http-outgoing-10 >> connection: keep-alive
11:48:26.551 [main] DEBUG org.apache.hc.client5.http.headers -- http-outgoing-10 >> Host: edgedl.me.gvt1.com
11:48:26.551 [main] DEBUG org.apache.hc.client5.http.wire -- http-outgoing-10 >> "GET /edgedl/chrome/chrome-for-testing/121.0.6167.139/mac-arm64/chromedriver-mac-arm64.zip HTTP/1.1[\r][\n]"
11:48:26.551 [main] DEBUG org.apache.hc.client5.http.wire -- http-outgoing-10 >> "user-agent: Apache-HttpClient/5.0[\r][\n]"
11:48:26.551 [main] DEBUG org.apache.hc.client5.http.wire -- http-outgoing-10 >> "accept-encoding: gzip, deflate, br[\r][\n]"
11:48:26.551 [main] DEBUG org.apache.hc.client5.http.wire -- http-outgoing-10 >> "cache-control: max-age=0[\r][\n]"
11:48:26.551 [main] DEBUG org.apache.hc.client5.http.wire -- http-outgoing-10 >> "connection: keep-alive[\r][\n]"
11:48:26.551 [main] DEBUG org.apache.hc.client5.http.wire -- http-outgoing-10 >> "Host: edgedl.me.gvt1.com[\r][\n]"
11:48:26.551 [main] DEBUG org.apache.hc.client5.http.wire -- http-outgoing-10 >> "[\r][\n]"
11:48:26.682 [main] DEBUG org.apache.hc.client5.http.wire -- http-outgoing-10 << "HTTP/1.1 404 Not Found[\r][\n]"
11:48:26.682 [main] DEBUG org.apache.hc.client5.http.wire -- http-outgoing-10 << "content-length: 1449[\r][\n]"
11:48:26.682 [main] DEBUG org.apache.hc.client5.http.wire -- http-outgoing-10 << "content-type: text/html; charset=utf-8[\r][\n]"
11:48:26.682 [main] DEBUG org.apache.hc.client5.http.wire -- http-outgoing-10 << "server: Google-Edge-Cache[\r][\n]"
11:48:26.682 [main] DEBUG org.apache.hc.client5.http.wire -- http-outgoing-10 << "x-content-type-options: nosniff[\r][\n]"
11:48:26.682 [main] DEBUG org.apache.hc.client5.http.wire -- http-outgoing-10 << "x-frame-options: SAMEORIGIN[\r][\n]"
11:48:26.682 [main] DEBUG org.apache.hc.client5.http.wire -- http-outgoing-10 << "x-xss-protection: 0[\r][\n]"
11:48:26.682 [main] DEBUG org.apache.hc.client5.http.wire -- http-outgoing-10 << "date: Mon, 12 Feb 2024 04:48:26 GMT[\r][\n]"
11:48:26.682 [main] DEBUG org.apache.hc.client5.http.wire -- http-outgoing-10 << "x-request-id: 8034c93d-731d-423d-8a14-6f4390e8af49[\r][\n]"
11:48:26.682 [main] DEBUG org.apache.hc.client5.http.wire -- http-outgoing-10 << "alt-svc: clear[\r][\n]"
11:48:26.682 [main] DEBUG org.apache.hc.client5.http.wire -- http-outgoing-10 << "[\r][\n]"
11:48:26.682 [main] DEBUG org.apache.hc.client5.http.wire -- http-outgoing-10 << "[\n]"
11:48:26.682 [main] DEBUG org.apache.hc.client5.http.wire -- http-outgoing-10 << "<!DOCTYPE html>[\n]"
11:48:26.682 [main] DEBUG org.apache.hc.client5.http.wire -- http-outgoing-10 << "<html lang=en>[\n]"
11:48:26.682 [main] DEBUG org.apache.hc.client5.http.wire -- http-outgoing-10 << "  <meta charset=utf-8>[\n]"
11:48:26.682 [main] DEBUG org.apache.hc.client5.http.wire -- http-outgoing-10 << "  <meta name=viewport content="initial-scale=1, minimum-scale=1, width=device-width">[\n]"
11:48:26.682 [main] DEBUG org.apache.hc.client5.http.wire -- http-outgoing-10 << "  <title>Error 404 (Not Found)!!1</title>[\n]"
11:48:26.682 [main] DEBUG org.apache.hc.client5.http.wire -- http-outgoing-10 << "  <style>[\n]"
11:48:26.682 [main] DEBUG org.apache.hc.client5.http.wire -- http-outgoing-10 << "    *{margin:0;padding:0}html,code{font:15px/22px arial,sans-serif}html{background:#fff;color:#222;padding:15px}body{margin:7% auto 0;max-width:390px;min-height:180px;padding:30px 0 15px}* > body{background:url(//www.google.com/images/errors/robot.png) 100% 5px no-repeat;padding-right:205px}p{margin:11px 0 22px;overflow:hidden}ins{color:#777;text-decoration:none}a img{border:0}@media screen and (max-width:772px){body{background:none;margin-top:0;max-width:none;padding-right:0}}#logo{background:url(//www.google.com/images/logos/errorpage/error_logo-150x54.png) no-repeat;margin-left:-5px}@media only screen and (min-resolution:192dpi){#logo{background:url(//www.google.com/images/logos/errorpage/error_logo-150x54-2x.png) no-repeat 0% 0%/100% 100%;-moz-border-image:url(//www.google.com/images/logos/errorpage/error_logo-150x54-2x.png) 0}}@media only screen and (-webkit-min-device-pixel-ratio:2){#logo{background:url(//www.google.com/images/logos/errorpage/error_logo-150x54-2x.png) no-repeat;-webkit-background-size:100% 100%}}#logo{display:inline-block;height:54px;width:150px}[\n]"
11:48:26.682 [main] DEBUG org.apache.hc.client5.http.wire -- http-outgoing-10 << "  </style>[\n]"
11:48:26.682 [main] DEBUG org.apache.hc.client5.http.wire -- http-outgoing-10 << "  <a href=//www.google.com/><span id=logo aria-label=Google></span></a>[\n]"
11:48:26.682 [main] DEBUG org.apache.hc.client5.http.wire -- http-outgoing-10 << "  <p><b>404.</b> <ins>That[0xffffffe2][0xffffff80][0xffffff99]s an error.</ins>[\n]"
11:48:26.682 [main] DEBUG org.apache.hc.client5.http.wire -- http-outgoing-10 << "  <p>  <ins>That[0xffffffe2][0xffffff80][0xffffff99]s all we know.</ins>[\n]"
11:48:26.682 [main] DEBUG org.apache.hc.client5.http.headers -- http-outgoing-10 << HTTP/1.1 404 Not Found
11:48:26.682 [main] DEBUG org.apache.hc.client5.http.headers -- http-outgoing-10 << content-length: 1449
11:48:26.682 [main] DEBUG org.apache.hc.client5.http.headers -- http-outgoing-10 << content-type: text/html; charset=utf-8
11:48:26.682 [main] DEBUG org.apache.hc.client5.http.headers -- http-outgoing-10 << server: Google-Edge-Cache
11:48:26.682 [main] DEBUG org.apache.hc.client5.http.headers -- http-outgoing-10 << x-content-type-options: nosniff
11:48:26.682 [main] DEBUG org.apache.hc.client5.http.headers -- http-outgoing-10 << x-frame-options: SAMEORIGIN
11:48:26.682 [main] DEBUG org.apache.hc.client5.http.headers -- http-outgoing-10 << x-xss-protection: 0
11:48:26.682 [main] DEBUG org.apache.hc.client5.http.headers -- http-outgoing-10 << date: Mon, 12 Feb 2024 04:48:26 GMT
11:48:26.682 [main] DEBUG org.apache.hc.client5.http.headers -- http-outgoing-10 << x-request-id: 8034c93d-731d-423d-8a14-6f4390e8af49
11:48:26.682 [main] DEBUG org.apache.hc.client5.http.headers -- http-outgoing-10 << alt-svc: clear
11:48:26.682 [main] DEBUG org.apache.hc.client5.http.impl.classic.MainClientExec -- ex-0000000017 connection can be kept alive for 3 MINUTES
11:48:26.682 [main] ERROR io.github.bonigarcia.wdm.online.HttpClient -- Error HTTP 404 executing https://edgedl.me.gvt1.com/edgedl/chrome/chrome-for-testing/121.0.6167.139/mac-arm64/chromedriver-mac-arm64.zip
11:48:26.685 [main] INFO io.github.bonigarcia.wdm.cache.ResolutionCache -- Clearing WebDriverManager resolution cache
11:48:26.686 [main] WARN io.github.bonigarcia.wdm.WebDriverManager -- There was an error managing chromedriver 121.0.6167.139 (Error HTTP 404 executing https://edgedl.me.gvt1.com/edgedl/chrome/chrome-for-testing/121.0.6167.139/mac-arm64/chromedriver-mac-arm64.zip) ... trying again avoiding reading release from repository
11:48:26.688 [main] DEBUG org.apache.hc.client5.http.impl.classic.InternalHttpClient -- ex-0000000018 preparing request execution
11:48:26.689 [main] DEBUG org.apache.hc.client5.http.impl.classic.ProtocolExec -- ex-0000000018 target auth state: UNCHALLENGED
11:48:26.689 [main] DEBUG org.apache.hc.client5.http.impl.classic.ProtocolExec -- ex-0000000018 proxy auth state: UNCHALLENGED
11:48:26.689 [main] DEBUG org.apache.hc.client5.http.impl.classic.ConnectExec -- ex-0000000018 acquiring connection with route {s}->https://raw.githubusercontent.com:443
11:48:26.689 [main] DEBUG org.apache.hc.client5.http.impl.classic.InternalHttpClient -- ex-0000000018 acquiring endpoint (3 MINUTES)
11:48:26.689 [main] DEBUG org.apache.hc.client5.http.impl.io.PoolingHttpClientConnectionManager -- ex-0000000018 endpoint lease request (3 MINUTES) [route: {s}->https://raw.githubusercontent.com:443][total available: 1; route allocated: 0 of 5; total allocated: 2 of 25]
11:48:26.689 [main] DEBUG org.apache.hc.client5.http.impl.io.PoolingHttpClientConnectionManager -- ex-0000000018 endpoint leased [route: {s}->https://raw.githubusercontent.com:443][total available: 1; route allocated: 1 of 5; total allocated: 3 of 25]
11:48:26.689 [main] DEBUG org.apache.hc.client5.http.impl.io.PoolingHttpClientConnectionManager -- ex-0000000018 acquired ep-0000000018
11:48:26.689 [main] DEBUG org.apache.hc.client5.http.impl.classic.InternalHttpClient -- ex-0000000018 acquired endpoint ep-0000000018
11:48:26.689 [main] DEBUG org.apache.hc.client5.http.impl.classic.ConnectExec -- ex-0000000018 opening connection {s}->https://raw.githubusercontent.com:443
11:48:26.689 [main] DEBUG org.apache.hc.client5.http.impl.classic.InternalHttpClient -- ep-0000000018 connecting endpoint (null)
11:48:26.689 [main] DEBUG org.apache.hc.client5.http.impl.io.PoolingHttpClientConnectionManager -- ep-0000000018 connecting endpoint to https://raw.githubusercontent.com:443 (30 SECONDS)
11:48:26.689 [main] DEBUG org.apache.hc.client5.http.impl.io.DefaultHttpClientConnectionOperator -- raw.githubusercontent.com resolving remote address
11:48:26.691 [main] DEBUG org.apache.hc.client5.http.impl.io.DefaultHttpClientConnectionOperator -- raw.githubusercontent.com resolved to [raw.githubusercontent.com/185.199.108.133, raw.githubusercontent.com/185.199.111.133, raw.githubusercontent.com/185.199.110.133, raw.githubusercontent.com/185.199.109.133, raw.githubusercontent.com/2606:50c0:8003:0:0:0:0:154, raw.githubusercontent.com/2606:50c0:8002:0:0:0:0:154, raw.githubusercontent.com/2606:50c0:8000:0:0:0:0:154, raw.githubusercontent.com/2606:50c0:8001:0:0:0:0:154]
11:48:26.691 [main] DEBUG org.apache.hc.client5.http.impl.io.DefaultHttpClientConnectionOperator -- raw.githubusercontent.com:443 connecting null->raw.githubusercontent.com/185.199.108.133:443 (30 SECONDS)
11:48:26.691 [main] DEBUG org.apache.hc.client5.http.ssl.SSLConnectionSocketFactory -- Connecting socket to raw.githubusercontent.com/185.199.108.133:443 with timeout 30 SECONDS
11:48:26.861 [main] DEBUG org.apache.hc.client5.http.ssl.SSLConnectionSocketFactory -- Enabled protocols: [TLSv1.3, TLSv1.2]
11:48:26.862 [main] DEBUG org.apache.hc.client5.http.ssl.SSLConnectionSocketFactory -- Enabled cipher suites: [TLS_AES_256_GCM_SHA384, TLS_AES_128_GCM_SHA256, TLS_CHACHA20_POLY1305_SHA256, TLS_ECDHE_ECDSA_WITH_AES_256_GCM_SHA384, TLS_ECDHE_ECDSA_WITH_AES_128_GCM_SHA256, TLS_ECDHE_ECDSA_WITH_CHACHA20_POLY1305_SHA256, TLS_ECDHE_RSA_WITH_AES_256_GCM_SHA384, TLS_ECDHE_RSA_WITH_CHACHA20_POLY1305_SHA256, TLS_ECDHE_RSA_WITH_AES_128_GCM_SHA256, TLS_DHE_RSA_WITH_AES_256_GCM_SHA384, TLS_DHE_RSA_WITH_CHACHA20_POLY1305_SHA256, TLS_DHE_DSS_WITH_AES_256_GCM_SHA384, TLS_DHE_RSA_WITH_AES_128_GCM_SHA256, TLS_DHE_DSS_WITH_AES_128_GCM_SHA256, TLS_ECDHE_ECDSA_WITH_AES_256_CBC_SHA384, TLS_ECDHE_RSA_WITH_AES_256_CBC_SHA384, TLS_ECDHE_ECDSA_WITH_AES_128_CBC_SHA256, TLS_ECDHE_RSA_WITH_AES_128_CBC_SHA256, TLS_DHE_RSA_WITH_AES_256_CBC_SHA256, TLS_DHE_DSS_WITH_AES_256_CBC_SHA256, TLS_DHE_RSA_WITH_AES_128_CBC_SHA256, TLS_DHE_DSS_WITH_AES_128_CBC_SHA256, TLS_ECDH_ECDSA_WITH_AES_256_GCM_SHA384, TLS_ECDH_RSA_WITH_AES_256_GCM_SHA384, TLS_ECDH_ECDSA_WITH_AES_128_GCM_SHA256, TLS_ECDH_RSA_WITH_AES_128_GCM_SHA256, TLS_ECDH_ECDSA_WITH_AES_256_CBC_SHA384, TLS_ECDH_RSA_WITH_AES_256_CBC_SHA384, TLS_ECDH_ECDSA_WITH_AES_128_CBC_SHA256, TLS_ECDH_RSA_WITH_AES_128_CBC_SHA256, TLS_ECDHE_ECDSA_WITH_AES_256_CBC_SHA, TLS_ECDHE_RSA_WITH_AES_256_CBC_SHA, TLS_ECDHE_ECDSA_WITH_AES_128_CBC_SHA, TLS_ECDHE_RSA_WITH_AES_128_CBC_SHA, TLS_DHE_RSA_WITH_AES_256_CBC_SHA, TLS_DHE_DSS_WITH_AES_256_CBC_SHA, TLS_DHE_RSA_WITH_AES_128_CBC_SHA, TLS_DHE_DSS_WITH_AES_128_CBC_SHA, TLS_ECDH_ECDSA_WITH_AES_256_CBC_SHA, TLS_ECDH_RSA_WITH_AES_256_CBC_SHA, TLS_ECDH_ECDSA_WITH_AES_128_CBC_SHA, TLS_ECDH_RSA_WITH_AES_128_CBC_SHA, TLS_RSA_WITH_AES_256_GCM_SHA384, TLS_RSA_WITH_AES_128_GCM_SHA256, TLS_RSA_WITH_AES_256_CBC_SHA256, TLS_RSA_WITH_AES_128_CBC_SHA256, TLS_RSA_WITH_AES_256_CBC_SHA, TLS_RSA_WITH_AES_128_CBC_SHA, TLS_EMPTY_RENEGOTIATION_INFO_SCSV]
11:48:26.862 [main] DEBUG org.apache.hc.client5.http.ssl.SSLConnectionSocketFactory -- Starting handshake (null)
11:48:27.049 [main] DEBUG org.apache.hc.client5.http.ssl.SSLConnectionSocketFactory -- Secure session established
11:48:27.050 [main] DEBUG org.apache.hc.client5.http.ssl.SSLConnectionSocketFactory --  negotiated protocol: TLSv1.3
11:48:27.050 [main] DEBUG org.apache.hc.client5.http.ssl.SSLConnectionSocketFactory --  negotiated cipher suite: TLS_AES_128_GCM_SHA256
11:48:27.050 [main] DEBUG org.apache.hc.client5.http.ssl.SSLConnectionSocketFactory --  peer principal: CN=*.github.io, O="GitHub, Inc.", L=San Francisco, ST=California, C=US
11:48:27.050 [main] DEBUG org.apache.hc.client5.http.ssl.SSLConnectionSocketFactory --  peer alternative names: [*.github.io, github.io, *.github.com, github.com, www.github.com, *.githubusercontent.com, githubusercontent.com]
11:48:27.050 [main] DEBUG org.apache.hc.client5.http.ssl.SSLConnectionSocketFactory --  issuer principal: CN=DigiCert TLS RSA SHA256 2020 CA1, O=DigiCert Inc, C=US
11:48:27.050 [main] DEBUG org.apache.hc.client5.http.impl.io.DefaultManagedHttpClientConnection -- http-outgoing-11 set socket timeout to 3 MINUTES
11:48:27.050 [main] DEBUG org.apache.hc.client5.http.impl.io.DefaultHttpClientConnectionOperator -- raw.githubusercontent.com:443 connected null->raw.githubusercontent.com/185.199.108.133:443 as http-outgoing-11
11:48:27.050 [main] DEBUG org.apache.hc.client5.http.impl.io.PoolingHttpClientConnectionManager -- ep-0000000018 connected http-outgoing-11
11:48:27.050 [main] DEBUG org.apache.hc.client5.http.impl.classic.InternalHttpClient -- ep-0000000018 endpoint connected
11:48:27.050 [main] DEBUG org.apache.hc.client5.http.impl.classic.MainClientExec -- ex-0000000018 executing GET /bonigarcia/webdrivermanager/master/src/main/resources/commands.properties HTTP/1.1
11:48:27.050 [main] DEBUG org.apache.hc.client5.http.protocol.RequestAddCookies -- ex-0000000018 Cookie spec selected: strict
11:48:27.050 [main] DEBUG org.apache.hc.client5.http.impl.classic.InternalHttpClient -- ep-0000000018 start execution ex-0000000018
11:48:27.050 [main] DEBUG org.apache.hc.client5.http.impl.io.PoolingHttpClientConnectionManager -- ep-0000000018 executing exchange ex-0000000018 over http-outgoing-11
11:48:27.050 [main] DEBUG org.apache.hc.client5.http.headers -- http-outgoing-11 >> GET /bonigarcia/webdrivermanager/master/src/main/resources/commands.properties HTTP/1.1
11:48:27.050 [main] DEBUG org.apache.hc.client5.http.headers -- http-outgoing-11 >> user-agent: Apache-HttpClient/5.0
11:48:27.050 [main] DEBUG org.apache.hc.client5.http.headers -- http-outgoing-11 >> accept-encoding: gzip, deflate, br
11:48:27.050 [main] DEBUG org.apache.hc.client5.http.headers -- http-outgoing-11 >> cache-control: max-age=0
11:48:27.050 [main] DEBUG org.apache.hc.client5.http.headers -- http-outgoing-11 >> connection: keep-alive
11:48:27.050 [main] DEBUG org.apache.hc.client5.http.headers -- http-outgoing-11 >> Host: raw.githubusercontent.com
11:48:27.050 [main] DEBUG org.apache.hc.client5.http.wire -- http-outgoing-11 >> "GET /bonigarcia/webdrivermanager/master/src/main/resources/commands.properties HTTP/1.1[\r][\n]"
11:48:27.050 [main] DEBUG org.apache.hc.client5.http.wire -- http-outgoing-11 >> "user-agent: Apache-HttpClient/5.0[\r][\n]"
11:48:27.050 [main] DEBUG org.apache.hc.client5.http.wire -- http-outgoing-11 >> "accept-encoding: gzip, deflate, br[\r][\n]"
11:48:27.050 [main] DEBUG org.apache.hc.client5.http.wire -- http-outgoing-11 >> "cache-control: max-age=0[\r][\n]"
11:48:27.050 [main] DEBUG org.apache.hc.client5.http.wire -- http-outgoing-11 >> "connection: keep-alive[\r][\n]"
11:48:27.050 [main] DEBUG org.apache.hc.client5.http.wire -- http-outgoing-11 >> "Host: raw.githubusercontent.com[\r][\n]"
11:48:27.050 [main] DEBUG org.apache.hc.client5.http.wire -- http-outgoing-11 >> "[\r][\n]"
11:48:27.234 [main] DEBUG org.apache.hc.client5.http.wire -- http-outgoing-11 << "HTTP/1.1 200 OK[\r][\n]"
11:48:27.234 [main] DEBUG org.apache.hc.client5.http.wire -- http-outgoing-11 << "Connection: keep-alive[\r][\n]"
11:48:27.234 [main] DEBUG org.apache.hc.client5.http.wire -- http-outgoing-11 << "Content-Length: 723[\r][\n]"
11:48:27.234 [main] DEBUG org.apache.hc.client5.http.wire -- http-outgoing-11 << "Cache-Control: max-age=300[\r][\n]"
11:48:27.234 [main] DEBUG org.apache.hc.client5.http.wire -- http-outgoing-11 << "Content-Security-Policy: default-src 'none'; style-src 'unsafe-inline'; sandbox[\r][\n]"
11:48:27.235 [main] DEBUG org.apache.hc.client5.http.wire -- http-outgoing-11 << "Content-Type: text/plain; charset=utf-8[\r][\n]"
11:48:27.235 [main] DEBUG org.apache.hc.client5.http.wire -- http-outgoing-11 << "ETag: W/"e82b438271e9e8680c688b0b680efd0bdd22faa6d6f0a32fc1fd8accc486b67e"[\r][\n]"
11:48:27.235 [main] DEBUG org.apache.hc.client5.http.wire -- http-outgoing-11 << "Strict-Transport-Security: max-age=31536000[\r][\n]"
11:48:27.235 [main] DEBUG org.apache.hc.client5.http.wire -- http-outgoing-11 << "X-Content-Type-Options: nosniff[\r][\n]"
11:48:27.235 [main] DEBUG org.apache.hc.client5.http.wire -- http-outgoing-11 << "X-Frame-Options: deny[\r][\n]"
11:48:27.235 [main] DEBUG org.apache.hc.client5.http.wire -- http-outgoing-11 << "X-XSS-Protection: 1; mode=block[\r][\n]"
11:48:27.235 [main] DEBUG org.apache.hc.client5.http.wire -- http-outgoing-11 << "X-GitHub-Request-Id: 3072:3BB1E6:1A1165D:1B39889:65A75BA5[\r][\n]"
11:48:27.235 [main] DEBUG org.apache.hc.client5.http.wire -- http-outgoing-11 << "Content-Encoding: gzip[\r][\n]"
11:48:27.235 [main] DEBUG org.apache.hc.client5.http.wire -- http-outgoing-11 << "Accept-Ranges: bytes[\r][\n]"
11:48:27.235 [main] DEBUG org.apache.hc.client5.http.wire -- http-outgoing-11 << "Date: Mon, 12 Feb 2024 04:48:27 GMT[\r][\n]"
11:48:27.235 [main] DEBUG org.apache.hc.client5.http.wire -- http-outgoing-11 << "Via: 1.1 varnish[\r][\n]"
11:48:27.235 [main] DEBUG org.apache.hc.client5.http.wire -- http-outgoing-11 << "X-Served-By: cache-fra-eddf8230121-FRA[\r][\n]"
11:48:27.235 [main] DEBUG org.apache.hc.client5.http.wire -- http-outgoing-11 << "X-Cache: HIT[\r][\n]"
11:48:27.235 [main] DEBUG org.apache.hc.client5.http.wire -- http-outgoing-11 << "X-Cache-Hits: 1[\r][\n]"
11:48:27.235 [main] DEBUG org.apache.hc.client5.http.wire -- http-outgoing-11 << "X-Timer: S1707713307.207601,VS0,VE1[\r][\n]"
11:48:27.235 [main] DEBUG org.apache.hc.client5.http.wire -- http-outgoing-11 << "Vary: Authorization,Accept-Encoding,Origin[\r][\n]"
11:48:27.235 [main] DEBUG org.apache.hc.client5.http.wire -- http-outgoing-11 << "Access-Control-Allow-Origin: *[\r][\n]"
11:48:27.235 [main] DEBUG org.apache.hc.client5.http.wire -- http-outgoing-11 << "Cross-Origin-Resource-Policy: cross-origin[\r][\n]"
11:48:27.235 [main] DEBUG org.apache.hc.client5.http.wire -- http-outgoing-11 << "X-Fastly-Request-ID: ed9cd6cb22e32aed84472d61e75913d8e2198ff3[\r][\n]"
11:48:27.235 [main] DEBUG org.apache.hc.client5.http.wire -- http-outgoing-11 << "Expires: Mon, 12 Feb 2024 04:53:27 GMT[\r][\n]"
11:48:27.235 [main] DEBUG org.apache.hc.client5.http.wire -- http-outgoing-11 << "Source-Age: 206[\r][\n]"
11:48:27.235 [main] DEBUG org.apache.hc.client5.http.wire -- http-outgoing-11 << "[\r][\n]"
11:48:27.235 [main] DEBUG org.apache.hc.client5.http.headers -- http-outgoing-11 << HTTP/1.1 200 OK
11:48:27.235 [main] DEBUG org.apache.hc.client5.http.headers -- http-outgoing-11 << Connection: keep-alive
11:48:27.235 [main] DEBUG org.apache.hc.client5.http.headers -- http-outgoing-11 << Content-Length: 723
11:48:27.235 [main] DEBUG org.apache.hc.client5.http.headers -- http-outgoing-11 << Cache-Control: max-age=300
11:48:27.235 [main] DEBUG org.apache.hc.client5.http.headers -- http-outgoing-11 << Content-Security-Policy: default-src 'none'; style-src 'unsafe-inline'; sandbox
11:48:27.235 [main] DEBUG org.apache.hc.client5.http.headers -- http-outgoing-11 << Content-Type: text/plain; charset=utf-8
11:48:27.235 [main] DEBUG org.apache.hc.client5.http.headers -- http-outgoing-11 << ETag: W/"e82b438271e9e8680c688b0b680efd0bdd22faa6d6f0a32fc1fd8accc486b67e"
11:48:27.235 [main] DEBUG org.apache.hc.client5.http.headers -- http-outgoing-11 << Strict-Transport-Security: max-age=31536000
11:48:27.235 [main] DEBUG org.apache.hc.client5.http.headers -- http-outgoing-11 << X-Content-Type-Options: nosniff
11:48:27.235 [main] DEBUG org.apache.hc.client5.http.headers -- http-outgoing-11 << X-Frame-Options: deny
11:48:27.235 [main] DEBUG org.apache.hc.client5.http.headers -- http-outgoing-11 << X-XSS-Protection: 1; mode=block
11:48:27.235 [main] DEBUG org.apache.hc.client5.http.headers -- http-outgoing-11 << X-GitHub-Request-Id: 3072:3BB1E6:1A1165D:1B39889:65A75BA5
11:48:27.236 [main] DEBUG org.apache.hc.client5.http.headers -- http-outgoing-11 << Content-Encoding: gzip
11:48:27.236 [main] DEBUG org.apache.hc.client5.http.headers -- http-outgoing-11 << Accept-Ranges: bytes
11:48:27.236 [main] DEBUG org.apache.hc.client5.http.headers -- http-outgoing-11 << Date: Mon, 12 Feb 2024 04:48:27 GMT
11:48:27.236 [main] DEBUG org.apache.hc.client5.http.headers -- http-outgoing-11 << Via: 1.1 varnish
11:48:27.236 [main] DEBUG org.apache.hc.client5.http.headers -- http-outgoing-11 << X-Served-By: cache-fra-eddf8230121-FRA
11:48:27.236 [main] DEBUG org.apache.hc.client5.http.headers -- http-outgoing-11 << X-Cache: HIT
11:48:27.236 [main] DEBUG org.apache.hc.client5.http.headers -- http-outgoing-11 << X-Cache-Hits: 1
11:48:27.236 [main] DEBUG org.apache.hc.client5.http.headers -- http-outgoing-11 << X-Timer: S1707713307.207601,VS0,VE1
11:48:27.236 [main] DEBUG org.apache.hc.client5.http.headers -- http-outgoing-11 << Vary: Authorization,Accept-Encoding,Origin
11:48:27.236 [main] DEBUG org.apache.hc.client5.http.headers -- http-outgoing-11 << Access-Control-Allow-Origin: *
11:48:27.236 [main] DEBUG org.apache.hc.client5.http.headers -- http-outgoing-11 << Cross-Origin-Resource-Policy: cross-origin
11:48:27.236 [main] DEBUG org.apache.hc.client5.http.headers -- http-outgoing-11 << X-Fastly-Request-ID: ed9cd6cb22e32aed84472d61e75913d8e2198ff3
11:48:27.236 [main] DEBUG org.apache.hc.client5.http.headers -- http-outgoing-11 << Expires: Mon, 12 Feb 2024 04:53:27 GMT
11:48:27.236 [main] DEBUG org.apache.hc.client5.http.headers -- http-outgoing-11 << Source-Age: 206
11:48:27.236 [main] DEBUG org.apache.hc.client5.http.impl.classic.MainClientExec -- ex-0000000018 connection can be kept alive for 3 MINUTES
11:48:27.238 [main] DEBUG org.apache.hc.client5.http.wire -- http-outgoing-11 << "[0x1f][0xffffff8b][0x8][0x0][0x0][0x0][0x0][0x0][0x0][0x3][0xffffffb5]V]o[0xffffffda]0[0x14]}[0xffffffe7]W\[0xffffff81]*[0xffffffb5][0x12][0x1f][[M[0xffffffd3]$[0x1e]hF[0xffffffbb]i [0x18][0xffffffb4][0xffffffdd]&[0xfffffff9][0xffffffc5]$7[0xffffffc1]R[0x12]#;[0xffffff94]v[0xffffffbf]~[0xffffffb6][0xfffffff3]1[0xffffff92][0xffffff9a][0xffffffc1][0x1a]x[0xffffffcb][0xffffffb5][0xffffffaf][0xffffffcf]9[0xffffffbe][0xfffffff7]8v[0xb][0x1c][0x1e]E4[0xfffffff6]$x4[0xffffffa1][0xb]*[0xffffffb1][0xffffffd1][0xffffff82][0xfffffffb]%[0xffffff93][0xffffffe0][0xffffffb3][0x10][0xffffffc1][0xffffffe5]qBY,!Y[0xffffffea] KM8,[0x10][0xfffffff0][0x19][0xffffffdd]u[0xffffff82][0x1e][0xffffffb0][0xffffffd8]L[0xffffffcb]%[0xffffff86][0xffffffa1][0xe][0xffffffb8][0xfffffff0]P[0xffffffe8]$[0xf][0x13]t[0x13]3[0xfffffff9][0xffffff84]B2[0xffffffae][0xffffffe6]|@[0xfffffff5][0x1d][0x8][0xffffffc4][0x18][0x16][0xffffff82]o[0xffffffa4][0xffffff9a]P[0xffffff94][0xffffffe7][0xffffffce]R[0xfffffff0][0x8][0xffffffdb]p[0xffffffcb][0x4][0xfffffffa][0xfffffffc][0xffffffb9][\r][0xffffff93][0x15][\n]"
11:48:27.238 [main] DEBUG org.apache.hc.client5.http.wire -- http-outgoing-11 << "[0xffffffda][0xffffff86][0xffffffa1][0x17][0xffffffa8]Q3[0xffffffcb][0xffffffd6][0xffffffd1][0xffffff85][0xffffffc6][0xfffffff7][0xffffff98][0xffffffef][0xffffffa3][0xffffffc0]8[0x1][0xffffffae]s[0x12][0x16][0x7] _d[0xffffff82][0xffffff91][0xffffff84][0xfffffff3][0x1f],[0xfffffff6][0x14]j[0x1b]F,^+[0xffffff98]1ua2[0xffffffbf]h([0xffffff8e][0xffffff94][0xffffffa2][0xffffff91]m[0xffffffa3][0xffffffeb][0xffffff9a][0xffffffb0][0xffffffbb]I[0x17]t[0xffffffdf][0xffffffbd][0xffffffef][0xffffffbb][0xffffff91][0xffffffd7]U[0xffffffbb][0xffffff82][0xffffff9e][0x3][0xffffff9b][0xffffff88][0xffffffb9][0xffffffa6]$[0xffffffa6][0xc][0xffffff9b][0xffffffa5][0xffffffe2][0xffffff83][0xffffff98]F[0xffffffd8]o[0xffffff9e]Mg[0xffffff93][0xffffffbb][0xffffffd9]`|[0xfffffffb]u4[0xffffff9c][0x7f]"}B[0xffffffce][0x8][0xffffffb9][0xffffffe3]<[0x8][0xffffff91][0xffffff90][0xffffff94][0xffffff82][0xffffff90][0xffffffc1]j[0x15]2WI[0xffffffe3]1![0x19][0xffffff91]BnB[0xffffff80][0x9]<f[0xffffffb5][0xffffffe8]=[0xffffffd1]p[0xffffffbd][[0xffffffcf][0xffffffe5][0x1b][0xfffffff4][0xffffff9c][0xffffffff][0xfffffffc][0xfffffff8][0xffffffe1][0xffffffe2][0xffffff94][0xffffffa2][0xffffffae][0xe][0x14]5[0xffffff9a]8[0xffffff83][0xffffffd1]`:[0xfffffffd]<[0xffffffb8][0x1f][0xffffff9c]R[0xffffffcf]u[0x7f]6[0xffffffbc][0xffffff83][0xffffffef][0xf][0xffffffc3][0xffffffd9]/[0xfffffff8][0xfffffff2][0xffffffcd]y s[0xffffffee]'[0x1b]*0g[0xffffffcb][0xffffffc8]nF7H][0xffffff83][0xffffff97]{[0xffffffb1]Q[0x5][\r][0xffffffb5]c[0xffffffb4][0xf][0x2][0xffffffb3][0xffffffb4][0xffffff93][0xe]C[0xffffffa7][0xffffffb3]kAD][0xffffff9d][0xffffffde][0xffffffdb][0xffffffda][0xffffff88][0xffffffec][0xffffffa5][0xffffffbc][0xffffff99][0xffffffd9][0xffffffba]t[0xffffffb5][0xffffffea]9[0xffffffea][0x10])[0xffffffb7][0xffffffca][0xffffff9e][0xfffffff2][0xffffffe2]d^N[0xffffffd8]FW[0x16][0xffffffcd][0xffffffdc]_[0x10][0xfffffff9]i|[0x1c][0xffffff93][0xffffff8e][0xfffffff9]o[0x16][0xffffff86]4'!$G[0xffffffdf]W[0xfffffff4]W*j[[0xfffffff3]xR[0xffffffae][0xffffffb6][0xc][0xffffffd0],; #[0xffffffa9][0xffffff92]5[0xffffffb5][0x7][0xffffff9c][0xffffffb5][0xffffffd0][0x7f][0xffffff90][0xffffffc7]jgs[0xfffffffc][0xffffffc2][0xb][0xffffffd9][0x0]t[0xffffff9e]^'Y[0xfffffffb][0xffffff9f][0xffffffb1][0xffffffd8]:[0xffffffbf][0xffffff8d][0xffffffa5][0xffffff9a][0xffffffad][0x7f]m[0x5]&[0xffffffaa][0xffffffa0]^[0xffffff9b][0xffffffcb][0x5]f[0xffffffae][0xffffffe0]RU[0xffffff82][0x10]MS9l[0xffffff91]4t[0xfffffffb][0xffffff8a]][0xffffffd6][0xfffffff4][0xffffff96][0xffffffa6][0xffffff9f]P[0xffffffce][0xffffffd5][0xffffffce][0xffffff93][0xffffffff][0xffffff97][0xffffffcc]p[0xfffffffd][0xfffffff3][0xffffffe8][0x1b][0xffffffcc][0xffffffa2][0xffffffd9]Q[0xffffffbe][0xffffffb2][0xffffffa3][0xffffffc7]m'[0xffffffdf][0xffffffe4][[0xfffffffb]^[0xffffffb0][0xffffff9a][0xffffffbe][0xffffffda][0xffffffda]_[0xffffffce][0xffffff80][0xffffffd2][0xffffffc1]7[0xffffffb7]][0xffffffc1]b[0xffffffee][0xffffffb5][0xffffffff]w[0xffffff83][0xffffffed][0xffffffa7];[0x15]<[0x10]4[0xffffff92][0xffffff84][0x18][\n]"
11:48:27.238 [main] DEBUG org.apache.hc.client5.http.wire -- http-outgoing-11 << "BB[0xffffffba][0xffffff8e]][0xffffffb5]jo[0xffffffb9]+"[0xffffffea][0xffffffb4][0xffffffff]h"[0xffffffea]\?5[0xffffffa9][0xffffffaf]k[0xffffffec][0xffffffff]P[0xffffffea][\n]"
11:48:27.238 [main] DEBUG org.apache.hc.client5.http.wire -- http-outgoing-11 << "w[0xffffffe1]K[0x13][0xffffffda][0xffffffec][0xffffff98][0xffffffe6]Y[0xfffffffd]h8m6[0xffffff9c]T[0xffffffc1][0xfffffff2][0xffffffa7][0xffffff91]z_[0xffffff95]o85p[0x1c][0x13][0xffffffe6][0xfffffff0]5[0xffffffee][0xfffffffc][0xffffff92][0xffffff96][0xffffffda][0xfffffff7][0xffffffcf][0xffffffb1][0x5][0x1d][0xffffffea]K[0xffffff9b]9[0xffffff8e][0xffffffad]e[0xfffffff7][0xffffff93][0xffffffa8]`[0xffffffda][0xffffffff][0x1a][0xffffffd2][0xffffff88][0xffffff85][0xfffffffd][0xfffffff2][0xffffff91]N[0xfffffff6]`[0xffffffdf]2[0xffffffcf][0xffffffae]E[0xffffff97][0xffffffc5][0xffffffa2][0xffffff9d][0xffffffef]'[0xffffff9d]mun.[0xffffffd3]f^[0xffffffc7][0xffffff82][0xffffffda][0xffffff82]9[0xfffffff5][0xffffffa9]`[0x5][0xffffffbc]4[0xffffffa1][0x1d]<M[0xffffffb5]A[0xffffffa7]3[[0xffffffc0][0x7f][0x0][0xffffffc1][0xffffffd0]$[0xffffff85][0x1d][\r][0x0][0x0]"
11:48:27.238 [main] DEBUG org.apache.hc.client5.http.impl.classic.InternalHttpClient -- ep-0000000018 releasing valid endpoint
11:48:27.238 [main] DEBUG org.apache.hc.client5.http.impl.io.PoolingHttpClientConnectionManager -- ep-0000000018 releasing endpoint
11:48:27.238 [main] DEBUG org.apache.hc.client5.http.impl.io.PoolingHttpClientConnectionManager -- ep-0000000018 connection http-outgoing-11 can be kept alive for 3 MINUTES
11:48:27.239 [main] DEBUG org.apache.hc.client5.http.impl.io.PoolingHttpClientConnectionManager -- ep-0000000018 connection released [route: {s}->https://raw.githubusercontent.com:443][total available: 2; route allocated: 1 of 5; total allocated: 3 of 25]
11:48:27.239 [main] DEBUG io.github.bonigarcia.wdm.versions.VersionDetector -- Detecting chrome version using online commands.properties
11:48:27.239 [main] DEBUG io.github.bonigarcia.wdm.versions.Shell -- Running command on the shell: [/Applications/Google Chrome.app/Contents/MacOS/Google Chrome, --version]
11:48:27.296 [main] DEBUG io.github.bonigarcia.wdm.versions.Shell -- Result: Google Chrome 121.0.6167.160
11:48:27.296 [main] DEBUG io.github.bonigarcia.wdm.versions.VersionDetector -- Getting driver version for chrome121 from online versions.properties
11:48:27.297 [main] DEBUG org.apache.hc.client5.http.impl.classic.InternalHttpClient -- ex-0000000019 preparing request execution
11:48:27.297 [main] DEBUG org.apache.hc.client5.http.impl.classic.ProtocolExec -- ex-0000000019 target auth state: UNCHALLENGED
11:48:27.297 [main] DEBUG org.apache.hc.client5.http.impl.classic.ProtocolExec -- ex-0000000019 proxy auth state: UNCHALLENGED
11:48:27.297 [main] DEBUG org.apache.hc.client5.http.impl.classic.ConnectExec -- ex-0000000019 acquiring connection with route {s}->https://raw.githubusercontent.com:443
11:48:27.297 [main] DEBUG org.apache.hc.client5.http.impl.classic.InternalHttpClient -- ex-0000000019 acquiring endpoint (3 MINUTES)
11:48:27.297 [main] DEBUG org.apache.hc.client5.http.impl.io.PoolingHttpClientConnectionManager -- ex-0000000019 endpoint lease request (3 MINUTES) [route: {s}->https://raw.githubusercontent.com:443][total available: 2; route allocated: 1 of 5; total allocated: 3 of 25]
11:48:27.297 [main] DEBUG org.apache.hc.client5.http.impl.io.PoolingHttpClientConnectionManager -- ex-0000000019 endpoint leased [route: {s}->https://raw.githubusercontent.com:443][total available: 1; route allocated: 1 of 5; total allocated: 3 of 25]
11:48:27.297 [main] DEBUG org.apache.hc.client5.http.impl.io.PoolingHttpClientConnectionManager -- ex-0000000019 acquired ep-0000000019
11:48:27.297 [main] DEBUG org.apache.hc.client5.http.impl.classic.InternalHttpClient -- ex-0000000019 acquired endpoint ep-0000000019
11:48:27.297 [main] DEBUG org.apache.hc.client5.http.impl.classic.MainClientExec -- ex-0000000019 executing GET /bonigarcia/webdrivermanager/master/src/main/resources/versions.properties HTTP/1.1
11:48:27.297 [main] DEBUG org.apache.hc.client5.http.protocol.RequestAddCookies -- ex-0000000019 Cookie spec selected: strict
11:48:27.297 [main] DEBUG org.apache.hc.client5.http.impl.classic.InternalHttpClient -- ep-0000000019 start execution ex-0000000019
11:48:27.297 [main] DEBUG org.apache.hc.client5.http.impl.io.PoolingHttpClientConnectionManager -- ep-0000000019 executing exchange ex-0000000019 over http-outgoing-11
11:48:27.297 [main] DEBUG org.apache.hc.client5.http.headers -- http-outgoing-11 >> GET /bonigarcia/webdrivermanager/master/src/main/resources/versions.properties HTTP/1.1
11:48:27.297 [main] DEBUG org.apache.hc.client5.http.headers -- http-outgoing-11 >> user-agent: Apache-HttpClient/5.0
11:48:27.297 [main] DEBUG org.apache.hc.client5.http.headers -- http-outgoing-11 >> accept-encoding: gzip, deflate, br
11:48:27.297 [main] DEBUG org.apache.hc.client5.http.headers -- http-outgoing-11 >> cache-control: max-age=0
11:48:27.297 [main] DEBUG org.apache.hc.client5.http.headers -- http-outgoing-11 >> connection: keep-alive
11:48:27.297 [main] DEBUG org.apache.hc.client5.http.headers -- http-outgoing-11 >> Host: raw.githubusercontent.com
11:48:27.297 [main] DEBUG org.apache.hc.client5.http.wire -- http-outgoing-11 >> "GET /bonigarcia/webdrivermanager/master/src/main/resources/versions.properties HTTP/1.1[\r][\n]"
11:48:27.297 [main] DEBUG org.apache.hc.client5.http.wire -- http-outgoing-11 >> "user-agent: Apache-HttpClient/5.0[\r][\n]"
11:48:27.297 [main] DEBUG org.apache.hc.client5.http.wire -- http-outgoing-11 >> "accept-encoding: gzip, deflate, br[\r][\n]"
11:48:27.297 [main] DEBUG org.apache.hc.client5.http.wire -- http-outgoing-11 >> "cache-control: max-age=0[\r][\n]"
11:48:27.297 [main] DEBUG org.apache.hc.client5.http.wire -- http-outgoing-11 >> "connection: keep-alive[\r][\n]"
11:48:27.297 [main] DEBUG org.apache.hc.client5.http.wire -- http-outgoing-11 >> "Host: raw.githubusercontent.com[\r][\n]"
11:48:27.297 [main] DEBUG org.apache.hc.client5.http.wire -- http-outgoing-11 >> "[\r][\n]"
11:48:27.479 [main] DEBUG org.apache.hc.client5.http.wire -- http-outgoing-11 << "HTTP/1.1 200 OK[\r][\n]"
11:48:27.480 [main] DEBUG org.apache.hc.client5.http.wire -- http-outgoing-11 << "Connection: keep-alive[\r][\n]"
11:48:27.480 [main] DEBUG org.apache.hc.client5.http.wire -- http-outgoing-11 << "Content-Length: 1667[\r][\n]"
11:48:27.480 [main] DEBUG org.apache.hc.client5.http.wire -- http-outgoing-11 << "Cache-Control: max-age=300[\r][\n]"
11:48:27.480 [main] DEBUG org.apache.hc.client5.http.wire -- http-outgoing-11 << "Content-Security-Policy: default-src 'none'; style-src 'unsafe-inline'; sandbox[\r][\n]"
11:48:27.480 [main] DEBUG org.apache.hc.client5.http.wire -- http-outgoing-11 << "Content-Type: text/plain; charset=utf-8[\r][\n]"
11:48:27.480 [main] DEBUG org.apache.hc.client5.http.wire -- http-outgoing-11 << "ETag: W/"2b63ea7ea7667d0729e9d848d780e58af4f6d237cb562369e48d53971ddfa6c5"[\r][\n]"
11:48:27.480 [main] DEBUG org.apache.hc.client5.http.wire -- http-outgoing-11 << "Strict-Transport-Security: max-age=31536000[\r][\n]"
11:48:27.480 [main] DEBUG org.apache.hc.client5.http.wire -- http-outgoing-11 << "X-Content-Type-Options: nosniff[\r][\n]"
11:48:27.480 [main] DEBUG org.apache.hc.client5.http.wire -- http-outgoing-11 << "X-Frame-Options: deny[\r][\n]"
11:48:27.480 [main] DEBUG org.apache.hc.client5.http.wire -- http-outgoing-11 << "X-XSS-Protection: 1; mode=block[\r][\n]"
11:48:27.480 [main] DEBUG org.apache.hc.client5.http.wire -- http-outgoing-11 << "X-GitHub-Request-Id: C544:0E73:441D4E1:46D2A0D:65B9B3A7[\r][\n]"
11:48:27.480 [main] DEBUG org.apache.hc.client5.http.wire -- http-outgoing-11 << "Content-Encoding: gzip[\r][\n]"
11:48:27.480 [main] DEBUG org.apache.hc.client5.http.wire -- http-outgoing-11 << "Accept-Ranges: bytes[\r][\n]"
11:48:27.480 [main] DEBUG org.apache.hc.client5.http.wire -- http-outgoing-11 << "Date: Mon, 12 Feb 2024 04:48:27 GMT[\r][\n]"
11:48:27.480 [main] DEBUG org.apache.hc.client5.http.wire -- http-outgoing-11 << "Via: 1.1 varnish[\r][\n]"
11:48:27.480 [main] DEBUG org.apache.hc.client5.http.wire -- http-outgoing-11 << "X-Served-By: cache-fra-eddf8230121-FRA[\r][\n]"
11:48:27.480 [main] DEBUG org.apache.hc.client5.http.wire -- http-outgoing-11 << "X-Cache: HIT[\r][\n]"
11:48:27.480 [main] DEBUG org.apache.hc.client5.http.wire -- http-outgoing-11 << "X-Cache-Hits: 1[\r][\n]"
11:48:27.480 [main] DEBUG org.apache.hc.client5.http.wire -- http-outgoing-11 << "X-Timer: S1707713307.467121,VS0,VE1[\r][\n]"
11:48:27.480 [main] DEBUG org.apache.hc.client5.http.wire -- http-outgoing-11 << "Vary: Authorization,Accept-Encoding,Origin[\r][\n]"
11:48:27.480 [main] DEBUG org.apache.hc.client5.http.wire -- http-outgoing-11 << "Access-Control-Allow-Origin: *[\r][\n]"
11:48:27.480 [main] DEBUG org.apache.hc.client5.http.wire -- http-outgoing-11 << "Cross-Origin-Resource-Policy: cross-origin[\r][\n]"
11:48:27.480 [main] DEBUG org.apache.hc.client5.http.wire -- http-outgoing-11 << "X-Fastly-Request-ID: 1b21e16d6c47b7bccc801b28cbcb992782d85298[\r][\n]"
11:48:27.480 [main] DEBUG org.apache.hc.client5.http.wire -- http-outgoing-11 << "Expires: Mon, 12 Feb 2024 04:53:27 GMT[\r][\n]"
11:48:27.480 [main] DEBUG org.apache.hc.client5.http.wire -- http-outgoing-11 << "Source-Age: 8[\r][\n]"
11:48:27.481 [main] DEBUG org.apache.hc.client5.http.wire -- http-outgoing-11 << "[\r][\n]"
11:48:27.481 [main] DEBUG org.apache.hc.client5.http.headers -- http-outgoing-11 << HTTP/1.1 200 OK
11:48:27.481 [main] DEBUG org.apache.hc.client5.http.headers -- http-outgoing-11 << Connection: keep-alive
11:48:27.481 [main] DEBUG org.apache.hc.client5.http.headers -- http-outgoing-11 << Content-Length: 1667
11:48:27.481 [main] DEBUG org.apache.hc.client5.http.headers -- http-outgoing-11 << Cache-Control: max-age=300
11:48:27.481 [main] DEBUG org.apache.hc.client5.http.headers -- http-outgoing-11 << Content-Security-Policy: default-src 'none'; style-src 'unsafe-inline'; sandbox
11:48:27.481 [main] DEBUG org.apache.hc.client5.http.headers -- http-outgoing-11 << Content-Type: text/plain; charset=utf-8
11:48:27.481 [main] DEBUG org.apache.hc.client5.http.headers -- http-outgoing-11 << ETag: W/"2b63ea7ea7667d0729e9d848d780e58af4f6d237cb562369e48d53971ddfa6c5"
11:48:27.481 [main] DEBUG org.apache.hc.client5.http.headers -- http-outgoing-11 << Strict-Transport-Security: max-age=31536000
11:48:27.481 [main] DEBUG org.apache.hc.client5.http.headers -- http-outgoing-11 << X-Content-Type-Options: nosniff
11:48:27.481 [main] DEBUG org.apache.hc.client5.http.headers -- http-outgoing-11 << X-Frame-Options: deny
11:48:27.481 [main] DEBUG org.apache.hc.client5.http.headers -- http-outgoing-11 << X-XSS-Protection: 1; mode=block
11:48:27.481 [main] DEBUG org.apache.hc.client5.http.headers -- http-outgoing-11 << X-GitHub-Request-Id: C544:0E73:441D4E1:46D2A0D:65B9B3A7
11:48:27.481 [main] DEBUG org.apache.hc.client5.http.headers -- http-outgoing-11 << Content-Encoding: gzip
11:48:27.481 [main] DEBUG org.apache.hc.client5.http.headers -- http-outgoing-11 << Accept-Ranges: bytes
11:48:27.481 [main] DEBUG org.apache.hc.client5.http.headers -- http-outgoing-11 << Date: Mon, 12 Feb 2024 04:48:27 GMT
11:48:27.481 [main] DEBUG org.apache.hc.client5.http.headers -- http-outgoing-11 << Via: 1.1 varnish
11:48:27.481 [main] DEBUG org.apache.hc.client5.http.headers -- http-outgoing-11 << X-Served-By: cache-fra-eddf8230121-FRA
11:48:27.481 [main] DEBUG org.apache.hc.client5.http.headers -- http-outgoing-11 << X-Cache: HIT
11:48:27.481 [main] DEBUG org.apache.hc.client5.http.headers -- http-outgoing-11 << X-Cache-Hits: 1
11:48:27.481 [main] DEBUG org.apache.hc.client5.http.headers -- http-outgoing-11 << X-Timer: S1707713307.467121,VS0,VE1
11:48:27.481 [main] DEBUG org.apache.hc.client5.http.headers -- http-outgoing-11 << Vary: Authorization,Accept-Encoding,Origin
11:48:27.481 [main] DEBUG org.apache.hc.client5.http.headers -- http-outgoing-11 << Access-Control-Allow-Origin: *
11:48:27.481 [main] DEBUG org.apache.hc.client5.http.headers -- http-outgoing-11 << Cross-Origin-Resource-Policy: cross-origin
11:48:27.481 [main] DEBUG org.apache.hc.client5.http.headers -- http-outgoing-11 << X-Fastly-Request-ID: 1b21e16d6c47b7bccc801b28cbcb992782d85298
11:48:27.481 [main] DEBUG org.apache.hc.client5.http.headers -- http-outgoing-11 << Expires: Mon, 12 Feb 2024 04:53:27 GMT
11:48:27.481 [main] DEBUG org.apache.hc.client5.http.headers -- http-outgoing-11 << Source-Age: 8
11:48:27.482 [main] DEBUG org.apache.hc.client5.http.impl.classic.MainClientExec -- ex-0000000019 connection can be kept alive for 3 MINUTES
11:48:27.482 [main] DEBUG org.apache.hc.client5.http.wire -- http-outgoing-11 << "[0x1f][0xffffff8b][0x8][0x0][0x0][0x0][0x0][0x0][0x0][0x3][0xffffff8d][0xffffff97][0xffffffcb]n+7[0xc][0xffffff86][0xfffffff7]y[0xffffff8a][0x1][0xffffffba][0xffffffce]XWJ[\n]"
11:48:27.482 [main] DEBUG org.apache.hc.client5.http.wire -- http-outgoing-11 << "[0xffffffa0]M[0xffffffaf][0xffffffab][0xffffffa2][0xffffff8b][0xfffffff6][0x5]|[0xffffffec]I28[0xffffff8e]'[0xffffffb0][0xffffff9d][0xffffff93][0xffffff83]>}II[0xffffffd4][0xffffffc8][0xffffff9a][0x16][0xffffffe8][0xffffffc2]H[0xfffffff8][0xffffff8d]F")[\r][0xfffffff5][0xfffffff3][0xffffff87][0xffffffe1][0xffffffaf][0xffffffd7][0xfffffff9]:<[0xffffffcf][0xffffffa7]i8,[0xffffffe7][0xffffffdb]~>_[0xffffff87][0xffffffdb][0xffffffeb]4|=/[0xffffff9f][0xffffffe7][0xffffffe1]x[0xffffff99][0xffffffbf]M[0xffffff97][0x1][0x7f][0xffffffd7]y[0xffffffc1]'[0xffffff87][0xffffffe5][0xffffffed]}[0x7f][0xffffff9b][0xffffffbf][0xffffffe0][0xffffffe8][0xffffffcf][0xfffffff9][0xfffffff6][0xffffff9a]F[0x1e][0xffffff96][0xffffffcb]e[0xffffffba][0xffffffbe]/[0xffffffe7][0xffffffe3]|~[0x19][0xffffffbe]\[0xffffff96][0xffffffcf][0xffffffeb][0xfffffffa][0xffffffca][0xffffffc3][0xffffffc3][0xf][0xffffffc3][0xffffff8f][0x19]=[\r][0xffffffbf]-[0xffffffcb][0xb][0xffffffbe][0xfffffff9][0xffffffd3][0xffffffeb]ey[0xffffff9b][0xffffff86][0xfffffffd][0xfffffff9][0xffffff98][0xffffffff][0xffffff9d]?[0xffffffde][0xffffff86][0xffffffc7][0xffffffe1][0xffffffe7][0xffffffb4][0xffffffd4][0xffffffd3]pHO[0xfffffff3][0xffffffc2][0xfffffff8][0xfffffff2][0xffffff9f][0xffffffcb][0xffffffc7][0xffffffe5]0=[\r][0xffffffaf][0xffffffb7][0xffffffdb][0xfffffffb][0xffffffd3]n[0xffffffd7]>[0x1d][0xf][0xffffffe5][0xffffffed]q[0xffffffb9][0xffffffbc][0xffffffec][0xffffff8e][0xffffffe8][0xffffffef]i[0xffffffd9][0x1f][0xffffffaf][0xf]y[0xffffff8c][0xffffff94]&[0xffffffe2]o[0x14][0xffffffa3]u[0xffffffda][0xffffff8e]AT[0xffffffae][0xffffff91]k[0xffffffe2][0xffffffe0][0xffffffd4][0x8][0xffffffba]r[0xffffff85]\%.[0xffffffed]hB[0xffffffe5][0x12][0xffffffb9]$nA[0xffffff8f]`*[0x17][0xffffffc8][0x5]q[0xffffffe3][0xffffffe5][0xffffffe8][0x1c]s[0x11]"[0xfffffffe][0x12][0xffffffc7][0xffffffe5]][0x1d]/<rO\[0xffffffdb]0:Y[0xffffffb9]C[0xffffffee][0x12][0x17]f[0x4]U9 [0x7][0xffffffe2][0xffffffca][0xffffff84][0x11][0xffffffd6][0xfffffff1][0x16][0xffffffb9]%.[0xffffff83][0xffffffc5][0xffffff87][0xffffff95]c[0xffffffbc]"[0xffffffc5]Ka[0xffffffb8][0xffffffea][0xffffffbf][0xffffffc0]xE[0xffffff8a]W[0xffffff80][0x18][0xffffffa5]^[0x1d][0xffffffc2][0xffffff80]E[\n]"
11:48:27.482 [main] DEBUG org.apache.hc.client5.http.wire -- http-outgoing-11 << "X[0xffffffe0]|[0xffffffcd][0x2][0x18][0xffffffb0][0xffffffa0][0xffffff80]M[0xffffffb0]r4+[0xffffffc7][0xffffff80][0x5][0x5]l|[0xffffff80][0x11]8[0xffffffa1]![0xffffffc4][0x10][0x12]5[0x6][0xffffffd7]f[0xffffffea]c[0xffffffa0]`[0xffffff8d][0xffffffb3]~[0xffffffc4]e[0x18][0xffffffbb][0x18](V[0x3]A[0xffffffad]9[0x8][0x10][0x3]$[\n]"
11:48:27.483 [main] DEBUG org.apache.hc.client5.http.wire -- http-outgoing-11 << "f4[0xffffff96][0xffffffa9][0xffffff8d][0xffffffc1]&[0xffffffaa][0xfffffffd][0x8][0x1c]O01[0xffffff98]D19[0xffffffb8][0xffffff91][0xffffff8c]u[0xc][0x14][0xffffffa4][0xffffffb1][0xffffffce][0xffffffad][0xffffff9b][0x1a]T[0xc]*Q[0xffffffdc]R[0xffffffcc]2c[0x19]C[\n]"
11:48:27.483 [main] DEBUG org.apache.hc.client5.http.wire -- http-outgoing-11 << "[0xffffffd0][0xffffffe0][0x9][0xffffffc0]X[0x19][0xffffff8b][0x18]R|F[0xffffff8b]Qq[0xffffff9e]|[0xffffff88]>[0xffffffc5][0xffffffa7][0xfffffff1][0xffffff8f][0xffffffe2][0xffffff99][0xffffffbd][0xffffff8f]>[0xffffffc5][0xffffffa7][0xffffff95][0x19][0x3]0u[0xffffffd1][0xffffffa7][0xfffffff0][0xffffff94][0x17][0xffffffa3][0xfffffff7]L![0xfffffffa][0x14][0xffffff9e]28/[0xffffffa7][0xffffffc2][0xffffffdb][0xffffffe8]Sx[0xffffffd2][0xffffffeb][0xffffffd1][0xffffffb3]k[0xffffffde]D[0xffffff9f][0xffffffc2][0xffffff93][0xffffffc6][0xffffff8d][0xffffff9a]s[0xffffffec]u[0xfffffff4]):[0xffffffda]I[0xffffffcd][0xffffffa9][0xfffffff0]2[0xfffffffa][0x14][0xffffff86][0xffffffc0][0xffffffcc]K][0xffffff97][0x13][0xffffffd1]S[0x18]:[0xffffffa0]/x[0xffffff84][\n]"
11:48:27.483 [main] DEBUG org.apache.hc.client5.http.wire -- http-outgoing-11 << "v![0xffffffba][0xffffff90][0xffffffb0][0xffffffb1][0xffffffa3][0xffffffae][0xffffffd4]G[0xffffffe7][0x13][0xffffffc5][0xffffffb3][0xffffff83][0xffffffe7][0xffffff8a][0xffffffb1][0xffffff8b][0xffffff8e][0x2][0xffffffd1][0x1e][0xfffffff0][`7[0x1c]D[0x7][0xffffff89][0xffffffe2][0x1][0xffffff97][0xffffffaa][0xffffffce]a[0xffffffa3][0xffffffa3]H[0xffffffb4]sx[0xffffffc0][0xffffffd6][0xffffffd1]&:[0xffffff93][0xffffffb0][0xffffffc2][0xfffffff3][0xffffffcb]PGG[0xffffff91]h[0xffffffc0][0xffffff80][0xffffff80]]v**[0xffffffdc]Q[0xffffffb6][0xffffffe4][0xffffff9d]%[0xffffffc8]b[0xffffffc7] [0xffffff90][0xffffffc5]{[0x3][0xffffff9e],[0xffffffce](8[0xffffffb2]x7[0x1][0xffffffc8]bg[0xffffffc0][0xffffffa2]US[0x4][0xffffff86],[0xffffffce]9h[0xffffffb2]x= _t][0xffffff8f]|[0xffffffa9][0xffffffdf][0xc][0xffffff90]/Z[0xffffffdf]U[0xffffffb5][0xffffffdf][0xffffff97][0xffffffbf][0xffffffe7][0xffffffd3]i?[0xfffffffc]:_[0xffffffa6][0xffffffe7][0xffffffe5]{S[0xffffffca]^[0xffffffa6][0xffffffc3][0xffffffd7][0xffffffe5]_+[0xffffffd9][0x15]K[0xffffffd9][0xb][0x16][0xffffffd0][0xffffff8f]/#[0xffffff96][0xffffffd4][0xffffffdd][[0xffffff9e]b[0xffffffd7][0xffffffbc][0xffffffb0][0xffffffbb]L[0xffffffa7]i[0x7f][0xffffff9d][0xffffffae][0xf][0xffffffcf]y^[0xffffffa9]d[0xffffffc4][0xffffffb4]aBW"[0xffffff88][0xffffffe8][0xffffff86][0xffffffc8][0xffffffb0]!~C[0xffffffdc][0xffffff86][0xffffffc0][0xffffff86][0xffffffd8][\r]1[0x1b][0xffffffa2]7Dm[0xffffff88][0xffffffdc][0xffffff90][0xffffffe4][0xffffffb3][0x1a]U%"d[0xffffffb2][0xffffff8e][0x11]~C[0xffffffdc][0xffffff86][0xffffffc0][0xffffff86][0xffffffd8][\r]I>[0xffffffcb][0xffffff96][0xffffffe8][\r]Q[0x1b]"7Dt$[0xffffff84][0x1e][0xfffffff8][0x1e][0xffffffb8][0x1e]@[0xf]l[0xf]zoC[0xffffffef]l[0xffffffe8]}[\r][0xffffffbd][0xffffffab][0xffffff81]<[0xffffffc5][0xffffffaf][0xffffffad][0x1][0xffffffe3]i>[0x7f]|[0xffffffcf]X2[0xfffffff6][0xffffffa1][0x1b][0xffffffe7]}[0xf]\[0xf][0xffffffa0][0x7][0xffffffb6][0x7][0xffffffa6][0x7][0x14][0xffffff80][0xfffffff2][\r]P=[0xffffffa0][0x0][0xffffff94]k[0xffffff80][0xffffffe8][0xffffff80][0xb]=H[0xffffff9e]B[0x3]\[0xf][0xffffffa0][0x7][0xffffffb6][0x7][0xffffffa6][0x7][0xffffffba][0x7][0xffffffaa][0x7][0xffffffb2][0x7][0xffffffa2][0x3][0x10]z[0xffffff90]<[0xffffffb5][\r]H[0xffffff9e]6_0@[0xf]l[0xf][0xffffff92][0xffffffa7][0xffffffcd][0x7][0x4][0xffffffba][0x7][0xffffffc9][0xffffffd3][0xffffffe6][0xffffffd8]C[0xfffffff2][0xffffffb4]9[0x14] :`C[0xf]|[0xf]\[0xf][0xffffff92][0xffffffa7][0xffffffa2][0x1][0xffffff96]A[[0xb][0xffffffff]x[0xffffff9f].[0xfffffffb][0xffffffa6][0x2].d[0xffffffff][0xffffff9f][\n]"
11:48:27.483 [main] DEBUG org.apache.hc.client5.http.wire -- http-outgoing-11 << "[0xffffff98][0x6]^[0xffffff97][0xffffffe7][0xffffffdb][0xffffffe7][0xfffffffe]2e[0xffffff8b][0xffffffd5]]_[0xf][0xffffffd3][0xffffffc3][0xffffffa4][0xffffff8e]hy[0xffffffd4]![0xffffffa8]>[0xffffff94][0x10][0xffffffcc]Q[0x1d][0xffffffc9][0xffffff90]8^s[0x12]o[0xfffffff1][0xffffffc2]I[\r]&[0xfffffff5][0x15]P'[0xfffffff8][0xffffffc0][0xffffff98][0xffffffc4]`[0x12]_[0x1]E[0xffffff86][0xffffffd4][0xffffff8a]9[0xffffff89][0xffffffc1]$[0xffffffbe]<N[0x13][0x1c]c[0xffffffd2][0xffffff82]I{9[0xfffffffc][0xffffffb2]$[\n]"
11:48:27.483 [main] DEBUG org.apache.hc.client5.http.wire -- http-outgoing-11 << "[0xffffff98][0xffffffc2]E[0xffffffab]5[0xffffffb1][0xffffffc8]e[0xffffff8e]u[0xffffffa2][0xffffff91][0xffffff9a]R[0xffffff95]i[0xffffffb0]Z4J[0xffffffd3]3uw:[0xffffffd3][0x16][\n]"
11:48:27.483 [main] DEBUG org.apache.hc.client5.http.wire -- http-outgoing-11 << "[0xffffffad][0xffffffca][0xffffff94][0x1c]g[0xffffffb0][0xffffffad][0xffffffc8][0xffffffc4]L[0x14]lZ[0xffffff8d][0x19]J[0xffffff94]A[0xffffffb7][\n]"
11:48:27.483 [main] DEBUG org.apache.hc.client5.http.wire -- http-outgoing-11 << "[0x13]eI[0xffffffa6][0xffffffaa][0xffffffd5][0xffffff97][0xffffff98][0xffffffb4][0xffffff82]e+/I[0xffffffb9]e,Zu[0xffffffe9]K[0xffffffe0]>[0xffffffb4][0xffffffda][0x12][0xffffffa0]P[0xffffffdf][0x9][0xffffffcb]L]++[0xffffffa1]l[0xffffff8c][0xffffff87]VT[0xffffffd6][0x14]aq[0xffffffb9][0x13][0xffffff95][0x19][0xffffff9a]FS[0xfffffffa][0xffffffe2][0x18][0x16][0xffffff99];E[0xffffff99][0xffffffa1][0xffffffba][0x17][0xffffff94][0x19][0xffffffca]FOZ^_4r[0xffffff92]][0xffffffc5][0xffffffa2]s'&3[0xfffffff4][0xffffff9d][0xffffff96][0xffffffcc][0xffffffd4]5R[0xffffffd2]1[0xffffff84]FH[0xfffffffa][0xffffffb2]<V[0xffffffa1]UG[0xffffffb2][0xfffffff7]X[0xffffff89]V[0x19][0xffffff89][0x9].T72[0x12]xR[0xffffffd5][0xffffffa8]H_6[0x1c][0xffffffcb][0xffffffd2]*"[0xffffffeb]famZE$[0xffffff9f]u[0xffffffac]O[0xffffffab][0xffffff86][0xffffffe4][0x13][0xffffff8d]5[0xffffffaa][0xffffff91][0xffffff90][0xffffffb2][0xffffff84][0xffffff8a][0xffffff85][0xffffffaa]U[0xffffff90]e-[0xffffffac]V[0xffffffab][0xffffff80]t<[0xffffffab]m[0xfffffff4]#[0x1f]e[0xffffffac]Z[0xffffffab]z[0xffffffac][0xffffff87][0x13]KW[0xffffffa3][0x1e][0xfffffff9]S[0xffffffc3][0xfffffffa][0xffffffd5][0xffffff88][0xffffffc7][0xffffffba]V[0x11]}[0xffffffc9][0xffffffb0][0xffffffa1]5[0xffffff8a][0xffffffe4][0xffffffcb]FQ|[0xffffffd9]([0xffffff82]/[0x1b]E[0xffffffef]e[0xffffffa3][0xffffffc8][0xffffffbd]l[0x14][0xffffffb5][0xffffff97][0xffffff8d]"[0xfffffff6][0xffffffb2]![0xffffffb3][0xffffffba][0xffffffcb][0xffffff86]h[0xc]C[0x1e][0xffffffb0][0xffffffc7][0xffffff86]<[0xffffffd0]e[0x1d]C[0x1e][0xffffffa8][0xffffff92][0xc][0x3][0xffffffd9][0xffffffb8][0xffffff93][0xffffff87][0xfffffff3][0xffffffe1][0xffffffb2]Pe[0x1b]~9[0xffffffbe]LMm|[0xffffffbb]N[0x8][0xfffffffe][0xffffffb3]8[0x1e][0xffffffa7]o[0xffffffd3][0xffffff89]f[0x1d][0xffffffdf]x[0xffffff86]T)[0xffffffa7][0xfffffff3][0xffffffe3][0xffffffc7]uW[0xffffffd9]#M[0xffffffb2][0xffffffbb]-[0xffffffcb][0xffffffe9][0xffffffba][0xfffffffb][0xffffff9c][0xffffffbe][0xffffff94]b[0xfffffff9]@t[0xffffffed][0xffffff80][0xffffffa5][0xffffffc7][0x1b]C[0xfffffffa]B[0xffffffb9][0xffffffff][0xffffff95][0xe][0xffffffe5]9f2S[0xffffffee]~[0xffffffa5]S[0xffffffe9] g[0xffffffca][0xffffffbd][0xffffffaf][0x4][0xffffff90][0xffffffd4][0xffffff9b]f[0xffffffca][0xffffff9d][0xffffffaf][0xffffffb4]x>0{[0xffffff89][0xffffffd6][0xffffffbe]WZ,[0xffffffb4][0xffffffae][0xffffffac]V[0xffffffbb]^i[0x0][0xffffffe7][0xffffff85]B[0xffffffb9][0xffffffe7][0xffffffc5]n[0xffffff81][0xffffffee]"
11:48:27.483 [main] DEBUG org.apache.hc.client5.http.wire -- http-outgoing-11 << "[0xfffffff6][0xc][0xffffffb9][0xffffffe1][0xffffff95][0xffffffda][0xffffffd1]MZ([0xffffffb7][0xffffffbb][0xffffffd8][0xffffffb9]j[0xffffffac]`[0xffffff85]r[0xffffffb3]+[0x15]~[0xffffffa9][0xffffff8e]g[0xffffffe0]V[0x17]{[0x13]S[0xffffff83][0xffffffa8]}.[0xffffffde][0x6][0xffffff96]z[0xffffff87]L[0xffffffb9][0xffffffcb]Ea-[0xffffffd6]y[0xffffffb9][0xffffffc7][0xffffffc5][0xffffffcb][0xffffffc2]R[0xffffffa7]E[0xffffff94];\,[0xfffffffd]T(2+[0xfffffffd][0xffffffad][0xffffffa4][0xffffffe8]Jb[0xffffffb8][0xffffffb9][0xffffffc5][0xffffffd0]Te[0xffffffa5][0xffffffb5][0xffffffc5][0x18]Le[0xffffffa5][0xffffffb1]E[0xffffffaf][0xffffffea][0xffffffca][0xffffffdc][0xffffffd6][0x6][0xffffffac]1ZfTZ[0xffffffda][0xffffff80][0xffffffa9][0xffffffd7]eT[0xffffffe9]g[0xffffff83]X[0x17]([0xffffffbd][0xffffffac][0xffffffa7]JW^,}[0xffffffac][0xffffffc7][0xffffffc0]2[0xffffffe1][0x1e][0xffffff96]v<o[0xc][0xfffffff7][0xffffffaf][0xe]s[^[0xffffffe3][0xffffffe6][0x15] [0xffffff94]-[0xffffffe1][0xffffffc6][0x15][0xfffffff0]H@[0xffffffce][0x5]w[0xffffffad][0xffffff96][0x12]\F[0xffffff95][0xffffff96][0xffffffd5]&[0xffffffe1][0xffffff92][0x8][0xffffffb7][0xffffffab]X[0x1a]lY[0xf][0xffffffab]W[0xffffffae][0xffffff9e][0xffffff81]}[0xffffffe2][0xffffffee][0x15][0xffffffef][0xffffffd9][0xffffffb2]U[0xffffffb5]s[0xffffffc5][0xffffff88][0xfffffff1][0xffffffdc]%V[0xffffffdb]V:[0xffffffb3][0xffffff99][0xffffff94][0xffffff96]U9>:[0xffffffdc][0xffffffad]*]I[0xffffffe9]T[0xffffffa9],[0x16]R[0xffffff9a]T[0xffffffa9]I.$dL|[0xffffffbf]L[0xffffff8f][0xfffffff3][0xfffffff9]z[0xffffffdb][0xffffff9f]N[0xffffffd3]1C[0x15][0xffffff81]nv[0xffffff9d][0xffffffcf][0xffffff89][0xffffff91][0x11]K[0x18][0xffffffa8][0xffffff90][0xffffffc3]7"b[0xffffff9d][0xffffffc4][0xffffffdb].[0xffffffef][0xffffff87][0xfffffff6][0x11]?,[0xffffffa3]C6[0x15][0x15][0x1d][0xffffffdc]i[0xffffff9f][0xffffffcf][0x8][0xfffffff6]gtec[0xffffffbd]~[0xfffffff8][0x7][0x18]<[0xfffffffe][0xffffff8d]h[0x13][0x0][0x0]"
11:48:27.483 [main] DEBUG org.apache.hc.client5.http.impl.classic.InternalHttpClient -- ep-0000000019 releasing valid endpoint
11:48:27.483 [main] DEBUG org.apache.hc.client5.http.impl.io.PoolingHttpClientConnectionManager -- ep-0000000019 releasing endpoint
11:48:27.484 [main] DEBUG org.apache.hc.client5.http.impl.io.PoolingHttpClientConnectionManager -- ep-0000000019 connection http-outgoing-11 can be kept alive for 3 MINUTES
11:48:27.484 [main] DEBUG org.apache.hc.client5.http.impl.io.PoolingHttpClientConnectionManager -- ep-0000000019 connection released [route: {s}->https://raw.githubusercontent.com:443][total available: 2; route allocated: 1 of 5; total allocated: 3 of 25]
11:48:27.484 [main] DEBUG io.github.bonigarcia.wdm.versions.VersionDetector -- Driver for chrome121 not found in online properties (using local versions.properties)
11:48:27.484 [main] DEBUG io.github.bonigarcia.wdm.WebDriverManager -- The driver version for CHROME 121 is unknown ... trying with latest
11:48:27.487 [main] DEBUG org.apache.hc.client5.http.impl.classic.InternalHttpClient -- ex-0000000020 preparing request execution
11:48:27.487 [main] DEBUG org.apache.hc.client5.http.impl.classic.ProtocolExec -- ex-0000000020 target auth state: UNCHALLENGED
11:48:27.487 [main] DEBUG org.apache.hc.client5.http.impl.classic.ProtocolExec -- ex-0000000020 proxy auth state: UNCHALLENGED
11:48:27.487 [main] DEBUG org.apache.hc.client5.http.impl.classic.ConnectExec -- ex-0000000020 acquiring connection with route {s}->https://googlechromelabs.github.io:443
11:48:27.487 [main] DEBUG org.apache.hc.client5.http.impl.classic.InternalHttpClient -- ex-0000000020 acquiring endpoint (3 MINUTES)
11:48:27.487 [main] DEBUG org.apache.hc.client5.http.impl.io.PoolingHttpClientConnectionManager -- ex-0000000020 endpoint lease request (3 MINUTES) [route: {s}->https://googlechromelabs.github.io:443][total available: 2; route allocated: 1 of 5; total allocated: 3 of 25]
11:48:27.488 [main] DEBUG org.apache.hc.client5.http.impl.io.PoolingHttpClientConnectionManager -- ex-0000000020 endpoint leased [route: {s}->https://googlechromelabs.github.io:443][total available: 1; route allocated: 1 of 5; total allocated: 3 of 25]
11:48:27.488 [main] DEBUG org.apache.hc.client5.http.impl.io.PoolingHttpClientConnectionManager -- ex-0000000020 acquired ep-0000000020
11:48:27.488 [main] DEBUG org.apache.hc.client5.http.impl.classic.InternalHttpClient -- ex-0000000020 acquired endpoint ep-0000000020
11:48:27.488 [main] DEBUG org.apache.hc.client5.http.impl.classic.MainClientExec -- ex-0000000020 executing GET /chrome-for-testing/last-known-good-versions-with-downloads.json HTTP/1.1
11:48:27.488 [main] DEBUG org.apache.hc.client5.http.protocol.RequestAddCookies -- ex-0000000020 Cookie spec selected: strict
11:48:27.488 [main] DEBUG org.apache.hc.client5.http.impl.classic.InternalHttpClient -- ep-0000000020 start execution ex-0000000020
11:48:27.488 [main] DEBUG org.apache.hc.client5.http.impl.io.PoolingHttpClientConnectionManager -- ep-0000000020 executing exchange ex-0000000020 over http-outgoing-9
11:48:27.488 [main] DEBUG org.apache.hc.client5.http.headers -- http-outgoing-9 >> GET /chrome-for-testing/last-known-good-versions-with-downloads.json HTTP/1.1
11:48:27.488 [main] DEBUG org.apache.hc.client5.http.headers -- http-outgoing-9 >> user-agent: Apache-HttpClient/5.0
11:48:27.488 [main] DEBUG org.apache.hc.client5.http.headers -- http-outgoing-9 >> accept-encoding: gzip, deflate, br
11:48:27.488 [main] DEBUG org.apache.hc.client5.http.headers -- http-outgoing-9 >> cache-control: max-age=0
11:48:27.488 [main] DEBUG org.apache.hc.client5.http.headers -- http-outgoing-9 >> connection: keep-alive
11:48:27.488 [main] DEBUG org.apache.hc.client5.http.headers -- http-outgoing-9 >> Host: googlechromelabs.github.io
11:48:27.488 [main] DEBUG org.apache.hc.client5.http.wire -- http-outgoing-9 >> "GET /chrome-for-testing/last-known-good-versions-with-downloads.json HTTP/1.1[\r][\n]"
11:48:27.488 [main] DEBUG org.apache.hc.client5.http.wire -- http-outgoing-9 >> "user-agent: Apache-HttpClient/5.0[\r][\n]"
11:48:27.488 [main] DEBUG org.apache.hc.client5.http.wire -- http-outgoing-9 >> "accept-encoding: gzip, deflate, br[\r][\n]"
11:48:27.488 [main] DEBUG org.apache.hc.client5.http.wire -- http-outgoing-9 >> "cache-control: max-age=0[\r][\n]"
11:48:27.488 [main] DEBUG org.apache.hc.client5.http.wire -- http-outgoing-9 >> "connection: keep-alive[\r][\n]"
11:48:27.488 [main] DEBUG org.apache.hc.client5.http.wire -- http-outgoing-9 >> "Host: googlechromelabs.github.io[\r][\n]"
11:48:27.488 [main] DEBUG org.apache.hc.client5.http.wire -- http-outgoing-9 >> "[\r][\n]"
11:48:27.659 [main] DEBUG org.apache.hc.client5.http.wire -- http-outgoing-9 << "HTTP/1.1 200 OK[\r][\n]"
11:48:27.659 [main] DEBUG org.apache.hc.client5.http.wire -- http-outgoing-9 << "Connection: keep-alive[\r][\n]"
11:48:27.659 [main] DEBUG org.apache.hc.client5.http.wire -- http-outgoing-9 << "Content-Length: 640[\r][\n]"
11:48:27.659 [main] DEBUG org.apache.hc.client5.http.wire -- http-outgoing-9 << "Server: GitHub.com[\r][\n]"
11:48:27.659 [main] DEBUG org.apache.hc.client5.http.wire -- http-outgoing-9 << "Content-Type: application/json; charset=utf-8[\r][\n]"
11:48:27.659 [main] DEBUG org.apache.hc.client5.http.wire -- http-outgoing-9 << "permissions-policy: interest-cohort=()[\r][\n]"
11:48:27.659 [main] DEBUG org.apache.hc.client5.http.wire -- http-outgoing-9 << "x-origin-cache: HIT[\r][\n]"
11:48:27.659 [main] DEBUG org.apache.hc.client5.http.wire -- http-outgoing-9 << "Last-Modified: Mon, 12 Feb 2024 04:09:36 GMT[\r][\n]"
11:48:27.659 [main] DEBUG org.apache.hc.client5.http.wire -- http-outgoing-9 << "Access-Control-Allow-Origin: *[\r][\n]"
11:48:27.659 [main] DEBUG org.apache.hc.client5.http.wire -- http-outgoing-9 << "Strict-Transport-Security: max-age=31556952[\r][\n]"
11:48:27.659 [main] DEBUG org.apache.hc.client5.http.wire -- http-outgoing-9 << "ETag: W/"65c99a00-229c"[\r][\n]"
11:48:27.659 [main] DEBUG org.apache.hc.client5.http.wire -- http-outgoing-9 << "expires: Mon, 12 Feb 2024 04:21:25 GMT[\r][\n]"
11:48:27.659 [main] DEBUG org.apache.hc.client5.http.wire -- http-outgoing-9 << "Cache-Control: max-age=600[\r][\n]"
11:48:27.659 [main] DEBUG org.apache.hc.client5.http.wire -- http-outgoing-9 << "Content-Encoding: gzip[\r][\n]"
11:48:27.659 [main] DEBUG org.apache.hc.client5.http.wire -- http-outgoing-9 << "x-proxy-cache: HIT[\r][\n]"
11:48:27.659 [main] DEBUG org.apache.hc.client5.http.wire -- http-outgoing-9 << "X-GitHub-Request-Id: 7E68:202855:5C382C1:5E35C94:65C99AB6[\r][\n]"
11:48:27.659 [main] DEBUG org.apache.hc.client5.http.wire -- http-outgoing-9 << "Accept-Ranges: bytes[\r][\n]"
11:48:27.659 [main] DEBUG org.apache.hc.client5.http.wire -- http-outgoing-9 << "Date: Mon, 12 Feb 2024 04:48:27 GMT[\r][\n]"
11:48:27.659 [main] DEBUG org.apache.hc.client5.http.wire -- http-outgoing-9 << "Via: 1.1 varnish[\r][\n]"
11:48:27.659 [main] DEBUG org.apache.hc.client5.http.wire -- http-outgoing-9 << "Age: 283[\r][\n]"
11:48:27.659 [main] DEBUG org.apache.hc.client5.http.wire -- http-outgoing-9 << "X-Served-By: cache-fra-eddf8230134-FRA[\r][\n]"
11:48:27.659 [main] DEBUG org.apache.hc.client5.http.wire -- http-outgoing-9 << "X-Cache: HIT[\r][\n]"
11:48:27.659 [main] DEBUG org.apache.hc.client5.http.wire -- http-outgoing-9 << "X-Cache-Hits: 5[\r][\n]"
11:48:27.659 [main] DEBUG org.apache.hc.client5.http.wire -- http-outgoing-9 << "X-Timer: S1707713308.645844,VS0,VE0[\r][\n]"
11:48:27.659 [main] DEBUG org.apache.hc.client5.http.wire -- http-outgoing-9 << "Vary: Accept-Encoding[\r][\n]"
11:48:27.659 [main] DEBUG org.apache.hc.client5.http.wire -- http-outgoing-9 << "X-Fastly-Request-ID: 0c48827732dfce4deac5f7f0dbf235addf8be9fb[\r][\n]"
11:48:27.659 [main] DEBUG org.apache.hc.client5.http.wire -- http-outgoing-9 << "[\r][\n]"
11:48:27.659 [main] DEBUG org.apache.hc.client5.http.headers -- http-outgoing-9 << HTTP/1.1 200 OK
11:48:27.659 [main] DEBUG org.apache.hc.client5.http.headers -- http-outgoing-9 << Connection: keep-alive
11:48:27.659 [main] DEBUG org.apache.hc.client5.http.headers -- http-outgoing-9 << Content-Length: 640
11:48:27.659 [main] DEBUG org.apache.hc.client5.http.headers -- http-outgoing-9 << Server: GitHub.com
11:48:27.659 [main] DEBUG org.apache.hc.client5.http.headers -- http-outgoing-9 << Content-Type: application/json; charset=utf-8
11:48:27.659 [main] DEBUG org.apache.hc.client5.http.headers -- http-outgoing-9 << permissions-policy: interest-cohort=()
11:48:27.659 [main] DEBUG org.apache.hc.client5.http.headers -- http-outgoing-9 << x-origin-cache: HIT
11:48:27.659 [main] DEBUG org.apache.hc.client5.http.headers -- http-outgoing-9 << Last-Modified: Mon, 12 Feb 2024 04:09:36 GMT
11:48:27.659 [main] DEBUG org.apache.hc.client5.http.headers -- http-outgoing-9 << Access-Control-Allow-Origin: *
11:48:27.659 [main] DEBUG org.apache.hc.client5.http.headers -- http-outgoing-9 << Strict-Transport-Security: max-age=31556952
11:48:27.659 [main] DEBUG org.apache.hc.client5.http.headers -- http-outgoing-9 << ETag: W/"65c99a00-229c"
11:48:27.659 [main] DEBUG org.apache.hc.client5.http.headers -- http-outgoing-9 << expires: Mon, 12 Feb 2024 04:21:25 GMT
11:48:27.659 [main] DEBUG org.apache.hc.client5.http.headers -- http-outgoing-9 << Cache-Control: max-age=600
11:48:27.659 [main] DEBUG org.apache.hc.client5.http.headers -- http-outgoing-9 << Content-Encoding: gzip
11:48:27.659 [main] DEBUG org.apache.hc.client5.http.headers -- http-outgoing-9 << x-proxy-cache: HIT
11:48:27.659 [main] DEBUG org.apache.hc.client5.http.headers -- http-outgoing-9 << X-GitHub-Request-Id: 7E68:202855:5C382C1:5E35C94:65C99AB6
11:48:27.659 [main] DEBUG org.apache.hc.client5.http.headers -- http-outgoing-9 << Accept-Ranges: bytes
11:48:27.659 [main] DEBUG org.apache.hc.client5.http.headers -- http-outgoing-9 << Date: Mon, 12 Feb 2024 04:48:27 GMT
11:48:27.659 [main] DEBUG org.apache.hc.client5.http.headers -- http-outgoing-9 << Via: 1.1 varnish
11:48:27.659 [main] DEBUG org.apache.hc.client5.http.headers -- http-outgoing-9 << Age: 283
11:48:27.659 [main] DEBUG org.apache.hc.client5.http.headers -- http-outgoing-9 << X-Served-By: cache-fra-eddf8230134-FRA
11:48:27.659 [main] DEBUG org.apache.hc.client5.http.headers -- http-outgoing-9 << X-Cache: HIT
11:48:27.659 [main] DEBUG org.apache.hc.client5.http.headers -- http-outgoing-9 << X-Cache-Hits: 5
11:48:27.659 [main] DEBUG org.apache.hc.client5.http.headers -- http-outgoing-9 << X-Timer: S1707713308.645844,VS0,VE0
11:48:27.659 [main] DEBUG org.apache.hc.client5.http.headers -- http-outgoing-9 << Vary: Accept-Encoding
11:48:27.659 [main] DEBUG org.apache.hc.client5.http.headers -- http-outgoing-9 << X-Fastly-Request-ID: 0c48827732dfce4deac5f7f0dbf235addf8be9fb
11:48:27.659 [main] DEBUG org.apache.hc.client5.http.impl.classic.MainClientExec -- ex-0000000020 connection can be kept alive for 3 MINUTES
11:48:27.659 [main] DEBUG org.apache.hc.client5.http.wire -- http-outgoing-9 << "[0x1f][0xffffff8b][0x8][0x0][0x0][0x0][0x0][0x0][0x0][0x3][0xffffffcd][0xffffff96][0xffffffcb][0xffffff8e][0xffffff9b]0[0x14][0xffffff86][0xfffffff7]}[0xc][0xffffffaf][0xffffffc1]`[0x8][0xffffffe4][0xffffffb2][0xffffff9c][0xffffff99]7hWSu[0xffffffe1][0x6]7A2[0x10][0xffffff81]'[0xffffffd3]N[0xffffffc4][0xffffffbb][0xffffffd7][0x10][0xffffffc3]p[0xffffffb1][0xffffff99]U|[0xffffff90]"%[0x1c][0xffffff9c]s~[0xffffffd0][0xffffffa7][0xffffffa3][0xffffffef][0xffffff86]D[0xffffff9a][0xffffffb1]J[0xffffffd0][0xffffffec][0xffffff82][0xe]([0xfffffff0][0xffffff83][0xffffff8d][0xffffffeb][0x7].!?[0x2]r[0xfffffff0][0xfffffff7][0xfffffff2][0xffffff83]}B^[0xffffff91][0xffffff83][0xffffff8e]g[0xffffff9a][0xffffffe7][0xffffff8c]W[0xffffffe8]pC[0xffffffdf][0x5][0xfffffffd][0xffffffcd]Y[0xfffffff3]KU[0xffffffe5]_U[0xffffffcd]AWVVi[0xffffff91][0xffffffcb][0x12][0x9][0x8][0xfffffff6]qL[0xffffffe2]-[0xffffffde]E[0xfffffff2]N[0xffffffc9][0xffffffae]i[0x7f]+[0xc][0xffffff89][0xffffffbf][0xffffff95][0xffffffc5][0xffffffa4]x[0xffffffcf]yA[0xffffff93][0xffffffea][0xffffffde][0xffffffae],2[0xffffffd9][0xfffffff8][0xffffffe7][\r]]8[0x15][0x7f][0xffffff8a]2[0xffffff93][0xffffff87]y[0xffffff9a][0xffffffbf][0xfffffffd][0xffffff8d]7[0xfffffff2][0xfffffff0][[0xffffffd9][0xffffff8c]:[0xb]q[0xffffffa9][0xe][0xffffff9e][0xffffffc7][0xffffff92][0x13]K8[0xffffffce][0x18]>][0x5][0xffffffc1][0xffffffc7]"S%[0xffffffef][0xffffffde]G}[0xffffffb9][0xffffffb2][0xffffff8d]+[0xffffffe4]3[0xffffffa6][0xfffffff9][0xffffffc9][0x1b]e[0xfffffff2]T[0xffffffe7][0xffffffee][0xffffffa0][0xffffffba][0xffffffc4][0x1f][0xffffffe9][0x5][0xffffffd5][0xffffffce](CF[0xffffff8f].-[0xffffffb3][0xffffff87][0xffffffa4][0xffffffe8]{wG[0xfffffffb][0xffffff82])[0xffffffc9]c[0xffffffde][0xffffff86][0xffffffea]<Lax[0x1b][0xffffffef]i[0x1e][0x6][0xf]H[0xffffffd0][0xfffffff6][0xffffffed][0xffffff8e][0xffffffb5][0x17][0xffffff86][0xffffffe9][0xf]y[0xfffffffe][0xffffffb6][0xffffffef]`z[0xfffffff7][0xffffffec][0xffffffbf][0x1c][0x5]fR[0xffffffa6][0xffffff92]n(<[0xffffffef][0xffffffd3][0xffffffd7][0x2][0xffffffa9]J[0xffffffb3][\n]"
11:48:27.659 [main] DEBUG org.apache.hc.client5.http.wire -- http-outgoing-9 << "T[0x7]Y[0x0][0xffffff81]U)@[0xffffffb1][0xfffffffd][0xffffffcc]0[0xffffff83][0xffffffd7]=3[0xffffff9a]pVUnuf[0xffffff9c]CQ<[0xffffff89][0xffffffb1][0x16][0xffffff9c][0xffffffa7][0xffffffb1]V[0xffffffc1][0xffffffb5].[0x14] [0xffffffe0][0xffffffd3]8[0xffffffa0][0xffffffa4]k[0xffffffc2][0xfffffff4][0xffffffc8][0xffffffd7][0xffffffb5][0xffffff83][0xffffff9e][0xffffff98][0xffffffa0]cCi+c?[0x9][0xffffff9a][0xffffffe6]ALp[0xffffffb0][0xffffff9f][0xfffffffa]I[0xffffffe4]G;[0x1f][0xffffffc2]O[0x6][0xffffff99][0x0][0xfffffffd]d[0xffffff98][0x2][0xffffffd2]O[0xffffffa6]9[0xffffffec][0xfffffffb][0xffffffc9]0[0xffffff81]}?[0xffffff99]L[0xffffff87][0xfffffff7][0x13]3[0xffffff9e][0xfffffff6][0xfffffffd]d[0x9]R[0xfffffffb]~bF[0xffffffd5][0xffffffae][0xffffff9f][0xffffff98][0xffffff80][0xffffffb5][0xffffffe9]'&l[0xffffffd7][0xffffffe2]'[0xb]K[0x16][0xffffffce]O[0x16]w.[0xffffff9c][0xffffff9f],[0xffffffac]`[0x18]?1nd[0x8]?1.[0xffffffe8]/[0xfffffffc][0xffffffe4][0xffffff85]][0xffffffc7]z[0xffffffd2][0x14][0xffffffc6]v[0x12][0xffffffb6][0xffffffad]w1[0xfffffff6]gr[0xffffffb2]%[0xffffff9b][0x10]BN>#[0x1][0xffffffba][0xffffffc9] [0x4][0xffffffa4][0xffffff9a]Lb[0xffffffd8]7[0xffffff93]A[0x0][0xfffffffb]b2[0x1e][0xe][0xffffffef]%F2[0xffffffed]k[0xffffffc9][0x2][0xffffff9f][0xfffffff6][0xffffffad][0xffffffc4]H[0xffffffa9]])1[0xffffffb0]j[0xffffffd3]I[0xc][0xffffffc4][0xffffffae]EI[0xffffffcc][0xffffffab][0x15][0xffffffce]H[0xffffff96]6-[0xffffff9c][0xffffff90][0xffffff98][0x17]/[0xffffff8c][0xffffff8f][0xffffff98][0xfffffff6]0[0xffffff84][0xffffff8e][0xffffff98][0xffffffd6][0xfffffff2][0x17]6[0xfffffff2]LsZ[0xfffffffe][0x1b][0xb][0xffffff89][0xffffffaa][0xffffffe9][0xffffff9c]d[0x1f]i[0xffffff9c]d[0xffffffb7][0xffffff8f][0x8][0xffffff9c][0xffffff93]4[0xffffff91][0xffffffc0][0xffffff9d][0xffffffa4][\r][0x1][0xffffffef]$}[0xc]('i[0x3]@9I7|-N[0xffffffa2]![0x13][0xffffffca]I[0xffffffb4]|B9[0xffffff89][0xffffff86]R[0x8]'[0xffffff99][0xffffffb1]j[0xffffffdf]If[0xffffffc4][0xffffffae][0xffffffcb]It[0xffffffab][0x15][0xffffffda]I[0xfffffff4][0xffffff9b][0x16][0xffffffda]It[0xffffff8b][0x17][0xffffffd2]I[0xffffffe6]{[0x18][0xffffffce]I[0xffffffe6]ky[0xffffffd1]I[0xffffffea][0xfffffffa][0xffffffdb][0x7f][0xffffffd5][0xffffffa2][0xffffff9a]W[0xffffff9c]"[0x0][0x0]"
11:48:27.660 [main] DEBUG org.apache.hc.client5.http.impl.classic.InternalHttpClient -- ep-0000000020 releasing valid endpoint
11:48:27.660 [main] DEBUG org.apache.hc.client5.http.impl.io.PoolingHttpClientConnectionManager -- ep-0000000020 releasing endpoint
11:48:27.661 [main] DEBUG org.apache.hc.client5.http.impl.io.PoolingHttpClientConnectionManager -- ep-0000000020 connection http-outgoing-9 can be kept alive for 3 MINUTES
11:48:27.661 [main] DEBUG org.apache.hc.client5.http.impl.io.PoolingHttpClientConnectionManager -- ep-0000000020 connection released [route: {s}->https://googlechromelabs.github.io:443][total available: 2; route allocated: 1 of 5; total allocated: 3 of 25]
11:48:27.663 [main] DEBUG io.github.bonigarcia.wdm.WebDriverManager -- Driver to be downloaded chromedriver 121.0.6167.85
11:48:27.663 [main] DEBUG io.github.bonigarcia.wdm.cache.ResolutionCache -- Storing resolution chrome=121 in cache (valid until 12:48:27 12/02/2024 WIB)
11:48:27.664 [main] DEBUG io.github.bonigarcia.wdm.cache.ResolutionCache -- Storing resolution chrome121=121.0.6167.85 in cache (valid until 11:48:27 13/02/2024 WIB)
11:48:27.665 [main] INFO io.github.bonigarcia.wdm.WebDriverManager -- Exporting webdriver.chrome.driver as /Users/fizkiarditiakusuma/.cache/selenium/chromedriver/mac-arm64/121.0.6167.85/chromedriver
  &amp#27;[32mGiven &amp#27;[0m&amp#27;[32mPengguna telah membuka situs Kepabeanan&amp#27;[0m                                          &amp#27;[90m# step_definitions.login.penggunaTelahMembukaSitusKepabeanan()&amp#27;[0m
  &amp#27;[32mWhen &amp#27;[0m&amp#27;[32mPengguna memasukkan Nama Pengguna yang benar dan Kata Sandi yang salah di halaman&amp#27;[0m &amp#27;[90m# step_definitions.login.penggunaMemasukkanNamaPenggunaYangBenarDanKataSandiYangSalahDiHalaman()&amp#27;[0m
  &amp#27;[32mThen &amp#27;[0m&amp#27;[32mPengguna melihat pesan kesalahan &amp#27;[0m&amp#27;[32m&amp#27;[1m"Username tidak ditemukan atau tidak sesuai."&amp#27;[0m    &amp#27;[90m# step_definitions.login.penggunaMelihatPesanKesalahan(java.lang.String)&amp#27;[0m
]]></system-out>
  </testcase>
  <testcase name="LG 004 - Verifikasi Field Username #1" classname="login" time="6.213">
    <system-out><![CDATA[
@login
Scenario Outline: LG 004 - Verifikasi Field Username                           &amp#27;[90m# features//login.feature:28&amp#27;[0m
11:48:32.416 [main] DEBUG io.github.bonigarcia.wdm.WebDriverManager -- Using WebDriverManager 5.6.3
11:48:32.419 [main] DEBUG io.github.bonigarcia.wdm.WebDriverManager -- Using URL built from repository pattern: https://edgedl.me.gvt1.com/edgedl/chrome/chrome-for-testing/121.0.6167.139/mac-arm64/chromedriver-mac-arm64.zip
11:48:32.420 [main] DEBUG org.apache.hc.client5.http.impl.classic.InternalHttpClient -- ex-0000000021 preparing request execution
11:48:32.420 [main] DEBUG org.apache.hc.client5.http.impl.classic.ProtocolExec -- ex-0000000021 target auth state: UNCHALLENGED
11:48:32.420 [main] DEBUG org.apache.hc.client5.http.impl.classic.ProtocolExec -- ex-0000000021 proxy auth state: UNCHALLENGED
11:48:32.420 [main] DEBUG org.apache.hc.client5.http.impl.classic.ConnectExec -- ex-0000000021 acquiring connection with route {s}->https://googlechromelabs.github.io:443
11:48:32.420 [main] DEBUG org.apache.hc.client5.http.impl.classic.InternalHttpClient -- ex-0000000021 acquiring endpoint (3 MINUTES)
11:48:32.420 [main] DEBUG org.apache.hc.client5.http.impl.io.PoolingHttpClientConnectionManager -- ex-0000000021 endpoint lease request (3 MINUTES) [route: {s}->https://googlechromelabs.github.io:443][total available: 0; route allocated: 0 of 5; total allocated: 0 of 25]
11:48:32.420 [main] DEBUG org.apache.hc.client5.http.impl.io.PoolingHttpClientConnectionManager -- ex-0000000021 endpoint leased [route: {s}->https://googlechromelabs.github.io:443][total available: 0; route allocated: 1 of 5; total allocated: 1 of 25]
11:48:32.420 [main] DEBUG org.apache.hc.client5.http.impl.io.PoolingHttpClientConnectionManager -- ex-0000000021 acquired ep-0000000021
11:48:32.420 [main] DEBUG org.apache.hc.client5.http.impl.classic.InternalHttpClient -- ex-0000000021 acquired endpoint ep-0000000021
11:48:32.420 [main] DEBUG org.apache.hc.client5.http.impl.classic.ConnectExec -- ex-0000000021 opening connection {s}->https://googlechromelabs.github.io:443
11:48:32.420 [main] DEBUG org.apache.hc.client5.http.impl.classic.InternalHttpClient -- ep-0000000021 connecting endpoint (null)
11:48:32.420 [main] DEBUG org.apache.hc.client5.http.impl.io.PoolingHttpClientConnectionManager -- ep-0000000021 connecting endpoint to https://googlechromelabs.github.io:443 (30 SECONDS)
11:48:32.420 [main] DEBUG org.apache.hc.client5.http.impl.io.DefaultHttpClientConnectionOperator -- googlechromelabs.github.io resolving remote address
11:48:32.420 [main] DEBUG org.apache.hc.client5.http.impl.io.DefaultHttpClientConnectionOperator -- googlechromelabs.github.io resolved to [googlechromelabs.github.io/185.199.108.153, googlechromelabs.github.io/185.199.111.153, googlechromelabs.github.io/185.199.109.153, googlechromelabs.github.io/185.199.110.153, googlechromelabs.github.io/2606:50c0:8000:0:0:0:0:153, googlechromelabs.github.io/2606:50c0:8001:0:0:0:0:153, googlechromelabs.github.io/2606:50c0:8002:0:0:0:0:153, googlechromelabs.github.io/2606:50c0:8003:0:0:0:0:153]
11:48:32.420 [main] DEBUG org.apache.hc.client5.http.impl.io.DefaultHttpClientConnectionOperator -- googlechromelabs.github.io:443 connecting null->googlechromelabs.github.io/185.199.108.153:443 (30 SECONDS)
11:48:32.420 [main] DEBUG org.apache.hc.client5.http.ssl.SSLConnectionSocketFactory -- Connecting socket to googlechromelabs.github.io/185.199.108.153:443 with timeout 30 SECONDS
11:48:32.591 [main] DEBUG org.apache.hc.client5.http.ssl.SSLConnectionSocketFactory -- Enabled protocols: [TLSv1.3, TLSv1.2]
11:48:32.591 [main] DEBUG org.apache.hc.client5.http.ssl.SSLConnectionSocketFactory -- Enabled cipher suites: [TLS_AES_256_GCM_SHA384, TLS_AES_128_GCM_SHA256, TLS_CHACHA20_POLY1305_SHA256, TLS_ECDHE_ECDSA_WITH_AES_256_GCM_SHA384, TLS_ECDHE_ECDSA_WITH_AES_128_GCM_SHA256, TLS_ECDHE_ECDSA_WITH_CHACHA20_POLY1305_SHA256, TLS_ECDHE_RSA_WITH_AES_256_GCM_SHA384, TLS_ECDHE_RSA_WITH_CHACHA20_POLY1305_SHA256, TLS_ECDHE_RSA_WITH_AES_128_GCM_SHA256, TLS_DHE_RSA_WITH_AES_256_GCM_SHA384, TLS_DHE_RSA_WITH_CHACHA20_POLY1305_SHA256, TLS_DHE_DSS_WITH_AES_256_GCM_SHA384, TLS_DHE_RSA_WITH_AES_128_GCM_SHA256, TLS_DHE_DSS_WITH_AES_128_GCM_SHA256, TLS_ECDHE_ECDSA_WITH_AES_256_CBC_SHA384, TLS_ECDHE_RSA_WITH_AES_256_CBC_SHA384, TLS_ECDHE_ECDSA_WITH_AES_128_CBC_SHA256, TLS_ECDHE_RSA_WITH_AES_128_CBC_SHA256, TLS_DHE_RSA_WITH_AES_256_CBC_SHA256, TLS_DHE_DSS_WITH_AES_256_CBC_SHA256, TLS_DHE_RSA_WITH_AES_128_CBC_SHA256, TLS_DHE_DSS_WITH_AES_128_CBC_SHA256, TLS_ECDH_ECDSA_WITH_AES_256_GCM_SHA384, TLS_ECDH_RSA_WITH_AES_256_GCM_SHA384, TLS_ECDH_ECDSA_WITH_AES_128_GCM_SHA256, TLS_ECDH_RSA_WITH_AES_128_GCM_SHA256, TLS_ECDH_ECDSA_WITH_AES_256_CBC_SHA384, TLS_ECDH_RSA_WITH_AES_256_CBC_SHA384, TLS_ECDH_ECDSA_WITH_AES_128_CBC_SHA256, TLS_ECDH_RSA_WITH_AES_128_CBC_SHA256, TLS_ECDHE_ECDSA_WITH_AES_256_CBC_SHA, TLS_ECDHE_RSA_WITH_AES_256_CBC_SHA, TLS_ECDHE_ECDSA_WITH_AES_128_CBC_SHA, TLS_ECDHE_RSA_WITH_AES_128_CBC_SHA, TLS_DHE_RSA_WITH_AES_256_CBC_SHA, TLS_DHE_DSS_WITH_AES_256_CBC_SHA, TLS_DHE_RSA_WITH_AES_128_CBC_SHA, TLS_DHE_DSS_WITH_AES_128_CBC_SHA, TLS_ECDH_ECDSA_WITH_AES_256_CBC_SHA, TLS_ECDH_RSA_WITH_AES_256_CBC_SHA, TLS_ECDH_ECDSA_WITH_AES_128_CBC_SHA, TLS_ECDH_RSA_WITH_AES_128_CBC_SHA, TLS_RSA_WITH_AES_256_GCM_SHA384, TLS_RSA_WITH_AES_128_GCM_SHA256, TLS_RSA_WITH_AES_256_CBC_SHA256, TLS_RSA_WITH_AES_128_CBC_SHA256, TLS_RSA_WITH_AES_256_CBC_SHA, TLS_RSA_WITH_AES_128_CBC_SHA, TLS_EMPTY_RENEGOTIATION_INFO_SCSV]
11:48:32.591 [main] DEBUG org.apache.hc.client5.http.ssl.SSLConnectionSocketFactory -- Starting handshake (null)
11:48:32.778 [main] DEBUG org.apache.hc.client5.http.ssl.SSLConnectionSocketFactory -- Secure session established
11:48:32.778 [main] DEBUG org.apache.hc.client5.http.ssl.SSLConnectionSocketFactory --  negotiated protocol: TLSv1.3
11:48:32.778 [main] DEBUG org.apache.hc.client5.http.ssl.SSLConnectionSocketFactory --  negotiated cipher suite: TLS_AES_128_GCM_SHA256
11:48:32.778 [main] DEBUG org.apache.hc.client5.http.ssl.SSLConnectionSocketFactory --  peer principal: CN=*.github.io, O="GitHub, Inc.", L=San Francisco, ST=California, C=US
11:48:32.778 [main] DEBUG org.apache.hc.client5.http.ssl.SSLConnectionSocketFactory --  peer alternative names: [*.github.io, github.io, *.github.com, github.com, www.github.com, *.githubusercontent.com, githubusercontent.com]
11:48:32.778 [main] DEBUG org.apache.hc.client5.http.ssl.SSLConnectionSocketFactory --  issuer principal: CN=DigiCert TLS RSA SHA256 2020 CA1, O=DigiCert Inc, C=US
11:48:32.778 [main] DEBUG org.apache.hc.client5.http.impl.io.DefaultManagedHttpClientConnection -- http-outgoing-12 set socket timeout to 3 MINUTES
11:48:32.778 [main] DEBUG org.apache.hc.client5.http.impl.io.DefaultHttpClientConnectionOperator -- googlechromelabs.github.io:443 connected null->googlechromelabs.github.io/185.199.108.153:443 as http-outgoing-12
11:48:32.778 [main] DEBUG org.apache.hc.client5.http.impl.io.PoolingHttpClientConnectionManager -- ep-0000000021 connected http-outgoing-12
11:48:32.778 [main] DEBUG org.apache.hc.client5.http.impl.classic.InternalHttpClient -- ep-0000000021 endpoint connected
11:48:32.778 [main] DEBUG org.apache.hc.client5.http.impl.classic.MainClientExec -- ex-0000000021 executing GET /chrome-for-testing/last-known-good-versions-with-downloads.json HTTP/1.1
11:48:32.778 [main] DEBUG org.apache.hc.client5.http.protocol.RequestAddCookies -- ex-0000000021 Cookie spec selected: strict
11:48:32.778 [main] DEBUG org.apache.hc.client5.http.impl.classic.InternalHttpClient -- ep-0000000021 start execution ex-0000000021
11:48:32.778 [main] DEBUG org.apache.hc.client5.http.impl.io.PoolingHttpClientConnectionManager -- ep-0000000021 executing exchange ex-0000000021 over http-outgoing-12
11:48:32.779 [main] DEBUG org.apache.hc.client5.http.headers -- http-outgoing-12 >> GET /chrome-for-testing/last-known-good-versions-with-downloads.json HTTP/1.1
11:48:32.779 [main] DEBUG org.apache.hc.client5.http.headers -- http-outgoing-12 >> user-agent: Apache-HttpClient/5.0
11:48:32.779 [main] DEBUG org.apache.hc.client5.http.headers -- http-outgoing-12 >> accept-encoding: gzip, deflate, br
11:48:32.779 [main] DEBUG org.apache.hc.client5.http.headers -- http-outgoing-12 >> cache-control: max-age=0
11:48:32.779 [main] DEBUG org.apache.hc.client5.http.headers -- http-outgoing-12 >> connection: keep-alive
11:48:32.779 [main] DEBUG org.apache.hc.client5.http.headers -- http-outgoing-12 >> Host: googlechromelabs.github.io
11:48:32.779 [main] DEBUG org.apache.hc.client5.http.wire -- http-outgoing-12 >> "GET /chrome-for-testing/last-known-good-versions-with-downloads.json HTTP/1.1[\r][\n]"
11:48:32.779 [main] DEBUG org.apache.hc.client5.http.wire -- http-outgoing-12 >> "user-agent: Apache-HttpClient/5.0[\r][\n]"
11:48:32.779 [main] DEBUG org.apache.hc.client5.http.wire -- http-outgoing-12 >> "accept-encoding: gzip, deflate, br[\r][\n]"
11:48:32.779 [main] DEBUG org.apache.hc.client5.http.wire -- http-outgoing-12 >> "cache-control: max-age=0[\r][\n]"
11:48:32.779 [main] DEBUG org.apache.hc.client5.http.wire -- http-outgoing-12 >> "connection: keep-alive[\r][\n]"
11:48:32.779 [main] DEBUG org.apache.hc.client5.http.wire -- http-outgoing-12 >> "Host: googlechromelabs.github.io[\r][\n]"
11:48:32.779 [main] DEBUG org.apache.hc.client5.http.wire -- http-outgoing-12 >> "[\r][\n]"
11:48:32.950 [main] DEBUG org.apache.hc.client5.http.wire -- http-outgoing-12 << "HTTP/1.1 200 OK[\r][\n]"
11:48:32.950 [main] DEBUG org.apache.hc.client5.http.wire -- http-outgoing-12 << "Connection: keep-alive[\r][\n]"
11:48:32.950 [main] DEBUG org.apache.hc.client5.http.wire -- http-outgoing-12 << "Content-Length: 640[\r][\n]"
11:48:32.950 [main] DEBUG org.apache.hc.client5.http.wire -- http-outgoing-12 << "Server: GitHub.com[\r][\n]"
11:48:32.950 [main] DEBUG org.apache.hc.client5.http.wire -- http-outgoing-12 << "Content-Type: application/json; charset=utf-8[\r][\n]"
11:48:32.950 [main] DEBUG org.apache.hc.client5.http.wire -- http-outgoing-12 << "permissions-policy: interest-cohort=()[\r][\n]"
11:48:32.950 [main] DEBUG org.apache.hc.client5.http.wire -- http-outgoing-12 << "x-origin-cache: HIT[\r][\n]"
11:48:32.950 [main] DEBUG org.apache.hc.client5.http.wire -- http-outgoing-12 << "Last-Modified: Mon, 12 Feb 2024 04:09:36 GMT[\r][\n]"
11:48:32.950 [main] DEBUG org.apache.hc.client5.http.wire -- http-outgoing-12 << "Access-Control-Allow-Origin: *[\r][\n]"
11:48:32.950 [main] DEBUG org.apache.hc.client5.http.wire -- http-outgoing-12 << "Strict-Transport-Security: max-age=31556952[\r][\n]"
11:48:32.950 [main] DEBUG org.apache.hc.client5.http.wire -- http-outgoing-12 << "ETag: W/"65c99a00-229c"[\r][\n]"
11:48:32.950 [main] DEBUG org.apache.hc.client5.http.wire -- http-outgoing-12 << "expires: Mon, 12 Feb 2024 04:21:25 GMT[\r][\n]"
11:48:32.950 [main] DEBUG org.apache.hc.client5.http.wire -- http-outgoing-12 << "Cache-Control: max-age=600[\r][\n]"
11:48:32.950 [main] DEBUG org.apache.hc.client5.http.wire -- http-outgoing-12 << "Content-Encoding: gzip[\r][\n]"
11:48:32.950 [main] DEBUG org.apache.hc.client5.http.wire -- http-outgoing-12 << "x-proxy-cache: HIT[\r][\n]"
11:48:32.950 [main] DEBUG org.apache.hc.client5.http.wire -- http-outgoing-12 << "X-GitHub-Request-Id: 7E68:202855:5C382C1:5E35C94:65C99AB6[\r][\n]"
11:48:32.950 [main] DEBUG org.apache.hc.client5.http.wire -- http-outgoing-12 << "Accept-Ranges: bytes[\r][\n]"
11:48:32.950 [main] DEBUG org.apache.hc.client5.http.wire -- http-outgoing-12 << "Date: Mon, 12 Feb 2024 04:48:32 GMT[\r][\n]"
11:48:32.950 [main] DEBUG org.apache.hc.client5.http.wire -- http-outgoing-12 << "Via: 1.1 varnish[\r][\n]"
11:48:32.950 [main] DEBUG org.apache.hc.client5.http.wire -- http-outgoing-12 << "Age: 289[\r][\n]"
11:48:32.950 [main] DEBUG org.apache.hc.client5.http.wire -- http-outgoing-12 << "X-Served-By: cache-fra-eddf8230091-FRA[\r][\n]"
11:48:32.950 [main] DEBUG org.apache.hc.client5.http.wire -- http-outgoing-12 << "X-Cache: HIT[\r][\n]"
11:48:32.950 [main] DEBUG org.apache.hc.client5.http.wire -- http-outgoing-12 << "X-Cache-Hits: 3[\r][\n]"
11:48:32.950 [main] DEBUG org.apache.hc.client5.http.wire -- http-outgoing-12 << "X-Timer: S1707713313.937122,VS0,VE0[\r][\n]"
11:48:32.950 [main] DEBUG org.apache.hc.client5.http.wire -- http-outgoing-12 << "Vary: Accept-Encoding[\r][\n]"
11:48:32.950 [main] DEBUG org.apache.hc.client5.http.wire -- http-outgoing-12 << "X-Fastly-Request-ID: fe17d43bf24e549af0a309b5d9dc197f99dd9e44[\r][\n]"
11:48:32.950 [main] DEBUG org.apache.hc.client5.http.wire -- http-outgoing-12 << "[\r][\n]"
11:48:32.951 [main] DEBUG org.apache.hc.client5.http.headers -- http-outgoing-12 << HTTP/1.1 200 OK
11:48:32.951 [main] DEBUG org.apache.hc.client5.http.headers -- http-outgoing-12 << Connection: keep-alive
11:48:32.951 [main] DEBUG org.apache.hc.client5.http.headers -- http-outgoing-12 << Content-Length: 640
11:48:32.951 [main] DEBUG org.apache.hc.client5.http.headers -- http-outgoing-12 << Server: GitHub.com
11:48:32.951 [main] DEBUG org.apache.hc.client5.http.headers -- http-outgoing-12 << Content-Type: application/json; charset=utf-8
11:48:32.951 [main] DEBUG org.apache.hc.client5.http.headers -- http-outgoing-12 << permissions-policy: interest-cohort=()
11:48:32.951 [main] DEBUG org.apache.hc.client5.http.headers -- http-outgoing-12 << x-origin-cache: HIT
11:48:32.951 [main] DEBUG org.apache.hc.client5.http.headers -- http-outgoing-12 << Last-Modified: Mon, 12 Feb 2024 04:09:36 GMT
11:48:32.951 [main] DEBUG org.apache.hc.client5.http.headers -- http-outgoing-12 << Access-Control-Allow-Origin: *
11:48:32.951 [main] DEBUG org.apache.hc.client5.http.headers -- http-outgoing-12 << Strict-Transport-Security: max-age=31556952
11:48:32.951 [main] DEBUG org.apache.hc.client5.http.headers -- http-outgoing-12 << ETag: W/"65c99a00-229c"
11:48:32.951 [main] DEBUG org.apache.hc.client5.http.headers -- http-outgoing-12 << expires: Mon, 12 Feb 2024 04:21:25 GMT
11:48:32.951 [main] DEBUG org.apache.hc.client5.http.headers -- http-outgoing-12 << Cache-Control: max-age=600
11:48:32.951 [main] DEBUG org.apache.hc.client5.http.headers -- http-outgoing-12 << Content-Encoding: gzip
11:48:32.951 [main] DEBUG org.apache.hc.client5.http.headers -- http-outgoing-12 << x-proxy-cache: HIT
11:48:32.951 [main] DEBUG org.apache.hc.client5.http.headers -- http-outgoing-12 << X-GitHub-Request-Id: 7E68:202855:5C382C1:5E35C94:65C99AB6
11:48:32.951 [main] DEBUG org.apache.hc.client5.http.headers -- http-outgoing-12 << Accept-Ranges: bytes
11:48:32.951 [main] DEBUG org.apache.hc.client5.http.headers -- http-outgoing-12 << Date: Mon, 12 Feb 2024 04:48:32 GMT
11:48:32.951 [main] DEBUG org.apache.hc.client5.http.headers -- http-outgoing-12 << Via: 1.1 varnish
11:48:32.951 [main] DEBUG org.apache.hc.client5.http.headers -- http-outgoing-12 << Age: 289
11:48:32.951 [main] DEBUG org.apache.hc.client5.http.headers -- http-outgoing-12 << X-Served-By: cache-fra-eddf8230091-FRA
11:48:32.951 [main] DEBUG org.apache.hc.client5.http.headers -- http-outgoing-12 << X-Cache: HIT
11:48:32.951 [main] DEBUG org.apache.hc.client5.http.headers -- http-outgoing-12 << X-Cache-Hits: 3
11:48:32.951 [main] DEBUG org.apache.hc.client5.http.headers -- http-outgoing-12 << X-Timer: S1707713313.937122,VS0,VE0
11:48:32.951 [main] DEBUG org.apache.hc.client5.http.headers -- http-outgoing-12 << Vary: Accept-Encoding
11:48:32.951 [main] DEBUG org.apache.hc.client5.http.headers -- http-outgoing-12 << X-Fastly-Request-ID: fe17d43bf24e549af0a309b5d9dc197f99dd9e44
11:48:32.951 [main] DEBUG org.apache.hc.client5.http.impl.classic.MainClientExec -- ex-0000000021 connection can be kept alive for 3 MINUTES
11:48:32.952 [main] DEBUG org.apache.hc.client5.http.wire -- http-outgoing-12 << "[0x1f][0xffffff8b][0x8][0x0][0x0][0x0][0x0][0x0][0x0][0x3][0xffffffcd][0xffffff96][0xffffffcb][0xffffff8e][0xffffff9b]0[0x14][0xffffff86][0xfffffff7]}[0xc][0xffffffaf][0xffffffc1]`[0x8][0xffffffe4][0xffffffb2][0xffffff9c][0xffffff99]7hWSu[0xffffffe1][0x6]7A2[0x10][0xffffff81]'[0xffffffd3]N[0xffffffc4][0xffffffbb][0xffffffd7][0x10][0xffffffc3]p[0xffffffb1][0xffffff99]U|[0xffffff90]"%[0x1c][0xffffff9c]s~[0xffffffd0][0xffffffa7][0xffffffa3][0xffffffef][0xffffff86]D[0xffffff9a][0xffffffb1]J[0xffffffd0][0xffffffec][0xffffff82][0xe]([0xfffffff0][0xffffff83][0xffffff8d][0xffffffeb][0x7].!?[0x2]r[0xfffffff0][0xfffffff7][0xfffffff2][0xffffff83]}B^[0xffffff91][0xffffff83][0xffffff8e]g[0xffffff9a][0xffffffe7][0xffffff8c]W[0xffffffe8]pC[0xffffffdf][0x5][0xfffffffd][0xffffffcd]Y[0xfffffff3]KU[0xffffffe5]_U[0xffffffcd]AWVVi[0xffffff91][0xffffffcb][0x12][0x9][0x8][0xfffffff6]qL[0xffffffe2]-[0xffffffde]E[0xfffffff2]N[0xffffffc9][0xffffffae]i[0x7f]+[0xc][0xffffff89][0xffffffbf][0xffffff95][0xffffffc5][0xffffffa4]x[0xffffffcf]yA[0xffffff93][0xffffffea][0xffffffde][0xffffffae],2[0xffffffd9][0xfffffff8][0xffffffe7][\r]]8[0x15][0x7f][0xffffff8a]2[0xffffff93][0xffffff87]y[0xffffff9a][0xffffffbf][0xfffffffd][0xffffff8d]7[0xfffffff2][0xfffffff0][[0xffffffd9][0xffffff8c]:[0xb]q[0xffffffa9][0xe][0xffffff9e][0xffffffc7][0xffffff92][0x13]K8[0xffffffce][0x18]>][0x5][0xffffffc1][0xffffffc7]"S%[0xffffffef][0xffffffde]G}[0xffffffb9][0xffffffb2][0xffffff8d]+[0xffffffe4]3[0xffffffa6][0xfffffff9][0xffffffc9][0x1b]e[0xfffffff2]T[0xffffffe7][0xffffffee][0xffffffa0][0xffffffba][0xffffffc4][0x1f][0xffffffe9][0x5][0xffffffd5][0xffffffce](CF[0xffffff8f].-[0xffffffb3][0xffffff87][0xffffffa4][0xffffffe8]{wG[0xfffffffb][0xffffff82])[0xffffffc9]c[0xffffffde][0xffffff86][0xffffffea]<Lax[0x1b][0xffffffef]i[0x1e][0x6][0xf]H[0xffffffd0][0xfffffff6][0xffffffed][0xffffff8e][0xffffffb5][0x17][0xffffff86][0xffffffe9][0xf]y[0xfffffffe][0xffffffb6][0xffffffef]`z[0xfffffff7][0xffffffec][0xffffffbf][0x1c][0x5]fR[0xffffffa6][0xffffff92]n(<[0xffffffef][0xffffffd3][0xffffffd7][0x2][0xffffffa9]J[0xffffffb3][\n]"
11:48:32.952 [main] DEBUG org.apache.hc.client5.http.wire -- http-outgoing-12 << "T[0x7]Y[0x0][0xffffff81]U)@[0xffffffb1][0xfffffffd][0xffffffcc]0[0xffffff83][0xffffffd7]=3[0xffffff9a]pVUnuf[0xffffff9c]CQ<[0xffffff89][0xffffffb1][0x16][0xffffff9c][0xffffffa7][0xffffffb1]V[0xffffffc1][0xffffffb5].[0x14] [0xffffffe0][0xffffffd3]8[0xffffffa0][0xffffffa4]k[0xffffffc2][0xfffffff4][0xffffffc8][0xffffffd7][0xffffffb5][0xffffff83][0xffffff9e][0xffffff98][0xffffffa0]cCi+c?[0x9][0xffffff9a][0xffffffe6]ALp[0xffffffb0][0xffffff9f][0xfffffffa]I[0xffffffe4]G;[0x1f][0xffffffc2]O[0x6][0xffffff99][0x0][0xfffffffd]d[0xffffff98][0x2][0xffffffd2]O[0xffffffa6]9[0xffffffec][0xfffffffb][0xffffffc9]0[0xffffff81]}?[0xffffff99]L[0xffffff87][0xfffffff7][0x13]3[0xffffff9e][0xfffffff6][0xfffffffd]d[0x9]R[0xfffffffb]~bF[0xffffffd5][0xffffffae][0xffffff9f][0xffffff98][0xffffff80][0xffffffb5][0xffffffe9]'&l[0xffffffd7][0xffffffe2]'[0xb]K[0x16][0xffffffce]O[0x16]w.[0xffffff9c][0xffffff9f],[0xffffffac]`[0x18]?1nd[0x8]?1.[0xffffffe8]/[0xfffffffc][0xffffffe4][0xffffff85]][0xffffffc7]z[0xffffffd2][0x14][0xffffffc6]v[0x12][0xffffffb6][0xffffffad]w1[0xfffffff6]gr[0xffffffb2]%[0xffffff9b][0x10]BN>#[0x1][0xffffffba][0xffffffc9] [0x4][0xffffffa4][0xffffff9a]Lb[0xffffffd8]7[0xffffff93]A[0x0][0xfffffffb]b2[0x1e][0xe][0xffffffef]%F2[0xffffffed]k[0xffffffc9][0x2][0xffffff9f][0xfffffff6][0xffffffad][0xffffffc4]H[0xffffffa9]])1[0xffffffb0]j[0xffffffd3]I[0xc][0xffffffc4][0xffffffae]EI[0xffffffcc][0xffffffab][0x15][0xffffffce]H[0xffffff96]6-[0xffffff9c][0xffffff90][0xffffff98][0x17]/[0xffffff8c][0xffffff8f][0xffffff98][0xfffffff6]0[0xffffff84][0xffffff8e][0xffffff98][0xffffffd6][0xfffffff2][0x17]6[0xfffffff2]LsZ[0xfffffffe][0x1b][0xb][0xffffff89][0xffffffaa][0xffffffe9][0xffffff9c]d[0x1f]i[0xffffff9c]d[0xffffffb7][0xffffff8f][0x8][0xffffff9c][0xffffff93]4[0xffffff91][0xffffffc0][0xffffff9d][0xffffffa4][\r][0x1][0xffffffef]$}[0xc]('i[0x3]@9I7|-N[0xffffffa2]![0x13][0xffffffca]I[0xffffffb4]|B9[0xffffff89][0xffffff86]R[0x8]'[0xffffff99][0xffffffb1]j[0xffffffdf]If[0xffffffc4][0xffffffae][0xffffffcb]It[0xffffffab][0x15][0xffffffda]I[0xfffffff4][0xffffff9b][0x16][0xffffffda]It[0xffffff8b][0x17][0xffffffd2]I[0xffffffe6]{[0x18][0xffffffce]I[0xffffffe6]ky[0xffffffd1]I[0xffffffea][0xfffffffa][0xffffffdb][0x7f][0xffffffd5][0xffffffa2][0xffffff9a]W[0xffffff9c]"[0x0][0x0]"
11:48:32.954 [main] DEBUG org.apache.hc.client5.http.impl.classic.InternalHttpClient -- ep-0000000021 releasing valid endpoint
11:48:32.955 [main] DEBUG org.apache.hc.client5.http.impl.io.PoolingHttpClientConnectionManager -- ep-0000000021 releasing endpoint
11:48:32.955 [main] DEBUG org.apache.hc.client5.http.impl.io.PoolingHttpClientConnectionManager -- ep-0000000021 connection http-outgoing-12 can be kept alive for 3 MINUTES
11:48:32.955 [main] DEBUG org.apache.hc.client5.http.impl.io.PoolingHttpClientConnectionManager -- ep-0000000021 connection released [route: {s}->https://googlechromelabs.github.io:443][total available: 1; route allocated: 1 of 5; total allocated: 1 of 25]
11:48:32.955 [main] DEBUG io.github.bonigarcia.wdm.WebDriverManager -- Driver to be downloaded chromedriver 121.0.6167.139
11:48:32.956 [main] DEBUG io.github.bonigarcia.wdm.WebDriverManager -- Using URL built from repository pattern: https://edgedl.me.gvt1.com/edgedl/chrome/chrome-for-testing/121.0.6167.139/mac-arm64/chromedriver-mac-arm64.zip
11:48:32.957 [main] INFO io.github.bonigarcia.wdm.online.Downloader -- Downloading https://edgedl.me.gvt1.com/edgedl/chrome/chrome-for-testing/121.0.6167.139/mac-arm64/chromedriver-mac-arm64.zip
11:48:32.958 [main] DEBUG org.apache.hc.client5.http.impl.classic.InternalHttpClient -- ex-0000000022 preparing request execution
11:48:32.958 [main] DEBUG org.apache.hc.client5.http.impl.classic.ProtocolExec -- ex-0000000022 target auth state: UNCHALLENGED
11:48:32.958 [main] DEBUG org.apache.hc.client5.http.impl.classic.ProtocolExec -- ex-0000000022 proxy auth state: UNCHALLENGED
11:48:32.958 [main] DEBUG org.apache.hc.client5.http.impl.classic.ConnectExec -- ex-0000000022 acquiring connection with route {s}->https://edgedl.me.gvt1.com:443
11:48:32.958 [main] DEBUG org.apache.hc.client5.http.impl.classic.InternalHttpClient -- ex-0000000022 acquiring endpoint (3 MINUTES)
11:48:32.958 [main] DEBUG org.apache.hc.client5.http.impl.io.PoolingHttpClientConnectionManager -- ex-0000000022 endpoint lease request (3 MINUTES) [route: {s}->https://edgedl.me.gvt1.com:443][total available: 1; route allocated: 0 of 5; total allocated: 1 of 25]
11:48:32.958 [main] DEBUG org.apache.hc.client5.http.impl.io.PoolingHttpClientConnectionManager -- ex-0000000022 endpoint leased [route: {s}->https://edgedl.me.gvt1.com:443][total available: 1; route allocated: 1 of 5; total allocated: 2 of 25]
11:48:32.959 [main] DEBUG org.apache.hc.client5.http.impl.io.PoolingHttpClientConnectionManager -- ex-0000000022 acquired ep-0000000022
11:48:32.959 [main] DEBUG org.apache.hc.client5.http.impl.classic.InternalHttpClient -- ex-0000000022 acquired endpoint ep-0000000022
11:48:32.959 [main] DEBUG org.apache.hc.client5.http.impl.classic.ConnectExec -- ex-0000000022 opening connection {s}->https://edgedl.me.gvt1.com:443
11:48:32.959 [main] DEBUG org.apache.hc.client5.http.impl.classic.InternalHttpClient -- ep-0000000022 connecting endpoint (null)
11:48:32.959 [main] DEBUG org.apache.hc.client5.http.impl.io.PoolingHttpClientConnectionManager -- ep-0000000022 connecting endpoint to https://edgedl.me.gvt1.com:443 (30 SECONDS)
11:48:32.959 [main] DEBUG org.apache.hc.client5.http.impl.io.DefaultHttpClientConnectionOperator -- edgedl.me.gvt1.com resolving remote address
11:48:32.959 [main] DEBUG org.apache.hc.client5.http.impl.io.DefaultHttpClientConnectionOperator -- edgedl.me.gvt1.com resolved to [edgedl.me.gvt1.com/34.104.35.123, edgedl.me.gvt1.com/2600:1900:4110:86f:0:0:0:0]
11:48:32.959 [main] DEBUG org.apache.hc.client5.http.impl.io.DefaultHttpClientConnectionOperator -- edgedl.me.gvt1.com:443 connecting null->edgedl.me.gvt1.com/34.104.35.123:443 (30 SECONDS)
11:48:32.959 [main] DEBUG org.apache.hc.client5.http.ssl.SSLConnectionSocketFactory -- Connecting socket to edgedl.me.gvt1.com/34.104.35.123:443 with timeout 30 SECONDS
11:48:32.978 [main] DEBUG org.apache.hc.client5.http.ssl.SSLConnectionSocketFactory -- Enabled protocols: [TLSv1.3, TLSv1.2]
11:48:32.978 [main] DEBUG org.apache.hc.client5.http.ssl.SSLConnectionSocketFactory -- Enabled cipher suites: [TLS_AES_256_GCM_SHA384, TLS_AES_128_GCM_SHA256, TLS_CHACHA20_POLY1305_SHA256, TLS_ECDHE_ECDSA_WITH_AES_256_GCM_SHA384, TLS_ECDHE_ECDSA_WITH_AES_128_GCM_SHA256, TLS_ECDHE_ECDSA_WITH_CHACHA20_POLY1305_SHA256, TLS_ECDHE_RSA_WITH_AES_256_GCM_SHA384, TLS_ECDHE_RSA_WITH_CHACHA20_POLY1305_SHA256, TLS_ECDHE_RSA_WITH_AES_128_GCM_SHA256, TLS_DHE_RSA_WITH_AES_256_GCM_SHA384, TLS_DHE_RSA_WITH_CHACHA20_POLY1305_SHA256, TLS_DHE_DSS_WITH_AES_256_GCM_SHA384, TLS_DHE_RSA_WITH_AES_128_GCM_SHA256, TLS_DHE_DSS_WITH_AES_128_GCM_SHA256, TLS_ECDHE_ECDSA_WITH_AES_256_CBC_SHA384, TLS_ECDHE_RSA_WITH_AES_256_CBC_SHA384, TLS_ECDHE_ECDSA_WITH_AES_128_CBC_SHA256, TLS_ECDHE_RSA_WITH_AES_128_CBC_SHA256, TLS_DHE_RSA_WITH_AES_256_CBC_SHA256, TLS_DHE_DSS_WITH_AES_256_CBC_SHA256, TLS_DHE_RSA_WITH_AES_128_CBC_SHA256, TLS_DHE_DSS_WITH_AES_128_CBC_SHA256, TLS_ECDH_ECDSA_WITH_AES_256_GCM_SHA384, TLS_ECDH_RSA_WITH_AES_256_GCM_SHA384, TLS_ECDH_ECDSA_WITH_AES_128_GCM_SHA256, TLS_ECDH_RSA_WITH_AES_128_GCM_SHA256, TLS_ECDH_ECDSA_WITH_AES_256_CBC_SHA384, TLS_ECDH_RSA_WITH_AES_256_CBC_SHA384, TLS_ECDH_ECDSA_WITH_AES_128_CBC_SHA256, TLS_ECDH_RSA_WITH_AES_128_CBC_SHA256, TLS_ECDHE_ECDSA_WITH_AES_256_CBC_SHA, TLS_ECDHE_RSA_WITH_AES_256_CBC_SHA, TLS_ECDHE_ECDSA_WITH_AES_128_CBC_SHA, TLS_ECDHE_RSA_WITH_AES_128_CBC_SHA, TLS_DHE_RSA_WITH_AES_256_CBC_SHA, TLS_DHE_DSS_WITH_AES_256_CBC_SHA, TLS_DHE_RSA_WITH_AES_128_CBC_SHA, TLS_DHE_DSS_WITH_AES_128_CBC_SHA, TLS_ECDH_ECDSA_WITH_AES_256_CBC_SHA, TLS_ECDH_RSA_WITH_AES_256_CBC_SHA, TLS_ECDH_ECDSA_WITH_AES_128_CBC_SHA, TLS_ECDH_RSA_WITH_AES_128_CBC_SHA, TLS_RSA_WITH_AES_256_GCM_SHA384, TLS_RSA_WITH_AES_128_GCM_SHA256, TLS_RSA_WITH_AES_256_CBC_SHA256, TLS_RSA_WITH_AES_128_CBC_SHA256, TLS_RSA_WITH_AES_256_CBC_SHA, TLS_RSA_WITH_AES_128_CBC_SHA, TLS_EMPTY_RENEGOTIATION_INFO_SCSV]
11:48:32.978 [main] DEBUG org.apache.hc.client5.http.ssl.SSLConnectionSocketFactory -- Starting handshake (null)
11:48:33.008 [main] DEBUG org.apache.hc.client5.http.ssl.SSLConnectionSocketFactory -- Secure session established
11:48:33.008 [main] DEBUG org.apache.hc.client5.http.ssl.SSLConnectionSocketFactory --  negotiated protocol: TLSv1.3
11:48:33.008 [main] DEBUG org.apache.hc.client5.http.ssl.SSLConnectionSocketFactory --  negotiated cipher suite: TLS_AES_256_GCM_SHA384
11:48:33.008 [main] DEBUG org.apache.hc.client5.http.ssl.SSLConnectionSocketFactory --  peer principal: CN=edgedl.me.gvt1.com
11:48:33.008 [main] DEBUG org.apache.hc.client5.http.ssl.SSLConnectionSocketFactory --  peer alternative names: [edgedl.me.gvt1.com]
11:48:33.008 [main] DEBUG org.apache.hc.client5.http.ssl.SSLConnectionSocketFactory --  issuer principal: CN=GTS CA 1D4, O=Google Trust Services LLC, C=US
11:48:33.008 [main] DEBUG org.apache.hc.client5.http.impl.io.DefaultManagedHttpClientConnection -- http-outgoing-13 set socket timeout to 3 MINUTES
11:48:33.008 [main] DEBUG org.apache.hc.client5.http.impl.io.DefaultHttpClientConnectionOperator -- edgedl.me.gvt1.com:443 connected null->edgedl.me.gvt1.com/34.104.35.123:443 as http-outgoing-13
11:48:33.008 [main] DEBUG org.apache.hc.client5.http.impl.io.PoolingHttpClientConnectionManager -- ep-0000000022 connected http-outgoing-13
11:48:33.008 [main] DEBUG org.apache.hc.client5.http.impl.classic.InternalHttpClient -- ep-0000000022 endpoint connected
11:48:33.008 [main] DEBUG org.apache.hc.client5.http.impl.classic.MainClientExec -- ex-0000000022 executing GET /edgedl/chrome/chrome-for-testing/121.0.6167.139/mac-arm64/chromedriver-mac-arm64.zip HTTP/1.1
11:48:33.009 [main] DEBUG org.apache.hc.client5.http.protocol.RequestAddCookies -- ex-0000000022 Cookie spec selected: strict
11:48:33.009 [main] DEBUG org.apache.hc.client5.http.impl.classic.InternalHttpClient -- ep-0000000022 start execution ex-0000000022
11:48:33.009 [main] DEBUG org.apache.hc.client5.http.impl.io.PoolingHttpClientConnectionManager -- ep-0000000022 executing exchange ex-0000000022 over http-outgoing-13
11:48:33.009 [main] DEBUG org.apache.hc.client5.http.headers -- http-outgoing-13 >> GET /edgedl/chrome/chrome-for-testing/121.0.6167.139/mac-arm64/chromedriver-mac-arm64.zip HTTP/1.1
11:48:33.009 [main] DEBUG org.apache.hc.client5.http.headers -- http-outgoing-13 >> user-agent: Apache-HttpClient/5.0
11:48:33.009 [main] DEBUG org.apache.hc.client5.http.headers -- http-outgoing-13 >> accept-encoding: gzip, deflate, br
11:48:33.009 [main] DEBUG org.apache.hc.client5.http.headers -- http-outgoing-13 >> cache-control: max-age=0
11:48:33.009 [main] DEBUG org.apache.hc.client5.http.headers -- http-outgoing-13 >> connection: keep-alive
11:48:33.009 [main] DEBUG org.apache.hc.client5.http.headers -- http-outgoing-13 >> Host: edgedl.me.gvt1.com
11:48:33.009 [main] DEBUG org.apache.hc.client5.http.wire -- http-outgoing-13 >> "GET /edgedl/chrome/chrome-for-testing/121.0.6167.139/mac-arm64/chromedriver-mac-arm64.zip HTTP/1.1[\r][\n]"
11:48:33.009 [main] DEBUG org.apache.hc.client5.http.wire -- http-outgoing-13 >> "user-agent: Apache-HttpClient/5.0[\r][\n]"
11:48:33.009 [main] DEBUG org.apache.hc.client5.http.wire -- http-outgoing-13 >> "accept-encoding: gzip, deflate, br[\r][\n]"
11:48:33.009 [main] DEBUG org.apache.hc.client5.http.wire -- http-outgoing-13 >> "cache-control: max-age=0[\r][\n]"
11:48:33.009 [main] DEBUG org.apache.hc.client5.http.wire -- http-outgoing-13 >> "connection: keep-alive[\r][\n]"
11:48:33.009 [main] DEBUG org.apache.hc.client5.http.wire -- http-outgoing-13 >> "Host: edgedl.me.gvt1.com[\r][\n]"
11:48:33.009 [main] DEBUG org.apache.hc.client5.http.wire -- http-outgoing-13 >> "[\r][\n]"
11:48:33.166 [main] DEBUG org.apache.hc.client5.http.wire -- http-outgoing-13 << "HTTP/1.1 404 Not Found[\r][\n]"
11:48:33.166 [main] DEBUG org.apache.hc.client5.http.wire -- http-outgoing-13 << "content-length: 1449[\r][\n]"
11:48:33.166 [main] DEBUG org.apache.hc.client5.http.wire -- http-outgoing-13 << "content-type: text/html; charset=utf-8[\r][\n]"
11:48:33.166 [main] DEBUG org.apache.hc.client5.http.wire -- http-outgoing-13 << "server: Google-Edge-Cache[\r][\n]"
11:48:33.166 [main] DEBUG org.apache.hc.client5.http.wire -- http-outgoing-13 << "x-content-type-options: nosniff[\r][\n]"
11:48:33.166 [main] DEBUG org.apache.hc.client5.http.wire -- http-outgoing-13 << "x-frame-options: SAMEORIGIN[\r][\n]"
11:48:33.167 [main] DEBUG org.apache.hc.client5.http.wire -- http-outgoing-13 << "x-xss-protection: 0[\r][\n]"
11:48:33.167 [main] DEBUG org.apache.hc.client5.http.wire -- http-outgoing-13 << "date: Mon, 12 Feb 2024 04:48:33 GMT[\r][\n]"
11:48:33.167 [main] DEBUG org.apache.hc.client5.http.wire -- http-outgoing-13 << "x-request-id: faf7de2f-b91e-454c-a9ab-bece1b9b1e5e[\r][\n]"
11:48:33.167 [main] DEBUG org.apache.hc.client5.http.wire -- http-outgoing-13 << "alt-svc: clear[\r][\n]"
11:48:33.167 [main] DEBUG org.apache.hc.client5.http.wire -- http-outgoing-13 << "[\r][\n]"
11:48:33.167 [main] DEBUG org.apache.hc.client5.http.wire -- http-outgoing-13 << "[\n]"
11:48:33.167 [main] DEBUG org.apache.hc.client5.http.wire -- http-outgoing-13 << "<!DOCTYPE html>[\n]"
11:48:33.167 [main] DEBUG org.apache.hc.client5.http.wire -- http-outgoing-13 << "<html lang=en>[\n]"
11:48:33.167 [main] DEBUG org.apache.hc.client5.http.wire -- http-outgoing-13 << "  <meta charset=utf-8>[\n]"
11:48:33.167 [main] DEBUG org.apache.hc.client5.http.wire -- http-outgoing-13 << "  <meta name=viewport content="initial-scale=1, minimum-scale=1, width=device-width">[\n]"
11:48:33.167 [main] DEBUG org.apache.hc.client5.http.wire -- http-outgoing-13 << "  <title>Error 404 (Not Found)!!1</title>[\n]"
11:48:33.167 [main] DEBUG org.apache.hc.client5.http.wire -- http-outgoing-13 << "  <style>[\n]"
11:48:33.167 [main] DEBUG org.apache.hc.client5.http.wire -- http-outgoing-13 << "    *{margin:0;padding:0}html,code{font:15px/22px arial,sans-serif}html{background:#fff;color:#222;padding:15px}body{margin:7% auto 0;max-width:390px;min-height:180px;padding:30px 0 15px}* > body{background:url(//www.google.com/images/errors/robot.png) 100% 5px no-repeat;padding-right:205px}p{margin:11px 0 22px;overflow:hidden}ins{color:#777;text-decoration:none}a img{border:0}@media screen and (max-width:772px){body{background:none;margin-top:0;max-width:none;padding-right:0}}#logo{background:url(//www.google.com/images/logos/errorpage/error_logo-150x54.png) no-repeat;margin-left:-5px}@media only screen and (min-resolution:192dpi){#logo{background:url(//www.google.com/images/logos/errorpage/error_logo-150x54-2x.png) no-repeat 0% 0%/100% 100%;-moz-border-image:url(//www.google.com/images/logos/errorpage/error_logo-150x54-2x.png) 0}}@media only screen and (-webkit-min-device-pixel-ratio:2){#logo{background:url(//www.google.com/images/logos/errorpage/error_logo-150x54-2x.png) no-repeat;-webkit-background-size:100% 100%}}#logo{display:inline-block;height:54px;width:150px}[\n]"
11:48:33.167 [main] DEBUG org.apache.hc.client5.http.wire -- http-outgoing-13 << "  </style>[\n]"
11:48:33.167 [main] DEBUG org.apache.hc.client5.http.wire -- http-outgoing-13 << "  <a href=//www.google.com/><span id=logo aria-label=Google></span></a>[\n]"
11:48:33.167 [main] DEBUG org.apache.hc.client5.http.wire -- http-outgoing-13 << "  <p><b>404.</b> <ins>That[0xffffffe2][0xffffff80][0xffffff99]s an error.</ins>[\n]"
11:48:33.167 [main] DEBUG org.apache.hc.client5.http.wire -- http-outgoing-13 << "  <p>  <ins>That[0xffffffe2][0xffffff80][0xffffff99]s all we know.</ins>[\n]"
11:48:33.167 [main] DEBUG org.apache.hc.client5.http.headers -- http-outgoing-13 << HTTP/1.1 404 Not Found
11:48:33.167 [main] DEBUG org.apache.hc.client5.http.headers -- http-outgoing-13 << content-length: 1449
11:48:33.167 [main] DEBUG org.apache.hc.client5.http.headers -- http-outgoing-13 << content-type: text/html; charset=utf-8
11:48:33.167 [main] DEBUG org.apache.hc.client5.http.headers -- http-outgoing-13 << server: Google-Edge-Cache
11:48:33.167 [main] DEBUG org.apache.hc.client5.http.headers -- http-outgoing-13 << x-content-type-options: nosniff
11:48:33.167 [main] DEBUG org.apache.hc.client5.http.headers -- http-outgoing-13 << x-frame-options: SAMEORIGIN
11:48:33.167 [main] DEBUG org.apache.hc.client5.http.headers -- http-outgoing-13 << x-xss-protection: 0
11:48:33.167 [main] DEBUG org.apache.hc.client5.http.headers -- http-outgoing-13 << date: Mon, 12 Feb 2024 04:48:33 GMT
11:48:33.167 [main] DEBUG org.apache.hc.client5.http.headers -- http-outgoing-13 << x-request-id: faf7de2f-b91e-454c-a9ab-bece1b9b1e5e
11:48:33.167 [main] DEBUG org.apache.hc.client5.http.headers -- http-outgoing-13 << alt-svc: clear
11:48:33.167 [main] DEBUG org.apache.hc.client5.http.impl.classic.MainClientExec -- ex-0000000022 connection can be kept alive for 3 MINUTES
11:48:33.167 [main] ERROR io.github.bonigarcia.wdm.online.HttpClient -- Error HTTP 404 executing https://edgedl.me.gvt1.com/edgedl/chrome/chrome-for-testing/121.0.6167.139/mac-arm64/chromedriver-mac-arm64.zip
11:48:33.169 [main] INFO io.github.bonigarcia.wdm.cache.ResolutionCache -- Clearing WebDriverManager resolution cache
11:48:33.170 [main] WARN io.github.bonigarcia.wdm.WebDriverManager -- There was an error managing chromedriver 121.0.6167.139 (Error HTTP 404 executing https://edgedl.me.gvt1.com/edgedl/chrome/chrome-for-testing/121.0.6167.139/mac-arm64/chromedriver-mac-arm64.zip) ... trying again avoiding reading release from repository
11:48:33.172 [main] DEBUG org.apache.hc.client5.http.impl.classic.InternalHttpClient -- ex-0000000023 preparing request execution
11:48:33.172 [main] DEBUG org.apache.hc.client5.http.impl.classic.ProtocolExec -- ex-0000000023 target auth state: UNCHALLENGED
11:48:33.172 [main] DEBUG org.apache.hc.client5.http.impl.classic.ProtocolExec -- ex-0000000023 proxy auth state: UNCHALLENGED
11:48:33.172 [main] DEBUG org.apache.hc.client5.http.impl.classic.ConnectExec -- ex-0000000023 acquiring connection with route {s}->https://raw.githubusercontent.com:443
11:48:33.172 [main] DEBUG org.apache.hc.client5.http.impl.classic.InternalHttpClient -- ex-0000000023 acquiring endpoint (3 MINUTES)
11:48:33.172 [main] DEBUG org.apache.hc.client5.http.impl.io.PoolingHttpClientConnectionManager -- ex-0000000023 endpoint lease request (3 MINUTES) [route: {s}->https://raw.githubusercontent.com:443][total available: 1; route allocated: 0 of 5; total allocated: 2 of 25]
11:48:33.172 [main] DEBUG org.apache.hc.client5.http.impl.io.PoolingHttpClientConnectionManager -- ex-0000000023 endpoint leased [route: {s}->https://raw.githubusercontent.com:443][total available: 1; route allocated: 1 of 5; total allocated: 3 of 25]
11:48:33.172 [main] DEBUG org.apache.hc.client5.http.impl.io.PoolingHttpClientConnectionManager -- ex-0000000023 acquired ep-0000000023
11:48:33.172 [main] DEBUG org.apache.hc.client5.http.impl.classic.InternalHttpClient -- ex-0000000023 acquired endpoint ep-0000000023
11:48:33.172 [main] DEBUG org.apache.hc.client5.http.impl.classic.ConnectExec -- ex-0000000023 opening connection {s}->https://raw.githubusercontent.com:443
11:48:33.172 [main] DEBUG org.apache.hc.client5.http.impl.classic.InternalHttpClient -- ep-0000000023 connecting endpoint (null)
11:48:33.172 [main] DEBUG org.apache.hc.client5.http.impl.io.PoolingHttpClientConnectionManager -- ep-0000000023 connecting endpoint to https://raw.githubusercontent.com:443 (30 SECONDS)
11:48:33.172 [main] DEBUG org.apache.hc.client5.http.impl.io.DefaultHttpClientConnectionOperator -- raw.githubusercontent.com resolving remote address
11:48:33.172 [main] DEBUG org.apache.hc.client5.http.impl.io.DefaultHttpClientConnectionOperator -- raw.githubusercontent.com resolved to [raw.githubusercontent.com/185.199.108.133, raw.githubusercontent.com/185.199.111.133, raw.githubusercontent.com/185.199.110.133, raw.githubusercontent.com/185.199.109.133, raw.githubusercontent.com/2606:50c0:8003:0:0:0:0:154, raw.githubusercontent.com/2606:50c0:8002:0:0:0:0:154, raw.githubusercontent.com/2606:50c0:8000:0:0:0:0:154, raw.githubusercontent.com/2606:50c0:8001:0:0:0:0:154]
11:48:33.173 [main] DEBUG org.apache.hc.client5.http.impl.io.DefaultHttpClientConnectionOperator -- raw.githubusercontent.com:443 connecting null->raw.githubusercontent.com/185.199.108.133:443 (30 SECONDS)
11:48:33.173 [main] DEBUG org.apache.hc.client5.http.ssl.SSLConnectionSocketFactory -- Connecting socket to raw.githubusercontent.com/185.199.108.133:443 with timeout 30 SECONDS
11:48:33.211 [main] DEBUG org.apache.hc.client5.http.ssl.SSLConnectionSocketFactory -- Enabled protocols: [TLSv1.3, TLSv1.2]
11:48:33.211 [main] DEBUG org.apache.hc.client5.http.ssl.SSLConnectionSocketFactory -- Enabled cipher suites: [TLS_AES_256_GCM_SHA384, TLS_AES_128_GCM_SHA256, TLS_CHACHA20_POLY1305_SHA256, TLS_ECDHE_ECDSA_WITH_AES_256_GCM_SHA384, TLS_ECDHE_ECDSA_WITH_AES_128_GCM_SHA256, TLS_ECDHE_ECDSA_WITH_CHACHA20_POLY1305_SHA256, TLS_ECDHE_RSA_WITH_AES_256_GCM_SHA384, TLS_ECDHE_RSA_WITH_CHACHA20_POLY1305_SHA256, TLS_ECDHE_RSA_WITH_AES_128_GCM_SHA256, TLS_DHE_RSA_WITH_AES_256_GCM_SHA384, TLS_DHE_RSA_WITH_CHACHA20_POLY1305_SHA256, TLS_DHE_DSS_WITH_AES_256_GCM_SHA384, TLS_DHE_RSA_WITH_AES_128_GCM_SHA256, TLS_DHE_DSS_WITH_AES_128_GCM_SHA256, TLS_ECDHE_ECDSA_WITH_AES_256_CBC_SHA384, TLS_ECDHE_RSA_WITH_AES_256_CBC_SHA384, TLS_ECDHE_ECDSA_WITH_AES_128_CBC_SHA256, TLS_ECDHE_RSA_WITH_AES_128_CBC_SHA256, TLS_DHE_RSA_WITH_AES_256_CBC_SHA256, TLS_DHE_DSS_WITH_AES_256_CBC_SHA256, TLS_DHE_RSA_WITH_AES_128_CBC_SHA256, TLS_DHE_DSS_WITH_AES_128_CBC_SHA256, TLS_ECDH_ECDSA_WITH_AES_256_GCM_SHA384, TLS_ECDH_RSA_WITH_AES_256_GCM_SHA384, TLS_ECDH_ECDSA_WITH_AES_128_GCM_SHA256, TLS_ECDH_RSA_WITH_AES_128_GCM_SHA256, TLS_ECDH_ECDSA_WITH_AES_256_CBC_SHA384, TLS_ECDH_RSA_WITH_AES_256_CBC_SHA384, TLS_ECDH_ECDSA_WITH_AES_128_CBC_SHA256, TLS_ECDH_RSA_WITH_AES_128_CBC_SHA256, TLS_ECDHE_ECDSA_WITH_AES_256_CBC_SHA, TLS_ECDHE_RSA_WITH_AES_256_CBC_SHA, TLS_ECDHE_ECDSA_WITH_AES_128_CBC_SHA, TLS_ECDHE_RSA_WITH_AES_128_CBC_SHA, TLS_DHE_RSA_WITH_AES_256_CBC_SHA, TLS_DHE_DSS_WITH_AES_256_CBC_SHA, TLS_DHE_RSA_WITH_AES_128_CBC_SHA, TLS_DHE_DSS_WITH_AES_128_CBC_SHA, TLS_ECDH_ECDSA_WITH_AES_256_CBC_SHA, TLS_ECDH_RSA_WITH_AES_256_CBC_SHA, TLS_ECDH_ECDSA_WITH_AES_128_CBC_SHA, TLS_ECDH_RSA_WITH_AES_128_CBC_SHA, TLS_RSA_WITH_AES_256_GCM_SHA384, TLS_RSA_WITH_AES_128_GCM_SHA256, TLS_RSA_WITH_AES_256_CBC_SHA256, TLS_RSA_WITH_AES_128_CBC_SHA256, TLS_RSA_WITH_AES_256_CBC_SHA, TLS_RSA_WITH_AES_128_CBC_SHA, TLS_EMPTY_RENEGOTIATION_INFO_SCSV]
11:48:33.211 [main] DEBUG org.apache.hc.client5.http.ssl.SSLConnectionSocketFactory -- Starting handshake (null)
11:48:33.250 [main] DEBUG org.apache.hc.client5.http.ssl.SSLConnectionSocketFactory -- Secure session established
11:48:33.250 [main] DEBUG org.apache.hc.client5.http.ssl.SSLConnectionSocketFactory --  negotiated protocol: TLSv1.3
11:48:33.250 [main] DEBUG org.apache.hc.client5.http.ssl.SSLConnectionSocketFactory --  negotiated cipher suite: TLS_AES_128_GCM_SHA256
11:48:33.250 [main] DEBUG org.apache.hc.client5.http.ssl.SSLConnectionSocketFactory --  peer principal: CN=*.github.io, O="GitHub, Inc.", L=San Francisco, ST=California, C=US
11:48:33.251 [main] DEBUG org.apache.hc.client5.http.ssl.SSLConnectionSocketFactory --  peer alternative names: [*.github.io, github.io, *.github.com, github.com, www.github.com, *.githubusercontent.com, githubusercontent.com]
11:48:33.251 [main] DEBUG org.apache.hc.client5.http.ssl.SSLConnectionSocketFactory --  issuer principal: CN=DigiCert TLS RSA SHA256 2020 CA1, O=DigiCert Inc, C=US
11:48:33.251 [main] DEBUG org.apache.hc.client5.http.impl.io.DefaultManagedHttpClientConnection -- http-outgoing-14 set socket timeout to 3 MINUTES
11:48:33.251 [main] DEBUG org.apache.hc.client5.http.impl.io.DefaultHttpClientConnectionOperator -- raw.githubusercontent.com:443 connected null->raw.githubusercontent.com/185.199.108.133:443 as http-outgoing-14
11:48:33.251 [main] DEBUG org.apache.hc.client5.http.impl.io.PoolingHttpClientConnectionManager -- ep-0000000023 connected http-outgoing-14
11:48:33.251 [main] DEBUG org.apache.hc.client5.http.impl.classic.InternalHttpClient -- ep-0000000023 endpoint connected
11:48:33.251 [main] DEBUG org.apache.hc.client5.http.impl.classic.MainClientExec -- ex-0000000023 executing GET /bonigarcia/webdrivermanager/master/src/main/resources/commands.properties HTTP/1.1
11:48:33.251 [main] DEBUG org.apache.hc.client5.http.protocol.RequestAddCookies -- ex-0000000023 Cookie spec selected: strict
11:48:33.251 [main] DEBUG org.apache.hc.client5.http.impl.classic.InternalHttpClient -- ep-0000000023 start execution ex-0000000023
11:48:33.251 [main] DEBUG org.apache.hc.client5.http.impl.io.PoolingHttpClientConnectionManager -- ep-0000000023 executing exchange ex-0000000023 over http-outgoing-14
11:48:33.251 [main] DEBUG org.apache.hc.client5.http.headers -- http-outgoing-14 >> GET /bonigarcia/webdrivermanager/master/src/main/resources/commands.properties HTTP/1.1
11:48:33.251 [main] DEBUG org.apache.hc.client5.http.headers -- http-outgoing-14 >> user-agent: Apache-HttpClient/5.0
11:48:33.251 [main] DEBUG org.apache.hc.client5.http.headers -- http-outgoing-14 >> accept-encoding: gzip, deflate, br
11:48:33.251 [main] DEBUG org.apache.hc.client5.http.headers -- http-outgoing-14 >> cache-control: max-age=0
11:48:33.251 [main] DEBUG org.apache.hc.client5.http.headers -- http-outgoing-14 >> connection: keep-alive
11:48:33.251 [main] DEBUG org.apache.hc.client5.http.headers -- http-outgoing-14 >> Host: raw.githubusercontent.com
11:48:33.251 [main] DEBUG org.apache.hc.client5.http.wire -- http-outgoing-14 >> "GET /bonigarcia/webdrivermanager/master/src/main/resources/commands.properties HTTP/1.1[\r][\n]"
11:48:33.251 [main] DEBUG org.apache.hc.client5.http.wire -- http-outgoing-14 >> "user-agent: Apache-HttpClient/5.0[\r][\n]"
11:48:33.251 [main] DEBUG org.apache.hc.client5.http.wire -- http-outgoing-14 >> "accept-encoding: gzip, deflate, br[\r][\n]"
11:48:33.251 [main] DEBUG org.apache.hc.client5.http.wire -- http-outgoing-14 >> "cache-control: max-age=0[\r][\n]"
11:48:33.251 [main] DEBUG org.apache.hc.client5.http.wire -- http-outgoing-14 >> "connection: keep-alive[\r][\n]"
11:48:33.251 [main] DEBUG org.apache.hc.client5.http.wire -- http-outgoing-14 >> "Host: raw.githubusercontent.com[\r][\n]"
11:48:33.251 [main] DEBUG org.apache.hc.client5.http.wire -- http-outgoing-14 >> "[\r][\n]"
11:48:33.287 [main] DEBUG org.apache.hc.client5.http.wire -- http-outgoing-14 << "HTTP/1.1 200 OK[\r][\n]"
11:48:33.287 [main] DEBUG org.apache.hc.client5.http.wire -- http-outgoing-14 << "Connection: keep-alive[\r][\n]"
11:48:33.287 [main] DEBUG org.apache.hc.client5.http.wire -- http-outgoing-14 << "Content-Length: 723[\r][\n]"
11:48:33.287 [main] DEBUG org.apache.hc.client5.http.wire -- http-outgoing-14 << "Cache-Control: max-age=300[\r][\n]"
11:48:33.287 [main] DEBUG org.apache.hc.client5.http.wire -- http-outgoing-14 << "Content-Security-Policy: default-src 'none'; style-src 'unsafe-inline'; sandbox[\r][\n]"
11:48:33.287 [main] DEBUG org.apache.hc.client5.http.wire -- http-outgoing-14 << "Content-Type: text/plain; charset=utf-8[\r][\n]"
11:48:33.287 [main] DEBUG org.apache.hc.client5.http.wire -- http-outgoing-14 << "ETag: W/"e82b438271e9e8680c688b0b680efd0bdd22faa6d6f0a32fc1fd8accc486b67e"[\r][\n]"
11:48:33.287 [main] DEBUG org.apache.hc.client5.http.wire -- http-outgoing-14 << "Strict-Transport-Security: max-age=31536000[\r][\n]"
11:48:33.288 [main] DEBUG org.apache.hc.client5.http.wire -- http-outgoing-14 << "X-Content-Type-Options: nosniff[\r][\n]"
11:48:33.288 [main] DEBUG org.apache.hc.client5.http.wire -- http-outgoing-14 << "X-Frame-Options: deny[\r][\n]"
11:48:33.288 [main] DEBUG org.apache.hc.client5.http.wire -- http-outgoing-14 << "X-XSS-Protection: 1; mode=block[\r][\n]"
11:48:33.288 [main] DEBUG org.apache.hc.client5.http.wire -- http-outgoing-14 << "X-GitHub-Request-Id: D6C0:23986A:25619:36F2A:65B05D65[\r][\n]"
11:48:33.288 [main] DEBUG org.apache.hc.client5.http.wire -- http-outgoing-14 << "Content-Encoding: gzip[\r][\n]"
11:48:33.288 [main] DEBUG org.apache.hc.client5.http.wire -- http-outgoing-14 << "Accept-Ranges: bytes[\r][\n]"
11:48:33.288 [main] DEBUG org.apache.hc.client5.http.wire -- http-outgoing-14 << "Date: Mon, 12 Feb 2024 04:48:33 GMT[\r][\n]"
11:48:33.288 [main] DEBUG org.apache.hc.client5.http.wire -- http-outgoing-14 << "Via: 1.1 varnish[\r][\n]"
11:48:33.288 [main] DEBUG org.apache.hc.client5.http.wire -- http-outgoing-14 << "X-Served-By: cache-qpg1222-QPG[\r][\n]"
11:48:33.288 [main] DEBUG org.apache.hc.client5.http.wire -- http-outgoing-14 << "X-Cache: HIT[\r][\n]"
11:48:33.288 [main] DEBUG org.apache.hc.client5.http.wire -- http-outgoing-14 << "X-Cache-Hits: 1[\r][\n]"
11:48:33.288 [main] DEBUG org.apache.hc.client5.http.wire -- http-outgoing-14 << "X-Timer: S1707713313.346449,VS0,VE2[\r][\n]"
11:48:33.288 [main] DEBUG org.apache.hc.client5.http.wire -- http-outgoing-14 << "Vary: Authorization,Accept-Encoding,Origin[\r][\n]"
11:48:33.288 [main] DEBUG org.apache.hc.client5.http.wire -- http-outgoing-14 << "Access-Control-Allow-Origin: *[\r][\n]"
11:48:33.288 [main] DEBUG org.apache.hc.client5.http.wire -- http-outgoing-14 << "Cross-Origin-Resource-Policy: cross-origin[\r][\n]"
11:48:33.288 [main] DEBUG org.apache.hc.client5.http.wire -- http-outgoing-14 << "X-Fastly-Request-ID: a45a2f229e3ea2c418405848dacd8da8b30ab050[\r][\n]"
11:48:33.288 [main] DEBUG org.apache.hc.client5.http.wire -- http-outgoing-14 << "Expires: Mon, 12 Feb 2024 04:53:33 GMT[\r][\n]"
11:48:33.288 [main] DEBUG org.apache.hc.client5.http.wire -- http-outgoing-14 << "Source-Age: 48[\r][\n]"
11:48:33.288 [main] DEBUG org.apache.hc.client5.http.wire -- http-outgoing-14 << "[\r][\n]"
11:48:33.288 [main] DEBUG org.apache.hc.client5.http.headers -- http-outgoing-14 << HTTP/1.1 200 OK
11:48:33.288 [main] DEBUG org.apache.hc.client5.http.headers -- http-outgoing-14 << Connection: keep-alive
11:48:33.288 [main] DEBUG org.apache.hc.client5.http.headers -- http-outgoing-14 << Content-Length: 723
11:48:33.288 [main] DEBUG org.apache.hc.client5.http.headers -- http-outgoing-14 << Cache-Control: max-age=300
11:48:33.288 [main] DEBUG org.apache.hc.client5.http.headers -- http-outgoing-14 << Content-Security-Policy: default-src 'none'; style-src 'unsafe-inline'; sandbox
11:48:33.288 [main] DEBUG org.apache.hc.client5.http.headers -- http-outgoing-14 << Content-Type: text/plain; charset=utf-8
11:48:33.288 [main] DEBUG org.apache.hc.client5.http.headers -- http-outgoing-14 << ETag: W/"e82b438271e9e8680c688b0b680efd0bdd22faa6d6f0a32fc1fd8accc486b67e"
11:48:33.288 [main] DEBUG org.apache.hc.client5.http.headers -- http-outgoing-14 << Strict-Transport-Security: max-age=31536000
11:48:33.288 [main] DEBUG org.apache.hc.client5.http.headers -- http-outgoing-14 << X-Content-Type-Options: nosniff
11:48:33.288 [main] DEBUG org.apache.hc.client5.http.headers -- http-outgoing-14 << X-Frame-Options: deny
11:48:33.288 [main] DEBUG org.apache.hc.client5.http.headers -- http-outgoing-14 << X-XSS-Protection: 1; mode=block
11:48:33.288 [main] DEBUG org.apache.hc.client5.http.headers -- http-outgoing-14 << X-GitHub-Request-Id: D6C0:23986A:25619:36F2A:65B05D65
11:48:33.288 [main] DEBUG org.apache.hc.client5.http.headers -- http-outgoing-14 << Content-Encoding: gzip
11:48:33.288 [main] DEBUG org.apache.hc.client5.http.headers -- http-outgoing-14 << Accept-Ranges: bytes
11:48:33.288 [main] DEBUG org.apache.hc.client5.http.headers -- http-outgoing-14 << Date: Mon, 12 Feb 2024 04:48:33 GMT
11:48:33.288 [main] DEBUG org.apache.hc.client5.http.headers -- http-outgoing-14 << Via: 1.1 varnish
11:48:33.288 [main] DEBUG org.apache.hc.client5.http.headers -- http-outgoing-14 << X-Served-By: cache-qpg1222-QPG
11:48:33.288 [main] DEBUG org.apache.hc.client5.http.headers -- http-outgoing-14 << X-Cache: HIT
11:48:33.288 [main] DEBUG org.apache.hc.client5.http.headers -- http-outgoing-14 << X-Cache-Hits: 1
11:48:33.288 [main] DEBUG org.apache.hc.client5.http.headers -- http-outgoing-14 << X-Timer: S1707713313.346449,VS0,VE2
11:48:33.288 [main] DEBUG org.apache.hc.client5.http.headers -- http-outgoing-14 << Vary: Authorization,Accept-Encoding,Origin
11:48:33.288 [main] DEBUG org.apache.hc.client5.http.headers -- http-outgoing-14 << Access-Control-Allow-Origin: *
11:48:33.288 [main] DEBUG org.apache.hc.client5.http.headers -- http-outgoing-14 << Cross-Origin-Resource-Policy: cross-origin
11:48:33.288 [main] DEBUG org.apache.hc.client5.http.headers -- http-outgoing-14 << X-Fastly-Request-ID: a45a2f229e3ea2c418405848dacd8da8b30ab050
11:48:33.288 [main] DEBUG org.apache.hc.client5.http.headers -- http-outgoing-14 << Expires: Mon, 12 Feb 2024 04:53:33 GMT
11:48:33.288 [main] DEBUG org.apache.hc.client5.http.headers -- http-outgoing-14 << Source-Age: 48
11:48:33.288 [main] DEBUG org.apache.hc.client5.http.impl.classic.MainClientExec -- ex-0000000023 connection can be kept alive for 3 MINUTES
11:48:33.288 [main] DEBUG org.apache.hc.client5.http.wire -- http-outgoing-14 << "[0x1f][0xffffff8b][0x8][0x0][0x0][0x0][0x0][0x0][0x0][0x3][0xffffffb5]V]o[0xffffffda]0[0x14]}[0xffffffe7]W\[0xffffff81]*[0xffffffb5][0x12][0x1f][[M[0xffffffd3]$[0x1e]hF[0xffffffbb]i [0x18][0xffffffb4][0xffffffdd]&[0xfffffff9][0xffffffc5]$7[0xffffffc1]R[0x12]#;[0xffffff94]v[0xffffffbf]~[0xffffffb6][0xfffffff3]1[0xffffff92][0xffffff9a][0xffffffc1][0x1a]x[0xffffffcb][0xffffffb5][0xffffffaf][0xffffffcf]9[0xffffffbe][0xfffffff7]8v[0xb][0x1c][0x1e]E4[0xfffffff6]$x4[0xffffffa1][0xb]*[0xffffffb1][0xffffffd1][0xffffff82][0xfffffffb]%[0xffffff93][0xffffffe0][0xffffffb3][0x10][0xffffffc1][0xffffffe5]qBY,!Y[0xffffffea] KM8,[0x10][0xfffffff0][0x19][0xffffffdd]u[0xffffff82][0x1e][0xffffffb0][0xffffffd8]L[0xffffffcb]%[0xffffff86][0xffffffa1][0xe][0xffffffb8][0xfffffff0]P[0xffffffe8]$[0xf][0x13]t[0x13]3[0xfffffff9][0xffffff84]B2[0xffffffae][0xffffffe6]|@[0xfffffff5][0x1d][0x8][0xffffffc4][0x18][0x16][0xffffff82]o[0xffffffa4][0xffffff9a]P[0xffffff94][0xffffffe7][0xffffffce]R[0xfffffff0][0x8][0xffffffdb]p[0xffffffcb][0x4][0xfffffffa][0xfffffffc][0xffffffb9][\r][0xffffff93][0x15][\n]"
11:48:33.288 [main] DEBUG org.apache.hc.client5.http.wire -- http-outgoing-14 << "[0xffffffda][0xffffff86][0xffffffa1][0x17][0xffffffa8]Q3[0xffffffcb][0xffffffd6][0xffffffd1][0xffffff85][0xffffffc6][0xfffffff7][0xffffff98][0xffffffef][0xffffffa3][0xffffffc0]8[0x1][0xffffffae]s[0x12][0x16][0x7] _d[0xffffff82][0xffffff91][0xffffff84][0xfffffff3][0x1f],[0xfffffff6][0x14]j[0x1b]F,^+[0xffffff98]1ua2[0xffffffbf]h([0xffffff8e][0xffffff94][0xffffffa2][0xffffff91]m[0xffffffa3][0xffffffeb][0xffffff9a][0xffffffb0][0xffffffbb]I[0x17]t[0xffffffdf][0xffffffbd][0xffffffef][0xffffffbb][0xffffff91][0xffffffd7]U[0xffffffbb][0xffffff82][0xffffff9e][0x3][0xffffff9b][0xffffff88][0xffffffb9][0xffffffa6]$[0xffffffa6][0xc][0xffffff9b][0xffffffa5][0xffffffe2][0xffffff83][0xffffff98]F[0xffffffd8]o[0xffffff9e]Mg[0xffffff93][0xffffffbb][0xffffffd9]`|[0xfffffffb]u4[0xffffff9c][0x7f]"}B[0xffffffce][0x8][0xffffffb9][0xffffffe3]<[0x8][0xffffff91][0xffffff90][0xffffff94][0xffffff82][0xffffff90][0xffffffc1]j[0x15]2WI[0xffffffe3]1![0x19][0xffffff91]BnB[0xffffff80][0x9]<f[0xffffffb5][0xffffffe8]=[0xffffffd1]p[0xffffffbd][[0xffffffcf][0xffffffe5][0x1b][0xfffffff4][0xffffff9c][0xffffffff][0xfffffffc][0xfffffff8][0xffffffe1][0xffffffe2][0xffffff94][0xffffffa2][0xffffffae][0xe][0x14]5[0xffffff9a]8[0xffffff83][0xffffffd1]`:[0xfffffffd]<[0xffffffb8][0x1f][0xffffff9c]R[0xffffffcf]u[0x7f]6[0xffffffbc][0xffffff83][0xffffffef][0xf][0xffffffc3][0xffffffd9]/[0xfffffff8][0xfffffff2][0xffffffcd]y s[0xffffffee]'[0x1b]*0g[0xffffffcb][0xffffffc8]nF7H][0xffffff83][0xffffff97]{[0xffffffb1]Q[0x5][\r][0xffffffb5]c[0xffffffb4][0xf][0x2][0xffffffb3][0xffffffb4][0xffffff93][0xe]C[0xffffffa7][0xffffffb3]kAD][0xffffff9d][0xffffffde][0xffffffdb][0xffffffda][0xffffff88][0xffffffec][0xffffffa5][0xffffffbc][0xffffff99][0xffffffd9][0xffffffba]t[0xffffffb5][0xffffffea]9[0xffffffea][0x10])[0xffffffb7][0xffffffca][0xffffff9e][0xfffffff2][0xffffffe2]d^N[0xffffffd8]FW[0x16][0xffffffcd][0xffffffdc]_[0x10][0xfffffff9]i|[0x1c][0xffffff93][0xffffff8e][0xfffffff9]o[0x16][0xffffff86]4'!$G[0xffffffdf]W[0xfffffff4]W*j[[0xfffffff3]xR[0xffffffae][0xffffffb6][0xc][0xffffffd0],; #[0xffffffa9][0xffffff92]5[0xffffffb5][0x7][0xffffff9c][0xffffffb5][0xffffffd0][0x7f][0xffffff90][0xffffffc7]jgs[0xfffffffc][0xffffffc2][0xb][0xffffffd9][0x0]t[0xffffff9e]^'Y[0xfffffffb][0xffffff9f][0xffffffb1][0xffffffd8]:[0xffffffbf][0xffffff8d][0xffffffa5][0xffffff9a][0xffffffad][0x7f]m[0x5]&[0xffffffaa][0xffffffa0]^[0xffffff9b][0xffffffcb][0x5]f[0xffffffae][0xffffffe0]RU[0xffffff82][0x10]MS9l[0xffffff91]4t[0xfffffffb][0xffffff8a]][0xffffffd6][0xfffffff4][0xffffff96][0xffffffa6][0xffffff9f]P[0xffffffce][0xffffffd5][0xffffffce][0xffffff93][0xffffffff][0xffffff97][0xffffffcc]p[0xfffffffd][0xfffffff3][0xffffffe8][0x1b][0xffffffcc][0xffffffa2][0xffffffd9]Q[0xffffffbe][0xffffffb2][0xffffffa3][0xffffffc7]m'[0xffffffdf][0xffffffe4][[0xfffffffb]^[0xffffffb0][0xffffff9a][0xffffffbe][0xffffffda][0xffffffda]_[0xffffffce][0xffffff80][0xffffffd2][0xffffffc1]7[0xffffffb7]][0xffffffc1]b[0xffffffee][0xffffffb5][0xffffffff]w[0xffffff83][0xffffffed][0xffffffa7];[0x15]<[0x10]4[0xffffff92][0xffffff84][0x18][\n]"
11:48:33.288 [main] DEBUG org.apache.hc.client5.http.wire -- http-outgoing-14 << "BB[0xffffffba][0xffffff8e]][0xffffffb5]jo[0xffffffb9]+"[0xffffffea][0xffffffb4][0xffffffff]h"[0xffffffea]\?5[0xffffffa9][0xffffffaf]k[0xffffffec][0xffffffff]P[0xffffffea][\n]"
11:48:33.288 [main] DEBUG org.apache.hc.client5.http.wire -- http-outgoing-14 << "w[0xffffffe1]K[0x13][0xffffffda][0xffffffec][0xffffff98][0xffffffe6]Y[0xfffffffd]h8m6[0xffffff9c]T[0xffffffc1][0xfffffff2][0xffffffa7][0xffffff91]z_[0xffffff95]o85p[0x1c][0x13][0xffffffe6][0xfffffff0]5[0xffffffee][0xfffffffc][0xffffff92][0xffffff96][0xffffffda][0xfffffff7][0xffffffcf][0xffffffb1][0x5][0x1d][0xffffffea]K[0xffffff9b]9[0xffffff8e][0xffffffad]e[0xfffffff7][0xffffff93][0xffffffa8]`[0xffffffda][0xffffffff][0x1a][0xffffffd2][0xffffff88][0xffffff85][0xfffffffd][0xfffffff2][0xffffff91]N[0xfffffff6]`[0xffffffdf]2[0xffffffcf][0xffffffae]E[0xffffff97][0xffffffc5][0xffffffa2][0xffffff9d][0xffffffef]'[0xffffff9d]mun.[0xffffffd3]f^[0xffffffc7][0xffffff82][0xffffffda][0xffffff82]9[0xfffffff5][0xffffffa9]`[0x5][0xffffffbc]4[0xffffffa1][0x1d]<M[0xffffffb5]A[0xffffffa7]3[[0xffffffc0][0x7f][0x0][0xffffffc1][0xffffffd0]$[0xffffff85][0x1d][\r][0x0][0x0]"
11:48:33.288 [main] DEBUG org.apache.hc.client5.http.impl.classic.InternalHttpClient -- ep-0000000023 releasing valid endpoint
11:48:33.288 [main] DEBUG org.apache.hc.client5.http.impl.io.PoolingHttpClientConnectionManager -- ep-0000000023 releasing endpoint
11:48:33.288 [main] DEBUG org.apache.hc.client5.http.impl.io.PoolingHttpClientConnectionManager -- ep-0000000023 connection http-outgoing-14 can be kept alive for 3 MINUTES
11:48:33.288 [main] DEBUG org.apache.hc.client5.http.impl.io.PoolingHttpClientConnectionManager -- ep-0000000023 connection released [route: {s}->https://raw.githubusercontent.com:443][total available: 2; route allocated: 1 of 5; total allocated: 3 of 25]
11:48:33.288 [main] DEBUG io.github.bonigarcia.wdm.versions.VersionDetector -- Detecting chrome version using online commands.properties
11:48:33.288 [main] DEBUG io.github.bonigarcia.wdm.versions.Shell -- Running command on the shell: [/Applications/Google Chrome.app/Contents/MacOS/Google Chrome, --version]
11:48:33.318 [main] DEBUG io.github.bonigarcia.wdm.versions.Shell -- Result: Google Chrome 121.0.6167.160
11:48:33.318 [main] DEBUG io.github.bonigarcia.wdm.versions.VersionDetector -- Getting driver version for chrome121 from online versions.properties
11:48:33.318 [main] DEBUG org.apache.hc.client5.http.impl.classic.InternalHttpClient -- ex-0000000024 preparing request execution
11:48:33.318 [main] DEBUG org.apache.hc.client5.http.impl.classic.ProtocolExec -- ex-0000000024 target auth state: UNCHALLENGED
11:48:33.318 [main] DEBUG org.apache.hc.client5.http.impl.classic.ProtocolExec -- ex-0000000024 proxy auth state: UNCHALLENGED
11:48:33.318 [main] DEBUG org.apache.hc.client5.http.impl.classic.ConnectExec -- ex-0000000024 acquiring connection with route {s}->https://raw.githubusercontent.com:443
11:48:33.318 [main] DEBUG org.apache.hc.client5.http.impl.classic.InternalHttpClient -- ex-0000000024 acquiring endpoint (3 MINUTES)
11:48:33.318 [main] DEBUG org.apache.hc.client5.http.impl.io.PoolingHttpClientConnectionManager -- ex-0000000024 endpoint lease request (3 MINUTES) [route: {s}->https://raw.githubusercontent.com:443][total available: 2; route allocated: 1 of 5; total allocated: 3 of 25]
11:48:33.318 [main] DEBUG org.apache.hc.client5.http.impl.io.PoolingHttpClientConnectionManager -- ex-0000000024 endpoint leased [route: {s}->https://raw.githubusercontent.com:443][total available: 1; route allocated: 1 of 5; total allocated: 3 of 25]
11:48:33.318 [main] DEBUG org.apache.hc.client5.http.impl.io.PoolingHttpClientConnectionManager -- ex-0000000024 acquired ep-0000000024
11:48:33.318 [main] DEBUG org.apache.hc.client5.http.impl.classic.InternalHttpClient -- ex-0000000024 acquired endpoint ep-0000000024
11:48:33.318 [main] DEBUG org.apache.hc.client5.http.impl.classic.MainClientExec -- ex-0000000024 executing GET /bonigarcia/webdrivermanager/master/src/main/resources/versions.properties HTTP/1.1
11:48:33.318 [main] DEBUG org.apache.hc.client5.http.protocol.RequestAddCookies -- ex-0000000024 Cookie spec selected: strict
11:48:33.318 [main] DEBUG org.apache.hc.client5.http.impl.classic.InternalHttpClient -- ep-0000000024 start execution ex-0000000024
11:48:33.318 [main] DEBUG org.apache.hc.client5.http.impl.io.PoolingHttpClientConnectionManager -- ep-0000000024 executing exchange ex-0000000024 over http-outgoing-14
11:48:33.318 [main] DEBUG org.apache.hc.client5.http.headers -- http-outgoing-14 >> GET /bonigarcia/webdrivermanager/master/src/main/resources/versions.properties HTTP/1.1
11:48:33.318 [main] DEBUG org.apache.hc.client5.http.headers -- http-outgoing-14 >> user-agent: Apache-HttpClient/5.0
11:48:33.318 [main] DEBUG org.apache.hc.client5.http.headers -- http-outgoing-14 >> accept-encoding: gzip, deflate, br
11:48:33.318 [main] DEBUG org.apache.hc.client5.http.headers -- http-outgoing-14 >> cache-control: max-age=0
11:48:33.318 [main] DEBUG org.apache.hc.client5.http.headers -- http-outgoing-14 >> connection: keep-alive
11:48:33.318 [main] DEBUG org.apache.hc.client5.http.headers -- http-outgoing-14 >> Host: raw.githubusercontent.com
11:48:33.318 [main] DEBUG org.apache.hc.client5.http.wire -- http-outgoing-14 >> "GET /bonigarcia/webdrivermanager/master/src/main/resources/versions.properties HTTP/1.1[\r][\n]"
11:48:33.318 [main] DEBUG org.apache.hc.client5.http.wire -- http-outgoing-14 >> "user-agent: Apache-HttpClient/5.0[\r][\n]"
11:48:33.318 [main] DEBUG org.apache.hc.client5.http.wire -- http-outgoing-14 >> "accept-encoding: gzip, deflate, br[\r][\n]"
11:48:33.318 [main] DEBUG org.apache.hc.client5.http.wire -- http-outgoing-14 >> "cache-control: max-age=0[\r][\n]"
11:48:33.318 [main] DEBUG org.apache.hc.client5.http.wire -- http-outgoing-14 >> "connection: keep-alive[\r][\n]"
11:48:33.318 [main] DEBUG org.apache.hc.client5.http.wire -- http-outgoing-14 >> "Host: raw.githubusercontent.com[\r][\n]"
11:48:33.318 [main] DEBUG org.apache.hc.client5.http.wire -- http-outgoing-14 >> "[\r][\n]"
11:48:33.338 [main] DEBUG org.apache.hc.client5.http.wire -- http-outgoing-14 << "HTTP/1.1 200 OK[\r][\n]"
11:48:33.338 [main] DEBUG org.apache.hc.client5.http.wire -- http-outgoing-14 << "Connection: keep-alive[\r][\n]"
11:48:33.338 [main] DEBUG org.apache.hc.client5.http.wire -- http-outgoing-14 << "Content-Length: 1667[\r][\n]"
11:48:33.338 [main] DEBUG org.apache.hc.client5.http.wire -- http-outgoing-14 << "Cache-Control: max-age=300[\r][\n]"
11:48:33.338 [main] DEBUG org.apache.hc.client5.http.wire -- http-outgoing-14 << "Content-Security-Policy: default-src 'none'; style-src 'unsafe-inline'; sandbox[\r][\n]"
11:48:33.338 [main] DEBUG org.apache.hc.client5.http.wire -- http-outgoing-14 << "Content-Type: text/plain; charset=utf-8[\r][\n]"
11:48:33.338 [main] DEBUG org.apache.hc.client5.http.wire -- http-outgoing-14 << "ETag: W/"2b63ea7ea7667d0729e9d848d780e58af4f6d237cb562369e48d53971ddfa6c5"[\r][\n]"
11:48:33.338 [main] DEBUG org.apache.hc.client5.http.wire -- http-outgoing-14 << "Strict-Transport-Security: max-age=31536000[\r][\n]"
11:48:33.338 [main] DEBUG org.apache.hc.client5.http.wire -- http-outgoing-14 << "X-Content-Type-Options: nosniff[\r][\n]"
11:48:33.338 [main] DEBUG org.apache.hc.client5.http.wire -- http-outgoing-14 << "X-Frame-Options: deny[\r][\n]"
11:48:33.338 [main] DEBUG org.apache.hc.client5.http.wire -- http-outgoing-14 << "X-XSS-Protection: 1; mode=block[\r][\n]"
11:48:33.338 [main] DEBUG org.apache.hc.client5.http.wire -- http-outgoing-14 << "X-GitHub-Request-Id: D6D6:22FCA9:24D88:36DD7:65B05DDF[\r][\n]"
11:48:33.338 [main] DEBUG org.apache.hc.client5.http.wire -- http-outgoing-14 << "Content-Encoding: gzip[\r][\n]"
11:48:33.338 [main] DEBUG org.apache.hc.client5.http.wire -- http-outgoing-14 << "Accept-Ranges: bytes[\r][\n]"
11:48:33.338 [main] DEBUG org.apache.hc.client5.http.wire -- http-outgoing-14 << "Date: Mon, 12 Feb 2024 04:48:33 GMT[\r][\n]"
11:48:33.338 [main] DEBUG org.apache.hc.client5.http.wire -- http-outgoing-14 << "Via: 1.1 varnish[\r][\n]"
11:48:33.338 [main] DEBUG org.apache.hc.client5.http.wire -- http-outgoing-14 << "X-Served-By: cache-qpg1222-QPG[\r][\n]"
11:48:33.338 [main] DEBUG org.apache.hc.client5.http.wire -- http-outgoing-14 << "X-Cache: HIT[\r][\n]"
11:48:33.338 [main] DEBUG org.apache.hc.client5.http.wire -- http-outgoing-14 << "X-Cache-Hits: 1[\r][\n]"
11:48:33.338 [main] DEBUG org.apache.hc.client5.http.wire -- http-outgoing-14 << "X-Timer: S1707713313.397836,VS0,VE1[\r][\n]"
11:48:33.338 [main] DEBUG org.apache.hc.client5.http.wire -- http-outgoing-14 << "Vary: Authorization,Accept-Encoding,Origin[\r][\n]"
11:48:33.338 [main] DEBUG org.apache.hc.client5.http.wire -- http-outgoing-14 << "Access-Control-Allow-Origin: *[\r][\n]"
11:48:33.338 [main] DEBUG org.apache.hc.client5.http.wire -- http-outgoing-14 << "Cross-Origin-Resource-Policy: cross-origin[\r][\n]"
11:48:33.338 [main] DEBUG org.apache.hc.client5.http.wire -- http-outgoing-14 << "X-Fastly-Request-ID: d494a5819e07df5c929d888e6c62f1ee856f84d6[\r][\n]"
11:48:33.338 [main] DEBUG org.apache.hc.client5.http.wire -- http-outgoing-14 << "Expires: Mon, 12 Feb 2024 04:53:33 GMT[\r][\n]"
11:48:33.338 [main] DEBUG org.apache.hc.client5.http.wire -- http-outgoing-14 << "Source-Age: 141[\r][\n]"
11:48:33.338 [main] DEBUG org.apache.hc.client5.http.wire -- http-outgoing-14 << "[\r][\n]"
11:48:33.338 [main] DEBUG org.apache.hc.client5.http.headers -- http-outgoing-14 << HTTP/1.1 200 OK
11:48:33.338 [main] DEBUG org.apache.hc.client5.http.headers -- http-outgoing-14 << Connection: keep-alive
11:48:33.338 [main] DEBUG org.apache.hc.client5.http.headers -- http-outgoing-14 << Content-Length: 1667
11:48:33.338 [main] DEBUG org.apache.hc.client5.http.headers -- http-outgoing-14 << Cache-Control: max-age=300
11:48:33.338 [main] DEBUG org.apache.hc.client5.http.headers -- http-outgoing-14 << Content-Security-Policy: default-src 'none'; style-src 'unsafe-inline'; sandbox
11:48:33.338 [main] DEBUG org.apache.hc.client5.http.headers -- http-outgoing-14 << Content-Type: text/plain; charset=utf-8
11:48:33.338 [main] DEBUG org.apache.hc.client5.http.headers -- http-outgoing-14 << ETag: W/"2b63ea7ea7667d0729e9d848d780e58af4f6d237cb562369e48d53971ddfa6c5"
11:48:33.338 [main] DEBUG org.apache.hc.client5.http.headers -- http-outgoing-14 << Strict-Transport-Security: max-age=31536000
11:48:33.338 [main] DEBUG org.apache.hc.client5.http.headers -- http-outgoing-14 << X-Content-Type-Options: nosniff
11:48:33.338 [main] DEBUG org.apache.hc.client5.http.headers -- http-outgoing-14 << X-Frame-Options: deny
11:48:33.338 [main] DEBUG org.apache.hc.client5.http.headers -- http-outgoing-14 << X-XSS-Protection: 1; mode=block
11:48:33.338 [main] DEBUG org.apache.hc.client5.http.headers -- http-outgoing-14 << X-GitHub-Request-Id: D6D6:22FCA9:24D88:36DD7:65B05DDF
11:48:33.338 [main] DEBUG org.apache.hc.client5.http.headers -- http-outgoing-14 << Content-Encoding: gzip
11:48:33.338 [main] DEBUG org.apache.hc.client5.http.headers -- http-outgoing-14 << Accept-Ranges: bytes
11:48:33.338 [main] DEBUG org.apache.hc.client5.http.headers -- http-outgoing-14 << Date: Mon, 12 Feb 2024 04:48:33 GMT
11:48:33.338 [main] DEBUG org.apache.hc.client5.http.headers -- http-outgoing-14 << Via: 1.1 varnish
11:48:33.338 [main] DEBUG org.apache.hc.client5.http.headers -- http-outgoing-14 << X-Served-By: cache-qpg1222-QPG
11:48:33.338 [main] DEBUG org.apache.hc.client5.http.headers -- http-outgoing-14 << X-Cache: HIT
11:48:33.338 [main] DEBUG org.apache.hc.client5.http.headers -- http-outgoing-14 << X-Cache-Hits: 1
11:48:33.338 [main] DEBUG org.apache.hc.client5.http.headers -- http-outgoing-14 << X-Timer: S1707713313.397836,VS0,VE1
11:48:33.338 [main] DEBUG org.apache.hc.client5.http.headers -- http-outgoing-14 << Vary: Authorization,Accept-Encoding,Origin
11:48:33.338 [main] DEBUG org.apache.hc.client5.http.headers -- http-outgoing-14 << Access-Control-Allow-Origin: *
11:48:33.338 [main] DEBUG org.apache.hc.client5.http.headers -- http-outgoing-14 << Cross-Origin-Resource-Policy: cross-origin
11:48:33.338 [main] DEBUG org.apache.hc.client5.http.headers -- http-outgoing-14 << X-Fastly-Request-ID: d494a5819e07df5c929d888e6c62f1ee856f84d6
11:48:33.338 [main] DEBUG org.apache.hc.client5.http.headers -- http-outgoing-14 << Expires: Mon, 12 Feb 2024 04:53:33 GMT
11:48:33.338 [main] DEBUG org.apache.hc.client5.http.headers -- http-outgoing-14 << Source-Age: 141
11:48:33.339 [main] DEBUG org.apache.hc.client5.http.impl.classic.MainClientExec -- ex-0000000024 connection can be kept alive for 3 MINUTES
11:48:33.339 [main] DEBUG org.apache.hc.client5.http.wire -- http-outgoing-14 << "[0x1f][0xffffff8b][0x8][0x0][0x0][0x0][0x0][0x0][0x0][0x3][0xffffff8d][0xffffff97][0xffffffcb]n+7[0xc][0xffffff86][0xfffffff7]y[0xffffff8a][0x1][0xffffffba][0xffffffce]XWJ[\n]"
11:48:33.339 [main] DEBUG org.apache.hc.client5.http.wire -- http-outgoing-14 << "[0xffffffa0]M[0xffffffaf][0xffffffab][0xffffffa2][0xffffff8b][0xfffffff6][0x5]|[0xffffffec]I28[0xffffff8e]'[0xffffffb0][0xffffff9d][0xffffff93][0xffffff83]>}II[0xffffffd4][0xffffffc8][0xffffff9a][0x16][0xffffffe8][0xffffffc2]H[0xfffffff8][0xffffff8d]F")[\r][0xfffffff5][0xfffffff3][0xffffff87][0xffffffe1][0xffffffaf][0xffffffd7][0xfffffff9]:<[0xffffffcf][0xffffffa7]i8,[0xffffffe7][0xffffffdb]~>_[0xffffff87][0xffffffdb][0xffffffeb]4|=/[0xffffff9f][0xffffffe7][0xffffffe1]x[0xffffff99][0xffffffbf]M[0xffffff97][0x1][0x7f][0xffffffd7]y[0xffffffc1]'[0xffffff87][0xffffffe5][0xffffffed]}[0x7f][0xffffff9b][0xffffffbf][0xffffffe0][0xffffffe8][0xffffffcf][0xfffffff9][0xfffffff6][0xffffff9a]F[0x1e][0xffffff96][0xffffffcb]e[0xffffffba][0xffffffbe]/[0xffffffe7][0xffffffe3]|~[0x19][0xffffffbe]\[0xffffff96][0xffffffcf][0xffffffeb][0xfffffffa][0xffffffca][0xffffffc3][0xffffffc3][0xf][0xffffffc3][0xffffff8f][0x19]=[\r][0xffffffbf]-[0xffffffcb][0xb][0xffffffbe][0xfffffff9][0xffffffd3][0xffffffeb]ey[0xffffff9b][0xffffff86][0xfffffffd][0xfffffff9][0xffffff98][0xffffffff][0xffffff9d]?[0xffffffde][0xffffff86][0xffffffc7][0xffffffe1][0xffffffe7][0xffffffb4][0xffffffd4][0xffffffd3]pHO[0xfffffff3][0xffffffc2][0xfffffff8][0xfffffff2][0xffffff9f][0xffffffcb][0xffffffc7][0xffffffe5]0=[\r][0xffffffaf][0xffffffb7][0xffffffdb][0xfffffffb][0xffffffd3]n[0xffffffd7]>[0x1d][0xf][0xffffffe5][0xffffffed]q[0xffffffb9][0xffffffbc][0xffffffec][0xffffff8e][0xffffffe8][0xffffffef]i[0xffffffd9][0x1f][0xffffffaf][0xf]y[0xffffff8c][0xffffff94]&[0xffffffe2]o[0x14][0xffffffa3]u[0xffffffda][0xffffff8e]AT[0xffffffae][0xffffff91]k[0xffffffe2][0xffffffe0][0xffffffd4][0x8][0xffffffba]r[0xffffff85]\%.[0xffffffed]hB[0xffffffe5][0x12][0xffffffb9]$nA[0xffffff8f]`*[0x17][0xffffffc8][0x5]q[0xffffffe3][0xffffffe5][0xffffffe8][0x1c]s[0x11]"[0xfffffffe][0x12][0xffffffc7][0xffffffe5]][0x1d]/<rO\[0xffffffdb]0:Y[0xffffffb9]C[0xffffffee][0x12][0x17]f[0x4]U9 [0x7][0xffffffe2][0xffffffca][0xffffff84][0x11][0xffffffd6][0xfffffff1][0x16][0xffffffb9]%.[0xffffff83][0xffffffc5][0xffffff87][0xffffff95]c[0xffffffbc]"[0xffffffc5]Ka[0xffffffb8][0xffffffea][0xffffffbf][0xffffffc0]xE[0xffffff8a]W[0xffffff80][0x18][0xffffffa5]^[0x1d][0xffffffc2][0xffffff80]E[\n]"
11:48:33.339 [main] DEBUG org.apache.hc.client5.http.wire -- http-outgoing-14 << "X[0xffffffe0]|[0xffffffcd][0x2][0x18][0xffffffb0][0xffffffa0][0xffffff80]M[0xffffffb0]r4+[0xffffffc7][0xffffff80][0x5][0x5]l|[0xffffff80][0x11]8[0xffffffa1]![0xffffffc4][0x10][0x12]5[0x6][0xffffffd7]f[0xffffffea]c[0xffffffa0]`[0xffffff8d][0xffffffb3]~[0xffffffc4]e[0x18][0xffffffbb][0x18](V[0x3]A[0xffffffad]9[0x8][0x10][0x3]$[\n]"
11:48:33.339 [main] DEBUG org.apache.hc.client5.http.wire -- http-outgoing-14 << "f4[0xffffff96][0xffffffa9][0xffffff8d][0xffffffc1]&[0xffffffaa][0xfffffffd][0x8][0x1c]O01[0xffffff98]D19[0xffffffb8][0xffffff91][0xffffff8c]u[0xc][0x14][0xffffffa4][0xffffffb1][0xffffffce][0xffffffad][0xffffff9b][0x1a]T[0xc]*Q[0xffffffdc]R[0xffffffcc]2c[0x19]C[\n]"
11:48:33.339 [main] DEBUG org.apache.hc.client5.http.wire -- http-outgoing-14 << "[0xffffffd0][0xffffffe0][0x9][0xffffffc0]X[0x19][0xffffff8b][0x18]R|F[0xffffff8b]Qq[0xffffff9e]|[0xffffff88]>[0xffffffc5][0xffffffa7][0xfffffff1][0xffffff8f][0xffffffe2][0xffffff99][0xffffffbd][0xffffff8f]>[0xffffffc5][0xffffffa7][0xffffff95][0x19][0x3]0u[0xffffffd1][0xffffffa7][0xfffffff0][0xffffff94][0x17][0xffffffa3][0xfffffff7]L![0xfffffffa][0x14][0xffffff9e]28/[0xffffffa7][0xffffffc2][0xffffffdb][0xffffffe8]Sx[0xffffffd2][0xffffffeb][0xffffffd1][0xffffffb3]k[0xffffffde]D[0xffffff9f][0xffffffc2][0xffffff93][0xffffffc6][0xffffff8d][0xffffff9a]s[0xffffffec]u[0xfffffff4]):[0xffffffda]I[0xffffffcd][0xffffffa9][0xfffffff0]2[0xfffffffa][0x14][0xffffff86][0xffffffc0][0xffffffcc]K][0xffffff97][0x13][0xffffffd1]S[0x18]:[0xffffffa0]/x[0xffffff84][\n]"
11:48:33.339 [main] DEBUG org.apache.hc.client5.http.wire -- http-outgoing-14 << "v![0xffffffba][0xffffff90][0xffffffb0][0xffffffb1][0xffffffa3][0xffffffae][0xffffffd4]G[0xffffffe7][0x13][0xffffffc5][0xffffffb3][0xffffff83][0xffffffe7][0xffffff8a][0xffffffb1][0xffffff8b][0xffffff8e][0x2][0xffffffd1][0x1e][0xfffffff0][`7[0x1c]D[0x7][0xffffff89][0xffffffe2][0x1][0xffffff97][0xffffffaa][0xffffffce]a[0xffffffa3][0xffffffa3]H[0xffffffb4]sx[0xffffffc0][0xffffffd6][0xffffffd1]&:[0xffffff93][0xffffffb0][0xffffffc2][0xfffffff3][0xffffffcb]PGG[0xffffff91]h[0xffffffc0][0xffffff80][0xffffff80]]v**[0xffffffdc]Q[0xffffffb6][0xffffffe4][0xffffff9d]%[0xffffffc8]b[0xffffffc7] [0xffffff90][0xffffffc5]{[0x3][0xffffff9e],[0xffffffce](8[0xffffffb2]x7[0x1][0xffffffc8]bg[0xffffffc0][0xffffffa2]US[0x4][0xffffff86],[0xffffffce]9h[0xffffffb2]x= _t][0xffffff8f]|[0xffffffa9][0xffffffdf][0xc][0xffffff90]/Z[0xffffffdf]U[0xffffffb5][0xffffffdf][0xffffff97][0xffffffbf][0xffffffe7][0xffffffd3]i?[0xfffffffc]:_[0xffffffa6][0xffffffe7][0xffffffe5]{S[0xffffffca]^[0xffffffa6][0xffffffc3][0xffffffd7][0xffffffe5]_+[0xffffffd9][0x15]K[0xffffffd9][0xb][0x16][0xffffffd0][0xffffff8f]/#[0xffffff96][0xffffffd4][0xffffffdd][[0xffffff9e]b[0xffffffd7][0xffffffbc][0xffffffb0][0xffffffbb]L[0xffffffa7]i[0x7f][0xffffff9d][0xffffffae][0xf][0xffffffcf]y^[0xffffffa9]d[0xffffffc4][0xffffffb4]aBW"[0xffffff88][0xffffffe8][0xffffff86][0xffffffc8][0xffffffb0]!~C[0xffffffdc][0xffffff86][0xffffffc0][0xffffff86][0xffffffd8][\r]1[0x1b][0xffffffa2]7Dm[0xffffff88][0xffffffdc][0xffffff90][0xffffffe4][0xffffffb3][0x1a]U%"d[0xffffffb2][0xffffff8e][0x11]~C[0xffffffdc][0xffffff86][0xffffffc0][0xffffff86][0xffffffd8][\r]I>[0xffffffcb][0xffffff96][0xffffffe8][\r]Q[0x1b]"7Dt$[0xffffff84][0x1e][0xfffffff8][0x1e][0xffffffb8][0x1e]@[0xf]l[0xf]zoC[0xffffffef]l[0xffffffe8]}[\r][0xffffffbd][0xffffffab][0xffffff81]<[0xffffffc5][0xffffffaf][0xffffffad][0x1][0xffffffe3]i>[0x7f]|[0xffffffcf]X2[0xfffffff6][0xffffffa1][0x1b][0xffffffe7]}[0xf]\[0xf][0xffffffa0][0x7][0xffffffb6][0x7][0xffffffa6][0x7][0x14][0xffffff80][0xfffffff2][\r]P=[0xffffffa0][0x0][0xffffff94]k[0xffffff80][0xffffffe8][0xffffff80][0xb]=H[0xffffff9e]B[0x3]\[0xf][0xffffffa0][0x7][0xffffffb6][0x7][0xffffffa6][0x7][0xffffffba][0x7][0xffffffaa][0x7][0xffffffb2][0x7][0xffffffa2][0x3][0x10]z[0xffffff90]<[0xffffffb5][\r]H[0xffffff9e]6_0@[0xf]l[0xf][0xffffff92][0xffffffa7][0xffffffcd][0x7][0x4][0xffffffba][0x7][0xffffffc9][0xffffffd3][0xffffffe6][0xffffffd8]C[0xfffffff2][0xffffffb4]9[0x14] :`C[0xf]|[0xf]\[0xf][0xffffff92][0xffffffa7][0xffffffa2][0x1][0xffffff96]A[[0xb][0xffffffff]x[0xffffff9f].[0xfffffffb][0xffffffa6][0x2].d[0xffffffff][0xffffff9f][\n]"
11:48:33.339 [main] DEBUG org.apache.hc.client5.http.wire -- http-outgoing-14 << "[0xffffff98][0x6]^[0xffffff97][0xffffffe7][0xffffffdb][0xffffffe7][0xfffffffe]2e[0xffffff8b][0xffffffd5]]_[0xf][0xffffffd3][0xffffffc3][0xffffffa4][0xffffff8e]hy[0xffffffd4]![0xffffffa8]>[0xffffff94][0x10][0xffffffcc]Q[0x1d][0xffffffc9][0xffffff90]8^s[0x12]o[0xfffffff1][0xffffffc2]I[\r]&[0xfffffff5][0x15]P'[0xfffffff8][0xffffffc0][0xffffff98][0xffffffc4]`[0x12]_[0x1]E[0xffffff86][0xffffffd4][0xffffff8a]9[0xffffff89][0xffffffc1]$[0xffffffbe]<N[0x13][0x1c]c[0xffffffd2][0xffffff82]I{9[0xfffffffc][0xffffffb2]$[\n]"
11:48:33.339 [main] DEBUG org.apache.hc.client5.http.wire -- http-outgoing-14 << "[0xffffff98][0xffffffc2]E[0xffffffab]5[0xffffffb1][0xffffffc8]e[0xffffff8e]u[0xffffffa2][0xffffff91][0xffffff9a]R[0xffffff95]i[0xffffffb0]Z4J[0xffffffd3]3uw:[0xffffffd3][0x16][\n]"
11:48:33.339 [main] DEBUG org.apache.hc.client5.http.wire -- http-outgoing-14 << "[0xffffffad][0xffffffca][0xffffff94][0x1c]g[0xffffffb0][0xffffffad][0xffffffc8][0xffffffc4]L[0x14]lZ[0xffffff8d][0x19]J[0xffffff94]A[0xffffffb7][\n]"
11:48:33.339 [main] DEBUG org.apache.hc.client5.http.wire -- http-outgoing-14 << "[0x13]eI[0xffffffa6][0xffffffaa][0xffffffd5][0xffffff97][0xffffff98][0xffffffb4][0xffffff82]e+/I[0xffffffb9]e,Zu[0xffffffe9]K[0xffffffe0]>[0xffffffb4][0xffffffda][0x12][0xffffffa0]P[0xffffffdf][0x9][0xffffffcb]L]++[0xffffffa1]l[0xffffff8c][0xffffff87]VT[0xffffffd6][0x14]aq[0xffffffb9][0x13][0xffffff95][0x19][0xffffff9a]FS[0xfffffffa][0xffffffe2][0x18][0x16][0xffffff99];E[0xffffff99][0xffffffa1][0xffffffba][0x17][0xffffff94][0x19][0xffffffca]FOZ^_4r[0xffffff92]][0xffffffc5][0xffffffa2]s'&3[0xfffffff4][0xffffff9d][0xffffff96][0xffffffcc][0xffffffd4]5R[0xffffffd2]1[0xffffff84]FH[0xfffffffa][0xffffffb2]<V[0xffffffa1]UG[0xffffffb2][0xfffffff7]X[0xffffff89]V[0x19][0xffffff89][0x9].T72[0x12]xR[0xffffffd5][0xffffffa8]H_6[0x1c][0xffffffcb][0xffffffd2]*"[0xffffffeb]famZE$[0xffffff9f]u[0xffffffac]O[0xffffffab][0xffffff86][0xffffffe4][0x13][0xffffff8d]5[0xffffffaa][0xffffff91][0xffffff90][0xffffffb2][0xffffff84][0xffffff8a][0xffffff85][0xffffffaa]U[0xffffff90]e-[0xffffffac]V[0xffffffab][0xffffff80]t<[0xffffffab]m[0xfffffff4]#[0x1f]e[0xffffffac]Z[0xffffffab]z[0xffffffac][0xffffff87][0x13]KW[0xffffffa3][0x1e][0xfffffff9]S[0xffffffc3][0xfffffffa][0xffffffd5][0xffffff88][0xffffffc7][0xffffffba]V[0x11]}[0xffffffc9][0xffffffb0][0xffffffa1]5[0xffffff8a][0xffffffe4][0xffffffcb]FQ|[0xffffffd9]([0xffffff82]/[0x1b]E[0xffffffef]e[0xffffffa3][0xffffffc8][0xffffffbd]l[0x14][0xffffffb5][0xffffff97][0xffffff8d]"[0xfffffff6][0xffffffb2]![0xffffffb3][0xffffffba][0xffffffcb][0xffffff86]h[0xc]C[0x1e][0xffffffb0][0xffffffc7][0xffffff86]<[0xffffffd0]e[0x1d]C[0x1e][0xffffffa8][0xffffff92][0xc][0x3][0xffffffd9][0xffffffb8][0xffffff93][0xffffff87][0xfffffff3][0xffffffe1][0xffffffb2]Pe[0x1b]~9[0xffffffbe]LMm|[0xffffffbb]N[0x8][0xfffffffe][0xffffffb3]8[0x1e][0xffffffa7]o[0xffffffd3][0xffffff89]f[0x1d][0xffffffdf]x[0xffffff86]T)[0xffffffa7][0xfffffff3][0xffffffe3][0xffffffc7]uW[0xffffffd9]#M[0xffffffb2][0xffffffbb]-[0xffffffcb][0xffffffe9][0xffffffba][0xfffffffb][0xffffff9c][0xffffffbe][0xffffff94]b[0xfffffff9]@t[0xffffffed][0xffffff80][0xffffffa5][0xffffffc7][0x1b]C[0xfffffffa]B[0xffffffb9][0xffffffff][0xffffff95][0xe][0xffffffe5]9f2S[0xffffffee]~[0xffffffa5]S[0xffffffe9] g[0xffffffca][0xffffffbd][0xffffffaf][0x4][0xffffff90][0xffffffd4][0xffffff9b]f[0xffffffca][0xffffff9d][0xffffffaf][0xffffffb4]x>0{[0xffffff89][0xffffffd6][0xffffffbe]WZ,[0xffffffb4][0xffffffae][0xffffffac]V[0xffffffbb]^i[0x0][0xffffffe7][0xffffff85]B[0xffffffb9][0xffffffe7][0xffffffc5]n[0xffffff81][0xffffffee]"
11:48:33.339 [main] DEBUG org.apache.hc.client5.http.wire -- http-outgoing-14 << "[0xfffffff6][0xc][0xffffffb9][0xffffffe1][0xffffff95][0xffffffda][0xffffffd1]MZ([0xffffffb7][0xffffffbb][0xffffffd8][0xffffffb9]j[0xffffffac]`[0xffffff85]r[0xffffffb3]+[0x15]~[0xffffffa9][0xffffff8e]g[0xffffffe0]V[0x17]{[0x13]S[0xffffff83][0xffffffa8]}.[0xffffffde][0x6][0xffffff96]z[0xffffff87]L[0xffffffb9][0xffffffcb]Ea-[0xffffffd6]y[0xffffffb9][0xffffffc7][0xffffffc5][0xffffffcb][0xffffffc2]R[0xffffffa7]E[0xffffff94];\,[0xfffffffd]T(2+[0xfffffffd][0xffffffad][0xffffffa4][0xffffffe8]Jb[0xffffffb8][0xffffffb9][0xffffffc5][0xffffffd0]Te[0xffffffa5][0xffffffb5][0xffffffc5][0x18]Le[0xffffffa5][0xffffffb1]E[0xffffffaf][0xffffffea][0xffffffca][0xffffffdc][0xffffffd6][0x6][0xffffffac]1ZfTZ[0xffffffda][0xffffff80][0xffffffa9][0xffffffd7]eT[0xffffffe9]g[0xffffff83]X[0x17]([0xffffffbd][0xffffffac][0xffffffa7]JW^,}[0xffffffac][0xffffffc7][0xffffffc0]2[0xffffffe1][0x1e][0xffffff96]v<o[0xc][0xfffffff7][0xffffffaf][0xe]s[^[0xffffffe3][0xffffffe6][0x15] [0xffffff94]-[0xffffffe1][0xffffffc6][0x15][0xfffffff0]H@[0xffffffce][0x5]w[0xffffffad][0xffffff96][0x12]\F[0xffffff95][0xffffff96][0xffffffd5]&[0xffffffe1][0xffffff92][0x8][0xffffffb7][0xffffffab]X[0x1a]lY[0xf][0xffffffab]W[0xffffffae][0xffffff9e][0xffffff81]}[0xffffffe2][0xffffffee][0x15][0xffffffef][0xffffffd9][0xffffffb2]U[0xffffffb5]s[0xffffffc5][0xffffff88][0xfffffff1][0xffffffdc]%V[0xffffffdb]V:[0xffffffb3][0xffffff99][0xffffff94][0xffffff96]U9>:[0xffffffdc][0xffffffad]*]I[0xffffffe9]T[0xffffffa9],[0x16]R[0xffffff9a]T[0xffffffa9]I.$dL|[0xffffffbf]L[0xffffff8f][0xfffffff3][0xfffffff9]z[0xffffffdb][0xffffff9f]N[0xffffffd3]1C[0x15][0xffffff81]nv[0xffffff9d][0xffffffcf][0xffffff89][0xffffff91][0x11]K[0x18][0xffffffa8][0xffffff90][0xffffffc3]7"b[0xffffff9d][0xffffffc4][0xffffffdb].[0xffffffef][0xffffff87][0xfffffff6][0x11]?,[0xffffffa3]C6[0x15][0x15][0x1d][0xffffffdc]i[0xffffff9f][0xffffffcf][0x8][0xfffffff6]gtec[0xffffffbd]~[0xfffffff8][0x7][0x18]<[0xfffffffe][0xffffff8d]h[0x13][0x0][0x0]"
11:48:33.339 [main] DEBUG org.apache.hc.client5.http.impl.classic.InternalHttpClient -- ep-0000000024 releasing valid endpoint
11:48:33.339 [main] DEBUG org.apache.hc.client5.http.impl.io.PoolingHttpClientConnectionManager -- ep-0000000024 releasing endpoint
11:48:33.339 [main] DEBUG org.apache.hc.client5.http.impl.io.PoolingHttpClientConnectionManager -- ep-0000000024 connection http-outgoing-14 can be kept alive for 3 MINUTES
11:48:33.339 [main] DEBUG org.apache.hc.client5.http.impl.io.PoolingHttpClientConnectionManager -- ep-0000000024 connection released [route: {s}->https://raw.githubusercontent.com:443][total available: 2; route allocated: 1 of 5; total allocated: 3 of 25]
11:48:33.339 [main] DEBUG io.github.bonigarcia.wdm.versions.VersionDetector -- Driver for chrome121 not found in online properties (using local versions.properties)
11:48:33.339 [main] DEBUG io.github.bonigarcia.wdm.WebDriverManager -- The driver version for CHROME 121 is unknown ... trying with latest
11:48:33.340 [main] DEBUG org.apache.hc.client5.http.impl.classic.InternalHttpClient -- ex-0000000025 preparing request execution
11:48:33.340 [main] DEBUG org.apache.hc.client5.http.impl.classic.ProtocolExec -- ex-0000000025 target auth state: UNCHALLENGED
11:48:33.340 [main] DEBUG org.apache.hc.client5.http.impl.classic.ProtocolExec -- ex-0000000025 proxy auth state: UNCHALLENGED
11:48:33.340 [main] DEBUG org.apache.hc.client5.http.impl.classic.ConnectExec -- ex-0000000025 acquiring connection with route {s}->https://googlechromelabs.github.io:443
11:48:33.340 [main] DEBUG org.apache.hc.client5.http.impl.classic.InternalHttpClient -- ex-0000000025 acquiring endpoint (3 MINUTES)
11:48:33.340 [main] DEBUG org.apache.hc.client5.http.impl.io.PoolingHttpClientConnectionManager -- ex-0000000025 endpoint lease request (3 MINUTES) [route: {s}->https://googlechromelabs.github.io:443][total available: 2; route allocated: 1 of 5; total allocated: 3 of 25]
11:48:33.340 [main] DEBUG org.apache.hc.client5.http.impl.io.PoolingHttpClientConnectionManager -- ex-0000000025 endpoint leased [route: {s}->https://googlechromelabs.github.io:443][total available: 1; route allocated: 1 of 5; total allocated: 3 of 25]
11:48:33.340 [main] DEBUG org.apache.hc.client5.http.impl.io.PoolingHttpClientConnectionManager -- ex-0000000025 acquired ep-0000000025
11:48:33.340 [main] DEBUG org.apache.hc.client5.http.impl.classic.InternalHttpClient -- ex-0000000025 acquired endpoint ep-0000000025
11:48:33.340 [main] DEBUG org.apache.hc.client5.http.impl.classic.MainClientExec -- ex-0000000025 executing GET /chrome-for-testing/last-known-good-versions-with-downloads.json HTTP/1.1
11:48:33.340 [main] DEBUG org.apache.hc.client5.http.protocol.RequestAddCookies -- ex-0000000025 Cookie spec selected: strict
11:48:33.340 [main] DEBUG org.apache.hc.client5.http.impl.classic.InternalHttpClient -- ep-0000000025 start execution ex-0000000025
11:48:33.340 [main] DEBUG org.apache.hc.client5.http.impl.io.PoolingHttpClientConnectionManager -- ep-0000000025 executing exchange ex-0000000025 over http-outgoing-12
11:48:33.340 [main] DEBUG org.apache.hc.client5.http.headers -- http-outgoing-12 >> GET /chrome-for-testing/last-known-good-versions-with-downloads.json HTTP/1.1
11:48:33.340 [main] DEBUG org.apache.hc.client5.http.headers -- http-outgoing-12 >> user-agent: Apache-HttpClient/5.0
11:48:33.340 [main] DEBUG org.apache.hc.client5.http.headers -- http-outgoing-12 >> accept-encoding: gzip, deflate, br
11:48:33.340 [main] DEBUG org.apache.hc.client5.http.headers -- http-outgoing-12 >> cache-control: max-age=0
11:48:33.340 [main] DEBUG org.apache.hc.client5.http.headers -- http-outgoing-12 >> connection: keep-alive
11:48:33.340 [main] DEBUG org.apache.hc.client5.http.headers -- http-outgoing-12 >> Host: googlechromelabs.github.io
11:48:33.340 [main] DEBUG org.apache.hc.client5.http.wire -- http-outgoing-12 >> "GET /chrome-for-testing/last-known-good-versions-with-downloads.json HTTP/1.1[\r][\n]"
11:48:33.340 [main] DEBUG org.apache.hc.client5.http.wire -- http-outgoing-12 >> "user-agent: Apache-HttpClient/5.0[\r][\n]"
11:48:33.340 [main] DEBUG org.apache.hc.client5.http.wire -- http-outgoing-12 >> "accept-encoding: gzip, deflate, br[\r][\n]"
11:48:33.340 [main] DEBUG org.apache.hc.client5.http.wire -- http-outgoing-12 >> "cache-control: max-age=0[\r][\n]"
11:48:33.340 [main] DEBUG org.apache.hc.client5.http.wire -- http-outgoing-12 >> "connection: keep-alive[\r][\n]"
11:48:33.340 [main] DEBUG org.apache.hc.client5.http.wire -- http-outgoing-12 >> "Host: googlechromelabs.github.io[\r][\n]"
11:48:33.340 [main] DEBUG org.apache.hc.client5.http.wire -- http-outgoing-12 >> "[\r][\n]"
11:48:33.512 [main] DEBUG org.apache.hc.client5.http.wire -- http-outgoing-12 << "HTTP/1.1 200 OK[\r][\n]"
11:48:33.512 [main] DEBUG org.apache.hc.client5.http.wire -- http-outgoing-12 << "Connection: keep-alive[\r][\n]"
11:48:33.512 [main] DEBUG org.apache.hc.client5.http.wire -- http-outgoing-12 << "Content-Length: 640[\r][\n]"
11:48:33.512 [main] DEBUG org.apache.hc.client5.http.wire -- http-outgoing-12 << "Server: GitHub.com[\r][\n]"
11:48:33.512 [main] DEBUG org.apache.hc.client5.http.wire -- http-outgoing-12 << "Content-Type: application/json; charset=utf-8[\r][\n]"
11:48:33.512 [main] DEBUG org.apache.hc.client5.http.wire -- http-outgoing-12 << "permissions-policy: interest-cohort=()[\r][\n]"
11:48:33.512 [main] DEBUG org.apache.hc.client5.http.wire -- http-outgoing-12 << "x-origin-cache: HIT[\r][\n]"
11:48:33.512 [main] DEBUG org.apache.hc.client5.http.wire -- http-outgoing-12 << "Last-Modified: Mon, 12 Feb 2024 04:09:36 GMT[\r][\n]"
11:48:33.512 [main] DEBUG org.apache.hc.client5.http.wire -- http-outgoing-12 << "Access-Control-Allow-Origin: *[\r][\n]"
11:48:33.512 [main] DEBUG org.apache.hc.client5.http.wire -- http-outgoing-12 << "Strict-Transport-Security: max-age=31556952[\r][\n]"
11:48:33.512 [main] DEBUG org.apache.hc.client5.http.wire -- http-outgoing-12 << "ETag: W/"65c99a00-229c"[\r][\n]"
11:48:33.512 [main] DEBUG org.apache.hc.client5.http.wire -- http-outgoing-12 << "expires: Mon, 12 Feb 2024 04:21:25 GMT[\r][\n]"
11:48:33.512 [main] DEBUG org.apache.hc.client5.http.wire -- http-outgoing-12 << "Cache-Control: max-age=600[\r][\n]"
11:48:33.512 [main] DEBUG org.apache.hc.client5.http.wire -- http-outgoing-12 << "Content-Encoding: gzip[\r][\n]"
11:48:33.512 [main] DEBUG org.apache.hc.client5.http.wire -- http-outgoing-12 << "x-proxy-cache: HIT[\r][\n]"
11:48:33.512 [main] DEBUG org.apache.hc.client5.http.wire -- http-outgoing-12 << "X-GitHub-Request-Id: 7E68:202855:5C382C1:5E35C94:65C99AB6[\r][\n]"
11:48:33.512 [main] DEBUG org.apache.hc.client5.http.wire -- http-outgoing-12 << "Accept-Ranges: bytes[\r][\n]"
11:48:33.512 [main] DEBUG org.apache.hc.client5.http.wire -- http-outgoing-12 << "Date: Mon, 12 Feb 2024 04:48:33 GMT[\r][\n]"
11:48:33.512 [main] DEBUG org.apache.hc.client5.http.wire -- http-outgoing-12 << "Via: 1.1 varnish[\r][\n]"
11:48:33.512 [main] DEBUG org.apache.hc.client5.http.wire -- http-outgoing-12 << "Age: 289[\r][\n]"
11:48:33.512 [main] DEBUG org.apache.hc.client5.http.wire -- http-outgoing-12 << "X-Served-By: cache-fra-eddf8230091-FRA[\r][\n]"
11:48:33.512 [main] DEBUG org.apache.hc.client5.http.wire -- http-outgoing-12 << "X-Cache: HIT[\r][\n]"
11:48:33.512 [main] DEBUG org.apache.hc.client5.http.wire -- http-outgoing-12 << "X-Cache-Hits: 4[\r][\n]"
11:48:33.512 [main] DEBUG org.apache.hc.client5.http.wire -- http-outgoing-12 << "X-Timer: S1707713313.498652,VS0,VE0[\r][\n]"
11:48:33.512 [main] DEBUG org.apache.hc.client5.http.wire -- http-outgoing-12 << "Vary: Accept-Encoding[\r][\n]"
11:48:33.512 [main] DEBUG org.apache.hc.client5.http.wire -- http-outgoing-12 << "X-Fastly-Request-ID: fe833726fa52c832baaf8bdbaa379ce43c04b0f6[\r][\n]"
11:48:33.512 [main] DEBUG org.apache.hc.client5.http.wire -- http-outgoing-12 << "[\r][\n]"
11:48:33.512 [main] DEBUG org.apache.hc.client5.http.headers -- http-outgoing-12 << HTTP/1.1 200 OK
11:48:33.512 [main] DEBUG org.apache.hc.client5.http.headers -- http-outgoing-12 << Connection: keep-alive
11:48:33.512 [main] DEBUG org.apache.hc.client5.http.headers -- http-outgoing-12 << Content-Length: 640
11:48:33.512 [main] DEBUG org.apache.hc.client5.http.headers -- http-outgoing-12 << Server: GitHub.com
11:48:33.512 [main] DEBUG org.apache.hc.client5.http.headers -- http-outgoing-12 << Content-Type: application/json; charset=utf-8
11:48:33.512 [main] DEBUG org.apache.hc.client5.http.headers -- http-outgoing-12 << permissions-policy: interest-cohort=()
11:48:33.512 [main] DEBUG org.apache.hc.client5.http.headers -- http-outgoing-12 << x-origin-cache: HIT
11:48:33.512 [main] DEBUG org.apache.hc.client5.http.headers -- http-outgoing-12 << Last-Modified: Mon, 12 Feb 2024 04:09:36 GMT
11:48:33.512 [main] DEBUG org.apache.hc.client5.http.headers -- http-outgoing-12 << Access-Control-Allow-Origin: *
11:48:33.512 [main] DEBUG org.apache.hc.client5.http.headers -- http-outgoing-12 << Strict-Transport-Security: max-age=31556952
11:48:33.512 [main] DEBUG org.apache.hc.client5.http.headers -- http-outgoing-12 << ETag: W/"65c99a00-229c"
11:48:33.512 [main] DEBUG org.apache.hc.client5.http.headers -- http-outgoing-12 << expires: Mon, 12 Feb 2024 04:21:25 GMT
11:48:33.512 [main] DEBUG org.apache.hc.client5.http.headers -- http-outgoing-12 << Cache-Control: max-age=600
11:48:33.512 [main] DEBUG org.apache.hc.client5.http.headers -- http-outgoing-12 << Content-Encoding: gzip
11:48:33.512 [main] DEBUG org.apache.hc.client5.http.headers -- http-outgoing-12 << x-proxy-cache: HIT
11:48:33.512 [main] DEBUG org.apache.hc.client5.http.headers -- http-outgoing-12 << X-GitHub-Request-Id: 7E68:202855:5C382C1:5E35C94:65C99AB6
11:48:33.512 [main] DEBUG org.apache.hc.client5.http.headers -- http-outgoing-12 << Accept-Ranges: bytes
11:48:33.512 [main] DEBUG org.apache.hc.client5.http.headers -- http-outgoing-12 << Date: Mon, 12 Feb 2024 04:48:33 GMT
11:48:33.512 [main] DEBUG org.apache.hc.client5.http.headers -- http-outgoing-12 << Via: 1.1 varnish
11:48:33.512 [main] DEBUG org.apache.hc.client5.http.headers -- http-outgoing-12 << Age: 289
11:48:33.512 [main] DEBUG org.apache.hc.client5.http.headers -- http-outgoing-12 << X-Served-By: cache-fra-eddf8230091-FRA
11:48:33.512 [main] DEBUG org.apache.hc.client5.http.headers -- http-outgoing-12 << X-Cache: HIT
11:48:33.512 [main] DEBUG org.apache.hc.client5.http.headers -- http-outgoing-12 << X-Cache-Hits: 4
11:48:33.512 [main] DEBUG org.apache.hc.client5.http.headers -- http-outgoing-12 << X-Timer: S1707713313.498652,VS0,VE0
11:48:33.512 [main] DEBUG org.apache.hc.client5.http.headers -- http-outgoing-12 << Vary: Accept-Encoding
11:48:33.512 [main] DEBUG org.apache.hc.client5.http.headers -- http-outgoing-12 << X-Fastly-Request-ID: fe833726fa52c832baaf8bdbaa379ce43c04b0f6
11:48:33.512 [main] DEBUG org.apache.hc.client5.http.impl.classic.MainClientExec -- ex-0000000025 connection can be kept alive for 3 MINUTES
11:48:33.512 [main] DEBUG org.apache.hc.client5.http.wire -- http-outgoing-12 << "[0x1f][0xffffff8b][0x8][0x0][0x0][0x0][0x0][0x0][0x0][0x3][0xffffffcd][0xffffff96][0xffffffcb][0xffffff8e][0xffffff9b]0[0x14][0xffffff86][0xfffffff7]}[0xc][0xffffffaf][0xffffffc1]`[0x8][0xffffffe4][0xffffffb2][0xffffff9c][0xffffff99]7hWSu[0xffffffe1][0x6]7A2[0x10][0xffffff81]'[0xffffffd3]N[0xffffffc4][0xffffffbb][0xffffffd7][0x10][0xffffffc3]p[0xffffffb1][0xffffff99]U|[0xffffff90]"%[0x1c][0xffffff9c]s~[0xffffffd0][0xffffffa7][0xffffffa3][0xffffffef][0xffffff86]D[0xffffff9a][0xffffffb1]J[0xffffffd0][0xffffffec][0xffffff82][0xe]([0xfffffff0][0xffffff83][0xffffff8d][0xffffffeb][0x7].!?[0x2]r[0xfffffff0][0xfffffff7][0xfffffff2][0xffffff83]}B^[0xffffff91][0xffffff83][0xffffff8e]g[0xffffff9a][0xffffffe7][0xffffff8c]W[0xffffffe8]pC[0xffffffdf][0x5][0xfffffffd][0xffffffcd]Y[0xfffffff3]KU[0xffffffe5]_U[0xffffffcd]AWVVi[0xffffff91][0xffffffcb][0x12][0x9][0x8][0xfffffff6]qL[0xffffffe2]-[0xffffffde]E[0xfffffff2]N[0xffffffc9][0xffffffae]i[0x7f]+[0xc][0xffffff89][0xffffffbf][0xffffff95][0xffffffc5][0xffffffa4]x[0xffffffcf]yA[0xffffff93][0xffffffea][0xffffffde][0xffffffae],2[0xffffffd9][0xfffffff8][0xffffffe7][\r]]8[0x15][0x7f][0xffffff8a]2[0xffffff93][0xffffff87]y[0xffffff9a][0xffffffbf][0xfffffffd][0xffffff8d]7[0xfffffff2][0xfffffff0][[0xffffffd9][0xffffff8c]:[0xb]q[0xffffffa9][0xe][0xffffff9e][0xffffffc7][0xffffff92][0x13]K8[0xffffffce][0x18]>][0x5][0xffffffc1][0xffffffc7]"S%[0xffffffef][0xffffffde]G}[0xffffffb9][0xffffffb2][0xffffff8d]+[0xffffffe4]3[0xffffffa6][0xfffffff9][0xffffffc9][0x1b]e[0xfffffff2]T[0xffffffe7][0xffffffee][0xffffffa0][0xffffffba][0xffffffc4][0x1f][0xffffffe9][0x5][0xffffffd5][0xffffffce](CF[0xffffff8f].-[0xffffffb3][0xffffff87][0xffffffa4][0xffffffe8]{wG[0xfffffffb][0xffffff82])[0xffffffc9]c[0xffffffde][0xffffff86][0xffffffea]<Lax[0x1b][0xffffffef]i[0x1e][0x6][0xf]H[0xffffffd0][0xfffffff6][0xffffffed][0xffffff8e][0xffffffb5][0x17][0xffffff86][0xffffffe9][0xf]y[0xfffffffe][0xffffffb6][0xffffffef]`z[0xfffffff7][0xffffffec][0xffffffbf][0x1c][0x5]fR[0xffffffa6][0xffffff92]n(<[0xffffffef][0xffffffd3][0xffffffd7][0x2][0xffffffa9]J[0xffffffb3][\n]"
11:48:33.513 [main] DEBUG org.apache.hc.client5.http.wire -- http-outgoing-12 << "T[0x7]Y[0x0][0xffffff81]U)@[0xffffffb1][0xfffffffd][0xffffffcc]0[0xffffff83][0xffffffd7]=3[0xffffff9a]pVUnuf[0xffffff9c]CQ<[0xffffff89][0xffffffb1][0x16][0xffffff9c][0xffffffa7][0xffffffb1]V[0xffffffc1][0xffffffb5].[0x14] [0xffffffe0][0xffffffd3]8[0xffffffa0][0xffffffa4]k[0xffffffc2][0xfffffff4][0xffffffc8][0xffffffd7][0xffffffb5][0xffffff83][0xffffff9e][0xffffff98][0xffffffa0]cCi+c?[0x9][0xffffff9a][0xffffffe6]ALp[0xffffffb0][0xffffff9f][0xfffffffa]I[0xffffffe4]G;[0x1f][0xffffffc2]O[0x6][0xffffff99][0x0][0xfffffffd]d[0xffffff98][0x2][0xffffffd2]O[0xffffffa6]9[0xffffffec][0xfffffffb][0xffffffc9]0[0xffffff81]}?[0xffffff99]L[0xffffff87][0xfffffff7][0x13]3[0xffffff9e][0xfffffff6][0xfffffffd]d[0x9]R[0xfffffffb]~bF[0xffffffd5][0xffffffae][0xffffff9f][0xffffff98][0xffffff80][0xffffffb5][0xffffffe9]'&l[0xffffffd7][0xffffffe2]'[0xb]K[0x16][0xffffffce]O[0x16]w.[0xffffff9c][0xffffff9f],[0xffffffac]`[0x18]?1nd[0x8]?1.[0xffffffe8]/[0xfffffffc][0xffffffe4][0xffffff85]][0xffffffc7]z[0xffffffd2][0x14][0xffffffc6]v[0x12][0xffffffb6][0xffffffad]w1[0xfffffff6]gr[0xffffffb2]%[0xffffff9b][0x10]BN>#[0x1][0xffffffba][0xffffffc9] [0x4][0xffffffa4][0xffffff9a]Lb[0xffffffd8]7[0xffffff93]A[0x0][0xfffffffb]b2[0x1e][0xe][0xffffffef]%F2[0xffffffed]k[0xffffffc9][0x2][0xffffff9f][0xfffffff6][0xffffffad][0xffffffc4]H[0xffffffa9]])1[0xffffffb0]j[0xffffffd3]I[0xc][0xffffffc4][0xffffffae]EI[0xffffffcc][0xffffffab][0x15][0xffffffce]H[0xffffff96]6-[0xffffff9c][0xffffff90][0xffffff98][0x17]/[0xffffff8c][0xffffff8f][0xffffff98][0xfffffff6]0[0xffffff84][0xffffff8e][0xffffff98][0xffffffd6][0xfffffff2][0x17]6[0xfffffff2]LsZ[0xfffffffe][0x1b][0xb][0xffffff89][0xffffffaa][0xffffffe9][0xffffff9c]d[0x1f]i[0xffffff9c]d[0xffffffb7][0xffffff8f][0x8][0xffffff9c][0xffffff93]4[0xffffff91][0xffffffc0][0xffffff9d][0xffffffa4][\r][0x1][0xffffffef]$}[0xc]('i[0x3]@9I7|-N[0xffffffa2]![0x13][0xffffffca]I[0xffffffb4]|B9[0xffffff89][0xffffff86]R[0x8]'[0xffffff99][0xffffffb1]j[0xffffffdf]If[0xffffffc4][0xffffffae][0xffffffcb]It[0xffffffab][0x15][0xffffffda]I[0xfffffff4][0xffffff9b][0x16][0xffffffda]It[0xffffff8b][0x17][0xffffffd2]I[0xffffffe6]{[0x18][0xffffffce]I[0xffffffe6]ky[0xffffffd1]I[0xffffffea][0xfffffffa][0xffffffdb][0x7f][0xffffffd5][0xffffffa2][0xffffff9a]W[0xffffff9c]"[0x0][0x0]"
11:48:33.513 [main] DEBUG org.apache.hc.client5.http.impl.classic.InternalHttpClient -- ep-0000000025 releasing valid endpoint
11:48:33.513 [main] DEBUG org.apache.hc.client5.http.impl.io.PoolingHttpClientConnectionManager -- ep-0000000025 releasing endpoint
11:48:33.513 [main] DEBUG org.apache.hc.client5.http.impl.io.PoolingHttpClientConnectionManager -- ep-0000000025 connection http-outgoing-12 can be kept alive for 3 MINUTES
11:48:33.513 [main] DEBUG org.apache.hc.client5.http.impl.io.PoolingHttpClientConnectionManager -- ep-0000000025 connection released [route: {s}->https://googlechromelabs.github.io:443][total available: 2; route allocated: 1 of 5; total allocated: 3 of 25]
11:48:33.515 [main] DEBUG io.github.bonigarcia.wdm.WebDriverManager -- Driver to be downloaded chromedriver 121.0.6167.85
11:48:33.515 [main] DEBUG io.github.bonigarcia.wdm.cache.ResolutionCache -- Storing resolution chrome=121 in cache (valid until 12:48:33 12/02/2024 WIB)
11:48:33.516 [main] DEBUG io.github.bonigarcia.wdm.cache.ResolutionCache -- Storing resolution chrome121=121.0.6167.85 in cache (valid until 11:48:33 13/02/2024 WIB)
11:48:33.516 [main] INFO io.github.bonigarcia.wdm.WebDriverManager -- Exporting webdriver.chrome.driver as /Users/fizkiarditiakusuma/.cache/selenium/chromedriver/mac-arm64/121.0.6167.85/chromedriver
  &amp#27;[32mGiven &amp#27;[0m&amp#27;[32mPengguna telah membuka situs Kepabeanan&amp#27;[0m                                &amp#27;[90m# step_definitions.login.penggunaTelahMembukaSitusKepabeanan()&amp#27;[0m
  &amp#27;[32mThen &amp#27;[0m&amp#27;[32mPengguna Klik Field Username&amp#27;[0m                                            &amp#27;[90m# step_definitions.login.penggunaKlikFieldUsername()&amp#27;[0m
  &amp#27;[32mAnd &amp#27;[0m&amp#27;[32mPengguna memasukan berbagai macam Test dalam field Username &amp#27;[0m&amp#27;[32m&amp#27;[1m"ABCDEFGHIJ"&amp#27;[0m &amp#27;[90m# step_definitions.login.penggunaMemasukanBerbagaiMacamTestDalamFieldUsername(java.lang.String)&amp#27;[0m
]]></system-out>
  </testcase>
  <testcase name="LG 004 - Verifikasi Field Username #2" classname="login" time="5.201">
    <system-out><![CDATA[
@login
Scenario Outline: LG 004 - Verifikasi Field Username                           &amp#27;[90m# features//login.feature:29&amp#27;[0m
11:48:38.629 [main] DEBUG io.github.bonigarcia.wdm.WebDriverManager -- Using WebDriverManager 5.6.3
11:48:38.631 [main] DEBUG io.github.bonigarcia.wdm.WebDriverManager -- Using URL built from repository pattern: https://edgedl.me.gvt1.com/edgedl/chrome/chrome-for-testing/121.0.6167.139/mac-arm64/chromedriver-mac-arm64.zip
11:48:38.632 [main] DEBUG org.apache.hc.client5.http.impl.classic.InternalHttpClient -- ex-0000000026 preparing request execution
11:48:38.632 [main] DEBUG org.apache.hc.client5.http.impl.classic.ProtocolExec -- ex-0000000026 target auth state: UNCHALLENGED
11:48:38.632 [main] DEBUG org.apache.hc.client5.http.impl.classic.ProtocolExec -- ex-0000000026 proxy auth state: UNCHALLENGED
11:48:38.632 [main] DEBUG org.apache.hc.client5.http.impl.classic.ConnectExec -- ex-0000000026 acquiring connection with route {s}->https://googlechromelabs.github.io:443
11:48:38.632 [main] DEBUG org.apache.hc.client5.http.impl.classic.InternalHttpClient -- ex-0000000026 acquiring endpoint (3 MINUTES)
11:48:38.632 [main] DEBUG org.apache.hc.client5.http.impl.io.PoolingHttpClientConnectionManager -- ex-0000000026 endpoint lease request (3 MINUTES) [route: {s}->https://googlechromelabs.github.io:443][total available: 0; route allocated: 0 of 5; total allocated: 0 of 25]
11:48:38.632 [main] DEBUG org.apache.hc.client5.http.impl.io.PoolingHttpClientConnectionManager -- ex-0000000026 endpoint leased [route: {s}->https://googlechromelabs.github.io:443][total available: 0; route allocated: 1 of 5; total allocated: 1 of 25]
11:48:38.632 [main] DEBUG org.apache.hc.client5.http.impl.io.PoolingHttpClientConnectionManager -- ex-0000000026 acquired ep-0000000026
11:48:38.632 [main] DEBUG org.apache.hc.client5.http.impl.classic.InternalHttpClient -- ex-0000000026 acquired endpoint ep-0000000026
11:48:38.632 [main] DEBUG org.apache.hc.client5.http.impl.classic.ConnectExec -- ex-0000000026 opening connection {s}->https://googlechromelabs.github.io:443
11:48:38.632 [main] DEBUG org.apache.hc.client5.http.impl.classic.InternalHttpClient -- ep-0000000026 connecting endpoint (null)
11:48:38.632 [main] DEBUG org.apache.hc.client5.http.impl.io.PoolingHttpClientConnectionManager -- ep-0000000026 connecting endpoint to https://googlechromelabs.github.io:443 (30 SECONDS)
11:48:38.632 [main] DEBUG org.apache.hc.client5.http.impl.io.DefaultHttpClientConnectionOperator -- googlechromelabs.github.io resolving remote address
11:48:38.632 [main] DEBUG org.apache.hc.client5.http.impl.io.DefaultHttpClientConnectionOperator -- googlechromelabs.github.io resolved to [googlechromelabs.github.io/185.199.108.153, googlechromelabs.github.io/185.199.111.153, googlechromelabs.github.io/185.199.109.153, googlechromelabs.github.io/185.199.110.153, googlechromelabs.github.io/2606:50c0:8000:0:0:0:0:153, googlechromelabs.github.io/2606:50c0:8001:0:0:0:0:153, googlechromelabs.github.io/2606:50c0:8002:0:0:0:0:153, googlechromelabs.github.io/2606:50c0:8003:0:0:0:0:153]
11:48:38.632 [main] DEBUG org.apache.hc.client5.http.impl.io.DefaultHttpClientConnectionOperator -- googlechromelabs.github.io:443 connecting null->googlechromelabs.github.io/185.199.108.153:443 (30 SECONDS)
11:48:38.632 [main] DEBUG org.apache.hc.client5.http.ssl.SSLConnectionSocketFactory -- Connecting socket to googlechromelabs.github.io/185.199.108.153:443 with timeout 30 SECONDS
11:48:38.669 [main] DEBUG org.apache.hc.client5.http.ssl.SSLConnectionSocketFactory -- Enabled protocols: [TLSv1.3, TLSv1.2]
11:48:38.669 [main] DEBUG org.apache.hc.client5.http.ssl.SSLConnectionSocketFactory -- Enabled cipher suites: [TLS_AES_256_GCM_SHA384, TLS_AES_128_GCM_SHA256, TLS_CHACHA20_POLY1305_SHA256, TLS_ECDHE_ECDSA_WITH_AES_256_GCM_SHA384, TLS_ECDHE_ECDSA_WITH_AES_128_GCM_SHA256, TLS_ECDHE_ECDSA_WITH_CHACHA20_POLY1305_SHA256, TLS_ECDHE_RSA_WITH_AES_256_GCM_SHA384, TLS_ECDHE_RSA_WITH_CHACHA20_POLY1305_SHA256, TLS_ECDHE_RSA_WITH_AES_128_GCM_SHA256, TLS_DHE_RSA_WITH_AES_256_GCM_SHA384, TLS_DHE_RSA_WITH_CHACHA20_POLY1305_SHA256, TLS_DHE_DSS_WITH_AES_256_GCM_SHA384, TLS_DHE_RSA_WITH_AES_128_GCM_SHA256, TLS_DHE_DSS_WITH_AES_128_GCM_SHA256, TLS_ECDHE_ECDSA_WITH_AES_256_CBC_SHA384, TLS_ECDHE_RSA_WITH_AES_256_CBC_SHA384, TLS_ECDHE_ECDSA_WITH_AES_128_CBC_SHA256, TLS_ECDHE_RSA_WITH_AES_128_CBC_SHA256, TLS_DHE_RSA_WITH_AES_256_CBC_SHA256, TLS_DHE_DSS_WITH_AES_256_CBC_SHA256, TLS_DHE_RSA_WITH_AES_128_CBC_SHA256, TLS_DHE_DSS_WITH_AES_128_CBC_SHA256, TLS_ECDH_ECDSA_WITH_AES_256_GCM_SHA384, TLS_ECDH_RSA_WITH_AES_256_GCM_SHA384, TLS_ECDH_ECDSA_WITH_AES_128_GCM_SHA256, TLS_ECDH_RSA_WITH_AES_128_GCM_SHA256, TLS_ECDH_ECDSA_WITH_AES_256_CBC_SHA384, TLS_ECDH_RSA_WITH_AES_256_CBC_SHA384, TLS_ECDH_ECDSA_WITH_AES_128_CBC_SHA256, TLS_ECDH_RSA_WITH_AES_128_CBC_SHA256, TLS_ECDHE_ECDSA_WITH_AES_256_CBC_SHA, TLS_ECDHE_RSA_WITH_AES_256_CBC_SHA, TLS_ECDHE_ECDSA_WITH_AES_128_CBC_SHA, TLS_ECDHE_RSA_WITH_AES_128_CBC_SHA, TLS_DHE_RSA_WITH_AES_256_CBC_SHA, TLS_DHE_DSS_WITH_AES_256_CBC_SHA, TLS_DHE_RSA_WITH_AES_128_CBC_SHA, TLS_DHE_DSS_WITH_AES_128_CBC_SHA, TLS_ECDH_ECDSA_WITH_AES_256_CBC_SHA, TLS_ECDH_RSA_WITH_AES_256_CBC_SHA, TLS_ECDH_ECDSA_WITH_AES_128_CBC_SHA, TLS_ECDH_RSA_WITH_AES_128_CBC_SHA, TLS_RSA_WITH_AES_256_GCM_SHA384, TLS_RSA_WITH_AES_128_GCM_SHA256, TLS_RSA_WITH_AES_256_CBC_SHA256, TLS_RSA_WITH_AES_128_CBC_SHA256, TLS_RSA_WITH_AES_256_CBC_SHA, TLS_RSA_WITH_AES_128_CBC_SHA, TLS_EMPTY_RENEGOTIATION_INFO_SCSV]
11:48:38.669 [main] DEBUG org.apache.hc.client5.http.ssl.SSLConnectionSocketFactory -- Starting handshake (null)
11:48:38.731 [main] DEBUG org.apache.hc.client5.http.ssl.SSLConnectionSocketFactory -- Secure session established
11:48:38.731 [main] DEBUG org.apache.hc.client5.http.ssl.SSLConnectionSocketFactory --  negotiated protocol: TLSv1.3
11:48:38.731 [main] DEBUG org.apache.hc.client5.http.ssl.SSLConnectionSocketFactory --  negotiated cipher suite: TLS_AES_128_GCM_SHA256
11:48:38.731 [main] DEBUG org.apache.hc.client5.http.ssl.SSLConnectionSocketFactory --  peer principal: CN=*.github.io, O="GitHub, Inc.", L=San Francisco, ST=California, C=US
11:48:38.731 [main] DEBUG org.apache.hc.client5.http.ssl.SSLConnectionSocketFactory --  peer alternative names: [*.github.io, github.io, *.github.com, github.com, www.github.com, *.githubusercontent.com, githubusercontent.com]
11:48:38.731 [main] DEBUG org.apache.hc.client5.http.ssl.SSLConnectionSocketFactory --  issuer principal: CN=DigiCert TLS RSA SHA256 2020 CA1, O=DigiCert Inc, C=US
11:48:38.731 [main] DEBUG org.apache.hc.client5.http.impl.io.DefaultManagedHttpClientConnection -- http-outgoing-15 set socket timeout to 3 MINUTES
11:48:38.731 [main] DEBUG org.apache.hc.client5.http.impl.io.DefaultHttpClientConnectionOperator -- googlechromelabs.github.io:443 connected null->googlechromelabs.github.io/185.199.108.153:443 as http-outgoing-15
11:48:38.731 [main] DEBUG org.apache.hc.client5.http.impl.io.PoolingHttpClientConnectionManager -- ep-0000000026 connected http-outgoing-15
11:48:38.731 [main] DEBUG org.apache.hc.client5.http.impl.classic.InternalHttpClient -- ep-0000000026 endpoint connected
11:48:38.731 [main] DEBUG org.apache.hc.client5.http.impl.classic.MainClientExec -- ex-0000000026 executing GET /chrome-for-testing/last-known-good-versions-with-downloads.json HTTP/1.1
11:48:38.731 [main] DEBUG org.apache.hc.client5.http.protocol.RequestAddCookies -- ex-0000000026 Cookie spec selected: strict
11:48:38.731 [main] DEBUG org.apache.hc.client5.http.impl.classic.InternalHttpClient -- ep-0000000026 start execution ex-0000000026
11:48:38.731 [main] DEBUG org.apache.hc.client5.http.impl.io.PoolingHttpClientConnectionManager -- ep-0000000026 executing exchange ex-0000000026 over http-outgoing-15
11:48:38.731 [main] DEBUG org.apache.hc.client5.http.headers -- http-outgoing-15 >> GET /chrome-for-testing/last-known-good-versions-with-downloads.json HTTP/1.1
11:48:38.731 [main] DEBUG org.apache.hc.client5.http.headers -- http-outgoing-15 >> user-agent: Apache-HttpClient/5.0
11:48:38.731 [main] DEBUG org.apache.hc.client5.http.headers -- http-outgoing-15 >> accept-encoding: gzip, deflate, br
11:48:38.731 [main] DEBUG org.apache.hc.client5.http.headers -- http-outgoing-15 >> cache-control: max-age=0
11:48:38.731 [main] DEBUG org.apache.hc.client5.http.headers -- http-outgoing-15 >> connection: keep-alive
11:48:38.731 [main] DEBUG org.apache.hc.client5.http.headers -- http-outgoing-15 >> Host: googlechromelabs.github.io
11:48:38.731 [main] DEBUG org.apache.hc.client5.http.wire -- http-outgoing-15 >> "GET /chrome-for-testing/last-known-good-versions-with-downloads.json HTTP/1.1[\r][\n]"
11:48:38.731 [main] DEBUG org.apache.hc.client5.http.wire -- http-outgoing-15 >> "user-agent: Apache-HttpClient/5.0[\r][\n]"
11:48:38.731 [main] DEBUG org.apache.hc.client5.http.wire -- http-outgoing-15 >> "accept-encoding: gzip, deflate, br[\r][\n]"
11:48:38.731 [main] DEBUG org.apache.hc.client5.http.wire -- http-outgoing-15 >> "cache-control: max-age=0[\r][\n]"
11:48:38.731 [main] DEBUG org.apache.hc.client5.http.wire -- http-outgoing-15 >> "connection: keep-alive[\r][\n]"
11:48:38.731 [main] DEBUG org.apache.hc.client5.http.wire -- http-outgoing-15 >> "Host: googlechromelabs.github.io[\r][\n]"
11:48:38.731 [main] DEBUG org.apache.hc.client5.http.wire -- http-outgoing-15 >> "[\r][\n]"
11:48:38.753 [main] DEBUG org.apache.hc.client5.http.wire -- http-outgoing-15 << "HTTP/1.1 200 OK[\r][\n]"
11:48:38.753 [main] DEBUG org.apache.hc.client5.http.wire -- http-outgoing-15 << "Connection: keep-alive[\r][\n]"
11:48:38.753 [main] DEBUG org.apache.hc.client5.http.wire -- http-outgoing-15 << "Content-Length: 640[\r][\n]"
11:48:38.753 [main] DEBUG org.apache.hc.client5.http.wire -- http-outgoing-15 << "Server: GitHub.com[\r][\n]"
11:48:38.753 [main] DEBUG org.apache.hc.client5.http.wire -- http-outgoing-15 << "Content-Type: application/json; charset=utf-8[\r][\n]"
11:48:38.753 [main] DEBUG org.apache.hc.client5.http.wire -- http-outgoing-15 << "permissions-policy: interest-cohort=()[\r][\n]"
11:48:38.753 [main] DEBUG org.apache.hc.client5.http.wire -- http-outgoing-15 << "x-origin-cache: HIT[\r][\n]"
11:48:38.753 [main] DEBUG org.apache.hc.client5.http.wire -- http-outgoing-15 << "Last-Modified: Mon, 12 Feb 2024 04:09:36 GMT[\r][\n]"
11:48:38.753 [main] DEBUG org.apache.hc.client5.http.wire -- http-outgoing-15 << "Access-Control-Allow-Origin: *[\r][\n]"
11:48:38.753 [main] DEBUG org.apache.hc.client5.http.wire -- http-outgoing-15 << "Strict-Transport-Security: max-age=31556952[\r][\n]"
11:48:38.753 [main] DEBUG org.apache.hc.client5.http.wire -- http-outgoing-15 << "ETag: W/"65c99a00-229c"[\r][\n]"
11:48:38.753 [main] DEBUG org.apache.hc.client5.http.wire -- http-outgoing-15 << "expires: Mon, 12 Feb 2024 04:19:55 GMT[\r][\n]"
11:48:38.753 [main] DEBUG org.apache.hc.client5.http.wire -- http-outgoing-15 << "Cache-Control: max-age=600[\r][\n]"
11:48:38.753 [main] DEBUG org.apache.hc.client5.http.wire -- http-outgoing-15 << "Content-Encoding: gzip[\r][\n]"
11:48:38.753 [main] DEBUG org.apache.hc.client5.http.wire -- http-outgoing-15 << "x-proxy-cache: HIT[\r][\n]"
11:48:38.753 [main] DEBUG org.apache.hc.client5.http.wire -- http-outgoing-15 << "X-GitHub-Request-Id: EECE:F2983:9FFA93:AC18FB:65C99AC6[\r][\n]"
11:48:38.753 [main] DEBUG org.apache.hc.client5.http.wire -- http-outgoing-15 << "Accept-Ranges: bytes[\r][\n]"
11:48:38.753 [main] DEBUG org.apache.hc.client5.http.wire -- http-outgoing-15 << "Date: Mon, 12 Feb 2024 04:48:38 GMT[\r][\n]"
11:48:38.753 [main] DEBUG org.apache.hc.client5.http.wire -- http-outgoing-15 << "Via: 1.1 varnish[\r][\n]"
11:48:38.753 [main] DEBUG org.apache.hc.client5.http.wire -- http-outgoing-15 << "Age: 151[\r][\n]"
11:48:38.753 [main] DEBUG org.apache.hc.client5.http.wire -- http-outgoing-15 << "X-Served-By: cache-qpg1232-QPG[\r][\n]"
11:48:38.753 [main] DEBUG org.apache.hc.client5.http.wire -- http-outgoing-15 << "X-Cache: HIT[\r][\n]"
11:48:38.753 [main] DEBUG org.apache.hc.client5.http.wire -- http-outgoing-15 << "X-Cache-Hits: 1[\r][\n]"
11:48:38.753 [main] DEBUG org.apache.hc.client5.http.wire -- http-outgoing-15 << "X-Timer: S1707713319.811088,VS0,VE2[\r][\n]"
11:48:38.753 [main] DEBUG org.apache.hc.client5.http.wire -- http-outgoing-15 << "Vary: Accept-Encoding[\r][\n]"
11:48:38.753 [main] DEBUG org.apache.hc.client5.http.wire -- http-outgoing-15 << "X-Fastly-Request-ID: cf7f7afd4df6ee201561dc0d38e4ffd431cc237b[\r][\n]"
11:48:38.753 [main] DEBUG org.apache.hc.client5.http.wire -- http-outgoing-15 << "[\r][\n]"
11:48:38.753 [main] DEBUG org.apache.hc.client5.http.headers -- http-outgoing-15 << HTTP/1.1 200 OK
11:48:38.753 [main] DEBUG org.apache.hc.client5.http.headers -- http-outgoing-15 << Connection: keep-alive
11:48:38.753 [main] DEBUG org.apache.hc.client5.http.headers -- http-outgoing-15 << Content-Length: 640
11:48:38.753 [main] DEBUG org.apache.hc.client5.http.headers -- http-outgoing-15 << Server: GitHub.com
11:48:38.753 [main] DEBUG org.apache.hc.client5.http.headers -- http-outgoing-15 << Content-Type: application/json; charset=utf-8
11:48:38.753 [main] DEBUG org.apache.hc.client5.http.headers -- http-outgoing-15 << permissions-policy: interest-cohort=()
11:48:38.753 [main] DEBUG org.apache.hc.client5.http.headers -- http-outgoing-15 << x-origin-cache: HIT
11:48:38.753 [main] DEBUG org.apache.hc.client5.http.headers -- http-outgoing-15 << Last-Modified: Mon, 12 Feb 2024 04:09:36 GMT
11:48:38.753 [main] DEBUG org.apache.hc.client5.http.headers -- http-outgoing-15 << Access-Control-Allow-Origin: *
11:48:38.753 [main] DEBUG org.apache.hc.client5.http.headers -- http-outgoing-15 << Strict-Transport-Security: max-age=31556952
11:48:38.753 [main] DEBUG org.apache.hc.client5.http.headers -- http-outgoing-15 << ETag: W/"65c99a00-229c"
11:48:38.753 [main] DEBUG org.apache.hc.client5.http.headers -- http-outgoing-15 << expires: Mon, 12 Feb 2024 04:19:55 GMT
11:48:38.753 [main] DEBUG org.apache.hc.client5.http.headers -- http-outgoing-15 << Cache-Control: max-age=600
11:48:38.753 [main] DEBUG org.apache.hc.client5.http.headers -- http-outgoing-15 << Content-Encoding: gzip
11:48:38.753 [main] DEBUG org.apache.hc.client5.http.headers -- http-outgoing-15 << x-proxy-cache: HIT
11:48:38.753 [main] DEBUG org.apache.hc.client5.http.headers -- http-outgoing-15 << X-GitHub-Request-Id: EECE:F2983:9FFA93:AC18FB:65C99AC6
11:48:38.753 [main] DEBUG org.apache.hc.client5.http.headers -- http-outgoing-15 << Accept-Ranges: bytes
11:48:38.753 [main] DEBUG org.apache.hc.client5.http.headers -- http-outgoing-15 << Date: Mon, 12 Feb 2024 04:48:38 GMT
11:48:38.753 [main] DEBUG org.apache.hc.client5.http.headers -- http-outgoing-15 << Via: 1.1 varnish
11:48:38.753 [main] DEBUG org.apache.hc.client5.http.headers -- http-outgoing-15 << Age: 151
11:48:38.753 [main] DEBUG org.apache.hc.client5.http.headers -- http-outgoing-15 << X-Served-By: cache-qpg1232-QPG
11:48:38.753 [main] DEBUG org.apache.hc.client5.http.headers -- http-outgoing-15 << X-Cache: HIT
11:48:38.753 [main] DEBUG org.apache.hc.client5.http.headers -- http-outgoing-15 << X-Cache-Hits: 1
11:48:38.753 [main] DEBUG org.apache.hc.client5.http.headers -- http-outgoing-15 << X-Timer: S1707713319.811088,VS0,VE2
11:48:38.753 [main] DEBUG org.apache.hc.client5.http.headers -- http-outgoing-15 << Vary: Accept-Encoding
11:48:38.753 [main] DEBUG org.apache.hc.client5.http.headers -- http-outgoing-15 << X-Fastly-Request-ID: cf7f7afd4df6ee201561dc0d38e4ffd431cc237b
11:48:38.754 [main] DEBUG org.apache.hc.client5.http.impl.classic.MainClientExec -- ex-0000000026 connection can be kept alive for 3 MINUTES
11:48:38.754 [main] DEBUG org.apache.hc.client5.http.wire -- http-outgoing-15 << "[0x1f][0xffffff8b][0x8][0x0][0x0][0x0][0x0][0x0][0x0][0x3][0xffffffcd][0xffffff96][0xffffffcb][0xffffff8e][0xffffff9b]0[0x14][0xffffff86][0xfffffff7]}[0xc][0xffffffaf][0xffffffc1]`[0x8][0xffffffe4][0xffffffb2][0xffffff9c][0xffffff99]7hWSu[0xffffffe1][0x6]7A2[0x10][0xffffff81]'[0xffffffd3]N[0xffffffc4][0xffffffbb][0xffffffd7][0x10][0xffffffc3]p[0xffffffb1][0xffffff99]U|[0xffffff90]"%[0x1c][0xffffff9c]s~[0xffffffd0][0xffffffa7][0xffffffa3][0xffffffef][0xffffff86]D[0xffffff9a][0xffffffb1]J[0xffffffd0][0xffffffec][0xffffff82][0xe]([0xfffffff0][0xffffff83][0xffffff8d][0xffffffeb][0x7].!?[0x2]r[0xfffffff0][0xfffffff7][0xfffffff2][0xffffff83]}B^[0xffffff91][0xffffff83][0xffffff8e]g[0xffffff9a][0xffffffe7][0xffffff8c]W[0xffffffe8]pC[0xffffffdf][0x5][0xfffffffd][0xffffffcd]Y[0xfffffff3]KU[0xffffffe5]_U[0xffffffcd]AWVVi[0xffffff91][0xffffffcb][0x12][0x9][0x8][0xfffffff6]qL[0xffffffe2]-[0xffffffde]E[0xfffffff2]N[0xffffffc9][0xffffffae]i[0x7f]+[0xc][0xffffff89][0xffffffbf][0xffffff95][0xffffffc5][0xffffffa4]x[0xffffffcf]yA[0xffffff93][0xffffffea][0xffffffde][0xffffffae],2[0xffffffd9][0xfffffff8][0xffffffe7][\r]]8[0x15][0x7f][0xffffff8a]2[0xffffff93][0xffffff87]y[0xffffff9a][0xffffffbf][0xfffffffd][0xffffff8d]7[0xfffffff2][0xfffffff0][[0xffffffd9][0xffffff8c]:[0xb]q[0xffffffa9][0xe][0xffffff9e][0xffffffc7][0xffffff92][0x13]K8[0xffffffce][0x18]>][0x5][0xffffffc1][0xffffffc7]"S%[0xffffffef][0xffffffde]G}[0xffffffb9][0xffffffb2][0xffffff8d]+[0xffffffe4]3[0xffffffa6][0xfffffff9][0xffffffc9][0x1b]e[0xfffffff2]T[0xffffffe7][0xffffffee][0xffffffa0][0xffffffba][0xffffffc4][0x1f][0xffffffe9][0x5][0xffffffd5][0xffffffce](CF[0xffffff8f].-[0xffffffb3][0xffffff87][0xffffffa4][0xffffffe8]{wG[0xfffffffb][0xffffff82])[0xffffffc9]c[0xffffffde][0xffffff86][0xffffffea]<Lax[0x1b][0xffffffef]i[0x1e][0x6][0xf]H[0xffffffd0][0xfffffff6][0xffffffed][0xffffff8e][0xffffffb5][0x17][0xffffff86][0xffffffe9][0xf]y[0xfffffffe][0xffffffb6][0xffffffef]`z[0xfffffff7][0xffffffec][0xffffffbf][0x1c][0x5]fR[0xffffffa6][0xffffff92]n(<[0xffffffef][0xffffffd3][0xffffffd7][0x2][0xffffffa9]J[0xffffffb3][\n]"
11:48:38.754 [main] DEBUG org.apache.hc.client5.http.wire -- http-outgoing-15 << "T[0x7]Y[0x0][0xffffff81]U)@[0xffffffb1][0xfffffffd][0xffffffcc]0[0xffffff83][0xffffffd7]=3[0xffffff9a]pVUnuf[0xffffff9c]CQ<[0xffffff89][0xffffffb1][0x16][0xffffff9c][0xffffffa7][0xffffffb1]V[0xffffffc1][0xffffffb5].[0x14] [0xffffffe0][0xffffffd3]8[0xffffffa0][0xffffffa4]k[0xffffffc2][0xfffffff4][0xffffffc8][0xffffffd7][0xffffffb5][0xffffff83][0xffffff9e][0xffffff98][0xffffffa0]cCi+c?[0x9][0xffffff9a][0xffffffe6]ALp[0xffffffb0][0xffffff9f][0xfffffffa]I[0xffffffe4]G;[0x1f][0xffffffc2]O[0x6][0xffffff99][0x0][0xfffffffd]d[0xffffff98][0x2][0xffffffd2]O[0xffffffa6]9[0xffffffec][0xfffffffb][0xffffffc9]0[0xffffff81]}?[0xffffff99]L[0xffffff87][0xfffffff7][0x13]3[0xffffff9e][0xfffffff6][0xfffffffd]d[0x9]R[0xfffffffb]~bF[0xffffffd5][0xffffffae][0xffffff9f][0xffffff98][0xffffff80][0xffffffb5][0xffffffe9]'&l[0xffffffd7][0xffffffe2]'[0xb]K[0x16][0xffffffce]O[0x16]w.[0xffffff9c][0xffffff9f],[0xffffffac]`[0x18]?1nd[0x8]?1.[0xffffffe8]/[0xfffffffc][0xffffffe4][0xffffff85]][0xffffffc7]z[0xffffffd2][0x14][0xffffffc6]v[0x12][0xffffffb6][0xffffffad]w1[0xfffffff6]gr[0xffffffb2]%[0xffffff9b][0x10]BN>#[0x1][0xffffffba][0xffffffc9] [0x4][0xffffffa4][0xffffff9a]Lb[0xffffffd8]7[0xffffff93]A[0x0][0xfffffffb]b2[0x1e][0xe][0xffffffef]%F2[0xffffffed]k[0xffffffc9][0x2][0xffffff9f][0xfffffff6][0xffffffad][0xffffffc4]H[0xffffffa9]])1[0xffffffb0]j[0xffffffd3]I[0xc][0xffffffc4][0xffffffae]EI[0xffffffcc][0xffffffab][0x15][0xffffffce]H[0xffffff96]6-[0xffffff9c][0xffffff90][0xffffff98][0x17]/[0xffffff8c][0xffffff8f][0xffffff98][0xfffffff6]0[0xffffff84][0xffffff8e][0xffffff98][0xffffffd6][0xfffffff2][0x17]6[0xfffffff2]LsZ[0xfffffffe][0x1b][0xb][0xffffff89][0xffffffaa][0xffffffe9][0xffffff9c]d[0x1f]i[0xffffff9c]d[0xffffffb7][0xffffff8f][0x8][0xffffff9c][0xffffff93]4[0xffffff91][0xffffffc0][0xffffff9d][0xffffffa4][\r][0x1][0xffffffef]$}[0xc]('i[0x3]@9I7|-N[0xffffffa2]![0x13][0xffffffca]I[0xffffffb4]|B9[0xffffff89][0xffffff86]R[0x8]'[0xffffff99][0xffffffb1]j[0xffffffdf]If[0xffffffc4][0xffffffae][0xffffffcb]It[0xffffffab][0x15][0xffffffda]I[0xfffffff4][0xffffff9b][0x16][0xffffffda]It[0xffffff8b][0x17][0xffffffd2]I[0xffffffe6]{[0x18][0xffffffce]I[0xffffffe6]ky[0xffffffd1]I[0xffffffea][0xfffffffa][0xffffffdb][0x7f][0xffffffd5][0xffffffa2][0xffffff9a]W[0xffffff9c]"[0x0][0x0]"
11:48:38.755 [main] DEBUG org.apache.hc.client5.http.impl.classic.InternalHttpClient -- ep-0000000026 releasing valid endpoint
11:48:38.755 [main] DEBUG org.apache.hc.client5.http.impl.io.PoolingHttpClientConnectionManager -- ep-0000000026 releasing endpoint
11:48:38.755 [main] DEBUG org.apache.hc.client5.http.impl.io.PoolingHttpClientConnectionManager -- ep-0000000026 connection http-outgoing-15 can be kept alive for 3 MINUTES
11:48:38.755 [main] DEBUG org.apache.hc.client5.http.impl.io.PoolingHttpClientConnectionManager -- ep-0000000026 connection released [route: {s}->https://googlechromelabs.github.io:443][total available: 1; route allocated: 1 of 5; total allocated: 1 of 25]
11:48:38.755 [main] DEBUG io.github.bonigarcia.wdm.WebDriverManager -- Driver to be downloaded chromedriver 121.0.6167.139
11:48:38.755 [main] DEBUG io.github.bonigarcia.wdm.WebDriverManager -- Using URL built from repository pattern: https://edgedl.me.gvt1.com/edgedl/chrome/chrome-for-testing/121.0.6167.139/mac-arm64/chromedriver-mac-arm64.zip
11:48:38.756 [main] INFO io.github.bonigarcia.wdm.online.Downloader -- Downloading https://edgedl.me.gvt1.com/edgedl/chrome/chrome-for-testing/121.0.6167.139/mac-arm64/chromedriver-mac-arm64.zip
11:48:38.756 [main] DEBUG org.apache.hc.client5.http.impl.classic.InternalHttpClient -- ex-0000000027 preparing request execution
11:48:38.756 [main] DEBUG org.apache.hc.client5.http.impl.classic.ProtocolExec -- ex-0000000027 target auth state: UNCHALLENGED
11:48:38.756 [main] DEBUG org.apache.hc.client5.http.impl.classic.ProtocolExec -- ex-0000000027 proxy auth state: UNCHALLENGED
11:48:38.756 [main] DEBUG org.apache.hc.client5.http.impl.classic.ConnectExec -- ex-0000000027 acquiring connection with route {s}->https://edgedl.me.gvt1.com:443
11:48:38.756 [main] DEBUG org.apache.hc.client5.http.impl.classic.InternalHttpClient -- ex-0000000027 acquiring endpoint (3 MINUTES)
11:48:38.756 [main] DEBUG org.apache.hc.client5.http.impl.io.PoolingHttpClientConnectionManager -- ex-0000000027 endpoint lease request (3 MINUTES) [route: {s}->https://edgedl.me.gvt1.com:443][total available: 1; route allocated: 0 of 5; total allocated: 1 of 25]
11:48:38.756 [main] DEBUG org.apache.hc.client5.http.impl.io.PoolingHttpClientConnectionManager -- ex-0000000027 endpoint leased [route: {s}->https://edgedl.me.gvt1.com:443][total available: 1; route allocated: 1 of 5; total allocated: 2 of 25]
11:48:38.756 [main] DEBUG org.apache.hc.client5.http.impl.io.PoolingHttpClientConnectionManager -- ex-0000000027 acquired ep-0000000027
11:48:38.756 [main] DEBUG org.apache.hc.client5.http.impl.classic.InternalHttpClient -- ex-0000000027 acquired endpoint ep-0000000027
11:48:38.756 [main] DEBUG org.apache.hc.client5.http.impl.classic.ConnectExec -- ex-0000000027 opening connection {s}->https://edgedl.me.gvt1.com:443
11:48:38.756 [main] DEBUG org.apache.hc.client5.http.impl.classic.InternalHttpClient -- ep-0000000027 connecting endpoint (null)
11:48:38.756 [main] DEBUG org.apache.hc.client5.http.impl.io.PoolingHttpClientConnectionManager -- ep-0000000027 connecting endpoint to https://edgedl.me.gvt1.com:443 (30 SECONDS)
11:48:38.756 [main] DEBUG org.apache.hc.client5.http.impl.io.DefaultHttpClientConnectionOperator -- edgedl.me.gvt1.com resolving remote address
11:48:38.756 [main] DEBUG org.apache.hc.client5.http.impl.io.DefaultHttpClientConnectionOperator -- edgedl.me.gvt1.com resolved to [edgedl.me.gvt1.com/34.104.35.123, edgedl.me.gvt1.com/2600:1900:4110:86f:0:0:0:0]
11:48:38.757 [main] DEBUG org.apache.hc.client5.http.impl.io.DefaultHttpClientConnectionOperator -- edgedl.me.gvt1.com:443 connecting null->edgedl.me.gvt1.com/34.104.35.123:443 (30 SECONDS)
11:48:38.757 [main] DEBUG org.apache.hc.client5.http.ssl.SSLConnectionSocketFactory -- Connecting socket to edgedl.me.gvt1.com/34.104.35.123:443 with timeout 30 SECONDS
11:48:38.779 [main] DEBUG org.apache.hc.client5.http.ssl.SSLConnectionSocketFactory -- Enabled protocols: [TLSv1.3, TLSv1.2]
11:48:38.779 [main] DEBUG org.apache.hc.client5.http.ssl.SSLConnectionSocketFactory -- Enabled cipher suites: [TLS_AES_256_GCM_SHA384, TLS_AES_128_GCM_SHA256, TLS_CHACHA20_POLY1305_SHA256, TLS_ECDHE_ECDSA_WITH_AES_256_GCM_SHA384, TLS_ECDHE_ECDSA_WITH_AES_128_GCM_SHA256, TLS_ECDHE_ECDSA_WITH_CHACHA20_POLY1305_SHA256, TLS_ECDHE_RSA_WITH_AES_256_GCM_SHA384, TLS_ECDHE_RSA_WITH_CHACHA20_POLY1305_SHA256, TLS_ECDHE_RSA_WITH_AES_128_GCM_SHA256, TLS_DHE_RSA_WITH_AES_256_GCM_SHA384, TLS_DHE_RSA_WITH_CHACHA20_POLY1305_SHA256, TLS_DHE_DSS_WITH_AES_256_GCM_SHA384, TLS_DHE_RSA_WITH_AES_128_GCM_SHA256, TLS_DHE_DSS_WITH_AES_128_GCM_SHA256, TLS_ECDHE_ECDSA_WITH_AES_256_CBC_SHA384, TLS_ECDHE_RSA_WITH_AES_256_CBC_SHA384, TLS_ECDHE_ECDSA_WITH_AES_128_CBC_SHA256, TLS_ECDHE_RSA_WITH_AES_128_CBC_SHA256, TLS_DHE_RSA_WITH_AES_256_CBC_SHA256, TLS_DHE_DSS_WITH_AES_256_CBC_SHA256, TLS_DHE_RSA_WITH_AES_128_CBC_SHA256, TLS_DHE_DSS_WITH_AES_128_CBC_SHA256, TLS_ECDH_ECDSA_WITH_AES_256_GCM_SHA384, TLS_ECDH_RSA_WITH_AES_256_GCM_SHA384, TLS_ECDH_ECDSA_WITH_AES_128_GCM_SHA256, TLS_ECDH_RSA_WITH_AES_128_GCM_SHA256, TLS_ECDH_ECDSA_WITH_AES_256_CBC_SHA384, TLS_ECDH_RSA_WITH_AES_256_CBC_SHA384, TLS_ECDH_ECDSA_WITH_AES_128_CBC_SHA256, TLS_ECDH_RSA_WITH_AES_128_CBC_SHA256, TLS_ECDHE_ECDSA_WITH_AES_256_CBC_SHA, TLS_ECDHE_RSA_WITH_AES_256_CBC_SHA, TLS_ECDHE_ECDSA_WITH_AES_128_CBC_SHA, TLS_ECDHE_RSA_WITH_AES_128_CBC_SHA, TLS_DHE_RSA_WITH_AES_256_CBC_SHA, TLS_DHE_DSS_WITH_AES_256_CBC_SHA, TLS_DHE_RSA_WITH_AES_128_CBC_SHA, TLS_DHE_DSS_WITH_AES_128_CBC_SHA, TLS_ECDH_ECDSA_WITH_AES_256_CBC_SHA, TLS_ECDH_RSA_WITH_AES_256_CBC_SHA, TLS_ECDH_ECDSA_WITH_AES_128_CBC_SHA, TLS_ECDH_RSA_WITH_AES_128_CBC_SHA, TLS_RSA_WITH_AES_256_GCM_SHA384, TLS_RSA_WITH_AES_128_GCM_SHA256, TLS_RSA_WITH_AES_256_CBC_SHA256, TLS_RSA_WITH_AES_128_CBC_SHA256, TLS_RSA_WITH_AES_256_CBC_SHA, TLS_RSA_WITH_AES_128_CBC_SHA, TLS_EMPTY_RENEGOTIATION_INFO_SCSV]
11:48:38.779 [main] DEBUG org.apache.hc.client5.http.ssl.SSLConnectionSocketFactory -- Starting handshake (null)
11:48:38.812 [main] DEBUG org.apache.hc.client5.http.ssl.SSLConnectionSocketFactory -- Secure session established
11:48:38.812 [main] DEBUG org.apache.hc.client5.http.ssl.SSLConnectionSocketFactory --  negotiated protocol: TLSv1.3
11:48:38.812 [main] DEBUG org.apache.hc.client5.http.ssl.SSLConnectionSocketFactory --  negotiated cipher suite: TLS_AES_256_GCM_SHA384
11:48:38.812 [main] DEBUG org.apache.hc.client5.http.ssl.SSLConnectionSocketFactory --  peer principal: CN=edgedl.me.gvt1.com
11:48:38.812 [main] DEBUG org.apache.hc.client5.http.ssl.SSLConnectionSocketFactory --  peer alternative names: [edgedl.me.gvt1.com]
11:48:38.812 [main] DEBUG org.apache.hc.client5.http.ssl.SSLConnectionSocketFactory --  issuer principal: CN=GTS CA 1D4, O=Google Trust Services LLC, C=US
11:48:38.812 [main] DEBUG org.apache.hc.client5.http.impl.io.DefaultManagedHttpClientConnection -- http-outgoing-16 set socket timeout to 3 MINUTES
11:48:38.812 [main] DEBUG org.apache.hc.client5.http.impl.io.DefaultHttpClientConnectionOperator -- edgedl.me.gvt1.com:443 connected null->edgedl.me.gvt1.com/34.104.35.123:443 as http-outgoing-16
11:48:38.812 [main] DEBUG org.apache.hc.client5.http.impl.io.PoolingHttpClientConnectionManager -- ep-0000000027 connected http-outgoing-16
11:48:38.812 [main] DEBUG org.apache.hc.client5.http.impl.classic.InternalHttpClient -- ep-0000000027 endpoint connected
11:48:38.812 [main] DEBUG org.apache.hc.client5.http.impl.classic.MainClientExec -- ex-0000000027 executing GET /edgedl/chrome/chrome-for-testing/121.0.6167.139/mac-arm64/chromedriver-mac-arm64.zip HTTP/1.1
11:48:38.812 [main] DEBUG org.apache.hc.client5.http.protocol.RequestAddCookies -- ex-0000000027 Cookie spec selected: strict
11:48:38.812 [main] DEBUG org.apache.hc.client5.http.impl.classic.InternalHttpClient -- ep-0000000027 start execution ex-0000000027
11:48:38.812 [main] DEBUG org.apache.hc.client5.http.impl.io.PoolingHttpClientConnectionManager -- ep-0000000027 executing exchange ex-0000000027 over http-outgoing-16
11:48:38.812 [main] DEBUG org.apache.hc.client5.http.headers -- http-outgoing-16 >> GET /edgedl/chrome/chrome-for-testing/121.0.6167.139/mac-arm64/chromedriver-mac-arm64.zip HTTP/1.1
11:48:38.812 [main] DEBUG org.apache.hc.client5.http.headers -- http-outgoing-16 >> user-agent: Apache-HttpClient/5.0
11:48:38.812 [main] DEBUG org.apache.hc.client5.http.headers -- http-outgoing-16 >> accept-encoding: gzip, deflate, br
11:48:38.812 [main] DEBUG org.apache.hc.client5.http.headers -- http-outgoing-16 >> cache-control: max-age=0
11:48:38.812 [main] DEBUG org.apache.hc.client5.http.headers -- http-outgoing-16 >> connection: keep-alive
11:48:38.812 [main] DEBUG org.apache.hc.client5.http.headers -- http-outgoing-16 >> Host: edgedl.me.gvt1.com
11:48:38.812 [main] DEBUG org.apache.hc.client5.http.wire -- http-outgoing-16 >> "GET /edgedl/chrome/chrome-for-testing/121.0.6167.139/mac-arm64/chromedriver-mac-arm64.zip HTTP/1.1[\r][\n]"
11:48:38.812 [main] DEBUG org.apache.hc.client5.http.wire -- http-outgoing-16 >> "user-agent: Apache-HttpClient/5.0[\r][\n]"
11:48:38.812 [main] DEBUG org.apache.hc.client5.http.wire -- http-outgoing-16 >> "accept-encoding: gzip, deflate, br[\r][\n]"
11:48:38.812 [main] DEBUG org.apache.hc.client5.http.wire -- http-outgoing-16 >> "cache-control: max-age=0[\r][\n]"
11:48:38.812 [main] DEBUG org.apache.hc.client5.http.wire -- http-outgoing-16 >> "connection: keep-alive[\r][\n]"
11:48:38.812 [main] DEBUG org.apache.hc.client5.http.wire -- http-outgoing-16 >> "Host: edgedl.me.gvt1.com[\r][\n]"
11:48:38.812 [main] DEBUG org.apache.hc.client5.http.wire -- http-outgoing-16 >> "[\r][\n]"
11:48:38.985 [main] DEBUG org.apache.hc.client5.http.wire -- http-outgoing-16 << "HTTP/1.1 404 Not Found[\r][\n]"
11:48:38.985 [main] DEBUG org.apache.hc.client5.http.wire -- http-outgoing-16 << "content-length: 1449[\r][\n]"
11:48:38.985 [main] DEBUG org.apache.hc.client5.http.wire -- http-outgoing-16 << "content-type: text/html; charset=utf-8[\r][\n]"
11:48:38.985 [main] DEBUG org.apache.hc.client5.http.wire -- http-outgoing-16 << "server: Google-Edge-Cache[\r][\n]"
11:48:38.985 [main] DEBUG org.apache.hc.client5.http.wire -- http-outgoing-16 << "x-content-type-options: nosniff[\r][\n]"
11:48:38.985 [main] DEBUG org.apache.hc.client5.http.wire -- http-outgoing-16 << "x-frame-options: SAMEORIGIN[\r][\n]"
11:48:38.985 [main] DEBUG org.apache.hc.client5.http.wire -- http-outgoing-16 << "x-xss-protection: 0[\r][\n]"
11:48:38.985 [main] DEBUG org.apache.hc.client5.http.wire -- http-outgoing-16 << "date: Mon, 12 Feb 2024 04:48:39 GMT[\r][\n]"
11:48:38.985 [main] DEBUG org.apache.hc.client5.http.wire -- http-outgoing-16 << "x-request-id: ec95c7d8-7710-45b6-9af4-0e913fc805f3[\r][\n]"
11:48:38.985 [main] DEBUG org.apache.hc.client5.http.wire -- http-outgoing-16 << "alt-svc: clear[\r][\n]"
11:48:38.985 [main] DEBUG org.apache.hc.client5.http.wire -- http-outgoing-16 << "[\r][\n]"
11:48:38.985 [main] DEBUG org.apache.hc.client5.http.wire -- http-outgoing-16 << "[\n]"
11:48:38.985 [main] DEBUG org.apache.hc.client5.http.wire -- http-outgoing-16 << "<!DOCTYPE html>[\n]"
11:48:38.985 [main] DEBUG org.apache.hc.client5.http.wire -- http-outgoing-16 << "<html lang=en>[\n]"
11:48:38.985 [main] DEBUG org.apache.hc.client5.http.wire -- http-outgoing-16 << "  <meta charset=utf-8>[\n]"
11:48:38.985 [main] DEBUG org.apache.hc.client5.http.wire -- http-outgoing-16 << "  <meta name=viewport content="initial-scale=1, minimum-scale=1, width=device-width">[\n]"
11:48:38.985 [main] DEBUG org.apache.hc.client5.http.wire -- http-outgoing-16 << "  <title>Error 404 (Not Found)!!1</title>[\n]"
11:48:38.985 [main] DEBUG org.apache.hc.client5.http.wire -- http-outgoing-16 << "  <style>[\n]"
11:48:38.985 [main] DEBUG org.apache.hc.client5.http.wire -- http-outgoing-16 << "    *{margin:0;padding:0}html,code{font:15px/22px arial,sans-serif}html{background:#fff;color:#222;padding:15px}body{margin:7% auto 0;max-width:390px;min-height:180px;padding:30px 0 15px}* > body{background:url(//www.google.com/images/errors/robot.png) 100% 5px no-repeat;padding-right:205px}p{margin:11px 0 22px;overflow:hidden}ins{color:#777;text-decoration:none}a img{border:0}@media screen and (max-width:772px){body{background:none;margin-top:0;max-width:none;padding-right:0}}#logo{background:url(//www.google.com/images/logos/errorpage/error_logo-150x54.png) no-repeat;margin-left:-5px}@media only screen and (min-resolution:192dpi){#logo{background:url(//www.google.com/images/logos/errorpage/error_logo-150x54-2x.png) no-repeat 0% 0%/100% 100%;-moz-border-image:url(//www.google.com/images/logos/errorpage/error_logo-150x54-2x.png) 0}}@media only screen and (-webkit-min-device-pixel-ratio:2){#logo{background:url(//www.google.com/images/logos/errorpage/error_logo-150x54-2x.png) no-repeat;-webkit-background-size:100% 100%}}#logo{display:inline-block;height:54px;width:150px}[\n]"
11:48:38.985 [main] DEBUG org.apache.hc.client5.http.wire -- http-outgoing-16 << "  </style>[\n]"
11:48:38.985 [main] DEBUG org.apache.hc.client5.http.wire -- http-outgoing-16 << "  <a href=//www.google.com/><span id=logo aria-label=Google></span></a>[\n]"
11:48:38.985 [main] DEBUG org.apache.hc.client5.http.wire -- http-outgoing-16 << "  <p><b>404.</b> <ins>That[0xffffffe2][0xffffff80][0xffffff99]s an error.</ins>[\n]"
11:48:38.985 [main] DEBUG org.apache.hc.client5.http.wire -- http-outgoing-16 << "  <p>  <ins>That[0xffffffe2][0xffffff80][0xffffff99]s all we know.</ins>[\n]"
11:48:38.985 [main] DEBUG org.apache.hc.client5.http.headers -- http-outgoing-16 << HTTP/1.1 404 Not Found
11:48:38.985 [main] DEBUG org.apache.hc.client5.http.headers -- http-outgoing-16 << content-length: 1449
11:48:38.985 [main] DEBUG org.apache.hc.client5.http.headers -- http-outgoing-16 << content-type: text/html; charset=utf-8
11:48:38.985 [main] DEBUG org.apache.hc.client5.http.headers -- http-outgoing-16 << server: Google-Edge-Cache
11:48:38.985 [main] DEBUG org.apache.hc.client5.http.headers -- http-outgoing-16 << x-content-type-options: nosniff
11:48:38.985 [main] DEBUG org.apache.hc.client5.http.headers -- http-outgoing-16 << x-frame-options: SAMEORIGIN
11:48:38.985 [main] DEBUG org.apache.hc.client5.http.headers -- http-outgoing-16 << x-xss-protection: 0
11:48:38.985 [main] DEBUG org.apache.hc.client5.http.headers -- http-outgoing-16 << date: Mon, 12 Feb 2024 04:48:39 GMT
11:48:38.985 [main] DEBUG org.apache.hc.client5.http.headers -- http-outgoing-16 << x-request-id: ec95c7d8-7710-45b6-9af4-0e913fc805f3
11:48:38.985 [main] DEBUG org.apache.hc.client5.http.headers -- http-outgoing-16 << alt-svc: clear
11:48:38.985 [main] DEBUG org.apache.hc.client5.http.impl.classic.MainClientExec -- ex-0000000027 connection can be kept alive for 3 MINUTES
11:48:38.986 [main] ERROR io.github.bonigarcia.wdm.online.HttpClient -- Error HTTP 404 executing https://edgedl.me.gvt1.com/edgedl/chrome/chrome-for-testing/121.0.6167.139/mac-arm64/chromedriver-mac-arm64.zip
11:48:38.987 [main] INFO io.github.bonigarcia.wdm.cache.ResolutionCache -- Clearing WebDriverManager resolution cache
11:48:38.987 [main] WARN io.github.bonigarcia.wdm.WebDriverManager -- There was an error managing chromedriver 121.0.6167.139 (Error HTTP 404 executing https://edgedl.me.gvt1.com/edgedl/chrome/chrome-for-testing/121.0.6167.139/mac-arm64/chromedriver-mac-arm64.zip) ... trying again avoiding reading release from repository
11:48:38.989 [main] DEBUG org.apache.hc.client5.http.impl.classic.InternalHttpClient -- ex-0000000028 preparing request execution
11:48:38.989 [main] DEBUG org.apache.hc.client5.http.impl.classic.ProtocolExec -- ex-0000000028 target auth state: UNCHALLENGED
11:48:38.989 [main] DEBUG org.apache.hc.client5.http.impl.classic.ProtocolExec -- ex-0000000028 proxy auth state: UNCHALLENGED
11:48:38.989 [main] DEBUG org.apache.hc.client5.http.impl.classic.ConnectExec -- ex-0000000028 acquiring connection with route {s}->https://raw.githubusercontent.com:443
11:48:38.989 [main] DEBUG org.apache.hc.client5.http.impl.classic.InternalHttpClient -- ex-0000000028 acquiring endpoint (3 MINUTES)
11:48:38.989 [main] DEBUG org.apache.hc.client5.http.impl.io.PoolingHttpClientConnectionManager -- ex-0000000028 endpoint lease request (3 MINUTES) [route: {s}->https://raw.githubusercontent.com:443][total available: 1; route allocated: 0 of 5; total allocated: 2 of 25]
11:48:38.989 [main] DEBUG org.apache.hc.client5.http.impl.io.PoolingHttpClientConnectionManager -- ex-0000000028 endpoint leased [route: {s}->https://raw.githubusercontent.com:443][total available: 1; route allocated: 1 of 5; total allocated: 3 of 25]
11:48:38.989 [main] DEBUG org.apache.hc.client5.http.impl.io.PoolingHttpClientConnectionManager -- ex-0000000028 acquired ep-0000000028
11:48:38.989 [main] DEBUG org.apache.hc.client5.http.impl.classic.InternalHttpClient -- ex-0000000028 acquired endpoint ep-0000000028
11:48:38.989 [main] DEBUG org.apache.hc.client5.http.impl.classic.ConnectExec -- ex-0000000028 opening connection {s}->https://raw.githubusercontent.com:443
11:48:38.989 [main] DEBUG org.apache.hc.client5.http.impl.classic.InternalHttpClient -- ep-0000000028 connecting endpoint (null)
11:48:38.989 [main] DEBUG org.apache.hc.client5.http.impl.io.PoolingHttpClientConnectionManager -- ep-0000000028 connecting endpoint to https://raw.githubusercontent.com:443 (30 SECONDS)
11:48:38.989 [main] DEBUG org.apache.hc.client5.http.impl.io.DefaultHttpClientConnectionOperator -- raw.githubusercontent.com resolving remote address
11:48:38.989 [main] DEBUG org.apache.hc.client5.http.impl.io.DefaultHttpClientConnectionOperator -- raw.githubusercontent.com resolved to [raw.githubusercontent.com/185.199.108.133, raw.githubusercontent.com/185.199.111.133, raw.githubusercontent.com/185.199.110.133, raw.githubusercontent.com/185.199.109.133, raw.githubusercontent.com/2606:50c0:8003:0:0:0:0:154, raw.githubusercontent.com/2606:50c0:8002:0:0:0:0:154, raw.githubusercontent.com/2606:50c0:8000:0:0:0:0:154, raw.githubusercontent.com/2606:50c0:8001:0:0:0:0:154]
11:48:38.989 [main] DEBUG org.apache.hc.client5.http.impl.io.DefaultHttpClientConnectionOperator -- raw.githubusercontent.com:443 connecting null->raw.githubusercontent.com/185.199.108.133:443 (30 SECONDS)
11:48:38.989 [main] DEBUG org.apache.hc.client5.http.ssl.SSLConnectionSocketFactory -- Connecting socket to raw.githubusercontent.com/185.199.108.133:443 with timeout 30 SECONDS
11:48:39.007 [main] DEBUG org.apache.hc.client5.http.ssl.SSLConnectionSocketFactory -- Enabled protocols: [TLSv1.3, TLSv1.2]
11:48:39.007 [main] DEBUG org.apache.hc.client5.http.ssl.SSLConnectionSocketFactory -- Enabled cipher suites: [TLS_AES_256_GCM_SHA384, TLS_AES_128_GCM_SHA256, TLS_CHACHA20_POLY1305_SHA256, TLS_ECDHE_ECDSA_WITH_AES_256_GCM_SHA384, TLS_ECDHE_ECDSA_WITH_AES_128_GCM_SHA256, TLS_ECDHE_ECDSA_WITH_CHACHA20_POLY1305_SHA256, TLS_ECDHE_RSA_WITH_AES_256_GCM_SHA384, TLS_ECDHE_RSA_WITH_CHACHA20_POLY1305_SHA256, TLS_ECDHE_RSA_WITH_AES_128_GCM_SHA256, TLS_DHE_RSA_WITH_AES_256_GCM_SHA384, TLS_DHE_RSA_WITH_CHACHA20_POLY1305_SHA256, TLS_DHE_DSS_WITH_AES_256_GCM_SHA384, TLS_DHE_RSA_WITH_AES_128_GCM_SHA256, TLS_DHE_DSS_WITH_AES_128_GCM_SHA256, TLS_ECDHE_ECDSA_WITH_AES_256_CBC_SHA384, TLS_ECDHE_RSA_WITH_AES_256_CBC_SHA384, TLS_ECDHE_ECDSA_WITH_AES_128_CBC_SHA256, TLS_ECDHE_RSA_WITH_AES_128_CBC_SHA256, TLS_DHE_RSA_WITH_AES_256_CBC_SHA256, TLS_DHE_DSS_WITH_AES_256_CBC_SHA256, TLS_DHE_RSA_WITH_AES_128_CBC_SHA256, TLS_DHE_DSS_WITH_AES_128_CBC_SHA256, TLS_ECDH_ECDSA_WITH_AES_256_GCM_SHA384, TLS_ECDH_RSA_WITH_AES_256_GCM_SHA384, TLS_ECDH_ECDSA_WITH_AES_128_GCM_SHA256, TLS_ECDH_RSA_WITH_AES_128_GCM_SHA256, TLS_ECDH_ECDSA_WITH_AES_256_CBC_SHA384, TLS_ECDH_RSA_WITH_AES_256_CBC_SHA384, TLS_ECDH_ECDSA_WITH_AES_128_CBC_SHA256, TLS_ECDH_RSA_WITH_AES_128_CBC_SHA256, TLS_ECDHE_ECDSA_WITH_AES_256_CBC_SHA, TLS_ECDHE_RSA_WITH_AES_256_CBC_SHA, TLS_ECDHE_ECDSA_WITH_AES_128_CBC_SHA, TLS_ECDHE_RSA_WITH_AES_128_CBC_SHA, TLS_DHE_RSA_WITH_AES_256_CBC_SHA, TLS_DHE_DSS_WITH_AES_256_CBC_SHA, TLS_DHE_RSA_WITH_AES_128_CBC_SHA, TLS_DHE_DSS_WITH_AES_128_CBC_SHA, TLS_ECDH_ECDSA_WITH_AES_256_CBC_SHA, TLS_ECDH_RSA_WITH_AES_256_CBC_SHA, TLS_ECDH_ECDSA_WITH_AES_128_CBC_SHA, TLS_ECDH_RSA_WITH_AES_128_CBC_SHA, TLS_RSA_WITH_AES_256_GCM_SHA384, TLS_RSA_WITH_AES_128_GCM_SHA256, TLS_RSA_WITH_AES_256_CBC_SHA256, TLS_RSA_WITH_AES_128_CBC_SHA256, TLS_RSA_WITH_AES_256_CBC_SHA, TLS_RSA_WITH_AES_128_CBC_SHA, TLS_EMPTY_RENEGOTIATION_INFO_SCSV]
11:48:39.007 [main] DEBUG org.apache.hc.client5.http.ssl.SSLConnectionSocketFactory -- Starting handshake (null)
11:48:39.032 [main] DEBUG org.apache.hc.client5.http.ssl.SSLConnectionSocketFactory -- Secure session established
11:48:39.032 [main] DEBUG org.apache.hc.client5.http.ssl.SSLConnectionSocketFactory --  negotiated protocol: TLSv1.3
11:48:39.032 [main] DEBUG org.apache.hc.client5.http.ssl.SSLConnectionSocketFactory --  negotiated cipher suite: TLS_AES_128_GCM_SHA256
11:48:39.032 [main] DEBUG org.apache.hc.client5.http.ssl.SSLConnectionSocketFactory --  peer principal: CN=*.github.io, O="GitHub, Inc.", L=San Francisco, ST=California, C=US
11:48:39.032 [main] DEBUG org.apache.hc.client5.http.ssl.SSLConnectionSocketFactory --  peer alternative names: [*.github.io, github.io, *.github.com, github.com, www.github.com, *.githubusercontent.com, githubusercontent.com]
11:48:39.032 [main] DEBUG org.apache.hc.client5.http.ssl.SSLConnectionSocketFactory --  issuer principal: CN=DigiCert TLS RSA SHA256 2020 CA1, O=DigiCert Inc, C=US
11:48:39.032 [main] DEBUG org.apache.hc.client5.http.impl.io.DefaultManagedHttpClientConnection -- http-outgoing-17 set socket timeout to 3 MINUTES
11:48:39.032 [main] DEBUG org.apache.hc.client5.http.impl.io.DefaultHttpClientConnectionOperator -- raw.githubusercontent.com:443 connected null->raw.githubusercontent.com/185.199.108.133:443 as http-outgoing-17
11:48:39.032 [main] DEBUG org.apache.hc.client5.http.impl.io.PoolingHttpClientConnectionManager -- ep-0000000028 connected http-outgoing-17
11:48:39.032 [main] DEBUG org.apache.hc.client5.http.impl.classic.InternalHttpClient -- ep-0000000028 endpoint connected
11:48:39.032 [main] DEBUG org.apache.hc.client5.http.impl.classic.MainClientExec -- ex-0000000028 executing GET /bonigarcia/webdrivermanager/master/src/main/resources/commands.properties HTTP/1.1
11:48:39.032 [main] DEBUG org.apache.hc.client5.http.protocol.RequestAddCookies -- ex-0000000028 Cookie spec selected: strict
11:48:39.033 [main] DEBUG org.apache.hc.client5.http.impl.classic.InternalHttpClient -- ep-0000000028 start execution ex-0000000028
11:48:39.033 [main] DEBUG org.apache.hc.client5.http.impl.io.PoolingHttpClientConnectionManager -- ep-0000000028 executing exchange ex-0000000028 over http-outgoing-17
11:48:39.033 [main] DEBUG org.apache.hc.client5.http.headers -- http-outgoing-17 >> GET /bonigarcia/webdrivermanager/master/src/main/resources/commands.properties HTTP/1.1
11:48:39.033 [main] DEBUG org.apache.hc.client5.http.headers -- http-outgoing-17 >> user-agent: Apache-HttpClient/5.0
11:48:39.033 [main] DEBUG org.apache.hc.client5.http.headers -- http-outgoing-17 >> accept-encoding: gzip, deflate, br
11:48:39.033 [main] DEBUG org.apache.hc.client5.http.headers -- http-outgoing-17 >> cache-control: max-age=0
11:48:39.033 [main] DEBUG org.apache.hc.client5.http.headers -- http-outgoing-17 >> connection: keep-alive
11:48:39.033 [main] DEBUG org.apache.hc.client5.http.headers -- http-outgoing-17 >> Host: raw.githubusercontent.com
11:48:39.033 [main] DEBUG org.apache.hc.client5.http.wire -- http-outgoing-17 >> "GET /bonigarcia/webdrivermanager/master/src/main/resources/commands.properties HTTP/1.1[\r][\n]"
11:48:39.033 [main] DEBUG org.apache.hc.client5.http.wire -- http-outgoing-17 >> "user-agent: Apache-HttpClient/5.0[\r][\n]"
11:48:39.033 [main] DEBUG org.apache.hc.client5.http.wire -- http-outgoing-17 >> "accept-encoding: gzip, deflate, br[\r][\n]"
11:48:39.033 [main] DEBUG org.apache.hc.client5.http.wire -- http-outgoing-17 >> "cache-control: max-age=0[\r][\n]"
11:48:39.033 [main] DEBUG org.apache.hc.client5.http.wire -- http-outgoing-17 >> "connection: keep-alive[\r][\n]"
11:48:39.033 [main] DEBUG org.apache.hc.client5.http.wire -- http-outgoing-17 >> "Host: raw.githubusercontent.com[\r][\n]"
11:48:39.033 [main] DEBUG org.apache.hc.client5.http.wire -- http-outgoing-17 >> "[\r][\n]"
11:48:39.053 [main] DEBUG org.apache.hc.client5.http.wire -- http-outgoing-17 << "HTTP/1.1 200 OK[\r][\n]"
11:48:39.053 [main] DEBUG org.apache.hc.client5.http.wire -- http-outgoing-17 << "Connection: keep-alive[\r][\n]"
11:48:39.053 [main] DEBUG org.apache.hc.client5.http.wire -- http-outgoing-17 << "Content-Length: 723[\r][\n]"
11:48:39.053 [main] DEBUG org.apache.hc.client5.http.wire -- http-outgoing-17 << "Cache-Control: max-age=300[\r][\n]"
11:48:39.053 [main] DEBUG org.apache.hc.client5.http.wire -- http-outgoing-17 << "Content-Security-Policy: default-src 'none'; style-src 'unsafe-inline'; sandbox[\r][\n]"
11:48:39.053 [main] DEBUG org.apache.hc.client5.http.wire -- http-outgoing-17 << "Content-Type: text/plain; charset=utf-8[\r][\n]"
11:48:39.053 [main] DEBUG org.apache.hc.client5.http.wire -- http-outgoing-17 << "ETag: W/"e82b438271e9e8680c688b0b680efd0bdd22faa6d6f0a32fc1fd8accc486b67e"[\r][\n]"
11:48:39.053 [main] DEBUG org.apache.hc.client5.http.wire -- http-outgoing-17 << "Strict-Transport-Security: max-age=31536000[\r][\n]"
11:48:39.053 [main] DEBUG org.apache.hc.client5.http.wire -- http-outgoing-17 << "X-Content-Type-Options: nosniff[\r][\n]"
11:48:39.053 [main] DEBUG org.apache.hc.client5.http.wire -- http-outgoing-17 << "X-Frame-Options: deny[\r][\n]"
11:48:39.053 [main] DEBUG org.apache.hc.client5.http.wire -- http-outgoing-17 << "X-XSS-Protection: 1; mode=block[\r][\n]"
11:48:39.053 [main] DEBUG org.apache.hc.client5.http.wire -- http-outgoing-17 << "X-GitHub-Request-Id: D6C0:23986A:25619:36F2A:65B05D65[\r][\n]"
11:48:39.053 [main] DEBUG org.apache.hc.client5.http.wire -- http-outgoing-17 << "Content-Encoding: gzip[\r][\n]"
11:48:39.053 [main] DEBUG org.apache.hc.client5.http.wire -- http-outgoing-17 << "Accept-Ranges: bytes[\r][\n]"
11:48:39.053 [main] DEBUG org.apache.hc.client5.http.wire -- http-outgoing-17 << "Date: Mon, 12 Feb 2024 04:48:39 GMT[\r][\n]"
11:48:39.053 [main] DEBUG org.apache.hc.client5.http.wire -- http-outgoing-17 << "Via: 1.1 varnish[\r][\n]"
11:48:39.053 [main] DEBUG org.apache.hc.client5.http.wire -- http-outgoing-17 << "X-Served-By: cache-qpg1275-QPG[\r][\n]"
11:48:39.053 [main] DEBUG org.apache.hc.client5.http.wire -- http-outgoing-17 << "X-Cache: HIT[\r][\n]"
11:48:39.053 [main] DEBUG org.apache.hc.client5.http.wire -- http-outgoing-17 << "X-Cache-Hits: 1[\r][\n]"
11:48:39.053 [main] DEBUG org.apache.hc.client5.http.wire -- http-outgoing-17 << "X-Timer: S1707713319.112039,VS0,VE2[\r][\n]"
11:48:39.053 [main] DEBUG org.apache.hc.client5.http.wire -- http-outgoing-17 << "Vary: Authorization,Accept-Encoding,Origin[\r][\n]"
11:48:39.053 [main] DEBUG org.apache.hc.client5.http.wire -- http-outgoing-17 << "Access-Control-Allow-Origin: *[\r][\n]"
11:48:39.053 [main] DEBUG org.apache.hc.client5.http.wire -- http-outgoing-17 << "Cross-Origin-Resource-Policy: cross-origin[\r][\n]"
11:48:39.053 [main] DEBUG org.apache.hc.client5.http.wire -- http-outgoing-17 << "X-Fastly-Request-ID: b96f9306fa79440d720fb17b0dc647d949dc710b[\r][\n]"
11:48:39.053 [main] DEBUG org.apache.hc.client5.http.wire -- http-outgoing-17 << "Expires: Mon, 12 Feb 2024 04:53:39 GMT[\r][\n]"
11:48:39.053 [main] DEBUG org.apache.hc.client5.http.wire -- http-outgoing-17 << "Source-Age: 53[\r][\n]"
11:48:39.053 [main] DEBUG org.apache.hc.client5.http.wire -- http-outgoing-17 << "[\r][\n]"
11:48:39.053 [main] DEBUG org.apache.hc.client5.http.headers -- http-outgoing-17 << HTTP/1.1 200 OK
11:48:39.053 [main] DEBUG org.apache.hc.client5.http.headers -- http-outgoing-17 << Connection: keep-alive
11:48:39.053 [main] DEBUG org.apache.hc.client5.http.headers -- http-outgoing-17 << Content-Length: 723
11:48:39.053 [main] DEBUG org.apache.hc.client5.http.headers -- http-outgoing-17 << Cache-Control: max-age=300
11:48:39.053 [main] DEBUG org.apache.hc.client5.http.headers -- http-outgoing-17 << Content-Security-Policy: default-src 'none'; style-src 'unsafe-inline'; sandbox
11:48:39.053 [main] DEBUG org.apache.hc.client5.http.headers -- http-outgoing-17 << Content-Type: text/plain; charset=utf-8
11:48:39.053 [main] DEBUG org.apache.hc.client5.http.headers -- http-outgoing-17 << ETag: W/"e82b438271e9e8680c688b0b680efd0bdd22faa6d6f0a32fc1fd8accc486b67e"
11:48:39.053 [main] DEBUG org.apache.hc.client5.http.headers -- http-outgoing-17 << Strict-Transport-Security: max-age=31536000
11:48:39.053 [main] DEBUG org.apache.hc.client5.http.headers -- http-outgoing-17 << X-Content-Type-Options: nosniff
11:48:39.053 [main] DEBUG org.apache.hc.client5.http.headers -- http-outgoing-17 << X-Frame-Options: deny
11:48:39.053 [main] DEBUG org.apache.hc.client5.http.headers -- http-outgoing-17 << X-XSS-Protection: 1; mode=block
11:48:39.053 [main] DEBUG org.apache.hc.client5.http.headers -- http-outgoing-17 << X-GitHub-Request-Id: D6C0:23986A:25619:36F2A:65B05D65
11:48:39.053 [main] DEBUG org.apache.hc.client5.http.headers -- http-outgoing-17 << Content-Encoding: gzip
11:48:39.053 [main] DEBUG org.apache.hc.client5.http.headers -- http-outgoing-17 << Accept-Ranges: bytes
11:48:39.053 [main] DEBUG org.apache.hc.client5.http.headers -- http-outgoing-17 << Date: Mon, 12 Feb 2024 04:48:39 GMT
11:48:39.053 [main] DEBUG org.apache.hc.client5.http.headers -- http-outgoing-17 << Via: 1.1 varnish
11:48:39.053 [main] DEBUG org.apache.hc.client5.http.headers -- http-outgoing-17 << X-Served-By: cache-qpg1275-QPG
11:48:39.053 [main] DEBUG org.apache.hc.client5.http.headers -- http-outgoing-17 << X-Cache: HIT
11:48:39.053 [main] DEBUG org.apache.hc.client5.http.headers -- http-outgoing-17 << X-Cache-Hits: 1
11:48:39.053 [main] DEBUG org.apache.hc.client5.http.headers -- http-outgoing-17 << X-Timer: S1707713319.112039,VS0,VE2
11:48:39.053 [main] DEBUG org.apache.hc.client5.http.headers -- http-outgoing-17 << Vary: Authorization,Accept-Encoding,Origin
11:48:39.053 [main] DEBUG org.apache.hc.client5.http.headers -- http-outgoing-17 << Access-Control-Allow-Origin: *
11:48:39.053 [main] DEBUG org.apache.hc.client5.http.headers -- http-outgoing-17 << Cross-Origin-Resource-Policy: cross-origin
11:48:39.053 [main] DEBUG org.apache.hc.client5.http.headers -- http-outgoing-17 << X-Fastly-Request-ID: b96f9306fa79440d720fb17b0dc647d949dc710b
11:48:39.053 [main] DEBUG org.apache.hc.client5.http.headers -- http-outgoing-17 << Expires: Mon, 12 Feb 2024 04:53:39 GMT
11:48:39.053 [main] DEBUG org.apache.hc.client5.http.headers -- http-outgoing-17 << Source-Age: 53
11:48:39.054 [main] DEBUG org.apache.hc.client5.http.impl.classic.MainClientExec -- ex-0000000028 connection can be kept alive for 3 MINUTES
11:48:39.054 [main] DEBUG org.apache.hc.client5.http.wire -- http-outgoing-17 << "[0x1f][0xffffff8b][0x8][0x0][0x0][0x0][0x0][0x0][0x0][0x3][0xffffffb5]V]o[0xffffffda]0[0x14]}[0xffffffe7]W\[0xffffff81]*[0xffffffb5][0x12][0x1f][[M[0xffffffd3]$[0x1e]hF[0xffffffbb]i [0x18][0xffffffb4][0xffffffdd]&[0xfffffff9][0xffffffc5]$7[0xffffffc1]R[0x12]#;[0xffffff94]v[0xffffffbf]~[0xffffffb6][0xfffffff3]1[0xffffff92][0xffffff9a][0xffffffc1][0x1a]x[0xffffffcb][0xffffffb5][0xffffffaf][0xffffffcf]9[0xffffffbe][0xfffffff7]8v[0xb][0x1c][0x1e]E4[0xfffffff6]$x4[0xffffffa1][0xb]*[0xffffffb1][0xffffffd1][0xffffff82][0xfffffffb]%[0xffffff93][0xffffffe0][0xffffffb3][0x10][0xffffffc1][0xffffffe5]qBY,!Y[0xffffffea] KM8,[0x10][0xfffffff0][0x19][0xffffffdd]u[0xffffff82][0x1e][0xffffffb0][0xffffffd8]L[0xffffffcb]%[0xffffff86][0xffffffa1][0xe][0xffffffb8][0xfffffff0]P[0xffffffe8]$[0xf][0x13]t[0x13]3[0xfffffff9][0xffffff84]B2[0xffffffae][0xffffffe6]|@[0xfffffff5][0x1d][0x8][0xffffffc4][0x18][0x16][0xffffff82]o[0xffffffa4][0xffffff9a]P[0xffffff94][0xffffffe7][0xffffffce]R[0xfffffff0][0x8][0xffffffdb]p[0xffffffcb][0x4][0xfffffffa][0xfffffffc][0xffffffb9][\r][0xffffff93][0x15][\n]"
11:48:39.054 [main] DEBUG org.apache.hc.client5.http.wire -- http-outgoing-17 << "[0xffffffda][0xffffff86][0xffffffa1][0x17][0xffffffa8]Q3[0xffffffcb][0xffffffd6][0xffffffd1][0xffffff85][0xffffffc6][0xfffffff7][0xffffff98][0xffffffef][0xffffffa3][0xffffffc0]8[0x1][0xffffffae]s[0x12][0x16][0x7] _d[0xffffff82][0xffffff91][0xffffff84][0xfffffff3][0x1f],[0xfffffff6][0x14]j[0x1b]F,^+[0xffffff98]1ua2[0xffffffbf]h([0xffffff8e][0xffffff94][0xffffffa2][0xffffff91]m[0xffffffa3][0xffffffeb][0xffffff9a][0xffffffb0][0xffffffbb]I[0x17]t[0xffffffdf][0xffffffbd][0xffffffef][0xffffffbb][0xffffff91][0xffffffd7]U[0xffffffbb][0xffffff82][0xffffff9e][0x3][0xffffff9b][0xffffff88][0xffffffb9][0xffffffa6]$[0xffffffa6][0xc][0xffffff9b][0xffffffa5][0xffffffe2][0xffffff83][0xffffff98]F[0xffffffd8]o[0xffffff9e]Mg[0xffffff93][0xffffffbb][0xffffffd9]`|[0xfffffffb]u4[0xffffff9c][0x7f]"}B[0xffffffce][0x8][0xffffffb9][0xffffffe3]<[0x8][0xffffff91][0xffffff90][0xffffff94][0xffffff82][0xffffff90][0xffffffc1]j[0x15]2WI[0xffffffe3]1![0x19][0xffffff91]BnB[0xffffff80][0x9]<f[0xffffffb5][0xffffffe8]=[0xffffffd1]p[0xffffffbd][[0xffffffcf][0xffffffe5][0x1b][0xfffffff4][0xffffff9c][0xffffffff][0xfffffffc][0xfffffff8][0xffffffe1][0xffffffe2][0xffffff94][0xffffffa2][0xffffffae][0xe][0x14]5[0xffffff9a]8[0xffffff83][0xffffffd1]`:[0xfffffffd]<[0xffffffb8][0x1f][0xffffff9c]R[0xffffffcf]u[0x7f]6[0xffffffbc][0xffffff83][0xffffffef][0xf][0xffffffc3][0xffffffd9]/[0xfffffff8][0xfffffff2][0xffffffcd]y s[0xffffffee]'[0x1b]*0g[0xffffffcb][0xffffffc8]nF7H][0xffffff83][0xffffff97]{[0xffffffb1]Q[0x5][\r][0xffffffb5]c[0xffffffb4][0xf][0x2][0xffffffb3][0xffffffb4][0xffffff93][0xe]C[0xffffffa7][0xffffffb3]kAD][0xffffff9d][0xffffffde][0xffffffdb][0xffffffda][0xffffff88][0xffffffec][0xffffffa5][0xffffffbc][0xffffff99][0xffffffd9][0xffffffba]t[0xffffffb5][0xffffffea]9[0xffffffea][0x10])[0xffffffb7][0xffffffca][0xffffff9e][0xfffffff2][0xffffffe2]d^N[0xffffffd8]FW[0x16][0xffffffcd][0xffffffdc]_[0x10][0xfffffff9]i|[0x1c][0xffffff93][0xffffff8e][0xfffffff9]o[0x16][0xffffff86]4'!$G[0xffffffdf]W[0xfffffff4]W*j[[0xfffffff3]xR[0xffffffae][0xffffffb6][0xc][0xffffffd0],; #[0xffffffa9][0xffffff92]5[0xffffffb5][0x7][0xffffff9c][0xffffffb5][0xffffffd0][0x7f][0xffffff90][0xffffffc7]jgs[0xfffffffc][0xffffffc2][0xb][0xffffffd9][0x0]t[0xffffff9e]^'Y[0xfffffffb][0xffffff9f][0xffffffb1][0xffffffd8]:[0xffffffbf][0xffffff8d][0xffffffa5][0xffffff9a][0xffffffad][0x7f]m[0x5]&[0xffffffaa][0xffffffa0]^[0xffffff9b][0xffffffcb][0x5]f[0xffffffae][0xffffffe0]RU[0xffffff82][0x10]MS9l[0xffffff91]4t[0xfffffffb][0xffffff8a]][0xffffffd6][0xfffffff4][0xffffff96][0xffffffa6][0xffffff9f]P[0xffffffce][0xffffffd5][0xffffffce][0xffffff93][0xffffffff][0xffffff97][0xffffffcc]p[0xfffffffd][0xfffffff3][0xffffffe8][0x1b][0xffffffcc][0xffffffa2][0xffffffd9]Q[0xffffffbe][0xffffffb2][0xffffffa3][0xffffffc7]m'[0xffffffdf][0xffffffe4][[0xfffffffb]^[0xffffffb0][0xffffff9a][0xffffffbe][0xffffffda][0xffffffda]_[0xffffffce][0xffffff80][0xffffffd2][0xffffffc1]7[0xffffffb7]][0xffffffc1]b[0xffffffee][0xffffffb5][0xffffffff]w[0xffffff83][0xffffffed][0xffffffa7];[0x15]<[0x10]4[0xffffff92][0xffffff84][0x18][\n]"
11:48:39.054 [main] DEBUG org.apache.hc.client5.http.wire -- http-outgoing-17 << "BB[0xffffffba][0xffffff8e]][0xffffffb5]jo[0xffffffb9]+"[0xffffffea][0xffffffb4][0xffffffff]h"[0xffffffea]\?5[0xffffffa9][0xffffffaf]k[0xffffffec][0xffffffff]P[0xffffffea][\n]"
11:48:39.054 [main] DEBUG org.apache.hc.client5.http.wire -- http-outgoing-17 << "w[0xffffffe1]K[0x13][0xffffffda][0xffffffec][0xffffff98][0xffffffe6]Y[0xfffffffd]h8m6[0xffffff9c]T[0xffffffc1][0xfffffff2][0xffffffa7][0xffffff91]z_[0xffffff95]o85p[0x1c][0x13][0xffffffe6][0xfffffff0]5[0xffffffee][0xfffffffc][0xffffff92][0xffffff96][0xffffffda][0xfffffff7][0xffffffcf][0xffffffb1][0x5][0x1d][0xffffffea]K[0xffffff9b]9[0xffffff8e][0xffffffad]e[0xfffffff7][0xffffff93][0xffffffa8]`[0xffffffda][0xffffffff][0x1a][0xffffffd2][0xffffff88][0xffffff85][0xfffffffd][0xfffffff2][0xffffff91]N[0xfffffff6]`[0xffffffdf]2[0xffffffcf][0xffffffae]E[0xffffff97][0xffffffc5][0xffffffa2][0xffffff9d][0xffffffef]'[0xffffff9d]mun.[0xffffffd3]f^[0xffffffc7][0xffffff82][0xffffffda][0xffffff82]9[0xfffffff5][0xffffffa9]`[0x5][0xffffffbc]4[0xffffffa1][0x1d]<M[0xffffffb5]A[0xffffffa7]3[[0xffffffc0][0x7f][0x0][0xffffffc1][0xffffffd0]$[0xffffff85][0x1d][\r][0x0][0x0]"
11:48:39.054 [main] DEBUG org.apache.hc.client5.http.impl.classic.InternalHttpClient -- ep-0000000028 releasing valid endpoint
11:48:39.054 [main] DEBUG org.apache.hc.client5.http.impl.io.PoolingHttpClientConnectionManager -- ep-0000000028 releasing endpoint
11:48:39.054 [main] DEBUG org.apache.hc.client5.http.impl.io.PoolingHttpClientConnectionManager -- ep-0000000028 connection http-outgoing-17 can be kept alive for 3 MINUTES
11:48:39.054 [main] DEBUG org.apache.hc.client5.http.impl.io.PoolingHttpClientConnectionManager -- ep-0000000028 connection released [route: {s}->https://raw.githubusercontent.com:443][total available: 2; route allocated: 1 of 5; total allocated: 3 of 25]
11:48:39.054 [main] DEBUG io.github.bonigarcia.wdm.versions.VersionDetector -- Detecting chrome version using online commands.properties
11:48:39.054 [main] DEBUG io.github.bonigarcia.wdm.versions.Shell -- Running command on the shell: [/Applications/Google Chrome.app/Contents/MacOS/Google Chrome, --version]
11:48:39.079 [main] DEBUG io.github.bonigarcia.wdm.versions.Shell -- Result: Google Chrome 121.0.6167.160
11:48:39.079 [main] DEBUG io.github.bonigarcia.wdm.versions.VersionDetector -- Getting driver version for chrome121 from online versions.properties
11:48:39.079 [main] DEBUG org.apache.hc.client5.http.impl.classic.InternalHttpClient -- ex-0000000029 preparing request execution
11:48:39.079 [main] DEBUG org.apache.hc.client5.http.impl.classic.ProtocolExec -- ex-0000000029 target auth state: UNCHALLENGED
11:48:39.079 [main] DEBUG org.apache.hc.client5.http.impl.classic.ProtocolExec -- ex-0000000029 proxy auth state: UNCHALLENGED
11:48:39.079 [main] DEBUG org.apache.hc.client5.http.impl.classic.ConnectExec -- ex-0000000029 acquiring connection with route {s}->https://raw.githubusercontent.com:443
11:48:39.079 [main] DEBUG org.apache.hc.client5.http.impl.classic.InternalHttpClient -- ex-0000000029 acquiring endpoint (3 MINUTES)
11:48:39.079 [main] DEBUG org.apache.hc.client5.http.impl.io.PoolingHttpClientConnectionManager -- ex-0000000029 endpoint lease request (3 MINUTES) [route: {s}->https://raw.githubusercontent.com:443][total available: 2; route allocated: 1 of 5; total allocated: 3 of 25]
11:48:39.079 [main] DEBUG org.apache.hc.client5.http.impl.io.PoolingHttpClientConnectionManager -- ex-0000000029 endpoint leased [route: {s}->https://raw.githubusercontent.com:443][total available: 1; route allocated: 1 of 5; total allocated: 3 of 25]
11:48:39.079 [main] DEBUG org.apache.hc.client5.http.impl.io.PoolingHttpClientConnectionManager -- ex-0000000029 acquired ep-0000000029
11:48:39.079 [main] DEBUG org.apache.hc.client5.http.impl.classic.InternalHttpClient -- ex-0000000029 acquired endpoint ep-0000000029
11:48:39.079 [main] DEBUG org.apache.hc.client5.http.impl.classic.MainClientExec -- ex-0000000029 executing GET /bonigarcia/webdrivermanager/master/src/main/resources/versions.properties HTTP/1.1
11:48:39.079 [main] DEBUG org.apache.hc.client5.http.protocol.RequestAddCookies -- ex-0000000029 Cookie spec selected: strict
11:48:39.079 [main] DEBUG org.apache.hc.client5.http.impl.classic.InternalHttpClient -- ep-0000000029 start execution ex-0000000029
11:48:39.079 [main] DEBUG org.apache.hc.client5.http.impl.io.PoolingHttpClientConnectionManager -- ep-0000000029 executing exchange ex-0000000029 over http-outgoing-17
11:48:39.080 [main] DEBUG org.apache.hc.client5.http.headers -- http-outgoing-17 >> GET /bonigarcia/webdrivermanager/master/src/main/resources/versions.properties HTTP/1.1
11:48:39.080 [main] DEBUG org.apache.hc.client5.http.headers -- http-outgoing-17 >> user-agent: Apache-HttpClient/5.0
11:48:39.080 [main] DEBUG org.apache.hc.client5.http.headers -- http-outgoing-17 >> accept-encoding: gzip, deflate, br
11:48:39.080 [main] DEBUG org.apache.hc.client5.http.headers -- http-outgoing-17 >> cache-control: max-age=0
11:48:39.080 [main] DEBUG org.apache.hc.client5.http.headers -- http-outgoing-17 >> connection: keep-alive
11:48:39.080 [main] DEBUG org.apache.hc.client5.http.headers -- http-outgoing-17 >> Host: raw.githubusercontent.com
11:48:39.080 [main] DEBUG org.apache.hc.client5.http.wire -- http-outgoing-17 >> "GET /bonigarcia/webdrivermanager/master/src/main/resources/versions.properties HTTP/1.1[\r][\n]"
11:48:39.080 [main] DEBUG org.apache.hc.client5.http.wire -- http-outgoing-17 >> "user-agent: Apache-HttpClient/5.0[\r][\n]"
11:48:39.080 [main] DEBUG org.apache.hc.client5.http.wire -- http-outgoing-17 >> "accept-encoding: gzip, deflate, br[\r][\n]"
11:48:39.080 [main] DEBUG org.apache.hc.client5.http.wire -- http-outgoing-17 >> "cache-control: max-age=0[\r][\n]"
11:48:39.080 [main] DEBUG org.apache.hc.client5.http.wire -- http-outgoing-17 >> "connection: keep-alive[\r][\n]"
11:48:39.080 [main] DEBUG org.apache.hc.client5.http.wire -- http-outgoing-17 >> "Host: raw.githubusercontent.com[\r][\n]"
11:48:39.080 [main] DEBUG org.apache.hc.client5.http.wire -- http-outgoing-17 >> "[\r][\n]"
11:48:39.101 [main] DEBUG org.apache.hc.client5.http.wire -- http-outgoing-17 << "HTTP/1.1 200 OK[\r][\n]"
11:48:39.101 [main] DEBUG org.apache.hc.client5.http.wire -- http-outgoing-17 << "Connection: keep-alive[\r][\n]"
11:48:39.101 [main] DEBUG org.apache.hc.client5.http.wire -- http-outgoing-17 << "Content-Length: 1667[\r][\n]"
11:48:39.101 [main] DEBUG org.apache.hc.client5.http.wire -- http-outgoing-17 << "Cache-Control: max-age=300[\r][\n]"
11:48:39.101 [main] DEBUG org.apache.hc.client5.http.wire -- http-outgoing-17 << "Content-Security-Policy: default-src 'none'; style-src 'unsafe-inline'; sandbox[\r][\n]"
11:48:39.101 [main] DEBUG org.apache.hc.client5.http.wire -- http-outgoing-17 << "Content-Type: text/plain; charset=utf-8[\r][\n]"
11:48:39.101 [main] DEBUG org.apache.hc.client5.http.wire -- http-outgoing-17 << "ETag: W/"2b63ea7ea7667d0729e9d848d780e58af4f6d237cb562369e48d53971ddfa6c5"[\r][\n]"
11:48:39.101 [main] DEBUG org.apache.hc.client5.http.wire -- http-outgoing-17 << "Strict-Transport-Security: max-age=31536000[\r][\n]"
11:48:39.101 [main] DEBUG org.apache.hc.client5.http.wire -- http-outgoing-17 << "X-Content-Type-Options: nosniff[\r][\n]"
11:48:39.101 [main] DEBUG org.apache.hc.client5.http.wire -- http-outgoing-17 << "X-Frame-Options: deny[\r][\n]"
11:48:39.101 [main] DEBUG org.apache.hc.client5.http.wire -- http-outgoing-17 << "X-XSS-Protection: 1; mode=block[\r][\n]"
11:48:39.101 [main] DEBUG org.apache.hc.client5.http.wire -- http-outgoing-17 << "X-GitHub-Request-Id: D6D6:22FCA9:24D88:36DD7:65B05DDF[\r][\n]"
11:48:39.101 [main] DEBUG org.apache.hc.client5.http.wire -- http-outgoing-17 << "Content-Encoding: gzip[\r][\n]"
11:48:39.101 [main] DEBUG org.apache.hc.client5.http.wire -- http-outgoing-17 << "Accept-Ranges: bytes[\r][\n]"
11:48:39.101 [main] DEBUG org.apache.hc.client5.http.wire -- http-outgoing-17 << "Date: Mon, 12 Feb 2024 04:48:39 GMT[\r][\n]"
11:48:39.101 [main] DEBUG org.apache.hc.client5.http.wire -- http-outgoing-17 << "Via: 1.1 varnish[\r][\n]"
11:48:39.101 [main] DEBUG org.apache.hc.client5.http.wire -- http-outgoing-17 << "X-Served-By: cache-qpg1275-QPG[\r][\n]"
11:48:39.101 [main] DEBUG org.apache.hc.client5.http.wire -- http-outgoing-17 << "X-Cache: HIT[\r][\n]"
11:48:39.101 [main] DEBUG org.apache.hc.client5.http.wire -- http-outgoing-17 << "X-Cache-Hits: 1[\r][\n]"
11:48:39.101 [main] DEBUG org.apache.hc.client5.http.wire -- http-outgoing-17 << "X-Timer: S1707713319.160381,VS0,VE1[\r][\n]"
11:48:39.101 [main] DEBUG org.apache.hc.client5.http.wire -- http-outgoing-17 << "Vary: Authorization,Accept-Encoding,Origin[\r][\n]"
11:48:39.101 [main] DEBUG org.apache.hc.client5.http.wire -- http-outgoing-17 << "Access-Control-Allow-Origin: *[\r][\n]"
11:48:39.101 [main] DEBUG org.apache.hc.client5.http.wire -- http-outgoing-17 << "Cross-Origin-Resource-Policy: cross-origin[\r][\n]"
11:48:39.101 [main] DEBUG org.apache.hc.client5.http.wire -- http-outgoing-17 << "X-Fastly-Request-ID: 288a16c4bf4e1800109f6382f3c5841f71bebc98[\r][\n]"
11:48:39.101 [main] DEBUG org.apache.hc.client5.http.wire -- http-outgoing-17 << "Expires: Mon, 12 Feb 2024 04:53:39 GMT[\r][\n]"
11:48:39.101 [main] DEBUG org.apache.hc.client5.http.wire -- http-outgoing-17 << "Source-Age: 147[\r][\n]"
11:48:39.101 [main] DEBUG org.apache.hc.client5.http.wire -- http-outgoing-17 << "[\r][\n]"
11:48:39.101 [main] DEBUG org.apache.hc.client5.http.headers -- http-outgoing-17 << HTTP/1.1 200 OK
11:48:39.101 [main] DEBUG org.apache.hc.client5.http.headers -- http-outgoing-17 << Connection: keep-alive
11:48:39.101 [main] DEBUG org.apache.hc.client5.http.headers -- http-outgoing-17 << Content-Length: 1667
11:48:39.101 [main] DEBUG org.apache.hc.client5.http.headers -- http-outgoing-17 << Cache-Control: max-age=300
11:48:39.101 [main] DEBUG org.apache.hc.client5.http.headers -- http-outgoing-17 << Content-Security-Policy: default-src 'none'; style-src 'unsafe-inline'; sandbox
11:48:39.101 [main] DEBUG org.apache.hc.client5.http.headers -- http-outgoing-17 << Content-Type: text/plain; charset=utf-8
11:48:39.101 [main] DEBUG org.apache.hc.client5.http.headers -- http-outgoing-17 << ETag: W/"2b63ea7ea7667d0729e9d848d780e58af4f6d237cb562369e48d53971ddfa6c5"
11:48:39.101 [main] DEBUG org.apache.hc.client5.http.headers -- http-outgoing-17 << Strict-Transport-Security: max-age=31536000
11:48:39.101 [main] DEBUG org.apache.hc.client5.http.headers -- http-outgoing-17 << X-Content-Type-Options: nosniff
11:48:39.101 [main] DEBUG org.apache.hc.client5.http.headers -- http-outgoing-17 << X-Frame-Options: deny
11:48:39.101 [main] DEBUG org.apache.hc.client5.http.headers -- http-outgoing-17 << X-XSS-Protection: 1; mode=block
11:48:39.101 [main] DEBUG org.apache.hc.client5.http.headers -- http-outgoing-17 << X-GitHub-Request-Id: D6D6:22FCA9:24D88:36DD7:65B05DDF
11:48:39.101 [main] DEBUG org.apache.hc.client5.http.headers -- http-outgoing-17 << Content-Encoding: gzip
11:48:39.101 [main] DEBUG org.apache.hc.client5.http.headers -- http-outgoing-17 << Accept-Ranges: bytes
11:48:39.101 [main] DEBUG org.apache.hc.client5.http.headers -- http-outgoing-17 << Date: Mon, 12 Feb 2024 04:48:39 GMT
11:48:39.101 [main] DEBUG org.apache.hc.client5.http.headers -- http-outgoing-17 << Via: 1.1 varnish
11:48:39.101 [main] DEBUG org.apache.hc.client5.http.headers -- http-outgoing-17 << X-Served-By: cache-qpg1275-QPG
11:48:39.101 [main] DEBUG org.apache.hc.client5.http.headers -- http-outgoing-17 << X-Cache: HIT
11:48:39.101 [main] DEBUG org.apache.hc.client5.http.headers -- http-outgoing-17 << X-Cache-Hits: 1
11:48:39.101 [main] DEBUG org.apache.hc.client5.http.headers -- http-outgoing-17 << X-Timer: S1707713319.160381,VS0,VE1
11:48:39.101 [main] DEBUG org.apache.hc.client5.http.headers -- http-outgoing-17 << Vary: Authorization,Accept-Encoding,Origin
11:48:39.101 [main] DEBUG org.apache.hc.client5.http.headers -- http-outgoing-17 << Access-Control-Allow-Origin: *
11:48:39.101 [main] DEBUG org.apache.hc.client5.http.headers -- http-outgoing-17 << Cross-Origin-Resource-Policy: cross-origin
11:48:39.101 [main] DEBUG org.apache.hc.client5.http.headers -- http-outgoing-17 << X-Fastly-Request-ID: 288a16c4bf4e1800109f6382f3c5841f71bebc98
11:48:39.101 [main] DEBUG org.apache.hc.client5.http.headers -- http-outgoing-17 << Expires: Mon, 12 Feb 2024 04:53:39 GMT
11:48:39.101 [main] DEBUG org.apache.hc.client5.http.headers -- http-outgoing-17 << Source-Age: 147
11:48:39.101 [main] DEBUG org.apache.hc.client5.http.impl.classic.MainClientExec -- ex-0000000029 connection can be kept alive for 3 MINUTES
11:48:39.101 [main] DEBUG org.apache.hc.client5.http.wire -- http-outgoing-17 << "[0x1f][0xffffff8b][0x8][0x0][0x0][0x0][0x0][0x0][0x0][0x3][0xffffff8d][0xffffff97][0xffffffcb]n+7[0xc][0xffffff86][0xfffffff7]y[0xffffff8a][0x1][0xffffffba][0xffffffce]XWJ[\n]"
11:48:39.101 [main] DEBUG org.apache.hc.client5.http.wire -- http-outgoing-17 << "[0xffffffa0]M[0xffffffaf][0xffffffab][0xffffffa2][0xffffff8b][0xfffffff6][0x5]|[0xffffffec]I28[0xffffff8e]'[0xffffffb0][0xffffff9d][0xffffff93][0xffffff83]>}II[0xffffffd4][0xffffffc8][0xffffff9a][0x16][0xffffffe8][0xffffffc2]H[0xfffffff8][0xffffff8d]F")[\r][0xfffffff5][0xfffffff3][0xffffff87][0xffffffe1][0xffffffaf][0xffffffd7][0xfffffff9]:<[0xffffffcf][0xffffffa7]i8,[0xffffffe7][0xffffffdb]~>_[0xffffff87][0xffffffdb][0xffffffeb]4|=/[0xffffff9f][0xffffffe7][0xffffffe1]x[0xffffff99][0xffffffbf]M[0xffffff97][0x1][0x7f][0xffffffd7]y[0xffffffc1]'[0xffffff87][0xffffffe5][0xffffffed]}[0x7f][0xffffff9b][0xffffffbf][0xffffffe0][0xffffffe8][0xffffffcf][0xfffffff9][0xfffffff6][0xffffff9a]F[0x1e][0xffffff96][0xffffffcb]e[0xffffffba][0xffffffbe]/[0xffffffe7][0xffffffe3]|~[0x19][0xffffffbe]\[0xffffff96][0xffffffcf][0xffffffeb][0xfffffffa][0xffffffca][0xffffffc3][0xffffffc3][0xf][0xffffffc3][0xffffff8f][0x19]=[\r][0xffffffbf]-[0xffffffcb][0xb][0xffffffbe][0xfffffff9][0xffffffd3][0xffffffeb]ey[0xffffff9b][0xffffff86][0xfffffffd][0xfffffff9][0xffffff98][0xffffffff][0xffffff9d]?[0xffffffde][0xffffff86][0xffffffc7][0xffffffe1][0xffffffe7][0xffffffb4][0xffffffd4][0xffffffd3]pHO[0xfffffff3][0xffffffc2][0xfffffff8][0xfffffff2][0xffffff9f][0xffffffcb][0xffffffc7][0xffffffe5]0=[\r][0xffffffaf][0xffffffb7][0xffffffdb][0xfffffffb][0xffffffd3]n[0xffffffd7]>[0x1d][0xf][0xffffffe5][0xffffffed]q[0xffffffb9][0xffffffbc][0xffffffec][0xffffff8e][0xffffffe8][0xffffffef]i[0xffffffd9][0x1f][0xffffffaf][0xf]y[0xffffff8c][0xffffff94]&[0xffffffe2]o[0x14][0xffffffa3]u[0xffffffda][0xffffff8e]AT[0xffffffae][0xffffff91]k[0xffffffe2][0xffffffe0][0xffffffd4][0x8][0xffffffba]r[0xffffff85]\%.[0xffffffed]hB[0xffffffe5][0x12][0xffffffb9]$nA[0xffffff8f]`*[0x17][0xffffffc8][0x5]q[0xffffffe3][0xffffffe5][0xffffffe8][0x1c]s[0x11]"[0xfffffffe][0x12][0xffffffc7][0xffffffe5]][0x1d]/<rO\[0xffffffdb]0:Y[0xffffffb9]C[0xffffffee][0x12][0x17]f[0x4]U9 [0x7][0xffffffe2][0xffffffca][0xffffff84][0x11][0xffffffd6][0xfffffff1][0x16][0xffffffb9]%.[0xffffff83][0xffffffc5][0xffffff87][0xffffff95]c[0xffffffbc]"[0xffffffc5]Ka[0xffffffb8][0xffffffea][0xffffffbf][0xffffffc0]xE[0xffffff8a]W[0xffffff80][0x18][0xffffffa5]^[0x1d][0xffffffc2][0xffffff80]E[\n]"
11:48:39.101 [main] DEBUG org.apache.hc.client5.http.wire -- http-outgoing-17 << "X[0xffffffe0]|[0xffffffcd][0x2][0x18][0xffffffb0][0xffffffa0][0xffffff80]M[0xffffffb0]r4+[0xffffffc7][0xffffff80][0x5][0x5]l|[0xffffff80][0x11]8[0xffffffa1]![0xffffffc4][0x10][0x12]5[0x6][0xffffffd7]f[0xffffffea]c[0xffffffa0]`[0xffffff8d][0xffffffb3]~[0xffffffc4]e[0x18][0xffffffbb][0x18](V[0x3]A[0xffffffad]9[0x8][0x10][0x3]$[\n]"
11:48:39.101 [main] DEBUG org.apache.hc.client5.http.wire -- http-outgoing-17 << "f4[0xffffff96][0xffffffa9][0xffffff8d][0xffffffc1]&[0xffffffaa][0xfffffffd][0x8][0x1c]O01[0xffffff98]D19[0xffffffb8][0xffffff91][0xffffff8c]u[0xc][0x14][0xffffffa4][0xffffffb1][0xffffffce][0xffffffad][0xffffff9b][0x1a]T[0xc]*Q[0xffffffdc]R[0xffffffcc]2c[0x19]C[\n]"
11:48:39.101 [main] DEBUG org.apache.hc.client5.http.wire -- http-outgoing-17 << "[0xffffffd0][0xffffffe0][0x9][0xffffffc0]X[0x19][0xffffff8b][0x18]R|F[0xffffff8b]Qq[0xffffff9e]|[0xffffff88]>[0xffffffc5][0xffffffa7][0xfffffff1][0xffffff8f][0xffffffe2][0xffffff99][0xffffffbd][0xffffff8f]>[0xffffffc5][0xffffffa7][0xffffff95][0x19][0x3]0u[0xffffffd1][0xffffffa7][0xfffffff0][0xffffff94][0x17][0xffffffa3][0xfffffff7]L![0xfffffffa][0x14][0xffffff9e]28/[0xffffffa7][0xffffffc2][0xffffffdb][0xffffffe8]Sx[0xffffffd2][0xffffffeb][0xffffffd1][0xffffffb3]k[0xffffffde]D[0xffffff9f][0xffffffc2][0xffffff93][0xffffffc6][0xffffff8d][0xffffff9a]s[0xffffffec]u[0xfffffff4]):[0xffffffda]I[0xffffffcd][0xffffffa9][0xfffffff0]2[0xfffffffa][0x14][0xffffff86][0xffffffc0][0xffffffcc]K][0xffffff97][0x13][0xffffffd1]S[0x18]:[0xffffffa0]/x[0xffffff84][\n]"
11:48:39.101 [main] DEBUG org.apache.hc.client5.http.wire -- http-outgoing-17 << "v![0xffffffba][0xffffff90][0xffffffb0][0xffffffb1][0xffffffa3][0xffffffae][0xffffffd4]G[0xffffffe7][0x13][0xffffffc5][0xffffffb3][0xffffff83][0xffffffe7][0xffffff8a][0xffffffb1][0xffffff8b][0xffffff8e][0x2][0xffffffd1][0x1e][0xfffffff0][`7[0x1c]D[0x7][0xffffff89][0xffffffe2][0x1][0xffffff97][0xffffffaa][0xffffffce]a[0xffffffa3][0xffffffa3]H[0xffffffb4]sx[0xffffffc0][0xffffffd6][0xffffffd1]&:[0xffffff93][0xffffffb0][0xffffffc2][0xfffffff3][0xffffffcb]PGG[0xffffff91]h[0xffffffc0][0xffffff80][0xffffff80]]v**[0xffffffdc]Q[0xffffffb6][0xffffffe4][0xffffff9d]%[0xffffffc8]b[0xffffffc7] [0xffffff90][0xffffffc5]{[0x3][0xffffff9e],[0xffffffce](8[0xffffffb2]x7[0x1][0xffffffc8]bg[0xffffffc0][0xffffffa2]US[0x4][0xffffff86],[0xffffffce]9h[0xffffffb2]x= _t][0xffffff8f]|[0xffffffa9][0xffffffdf][0xc][0xffffff90]/Z[0xffffffdf]U[0xffffffb5][0xffffffdf][0xffffff97][0xffffffbf][0xffffffe7][0xffffffd3]i?[0xfffffffc]:_[0xffffffa6][0xffffffe7][0xffffffe5]{S[0xffffffca]^[0xffffffa6][0xffffffc3][0xffffffd7][0xffffffe5]_+[0xffffffd9][0x15]K[0xffffffd9][0xb][0x16][0xffffffd0][0xffffff8f]/#[0xffffff96][0xffffffd4][0xffffffdd][[0xffffff9e]b[0xffffffd7][0xffffffbc][0xffffffb0][0xffffffbb]L[0xffffffa7]i[0x7f][0xffffff9d][0xffffffae][0xf][0xffffffcf]y^[0xffffffa9]d[0xffffffc4][0xffffffb4]aBW"[0xffffff88][0xffffffe8][0xffffff86][0xffffffc8][0xffffffb0]!~C[0xffffffdc][0xffffff86][0xffffffc0][0xffffff86][0xffffffd8][\r]1[0x1b][0xffffffa2]7Dm[0xffffff88][0xffffffdc][0xffffff90][0xffffffe4][0xffffffb3][0x1a]U%"d[0xffffffb2][0xffffff8e][0x11]~C[0xffffffdc][0xffffff86][0xffffffc0][0xffffff86][0xffffffd8][\r]I>[0xffffffcb][0xffffff96][0xffffffe8][\r]Q[0x1b]"7Dt$[0xffffff84][0x1e][0xfffffff8][0x1e][0xffffffb8][0x1e]@[0xf]l[0xf]zoC[0xffffffef]l[0xffffffe8]}[\r][0xffffffbd][0xffffffab][0xffffff81]<[0xffffffc5][0xffffffaf][0xffffffad][0x1][0xffffffe3]i>[0x7f]|[0xffffffcf]X2[0xfffffff6][0xffffffa1][0x1b][0xffffffe7]}[0xf]\[0xf][0xffffffa0][0x7][0xffffffb6][0x7][0xffffffa6][0x7][0x14][0xffffff80][0xfffffff2][\r]P=[0xffffffa0][0x0][0xffffff94]k[0xffffff80][0xffffffe8][0xffffff80][0xb]=H[0xffffff9e]B[0x3]\[0xf][0xffffffa0][0x7][0xffffffb6][0x7][0xffffffa6][0x7][0xffffffba][0x7][0xffffffaa][0x7][0xffffffb2][0x7][0xffffffa2][0x3][0x10]z[0xffffff90]<[0xffffffb5][\r]H[0xffffff9e]6_0@[0xf]l[0xf][0xffffff92][0xffffffa7][0xffffffcd][0x7][0x4][0xffffffba][0x7][0xffffffc9][0xffffffd3][0xffffffe6][0xffffffd8]C[0xfffffff2][0xffffffb4]9[0x14] :`C[0xf]|[0xf]\[0xf][0xffffff92][0xffffffa7][0xffffffa2][0x1][0xffffff96]A[[0xb][0xffffffff]x[0xffffff9f].[0xfffffffb][0xffffffa6][0x2].d[0xffffffff][0xffffff9f][\n]"
11:48:39.101 [main] DEBUG org.apache.hc.client5.http.wire -- http-outgoing-17 << "[0xffffff98][0x6]^[0xffffff97][0xffffffe7][0xffffffdb][0xffffffe7][0xfffffffe]2e[0xffffff8b][0xffffffd5]]_[0xf][0xffffffd3][0xffffffc3][0xffffffa4][0xffffff8e]hy[0xffffffd4]![0xffffffa8]>[0xffffff94][0x10][0xffffffcc]Q[0x1d][0xffffffc9][0xffffff90]8^s[0x12]o[0xfffffff1][0xffffffc2]I[\r]&[0xfffffff5][0x15]P'[0xfffffff8][0xffffffc0][0xffffff98][0xffffffc4]`[0x12]_[0x1]E[0xffffff86][0xffffffd4][0xffffff8a]9[0xffffff89][0xffffffc1]$[0xffffffbe]<N[0x13][0x1c]c[0xffffffd2][0xffffff82]I{9[0xfffffffc][0xffffffb2]$[\n]"
11:48:39.101 [main] DEBUG org.apache.hc.client5.http.wire -- http-outgoing-17 << "[0xffffff98][0xffffffc2]E[0xffffffab]5[0xffffffb1][0xffffffc8]e[0xffffff8e]u[0xffffffa2][0xffffff91][0xffffff9a]R[0xffffff95]i[0xffffffb0]Z4J[0xffffffd3]3uw:[0xffffffd3][0x16][\n]"
11:48:39.101 [main] DEBUG org.apache.hc.client5.http.wire -- http-outgoing-17 << "[0xffffffad][0xffffffca][0xffffff94][0x1c]g[0xffffffb0][0xffffffad][0xffffffc8][0xffffffc4]L[0x14]lZ[0xffffff8d][0x19]J[0xffffff94]A[0xffffffb7][\n]"
11:48:39.101 [main] DEBUG org.apache.hc.client5.http.wire -- http-outgoing-17 << "[0x13]eI[0xffffffa6][0xffffffaa][0xffffffd5][0xffffff97][0xffffff98][0xffffffb4][0xffffff82]e+/I[0xffffffb9]e,Zu[0xffffffe9]K[0xffffffe0]>[0xffffffb4][0xffffffda][0x12][0xffffffa0]P[0xffffffdf][0x9][0xffffffcb]L]++[0xffffffa1]l[0xffffff8c][0xffffff87]VT[0xffffffd6][0x14]aq[0xffffffb9][0x13][0xffffff95][0x19][0xffffff9a]FS[0xfffffffa][0xffffffe2][0x18][0x16][0xffffff99];E[0xffffff99][0xffffffa1][0xffffffba][0x17][0xffffff94][0x19][0xffffffca]FOZ^_4r[0xffffff92]][0xffffffc5][0xffffffa2]s'&3[0xfffffff4][0xffffff9d][0xffffff96][0xffffffcc][0xffffffd4]5R[0xffffffd2]1[0xffffff84]FH[0xfffffffa][0xffffffb2]<V[0xffffffa1]UG[0xffffffb2][0xfffffff7]X[0xffffff89]V[0x19][0xffffff89][0x9].T72[0x12]xR[0xffffffd5][0xffffffa8]H_6[0x1c][0xffffffcb][0xffffffd2]*"[0xffffffeb]famZE$[0xffffff9f]u[0xffffffac]O[0xffffffab][0xffffff86][0xffffffe4][0x13][0xffffff8d]5[0xffffffaa][0xffffff91][0xffffff90][0xffffffb2][0xffffff84][0xffffff8a][0xffffff85][0xffffffaa]U[0xffffff90]e-[0xffffffac]V[0xffffffab][0xffffff80]t<[0xffffffab]m[0xfffffff4]#[0x1f]e[0xffffffac]Z[0xffffffab]z[0xffffffac][0xffffff87][0x13]KW[0xffffffa3][0x1e][0xfffffff9]S[0xffffffc3][0xfffffffa][0xffffffd5][0xffffff88][0xffffffc7][0xffffffba]V[0x11]}[0xffffffc9][0xffffffb0][0xffffffa1]5[0xffffff8a][0xffffffe4][0xffffffcb]FQ|[0xffffffd9]([0xffffff82]/[0x1b]E[0xffffffef]e[0xffffffa3][0xffffffc8][0xffffffbd]l[0x14][0xffffffb5][0xffffff97][0xffffff8d]"[0xfffffff6][0xffffffb2]![0xffffffb3][0xffffffba][0xffffffcb][0xffffff86]h[0xc]C[0x1e][0xffffffb0][0xffffffc7][0xffffff86]<[0xffffffd0]e[0x1d]C[0x1e][0xffffffa8][0xffffff92][0xc][0x3][0xffffffd9][0xffffffb8][0xffffff93][0xffffff87][0xfffffff3][0xffffffe1][0xffffffb2]Pe[0x1b]~9[0xffffffbe]LMm|[0xffffffbb]N[0x8][0xfffffffe][0xffffffb3]8[0x1e][0xffffffa7]o[0xffffffd3][0xffffff89]f[0x1d][0xffffffdf]x[0xffffff86]T)[0xffffffa7][0xfffffff3][0xffffffe3][0xffffffc7]uW[0xffffffd9]#M[0xffffffb2][0xffffffbb]-[0xffffffcb][0xffffffe9][0xffffffba][0xfffffffb][0xffffff9c][0xffffffbe][0xffffff94]b[0xfffffff9]@t[0xffffffed][0xffffff80][0xffffffa5][0xffffffc7][0x1b]C[0xfffffffa]B[0xffffffb9][0xffffffff][0xffffff95][0xe][0xffffffe5]9f2S[0xffffffee]~[0xffffffa5]S[0xffffffe9] g[0xffffffca][0xffffffbd][0xffffffaf][0x4][0xffffff90][0xffffffd4][0xffffff9b]f[0xffffffca][0xffffff9d][0xffffffaf][0xffffffb4]x>0{[0xffffff89][0xffffffd6][0xffffffbe]WZ,[0xffffffb4][0xffffffae][0xffffffac]V[0xffffffbb]^i[0x0][0xffffffe7][0xffffff85]B[0xffffffb9][0xffffffe7][0xffffffc5]n[0xffffff81][0xffffffee]"
11:48:39.101 [main] DEBUG org.apache.hc.client5.http.wire -- http-outgoing-17 << "[0xfffffff6][0xc][0xffffffb9][0xffffffe1][0xffffff95][0xffffffda][0xffffffd1]MZ([0xffffffb7][0xffffffbb][0xffffffd8][0xffffffb9]j[0xffffffac]`[0xffffff85]r[0xffffffb3]+[0x15]~[0xffffffa9][0xffffff8e]g[0xffffffe0]V[0x17]{[0x13]S[0xffffff83][0xffffffa8]}.[0xffffffde][0x6][0xffffff96]z[0xffffff87]L[0xffffffb9][0xffffffcb]Ea-[0xffffffd6]y[0xffffffb9][0xffffffc7][0xffffffc5][0xffffffcb][0xffffffc2]R[0xffffffa7]E[0xffffff94];\,[0xfffffffd]T(2+[0xfffffffd][0xffffffad][0xffffffa4][0xffffffe8]Jb[0xffffffb8][0xffffffb9][0xffffffc5][0xffffffd0]Te[0xffffffa5][0xffffffb5][0xffffffc5][0x18]Le[0xffffffa5][0xffffffb1]E[0xffffffaf][0xffffffea][0xffffffca][0xffffffdc][0xffffffd6][0x6][0xffffffac]1ZfTZ[0xffffffda][0xffffff80][0xffffffa9][0xffffffd7]eT[0xffffffe9]g[0xffffff83]X[0x17]([0xffffffbd][0xffffffac][0xffffffa7]JW^,}[0xffffffac][0xffffffc7][0xffffffc0]2[0xffffffe1][0x1e][0xffffff96]v<o[0xc][0xfffffff7][0xffffffaf][0xe]s[^[0xffffffe3][0xffffffe6][0x15] [0xffffff94]-[0xffffffe1][0xffffffc6][0x15][0xfffffff0]H@[0xffffffce][0x5]w[0xffffffad][0xffffff96][0x12]\F[0xffffff95][0xffffff96][0xffffffd5]&[0xffffffe1][0xffffff92][0x8][0xffffffb7][0xffffffab]X[0x1a]lY[0xf][0xffffffab]W[0xffffffae][0xffffff9e][0xffffff81]}[0xffffffe2][0xffffffee][0x15][0xffffffef][0xffffffd9][0xffffffb2]U[0xffffffb5]s[0xffffffc5][0xffffff88][0xfffffff1][0xffffffdc]%V[0xffffffdb]V:[0xffffffb3][0xffffff99][0xffffff94][0xffffff96]U9>:[0xffffffdc][0xffffffad]*]I[0xffffffe9]T[0xffffffa9],[0x16]R[0xffffff9a]T[0xffffffa9]I.$dL|[0xffffffbf]L[0xffffff8f][0xfffffff3][0xfffffff9]z[0xffffffdb][0xffffff9f]N[0xffffffd3]1C[0x15][0xffffff81]nv[0xffffff9d][0xffffffcf][0xffffff89][0xffffff91][0x11]K[0x18][0xffffffa8][0xffffff90][0xffffffc3]7"b[0xffffff9d][0xffffffc4][0xffffffdb].[0xffffffef][0xffffff87][0xfffffff6][0x11]?,[0xffffffa3]C6[0x15][0x15][0x1d][0xffffffdc]i[0xffffff9f][0xffffffcf][0x8][0xfffffff6]gtec[0xffffffbd]~[0xfffffff8][0x7][0x18]<[0xfffffffe][0xffffff8d]h[0x13][0x0][0x0]"
11:48:39.102 [main] DEBUG org.apache.hc.client5.http.impl.classic.InternalHttpClient -- ep-0000000029 releasing valid endpoint
11:48:39.102 [main] DEBUG org.apache.hc.client5.http.impl.io.PoolingHttpClientConnectionManager -- ep-0000000029 releasing endpoint
11:48:39.102 [main] DEBUG org.apache.hc.client5.http.impl.io.PoolingHttpClientConnectionManager -- ep-0000000029 connection http-outgoing-17 can be kept alive for 3 MINUTES
11:48:39.102 [main] DEBUG org.apache.hc.client5.http.impl.io.PoolingHttpClientConnectionManager -- ep-0000000029 connection released [route: {s}->https://raw.githubusercontent.com:443][total available: 2; route allocated: 1 of 5; total allocated: 3 of 25]
11:48:39.102 [main] DEBUG io.github.bonigarcia.wdm.versions.VersionDetector -- Driver for chrome121 not found in online properties (using local versions.properties)
11:48:39.102 [main] DEBUG io.github.bonigarcia.wdm.WebDriverManager -- The driver version for CHROME 121 is unknown ... trying with latest
11:48:39.103 [main] DEBUG org.apache.hc.client5.http.impl.classic.InternalHttpClient -- ex-0000000030 preparing request execution
11:48:39.103 [main] DEBUG org.apache.hc.client5.http.impl.classic.ProtocolExec -- ex-0000000030 target auth state: UNCHALLENGED
11:48:39.103 [main] DEBUG org.apache.hc.client5.http.impl.classic.ProtocolExec -- ex-0000000030 proxy auth state: UNCHALLENGED
11:48:39.103 [main] DEBUG org.apache.hc.client5.http.impl.classic.ConnectExec -- ex-0000000030 acquiring connection with route {s}->https://googlechromelabs.github.io:443
11:48:39.103 [main] DEBUG org.apache.hc.client5.http.impl.classic.InternalHttpClient -- ex-0000000030 acquiring endpoint (3 MINUTES)
11:48:39.103 [main] DEBUG org.apache.hc.client5.http.impl.io.PoolingHttpClientConnectionManager -- ex-0000000030 endpoint lease request (3 MINUTES) [route: {s}->https://googlechromelabs.github.io:443][total available: 2; route allocated: 1 of 5; total allocated: 3 of 25]
11:48:39.103 [main] DEBUG org.apache.hc.client5.http.impl.io.PoolingHttpClientConnectionManager -- ex-0000000030 endpoint leased [route: {s}->https://googlechromelabs.github.io:443][total available: 1; route allocated: 1 of 5; total allocated: 3 of 25]
11:48:39.103 [main] DEBUG org.apache.hc.client5.http.impl.io.PoolingHttpClientConnectionManager -- ex-0000000030 acquired ep-0000000030
11:48:39.103 [main] DEBUG org.apache.hc.client5.http.impl.classic.InternalHttpClient -- ex-0000000030 acquired endpoint ep-0000000030
11:48:39.103 [main] DEBUG org.apache.hc.client5.http.impl.classic.MainClientExec -- ex-0000000030 executing GET /chrome-for-testing/last-known-good-versions-with-downloads.json HTTP/1.1
11:48:39.103 [main] DEBUG org.apache.hc.client5.http.protocol.RequestAddCookies -- ex-0000000030 Cookie spec selected: strict
11:48:39.103 [main] DEBUG org.apache.hc.client5.http.impl.classic.InternalHttpClient -- ep-0000000030 start execution ex-0000000030
11:48:39.103 [main] DEBUG org.apache.hc.client5.http.impl.io.PoolingHttpClientConnectionManager -- ep-0000000030 executing exchange ex-0000000030 over http-outgoing-15
11:48:39.103 [main] DEBUG org.apache.hc.client5.http.headers -- http-outgoing-15 >> GET /chrome-for-testing/last-known-good-versions-with-downloads.json HTTP/1.1
11:48:39.103 [main] DEBUG org.apache.hc.client5.http.headers -- http-outgoing-15 >> user-agent: Apache-HttpClient/5.0
11:48:39.103 [main] DEBUG org.apache.hc.client5.http.headers -- http-outgoing-15 >> accept-encoding: gzip, deflate, br
11:48:39.103 [main] DEBUG org.apache.hc.client5.http.headers -- http-outgoing-15 >> cache-control: max-age=0
11:48:39.103 [main] DEBUG org.apache.hc.client5.http.headers -- http-outgoing-15 >> connection: keep-alive
11:48:39.103 [main] DEBUG org.apache.hc.client5.http.headers -- http-outgoing-15 >> Host: googlechromelabs.github.io
11:48:39.103 [main] DEBUG org.apache.hc.client5.http.wire -- http-outgoing-15 >> "GET /chrome-for-testing/last-known-good-versions-with-downloads.json HTTP/1.1[\r][\n]"
11:48:39.103 [main] DEBUG org.apache.hc.client5.http.wire -- http-outgoing-15 >> "user-agent: Apache-HttpClient/5.0[\r][\n]"
11:48:39.103 [main] DEBUG org.apache.hc.client5.http.wire -- http-outgoing-15 >> "accept-encoding: gzip, deflate, br[\r][\n]"
11:48:39.103 [main] DEBUG org.apache.hc.client5.http.wire -- http-outgoing-15 >> "cache-control: max-age=0[\r][\n]"
11:48:39.103 [main] DEBUG org.apache.hc.client5.http.wire -- http-outgoing-15 >> "connection: keep-alive[\r][\n]"
11:48:39.103 [main] DEBUG org.apache.hc.client5.http.wire -- http-outgoing-15 >> "Host: googlechromelabs.github.io[\r][\n]"
11:48:39.103 [main] DEBUG org.apache.hc.client5.http.wire -- http-outgoing-15 >> "[\r][\n]"
11:48:39.122 [main] DEBUG org.apache.hc.client5.http.wire -- http-outgoing-15 << "HTTP/1.1 200 OK[\r][\n]"
11:48:39.122 [main] DEBUG org.apache.hc.client5.http.wire -- http-outgoing-15 << "Connection: keep-alive[\r][\n]"
11:48:39.122 [main] DEBUG org.apache.hc.client5.http.wire -- http-outgoing-15 << "Content-Length: 640[\r][\n]"
11:48:39.122 [main] DEBUG org.apache.hc.client5.http.wire -- http-outgoing-15 << "Server: GitHub.com[\r][\n]"
11:48:39.122 [main] DEBUG org.apache.hc.client5.http.wire -- http-outgoing-15 << "Content-Type: application/json; charset=utf-8[\r][\n]"
11:48:39.122 [main] DEBUG org.apache.hc.client5.http.wire -- http-outgoing-15 << "permissions-policy: interest-cohort=()[\r][\n]"
11:48:39.122 [main] DEBUG org.apache.hc.client5.http.wire -- http-outgoing-15 << "x-origin-cache: HIT[\r][\n]"
11:48:39.122 [main] DEBUG org.apache.hc.client5.http.wire -- http-outgoing-15 << "Last-Modified: Mon, 12 Feb 2024 04:09:36 GMT[\r][\n]"
11:48:39.122 [main] DEBUG org.apache.hc.client5.http.wire -- http-outgoing-15 << "Access-Control-Allow-Origin: *[\r][\n]"
11:48:39.122 [main] DEBUG org.apache.hc.client5.http.wire -- http-outgoing-15 << "Strict-Transport-Security: max-age=31556952[\r][\n]"
11:48:39.122 [main] DEBUG org.apache.hc.client5.http.wire -- http-outgoing-15 << "ETag: W/"65c99a00-229c"[\r][\n]"
11:48:39.122 [main] DEBUG org.apache.hc.client5.http.wire -- http-outgoing-15 << "expires: Mon, 12 Feb 2024 04:19:55 GMT[\r][\n]"
11:48:39.122 [main] DEBUG org.apache.hc.client5.http.wire -- http-outgoing-15 << "Cache-Control: max-age=600[\r][\n]"
11:48:39.122 [main] DEBUG org.apache.hc.client5.http.wire -- http-outgoing-15 << "Content-Encoding: gzip[\r][\n]"
11:48:39.122 [main] DEBUG org.apache.hc.client5.http.wire -- http-outgoing-15 << "x-proxy-cache: HIT[\r][\n]"
11:48:39.122 [main] DEBUG org.apache.hc.client5.http.wire -- http-outgoing-15 << "X-GitHub-Request-Id: EECE:F2983:9FFA93:AC18FB:65C99AC6[\r][\n]"
11:48:39.122 [main] DEBUG org.apache.hc.client5.http.wire -- http-outgoing-15 << "Accept-Ranges: bytes[\r][\n]"
11:48:39.122 [main] DEBUG org.apache.hc.client5.http.wire -- http-outgoing-15 << "Date: Mon, 12 Feb 2024 04:48:39 GMT[\r][\n]"
11:48:39.122 [main] DEBUG org.apache.hc.client5.http.wire -- http-outgoing-15 << "Via: 1.1 varnish[\r][\n]"
11:48:39.122 [main] DEBUG org.apache.hc.client5.http.wire -- http-outgoing-15 << "Age: 151[\r][\n]"
11:48:39.122 [main] DEBUG org.apache.hc.client5.http.wire -- http-outgoing-15 << "X-Served-By: cache-qpg1232-QPG[\r][\n]"
11:48:39.122 [main] DEBUG org.apache.hc.client5.http.wire -- http-outgoing-15 << "X-Cache: HIT[\r][\n]"
11:48:39.122 [main] DEBUG org.apache.hc.client5.http.wire -- http-outgoing-15 << "X-Cache-Hits: 2[\r][\n]"
11:48:39.122 [main] DEBUG org.apache.hc.client5.http.wire -- http-outgoing-15 << "X-Timer: S1707713319.182318,VS0,VE1[\r][\n]"
11:48:39.122 [main] DEBUG org.apache.hc.client5.http.wire -- http-outgoing-15 << "Vary: Accept-Encoding[\r][\n]"
11:48:39.122 [main] DEBUG org.apache.hc.client5.http.wire -- http-outgoing-15 << "X-Fastly-Request-ID: 2dbe90cec8654063e766f10328475c1db19220f9[\r][\n]"
11:48:39.122 [main] DEBUG org.apache.hc.client5.http.wire -- http-outgoing-15 << "[\r][\n]"
11:48:39.122 [main] DEBUG org.apache.hc.client5.http.headers -- http-outgoing-15 << HTTP/1.1 200 OK
11:48:39.122 [main] DEBUG org.apache.hc.client5.http.headers -- http-outgoing-15 << Connection: keep-alive
11:48:39.122 [main] DEBUG org.apache.hc.client5.http.headers -- http-outgoing-15 << Content-Length: 640
11:48:39.122 [main] DEBUG org.apache.hc.client5.http.headers -- http-outgoing-15 << Server: GitHub.com
11:48:39.122 [main] DEBUG org.apache.hc.client5.http.headers -- http-outgoing-15 << Content-Type: application/json; charset=utf-8
11:48:39.122 [main] DEBUG org.apache.hc.client5.http.headers -- http-outgoing-15 << permissions-policy: interest-cohort=()
11:48:39.122 [main] DEBUG org.apache.hc.client5.http.headers -- http-outgoing-15 << x-origin-cache: HIT
11:48:39.122 [main] DEBUG org.apache.hc.client5.http.headers -- http-outgoing-15 << Last-Modified: Mon, 12 Feb 2024 04:09:36 GMT
11:48:39.122 [main] DEBUG org.apache.hc.client5.http.headers -- http-outgoing-15 << Access-Control-Allow-Origin: *
11:48:39.122 [main] DEBUG org.apache.hc.client5.http.headers -- http-outgoing-15 << Strict-Transport-Security: max-age=31556952
11:48:39.122 [main] DEBUG org.apache.hc.client5.http.headers -- http-outgoing-15 << ETag: W/"65c99a00-229c"
11:48:39.122 [main] DEBUG org.apache.hc.client5.http.headers -- http-outgoing-15 << expires: Mon, 12 Feb 2024 04:19:55 GMT
11:48:39.122 [main] DEBUG org.apache.hc.client5.http.headers -- http-outgoing-15 << Cache-Control: max-age=600
11:48:39.122 [main] DEBUG org.apache.hc.client5.http.headers -- http-outgoing-15 << Content-Encoding: gzip
11:48:39.122 [main] DEBUG org.apache.hc.client5.http.headers -- http-outgoing-15 << x-proxy-cache: HIT
11:48:39.122 [main] DEBUG org.apache.hc.client5.http.headers -- http-outgoing-15 << X-GitHub-Request-Id: EECE:F2983:9FFA93:AC18FB:65C99AC6
11:48:39.122 [main] DEBUG org.apache.hc.client5.http.headers -- http-outgoing-15 << Accept-Ranges: bytes
11:48:39.122 [main] DEBUG org.apache.hc.client5.http.headers -- http-outgoing-15 << Date: Mon, 12 Feb 2024 04:48:39 GMT
11:48:39.122 [main] DEBUG org.apache.hc.client5.http.headers -- http-outgoing-15 << Via: 1.1 varnish
11:48:39.122 [main] DEBUG org.apache.hc.client5.http.headers -- http-outgoing-15 << Age: 151
11:48:39.122 [main] DEBUG org.apache.hc.client5.http.headers -- http-outgoing-15 << X-Served-By: cache-qpg1232-QPG
11:48:39.122 [main] DEBUG org.apache.hc.client5.http.headers -- http-outgoing-15 << X-Cache: HIT
11:48:39.122 [main] DEBUG org.apache.hc.client5.http.headers -- http-outgoing-15 << X-Cache-Hits: 2
11:48:39.122 [main] DEBUG org.apache.hc.client5.http.headers -- http-outgoing-15 << X-Timer: S1707713319.182318,VS0,VE1
11:48:39.122 [main] DEBUG org.apache.hc.client5.http.headers -- http-outgoing-15 << Vary: Accept-Encoding
11:48:39.122 [main] DEBUG org.apache.hc.client5.http.headers -- http-outgoing-15 << X-Fastly-Request-ID: 2dbe90cec8654063e766f10328475c1db19220f9
11:48:39.122 [main] DEBUG org.apache.hc.client5.http.impl.classic.MainClientExec -- ex-0000000030 connection can be kept alive for 3 MINUTES
11:48:39.122 [main] DEBUG org.apache.hc.client5.http.wire -- http-outgoing-15 << "[0x1f][0xffffff8b][0x8][0x0][0x0][0x0][0x0][0x0][0x0][0x3][0xffffffcd][0xffffff96][0xffffffcb][0xffffff8e][0xffffff9b]0[0x14][0xffffff86][0xfffffff7]}[0xc][0xffffffaf][0xffffffc1]`[0x8][0xffffffe4][0xffffffb2][0xffffff9c][0xffffff99]7hWSu[0xffffffe1][0x6]7A2[0x10][0xffffff81]'[0xffffffd3]N[0xffffffc4][0xffffffbb][0xffffffd7][0x10][0xffffffc3]p[0xffffffb1][0xffffff99]U|[0xffffff90]"%[0x1c][0xffffff9c]s~[0xffffffd0][0xffffffa7][0xffffffa3][0xffffffef][0xffffff86]D[0xffffff9a][0xffffffb1]J[0xffffffd0][0xffffffec][0xffffff82][0xe]([0xfffffff0][0xffffff83][0xffffff8d][0xffffffeb][0x7].!?[0x2]r[0xfffffff0][0xfffffff7][0xfffffff2][0xffffff83]}B^[0xffffff91][0xffffff83][0xffffff8e]g[0xffffff9a][0xffffffe7][0xffffff8c]W[0xffffffe8]pC[0xffffffdf][0x5][0xfffffffd][0xffffffcd]Y[0xfffffff3]KU[0xffffffe5]_U[0xffffffcd]AWVVi[0xffffff91][0xffffffcb][0x12][0x9][0x8][0xfffffff6]qL[0xffffffe2]-[0xffffffde]E[0xfffffff2]N[0xffffffc9][0xffffffae]i[0x7f]+[0xc][0xffffff89][0xffffffbf][0xffffff95][0xffffffc5][0xffffffa4]x[0xffffffcf]yA[0xffffff93][0xffffffea][0xffffffde][0xffffffae],2[0xffffffd9][0xfffffff8][0xffffffe7][\r]]8[0x15][0x7f][0xffffff8a]2[0xffffff93][0xffffff87]y[0xffffff9a][0xffffffbf][0xfffffffd][0xffffff8d]7[0xfffffff2][0xfffffff0][[0xffffffd9][0xffffff8c]:[0xb]q[0xffffffa9][0xe][0xffffff9e][0xffffffc7][0xffffff92][0x13]K8[0xffffffce][0x18]>][0x5][0xffffffc1][0xffffffc7]"S%[0xffffffef][0xffffffde]G}[0xffffffb9][0xffffffb2][0xffffff8d]+[0xffffffe4]3[0xffffffa6][0xfffffff9][0xffffffc9][0x1b]e[0xfffffff2]T[0xffffffe7][0xffffffee][0xffffffa0][0xffffffba][0xffffffc4][0x1f][0xffffffe9][0x5][0xffffffd5][0xffffffce](CF[0xffffff8f].-[0xffffffb3][0xffffff87][0xffffffa4][0xffffffe8]{wG[0xfffffffb][0xffffff82])[0xffffffc9]c[0xffffffde][0xffffff86][0xffffffea]<Lax[0x1b][0xffffffef]i[0x1e][0x6][0xf]H[0xffffffd0][0xfffffff6][0xffffffed][0xffffff8e][0xffffffb5][0x17][0xffffff86][0xffffffe9][0xf]y[0xfffffffe][0xffffffb6][0xffffffef]`z[0xfffffff7][0xffffffec][0xffffffbf][0x1c][0x5]fR[0xffffffa6][0xffffff92]n(<[0xffffffef][0xffffffd3][0xffffffd7][0x2][0xffffffa9]J[0xffffffb3][\n]"
11:48:39.122 [main] DEBUG org.apache.hc.client5.http.wire -- http-outgoing-15 << "T[0x7]Y[0x0][0xffffff81]U)@[0xffffffb1][0xfffffffd][0xffffffcc]0[0xffffff83][0xffffffd7]=3[0xffffff9a]pVUnuf[0xffffff9c]CQ<[0xffffff89][0xffffffb1][0x16][0xffffff9c][0xffffffa7][0xffffffb1]V[0xffffffc1][0xffffffb5].[0x14] [0xffffffe0][0xffffffd3]8[0xffffffa0][0xffffffa4]k[0xffffffc2][0xfffffff4][0xffffffc8][0xffffffd7][0xffffffb5][0xffffff83][0xffffff9e][0xffffff98][0xffffffa0]cCi+c?[0x9][0xffffff9a][0xffffffe6]ALp[0xffffffb0][0xffffff9f][0xfffffffa]I[0xffffffe4]G;[0x1f][0xffffffc2]O[0x6][0xffffff99][0x0][0xfffffffd]d[0xffffff98][0x2][0xffffffd2]O[0xffffffa6]9[0xffffffec][0xfffffffb][0xffffffc9]0[0xffffff81]}?[0xffffff99]L[0xffffff87][0xfffffff7][0x13]3[0xffffff9e][0xfffffff6][0xfffffffd]d[0x9]R[0xfffffffb]~bF[0xffffffd5][0xffffffae][0xffffff9f][0xffffff98][0xffffff80][0xffffffb5][0xffffffe9]'&l[0xffffffd7][0xffffffe2]'[0xb]K[0x16][0xffffffce]O[0x16]w.[0xffffff9c][0xffffff9f],[0xffffffac]`[0x18]?1nd[0x8]?1.[0xffffffe8]/[0xfffffffc][0xffffffe4][0xffffff85]][0xffffffc7]z[0xffffffd2][0x14][0xffffffc6]v[0x12][0xffffffb6][0xffffffad]w1[0xfffffff6]gr[0xffffffb2]%[0xffffff9b][0x10]BN>#[0x1][0xffffffba][0xffffffc9] [0x4][0xffffffa4][0xffffff9a]Lb[0xffffffd8]7[0xffffff93]A[0x0][0xfffffffb]b2[0x1e][0xe][0xffffffef]%F2[0xffffffed]k[0xffffffc9][0x2][0xffffff9f][0xfffffff6][0xffffffad][0xffffffc4]H[0xffffffa9]])1[0xffffffb0]j[0xffffffd3]I[0xc][0xffffffc4][0xffffffae]EI[0xffffffcc][0xffffffab][0x15][0xffffffce]H[0xffffff96]6-[0xffffff9c][0xffffff90][0xffffff98][0x17]/[0xffffff8c][0xffffff8f][0xffffff98][0xfffffff6]0[0xffffff84][0xffffff8e][0xffffff98][0xffffffd6][0xfffffff2][0x17]6[0xfffffff2]LsZ[0xfffffffe][0x1b][0xb][0xffffff89][0xffffffaa][0xffffffe9][0xffffff9c]d[0x1f]i[0xffffff9c]d[0xffffffb7][0xffffff8f][0x8][0xffffff9c][0xffffff93]4[0xffffff91][0xffffffc0][0xffffff9d][0xffffffa4][\r][0x1][0xffffffef]$}[0xc]('i[0x3]@9I7|-N[0xffffffa2]![0x13][0xffffffca]I[0xffffffb4]|B9[0xffffff89][0xffffff86]R[0x8]'[0xffffff99][0xffffffb1]j[0xffffffdf]If[0xffffffc4][0xffffffae][0xffffffcb]It[0xffffffab][0x15][0xffffffda]I[0xfffffff4][0xffffff9b][0x16][0xffffffda]It[0xffffff8b][0x17][0xffffffd2]I[0xffffffe6]{[0x18][0xffffffce]I[0xffffffe6]ky[0xffffffd1]I[0xffffffea][0xfffffffa][0xffffffdb][0x7f][0xffffffd5][0xffffffa2][0xffffff9a]W[0xffffff9c]"[0x0][0x0]"
11:48:39.123 [main] DEBUG org.apache.hc.client5.http.impl.classic.InternalHttpClient -- ep-0000000030 releasing valid endpoint
11:48:39.123 [main] DEBUG org.apache.hc.client5.http.impl.io.PoolingHttpClientConnectionManager -- ep-0000000030 releasing endpoint
11:48:39.123 [main] DEBUG org.apache.hc.client5.http.impl.io.PoolingHttpClientConnectionManager -- ep-0000000030 connection http-outgoing-15 can be kept alive for 3 MINUTES
11:48:39.123 [main] DEBUG org.apache.hc.client5.http.impl.io.PoolingHttpClientConnectionManager -- ep-0000000030 connection released [route: {s}->https://googlechromelabs.github.io:443][total available: 2; route allocated: 1 of 5; total allocated: 3 of 25]
11:48:39.124 [main] DEBUG io.github.bonigarcia.wdm.WebDriverManager -- Driver to be downloaded chromedriver 121.0.6167.85
11:48:39.124 [main] DEBUG io.github.bonigarcia.wdm.cache.ResolutionCache -- Storing resolution chrome=121 in cache (valid until 12:48:39 12/02/2024 WIB)
11:48:39.125 [main] DEBUG io.github.bonigarcia.wdm.cache.ResolutionCache -- Storing resolution chrome121=121.0.6167.85 in cache (valid until 11:48:39 13/02/2024 WIB)
11:48:39.126 [main] INFO io.github.bonigarcia.wdm.WebDriverManager -- Exporting webdriver.chrome.driver as /Users/fizkiarditiakusuma/.cache/selenium/chromedriver/mac-arm64/121.0.6167.85/chromedriver
  &amp#27;[32mGiven &amp#27;[0m&amp#27;[32mPengguna telah membuka situs Kepabeanan&amp#27;[0m                                &amp#27;[90m# step_definitions.login.penggunaTelahMembukaSitusKepabeanan()&amp#27;[0m
  &amp#27;[32mThen &amp#27;[0m&amp#27;[32mPengguna Klik Field Username&amp#27;[0m                                            &amp#27;[90m# step_definitions.login.penggunaKlikFieldUsername()&amp#27;[0m
  &amp#27;[32mAnd &amp#27;[0m&amp#27;[32mPengguna memasukan berbagai macam Test dalam field Username &amp#27;[0m&amp#27;[32m&amp#27;[1m"1234567890"&amp#27;[0m &amp#27;[90m# step_definitions.login.penggunaMemasukanBerbagaiMacamTestDalamFieldUsername(java.lang.String)&amp#27;[0m
]]></system-out>
  </testcase>
  <testcase name="LG 004 - Verifikasi Field Username #3" classname="login" time="5.605">
    <system-out><![CDATA[
@login
Scenario Outline: LG 004 - Verifikasi Field Username                           &amp#27;[90m# features//login.feature:30&amp#27;[0m
11:48:43.830 [main] DEBUG io.github.bonigarcia.wdm.WebDriverManager -- Using WebDriverManager 5.6.3
11:48:43.832 [main] DEBUG io.github.bonigarcia.wdm.WebDriverManager -- Using URL built from repository pattern: https://edgedl.me.gvt1.com/edgedl/chrome/chrome-for-testing/121.0.6167.139/mac-arm64/chromedriver-mac-arm64.zip
11:48:43.833 [main] DEBUG org.apache.hc.client5.http.impl.classic.InternalHttpClient -- ex-0000000031 preparing request execution
11:48:43.833 [main] DEBUG org.apache.hc.client5.http.impl.classic.ProtocolExec -- ex-0000000031 target auth state: UNCHALLENGED
11:48:43.833 [main] DEBUG org.apache.hc.client5.http.impl.classic.ProtocolExec -- ex-0000000031 proxy auth state: UNCHALLENGED
11:48:43.833 [main] DEBUG org.apache.hc.client5.http.impl.classic.ConnectExec -- ex-0000000031 acquiring connection with route {s}->https://googlechromelabs.github.io:443
11:48:43.833 [main] DEBUG org.apache.hc.client5.http.impl.classic.InternalHttpClient -- ex-0000000031 acquiring endpoint (3 MINUTES)
11:48:43.833 [main] DEBUG org.apache.hc.client5.http.impl.io.PoolingHttpClientConnectionManager -- ex-0000000031 endpoint lease request (3 MINUTES) [route: {s}->https://googlechromelabs.github.io:443][total available: 0; route allocated: 0 of 5; total allocated: 0 of 25]
11:48:43.833 [main] DEBUG org.apache.hc.client5.http.impl.io.PoolingHttpClientConnectionManager -- ex-0000000031 endpoint leased [route: {s}->https://googlechromelabs.github.io:443][total available: 0; route allocated: 1 of 5; total allocated: 1 of 25]
11:48:43.833 [main] DEBUG org.apache.hc.client5.http.impl.io.PoolingHttpClientConnectionManager -- ex-0000000031 acquired ep-0000000031
11:48:43.833 [main] DEBUG org.apache.hc.client5.http.impl.classic.InternalHttpClient -- ex-0000000031 acquired endpoint ep-0000000031
11:48:43.833 [main] DEBUG org.apache.hc.client5.http.impl.classic.ConnectExec -- ex-0000000031 opening connection {s}->https://googlechromelabs.github.io:443
11:48:43.833 [main] DEBUG org.apache.hc.client5.http.impl.classic.InternalHttpClient -- ep-0000000031 connecting endpoint (null)
11:48:43.833 [main] DEBUG org.apache.hc.client5.http.impl.io.PoolingHttpClientConnectionManager -- ep-0000000031 connecting endpoint to https://googlechromelabs.github.io:443 (30 SECONDS)
11:48:43.833 [main] DEBUG org.apache.hc.client5.http.impl.io.DefaultHttpClientConnectionOperator -- googlechromelabs.github.io resolving remote address
11:48:43.833 [main] DEBUG org.apache.hc.client5.http.impl.io.DefaultHttpClientConnectionOperator -- googlechromelabs.github.io resolved to [googlechromelabs.github.io/185.199.108.153, googlechromelabs.github.io/185.199.111.153, googlechromelabs.github.io/185.199.109.153, googlechromelabs.github.io/185.199.110.153, googlechromelabs.github.io/2606:50c0:8000:0:0:0:0:153, googlechromelabs.github.io/2606:50c0:8001:0:0:0:0:153, googlechromelabs.github.io/2606:50c0:8002:0:0:0:0:153, googlechromelabs.github.io/2606:50c0:8003:0:0:0:0:153]
11:48:43.833 [main] DEBUG org.apache.hc.client5.http.impl.io.DefaultHttpClientConnectionOperator -- googlechromelabs.github.io:443 connecting null->googlechromelabs.github.io/185.199.108.153:443 (30 SECONDS)
11:48:43.833 [main] DEBUG org.apache.hc.client5.http.ssl.SSLConnectionSocketFactory -- Connecting socket to googlechromelabs.github.io/185.199.108.153:443 with timeout 30 SECONDS
11:48:43.854 [main] DEBUG org.apache.hc.client5.http.ssl.SSLConnectionSocketFactory -- Enabled protocols: [TLSv1.3, TLSv1.2]
11:48:43.854 [main] DEBUG org.apache.hc.client5.http.ssl.SSLConnectionSocketFactory -- Enabled cipher suites: [TLS_AES_256_GCM_SHA384, TLS_AES_128_GCM_SHA256, TLS_CHACHA20_POLY1305_SHA256, TLS_ECDHE_ECDSA_WITH_AES_256_GCM_SHA384, TLS_ECDHE_ECDSA_WITH_AES_128_GCM_SHA256, TLS_ECDHE_ECDSA_WITH_CHACHA20_POLY1305_SHA256, TLS_ECDHE_RSA_WITH_AES_256_GCM_SHA384, TLS_ECDHE_RSA_WITH_CHACHA20_POLY1305_SHA256, TLS_ECDHE_RSA_WITH_AES_128_GCM_SHA256, TLS_DHE_RSA_WITH_AES_256_GCM_SHA384, TLS_DHE_RSA_WITH_CHACHA20_POLY1305_SHA256, TLS_DHE_DSS_WITH_AES_256_GCM_SHA384, TLS_DHE_RSA_WITH_AES_128_GCM_SHA256, TLS_DHE_DSS_WITH_AES_128_GCM_SHA256, TLS_ECDHE_ECDSA_WITH_AES_256_CBC_SHA384, TLS_ECDHE_RSA_WITH_AES_256_CBC_SHA384, TLS_ECDHE_ECDSA_WITH_AES_128_CBC_SHA256, TLS_ECDHE_RSA_WITH_AES_128_CBC_SHA256, TLS_DHE_RSA_WITH_AES_256_CBC_SHA256, TLS_DHE_DSS_WITH_AES_256_CBC_SHA256, TLS_DHE_RSA_WITH_AES_128_CBC_SHA256, TLS_DHE_DSS_WITH_AES_128_CBC_SHA256, TLS_ECDH_ECDSA_WITH_AES_256_GCM_SHA384, TLS_ECDH_RSA_WITH_AES_256_GCM_SHA384, TLS_ECDH_ECDSA_WITH_AES_128_GCM_SHA256, TLS_ECDH_RSA_WITH_AES_128_GCM_SHA256, TLS_ECDH_ECDSA_WITH_AES_256_CBC_SHA384, TLS_ECDH_RSA_WITH_AES_256_CBC_SHA384, TLS_ECDH_ECDSA_WITH_AES_128_CBC_SHA256, TLS_ECDH_RSA_WITH_AES_128_CBC_SHA256, TLS_ECDHE_ECDSA_WITH_AES_256_CBC_SHA, TLS_ECDHE_RSA_WITH_AES_256_CBC_SHA, TLS_ECDHE_ECDSA_WITH_AES_128_CBC_SHA, TLS_ECDHE_RSA_WITH_AES_128_CBC_SHA, TLS_DHE_RSA_WITH_AES_256_CBC_SHA, TLS_DHE_DSS_WITH_AES_256_CBC_SHA, TLS_DHE_RSA_WITH_AES_128_CBC_SHA, TLS_DHE_DSS_WITH_AES_128_CBC_SHA, TLS_ECDH_ECDSA_WITH_AES_256_CBC_SHA, TLS_ECDH_RSA_WITH_AES_256_CBC_SHA, TLS_ECDH_ECDSA_WITH_AES_128_CBC_SHA, TLS_ECDH_RSA_WITH_AES_128_CBC_SHA, TLS_RSA_WITH_AES_256_GCM_SHA384, TLS_RSA_WITH_AES_128_GCM_SHA256, TLS_RSA_WITH_AES_256_CBC_SHA256, TLS_RSA_WITH_AES_128_CBC_SHA256, TLS_RSA_WITH_AES_256_CBC_SHA, TLS_RSA_WITH_AES_128_CBC_SHA, TLS_EMPTY_RENEGOTIATION_INFO_SCSV]
11:48:43.854 [main] DEBUG org.apache.hc.client5.http.ssl.SSLConnectionSocketFactory -- Starting handshake (null)
11:48:43.880 [main] DEBUG org.apache.hc.client5.http.ssl.SSLConnectionSocketFactory -- Secure session established
11:48:43.880 [main] DEBUG org.apache.hc.client5.http.ssl.SSLConnectionSocketFactory --  negotiated protocol: TLSv1.3
11:48:43.880 [main] DEBUG org.apache.hc.client5.http.ssl.SSLConnectionSocketFactory --  negotiated cipher suite: TLS_AES_128_GCM_SHA256
11:48:43.880 [main] DEBUG org.apache.hc.client5.http.ssl.SSLConnectionSocketFactory --  peer principal: CN=*.github.io, O="GitHub, Inc.", L=San Francisco, ST=California, C=US
11:48:43.880 [main] DEBUG org.apache.hc.client5.http.ssl.SSLConnectionSocketFactory --  peer alternative names: [*.github.io, github.io, *.github.com, github.com, www.github.com, *.githubusercontent.com, githubusercontent.com]
11:48:43.880 [main] DEBUG org.apache.hc.client5.http.ssl.SSLConnectionSocketFactory --  issuer principal: CN=DigiCert TLS RSA SHA256 2020 CA1, O=DigiCert Inc, C=US
11:48:43.880 [main] DEBUG org.apache.hc.client5.http.impl.io.DefaultManagedHttpClientConnection -- http-outgoing-18 set socket timeout to 3 MINUTES
11:48:43.880 [main] DEBUG org.apache.hc.client5.http.impl.io.DefaultHttpClientConnectionOperator -- googlechromelabs.github.io:443 connected null->googlechromelabs.github.io/185.199.108.153:443 as http-outgoing-18
11:48:43.880 [main] DEBUG org.apache.hc.client5.http.impl.io.PoolingHttpClientConnectionManager -- ep-0000000031 connected http-outgoing-18
11:48:43.880 [main] DEBUG org.apache.hc.client5.http.impl.classic.InternalHttpClient -- ep-0000000031 endpoint connected
11:48:43.880 [main] DEBUG org.apache.hc.client5.http.impl.classic.MainClientExec -- ex-0000000031 executing GET /chrome-for-testing/last-known-good-versions-with-downloads.json HTTP/1.1
11:48:43.880 [main] DEBUG org.apache.hc.client5.http.protocol.RequestAddCookies -- ex-0000000031 Cookie spec selected: strict
11:48:43.880 [main] DEBUG org.apache.hc.client5.http.impl.classic.InternalHttpClient -- ep-0000000031 start execution ex-0000000031
11:48:43.880 [main] DEBUG org.apache.hc.client5.http.impl.io.PoolingHttpClientConnectionManager -- ep-0000000031 executing exchange ex-0000000031 over http-outgoing-18
11:48:43.880 [main] DEBUG org.apache.hc.client5.http.headers -- http-outgoing-18 >> GET /chrome-for-testing/last-known-good-versions-with-downloads.json HTTP/1.1
11:48:43.880 [main] DEBUG org.apache.hc.client5.http.headers -- http-outgoing-18 >> user-agent: Apache-HttpClient/5.0
11:48:43.880 [main] DEBUG org.apache.hc.client5.http.headers -- http-outgoing-18 >> accept-encoding: gzip, deflate, br
11:48:43.880 [main] DEBUG org.apache.hc.client5.http.headers -- http-outgoing-18 >> cache-control: max-age=0
11:48:43.880 [main] DEBUG org.apache.hc.client5.http.headers -- http-outgoing-18 >> connection: keep-alive
11:48:43.880 [main] DEBUG org.apache.hc.client5.http.headers -- http-outgoing-18 >> Host: googlechromelabs.github.io
11:48:43.880 [main] DEBUG org.apache.hc.client5.http.wire -- http-outgoing-18 >> "GET /chrome-for-testing/last-known-good-versions-with-downloads.json HTTP/1.1[\r][\n]"
11:48:43.880 [main] DEBUG org.apache.hc.client5.http.wire -- http-outgoing-18 >> "user-agent: Apache-HttpClient/5.0[\r][\n]"
11:48:43.880 [main] DEBUG org.apache.hc.client5.http.wire -- http-outgoing-18 >> "accept-encoding: gzip, deflate, br[\r][\n]"
11:48:43.880 [main] DEBUG org.apache.hc.client5.http.wire -- http-outgoing-18 >> "cache-control: max-age=0[\r][\n]"
11:48:43.880 [main] DEBUG org.apache.hc.client5.http.wire -- http-outgoing-18 >> "connection: keep-alive[\r][\n]"
11:48:43.880 [main] DEBUG org.apache.hc.client5.http.wire -- http-outgoing-18 >> "Host: googlechromelabs.github.io[\r][\n]"
11:48:43.880 [main] DEBUG org.apache.hc.client5.http.wire -- http-outgoing-18 >> "[\r][\n]"
11:48:43.902 [main] DEBUG org.apache.hc.client5.http.wire -- http-outgoing-18 << "HTTP/1.1 200 OK[\r][\n]"
11:48:43.902 [main] DEBUG org.apache.hc.client5.http.wire -- http-outgoing-18 << "Connection: keep-alive[\r][\n]"
11:48:43.902 [main] DEBUG org.apache.hc.client5.http.wire -- http-outgoing-18 << "Content-Length: 640[\r][\n]"
11:48:43.902 [main] DEBUG org.apache.hc.client5.http.wire -- http-outgoing-18 << "Server: GitHub.com[\r][\n]"
11:48:43.902 [main] DEBUG org.apache.hc.client5.http.wire -- http-outgoing-18 << "Content-Type: application/json; charset=utf-8[\r][\n]"
11:48:43.902 [main] DEBUG org.apache.hc.client5.http.wire -- http-outgoing-18 << "permissions-policy: interest-cohort=()[\r][\n]"
11:48:43.902 [main] DEBUG org.apache.hc.client5.http.wire -- http-outgoing-18 << "x-origin-cache: HIT[\r][\n]"
11:48:43.902 [main] DEBUG org.apache.hc.client5.http.wire -- http-outgoing-18 << "Last-Modified: Mon, 12 Feb 2024 04:09:36 GMT[\r][\n]"
11:48:43.902 [main] DEBUG org.apache.hc.client5.http.wire -- http-outgoing-18 << "Access-Control-Allow-Origin: *[\r][\n]"
11:48:43.902 [main] DEBUG org.apache.hc.client5.http.wire -- http-outgoing-18 << "Strict-Transport-Security: max-age=31556952[\r][\n]"
11:48:43.902 [main] DEBUG org.apache.hc.client5.http.wire -- http-outgoing-18 << "ETag: W/"65c99a00-229c"[\r][\n]"
11:48:43.902 [main] DEBUG org.apache.hc.client5.http.wire -- http-outgoing-18 << "expires: Mon, 12 Feb 2024 04:19:55 GMT[\r][\n]"
11:48:43.902 [main] DEBUG org.apache.hc.client5.http.wire -- http-outgoing-18 << "Cache-Control: max-age=600[\r][\n]"
11:48:43.902 [main] DEBUG org.apache.hc.client5.http.wire -- http-outgoing-18 << "Content-Encoding: gzip[\r][\n]"
11:48:43.902 [main] DEBUG org.apache.hc.client5.http.wire -- http-outgoing-18 << "x-proxy-cache: HIT[\r][\n]"
11:48:43.902 [main] DEBUG org.apache.hc.client5.http.wire -- http-outgoing-18 << "X-GitHub-Request-Id: EECE:F2983:9FFA93:AC18FB:65C99AC6[\r][\n]"
11:48:43.902 [main] DEBUG org.apache.hc.client5.http.wire -- http-outgoing-18 << "Accept-Ranges: bytes[\r][\n]"
11:48:43.902 [main] DEBUG org.apache.hc.client5.http.wire -- http-outgoing-18 << "Date: Mon, 12 Feb 2024 04:48:43 GMT[\r][\n]"
11:48:43.902 [main] DEBUG org.apache.hc.client5.http.wire -- http-outgoing-18 << "Via: 1.1 varnish[\r][\n]"
11:48:43.902 [main] DEBUG org.apache.hc.client5.http.wire -- http-outgoing-18 << "Age: 157[\r][\n]"
11:48:43.902 [main] DEBUG org.apache.hc.client5.http.wire -- http-outgoing-18 << "X-Served-By: cache-qpg1223-QPG[\r][\n]"
11:48:43.902 [main] DEBUG org.apache.hc.client5.http.wire -- http-outgoing-18 << "X-Cache: HIT[\r][\n]"
11:48:43.902 [main] DEBUG org.apache.hc.client5.http.wire -- http-outgoing-18 << "X-Cache-Hits: 1[\r][\n]"
11:48:43.902 [main] DEBUG org.apache.hc.client5.http.wire -- http-outgoing-18 << "X-Timer: S1707713324.959361,VS0,VE2[\r][\n]"
11:48:43.902 [main] DEBUG org.apache.hc.client5.http.wire -- http-outgoing-18 << "Vary: Accept-Encoding[\r][\n]"
11:48:43.902 [main] DEBUG org.apache.hc.client5.http.wire -- http-outgoing-18 << "X-Fastly-Request-ID: 227dd524cb2e1981b8690d047c5eb45dae76236e[\r][\n]"
11:48:43.902 [main] DEBUG org.apache.hc.client5.http.wire -- http-outgoing-18 << "[\r][\n]"
11:48:43.902 [main] DEBUG org.apache.hc.client5.http.headers -- http-outgoing-18 << HTTP/1.1 200 OK
11:48:43.902 [main] DEBUG org.apache.hc.client5.http.headers -- http-outgoing-18 << Connection: keep-alive
11:48:43.902 [main] DEBUG org.apache.hc.client5.http.headers -- http-outgoing-18 << Content-Length: 640
11:48:43.902 [main] DEBUG org.apache.hc.client5.http.headers -- http-outgoing-18 << Server: GitHub.com
11:48:43.902 [main] DEBUG org.apache.hc.client5.http.headers -- http-outgoing-18 << Content-Type: application/json; charset=utf-8
11:48:43.902 [main] DEBUG org.apache.hc.client5.http.headers -- http-outgoing-18 << permissions-policy: interest-cohort=()
11:48:43.902 [main] DEBUG org.apache.hc.client5.http.headers -- http-outgoing-18 << x-origin-cache: HIT
11:48:43.902 [main] DEBUG org.apache.hc.client5.http.headers -- http-outgoing-18 << Last-Modified: Mon, 12 Feb 2024 04:09:36 GMT
11:48:43.902 [main] DEBUG org.apache.hc.client5.http.headers -- http-outgoing-18 << Access-Control-Allow-Origin: *
11:48:43.902 [main] DEBUG org.apache.hc.client5.http.headers -- http-outgoing-18 << Strict-Transport-Security: max-age=31556952
11:48:43.902 [main] DEBUG org.apache.hc.client5.http.headers -- http-outgoing-18 << ETag: W/"65c99a00-229c"
11:48:43.902 [main] DEBUG org.apache.hc.client5.http.headers -- http-outgoing-18 << expires: Mon, 12 Feb 2024 04:19:55 GMT
11:48:43.902 [main] DEBUG org.apache.hc.client5.http.headers -- http-outgoing-18 << Cache-Control: max-age=600
11:48:43.902 [main] DEBUG org.apache.hc.client5.http.headers -- http-outgoing-18 << Content-Encoding: gzip
11:48:43.902 [main] DEBUG org.apache.hc.client5.http.headers -- http-outgoing-18 << x-proxy-cache: HIT
11:48:43.902 [main] DEBUG org.apache.hc.client5.http.headers -- http-outgoing-18 << X-GitHub-Request-Id: EECE:F2983:9FFA93:AC18FB:65C99AC6
11:48:43.902 [main] DEBUG org.apache.hc.client5.http.headers -- http-outgoing-18 << Accept-Ranges: bytes
11:48:43.902 [main] DEBUG org.apache.hc.client5.http.headers -- http-outgoing-18 << Date: Mon, 12 Feb 2024 04:48:43 GMT
11:48:43.902 [main] DEBUG org.apache.hc.client5.http.headers -- http-outgoing-18 << Via: 1.1 varnish
11:48:43.902 [main] DEBUG org.apache.hc.client5.http.headers -- http-outgoing-18 << Age: 157
11:48:43.902 [main] DEBUG org.apache.hc.client5.http.headers -- http-outgoing-18 << X-Served-By: cache-qpg1223-QPG
11:48:43.902 [main] DEBUG org.apache.hc.client5.http.headers -- http-outgoing-18 << X-Cache: HIT
11:48:43.902 [main] DEBUG org.apache.hc.client5.http.headers -- http-outgoing-18 << X-Cache-Hits: 1
11:48:43.902 [main] DEBUG org.apache.hc.client5.http.headers -- http-outgoing-18 << X-Timer: S1707713324.959361,VS0,VE2
11:48:43.902 [main] DEBUG org.apache.hc.client5.http.headers -- http-outgoing-18 << Vary: Accept-Encoding
11:48:43.902 [main] DEBUG org.apache.hc.client5.http.headers -- http-outgoing-18 << X-Fastly-Request-ID: 227dd524cb2e1981b8690d047c5eb45dae76236e
11:48:43.902 [main] DEBUG org.apache.hc.client5.http.impl.classic.MainClientExec -- ex-0000000031 connection can be kept alive for 3 MINUTES
11:48:43.902 [main] DEBUG org.apache.hc.client5.http.wire -- http-outgoing-18 << "[0x1f][0xffffff8b][0x8][0x0][0x0][0x0][0x0][0x0][0x0][0x3][0xffffffcd][0xffffff96][0xffffffcb][0xffffff8e][0xffffff9b]0[0x14][0xffffff86][0xfffffff7]}[0xc][0xffffffaf][0xffffffc1]`[0x8][0xffffffe4][0xffffffb2][0xffffff9c][0xffffff99]7hWSu[0xffffffe1][0x6]7A2[0x10][0xffffff81]'[0xffffffd3]N[0xffffffc4][0xffffffbb][0xffffffd7][0x10][0xffffffc3]p[0xffffffb1][0xffffff99]U|[0xffffff90]"%[0x1c][0xffffff9c]s~[0xffffffd0][0xffffffa7][0xffffffa3][0xffffffef][0xffffff86]D[0xffffff9a][0xffffffb1]J[0xffffffd0][0xffffffec][0xffffff82][0xe]([0xfffffff0][0xffffff83][0xffffff8d][0xffffffeb][0x7].!?[0x2]r[0xfffffff0][0xfffffff7][0xfffffff2][0xffffff83]}B^[0xffffff91][0xffffff83][0xffffff8e]g[0xffffff9a][0xffffffe7][0xffffff8c]W[0xffffffe8]pC[0xffffffdf][0x5][0xfffffffd][0xffffffcd]Y[0xfffffff3]KU[0xffffffe5]_U[0xffffffcd]AWVVi[0xffffff91][0xffffffcb][0x12][0x9][0x8][0xfffffff6]qL[0xffffffe2]-[0xffffffde]E[0xfffffff2]N[0xffffffc9][0xffffffae]i[0x7f]+[0xc][0xffffff89][0xffffffbf][0xffffff95][0xffffffc5][0xffffffa4]x[0xffffffcf]yA[0xffffff93][0xffffffea][0xffffffde][0xffffffae],2[0xffffffd9][0xfffffff8][0xffffffe7][\r]]8[0x15][0x7f][0xffffff8a]2[0xffffff93][0xffffff87]y[0xffffff9a][0xffffffbf][0xfffffffd][0xffffff8d]7[0xfffffff2][0xfffffff0][[0xffffffd9][0xffffff8c]:[0xb]q[0xffffffa9][0xe][0xffffff9e][0xffffffc7][0xffffff92][0x13]K8[0xffffffce][0x18]>][0x5][0xffffffc1][0xffffffc7]"S%[0xffffffef][0xffffffde]G}[0xffffffb9][0xffffffb2][0xffffff8d]+[0xffffffe4]3[0xffffffa6][0xfffffff9][0xffffffc9][0x1b]e[0xfffffff2]T[0xffffffe7][0xffffffee][0xffffffa0][0xffffffba][0xffffffc4][0x1f][0xffffffe9][0x5][0xffffffd5][0xffffffce](CF[0xffffff8f].-[0xffffffb3][0xffffff87][0xffffffa4][0xffffffe8]{wG[0xfffffffb][0xffffff82])[0xffffffc9]c[0xffffffde][0xffffff86][0xffffffea]<Lax[0x1b][0xffffffef]i[0x1e][0x6][0xf]H[0xffffffd0][0xfffffff6][0xffffffed][0xffffff8e][0xffffffb5][0x17][0xffffff86][0xffffffe9][0xf]y[0xfffffffe][0xffffffb6][0xffffffef]`z[0xfffffff7][0xffffffec][0xffffffbf][0x1c][0x5]fR[0xffffffa6][0xffffff92]n(<[0xffffffef][0xffffffd3][0xffffffd7][0x2][0xffffffa9]J[0xffffffb3][\n]"
11:48:43.902 [main] DEBUG org.apache.hc.client5.http.wire -- http-outgoing-18 << "T[0x7]Y[0x0][0xffffff81]U)@[0xffffffb1][0xfffffffd][0xffffffcc]0[0xffffff83][0xffffffd7]=3[0xffffff9a]pVUnuf[0xffffff9c]CQ<[0xffffff89][0xffffffb1][0x16][0xffffff9c][0xffffffa7][0xffffffb1]V[0xffffffc1][0xffffffb5].[0x14] [0xffffffe0][0xffffffd3]8[0xffffffa0][0xffffffa4]k[0xffffffc2][0xfffffff4][0xffffffc8][0xffffffd7][0xffffffb5][0xffffff83][0xffffff9e][0xffffff98][0xffffffa0]cCi+c?[0x9][0xffffff9a][0xffffffe6]ALp[0xffffffb0][0xffffff9f][0xfffffffa]I[0xffffffe4]G;[0x1f][0xffffffc2]O[0x6][0xffffff99][0x0][0xfffffffd]d[0xffffff98][0x2][0xffffffd2]O[0xffffffa6]9[0xffffffec][0xfffffffb][0xffffffc9]0[0xffffff81]}?[0xffffff99]L[0xffffff87][0xfffffff7][0x13]3[0xffffff9e][0xfffffff6][0xfffffffd]d[0x9]R[0xfffffffb]~bF[0xffffffd5][0xffffffae][0xffffff9f][0xffffff98][0xffffff80][0xffffffb5][0xffffffe9]'&l[0xffffffd7][0xffffffe2]'[0xb]K[0x16][0xffffffce]O[0x16]w.[0xffffff9c][0xffffff9f],[0xffffffac]`[0x18]?1nd[0x8]?1.[0xffffffe8]/[0xfffffffc][0xffffffe4][0xffffff85]][0xffffffc7]z[0xffffffd2][0x14][0xffffffc6]v[0x12][0xffffffb6][0xffffffad]w1[0xfffffff6]gr[0xffffffb2]%[0xffffff9b][0x10]BN>#[0x1][0xffffffba][0xffffffc9] [0x4][0xffffffa4][0xffffff9a]Lb[0xffffffd8]7[0xffffff93]A[0x0][0xfffffffb]b2[0x1e][0xe][0xffffffef]%F2[0xffffffed]k[0xffffffc9][0x2][0xffffff9f][0xfffffff6][0xffffffad][0xffffffc4]H[0xffffffa9]])1[0xffffffb0]j[0xffffffd3]I[0xc][0xffffffc4][0xffffffae]EI[0xffffffcc][0xffffffab][0x15][0xffffffce]H[0xffffff96]6-[0xffffff9c][0xffffff90][0xffffff98][0x17]/[0xffffff8c][0xffffff8f][0xffffff98][0xfffffff6]0[0xffffff84][0xffffff8e][0xffffff98][0xffffffd6][0xfffffff2][0x17]6[0xfffffff2]LsZ[0xfffffffe][0x1b][0xb][0xffffff89][0xffffffaa][0xffffffe9][0xffffff9c]d[0x1f]i[0xffffff9c]d[0xffffffb7][0xffffff8f][0x8][0xffffff9c][0xffffff93]4[0xffffff91][0xffffffc0][0xffffff9d][0xffffffa4][\r][0x1][0xffffffef]$}[0xc]('i[0x3]@9I7|-N[0xffffffa2]![0x13][0xffffffca]I[0xffffffb4]|B9[0xffffff89][0xffffff86]R[0x8]'[0xffffff99][0xffffffb1]j[0xffffffdf]If[0xffffffc4][0xffffffae][0xffffffcb]It[0xffffffab][0x15][0xffffffda]I[0xfffffff4][0xffffff9b][0x16][0xffffffda]It[0xffffff8b][0x17][0xffffffd2]I[0xffffffe6]{[0x18][0xffffffce]I[0xffffffe6]ky[0xffffffd1]I[0xffffffea][0xfffffffa][0xffffffdb][0x7f][0xffffffd5][0xffffffa2][0xffffff9a]W[0xffffff9c]"[0x0][0x0]"
11:48:43.903 [main] DEBUG org.apache.hc.client5.http.impl.classic.InternalHttpClient -- ep-0000000031 releasing valid endpoint
11:48:43.903 [main] DEBUG org.apache.hc.client5.http.impl.io.PoolingHttpClientConnectionManager -- ep-0000000031 releasing endpoint
11:48:43.903 [main] DEBUG org.apache.hc.client5.http.impl.io.PoolingHttpClientConnectionManager -- ep-0000000031 connection http-outgoing-18 can be kept alive for 3 MINUTES
11:48:43.903 [main] DEBUG org.apache.hc.client5.http.impl.io.PoolingHttpClientConnectionManager -- ep-0000000031 connection released [route: {s}->https://googlechromelabs.github.io:443][total available: 1; route allocated: 1 of 5; total allocated: 1 of 25]
11:48:43.903 [main] DEBUG io.github.bonigarcia.wdm.WebDriverManager -- Driver to be downloaded chromedriver 121.0.6167.139
11:48:43.904 [main] DEBUG io.github.bonigarcia.wdm.WebDriverManager -- Using URL built from repository pattern: https://edgedl.me.gvt1.com/edgedl/chrome/chrome-for-testing/121.0.6167.139/mac-arm64/chromedriver-mac-arm64.zip
11:48:43.904 [main] INFO io.github.bonigarcia.wdm.online.Downloader -- Downloading https://edgedl.me.gvt1.com/edgedl/chrome/chrome-for-testing/121.0.6167.139/mac-arm64/chromedriver-mac-arm64.zip
11:48:43.904 [main] DEBUG org.apache.hc.client5.http.impl.classic.InternalHttpClient -- ex-0000000032 preparing request execution
11:48:43.904 [main] DEBUG org.apache.hc.client5.http.impl.classic.ProtocolExec -- ex-0000000032 target auth state: UNCHALLENGED
11:48:43.904 [main] DEBUG org.apache.hc.client5.http.impl.classic.ProtocolExec -- ex-0000000032 proxy auth state: UNCHALLENGED
11:48:43.904 [main] DEBUG org.apache.hc.client5.http.impl.classic.ConnectExec -- ex-0000000032 acquiring connection with route {s}->https://edgedl.me.gvt1.com:443
11:48:43.904 [main] DEBUG org.apache.hc.client5.http.impl.classic.InternalHttpClient -- ex-0000000032 acquiring endpoint (3 MINUTES)
11:48:43.904 [main] DEBUG org.apache.hc.client5.http.impl.io.PoolingHttpClientConnectionManager -- ex-0000000032 endpoint lease request (3 MINUTES) [route: {s}->https://edgedl.me.gvt1.com:443][total available: 1; route allocated: 0 of 5; total allocated: 1 of 25]
11:48:43.905 [main] DEBUG org.apache.hc.client5.http.impl.io.PoolingHttpClientConnectionManager -- ex-0000000032 endpoint leased [route: {s}->https://edgedl.me.gvt1.com:443][total available: 1; route allocated: 1 of 5; total allocated: 2 of 25]
11:48:43.905 [main] DEBUG org.apache.hc.client5.http.impl.io.PoolingHttpClientConnectionManager -- ex-0000000032 acquired ep-0000000032
11:48:43.905 [main] DEBUG org.apache.hc.client5.http.impl.classic.InternalHttpClient -- ex-0000000032 acquired endpoint ep-0000000032
11:48:43.905 [main] DEBUG org.apache.hc.client5.http.impl.classic.ConnectExec -- ex-0000000032 opening connection {s}->https://edgedl.me.gvt1.com:443
11:48:43.905 [main] DEBUG org.apache.hc.client5.http.impl.classic.InternalHttpClient -- ep-0000000032 connecting endpoint (null)
11:48:43.905 [main] DEBUG org.apache.hc.client5.http.impl.io.PoolingHttpClientConnectionManager -- ep-0000000032 connecting endpoint to https://edgedl.me.gvt1.com:443 (30 SECONDS)
11:48:43.905 [main] DEBUG org.apache.hc.client5.http.impl.io.DefaultHttpClientConnectionOperator -- edgedl.me.gvt1.com resolving remote address
11:48:43.905 [main] DEBUG org.apache.hc.client5.http.impl.io.DefaultHttpClientConnectionOperator -- edgedl.me.gvt1.com resolved to [edgedl.me.gvt1.com/34.104.35.123, edgedl.me.gvt1.com/2600:1900:4110:86f:0:0:0:0]
11:48:43.905 [main] DEBUG org.apache.hc.client5.http.impl.io.DefaultHttpClientConnectionOperator -- edgedl.me.gvt1.com:443 connecting null->edgedl.me.gvt1.com/34.104.35.123:443 (30 SECONDS)
11:48:43.905 [main] DEBUG org.apache.hc.client5.http.ssl.SSLConnectionSocketFactory -- Connecting socket to edgedl.me.gvt1.com/34.104.35.123:443 with timeout 30 SECONDS
11:48:43.923 [main] DEBUG org.apache.hc.client5.http.ssl.SSLConnectionSocketFactory -- Enabled protocols: [TLSv1.3, TLSv1.2]
11:48:43.923 [main] DEBUG org.apache.hc.client5.http.ssl.SSLConnectionSocketFactory -- Enabled cipher suites: [TLS_AES_256_GCM_SHA384, TLS_AES_128_GCM_SHA256, TLS_CHACHA20_POLY1305_SHA256, TLS_ECDHE_ECDSA_WITH_AES_256_GCM_SHA384, TLS_ECDHE_ECDSA_WITH_AES_128_GCM_SHA256, TLS_ECDHE_ECDSA_WITH_CHACHA20_POLY1305_SHA256, TLS_ECDHE_RSA_WITH_AES_256_GCM_SHA384, TLS_ECDHE_RSA_WITH_CHACHA20_POLY1305_SHA256, TLS_ECDHE_RSA_WITH_AES_128_GCM_SHA256, TLS_DHE_RSA_WITH_AES_256_GCM_SHA384, TLS_DHE_RSA_WITH_CHACHA20_POLY1305_SHA256, TLS_DHE_DSS_WITH_AES_256_GCM_SHA384, TLS_DHE_RSA_WITH_AES_128_GCM_SHA256, TLS_DHE_DSS_WITH_AES_128_GCM_SHA256, TLS_ECDHE_ECDSA_WITH_AES_256_CBC_SHA384, TLS_ECDHE_RSA_WITH_AES_256_CBC_SHA384, TLS_ECDHE_ECDSA_WITH_AES_128_CBC_SHA256, TLS_ECDHE_RSA_WITH_AES_128_CBC_SHA256, TLS_DHE_RSA_WITH_AES_256_CBC_SHA256, TLS_DHE_DSS_WITH_AES_256_CBC_SHA256, TLS_DHE_RSA_WITH_AES_128_CBC_SHA256, TLS_DHE_DSS_WITH_AES_128_CBC_SHA256, TLS_ECDH_ECDSA_WITH_AES_256_GCM_SHA384, TLS_ECDH_RSA_WITH_AES_256_GCM_SHA384, TLS_ECDH_ECDSA_WITH_AES_128_GCM_SHA256, TLS_ECDH_RSA_WITH_AES_128_GCM_SHA256, TLS_ECDH_ECDSA_WITH_AES_256_CBC_SHA384, TLS_ECDH_RSA_WITH_AES_256_CBC_SHA384, TLS_ECDH_ECDSA_WITH_AES_128_CBC_SHA256, TLS_ECDH_RSA_WITH_AES_128_CBC_SHA256, TLS_ECDHE_ECDSA_WITH_AES_256_CBC_SHA, TLS_ECDHE_RSA_WITH_AES_256_CBC_SHA, TLS_ECDHE_ECDSA_WITH_AES_128_CBC_SHA, TLS_ECDHE_RSA_WITH_AES_128_CBC_SHA, TLS_DHE_RSA_WITH_AES_256_CBC_SHA, TLS_DHE_DSS_WITH_AES_256_CBC_SHA, TLS_DHE_RSA_WITH_AES_128_CBC_SHA, TLS_DHE_DSS_WITH_AES_128_CBC_SHA, TLS_ECDH_ECDSA_WITH_AES_256_CBC_SHA, TLS_ECDH_RSA_WITH_AES_256_CBC_SHA, TLS_ECDH_ECDSA_WITH_AES_128_CBC_SHA, TLS_ECDH_RSA_WITH_AES_128_CBC_SHA, TLS_RSA_WITH_AES_256_GCM_SHA384, TLS_RSA_WITH_AES_128_GCM_SHA256, TLS_RSA_WITH_AES_256_CBC_SHA256, TLS_RSA_WITH_AES_128_CBC_SHA256, TLS_RSA_WITH_AES_256_CBC_SHA, TLS_RSA_WITH_AES_128_CBC_SHA, TLS_EMPTY_RENEGOTIATION_INFO_SCSV]
11:48:43.923 [main] DEBUG org.apache.hc.client5.http.ssl.SSLConnectionSocketFactory -- Starting handshake (null)
11:48:43.950 [main] DEBUG org.apache.hc.client5.http.ssl.SSLConnectionSocketFactory -- Secure session established
11:48:43.950 [main] DEBUG org.apache.hc.client5.http.ssl.SSLConnectionSocketFactory --  negotiated protocol: TLSv1.3
11:48:43.950 [main] DEBUG org.apache.hc.client5.http.ssl.SSLConnectionSocketFactory --  negotiated cipher suite: TLS_AES_256_GCM_SHA384
11:48:43.950 [main] DEBUG org.apache.hc.client5.http.ssl.SSLConnectionSocketFactory --  peer principal: CN=edgedl.me.gvt1.com
11:48:43.950 [main] DEBUG org.apache.hc.client5.http.ssl.SSLConnectionSocketFactory --  peer alternative names: [edgedl.me.gvt1.com]
11:48:43.950 [main] DEBUG org.apache.hc.client5.http.ssl.SSLConnectionSocketFactory --  issuer principal: CN=GTS CA 1D4, O=Google Trust Services LLC, C=US
11:48:43.950 [main] DEBUG org.apache.hc.client5.http.impl.io.DefaultManagedHttpClientConnection -- http-outgoing-19 set socket timeout to 3 MINUTES
11:48:43.950 [main] DEBUG org.apache.hc.client5.http.impl.io.DefaultHttpClientConnectionOperator -- edgedl.me.gvt1.com:443 connected null->edgedl.me.gvt1.com/34.104.35.123:443 as http-outgoing-19
11:48:43.950 [main] DEBUG org.apache.hc.client5.http.impl.io.PoolingHttpClientConnectionManager -- ep-0000000032 connected http-outgoing-19
11:48:43.950 [main] DEBUG org.apache.hc.client5.http.impl.classic.InternalHttpClient -- ep-0000000032 endpoint connected
11:48:43.950 [main] DEBUG org.apache.hc.client5.http.impl.classic.MainClientExec -- ex-0000000032 executing GET /edgedl/chrome/chrome-for-testing/121.0.6167.139/mac-arm64/chromedriver-mac-arm64.zip HTTP/1.1
11:48:43.950 [main] DEBUG org.apache.hc.client5.http.protocol.RequestAddCookies -- ex-0000000032 Cookie spec selected: strict
11:48:43.950 [main] DEBUG org.apache.hc.client5.http.impl.classic.InternalHttpClient -- ep-0000000032 start execution ex-0000000032
11:48:43.950 [main] DEBUG org.apache.hc.client5.http.impl.io.PoolingHttpClientConnectionManager -- ep-0000000032 executing exchange ex-0000000032 over http-outgoing-19
11:48:43.950 [main] DEBUG org.apache.hc.client5.http.headers -- http-outgoing-19 >> GET /edgedl/chrome/chrome-for-testing/121.0.6167.139/mac-arm64/chromedriver-mac-arm64.zip HTTP/1.1
11:48:43.950 [main] DEBUG org.apache.hc.client5.http.headers -- http-outgoing-19 >> user-agent: Apache-HttpClient/5.0
11:48:43.950 [main] DEBUG org.apache.hc.client5.http.headers -- http-outgoing-19 >> accept-encoding: gzip, deflate, br
11:48:43.950 [main] DEBUG org.apache.hc.client5.http.headers -- http-outgoing-19 >> cache-control: max-age=0
11:48:43.950 [main] DEBUG org.apache.hc.client5.http.headers -- http-outgoing-19 >> connection: keep-alive
11:48:43.950 [main] DEBUG org.apache.hc.client5.http.headers -- http-outgoing-19 >> Host: edgedl.me.gvt1.com
11:48:43.950 [main] DEBUG org.apache.hc.client5.http.wire -- http-outgoing-19 >> "GET /edgedl/chrome/chrome-for-testing/121.0.6167.139/mac-arm64/chromedriver-mac-arm64.zip HTTP/1.1[\r][\n]"
11:48:43.950 [main] DEBUG org.apache.hc.client5.http.wire -- http-outgoing-19 >> "user-agent: Apache-HttpClient/5.0[\r][\n]"
11:48:43.950 [main] DEBUG org.apache.hc.client5.http.wire -- http-outgoing-19 >> "accept-encoding: gzip, deflate, br[\r][\n]"
11:48:43.950 [main] DEBUG org.apache.hc.client5.http.wire -- http-outgoing-19 >> "cache-control: max-age=0[\r][\n]"
11:48:43.950 [main] DEBUG org.apache.hc.client5.http.wire -- http-outgoing-19 >> "connection: keep-alive[\r][\n]"
11:48:43.950 [main] DEBUG org.apache.hc.client5.http.wire -- http-outgoing-19 >> "Host: edgedl.me.gvt1.com[\r][\n]"
11:48:43.950 [main] DEBUG org.apache.hc.client5.http.wire -- http-outgoing-19 >> "[\r][\n]"
11:48:44.068 [main] DEBUG org.apache.hc.client5.http.wire -- http-outgoing-19 << "HTTP/1.1 404 Not Found[\r][\n]"
11:48:44.068 [main] DEBUG org.apache.hc.client5.http.wire -- http-outgoing-19 << "content-length: 1449[\r][\n]"
11:48:44.068 [main] DEBUG org.apache.hc.client5.http.wire -- http-outgoing-19 << "content-type: text/html; charset=utf-8[\r][\n]"
11:48:44.068 [main] DEBUG org.apache.hc.client5.http.wire -- http-outgoing-19 << "server: Google-Edge-Cache[\r][\n]"
11:48:44.068 [main] DEBUG org.apache.hc.client5.http.wire -- http-outgoing-19 << "x-content-type-options: nosniff[\r][\n]"
11:48:44.068 [main] DEBUG org.apache.hc.client5.http.wire -- http-outgoing-19 << "x-frame-options: SAMEORIGIN[\r][\n]"
11:48:44.068 [main] DEBUG org.apache.hc.client5.http.wire -- http-outgoing-19 << "x-xss-protection: 0[\r][\n]"
11:48:44.068 [main] DEBUG org.apache.hc.client5.http.wire -- http-outgoing-19 << "date: Mon, 12 Feb 2024 04:48:44 GMT[\r][\n]"
11:48:44.068 [main] DEBUG org.apache.hc.client5.http.wire -- http-outgoing-19 << "x-request-id: c68e8838-dab3-4e58-b89e-c45687fd57d5[\r][\n]"
11:48:44.068 [main] DEBUG org.apache.hc.client5.http.wire -- http-outgoing-19 << "alt-svc: clear[\r][\n]"
11:48:44.068 [main] DEBUG org.apache.hc.client5.http.wire -- http-outgoing-19 << "[\r][\n]"
11:48:44.068 [main] DEBUG org.apache.hc.client5.http.wire -- http-outgoing-19 << "[\n]"
11:48:44.068 [main] DEBUG org.apache.hc.client5.http.wire -- http-outgoing-19 << "<!DOCTYPE html>[\n]"
11:48:44.068 [main] DEBUG org.apache.hc.client5.http.wire -- http-outgoing-19 << "<html lang=en>[\n]"
11:48:44.068 [main] DEBUG org.apache.hc.client5.http.wire -- http-outgoing-19 << "  <meta charset=utf-8>[\n]"
11:48:44.068 [main] DEBUG org.apache.hc.client5.http.wire -- http-outgoing-19 << "  <meta name=viewport content="initial-scale=1, minimum-scale=1, width=device-width">[\n]"
11:48:44.068 [main] DEBUG org.apache.hc.client5.http.wire -- http-outgoing-19 << "  <title>Error 404 (Not Found)!!1</title>[\n]"
11:48:44.068 [main] DEBUG org.apache.hc.client5.http.wire -- http-outgoing-19 << "  <style>[\n]"
11:48:44.068 [main] DEBUG org.apache.hc.client5.http.wire -- http-outgoing-19 << "    *{margin:0;padding:0}html,code{font:15px/22px arial,sans-serif}html{background:#fff;color:#222;padding:15px}body{margin:7% auto 0;max-width:390px;min-height:180px;padding:30px 0 15px}* > body{background:url(//www.google.com/images/errors/robot.png) 100% 5px no-repeat;padding-right:205px}p{margin:11px 0 22px;overflow:hidden}ins{color:#777;text-decoration:none}a img{border:0}@media screen and (max-width:772px){body{background:none;margin-top:0;max-width:none;padding-right:0}}#logo{background:url(//www.google.com/images/logos/errorpage/error_logo-150x54.png) no-repeat;margin-left:-5px}@media only screen and (min-resolution:192dpi){#logo{background:url(//www.google.com/images/logos/errorpage/error_logo-150x54-2x.png) no-repeat 0% 0%/100% 100%;-moz-border-image:url(//www.google.com/images/logos/errorpage/error_logo-150x54-2x.png) 0}}@media only screen and (-webkit-min-device-pixel-ratio:2){#logo{background:url(//www.google.com/images/logos/errorpage/error_logo-150x54-2x.png) no-repeat;-webkit-background-size:100% 100%}}#logo{display:inline-block;height:54px;width:150px}[\n]"
11:48:44.068 [main] DEBUG org.apache.hc.client5.http.wire -- http-outgoing-19 << "  </style>[\n]"
11:48:44.068 [main] DEBUG org.apache.hc.client5.http.wire -- http-outgoing-19 << "  <a href=//www.google.com/><span id=logo aria-label=Google></span></a>[\n]"
11:48:44.068 [main] DEBUG org.apache.hc.client5.http.wire -- http-outgoing-19 << "  <p><b>404.</b> <ins>That[0xffffffe2][0xffffff80][0xffffff99]s an error.</ins>[\n]"
11:48:44.068 [main] DEBUG org.apache.hc.client5.http.wire -- http-outgoing-19 << "  <p>  <ins>That[0xffffffe2][0xffffff80][0xffffff99]s all we know.</ins>[\n]"
11:48:44.068 [main] DEBUG org.apache.hc.client5.http.headers -- http-outgoing-19 << HTTP/1.1 404 Not Found
11:48:44.068 [main] DEBUG org.apache.hc.client5.http.headers -- http-outgoing-19 << content-length: 1449
11:48:44.068 [main] DEBUG org.apache.hc.client5.http.headers -- http-outgoing-19 << content-type: text/html; charset=utf-8
11:48:44.068 [main] DEBUG org.apache.hc.client5.http.headers -- http-outgoing-19 << server: Google-Edge-Cache
11:48:44.068 [main] DEBUG org.apache.hc.client5.http.headers -- http-outgoing-19 << x-content-type-options: nosniff
11:48:44.068 [main] DEBUG org.apache.hc.client5.http.headers -- http-outgoing-19 << x-frame-options: SAMEORIGIN
11:48:44.068 [main] DEBUG org.apache.hc.client5.http.headers -- http-outgoing-19 << x-xss-protection: 0
11:48:44.068 [main] DEBUG org.apache.hc.client5.http.headers -- http-outgoing-19 << date: Mon, 12 Feb 2024 04:48:44 GMT
11:48:44.068 [main] DEBUG org.apache.hc.client5.http.headers -- http-outgoing-19 << x-request-id: c68e8838-dab3-4e58-b89e-c45687fd57d5
11:48:44.068 [main] DEBUG org.apache.hc.client5.http.headers -- http-outgoing-19 << alt-svc: clear
11:48:44.068 [main] DEBUG org.apache.hc.client5.http.impl.classic.MainClientExec -- ex-0000000032 connection can be kept alive for 3 MINUTES
11:48:44.068 [main] ERROR io.github.bonigarcia.wdm.online.HttpClient -- Error HTTP 404 executing https://edgedl.me.gvt1.com/edgedl/chrome/chrome-for-testing/121.0.6167.139/mac-arm64/chromedriver-mac-arm64.zip
11:48:44.069 [main] INFO io.github.bonigarcia.wdm.cache.ResolutionCache -- Clearing WebDriverManager resolution cache
11:48:44.070 [main] WARN io.github.bonigarcia.wdm.WebDriverManager -- There was an error managing chromedriver 121.0.6167.139 (Error HTTP 404 executing https://edgedl.me.gvt1.com/edgedl/chrome/chrome-for-testing/121.0.6167.139/mac-arm64/chromedriver-mac-arm64.zip) ... trying again avoiding reading release from repository
11:48:44.071 [main] DEBUG org.apache.hc.client5.http.impl.classic.InternalHttpClient -- ex-0000000033 preparing request execution
11:48:44.071 [main] DEBUG org.apache.hc.client5.http.impl.classic.ProtocolExec -- ex-0000000033 target auth state: UNCHALLENGED
11:48:44.071 [main] DEBUG org.apache.hc.client5.http.impl.classic.ProtocolExec -- ex-0000000033 proxy auth state: UNCHALLENGED
11:48:44.071 [main] DEBUG org.apache.hc.client5.http.impl.classic.ConnectExec -- ex-0000000033 acquiring connection with route {s}->https://raw.githubusercontent.com:443
11:48:44.071 [main] DEBUG org.apache.hc.client5.http.impl.classic.InternalHttpClient -- ex-0000000033 acquiring endpoint (3 MINUTES)
11:48:44.071 [main] DEBUG org.apache.hc.client5.http.impl.io.PoolingHttpClientConnectionManager -- ex-0000000033 endpoint lease request (3 MINUTES) [route: {s}->https://raw.githubusercontent.com:443][total available: 1; route allocated: 0 of 5; total allocated: 2 of 25]
11:48:44.071 [main] DEBUG org.apache.hc.client5.http.impl.io.PoolingHttpClientConnectionManager -- ex-0000000033 endpoint leased [route: {s}->https://raw.githubusercontent.com:443][total available: 1; route allocated: 1 of 5; total allocated: 3 of 25]
11:48:44.071 [main] DEBUG org.apache.hc.client5.http.impl.io.PoolingHttpClientConnectionManager -- ex-0000000033 acquired ep-0000000033
11:48:44.071 [main] DEBUG org.apache.hc.client5.http.impl.classic.InternalHttpClient -- ex-0000000033 acquired endpoint ep-0000000033
11:48:44.071 [main] DEBUG org.apache.hc.client5.http.impl.classic.ConnectExec -- ex-0000000033 opening connection {s}->https://raw.githubusercontent.com:443
11:48:44.071 [main] DEBUG org.apache.hc.client5.http.impl.classic.InternalHttpClient -- ep-0000000033 connecting endpoint (null)
11:48:44.071 [main] DEBUG org.apache.hc.client5.http.impl.io.PoolingHttpClientConnectionManager -- ep-0000000033 connecting endpoint to https://raw.githubusercontent.com:443 (30 SECONDS)
11:48:44.071 [main] DEBUG org.apache.hc.client5.http.impl.io.DefaultHttpClientConnectionOperator -- raw.githubusercontent.com resolving remote address
11:48:44.071 [main] DEBUG org.apache.hc.client5.http.impl.io.DefaultHttpClientConnectionOperator -- raw.githubusercontent.com resolved to [raw.githubusercontent.com/185.199.108.133, raw.githubusercontent.com/185.199.111.133, raw.githubusercontent.com/185.199.110.133, raw.githubusercontent.com/185.199.109.133, raw.githubusercontent.com/2606:50c0:8003:0:0:0:0:154, raw.githubusercontent.com/2606:50c0:8002:0:0:0:0:154, raw.githubusercontent.com/2606:50c0:8000:0:0:0:0:154, raw.githubusercontent.com/2606:50c0:8001:0:0:0:0:154]
11:48:44.071 [main] DEBUG org.apache.hc.client5.http.impl.io.DefaultHttpClientConnectionOperator -- raw.githubusercontent.com:443 connecting null->raw.githubusercontent.com/185.199.108.133:443 (30 SECONDS)
11:48:44.071 [main] DEBUG org.apache.hc.client5.http.ssl.SSLConnectionSocketFactory -- Connecting socket to raw.githubusercontent.com/185.199.108.133:443 with timeout 30 SECONDS
11:48:44.090 [main] DEBUG org.apache.hc.client5.http.ssl.SSLConnectionSocketFactory -- Enabled protocols: [TLSv1.3, TLSv1.2]
11:48:44.090 [main] DEBUG org.apache.hc.client5.http.ssl.SSLConnectionSocketFactory -- Enabled cipher suites: [TLS_AES_256_GCM_SHA384, TLS_AES_128_GCM_SHA256, TLS_CHACHA20_POLY1305_SHA256, TLS_ECDHE_ECDSA_WITH_AES_256_GCM_SHA384, TLS_ECDHE_ECDSA_WITH_AES_128_GCM_SHA256, TLS_ECDHE_ECDSA_WITH_CHACHA20_POLY1305_SHA256, TLS_ECDHE_RSA_WITH_AES_256_GCM_SHA384, TLS_ECDHE_RSA_WITH_CHACHA20_POLY1305_SHA256, TLS_ECDHE_RSA_WITH_AES_128_GCM_SHA256, TLS_DHE_RSA_WITH_AES_256_GCM_SHA384, TLS_DHE_RSA_WITH_CHACHA20_POLY1305_SHA256, TLS_DHE_DSS_WITH_AES_256_GCM_SHA384, TLS_DHE_RSA_WITH_AES_128_GCM_SHA256, TLS_DHE_DSS_WITH_AES_128_GCM_SHA256, TLS_ECDHE_ECDSA_WITH_AES_256_CBC_SHA384, TLS_ECDHE_RSA_WITH_AES_256_CBC_SHA384, TLS_ECDHE_ECDSA_WITH_AES_128_CBC_SHA256, TLS_ECDHE_RSA_WITH_AES_128_CBC_SHA256, TLS_DHE_RSA_WITH_AES_256_CBC_SHA256, TLS_DHE_DSS_WITH_AES_256_CBC_SHA256, TLS_DHE_RSA_WITH_AES_128_CBC_SHA256, TLS_DHE_DSS_WITH_AES_128_CBC_SHA256, TLS_ECDH_ECDSA_WITH_AES_256_GCM_SHA384, TLS_ECDH_RSA_WITH_AES_256_GCM_SHA384, TLS_ECDH_ECDSA_WITH_AES_128_GCM_SHA256, TLS_ECDH_RSA_WITH_AES_128_GCM_SHA256, TLS_ECDH_ECDSA_WITH_AES_256_CBC_SHA384, TLS_ECDH_RSA_WITH_AES_256_CBC_SHA384, TLS_ECDH_ECDSA_WITH_AES_128_CBC_SHA256, TLS_ECDH_RSA_WITH_AES_128_CBC_SHA256, TLS_ECDHE_ECDSA_WITH_AES_256_CBC_SHA, TLS_ECDHE_RSA_WITH_AES_256_CBC_SHA, TLS_ECDHE_ECDSA_WITH_AES_128_CBC_SHA, TLS_ECDHE_RSA_WITH_AES_128_CBC_SHA, TLS_DHE_RSA_WITH_AES_256_CBC_SHA, TLS_DHE_DSS_WITH_AES_256_CBC_SHA, TLS_DHE_RSA_WITH_AES_128_CBC_SHA, TLS_DHE_DSS_WITH_AES_128_CBC_SHA, TLS_ECDH_ECDSA_WITH_AES_256_CBC_SHA, TLS_ECDH_RSA_WITH_AES_256_CBC_SHA, TLS_ECDH_ECDSA_WITH_AES_128_CBC_SHA, TLS_ECDH_RSA_WITH_AES_128_CBC_SHA, TLS_RSA_WITH_AES_256_GCM_SHA384, TLS_RSA_WITH_AES_128_GCM_SHA256, TLS_RSA_WITH_AES_256_CBC_SHA256, TLS_RSA_WITH_AES_128_CBC_SHA256, TLS_RSA_WITH_AES_256_CBC_SHA, TLS_RSA_WITH_AES_128_CBC_SHA, TLS_EMPTY_RENEGOTIATION_INFO_SCSV]
11:48:44.090 [main] DEBUG org.apache.hc.client5.http.ssl.SSLConnectionSocketFactory -- Starting handshake (null)
11:48:44.116 [main] DEBUG org.apache.hc.client5.http.ssl.SSLConnectionSocketFactory -- Secure session established
11:48:44.116 [main] DEBUG org.apache.hc.client5.http.ssl.SSLConnectionSocketFactory --  negotiated protocol: TLSv1.3
11:48:44.116 [main] DEBUG org.apache.hc.client5.http.ssl.SSLConnectionSocketFactory --  negotiated cipher suite: TLS_AES_128_GCM_SHA256
11:48:44.116 [main] DEBUG org.apache.hc.client5.http.ssl.SSLConnectionSocketFactory --  peer principal: CN=*.github.io, O="GitHub, Inc.", L=San Francisco, ST=California, C=US
11:48:44.116 [main] DEBUG org.apache.hc.client5.http.ssl.SSLConnectionSocketFactory --  peer alternative names: [*.github.io, github.io, *.github.com, github.com, www.github.com, *.githubusercontent.com, githubusercontent.com]
11:48:44.116 [main] DEBUG org.apache.hc.client5.http.ssl.SSLConnectionSocketFactory --  issuer principal: CN=DigiCert TLS RSA SHA256 2020 CA1, O=DigiCert Inc, C=US
11:48:44.116 [main] DEBUG org.apache.hc.client5.http.impl.io.DefaultManagedHttpClientConnection -- http-outgoing-20 set socket timeout to 3 MINUTES
11:48:44.116 [main] DEBUG org.apache.hc.client5.http.impl.io.DefaultHttpClientConnectionOperator -- raw.githubusercontent.com:443 connected null->raw.githubusercontent.com/185.199.108.133:443 as http-outgoing-20
11:48:44.116 [main] DEBUG org.apache.hc.client5.http.impl.io.PoolingHttpClientConnectionManager -- ep-0000000033 connected http-outgoing-20
11:48:44.116 [main] DEBUG org.apache.hc.client5.http.impl.classic.InternalHttpClient -- ep-0000000033 endpoint connected
11:48:44.116 [main] DEBUG org.apache.hc.client5.http.impl.classic.MainClientExec -- ex-0000000033 executing GET /bonigarcia/webdrivermanager/master/src/main/resources/commands.properties HTTP/1.1
11:48:44.116 [main] DEBUG org.apache.hc.client5.http.protocol.RequestAddCookies -- ex-0000000033 Cookie spec selected: strict
11:48:44.116 [main] DEBUG org.apache.hc.client5.http.impl.classic.InternalHttpClient -- ep-0000000033 start execution ex-0000000033
11:48:44.116 [main] DEBUG org.apache.hc.client5.http.impl.io.PoolingHttpClientConnectionManager -- ep-0000000033 executing exchange ex-0000000033 over http-outgoing-20
11:48:44.117 [main] DEBUG org.apache.hc.client5.http.headers -- http-outgoing-20 >> GET /bonigarcia/webdrivermanager/master/src/main/resources/commands.properties HTTP/1.1
11:48:44.117 [main] DEBUG org.apache.hc.client5.http.headers -- http-outgoing-20 >> user-agent: Apache-HttpClient/5.0
11:48:44.117 [main] DEBUG org.apache.hc.client5.http.headers -- http-outgoing-20 >> accept-encoding: gzip, deflate, br
11:48:44.117 [main] DEBUG org.apache.hc.client5.http.headers -- http-outgoing-20 >> cache-control: max-age=0
11:48:44.117 [main] DEBUG org.apache.hc.client5.http.headers -- http-outgoing-20 >> connection: keep-alive
11:48:44.117 [main] DEBUG org.apache.hc.client5.http.headers -- http-outgoing-20 >> Host: raw.githubusercontent.com
11:48:44.117 [main] DEBUG org.apache.hc.client5.http.wire -- http-outgoing-20 >> "GET /bonigarcia/webdrivermanager/master/src/main/resources/commands.properties HTTP/1.1[\r][\n]"
11:48:44.117 [main] DEBUG org.apache.hc.client5.http.wire -- http-outgoing-20 >> "user-agent: Apache-HttpClient/5.0[\r][\n]"
11:48:44.117 [main] DEBUG org.apache.hc.client5.http.wire -- http-outgoing-20 >> "accept-encoding: gzip, deflate, br[\r][\n]"
11:48:44.117 [main] DEBUG org.apache.hc.client5.http.wire -- http-outgoing-20 >> "cache-control: max-age=0[\r][\n]"
11:48:44.117 [main] DEBUG org.apache.hc.client5.http.wire -- http-outgoing-20 >> "connection: keep-alive[\r][\n]"
11:48:44.117 [main] DEBUG org.apache.hc.client5.http.wire -- http-outgoing-20 >> "Host: raw.githubusercontent.com[\r][\n]"
11:48:44.117 [main] DEBUG org.apache.hc.client5.http.wire -- http-outgoing-20 >> "[\r][\n]"
11:48:44.138 [main] DEBUG org.apache.hc.client5.http.wire -- http-outgoing-20 << "HTTP/1.1 200 OK[\r][\n]"
11:48:44.138 [main] DEBUG org.apache.hc.client5.http.wire -- http-outgoing-20 << "Connection: keep-alive[\r][\n]"
11:48:44.138 [main] DEBUG org.apache.hc.client5.http.wire -- http-outgoing-20 << "Content-Length: 723[\r][\n]"
11:48:44.138 [main] DEBUG org.apache.hc.client5.http.wire -- http-outgoing-20 << "Cache-Control: max-age=300[\r][\n]"
11:48:44.138 [main] DEBUG org.apache.hc.client5.http.wire -- http-outgoing-20 << "Content-Security-Policy: default-src 'none'; style-src 'unsafe-inline'; sandbox[\r][\n]"
11:48:44.138 [main] DEBUG org.apache.hc.client5.http.wire -- http-outgoing-20 << "Content-Type: text/plain; charset=utf-8[\r][\n]"
11:48:44.138 [main] DEBUG org.apache.hc.client5.http.wire -- http-outgoing-20 << "ETag: W/"e82b438271e9e8680c688b0b680efd0bdd22faa6d6f0a32fc1fd8accc486b67e"[\r][\n]"
11:48:44.138 [main] DEBUG org.apache.hc.client5.http.wire -- http-outgoing-20 << "Strict-Transport-Security: max-age=31536000[\r][\n]"
11:48:44.138 [main] DEBUG org.apache.hc.client5.http.wire -- http-outgoing-20 << "X-Content-Type-Options: nosniff[\r][\n]"
11:48:44.138 [main] DEBUG org.apache.hc.client5.http.wire -- http-outgoing-20 << "X-Frame-Options: deny[\r][\n]"
11:48:44.138 [main] DEBUG org.apache.hc.client5.http.wire -- http-outgoing-20 << "X-XSS-Protection: 1; mode=block[\r][\n]"
11:48:44.138 [main] DEBUG org.apache.hc.client5.http.wire -- http-outgoing-20 << "X-GitHub-Request-Id: D6C0:23986A:25619:36F2A:65B05D65[\r][\n]"
11:48:44.138 [main] DEBUG org.apache.hc.client5.http.wire -- http-outgoing-20 << "Content-Encoding: gzip[\r][\n]"
11:48:44.138 [main] DEBUG org.apache.hc.client5.http.wire -- http-outgoing-20 << "Accept-Ranges: bytes[\r][\n]"
11:48:44.138 [main] DEBUG org.apache.hc.client5.http.wire -- http-outgoing-20 << "Date: Mon, 12 Feb 2024 04:48:44 GMT[\r][\n]"
11:48:44.138 [main] DEBUG org.apache.hc.client5.http.wire -- http-outgoing-20 << "Via: 1.1 varnish[\r][\n]"
11:48:44.138 [main] DEBUG org.apache.hc.client5.http.wire -- http-outgoing-20 << "X-Served-By: cache-qpg1277-QPG[\r][\n]"
11:48:44.138 [main] DEBUG org.apache.hc.client5.http.wire -- http-outgoing-20 << "X-Cache: HIT[\r][\n]"
11:48:44.138 [main] DEBUG org.apache.hc.client5.http.wire -- http-outgoing-20 << "X-Cache-Hits: 1[\r][\n]"
11:48:44.138 [main] DEBUG org.apache.hc.client5.http.wire -- http-outgoing-20 << "X-Timer: S1707713324.198890,VS0,VE1[\r][\n]"
11:48:44.138 [main] DEBUG org.apache.hc.client5.http.wire -- http-outgoing-20 << "Vary: Authorization,Accept-Encoding,Origin[\r][\n]"
11:48:44.138 [main] DEBUG org.apache.hc.client5.http.wire -- http-outgoing-20 << "Access-Control-Allow-Origin: *[\r][\n]"
11:48:44.138 [main] DEBUG org.apache.hc.client5.http.wire -- http-outgoing-20 << "Cross-Origin-Resource-Policy: cross-origin[\r][\n]"
11:48:44.138 [main] DEBUG org.apache.hc.client5.http.wire -- http-outgoing-20 << "X-Fastly-Request-ID: a2a4937dd97cc6a1a475a6795fc5fe41ebd58548[\r][\n]"
11:48:44.138 [main] DEBUG org.apache.hc.client5.http.wire -- http-outgoing-20 << "Expires: Mon, 12 Feb 2024 04:53:44 GMT[\r][\n]"
11:48:44.138 [main] DEBUG org.apache.hc.client5.http.wire -- http-outgoing-20 << "Source-Age: 59[\r][\n]"
11:48:44.138 [main] DEBUG org.apache.hc.client5.http.wire -- http-outgoing-20 << "[\r][\n]"
11:48:44.138 [main] DEBUG org.apache.hc.client5.http.headers -- http-outgoing-20 << HTTP/1.1 200 OK
11:48:44.138 [main] DEBUG org.apache.hc.client5.http.headers -- http-outgoing-20 << Connection: keep-alive
11:48:44.138 [main] DEBUG org.apache.hc.client5.http.headers -- http-outgoing-20 << Content-Length: 723
11:48:44.138 [main] DEBUG org.apache.hc.client5.http.headers -- http-outgoing-20 << Cache-Control: max-age=300
11:48:44.138 [main] DEBUG org.apache.hc.client5.http.headers -- http-outgoing-20 << Content-Security-Policy: default-src 'none'; style-src 'unsafe-inline'; sandbox
11:48:44.138 [main] DEBUG org.apache.hc.client5.http.headers -- http-outgoing-20 << Content-Type: text/plain; charset=utf-8
11:48:44.138 [main] DEBUG org.apache.hc.client5.http.headers -- http-outgoing-20 << ETag: W/"e82b438271e9e8680c688b0b680efd0bdd22faa6d6f0a32fc1fd8accc486b67e"
11:48:44.138 [main] DEBUG org.apache.hc.client5.http.headers -- http-outgoing-20 << Strict-Transport-Security: max-age=31536000
11:48:44.138 [main] DEBUG org.apache.hc.client5.http.headers -- http-outgoing-20 << X-Content-Type-Options: nosniff
11:48:44.138 [main] DEBUG org.apache.hc.client5.http.headers -- http-outgoing-20 << X-Frame-Options: deny
11:48:44.138 [main] DEBUG org.apache.hc.client5.http.headers -- http-outgoing-20 << X-XSS-Protection: 1; mode=block
11:48:44.138 [main] DEBUG org.apache.hc.client5.http.headers -- http-outgoing-20 << X-GitHub-Request-Id: D6C0:23986A:25619:36F2A:65B05D65
11:48:44.138 [main] DEBUG org.apache.hc.client5.http.headers -- http-outgoing-20 << Content-Encoding: gzip
11:48:44.138 [main] DEBUG org.apache.hc.client5.http.headers -- http-outgoing-20 << Accept-Ranges: bytes
11:48:44.138 [main] DEBUG org.apache.hc.client5.http.headers -- http-outgoing-20 << Date: Mon, 12 Feb 2024 04:48:44 GMT
11:48:44.138 [main] DEBUG org.apache.hc.client5.http.headers -- http-outgoing-20 << Via: 1.1 varnish
11:48:44.138 [main] DEBUG org.apache.hc.client5.http.headers -- http-outgoing-20 << X-Served-By: cache-qpg1277-QPG
11:48:44.138 [main] DEBUG org.apache.hc.client5.http.headers -- http-outgoing-20 << X-Cache: HIT
11:48:44.138 [main] DEBUG org.apache.hc.client5.http.headers -- http-outgoing-20 << X-Cache-Hits: 1
11:48:44.138 [main] DEBUG org.apache.hc.client5.http.headers -- http-outgoing-20 << X-Timer: S1707713324.198890,VS0,VE1
11:48:44.138 [main] DEBUG org.apache.hc.client5.http.headers -- http-outgoing-20 << Vary: Authorization,Accept-Encoding,Origin
11:48:44.138 [main] DEBUG org.apache.hc.client5.http.headers -- http-outgoing-20 << Access-Control-Allow-Origin: *
11:48:44.138 [main] DEBUG org.apache.hc.client5.http.headers -- http-outgoing-20 << Cross-Origin-Resource-Policy: cross-origin
11:48:44.138 [main] DEBUG org.apache.hc.client5.http.headers -- http-outgoing-20 << X-Fastly-Request-ID: a2a4937dd97cc6a1a475a6795fc5fe41ebd58548
11:48:44.138 [main] DEBUG org.apache.hc.client5.http.headers -- http-outgoing-20 << Expires: Mon, 12 Feb 2024 04:53:44 GMT
11:48:44.138 [main] DEBUG org.apache.hc.client5.http.headers -- http-outgoing-20 << Source-Age: 59
11:48:44.138 [main] DEBUG org.apache.hc.client5.http.impl.classic.MainClientExec -- ex-0000000033 connection can be kept alive for 3 MINUTES
11:48:44.138 [main] DEBUG org.apache.hc.client5.http.wire -- http-outgoing-20 << "[0x1f][0xffffff8b][0x8][0x0][0x0][0x0][0x0][0x0][0x0][0x3][0xffffffb5]V]o[0xffffffda]0[0x14]}[0xffffffe7]W\[0xffffff81]*[0xffffffb5][0x12][0x1f][[M[0xffffffd3]$[0x1e]hF[0xffffffbb]i [0x18][0xffffffb4][0xffffffdd]&[0xfffffff9][0xffffffc5]$7[0xffffffc1]R[0x12]#;[0xffffff94]v[0xffffffbf]~[0xffffffb6][0xfffffff3]1[0xffffff92][0xffffff9a][0xffffffc1][0x1a]x[0xffffffcb][0xffffffb5][0xffffffaf][0xffffffcf]9[0xffffffbe][0xfffffff7]8v[0xb][0x1c][0x1e]E4[0xfffffff6]$x4[0xffffffa1][0xb]*[0xffffffb1][0xffffffd1][0xffffff82][0xfffffffb]%[0xffffff93][0xffffffe0][0xffffffb3][0x10][0xffffffc1][0xffffffe5]qBY,!Y[0xffffffea] KM8,[0x10][0xfffffff0][0x19][0xffffffdd]u[0xffffff82][0x1e][0xffffffb0][0xffffffd8]L[0xffffffcb]%[0xffffff86][0xffffffa1][0xe][0xffffffb8][0xfffffff0]P[0xffffffe8]$[0xf][0x13]t[0x13]3[0xfffffff9][0xffffff84]B2[0xffffffae][0xffffffe6]|@[0xfffffff5][0x1d][0x8][0xffffffc4][0x18][0x16][0xffffff82]o[0xffffffa4][0xffffff9a]P[0xffffff94][0xffffffe7][0xffffffce]R[0xfffffff0][0x8][0xffffffdb]p[0xffffffcb][0x4][0xfffffffa][0xfffffffc][0xffffffb9][\r][0xffffff93][0x15][\n]"
11:48:44.138 [main] DEBUG org.apache.hc.client5.http.wire -- http-outgoing-20 << "[0xffffffda][0xffffff86][0xffffffa1][0x17][0xffffffa8]Q3[0xffffffcb][0xffffffd6][0xffffffd1][0xffffff85][0xffffffc6][0xfffffff7][0xffffff98][0xffffffef][0xffffffa3][0xffffffc0]8[0x1][0xffffffae]s[0x12][0x16][0x7] _d[0xffffff82][0xffffff91][0xffffff84][0xfffffff3][0x1f],[0xfffffff6][0x14]j[0x1b]F,^+[0xffffff98]1ua2[0xffffffbf]h([0xffffff8e][0xffffff94][0xffffffa2][0xffffff91]m[0xffffffa3][0xffffffeb][0xffffff9a][0xffffffb0][0xffffffbb]I[0x17]t[0xffffffdf][0xffffffbd][0xffffffef][0xffffffbb][0xffffff91][0xffffffd7]U[0xffffffbb][0xffffff82][0xffffff9e][0x3][0xffffff9b][0xffffff88][0xffffffb9][0xffffffa6]$[0xffffffa6][0xc][0xffffff9b][0xffffffa5][0xffffffe2][0xffffff83][0xffffff98]F[0xffffffd8]o[0xffffff9e]Mg[0xffffff93][0xffffffbb][0xffffffd9]`|[0xfffffffb]u4[0xffffff9c][0x7f]"}B[0xffffffce][0x8][0xffffffb9][0xffffffe3]<[0x8][0xffffff91][0xffffff90][0xffffff94][0xffffff82][0xffffff90][0xffffffc1]j[0x15]2WI[0xffffffe3]1![0x19][0xffffff91]BnB[0xffffff80][0x9]<f[0xffffffb5][0xffffffe8]=[0xffffffd1]p[0xffffffbd][[0xffffffcf][0xffffffe5][0x1b][0xfffffff4][0xffffff9c][0xffffffff][0xfffffffc][0xfffffff8][0xffffffe1][0xffffffe2][0xffffff94][0xffffffa2][0xffffffae][0xe][0x14]5[0xffffff9a]8[0xffffff83][0xffffffd1]`:[0xfffffffd]<[0xffffffb8][0x1f][0xffffff9c]R[0xffffffcf]u[0x7f]6[0xffffffbc][0xffffff83][0xffffffef][0xf][0xffffffc3][0xffffffd9]/[0xfffffff8][0xfffffff2][0xffffffcd]y s[0xffffffee]'[0x1b]*0g[0xffffffcb][0xffffffc8]nF7H][0xffffff83][0xffffff97]{[0xffffffb1]Q[0x5][\r][0xffffffb5]c[0xffffffb4][0xf][0x2][0xffffffb3][0xffffffb4][0xffffff93][0xe]C[0xffffffa7][0xffffffb3]kAD][0xffffff9d][0xffffffde][0xffffffdb][0xffffffda][0xffffff88][0xffffffec][0xffffffa5][0xffffffbc][0xffffff99][0xffffffd9][0xffffffba]t[0xffffffb5][0xffffffea]9[0xffffffea][0x10])[0xffffffb7][0xffffffca][0xffffff9e][0xfffffff2][0xffffffe2]d^N[0xffffffd8]FW[0x16][0xffffffcd][0xffffffdc]_[0x10][0xfffffff9]i|[0x1c][0xffffff93][0xffffff8e][0xfffffff9]o[0x16][0xffffff86]4'!$G[0xffffffdf]W[0xfffffff4]W*j[[0xfffffff3]xR[0xffffffae][0xffffffb6][0xc][0xffffffd0],; #[0xffffffa9][0xffffff92]5[0xffffffb5][0x7][0xffffff9c][0xffffffb5][0xffffffd0][0x7f][0xffffff90][0xffffffc7]jgs[0xfffffffc][0xffffffc2][0xb][0xffffffd9][0x0]t[0xffffff9e]^'Y[0xfffffffb][0xffffff9f][0xffffffb1][0xffffffd8]:[0xffffffbf][0xffffff8d][0xffffffa5][0xffffff9a][0xffffffad][0x7f]m[0x5]&[0xffffffaa][0xffffffa0]^[0xffffff9b][0xffffffcb][0x5]f[0xffffffae][0xffffffe0]RU[0xffffff82][0x10]MS9l[0xffffff91]4t[0xfffffffb][0xffffff8a]][0xffffffd6][0xfffffff4][0xffffff96][0xffffffa6][0xffffff9f]P[0xffffffce][0xffffffd5][0xffffffce][0xffffff93][0xffffffff][0xffffff97][0xffffffcc]p[0xfffffffd][0xfffffff3][0xffffffe8][0x1b][0xffffffcc][0xffffffa2][0xffffffd9]Q[0xffffffbe][0xffffffb2][0xffffffa3][0xffffffc7]m'[0xffffffdf][0xffffffe4][[0xfffffffb]^[0xffffffb0][0xffffff9a][0xffffffbe][0xffffffda][0xffffffda]_[0xffffffce][0xffffff80][0xffffffd2][0xffffffc1]7[0xffffffb7]][0xffffffc1]b[0xffffffee][0xffffffb5][0xffffffff]w[0xffffff83][0xffffffed][0xffffffa7];[0x15]<[0x10]4[0xffffff92][0xffffff84][0x18][\n]"
11:48:44.138 [main] DEBUG org.apache.hc.client5.http.wire -- http-outgoing-20 << "BB[0xffffffba][0xffffff8e]][0xffffffb5]jo[0xffffffb9]+"[0xffffffea][0xffffffb4][0xffffffff]h"[0xffffffea]\?5[0xffffffa9][0xffffffaf]k[0xffffffec][0xffffffff]P[0xffffffea][\n]"
11:48:44.138 [main] DEBUG org.apache.hc.client5.http.wire -- http-outgoing-20 << "w[0xffffffe1]K[0x13][0xffffffda][0xffffffec][0xffffff98][0xffffffe6]Y[0xfffffffd]h8m6[0xffffff9c]T[0xffffffc1][0xfffffff2][0xffffffa7][0xffffff91]z_[0xffffff95]o85p[0x1c][0x13][0xffffffe6][0xfffffff0]5[0xffffffee][0xfffffffc][0xffffff92][0xffffff96][0xffffffda][0xfffffff7][0xffffffcf][0xffffffb1][0x5][0x1d][0xffffffea]K[0xffffff9b]9[0xffffff8e][0xffffffad]e[0xfffffff7][0xffffff93][0xffffffa8]`[0xffffffda][0xffffffff][0x1a][0xffffffd2][0xffffff88][0xffffff85][0xfffffffd][0xfffffff2][0xffffff91]N[0xfffffff6]`[0xffffffdf]2[0xffffffcf][0xffffffae]E[0xffffff97][0xffffffc5][0xffffffa2][0xffffff9d][0xffffffef]'[0xffffff9d]mun.[0xffffffd3]f^[0xffffffc7][0xffffff82][0xffffffda][0xffffff82]9[0xfffffff5][0xffffffa9]`[0x5][0xffffffbc]4[0xffffffa1][0x1d]<M[0xffffffb5]A[0xffffffa7]3[[0xffffffc0][0x7f][0x0][0xffffffc1][0xffffffd0]$[0xffffff85][0x1d][\r][0x0][0x0]"
11:48:44.138 [main] DEBUG org.apache.hc.client5.http.impl.classic.InternalHttpClient -- ep-0000000033 releasing valid endpoint
11:48:44.138 [main] DEBUG org.apache.hc.client5.http.impl.io.PoolingHttpClientConnectionManager -- ep-0000000033 releasing endpoint
11:48:44.138 [main] DEBUG org.apache.hc.client5.http.impl.io.PoolingHttpClientConnectionManager -- ep-0000000033 connection http-outgoing-20 can be kept alive for 3 MINUTES
11:48:44.138 [main] DEBUG org.apache.hc.client5.http.impl.io.PoolingHttpClientConnectionManager -- ep-0000000033 connection released [route: {s}->https://raw.githubusercontent.com:443][total available: 2; route allocated: 1 of 5; total allocated: 3 of 25]
11:48:44.139 [main] DEBUG io.github.bonigarcia.wdm.versions.VersionDetector -- Detecting chrome version using online commands.properties
11:48:44.139 [main] DEBUG io.github.bonigarcia.wdm.versions.Shell -- Running command on the shell: [/Applications/Google Chrome.app/Contents/MacOS/Google Chrome, --version]
11:48:44.165 [main] DEBUG io.github.bonigarcia.wdm.versions.Shell -- Result: Google Chrome 121.0.6167.160
11:48:44.166 [main] DEBUG io.github.bonigarcia.wdm.versions.VersionDetector -- Getting driver version for chrome121 from online versions.properties
11:48:44.166 [main] DEBUG org.apache.hc.client5.http.impl.classic.InternalHttpClient -- ex-0000000034 preparing request execution
11:48:44.166 [main] DEBUG org.apache.hc.client5.http.impl.classic.ProtocolExec -- ex-0000000034 target auth state: UNCHALLENGED
11:48:44.166 [main] DEBUG org.apache.hc.client5.http.impl.classic.ProtocolExec -- ex-0000000034 proxy auth state: UNCHALLENGED
11:48:44.166 [main] DEBUG org.apache.hc.client5.http.impl.classic.ConnectExec -- ex-0000000034 acquiring connection with route {s}->https://raw.githubusercontent.com:443
11:48:44.166 [main] DEBUG org.apache.hc.client5.http.impl.classic.InternalHttpClient -- ex-0000000034 acquiring endpoint (3 MINUTES)
11:48:44.166 [main] DEBUG org.apache.hc.client5.http.impl.io.PoolingHttpClientConnectionManager -- ex-0000000034 endpoint lease request (3 MINUTES) [route: {s}->https://raw.githubusercontent.com:443][total available: 2; route allocated: 1 of 5; total allocated: 3 of 25]
11:48:44.166 [main] DEBUG org.apache.hc.client5.http.impl.io.PoolingHttpClientConnectionManager -- ex-0000000034 endpoint leased [route: {s}->https://raw.githubusercontent.com:443][total available: 1; route allocated: 1 of 5; total allocated: 3 of 25]
11:48:44.166 [main] DEBUG org.apache.hc.client5.http.impl.io.PoolingHttpClientConnectionManager -- ex-0000000034 acquired ep-0000000034
11:48:44.166 [main] DEBUG org.apache.hc.client5.http.impl.classic.InternalHttpClient -- ex-0000000034 acquired endpoint ep-0000000034
11:48:44.166 [main] DEBUG org.apache.hc.client5.http.impl.classic.MainClientExec -- ex-0000000034 executing GET /bonigarcia/webdrivermanager/master/src/main/resources/versions.properties HTTP/1.1
11:48:44.166 [main] DEBUG org.apache.hc.client5.http.protocol.RequestAddCookies -- ex-0000000034 Cookie spec selected: strict
11:48:44.166 [main] DEBUG org.apache.hc.client5.http.impl.classic.InternalHttpClient -- ep-0000000034 start execution ex-0000000034
11:48:44.166 [main] DEBUG org.apache.hc.client5.http.impl.io.PoolingHttpClientConnectionManager -- ep-0000000034 executing exchange ex-0000000034 over http-outgoing-20
11:48:44.166 [main] DEBUG org.apache.hc.client5.http.headers -- http-outgoing-20 >> GET /bonigarcia/webdrivermanager/master/src/main/resources/versions.properties HTTP/1.1
11:48:44.166 [main] DEBUG org.apache.hc.client5.http.headers -- http-outgoing-20 >> user-agent: Apache-HttpClient/5.0
11:48:44.166 [main] DEBUG org.apache.hc.client5.http.headers -- http-outgoing-20 >> accept-encoding: gzip, deflate, br
11:48:44.166 [main] DEBUG org.apache.hc.client5.http.headers -- http-outgoing-20 >> cache-control: max-age=0
11:48:44.166 [main] DEBUG org.apache.hc.client5.http.headers -- http-outgoing-20 >> connection: keep-alive
11:48:44.166 [main] DEBUG org.apache.hc.client5.http.headers -- http-outgoing-20 >> Host: raw.githubusercontent.com
11:48:44.166 [main] DEBUG org.apache.hc.client5.http.wire -- http-outgoing-20 >> "GET /bonigarcia/webdrivermanager/master/src/main/resources/versions.properties HTTP/1.1[\r][\n]"
11:48:44.166 [main] DEBUG org.apache.hc.client5.http.wire -- http-outgoing-20 >> "user-agent: Apache-HttpClient/5.0[\r][\n]"
11:48:44.166 [main] DEBUG org.apache.hc.client5.http.wire -- http-outgoing-20 >> "accept-encoding: gzip, deflate, br[\r][\n]"
11:48:44.166 [main] DEBUG org.apache.hc.client5.http.wire -- http-outgoing-20 >> "cache-control: max-age=0[\r][\n]"
11:48:44.166 [main] DEBUG org.apache.hc.client5.http.wire -- http-outgoing-20 >> "connection: keep-alive[\r][\n]"
11:48:44.166 [main] DEBUG org.apache.hc.client5.http.wire -- http-outgoing-20 >> "Host: raw.githubusercontent.com[\r][\n]"
11:48:44.166 [main] DEBUG org.apache.hc.client5.http.wire -- http-outgoing-20 >> "[\r][\n]"
11:48:44.186 [main] DEBUG org.apache.hc.client5.http.wire -- http-outgoing-20 << "HTTP/1.1 200 OK[\r][\n]"
11:48:44.186 [main] DEBUG org.apache.hc.client5.http.wire -- http-outgoing-20 << "Connection: keep-alive[\r][\n]"
11:48:44.186 [main] DEBUG org.apache.hc.client5.http.wire -- http-outgoing-20 << "Content-Length: 1667[\r][\n]"
11:48:44.186 [main] DEBUG org.apache.hc.client5.http.wire -- http-outgoing-20 << "Cache-Control: max-age=300[\r][\n]"
11:48:44.186 [main] DEBUG org.apache.hc.client5.http.wire -- http-outgoing-20 << "Content-Security-Policy: default-src 'none'; style-src 'unsafe-inline'; sandbox[\r][\n]"
11:48:44.186 [main] DEBUG org.apache.hc.client5.http.wire -- http-outgoing-20 << "Content-Type: text/plain; charset=utf-8[\r][\n]"
11:48:44.186 [main] DEBUG org.apache.hc.client5.http.wire -- http-outgoing-20 << "ETag: W/"2b63ea7ea7667d0729e9d848d780e58af4f6d237cb562369e48d53971ddfa6c5"[\r][\n]"
11:48:44.186 [main] DEBUG org.apache.hc.client5.http.wire -- http-outgoing-20 << "Strict-Transport-Security: max-age=31536000[\r][\n]"
11:48:44.186 [main] DEBUG org.apache.hc.client5.http.wire -- http-outgoing-20 << "X-Content-Type-Options: nosniff[\r][\n]"
11:48:44.186 [main] DEBUG org.apache.hc.client5.http.wire -- http-outgoing-20 << "X-Frame-Options: deny[\r][\n]"
11:48:44.186 [main] DEBUG org.apache.hc.client5.http.wire -- http-outgoing-20 << "X-XSS-Protection: 1; mode=block[\r][\n]"
11:48:44.186 [main] DEBUG org.apache.hc.client5.http.wire -- http-outgoing-20 << "X-GitHub-Request-Id: D6D6:22FCA9:24D88:36DD7:65B05DDF[\r][\n]"
11:48:44.186 [main] DEBUG org.apache.hc.client5.http.wire -- http-outgoing-20 << "Content-Encoding: gzip[\r][\n]"
11:48:44.186 [main] DEBUG org.apache.hc.client5.http.wire -- http-outgoing-20 << "Accept-Ranges: bytes[\r][\n]"
11:48:44.186 [main] DEBUG org.apache.hc.client5.http.wire -- http-outgoing-20 << "Date: Mon, 12 Feb 2024 04:48:44 GMT[\r][\n]"
11:48:44.186 [main] DEBUG org.apache.hc.client5.http.wire -- http-outgoing-20 << "Via: 1.1 varnish[\r][\n]"
11:48:44.186 [main] DEBUG org.apache.hc.client5.http.wire -- http-outgoing-20 << "X-Served-By: cache-qpg1277-QPG[\r][\n]"
11:48:44.186 [main] DEBUG org.apache.hc.client5.http.wire -- http-outgoing-20 << "X-Cache: HIT[\r][\n]"
11:48:44.186 [main] DEBUG org.apache.hc.client5.http.wire -- http-outgoing-20 << "X-Cache-Hits: 1[\r][\n]"
11:48:44.186 [main] DEBUG org.apache.hc.client5.http.wire -- http-outgoing-20 << "X-Timer: S1707713324.245202,VS0,VE1[\r][\n]"
11:48:44.186 [main] DEBUG org.apache.hc.client5.http.wire -- http-outgoing-20 << "Vary: Authorization,Accept-Encoding,Origin[\r][\n]"
11:48:44.186 [main] DEBUG org.apache.hc.client5.http.wire -- http-outgoing-20 << "Access-Control-Allow-Origin: *[\r][\n]"
11:48:44.186 [main] DEBUG org.apache.hc.client5.http.wire -- http-outgoing-20 << "Cross-Origin-Resource-Policy: cross-origin[\r][\n]"
11:48:44.186 [main] DEBUG org.apache.hc.client5.http.wire -- http-outgoing-20 << "X-Fastly-Request-ID: 5479b3d6993667855864299af87c843f1485d504[\r][\n]"
11:48:44.186 [main] DEBUG org.apache.hc.client5.http.wire -- http-outgoing-20 << "Expires: Mon, 12 Feb 2024 04:53:44 GMT[\r][\n]"
11:48:44.186 [main] DEBUG org.apache.hc.client5.http.wire -- http-outgoing-20 << "Source-Age: 152[\r][\n]"
11:48:44.186 [main] DEBUG org.apache.hc.client5.http.wire -- http-outgoing-20 << "[\r][\n]"
11:48:44.186 [main] DEBUG org.apache.hc.client5.http.headers -- http-outgoing-20 << HTTP/1.1 200 OK
11:48:44.186 [main] DEBUG org.apache.hc.client5.http.headers -- http-outgoing-20 << Connection: keep-alive
11:48:44.186 [main] DEBUG org.apache.hc.client5.http.headers -- http-outgoing-20 << Content-Length: 1667
11:48:44.186 [main] DEBUG org.apache.hc.client5.http.headers -- http-outgoing-20 << Cache-Control: max-age=300
11:48:44.186 [main] DEBUG org.apache.hc.client5.http.headers -- http-outgoing-20 << Content-Security-Policy: default-src 'none'; style-src 'unsafe-inline'; sandbox
11:48:44.186 [main] DEBUG org.apache.hc.client5.http.headers -- http-outgoing-20 << Content-Type: text/plain; charset=utf-8
11:48:44.186 [main] DEBUG org.apache.hc.client5.http.headers -- http-outgoing-20 << ETag: W/"2b63ea7ea7667d0729e9d848d780e58af4f6d237cb562369e48d53971ddfa6c5"
11:48:44.186 [main] DEBUG org.apache.hc.client5.http.headers -- http-outgoing-20 << Strict-Transport-Security: max-age=31536000
11:48:44.186 [main] DEBUG org.apache.hc.client5.http.headers -- http-outgoing-20 << X-Content-Type-Options: nosniff
11:48:44.186 [main] DEBUG org.apache.hc.client5.http.headers -- http-outgoing-20 << X-Frame-Options: deny
11:48:44.186 [main] DEBUG org.apache.hc.client5.http.headers -- http-outgoing-20 << X-XSS-Protection: 1; mode=block
11:48:44.186 [main] DEBUG org.apache.hc.client5.http.headers -- http-outgoing-20 << X-GitHub-Request-Id: D6D6:22FCA9:24D88:36DD7:65B05DDF
11:48:44.186 [main] DEBUG org.apache.hc.client5.http.headers -- http-outgoing-20 << Content-Encoding: gzip
11:48:44.186 [main] DEBUG org.apache.hc.client5.http.headers -- http-outgoing-20 << Accept-Ranges: bytes
11:48:44.186 [main] DEBUG org.apache.hc.client5.http.headers -- http-outgoing-20 << Date: Mon, 12 Feb 2024 04:48:44 GMT
11:48:44.186 [main] DEBUG org.apache.hc.client5.http.headers -- http-outgoing-20 << Via: 1.1 varnish
11:48:44.186 [main] DEBUG org.apache.hc.client5.http.headers -- http-outgoing-20 << X-Served-By: cache-qpg1277-QPG
11:48:44.186 [main] DEBUG org.apache.hc.client5.http.headers -- http-outgoing-20 << X-Cache: HIT
11:48:44.186 [main] DEBUG org.apache.hc.client5.http.headers -- http-outgoing-20 << X-Cache-Hits: 1
11:48:44.186 [main] DEBUG org.apache.hc.client5.http.headers -- http-outgoing-20 << X-Timer: S1707713324.245202,VS0,VE1
11:48:44.186 [main] DEBUG org.apache.hc.client5.http.headers -- http-outgoing-20 << Vary: Authorization,Accept-Encoding,Origin
11:48:44.186 [main] DEBUG org.apache.hc.client5.http.headers -- http-outgoing-20 << Access-Control-Allow-Origin: *
11:48:44.186 [main] DEBUG org.apache.hc.client5.http.headers -- http-outgoing-20 << Cross-Origin-Resource-Policy: cross-origin
11:48:44.186 [main] DEBUG org.apache.hc.client5.http.headers -- http-outgoing-20 << X-Fastly-Request-ID: 5479b3d6993667855864299af87c843f1485d504
11:48:44.186 [main] DEBUG org.apache.hc.client5.http.headers -- http-outgoing-20 << Expires: Mon, 12 Feb 2024 04:53:44 GMT
11:48:44.186 [main] DEBUG org.apache.hc.client5.http.headers -- http-outgoing-20 << Source-Age: 152
11:48:44.186 [main] DEBUG org.apache.hc.client5.http.impl.classic.MainClientExec -- ex-0000000034 connection can be kept alive for 3 MINUTES
11:48:44.187 [main] DEBUG org.apache.hc.client5.http.wire -- http-outgoing-20 << "[0x1f][0xffffff8b][0x8][0x0][0x0][0x0][0x0][0x0][0x0][0x3][0xffffff8d][0xffffff97][0xffffffcb]n+7[0xc][0xffffff86][0xfffffff7]y[0xffffff8a][0x1][0xffffffba][0xffffffce]XWJ[\n]"
11:48:44.187 [main] DEBUG org.apache.hc.client5.http.wire -- http-outgoing-20 << "[0xffffffa0]M[0xffffffaf][0xffffffab][0xffffffa2][0xffffff8b][0xfffffff6][0x5]|[0xffffffec]I28[0xffffff8e]'[0xffffffb0][0xffffff9d][0xffffff93][0xffffff83]>}II[0xffffffd4][0xffffffc8][0xffffff9a][0x16][0xffffffe8][0xffffffc2]H[0xfffffff8][0xffffff8d]F")[\r][0xfffffff5][0xfffffff3][0xffffff87][0xffffffe1][0xffffffaf][0xffffffd7][0xfffffff9]:<[0xffffffcf][0xffffffa7]i8,[0xffffffe7][0xffffffdb]~>_[0xffffff87][0xffffffdb][0xffffffeb]4|=/[0xffffff9f][0xffffffe7][0xffffffe1]x[0xffffff99][0xffffffbf]M[0xffffff97][0x1][0x7f][0xffffffd7]y[0xffffffc1]'[0xffffff87][0xffffffe5][0xffffffed]}[0x7f][0xffffff9b][0xffffffbf][0xffffffe0][0xffffffe8][0xffffffcf][0xfffffff9][0xfffffff6][0xffffff9a]F[0x1e][0xffffff96][0xffffffcb]e[0xffffffba][0xffffffbe]/[0xffffffe7][0xffffffe3]|~[0x19][0xffffffbe]\[0xffffff96][0xffffffcf][0xffffffeb][0xfffffffa][0xffffffca][0xffffffc3][0xffffffc3][0xf][0xffffffc3][0xffffff8f][0x19]=[\r][0xffffffbf]-[0xffffffcb][0xb][0xffffffbe][0xfffffff9][0xffffffd3][0xffffffeb]ey[0xffffff9b][0xffffff86][0xfffffffd][0xfffffff9][0xffffff98][0xffffffff][0xffffff9d]?[0xffffffde][0xffffff86][0xffffffc7][0xffffffe1][0xffffffe7][0xffffffb4][0xffffffd4][0xffffffd3]pHO[0xfffffff3][0xffffffc2][0xfffffff8][0xfffffff2][0xffffff9f][0xffffffcb][0xffffffc7][0xffffffe5]0=[\r][0xffffffaf][0xffffffb7][0xffffffdb][0xfffffffb][0xffffffd3]n[0xffffffd7]>[0x1d][0xf][0xffffffe5][0xffffffed]q[0xffffffb9][0xffffffbc][0xffffffec][0xffffff8e][0xffffffe8][0xffffffef]i[0xffffffd9][0x1f][0xffffffaf][0xf]y[0xffffff8c][0xffffff94]&[0xffffffe2]o[0x14][0xffffffa3]u[0xffffffda][0xffffff8e]AT[0xffffffae][0xffffff91]k[0xffffffe2][0xffffffe0][0xffffffd4][0x8][0xffffffba]r[0xffffff85]\%.[0xffffffed]hB[0xffffffe5][0x12][0xffffffb9]$nA[0xffffff8f]`*[0x17][0xffffffc8][0x5]q[0xffffffe3][0xffffffe5][0xffffffe8][0x1c]s[0x11]"[0xfffffffe][0x12][0xffffffc7][0xffffffe5]][0x1d]/<rO\[0xffffffdb]0:Y[0xffffffb9]C[0xffffffee][0x12][0x17]f[0x4]U9 [0x7][0xffffffe2][0xffffffca][0xffffff84][0x11][0xffffffd6][0xfffffff1][0x16][0xffffffb9]%.[0xffffff83][0xffffffc5][0xffffff87][0xffffff95]c[0xffffffbc]"[0xffffffc5]Ka[0xffffffb8][0xffffffea][0xffffffbf][0xffffffc0]xE[0xffffff8a]W[0xffffff80][0x18][0xffffffa5]^[0x1d][0xffffffc2][0xffffff80]E[\n]"
11:48:44.187 [main] DEBUG org.apache.hc.client5.http.wire -- http-outgoing-20 << "X[0xffffffe0]|[0xffffffcd][0x2][0x18][0xffffffb0][0xffffffa0][0xffffff80]M[0xffffffb0]r4+[0xffffffc7][0xffffff80][0x5][0x5]l|[0xffffff80][0x11]8[0xffffffa1]![0xffffffc4][0x10][0x12]5[0x6][0xffffffd7]f[0xffffffea]c[0xffffffa0]`[0xffffff8d][0xffffffb3]~[0xffffffc4]e[0x18][0xffffffbb][0x18](V[0x3]A[0xffffffad]9[0x8][0x10][0x3]$[\n]"
11:48:44.187 [main] DEBUG org.apache.hc.client5.http.wire -- http-outgoing-20 << "f4[0xffffff96][0xffffffa9][0xffffff8d][0xffffffc1]&[0xffffffaa][0xfffffffd][0x8][0x1c]O01[0xffffff98]D19[0xffffffb8][0xffffff91][0xffffff8c]u[0xc][0x14][0xffffffa4][0xffffffb1][0xffffffce][0xffffffad][0xffffff9b][0x1a]T[0xc]*Q[0xffffffdc]R[0xffffffcc]2c[0x19]C[\n]"
11:48:44.187 [main] DEBUG org.apache.hc.client5.http.wire -- http-outgoing-20 << "[0xffffffd0][0xffffffe0][0x9][0xffffffc0]X[0x19][0xffffff8b][0x18]R|F[0xffffff8b]Qq[0xffffff9e]|[0xffffff88]>[0xffffffc5][0xffffffa7][0xfffffff1][0xffffff8f][0xffffffe2][0xffffff99][0xffffffbd][0xffffff8f]>[0xffffffc5][0xffffffa7][0xffffff95][0x19][0x3]0u[0xffffffd1][0xffffffa7][0xfffffff0][0xffffff94][0x17][0xffffffa3][0xfffffff7]L![0xfffffffa][0x14][0xffffff9e]28/[0xffffffa7][0xffffffc2][0xffffffdb][0xffffffe8]Sx[0xffffffd2][0xffffffeb][0xffffffd1][0xffffffb3]k[0xffffffde]D[0xffffff9f][0xffffffc2][0xffffff93][0xffffffc6][0xffffff8d][0xffffff9a]s[0xffffffec]u[0xfffffff4]):[0xffffffda]I[0xffffffcd][0xffffffa9][0xfffffff0]2[0xfffffffa][0x14][0xffffff86][0xffffffc0][0xffffffcc]K][0xffffff97][0x13][0xffffffd1]S[0x18]:[0xffffffa0]/x[0xffffff84][\n]"
11:48:44.187 [main] DEBUG org.apache.hc.client5.http.wire -- http-outgoing-20 << "v![0xffffffba][0xffffff90][0xffffffb0][0xffffffb1][0xffffffa3][0xffffffae][0xffffffd4]G[0xffffffe7][0x13][0xffffffc5][0xffffffb3][0xffffff83][0xffffffe7][0xffffff8a][0xffffffb1][0xffffff8b][0xffffff8e][0x2][0xffffffd1][0x1e][0xfffffff0][`7[0x1c]D[0x7][0xffffff89][0xffffffe2][0x1][0xffffff97][0xffffffaa][0xffffffce]a[0xffffffa3][0xffffffa3]H[0xffffffb4]sx[0xffffffc0][0xffffffd6][0xffffffd1]&:[0xffffff93][0xffffffb0][0xffffffc2][0xfffffff3][0xffffffcb]PGG[0xffffff91]h[0xffffffc0][0xffffff80][0xffffff80]]v**[0xffffffdc]Q[0xffffffb6][0xffffffe4][0xffffff9d]%[0xffffffc8]b[0xffffffc7] [0xffffff90][0xffffffc5]{[0x3][0xffffff9e],[0xffffffce](8[0xffffffb2]x7[0x1][0xffffffc8]bg[0xffffffc0][0xffffffa2]US[0x4][0xffffff86],[0xffffffce]9h[0xffffffb2]x= _t][0xffffff8f]|[0xffffffa9][0xffffffdf][0xc][0xffffff90]/Z[0xffffffdf]U[0xffffffb5][0xffffffdf][0xffffff97][0xffffffbf][0xffffffe7][0xffffffd3]i?[0xfffffffc]:_[0xffffffa6][0xffffffe7][0xffffffe5]{S[0xffffffca]^[0xffffffa6][0xffffffc3][0xffffffd7][0xffffffe5]_+[0xffffffd9][0x15]K[0xffffffd9][0xb][0x16][0xffffffd0][0xffffff8f]/#[0xffffff96][0xffffffd4][0xffffffdd][[0xffffff9e]b[0xffffffd7][0xffffffbc][0xffffffb0][0xffffffbb]L[0xffffffa7]i[0x7f][0xffffff9d][0xffffffae][0xf][0xffffffcf]y^[0xffffffa9]d[0xffffffc4][0xffffffb4]aBW"[0xffffff88][0xffffffe8][0xffffff86][0xffffffc8][0xffffffb0]!~C[0xffffffdc][0xffffff86][0xffffffc0][0xffffff86][0xffffffd8][\r]1[0x1b][0xffffffa2]7Dm[0xffffff88][0xffffffdc][0xffffff90][0xffffffe4][0xffffffb3][0x1a]U%"d[0xffffffb2][0xffffff8e][0x11]~C[0xffffffdc][0xffffff86][0xffffffc0][0xffffff86][0xffffffd8][\r]I>[0xffffffcb][0xffffff96][0xffffffe8][\r]Q[0x1b]"7Dt$[0xffffff84][0x1e][0xfffffff8][0x1e][0xffffffb8][0x1e]@[0xf]l[0xf]zoC[0xffffffef]l[0xffffffe8]}[\r][0xffffffbd][0xffffffab][0xffffff81]<[0xffffffc5][0xffffffaf][0xffffffad][0x1][0xffffffe3]i>[0x7f]|[0xffffffcf]X2[0xfffffff6][0xffffffa1][0x1b][0xffffffe7]}[0xf]\[0xf][0xffffffa0][0x7][0xffffffb6][0x7][0xffffffa6][0x7][0x14][0xffffff80][0xfffffff2][\r]P=[0xffffffa0][0x0][0xffffff94]k[0xffffff80][0xffffffe8][0xffffff80][0xb]=H[0xffffff9e]B[0x3]\[0xf][0xffffffa0][0x7][0xffffffb6][0x7][0xffffffa6][0x7][0xffffffba][0x7][0xffffffaa][0x7][0xffffffb2][0x7][0xffffffa2][0x3][0x10]z[0xffffff90]<[0xffffffb5][\r]H[0xffffff9e]6_0@[0xf]l[0xf][0xffffff92][0xffffffa7][0xffffffcd][0x7][0x4][0xffffffba][0x7][0xffffffc9][0xffffffd3][0xffffffe6][0xffffffd8]C[0xfffffff2][0xffffffb4]9[0x14] :`C[0xf]|[0xf]\[0xf][0xffffff92][0xffffffa7][0xffffffa2][0x1][0xffffff96]A[[0xb][0xffffffff]x[0xffffff9f].[0xfffffffb][0xffffffa6][0x2].d[0xffffffff][0xffffff9f][\n]"
11:48:44.187 [main] DEBUG org.apache.hc.client5.http.wire -- http-outgoing-20 << "[0xffffff98][0x6]^[0xffffff97][0xffffffe7][0xffffffdb][0xffffffe7][0xfffffffe]2e[0xffffff8b][0xffffffd5]]_[0xf][0xffffffd3][0xffffffc3][0xffffffa4][0xffffff8e]hy[0xffffffd4]![0xffffffa8]>[0xffffff94][0x10][0xffffffcc]Q[0x1d][0xffffffc9][0xffffff90]8^s[0x12]o[0xfffffff1][0xffffffc2]I[\r]&[0xfffffff5][0x15]P'[0xfffffff8][0xffffffc0][0xffffff98][0xffffffc4]`[0x12]_[0x1]E[0xffffff86][0xffffffd4][0xffffff8a]9[0xffffff89][0xffffffc1]$[0xffffffbe]<N[0x13][0x1c]c[0xffffffd2][0xffffff82]I{9[0xfffffffc][0xffffffb2]$[\n]"
11:48:44.187 [main] DEBUG org.apache.hc.client5.http.wire -- http-outgoing-20 << "[0xffffff98][0xffffffc2]E[0xffffffab]5[0xffffffb1][0xffffffc8]e[0xffffff8e]u[0xffffffa2][0xffffff91][0xffffff9a]R[0xffffff95]i[0xffffffb0]Z4J[0xffffffd3]3uw:[0xffffffd3][0x16][\n]"
11:48:44.187 [main] DEBUG org.apache.hc.client5.http.wire -- http-outgoing-20 << "[0xffffffad][0xffffffca][0xffffff94][0x1c]g[0xffffffb0][0xffffffad][0xffffffc8][0xffffffc4]L[0x14]lZ[0xffffff8d][0x19]J[0xffffff94]A[0xffffffb7][\n]"
11:48:44.187 [main] DEBUG org.apache.hc.client5.http.wire -- http-outgoing-20 << "[0x13]eI[0xffffffa6][0xffffffaa][0xffffffd5][0xffffff97][0xffffff98][0xffffffb4][0xffffff82]e+/I[0xffffffb9]e,Zu[0xffffffe9]K[0xffffffe0]>[0xffffffb4][0xffffffda][0x12][0xffffffa0]P[0xffffffdf][0x9][0xffffffcb]L]++[0xffffffa1]l[0xffffff8c][0xffffff87]VT[0xffffffd6][0x14]aq[0xffffffb9][0x13][0xffffff95][0x19][0xffffff9a]FS[0xfffffffa][0xffffffe2][0x18][0x16][0xffffff99];E[0xffffff99][0xffffffa1][0xffffffba][0x17][0xffffff94][0x19][0xffffffca]FOZ^_4r[0xffffff92]][0xffffffc5][0xffffffa2]s'&3[0xfffffff4][0xffffff9d][0xffffff96][0xffffffcc][0xffffffd4]5R[0xffffffd2]1[0xffffff84]FH[0xfffffffa][0xffffffb2]<V[0xffffffa1]UG[0xffffffb2][0xfffffff7]X[0xffffff89]V[0x19][0xffffff89][0x9].T72[0x12]xR[0xffffffd5][0xffffffa8]H_6[0x1c][0xffffffcb][0xffffffd2]*"[0xffffffeb]famZE$[0xffffff9f]u[0xffffffac]O[0xffffffab][0xffffff86][0xffffffe4][0x13][0xffffff8d]5[0xffffffaa][0xffffff91][0xffffff90][0xffffffb2][0xffffff84][0xffffff8a][0xffffff85][0xffffffaa]U[0xffffff90]e-[0xffffffac]V[0xffffffab][0xffffff80]t<[0xffffffab]m[0xfffffff4]#[0x1f]e[0xffffffac]Z[0xffffffab]z[0xffffffac][0xffffff87][0x13]KW[0xffffffa3][0x1e][0xfffffff9]S[0xffffffc3][0xfffffffa][0xffffffd5][0xffffff88][0xffffffc7][0xffffffba]V[0x11]}[0xffffffc9][0xffffffb0][0xffffffa1]5[0xffffff8a][0xffffffe4][0xffffffcb]FQ|[0xffffffd9]([0xffffff82]/[0x1b]E[0xffffffef]e[0xffffffa3][0xffffffc8][0xffffffbd]l[0x14][0xffffffb5][0xffffff97][0xffffff8d]"[0xfffffff6][0xffffffb2]![0xffffffb3][0xffffffba][0xffffffcb][0xffffff86]h[0xc]C[0x1e][0xffffffb0][0xffffffc7][0xffffff86]<[0xffffffd0]e[0x1d]C[0x1e][0xffffffa8][0xffffff92][0xc][0x3][0xffffffd9][0xffffffb8][0xffffff93][0xffffff87][0xfffffff3][0xffffffe1][0xffffffb2]Pe[0x1b]~9[0xffffffbe]LMm|[0xffffffbb]N[0x8][0xfffffffe][0xffffffb3]8[0x1e][0xffffffa7]o[0xffffffd3][0xffffff89]f[0x1d][0xffffffdf]x[0xffffff86]T)[0xffffffa7][0xfffffff3][0xffffffe3][0xffffffc7]uW[0xffffffd9]#M[0xffffffb2][0xffffffbb]-[0xffffffcb][0xffffffe9][0xffffffba][0xfffffffb][0xffffff9c][0xffffffbe][0xffffff94]b[0xfffffff9]@t[0xffffffed][0xffffff80][0xffffffa5][0xffffffc7][0x1b]C[0xfffffffa]B[0xffffffb9][0xffffffff][0xffffff95][0xe][0xffffffe5]9f2S[0xffffffee]~[0xffffffa5]S[0xffffffe9] g[0xffffffca][0xffffffbd][0xffffffaf][0x4][0xffffff90][0xffffffd4][0xffffff9b]f[0xffffffca][0xffffff9d][0xffffffaf][0xffffffb4]x>0{[0xffffff89][0xffffffd6][0xffffffbe]WZ,[0xffffffb4][0xffffffae][0xffffffac]V[0xffffffbb]^i[0x0][0xffffffe7][0xffffff85]B[0xffffffb9][0xffffffe7][0xffffffc5]n[0xffffff81][0xffffffee]"
11:48:44.187 [main] DEBUG org.apache.hc.client5.http.wire -- http-outgoing-20 << "[0xfffffff6][0xc][0xffffffb9][0xffffffe1][0xffffff95][0xffffffda][0xffffffd1]MZ([0xffffffb7][0xffffffbb][0xffffffd8][0xffffffb9]j[0xffffffac]`[0xffffff85]r[0xffffffb3]+[0x15]~[0xffffffa9][0xffffff8e]g[0xffffffe0]V[0x17]{[0x13]S[0xffffff83][0xffffffa8]}.[0xffffffde][0x6][0xffffff96]z[0xffffff87]L[0xffffffb9][0xffffffcb]Ea-[0xffffffd6]y[0xffffffb9][0xffffffc7][0xffffffc5][0xffffffcb][0xffffffc2]R[0xffffffa7]E[0xffffff94];\,[0xfffffffd]T(2+[0xfffffffd][0xffffffad][0xffffffa4][0xffffffe8]Jb[0xffffffb8][0xffffffb9][0xffffffc5][0xffffffd0]Te[0xffffffa5][0xffffffb5][0xffffffc5][0x18]Le[0xffffffa5][0xffffffb1]E[0xffffffaf][0xffffffea][0xffffffca][0xffffffdc][0xffffffd6][0x6][0xffffffac]1ZfTZ[0xffffffda][0xffffff80][0xffffffa9][0xffffffd7]eT[0xffffffe9]g[0xffffff83]X[0x17]([0xffffffbd][0xffffffac][0xffffffa7]JW^,}[0xffffffac][0xffffffc7][0xffffffc0]2[0xffffffe1][0x1e][0xffffff96]v<o[0xc][0xfffffff7][0xffffffaf][0xe]s[^[0xffffffe3][0xffffffe6][0x15] [0xffffff94]-[0xffffffe1][0xffffffc6][0x15][0xfffffff0]H@[0xffffffce][0x5]w[0xffffffad][0xffffff96][0x12]\F[0xffffff95][0xffffff96][0xffffffd5]&[0xffffffe1][0xffffff92][0x8][0xffffffb7][0xffffffab]X[0x1a]lY[0xf][0xffffffab]W[0xffffffae][0xffffff9e][0xffffff81]}[0xffffffe2][0xffffffee][0x15][0xffffffef][0xffffffd9][0xffffffb2]U[0xffffffb5]s[0xffffffc5][0xffffff88][0xfffffff1][0xffffffdc]%V[0xffffffdb]V:[0xffffffb3][0xffffff99][0xffffff94][0xffffff96]U9>:[0xffffffdc][0xffffffad]*]I[0xffffffe9]T[0xffffffa9],[0x16]R[0xffffff9a]T[0xffffffa9]I.$dL|[0xffffffbf]L[0xffffff8f][0xfffffff3][0xfffffff9]z[0xffffffdb][0xffffff9f]N[0xffffffd3]1C[0x15][0xffffff81]nv[0xffffff9d][0xffffffcf][0xffffff89][0xffffff91][0x11]K[0x18][0xffffffa8][0xffffff90][0xffffffc3]7"b[0xffffff9d][0xffffffc4][0xffffffdb].[0xffffffef][0xffffff87][0xfffffff6][0x11]?,[0xffffffa3]C6[0x15][0x15][0x1d][0xffffffdc]i[0xffffff9f][0xffffffcf][0x8][0xfffffff6]gtec[0xffffffbd]~[0xfffffff8][0x7][0x18]<[0xfffffffe][0xffffff8d]h[0x13][0x0][0x0]"
11:48:44.187 [main] DEBUG org.apache.hc.client5.http.impl.classic.InternalHttpClient -- ep-0000000034 releasing valid endpoint
11:48:44.187 [main] DEBUG org.apache.hc.client5.http.impl.io.PoolingHttpClientConnectionManager -- ep-0000000034 releasing endpoint
11:48:44.187 [main] DEBUG org.apache.hc.client5.http.impl.io.PoolingHttpClientConnectionManager -- ep-0000000034 connection http-outgoing-20 can be kept alive for 3 MINUTES
11:48:44.187 [main] DEBUG org.apache.hc.client5.http.impl.io.PoolingHttpClientConnectionManager -- ep-0000000034 connection released [route: {s}->https://raw.githubusercontent.com:443][total available: 2; route allocated: 1 of 5; total allocated: 3 of 25]
11:48:44.187 [main] DEBUG io.github.bonigarcia.wdm.versions.VersionDetector -- Driver for chrome121 not found in online properties (using local versions.properties)
11:48:44.187 [main] DEBUG io.github.bonigarcia.wdm.WebDriverManager -- The driver version for CHROME 121 is unknown ... trying with latest
11:48:44.188 [main] DEBUG org.apache.hc.client5.http.impl.classic.InternalHttpClient -- ex-0000000035 preparing request execution
11:48:44.188 [main] DEBUG org.apache.hc.client5.http.impl.classic.ProtocolExec -- ex-0000000035 target auth state: UNCHALLENGED
11:48:44.188 [main] DEBUG org.apache.hc.client5.http.impl.classic.ProtocolExec -- ex-0000000035 proxy auth state: UNCHALLENGED
11:48:44.188 [main] DEBUG org.apache.hc.client5.http.impl.classic.ConnectExec -- ex-0000000035 acquiring connection with route {s}->https://googlechromelabs.github.io:443
11:48:44.188 [main] DEBUG org.apache.hc.client5.http.impl.classic.InternalHttpClient -- ex-0000000035 acquiring endpoint (3 MINUTES)
11:48:44.188 [main] DEBUG org.apache.hc.client5.http.impl.io.PoolingHttpClientConnectionManager -- ex-0000000035 endpoint lease request (3 MINUTES) [route: {s}->https://googlechromelabs.github.io:443][total available: 2; route allocated: 1 of 5; total allocated: 3 of 25]
11:48:44.188 [main] DEBUG org.apache.hc.client5.http.impl.io.PoolingHttpClientConnectionManager -- ex-0000000035 endpoint leased [route: {s}->https://googlechromelabs.github.io:443][total available: 1; route allocated: 1 of 5; total allocated: 3 of 25]
11:48:44.188 [main] DEBUG org.apache.hc.client5.http.impl.io.PoolingHttpClientConnectionManager -- ex-0000000035 acquired ep-0000000035
11:48:44.188 [main] DEBUG org.apache.hc.client5.http.impl.classic.InternalHttpClient -- ex-0000000035 acquired endpoint ep-0000000035
11:48:44.188 [main] DEBUG org.apache.hc.client5.http.impl.classic.MainClientExec -- ex-0000000035 executing GET /chrome-for-testing/last-known-good-versions-with-downloads.json HTTP/1.1
11:48:44.188 [main] DEBUG org.apache.hc.client5.http.protocol.RequestAddCookies -- ex-0000000035 Cookie spec selected: strict
11:48:44.188 [main] DEBUG org.apache.hc.client5.http.impl.classic.InternalHttpClient -- ep-0000000035 start execution ex-0000000035
11:48:44.188 [main] DEBUG org.apache.hc.client5.http.impl.io.PoolingHttpClientConnectionManager -- ep-0000000035 executing exchange ex-0000000035 over http-outgoing-18
11:48:44.188 [main] DEBUG org.apache.hc.client5.http.headers -- http-outgoing-18 >> GET /chrome-for-testing/last-known-good-versions-with-downloads.json HTTP/1.1
11:48:44.188 [main] DEBUG org.apache.hc.client5.http.headers -- http-outgoing-18 >> user-agent: Apache-HttpClient/5.0
11:48:44.188 [main] DEBUG org.apache.hc.client5.http.headers -- http-outgoing-18 >> accept-encoding: gzip, deflate, br
11:48:44.188 [main] DEBUG org.apache.hc.client5.http.headers -- http-outgoing-18 >> cache-control: max-age=0
11:48:44.188 [main] DEBUG org.apache.hc.client5.http.headers -- http-outgoing-18 >> connection: keep-alive
11:48:44.188 [main] DEBUG org.apache.hc.client5.http.headers -- http-outgoing-18 >> Host: googlechromelabs.github.io
11:48:44.188 [main] DEBUG org.apache.hc.client5.http.wire -- http-outgoing-18 >> "GET /chrome-for-testing/last-known-good-versions-with-downloads.json HTTP/1.1[\r][\n]"
11:48:44.188 [main] DEBUG org.apache.hc.client5.http.wire -- http-outgoing-18 >> "user-agent: Apache-HttpClient/5.0[\r][\n]"
11:48:44.188 [main] DEBUG org.apache.hc.client5.http.wire -- http-outgoing-18 >> "accept-encoding: gzip, deflate, br[\r][\n]"
11:48:44.188 [main] DEBUG org.apache.hc.client5.http.wire -- http-outgoing-18 >> "cache-control: max-age=0[\r][\n]"
11:48:44.188 [main] DEBUG org.apache.hc.client5.http.wire -- http-outgoing-18 >> "connection: keep-alive[\r][\n]"
11:48:44.188 [main] DEBUG org.apache.hc.client5.http.wire -- http-outgoing-18 >> "Host: googlechromelabs.github.io[\r][\n]"
11:48:44.188 [main] DEBUG org.apache.hc.client5.http.wire -- http-outgoing-18 >> "[\r][\n]"
11:48:44.210 [main] DEBUG org.apache.hc.client5.http.wire -- http-outgoing-18 << "HTTP/1.1 200 OK[\r][\n]"
11:48:44.210 [main] DEBUG org.apache.hc.client5.http.wire -- http-outgoing-18 << "Connection: keep-alive[\r][\n]"
11:48:44.210 [main] DEBUG org.apache.hc.client5.http.wire -- http-outgoing-18 << "Content-Length: 640[\r][\n]"
11:48:44.210 [main] DEBUG org.apache.hc.client5.http.wire -- http-outgoing-18 << "Server: GitHub.com[\r][\n]"
11:48:44.210 [main] DEBUG org.apache.hc.client5.http.wire -- http-outgoing-18 << "Content-Type: application/json; charset=utf-8[\r][\n]"
11:48:44.210 [main] DEBUG org.apache.hc.client5.http.wire -- http-outgoing-18 << "permissions-policy: interest-cohort=()[\r][\n]"
11:48:44.210 [main] DEBUG org.apache.hc.client5.http.wire -- http-outgoing-18 << "x-origin-cache: HIT[\r][\n]"
11:48:44.210 [main] DEBUG org.apache.hc.client5.http.wire -- http-outgoing-18 << "Last-Modified: Mon, 12 Feb 2024 04:09:36 GMT[\r][\n]"
11:48:44.210 [main] DEBUG org.apache.hc.client5.http.wire -- http-outgoing-18 << "Access-Control-Allow-Origin: *[\r][\n]"
11:48:44.210 [main] DEBUG org.apache.hc.client5.http.wire -- http-outgoing-18 << "Strict-Transport-Security: max-age=31556952[\r][\n]"
11:48:44.210 [main] DEBUG org.apache.hc.client5.http.wire -- http-outgoing-18 << "ETag: W/"65c99a00-229c"[\r][\n]"
11:48:44.210 [main] DEBUG org.apache.hc.client5.http.wire -- http-outgoing-18 << "expires: Mon, 12 Feb 2024 04:19:55 GMT[\r][\n]"
11:48:44.210 [main] DEBUG org.apache.hc.client5.http.wire -- http-outgoing-18 << "Cache-Control: max-age=600[\r][\n]"
11:48:44.210 [main] DEBUG org.apache.hc.client5.http.wire -- http-outgoing-18 << "Content-Encoding: gzip[\r][\n]"
11:48:44.210 [main] DEBUG org.apache.hc.client5.http.wire -- http-outgoing-18 << "x-proxy-cache: HIT[\r][\n]"
11:48:44.210 [main] DEBUG org.apache.hc.client5.http.wire -- http-outgoing-18 << "X-GitHub-Request-Id: EECE:F2983:9FFA93:AC18FB:65C99AC6[\r][\n]"
11:48:44.210 [main] DEBUG org.apache.hc.client5.http.wire -- http-outgoing-18 << "Accept-Ranges: bytes[\r][\n]"
11:48:44.210 [main] DEBUG org.apache.hc.client5.http.wire -- http-outgoing-18 << "Date: Mon, 12 Feb 2024 04:48:44 GMT[\r][\n]"
11:48:44.210 [main] DEBUG org.apache.hc.client5.http.wire -- http-outgoing-18 << "Via: 1.1 varnish[\r][\n]"
11:48:44.210 [main] DEBUG org.apache.hc.client5.http.wire -- http-outgoing-18 << "Age: 157[\r][\n]"
11:48:44.210 [main] DEBUG org.apache.hc.client5.http.wire -- http-outgoing-18 << "X-Served-By: cache-qpg1223-QPG[\r][\n]"
11:48:44.210 [main] DEBUG org.apache.hc.client5.http.wire -- http-outgoing-18 << "X-Cache: HIT[\r][\n]"
11:48:44.210 [main] DEBUG org.apache.hc.client5.http.wire -- http-outgoing-18 << "X-Cache-Hits: 2[\r][\n]"
11:48:44.210 [main] DEBUG org.apache.hc.client5.http.wire -- http-outgoing-18 << "X-Timer: S1707713324.267102,VS0,VE1[\r][\n]"
11:48:44.210 [main] DEBUG org.apache.hc.client5.http.wire -- http-outgoing-18 << "Vary: Accept-Encoding[\r][\n]"
11:48:44.210 [main] DEBUG org.apache.hc.client5.http.wire -- http-outgoing-18 << "X-Fastly-Request-ID: 2cd10b30e260622254c321f4d52dd0fd75d8bddd[\r][\n]"
11:48:44.210 [main] DEBUG org.apache.hc.client5.http.wire -- http-outgoing-18 << "[\r][\n]"
11:48:44.210 [main] DEBUG org.apache.hc.client5.http.headers -- http-outgoing-18 << HTTP/1.1 200 OK
11:48:44.210 [main] DEBUG org.apache.hc.client5.http.headers -- http-outgoing-18 << Connection: keep-alive
11:48:44.210 [main] DEBUG org.apache.hc.client5.http.headers -- http-outgoing-18 << Content-Length: 640
11:48:44.210 [main] DEBUG org.apache.hc.client5.http.headers -- http-outgoing-18 << Server: GitHub.com
11:48:44.210 [main] DEBUG org.apache.hc.client5.http.headers -- http-outgoing-18 << Content-Type: application/json; charset=utf-8
11:48:44.210 [main] DEBUG org.apache.hc.client5.http.headers -- http-outgoing-18 << permissions-policy: interest-cohort=()
11:48:44.210 [main] DEBUG org.apache.hc.client5.http.headers -- http-outgoing-18 << x-origin-cache: HIT
11:48:44.210 [main] DEBUG org.apache.hc.client5.http.headers -- http-outgoing-18 << Last-Modified: Mon, 12 Feb 2024 04:09:36 GMT
11:48:44.210 [main] DEBUG org.apache.hc.client5.http.headers -- http-outgoing-18 << Access-Control-Allow-Origin: *
11:48:44.210 [main] DEBUG org.apache.hc.client5.http.headers -- http-outgoing-18 << Strict-Transport-Security: max-age=31556952
11:48:44.210 [main] DEBUG org.apache.hc.client5.http.headers -- http-outgoing-18 << ETag: W/"65c99a00-229c"
11:48:44.210 [main] DEBUG org.apache.hc.client5.http.headers -- http-outgoing-18 << expires: Mon, 12 Feb 2024 04:19:55 GMT
11:48:44.210 [main] DEBUG org.apache.hc.client5.http.headers -- http-outgoing-18 << Cache-Control: max-age=600
11:48:44.210 [main] DEBUG org.apache.hc.client5.http.headers -- http-outgoing-18 << Content-Encoding: gzip
11:48:44.210 [main] DEBUG org.apache.hc.client5.http.headers -- http-outgoing-18 << x-proxy-cache: HIT
11:48:44.210 [main] DEBUG org.apache.hc.client5.http.headers -- http-outgoing-18 << X-GitHub-Request-Id: EECE:F2983:9FFA93:AC18FB:65C99AC6
11:48:44.210 [main] DEBUG org.apache.hc.client5.http.headers -- http-outgoing-18 << Accept-Ranges: bytes
11:48:44.210 [main] DEBUG org.apache.hc.client5.http.headers -- http-outgoing-18 << Date: Mon, 12 Feb 2024 04:48:44 GMT
11:48:44.210 [main] DEBUG org.apache.hc.client5.http.headers -- http-outgoing-18 << Via: 1.1 varnish
11:48:44.210 [main] DEBUG org.apache.hc.client5.http.headers -- http-outgoing-18 << Age: 157
11:48:44.210 [main] DEBUG org.apache.hc.client5.http.headers -- http-outgoing-18 << X-Served-By: cache-qpg1223-QPG
11:48:44.210 [main] DEBUG org.apache.hc.client5.http.headers -- http-outgoing-18 << X-Cache: HIT
11:48:44.210 [main] DEBUG org.apache.hc.client5.http.headers -- http-outgoing-18 << X-Cache-Hits: 2
11:48:44.210 [main] DEBUG org.apache.hc.client5.http.headers -- http-outgoing-18 << X-Timer: S1707713324.267102,VS0,VE1
11:48:44.210 [main] DEBUG org.apache.hc.client5.http.headers -- http-outgoing-18 << Vary: Accept-Encoding
11:48:44.210 [main] DEBUG org.apache.hc.client5.http.headers -- http-outgoing-18 << X-Fastly-Request-ID: 2cd10b30e260622254c321f4d52dd0fd75d8bddd
11:48:44.210 [main] DEBUG org.apache.hc.client5.http.impl.classic.MainClientExec -- ex-0000000035 connection can be kept alive for 3 MINUTES
11:48:44.210 [main] DEBUG org.apache.hc.client5.http.wire -- http-outgoing-18 << "[0x1f][0xffffff8b][0x8][0x0][0x0][0x0][0x0][0x0][0x0][0x3][0xffffffcd][0xffffff96][0xffffffcb][0xffffff8e][0xffffff9b]0[0x14][0xffffff86][0xfffffff7]}[0xc][0xffffffaf][0xffffffc1]`[0x8][0xffffffe4][0xffffffb2][0xffffff9c][0xffffff99]7hWSu[0xffffffe1][0x6]7A2[0x10][0xffffff81]'[0xffffffd3]N[0xffffffc4][0xffffffbb][0xffffffd7][0x10][0xffffffc3]p[0xffffffb1][0xffffff99]U|[0xffffff90]"%[0x1c][0xffffff9c]s~[0xffffffd0][0xffffffa7][0xffffffa3][0xffffffef][0xffffff86]D[0xffffff9a][0xffffffb1]J[0xffffffd0][0xffffffec][0xffffff82][0xe]([0xfffffff0][0xffffff83][0xffffff8d][0xffffffeb][0x7].!?[0x2]r[0xfffffff0][0xfffffff7][0xfffffff2][0xffffff83]}B^[0xffffff91][0xffffff83][0xffffff8e]g[0xffffff9a][0xffffffe7][0xffffff8c]W[0xffffffe8]pC[0xffffffdf][0x5][0xfffffffd][0xffffffcd]Y[0xfffffff3]KU[0xffffffe5]_U[0xffffffcd]AWVVi[0xffffff91][0xffffffcb][0x12][0x9][0x8][0xfffffff6]qL[0xffffffe2]-[0xffffffde]E[0xfffffff2]N[0xffffffc9][0xffffffae]i[0x7f]+[0xc][0xffffff89][0xffffffbf][0xffffff95][0xffffffc5][0xffffffa4]x[0xffffffcf]yA[0xffffff93][0xffffffea][0xffffffde][0xffffffae],2[0xffffffd9][0xfffffff8][0xffffffe7][\r]]8[0x15][0x7f][0xffffff8a]2[0xffffff93][0xffffff87]y[0xffffff9a][0xffffffbf][0xfffffffd][0xffffff8d]7[0xfffffff2][0xfffffff0][[0xffffffd9][0xffffff8c]:[0xb]q[0xffffffa9][0xe][0xffffff9e][0xffffffc7][0xffffff92][0x13]K8[0xffffffce][0x18]>][0x5][0xffffffc1][0xffffffc7]"S%[0xffffffef][0xffffffde]G}[0xffffffb9][0xffffffb2][0xffffff8d]+[0xffffffe4]3[0xffffffa6][0xfffffff9][0xffffffc9][0x1b]e[0xfffffff2]T[0xffffffe7][0xffffffee][0xffffffa0][0xffffffba][0xffffffc4][0x1f][0xffffffe9][0x5][0xffffffd5][0xffffffce](CF[0xffffff8f].-[0xffffffb3][0xffffff87][0xffffffa4][0xffffffe8]{wG[0xfffffffb][0xffffff82])[0xffffffc9]c[0xffffffde][0xffffff86][0xffffffea]<Lax[0x1b][0xffffffef]i[0x1e][0x6][0xf]H[0xffffffd0][0xfffffff6][0xffffffed][0xffffff8e][0xffffffb5][0x17][0xffffff86][0xffffffe9][0xf]y[0xfffffffe][0xffffffb6][0xffffffef]`z[0xfffffff7][0xffffffec][0xffffffbf][0x1c][0x5]fR[0xffffffa6][0xffffff92]n(<[0xffffffef][0xffffffd3][0xffffffd7][0x2][0xffffffa9]J[0xffffffb3][\n]"
11:48:44.210 [main] DEBUG org.apache.hc.client5.http.wire -- http-outgoing-18 << "T[0x7]Y[0x0][0xffffff81]U)@[0xffffffb1][0xfffffffd][0xffffffcc]0[0xffffff83][0xffffffd7]=3[0xffffff9a]pVUnuf[0xffffff9c]CQ<[0xffffff89][0xffffffb1][0x16][0xffffff9c][0xffffffa7][0xffffffb1]V[0xffffffc1][0xffffffb5].[0x14] [0xffffffe0][0xffffffd3]8[0xffffffa0][0xffffffa4]k[0xffffffc2][0xfffffff4][0xffffffc8][0xffffffd7][0xffffffb5][0xffffff83][0xffffff9e][0xffffff98][0xffffffa0]cCi+c?[0x9][0xffffff9a][0xffffffe6]ALp[0xffffffb0][0xffffff9f][0xfffffffa]I[0xffffffe4]G;[0x1f][0xffffffc2]O[0x6][0xffffff99][0x0][0xfffffffd]d[0xffffff98][0x2][0xffffffd2]O[0xffffffa6]9[0xffffffec][0xfffffffb][0xffffffc9]0[0xffffff81]}?[0xffffff99]L[0xffffff87][0xfffffff7][0x13]3[0xffffff9e][0xfffffff6][0xfffffffd]d[0x9]R[0xfffffffb]~bF[0xffffffd5][0xffffffae][0xffffff9f][0xffffff98][0xffffff80][0xffffffb5][0xffffffe9]'&l[0xffffffd7][0xffffffe2]'[0xb]K[0x16][0xffffffce]O[0x16]w.[0xffffff9c][0xffffff9f],[0xffffffac]`[0x18]?1nd[0x8]?1.[0xffffffe8]/[0xfffffffc][0xffffffe4][0xffffff85]][0xffffffc7]z[0xffffffd2][0x14][0xffffffc6]v[0x12][0xffffffb6][0xffffffad]w1[0xfffffff6]gr[0xffffffb2]%[0xffffff9b][0x10]BN>#[0x1][0xffffffba][0xffffffc9] [0x4][0xffffffa4][0xffffff9a]Lb[0xffffffd8]7[0xffffff93]A[0x0][0xfffffffb]b2[0x1e][0xe][0xffffffef]%F2[0xffffffed]k[0xffffffc9][0x2][0xffffff9f][0xfffffff6][0xffffffad][0xffffffc4]H[0xffffffa9]])1[0xffffffb0]j[0xffffffd3]I[0xc][0xffffffc4][0xffffffae]EI[0xffffffcc][0xffffffab][0x15][0xffffffce]H[0xffffff96]6-[0xffffff9c][0xffffff90][0xffffff98][0x17]/[0xffffff8c][0xffffff8f][0xffffff98][0xfffffff6]0[0xffffff84][0xffffff8e][0xffffff98][0xffffffd6][0xfffffff2][0x17]6[0xfffffff2]LsZ[0xfffffffe][0x1b][0xb][0xffffff89][0xffffffaa][0xffffffe9][0xffffff9c]d[0x1f]i[0xffffff9c]d[0xffffffb7][0xffffff8f][0x8][0xffffff9c][0xffffff93]4[0xffffff91][0xffffffc0][0xffffff9d][0xffffffa4][\r][0x1][0xffffffef]$}[0xc]('i[0x3]@9I7|-N[0xffffffa2]![0x13][0xffffffca]I[0xffffffb4]|B9[0xffffff89][0xffffff86]R[0x8]'[0xffffff99][0xffffffb1]j[0xffffffdf]If[0xffffffc4][0xffffffae][0xffffffcb]It[0xffffffab][0x15][0xffffffda]I[0xfffffff4][0xffffff9b][0x16][0xffffffda]It[0xffffff8b][0x17][0xffffffd2]I[0xffffffe6]{[0x18][0xffffffce]I[0xffffffe6]ky[0xffffffd1]I[0xffffffea][0xfffffffa][0xffffffdb][0x7f][0xffffffd5][0xffffffa2][0xffffff9a]W[0xffffff9c]"[0x0][0x0]"
11:48:44.211 [main] DEBUG org.apache.hc.client5.http.impl.classic.InternalHttpClient -- ep-0000000035 releasing valid endpoint
11:48:44.211 [main] DEBUG org.apache.hc.client5.http.impl.io.PoolingHttpClientConnectionManager -- ep-0000000035 releasing endpoint
11:48:44.211 [main] DEBUG org.apache.hc.client5.http.impl.io.PoolingHttpClientConnectionManager -- ep-0000000035 connection http-outgoing-18 can be kept alive for 3 MINUTES
11:48:44.211 [main] DEBUG org.apache.hc.client5.http.impl.io.PoolingHttpClientConnectionManager -- ep-0000000035 connection released [route: {s}->https://googlechromelabs.github.io:443][total available: 2; route allocated: 1 of 5; total allocated: 3 of 25]
11:48:44.212 [main] DEBUG io.github.bonigarcia.wdm.WebDriverManager -- Driver to be downloaded chromedriver 121.0.6167.85
11:48:44.212 [main] DEBUG io.github.bonigarcia.wdm.cache.ResolutionCache -- Storing resolution chrome=121 in cache (valid until 12:48:44 12/02/2024 WIB)
11:48:44.213 [main] DEBUG io.github.bonigarcia.wdm.cache.ResolutionCache -- Storing resolution chrome121=121.0.6167.85 in cache (valid until 11:48:44 13/02/2024 WIB)
11:48:44.213 [main] INFO io.github.bonigarcia.wdm.WebDriverManager -- Exporting webdriver.chrome.driver as /Users/fizkiarditiakusuma/.cache/selenium/chromedriver/mac-arm64/121.0.6167.85/chromedriver
  &amp#27;[32mGiven &amp#27;[0m&amp#27;[32mPengguna telah membuka situs Kepabeanan&amp#27;[0m                                &amp#27;[90m# step_definitions.login.penggunaTelahMembukaSitusKepabeanan()&amp#27;[0m
  &amp#27;[32mThen &amp#27;[0m&amp#27;[32mPengguna Klik Field Username&amp#27;[0m                                            &amp#27;[90m# step_definitions.login.penggunaKlikFieldUsername()&amp#27;[0m
  &amp#27;[32mAnd &amp#27;[0m&amp#27;[32mPengguna memasukan berbagai macam Test dalam field Username &amp#27;[0m&amp#27;[32m&amp#27;[1m"!@#$%^&*()"&amp#27;[0m &amp#27;[90m# step_definitions.login.penggunaMemasukanBerbagaiMacamTestDalamFieldUsername(java.lang.String)&amp#27;[0m
]]></system-out>
  </testcase>
  <testcase name="LG 004 - Verifikasi Field Username #4" classname="login" time="4.791">
    <system-out><![CDATA[
@login
Scenario Outline: LG 004 - Verifikasi Field Username                           &amp#27;[90m# features//login.feature:31&amp#27;[0m
11:48:49.434 [main] DEBUG io.github.bonigarcia.wdm.WebDriverManager -- Using WebDriverManager 5.6.3
11:48:49.437 [main] DEBUG io.github.bonigarcia.wdm.WebDriverManager -- Using URL built from repository pattern: https://edgedl.me.gvt1.com/edgedl/chrome/chrome-for-testing/121.0.6167.139/mac-arm64/chromedriver-mac-arm64.zip
11:48:49.437 [main] DEBUG org.apache.hc.client5.http.impl.classic.InternalHttpClient -- ex-0000000036 preparing request execution
11:48:49.437 [main] DEBUG org.apache.hc.client5.http.impl.classic.ProtocolExec -- ex-0000000036 target auth state: UNCHALLENGED
11:48:49.437 [main] DEBUG org.apache.hc.client5.http.impl.classic.ProtocolExec -- ex-0000000036 proxy auth state: UNCHALLENGED
11:48:49.437 [main] DEBUG org.apache.hc.client5.http.impl.classic.ConnectExec -- ex-0000000036 acquiring connection with route {s}->https://googlechromelabs.github.io:443
11:48:49.437 [main] DEBUG org.apache.hc.client5.http.impl.classic.InternalHttpClient -- ex-0000000036 acquiring endpoint (3 MINUTES)
11:48:49.437 [main] DEBUG org.apache.hc.client5.http.impl.io.PoolingHttpClientConnectionManager -- ex-0000000036 endpoint lease request (3 MINUTES) [route: {s}->https://googlechromelabs.github.io:443][total available: 0; route allocated: 0 of 5; total allocated: 0 of 25]
11:48:49.437 [main] DEBUG org.apache.hc.client5.http.impl.io.PoolingHttpClientConnectionManager -- ex-0000000036 endpoint leased [route: {s}->https://googlechromelabs.github.io:443][total available: 0; route allocated: 1 of 5; total allocated: 1 of 25]
11:48:49.437 [main] DEBUG org.apache.hc.client5.http.impl.io.PoolingHttpClientConnectionManager -- ex-0000000036 acquired ep-0000000036
11:48:49.437 [main] DEBUG org.apache.hc.client5.http.impl.classic.InternalHttpClient -- ex-0000000036 acquired endpoint ep-0000000036
11:48:49.437 [main] DEBUG org.apache.hc.client5.http.impl.classic.ConnectExec -- ex-0000000036 opening connection {s}->https://googlechromelabs.github.io:443
11:48:49.437 [main] DEBUG org.apache.hc.client5.http.impl.classic.InternalHttpClient -- ep-0000000036 connecting endpoint (null)
11:48:49.437 [main] DEBUG org.apache.hc.client5.http.impl.io.PoolingHttpClientConnectionManager -- ep-0000000036 connecting endpoint to https://googlechromelabs.github.io:443 (30 SECONDS)
11:48:49.438 [main] DEBUG org.apache.hc.client5.http.impl.io.DefaultHttpClientConnectionOperator -- googlechromelabs.github.io resolving remote address
11:48:49.438 [main] DEBUG org.apache.hc.client5.http.impl.io.DefaultHttpClientConnectionOperator -- googlechromelabs.github.io resolved to [googlechromelabs.github.io/185.199.108.153, googlechromelabs.github.io/185.199.111.153, googlechromelabs.github.io/185.199.109.153, googlechromelabs.github.io/185.199.110.153, googlechromelabs.github.io/2606:50c0:8000:0:0:0:0:153, googlechromelabs.github.io/2606:50c0:8001:0:0:0:0:153, googlechromelabs.github.io/2606:50c0:8002:0:0:0:0:153, googlechromelabs.github.io/2606:50c0:8003:0:0:0:0:153]
11:48:49.438 [main] DEBUG org.apache.hc.client5.http.impl.io.DefaultHttpClientConnectionOperator -- googlechromelabs.github.io:443 connecting null->googlechromelabs.github.io/185.199.108.153:443 (30 SECONDS)
11:48:49.438 [main] DEBUG org.apache.hc.client5.http.ssl.SSLConnectionSocketFactory -- Connecting socket to googlechromelabs.github.io/185.199.108.153:443 with timeout 30 SECONDS
11:48:49.458 [main] DEBUG org.apache.hc.client5.http.ssl.SSLConnectionSocketFactory -- Enabled protocols: [TLSv1.3, TLSv1.2]
11:48:49.458 [main] DEBUG org.apache.hc.client5.http.ssl.SSLConnectionSocketFactory -- Enabled cipher suites: [TLS_AES_256_GCM_SHA384, TLS_AES_128_GCM_SHA256, TLS_CHACHA20_POLY1305_SHA256, TLS_ECDHE_ECDSA_WITH_AES_256_GCM_SHA384, TLS_ECDHE_ECDSA_WITH_AES_128_GCM_SHA256, TLS_ECDHE_ECDSA_WITH_CHACHA20_POLY1305_SHA256, TLS_ECDHE_RSA_WITH_AES_256_GCM_SHA384, TLS_ECDHE_RSA_WITH_CHACHA20_POLY1305_SHA256, TLS_ECDHE_RSA_WITH_AES_128_GCM_SHA256, TLS_DHE_RSA_WITH_AES_256_GCM_SHA384, TLS_DHE_RSA_WITH_CHACHA20_POLY1305_SHA256, TLS_DHE_DSS_WITH_AES_256_GCM_SHA384, TLS_DHE_RSA_WITH_AES_128_GCM_SHA256, TLS_DHE_DSS_WITH_AES_128_GCM_SHA256, TLS_ECDHE_ECDSA_WITH_AES_256_CBC_SHA384, TLS_ECDHE_RSA_WITH_AES_256_CBC_SHA384, TLS_ECDHE_ECDSA_WITH_AES_128_CBC_SHA256, TLS_ECDHE_RSA_WITH_AES_128_CBC_SHA256, TLS_DHE_RSA_WITH_AES_256_CBC_SHA256, TLS_DHE_DSS_WITH_AES_256_CBC_SHA256, TLS_DHE_RSA_WITH_AES_128_CBC_SHA256, TLS_DHE_DSS_WITH_AES_128_CBC_SHA256, TLS_ECDH_ECDSA_WITH_AES_256_GCM_SHA384, TLS_ECDH_RSA_WITH_AES_256_GCM_SHA384, TLS_ECDH_ECDSA_WITH_AES_128_GCM_SHA256, TLS_ECDH_RSA_WITH_AES_128_GCM_SHA256, TLS_ECDH_ECDSA_WITH_AES_256_CBC_SHA384, TLS_ECDH_RSA_WITH_AES_256_CBC_SHA384, TLS_ECDH_ECDSA_WITH_AES_128_CBC_SHA256, TLS_ECDH_RSA_WITH_AES_128_CBC_SHA256, TLS_ECDHE_ECDSA_WITH_AES_256_CBC_SHA, TLS_ECDHE_RSA_WITH_AES_256_CBC_SHA, TLS_ECDHE_ECDSA_WITH_AES_128_CBC_SHA, TLS_ECDHE_RSA_WITH_AES_128_CBC_SHA, TLS_DHE_RSA_WITH_AES_256_CBC_SHA, TLS_DHE_DSS_WITH_AES_256_CBC_SHA, TLS_DHE_RSA_WITH_AES_128_CBC_SHA, TLS_DHE_DSS_WITH_AES_128_CBC_SHA, TLS_ECDH_ECDSA_WITH_AES_256_CBC_SHA, TLS_ECDH_RSA_WITH_AES_256_CBC_SHA, TLS_ECDH_ECDSA_WITH_AES_128_CBC_SHA, TLS_ECDH_RSA_WITH_AES_128_CBC_SHA, TLS_RSA_WITH_AES_256_GCM_SHA384, TLS_RSA_WITH_AES_128_GCM_SHA256, TLS_RSA_WITH_AES_256_CBC_SHA256, TLS_RSA_WITH_AES_128_CBC_SHA256, TLS_RSA_WITH_AES_256_CBC_SHA, TLS_RSA_WITH_AES_128_CBC_SHA, TLS_EMPTY_RENEGOTIATION_INFO_SCSV]
11:48:49.458 [main] DEBUG org.apache.hc.client5.http.ssl.SSLConnectionSocketFactory -- Starting handshake (null)
11:48:49.485 [main] DEBUG org.apache.hc.client5.http.ssl.SSLConnectionSocketFactory -- Secure session established
11:48:49.485 [main] DEBUG org.apache.hc.client5.http.ssl.SSLConnectionSocketFactory --  negotiated protocol: TLSv1.3
11:48:49.485 [main] DEBUG org.apache.hc.client5.http.ssl.SSLConnectionSocketFactory --  negotiated cipher suite: TLS_AES_128_GCM_SHA256
11:48:49.485 [main] DEBUG org.apache.hc.client5.http.ssl.SSLConnectionSocketFactory --  peer principal: CN=*.github.io, O="GitHub, Inc.", L=San Francisco, ST=California, C=US
11:48:49.485 [main] DEBUG org.apache.hc.client5.http.ssl.SSLConnectionSocketFactory --  peer alternative names: [*.github.io, github.io, *.github.com, github.com, www.github.com, *.githubusercontent.com, githubusercontent.com]
11:48:49.485 [main] DEBUG org.apache.hc.client5.http.ssl.SSLConnectionSocketFactory --  issuer principal: CN=DigiCert TLS RSA SHA256 2020 CA1, O=DigiCert Inc, C=US
11:48:49.485 [main] DEBUG org.apache.hc.client5.http.impl.io.DefaultManagedHttpClientConnection -- http-outgoing-21 set socket timeout to 3 MINUTES
11:48:49.485 [main] DEBUG org.apache.hc.client5.http.impl.io.DefaultHttpClientConnectionOperator -- googlechromelabs.github.io:443 connected null->googlechromelabs.github.io/185.199.108.153:443 as http-outgoing-21
11:48:49.485 [main] DEBUG org.apache.hc.client5.http.impl.io.PoolingHttpClientConnectionManager -- ep-0000000036 connected http-outgoing-21
11:48:49.485 [main] DEBUG org.apache.hc.client5.http.impl.classic.InternalHttpClient -- ep-0000000036 endpoint connected
11:48:49.485 [main] DEBUG org.apache.hc.client5.http.impl.classic.MainClientExec -- ex-0000000036 executing GET /chrome-for-testing/last-known-good-versions-with-downloads.json HTTP/1.1
11:48:49.485 [main] DEBUG org.apache.hc.client5.http.protocol.RequestAddCookies -- ex-0000000036 Cookie spec selected: strict
11:48:49.485 [main] DEBUG org.apache.hc.client5.http.impl.classic.InternalHttpClient -- ep-0000000036 start execution ex-0000000036
11:48:49.485 [main] DEBUG org.apache.hc.client5.http.impl.io.PoolingHttpClientConnectionManager -- ep-0000000036 executing exchange ex-0000000036 over http-outgoing-21
11:48:49.486 [main] DEBUG org.apache.hc.client5.http.headers -- http-outgoing-21 >> GET /chrome-for-testing/last-known-good-versions-with-downloads.json HTTP/1.1
11:48:49.486 [main] DEBUG org.apache.hc.client5.http.headers -- http-outgoing-21 >> user-agent: Apache-HttpClient/5.0
11:48:49.486 [main] DEBUG org.apache.hc.client5.http.headers -- http-outgoing-21 >> accept-encoding: gzip, deflate, br
11:48:49.486 [main] DEBUG org.apache.hc.client5.http.headers -- http-outgoing-21 >> cache-control: max-age=0
11:48:49.486 [main] DEBUG org.apache.hc.client5.http.headers -- http-outgoing-21 >> connection: keep-alive
11:48:49.486 [main] DEBUG org.apache.hc.client5.http.headers -- http-outgoing-21 >> Host: googlechromelabs.github.io
11:48:49.486 [main] DEBUG org.apache.hc.client5.http.wire -- http-outgoing-21 >> "GET /chrome-for-testing/last-known-good-versions-with-downloads.json HTTP/1.1[\r][\n]"
11:48:49.486 [main] DEBUG org.apache.hc.client5.http.wire -- http-outgoing-21 >> "user-agent: Apache-HttpClient/5.0[\r][\n]"
11:48:49.486 [main] DEBUG org.apache.hc.client5.http.wire -- http-outgoing-21 >> "accept-encoding: gzip, deflate, br[\r][\n]"
11:48:49.486 [main] DEBUG org.apache.hc.client5.http.wire -- http-outgoing-21 >> "cache-control: max-age=0[\r][\n]"
11:48:49.486 [main] DEBUG org.apache.hc.client5.http.wire -- http-outgoing-21 >> "connection: keep-alive[\r][\n]"
11:48:49.486 [main] DEBUG org.apache.hc.client5.http.wire -- http-outgoing-21 >> "Host: googlechromelabs.github.io[\r][\n]"
11:48:49.486 [main] DEBUG org.apache.hc.client5.http.wire -- http-outgoing-21 >> "[\r][\n]"
11:48:49.506 [main] DEBUG org.apache.hc.client5.http.wire -- http-outgoing-21 << "HTTP/1.1 200 OK[\r][\n]"
11:48:49.506 [main] DEBUG org.apache.hc.client5.http.wire -- http-outgoing-21 << "Connection: keep-alive[\r][\n]"
11:48:49.506 [main] DEBUG org.apache.hc.client5.http.wire -- http-outgoing-21 << "Content-Length: 640[\r][\n]"
11:48:49.506 [main] DEBUG org.apache.hc.client5.http.wire -- http-outgoing-21 << "Server: GitHub.com[\r][\n]"
11:48:49.506 [main] DEBUG org.apache.hc.client5.http.wire -- http-outgoing-21 << "Content-Type: application/json; charset=utf-8[\r][\n]"
11:48:49.506 [main] DEBUG org.apache.hc.client5.http.wire -- http-outgoing-21 << "permissions-policy: interest-cohort=()[\r][\n]"
11:48:49.506 [main] DEBUG org.apache.hc.client5.http.wire -- http-outgoing-21 << "x-origin-cache: HIT[\r][\n]"
11:48:49.506 [main] DEBUG org.apache.hc.client5.http.wire -- http-outgoing-21 << "Last-Modified: Mon, 12 Feb 2024 04:09:36 GMT[\r][\n]"
11:48:49.506 [main] DEBUG org.apache.hc.client5.http.wire -- http-outgoing-21 << "Access-Control-Allow-Origin: *[\r][\n]"
11:48:49.506 [main] DEBUG org.apache.hc.client5.http.wire -- http-outgoing-21 << "Strict-Transport-Security: max-age=31556952[\r][\n]"
11:48:49.506 [main] DEBUG org.apache.hc.client5.http.wire -- http-outgoing-21 << "ETag: W/"65c99a00-229c"[\r][\n]"
11:48:49.506 [main] DEBUG org.apache.hc.client5.http.wire -- http-outgoing-21 << "expires: Mon, 12 Feb 2024 04:19:55 GMT[\r][\n]"
11:48:49.506 [main] DEBUG org.apache.hc.client5.http.wire -- http-outgoing-21 << "Cache-Control: max-age=600[\r][\n]"
11:48:49.506 [main] DEBUG org.apache.hc.client5.http.wire -- http-outgoing-21 << "Content-Encoding: gzip[\r][\n]"
11:48:49.506 [main] DEBUG org.apache.hc.client5.http.wire -- http-outgoing-21 << "x-proxy-cache: HIT[\r][\n]"
11:48:49.506 [main] DEBUG org.apache.hc.client5.http.wire -- http-outgoing-21 << "X-GitHub-Request-Id: EECE:F2983:9FFA93:AC18FB:65C99AC6[\r][\n]"
11:48:49.506 [main] DEBUG org.apache.hc.client5.http.wire -- http-outgoing-21 << "Accept-Ranges: bytes[\r][\n]"
11:48:49.506 [main] DEBUG org.apache.hc.client5.http.wire -- http-outgoing-21 << "Date: Mon, 12 Feb 2024 04:48:49 GMT[\r][\n]"
11:48:49.506 [main] DEBUG org.apache.hc.client5.http.wire -- http-outgoing-21 << "Via: 1.1 varnish[\r][\n]"
11:48:49.506 [main] DEBUG org.apache.hc.client5.http.wire -- http-outgoing-21 << "Age: 163[\r][\n]"
11:48:49.506 [main] DEBUG org.apache.hc.client5.http.wire -- http-outgoing-21 << "X-Served-By: cache-qpg1223-QPG[\r][\n]"
11:48:49.506 [main] DEBUG org.apache.hc.client5.http.wire -- http-outgoing-21 << "X-Cache: HIT[\r][\n]"
11:48:49.506 [main] DEBUG org.apache.hc.client5.http.wire -- http-outgoing-21 << "X-Cache-Hits: 3[\r][\n]"
11:48:49.506 [main] DEBUG org.apache.hc.client5.http.wire -- http-outgoing-21 << "X-Timer: S1707713330.564508,VS0,VE1[\r][\n]"
11:48:49.506 [main] DEBUG org.apache.hc.client5.http.wire -- http-outgoing-21 << "Vary: Accept-Encoding[\r][\n]"
11:48:49.506 [main] DEBUG org.apache.hc.client5.http.wire -- http-outgoing-21 << "X-Fastly-Request-ID: e4d2a0a7deb1d4e270763d71b1a81f3cf98ae519[\r][\n]"
11:48:49.506 [main] DEBUG org.apache.hc.client5.http.wire -- http-outgoing-21 << "[\r][\n]"
11:48:49.506 [main] DEBUG org.apache.hc.client5.http.headers -- http-outgoing-21 << HTTP/1.1 200 OK
11:48:49.506 [main] DEBUG org.apache.hc.client5.http.headers -- http-outgoing-21 << Connection: keep-alive
11:48:49.506 [main] DEBUG org.apache.hc.client5.http.headers -- http-outgoing-21 << Content-Length: 640
11:48:49.506 [main] DEBUG org.apache.hc.client5.http.headers -- http-outgoing-21 << Server: GitHub.com
11:48:49.506 [main] DEBUG org.apache.hc.client5.http.headers -- http-outgoing-21 << Content-Type: application/json; charset=utf-8
11:48:49.506 [main] DEBUG org.apache.hc.client5.http.headers -- http-outgoing-21 << permissions-policy: interest-cohort=()
11:48:49.506 [main] DEBUG org.apache.hc.client5.http.headers -- http-outgoing-21 << x-origin-cache: HIT
11:48:49.506 [main] DEBUG org.apache.hc.client5.http.headers -- http-outgoing-21 << Last-Modified: Mon, 12 Feb 2024 04:09:36 GMT
11:48:49.506 [main] DEBUG org.apache.hc.client5.http.headers -- http-outgoing-21 << Access-Control-Allow-Origin: *
11:48:49.506 [main] DEBUG org.apache.hc.client5.http.headers -- http-outgoing-21 << Strict-Transport-Security: max-age=31556952
11:48:49.506 [main] DEBUG org.apache.hc.client5.http.headers -- http-outgoing-21 << ETag: W/"65c99a00-229c"
11:48:49.506 [main] DEBUG org.apache.hc.client5.http.headers -- http-outgoing-21 << expires: Mon, 12 Feb 2024 04:19:55 GMT
11:48:49.506 [main] DEBUG org.apache.hc.client5.http.headers -- http-outgoing-21 << Cache-Control: max-age=600
11:48:49.506 [main] DEBUG org.apache.hc.client5.http.headers -- http-outgoing-21 << Content-Encoding: gzip
11:48:49.506 [main] DEBUG org.apache.hc.client5.http.headers -- http-outgoing-21 << x-proxy-cache: HIT
11:48:49.506 [main] DEBUG org.apache.hc.client5.http.headers -- http-outgoing-21 << X-GitHub-Request-Id: EECE:F2983:9FFA93:AC18FB:65C99AC6
11:48:49.506 [main] DEBUG org.apache.hc.client5.http.headers -- http-outgoing-21 << Accept-Ranges: bytes
11:48:49.506 [main] DEBUG org.apache.hc.client5.http.headers -- http-outgoing-21 << Date: Mon, 12 Feb 2024 04:48:49 GMT
11:48:49.506 [main] DEBUG org.apache.hc.client5.http.headers -- http-outgoing-21 << Via: 1.1 varnish
11:48:49.506 [main] DEBUG org.apache.hc.client5.http.headers -- http-outgoing-21 << Age: 163
11:48:49.506 [main] DEBUG org.apache.hc.client5.http.headers -- http-outgoing-21 << X-Served-By: cache-qpg1223-QPG
11:48:49.506 [main] DEBUG org.apache.hc.client5.http.headers -- http-outgoing-21 << X-Cache: HIT
11:48:49.506 [main] DEBUG org.apache.hc.client5.http.headers -- http-outgoing-21 << X-Cache-Hits: 3
11:48:49.506 [main] DEBUG org.apache.hc.client5.http.headers -- http-outgoing-21 << X-Timer: S1707713330.564508,VS0,VE1
11:48:49.506 [main] DEBUG org.apache.hc.client5.http.headers -- http-outgoing-21 << Vary: Accept-Encoding
11:48:49.506 [main] DEBUG org.apache.hc.client5.http.headers -- http-outgoing-21 << X-Fastly-Request-ID: e4d2a0a7deb1d4e270763d71b1a81f3cf98ae519
11:48:49.506 [main] DEBUG org.apache.hc.client5.http.impl.classic.MainClientExec -- ex-0000000036 connection can be kept alive for 3 MINUTES
11:48:49.507 [main] DEBUG org.apache.hc.client5.http.wire -- http-outgoing-21 << "[0x1f][0xffffff8b][0x8][0x0][0x0][0x0][0x0][0x0][0x0][0x3][0xffffffcd][0xffffff96][0xffffffcb][0xffffff8e][0xffffff9b]0[0x14][0xffffff86][0xfffffff7]}[0xc][0xffffffaf][0xffffffc1]`[0x8][0xffffffe4][0xffffffb2][0xffffff9c][0xffffff99]7hWSu[0xffffffe1][0x6]7A2[0x10][0xffffff81]'[0xffffffd3]N[0xffffffc4][0xffffffbb][0xffffffd7][0x10][0xffffffc3]p[0xffffffb1][0xffffff99]U|[0xffffff90]"%[0x1c][0xffffff9c]s~[0xffffffd0][0xffffffa7][0xffffffa3][0xffffffef][0xffffff86]D[0xffffff9a][0xffffffb1]J[0xffffffd0][0xffffffec][0xffffff82][0xe]([0xfffffff0][0xffffff83][0xffffff8d][0xffffffeb][0x7].!?[0x2]r[0xfffffff0][0xfffffff7][0xfffffff2][0xffffff83]}B^[0xffffff91][0xffffff83][0xffffff8e]g[0xffffff9a][0xffffffe7][0xffffff8c]W[0xffffffe8]pC[0xffffffdf][0x5][0xfffffffd][0xffffffcd]Y[0xfffffff3]KU[0xffffffe5]_U[0xffffffcd]AWVVi[0xffffff91][0xffffffcb][0x12][0x9][0x8][0xfffffff6]qL[0xffffffe2]-[0xffffffde]E[0xfffffff2]N[0xffffffc9][0xffffffae]i[0x7f]+[0xc][0xffffff89][0xffffffbf][0xffffff95][0xffffffc5][0xffffffa4]x[0xffffffcf]yA[0xffffff93][0xffffffea][0xffffffde][0xffffffae],2[0xffffffd9][0xfffffff8][0xffffffe7][\r]]8[0x15][0x7f][0xffffff8a]2[0xffffff93][0xffffff87]y[0xffffff9a][0xffffffbf][0xfffffffd][0xffffff8d]7[0xfffffff2][0xfffffff0][[0xffffffd9][0xffffff8c]:[0xb]q[0xffffffa9][0xe][0xffffff9e][0xffffffc7][0xffffff92][0x13]K8[0xffffffce][0x18]>][0x5][0xffffffc1][0xffffffc7]"S%[0xffffffef][0xffffffde]G}[0xffffffb9][0xffffffb2][0xffffff8d]+[0xffffffe4]3[0xffffffa6][0xfffffff9][0xffffffc9][0x1b]e[0xfffffff2]T[0xffffffe7][0xffffffee][0xffffffa0][0xffffffba][0xffffffc4][0x1f][0xffffffe9][0x5][0xffffffd5][0xffffffce](CF[0xffffff8f].-[0xffffffb3][0xffffff87][0xffffffa4][0xffffffe8]{wG[0xfffffffb][0xffffff82])[0xffffffc9]c[0xffffffde][0xffffff86][0xffffffea]<Lax[0x1b][0xffffffef]i[0x1e][0x6][0xf]H[0xffffffd0][0xfffffff6][0xffffffed][0xffffff8e][0xffffffb5][0x17][0xffffff86][0xffffffe9][0xf]y[0xfffffffe][0xffffffb6][0xffffffef]`z[0xfffffff7][0xffffffec][0xffffffbf][0x1c][0x5]fR[0xffffffa6][0xffffff92]n(<[0xffffffef][0xffffffd3][0xffffffd7][0x2][0xffffffa9]J[0xffffffb3][\n]"
11:48:49.507 [main] DEBUG org.apache.hc.client5.http.wire -- http-outgoing-21 << "T[0x7]Y[0x0][0xffffff81]U)@[0xffffffb1][0xfffffffd][0xffffffcc]0[0xffffff83][0xffffffd7]=3[0xffffff9a]pVUnuf[0xffffff9c]CQ<[0xffffff89][0xffffffb1][0x16][0xffffff9c][0xffffffa7][0xffffffb1]V[0xffffffc1][0xffffffb5].[0x14] [0xffffffe0][0xffffffd3]8[0xffffffa0][0xffffffa4]k[0xffffffc2][0xfffffff4][0xffffffc8][0xffffffd7][0xffffffb5][0xffffff83][0xffffff9e][0xffffff98][0xffffffa0]cCi+c?[0x9][0xffffff9a][0xffffffe6]ALp[0xffffffb0][0xffffff9f][0xfffffffa]I[0xffffffe4]G;[0x1f][0xffffffc2]O[0x6][0xffffff99][0x0][0xfffffffd]d[0xffffff98][0x2][0xffffffd2]O[0xffffffa6]9[0xffffffec][0xfffffffb][0xffffffc9]0[0xffffff81]}?[0xffffff99]L[0xffffff87][0xfffffff7][0x13]3[0xffffff9e][0xfffffff6][0xfffffffd]d[0x9]R[0xfffffffb]~bF[0xffffffd5][0xffffffae][0xffffff9f][0xffffff98][0xffffff80][0xffffffb5][0xffffffe9]'&l[0xffffffd7][0xffffffe2]'[0xb]K[0x16][0xffffffce]O[0x16]w.[0xffffff9c][0xffffff9f],[0xffffffac]`[0x18]?1nd[0x8]?1.[0xffffffe8]/[0xfffffffc][0xffffffe4][0xffffff85]][0xffffffc7]z[0xffffffd2][0x14][0xffffffc6]v[0x12][0xffffffb6][0xffffffad]w1[0xfffffff6]gr[0xffffffb2]%[0xffffff9b][0x10]BN>#[0x1][0xffffffba][0xffffffc9] [0x4][0xffffffa4][0xffffff9a]Lb[0xffffffd8]7[0xffffff93]A[0x0][0xfffffffb]b2[0x1e][0xe][0xffffffef]%F2[0xffffffed]k[0xffffffc9][0x2][0xffffff9f][0xfffffff6][0xffffffad][0xffffffc4]H[0xffffffa9]])1[0xffffffb0]j[0xffffffd3]I[0xc][0xffffffc4][0xffffffae]EI[0xffffffcc][0xffffffab][0x15][0xffffffce]H[0xffffff96]6-[0xffffff9c][0xffffff90][0xffffff98][0x17]/[0xffffff8c][0xffffff8f][0xffffff98][0xfffffff6]0[0xffffff84][0xffffff8e][0xffffff98][0xffffffd6][0xfffffff2][0x17]6[0xfffffff2]LsZ[0xfffffffe][0x1b][0xb][0xffffff89][0xffffffaa][0xffffffe9][0xffffff9c]d[0x1f]i[0xffffff9c]d[0xffffffb7][0xffffff8f][0x8][0xffffff9c][0xffffff93]4[0xffffff91][0xffffffc0][0xffffff9d][0xffffffa4][\r][0x1][0xffffffef]$}[0xc]('i[0x3]@9I7|-N[0xffffffa2]![0x13][0xffffffca]I[0xffffffb4]|B9[0xffffff89][0xffffff86]R[0x8]'[0xffffff99][0xffffffb1]j[0xffffffdf]If[0xffffffc4][0xffffffae][0xffffffcb]It[0xffffffab][0x15][0xffffffda]I[0xfffffff4][0xffffff9b][0x16][0xffffffda]It[0xffffff8b][0x17][0xffffffd2]I[0xffffffe6]{[0x18][0xffffffce]I[0xffffffe6]ky[0xffffffd1]I[0xffffffea][0xfffffffa][0xffffffdb][0x7f][0xffffffd5][0xffffffa2][0xffffff9a]W[0xffffff9c]"[0x0][0x0]"
11:48:49.507 [main] DEBUG org.apache.hc.client5.http.impl.classic.InternalHttpClient -- ep-0000000036 releasing valid endpoint
11:48:49.507 [main] DEBUG org.apache.hc.client5.http.impl.io.PoolingHttpClientConnectionManager -- ep-0000000036 releasing endpoint
11:48:49.507 [main] DEBUG org.apache.hc.client5.http.impl.io.PoolingHttpClientConnectionManager -- ep-0000000036 connection http-outgoing-21 can be kept alive for 3 MINUTES
11:48:49.507 [main] DEBUG org.apache.hc.client5.http.impl.io.PoolingHttpClientConnectionManager -- ep-0000000036 connection released [route: {s}->https://googlechromelabs.github.io:443][total available: 1; route allocated: 1 of 5; total allocated: 1 of 25]
11:48:49.507 [main] DEBUG io.github.bonigarcia.wdm.WebDriverManager -- Driver to be downloaded chromedriver 121.0.6167.139
11:48:49.508 [main] DEBUG io.github.bonigarcia.wdm.WebDriverManager -- Using URL built from repository pattern: https://edgedl.me.gvt1.com/edgedl/chrome/chrome-for-testing/121.0.6167.139/mac-arm64/chromedriver-mac-arm64.zip
11:48:49.508 [main] INFO io.github.bonigarcia.wdm.online.Downloader -- Downloading https://edgedl.me.gvt1.com/edgedl/chrome/chrome-for-testing/121.0.6167.139/mac-arm64/chromedriver-mac-arm64.zip
11:48:49.508 [main] DEBUG org.apache.hc.client5.http.impl.classic.InternalHttpClient -- ex-0000000037 preparing request execution
11:48:49.508 [main] DEBUG org.apache.hc.client5.http.impl.classic.ProtocolExec -- ex-0000000037 target auth state: UNCHALLENGED
11:48:49.508 [main] DEBUG org.apache.hc.client5.http.impl.classic.ProtocolExec -- ex-0000000037 proxy auth state: UNCHALLENGED
11:48:49.508 [main] DEBUG org.apache.hc.client5.http.impl.classic.ConnectExec -- ex-0000000037 acquiring connection with route {s}->https://edgedl.me.gvt1.com:443
11:48:49.508 [main] DEBUG org.apache.hc.client5.http.impl.classic.InternalHttpClient -- ex-0000000037 acquiring endpoint (3 MINUTES)
11:48:49.508 [main] DEBUG org.apache.hc.client5.http.impl.io.PoolingHttpClientConnectionManager -- ex-0000000037 endpoint lease request (3 MINUTES) [route: {s}->https://edgedl.me.gvt1.com:443][total available: 1; route allocated: 0 of 5; total allocated: 1 of 25]
11:48:49.508 [main] DEBUG org.apache.hc.client5.http.impl.io.PoolingHttpClientConnectionManager -- ex-0000000037 endpoint leased [route: {s}->https://edgedl.me.gvt1.com:443][total available: 1; route allocated: 1 of 5; total allocated: 2 of 25]
11:48:49.508 [main] DEBUG org.apache.hc.client5.http.impl.io.PoolingHttpClientConnectionManager -- ex-0000000037 acquired ep-0000000037
11:48:49.508 [main] DEBUG org.apache.hc.client5.http.impl.classic.InternalHttpClient -- ex-0000000037 acquired endpoint ep-0000000037
11:48:49.508 [main] DEBUG org.apache.hc.client5.http.impl.classic.ConnectExec -- ex-0000000037 opening connection {s}->https://edgedl.me.gvt1.com:443
11:48:49.508 [main] DEBUG org.apache.hc.client5.http.impl.classic.InternalHttpClient -- ep-0000000037 connecting endpoint (null)
11:48:49.508 [main] DEBUG org.apache.hc.client5.http.impl.io.PoolingHttpClientConnectionManager -- ep-0000000037 connecting endpoint to https://edgedl.me.gvt1.com:443 (30 SECONDS)
11:48:49.508 [main] DEBUG org.apache.hc.client5.http.impl.io.DefaultHttpClientConnectionOperator -- edgedl.me.gvt1.com resolving remote address
11:48:49.508 [main] DEBUG org.apache.hc.client5.http.impl.io.DefaultHttpClientConnectionOperator -- edgedl.me.gvt1.com resolved to [edgedl.me.gvt1.com/34.104.35.123, edgedl.me.gvt1.com/2600:1900:4110:86f:0:0:0:0]
11:48:49.508 [main] DEBUG org.apache.hc.client5.http.impl.io.DefaultHttpClientConnectionOperator -- edgedl.me.gvt1.com:443 connecting null->edgedl.me.gvt1.com/34.104.35.123:443 (30 SECONDS)
11:48:49.508 [main] DEBUG org.apache.hc.client5.http.ssl.SSLConnectionSocketFactory -- Connecting socket to edgedl.me.gvt1.com/34.104.35.123:443 with timeout 30 SECONDS
11:48:49.543 [main] DEBUG org.apache.hc.client5.http.ssl.SSLConnectionSocketFactory -- Enabled protocols: [TLSv1.3, TLSv1.2]
11:48:49.543 [main] DEBUG org.apache.hc.client5.http.ssl.SSLConnectionSocketFactory -- Enabled cipher suites: [TLS_AES_256_GCM_SHA384, TLS_AES_128_GCM_SHA256, TLS_CHACHA20_POLY1305_SHA256, TLS_ECDHE_ECDSA_WITH_AES_256_GCM_SHA384, TLS_ECDHE_ECDSA_WITH_AES_128_GCM_SHA256, TLS_ECDHE_ECDSA_WITH_CHACHA20_POLY1305_SHA256, TLS_ECDHE_RSA_WITH_AES_256_GCM_SHA384, TLS_ECDHE_RSA_WITH_CHACHA20_POLY1305_SHA256, TLS_ECDHE_RSA_WITH_AES_128_GCM_SHA256, TLS_DHE_RSA_WITH_AES_256_GCM_SHA384, TLS_DHE_RSA_WITH_CHACHA20_POLY1305_SHA256, TLS_DHE_DSS_WITH_AES_256_GCM_SHA384, TLS_DHE_RSA_WITH_AES_128_GCM_SHA256, TLS_DHE_DSS_WITH_AES_128_GCM_SHA256, TLS_ECDHE_ECDSA_WITH_AES_256_CBC_SHA384, TLS_ECDHE_RSA_WITH_AES_256_CBC_SHA384, TLS_ECDHE_ECDSA_WITH_AES_128_CBC_SHA256, TLS_ECDHE_RSA_WITH_AES_128_CBC_SHA256, TLS_DHE_RSA_WITH_AES_256_CBC_SHA256, TLS_DHE_DSS_WITH_AES_256_CBC_SHA256, TLS_DHE_RSA_WITH_AES_128_CBC_SHA256, TLS_DHE_DSS_WITH_AES_128_CBC_SHA256, TLS_ECDH_ECDSA_WITH_AES_256_GCM_SHA384, TLS_ECDH_RSA_WITH_AES_256_GCM_SHA384, TLS_ECDH_ECDSA_WITH_AES_128_GCM_SHA256, TLS_ECDH_RSA_WITH_AES_128_GCM_SHA256, TLS_ECDH_ECDSA_WITH_AES_256_CBC_SHA384, TLS_ECDH_RSA_WITH_AES_256_CBC_SHA384, TLS_ECDH_ECDSA_WITH_AES_128_CBC_SHA256, TLS_ECDH_RSA_WITH_AES_128_CBC_SHA256, TLS_ECDHE_ECDSA_WITH_AES_256_CBC_SHA, TLS_ECDHE_RSA_WITH_AES_256_CBC_SHA, TLS_ECDHE_ECDSA_WITH_AES_128_CBC_SHA, TLS_ECDHE_RSA_WITH_AES_128_CBC_SHA, TLS_DHE_RSA_WITH_AES_256_CBC_SHA, TLS_DHE_DSS_WITH_AES_256_CBC_SHA, TLS_DHE_RSA_WITH_AES_128_CBC_SHA, TLS_DHE_DSS_WITH_AES_128_CBC_SHA, TLS_ECDH_ECDSA_WITH_AES_256_CBC_SHA, TLS_ECDH_RSA_WITH_AES_256_CBC_SHA, TLS_ECDH_ECDSA_WITH_AES_128_CBC_SHA, TLS_ECDH_RSA_WITH_AES_128_CBC_SHA, TLS_RSA_WITH_AES_256_GCM_SHA384, TLS_RSA_WITH_AES_128_GCM_SHA256, TLS_RSA_WITH_AES_256_CBC_SHA256, TLS_RSA_WITH_AES_128_CBC_SHA256, TLS_RSA_WITH_AES_256_CBC_SHA, TLS_RSA_WITH_AES_128_CBC_SHA, TLS_EMPTY_RENEGOTIATION_INFO_SCSV]
11:48:49.543 [main] DEBUG org.apache.hc.client5.http.ssl.SSLConnectionSocketFactory -- Starting handshake (null)
11:48:49.573 [main] DEBUG org.apache.hc.client5.http.ssl.SSLConnectionSocketFactory -- Secure session established
11:48:49.574 [main] DEBUG org.apache.hc.client5.http.ssl.SSLConnectionSocketFactory --  negotiated protocol: TLSv1.3
11:48:49.574 [main] DEBUG org.apache.hc.client5.http.ssl.SSLConnectionSocketFactory --  negotiated cipher suite: TLS_AES_256_GCM_SHA384
11:48:49.574 [main] DEBUG org.apache.hc.client5.http.ssl.SSLConnectionSocketFactory --  peer principal: CN=edgedl.me.gvt1.com
11:48:49.574 [main] DEBUG org.apache.hc.client5.http.ssl.SSLConnectionSocketFactory --  peer alternative names: [edgedl.me.gvt1.com]
11:48:49.574 [main] DEBUG org.apache.hc.client5.http.ssl.SSLConnectionSocketFactory --  issuer principal: CN=GTS CA 1D4, O=Google Trust Services LLC, C=US
11:48:49.574 [main] DEBUG org.apache.hc.client5.http.impl.io.DefaultManagedHttpClientConnection -- http-outgoing-22 set socket timeout to 3 MINUTES
11:48:49.574 [main] DEBUG org.apache.hc.client5.http.impl.io.DefaultHttpClientConnectionOperator -- edgedl.me.gvt1.com:443 connected null->edgedl.me.gvt1.com/34.104.35.123:443 as http-outgoing-22
11:48:49.574 [main] DEBUG org.apache.hc.client5.http.impl.io.PoolingHttpClientConnectionManager -- ep-0000000037 connected http-outgoing-22
11:48:49.574 [main] DEBUG org.apache.hc.client5.http.impl.classic.InternalHttpClient -- ep-0000000037 endpoint connected
11:48:49.574 [main] DEBUG org.apache.hc.client5.http.impl.classic.MainClientExec -- ex-0000000037 executing GET /edgedl/chrome/chrome-for-testing/121.0.6167.139/mac-arm64/chromedriver-mac-arm64.zip HTTP/1.1
11:48:49.574 [main] DEBUG org.apache.hc.client5.http.protocol.RequestAddCookies -- ex-0000000037 Cookie spec selected: strict
11:48:49.574 [main] DEBUG org.apache.hc.client5.http.impl.classic.InternalHttpClient -- ep-0000000037 start execution ex-0000000037
11:48:49.574 [main] DEBUG org.apache.hc.client5.http.impl.io.PoolingHttpClientConnectionManager -- ep-0000000037 executing exchange ex-0000000037 over http-outgoing-22
11:48:49.574 [main] DEBUG org.apache.hc.client5.http.headers -- http-outgoing-22 >> GET /edgedl/chrome/chrome-for-testing/121.0.6167.139/mac-arm64/chromedriver-mac-arm64.zip HTTP/1.1
11:48:49.574 [main] DEBUG org.apache.hc.client5.http.headers -- http-outgoing-22 >> user-agent: Apache-HttpClient/5.0
11:48:49.574 [main] DEBUG org.apache.hc.client5.http.headers -- http-outgoing-22 >> accept-encoding: gzip, deflate, br
11:48:49.574 [main] DEBUG org.apache.hc.client5.http.headers -- http-outgoing-22 >> cache-control: max-age=0
11:48:49.574 [main] DEBUG org.apache.hc.client5.http.headers -- http-outgoing-22 >> connection: keep-alive
11:48:49.574 [main] DEBUG org.apache.hc.client5.http.headers -- http-outgoing-22 >> Host: edgedl.me.gvt1.com
11:48:49.574 [main] DEBUG org.apache.hc.client5.http.wire -- http-outgoing-22 >> "GET /edgedl/chrome/chrome-for-testing/121.0.6167.139/mac-arm64/chromedriver-mac-arm64.zip HTTP/1.1[\r][\n]"
11:48:49.574 [main] DEBUG org.apache.hc.client5.http.wire -- http-outgoing-22 >> "user-agent: Apache-HttpClient/5.0[\r][\n]"
11:48:49.574 [main] DEBUG org.apache.hc.client5.http.wire -- http-outgoing-22 >> "accept-encoding: gzip, deflate, br[\r][\n]"
11:48:49.574 [main] DEBUG org.apache.hc.client5.http.wire -- http-outgoing-22 >> "cache-control: max-age=0[\r][\n]"
11:48:49.574 [main] DEBUG org.apache.hc.client5.http.wire -- http-outgoing-22 >> "connection: keep-alive[\r][\n]"
11:48:49.574 [main] DEBUG org.apache.hc.client5.http.wire -- http-outgoing-22 >> "Host: edgedl.me.gvt1.com[\r][\n]"
11:48:49.574 [main] DEBUG org.apache.hc.client5.http.wire -- http-outgoing-22 >> "[\r][\n]"
11:48:49.731 [main] DEBUG org.apache.hc.client5.http.wire -- http-outgoing-22 << "HTTP/1.1 404 Not Found[\r][\n]"
11:48:49.731 [main] DEBUG org.apache.hc.client5.http.wire -- http-outgoing-22 << "content-length: 1449[\r][\n]"
11:48:49.731 [main] DEBUG org.apache.hc.client5.http.wire -- http-outgoing-22 << "content-type: text/html; charset=utf-8[\r][\n]"
11:48:49.731 [main] DEBUG org.apache.hc.client5.http.wire -- http-outgoing-22 << "server: Google-Edge-Cache[\r][\n]"
11:48:49.731 [main] DEBUG org.apache.hc.client5.http.wire -- http-outgoing-22 << "x-content-type-options: nosniff[\r][\n]"
11:48:49.731 [main] DEBUG org.apache.hc.client5.http.wire -- http-outgoing-22 << "x-frame-options: SAMEORIGIN[\r][\n]"
11:48:49.731 [main] DEBUG org.apache.hc.client5.http.wire -- http-outgoing-22 << "x-xss-protection: 0[\r][\n]"
11:48:49.731 [main] DEBUG org.apache.hc.client5.http.wire -- http-outgoing-22 << "date: Mon, 12 Feb 2024 04:48:49 GMT[\r][\n]"
11:48:49.731 [main] DEBUG org.apache.hc.client5.http.wire -- http-outgoing-22 << "x-request-id: bfe80823-0ca6-4326-b50b-dfc6d3d19c69[\r][\n]"
11:48:49.731 [main] DEBUG org.apache.hc.client5.http.wire -- http-outgoing-22 << "alt-svc: clear[\r][\n]"
11:48:49.731 [main] DEBUG org.apache.hc.client5.http.wire -- http-outgoing-22 << "[\r][\n]"
11:48:49.731 [main] DEBUG org.apache.hc.client5.http.wire -- http-outgoing-22 << "[\n]"
11:48:49.731 [main] DEBUG org.apache.hc.client5.http.wire -- http-outgoing-22 << "<!DOCTYPE html>[\n]"
11:48:49.731 [main] DEBUG org.apache.hc.client5.http.wire -- http-outgoing-22 << "<html lang=en>[\n]"
11:48:49.731 [main] DEBUG org.apache.hc.client5.http.wire -- http-outgoing-22 << "  <meta charset=utf-8>[\n]"
11:48:49.731 [main] DEBUG org.apache.hc.client5.http.wire -- http-outgoing-22 << "  <meta name=viewport content="initial-scale=1, minimum-scale=1, width=device-width">[\n]"
11:48:49.731 [main] DEBUG org.apache.hc.client5.http.wire -- http-outgoing-22 << "  <title>Error 404 (Not Found)!!1</title>[\n]"
11:48:49.731 [main] DEBUG org.apache.hc.client5.http.wire -- http-outgoing-22 << "  <style>[\n]"
11:48:49.731 [main] DEBUG org.apache.hc.client5.http.wire -- http-outgoing-22 << "    *{margin:0;padding:0}html,code{font:15px/22px arial,sans-serif}html{background:#fff;color:#222;padding:15px}body{margin:7% auto 0;max-width:390px;min-height:180px;padding:30px 0 15px}* > body{background:url(//www.google.com/images/errors/robot.png) 100% 5px no-repeat;padding-right:205px}p{margin:11px 0 22px;overflow:hidden}ins{color:#777;text-decoration:none}a img{border:0}@media screen and (max-width:772px){body{background:none;margin-top:0;max-width:none;padding-right:0}}#logo{background:url(//www.google.com/images/logos/errorpage/error_logo-150x54.png) no-repeat;margin-left:-5px}@media only screen and (min-resolution:192dpi){#logo{background:url(//www.google.com/images/logos/errorpage/error_logo-150x54-2x.png) no-repeat 0% 0%/100% 100%;-moz-border-image:url(//www.google.com/images/logos/errorpage/error_logo-150x54-2x.png) 0}}@media only screen and (-webkit-min-device-pixel-ratio:2){#logo{background:url(//www.google.com/images/logos/errorpage/error_logo-150x54-2x.png) no-repeat;-webkit-background-size:100% 100%}}#logo{display:inline-block;height:54px;width:150px}[\n]"
11:48:49.731 [main] DEBUG org.apache.hc.client5.http.wire -- http-outgoing-22 << "  </style>[\n]"
11:48:49.731 [main] DEBUG org.apache.hc.client5.http.wire -- http-outgoing-22 << "  <a href=//www.google.com/><span id=logo aria-label=Google></span></a>[\n]"
11:48:49.731 [main] DEBUG org.apache.hc.client5.http.wire -- http-outgoing-22 << "  <p><b>404.</b> <ins>That[0xffffffe2][0xffffff80][0xffffff99]s an error.</ins>[\n]"
11:48:49.731 [main] DEBUG org.apache.hc.client5.http.wire -- http-outgoing-22 << "  <p>  <ins>That[0xffffffe2][0xffffff80][0xffffff99]s all we know.</ins>[\n]"
11:48:49.731 [main] DEBUG org.apache.hc.client5.http.headers -- http-outgoing-22 << HTTP/1.1 404 Not Found
11:48:49.731 [main] DEBUG org.apache.hc.client5.http.headers -- http-outgoing-22 << content-length: 1449
11:48:49.731 [main] DEBUG org.apache.hc.client5.http.headers -- http-outgoing-22 << content-type: text/html; charset=utf-8
11:48:49.731 [main] DEBUG org.apache.hc.client5.http.headers -- http-outgoing-22 << server: Google-Edge-Cache
11:48:49.731 [main] DEBUG org.apache.hc.client5.http.headers -- http-outgoing-22 << x-content-type-options: nosniff
11:48:49.731 [main] DEBUG org.apache.hc.client5.http.headers -- http-outgoing-22 << x-frame-options: SAMEORIGIN
11:48:49.731 [main] DEBUG org.apache.hc.client5.http.headers -- http-outgoing-22 << x-xss-protection: 0
11:48:49.731 [main] DEBUG org.apache.hc.client5.http.headers -- http-outgoing-22 << date: Mon, 12 Feb 2024 04:48:49 GMT
11:48:49.731 [main] DEBUG org.apache.hc.client5.http.headers -- http-outgoing-22 << x-request-id: bfe80823-0ca6-4326-b50b-dfc6d3d19c69
11:48:49.731 [main] DEBUG org.apache.hc.client5.http.headers -- http-outgoing-22 << alt-svc: clear
11:48:49.731 [main] DEBUG org.apache.hc.client5.http.impl.classic.MainClientExec -- ex-0000000037 connection can be kept alive for 3 MINUTES
11:48:49.731 [main] ERROR io.github.bonigarcia.wdm.online.HttpClient -- Error HTTP 404 executing https://edgedl.me.gvt1.com/edgedl/chrome/chrome-for-testing/121.0.6167.139/mac-arm64/chromedriver-mac-arm64.zip
11:48:49.732 [main] INFO io.github.bonigarcia.wdm.cache.ResolutionCache -- Clearing WebDriverManager resolution cache
11:48:49.732 [main] WARN io.github.bonigarcia.wdm.WebDriverManager -- There was an error managing chromedriver 121.0.6167.139 (Error HTTP 404 executing https://edgedl.me.gvt1.com/edgedl/chrome/chrome-for-testing/121.0.6167.139/mac-arm64/chromedriver-mac-arm64.zip) ... trying again avoiding reading release from repository
11:48:49.734 [main] DEBUG org.apache.hc.client5.http.impl.classic.InternalHttpClient -- ex-0000000038 preparing request execution
11:48:49.734 [main] DEBUG org.apache.hc.client5.http.impl.classic.ProtocolExec -- ex-0000000038 target auth state: UNCHALLENGED
11:48:49.734 [main] DEBUG org.apache.hc.client5.http.impl.classic.ProtocolExec -- ex-0000000038 proxy auth state: UNCHALLENGED
11:48:49.734 [main] DEBUG org.apache.hc.client5.http.impl.classic.ConnectExec -- ex-0000000038 acquiring connection with route {s}->https://raw.githubusercontent.com:443
11:48:49.734 [main] DEBUG org.apache.hc.client5.http.impl.classic.InternalHttpClient -- ex-0000000038 acquiring endpoint (3 MINUTES)
11:48:49.734 [main] DEBUG org.apache.hc.client5.http.impl.io.PoolingHttpClientConnectionManager -- ex-0000000038 endpoint lease request (3 MINUTES) [route: {s}->https://raw.githubusercontent.com:443][total available: 1; route allocated: 0 of 5; total allocated: 2 of 25]
11:48:49.734 [main] DEBUG org.apache.hc.client5.http.impl.io.PoolingHttpClientConnectionManager -- ex-0000000038 endpoint leased [route: {s}->https://raw.githubusercontent.com:443][total available: 1; route allocated: 1 of 5; total allocated: 3 of 25]
11:48:49.734 [main] DEBUG org.apache.hc.client5.http.impl.io.PoolingHttpClientConnectionManager -- ex-0000000038 acquired ep-0000000038
11:48:49.734 [main] DEBUG org.apache.hc.client5.http.impl.classic.InternalHttpClient -- ex-0000000038 acquired endpoint ep-0000000038
11:48:49.734 [main] DEBUG org.apache.hc.client5.http.impl.classic.ConnectExec -- ex-0000000038 opening connection {s}->https://raw.githubusercontent.com:443
11:48:49.734 [main] DEBUG org.apache.hc.client5.http.impl.classic.InternalHttpClient -- ep-0000000038 connecting endpoint (null)
11:48:49.734 [main] DEBUG org.apache.hc.client5.http.impl.io.PoolingHttpClientConnectionManager -- ep-0000000038 connecting endpoint to https://raw.githubusercontent.com:443 (30 SECONDS)
11:48:49.734 [main] DEBUG org.apache.hc.client5.http.impl.io.DefaultHttpClientConnectionOperator -- raw.githubusercontent.com resolving remote address
11:48:49.734 [main] DEBUG org.apache.hc.client5.http.impl.io.DefaultHttpClientConnectionOperator -- raw.githubusercontent.com resolved to [raw.githubusercontent.com/185.199.108.133, raw.githubusercontent.com/185.199.111.133, raw.githubusercontent.com/185.199.110.133, raw.githubusercontent.com/185.199.109.133, raw.githubusercontent.com/2606:50c0:8003:0:0:0:0:154, raw.githubusercontent.com/2606:50c0:8002:0:0:0:0:154, raw.githubusercontent.com/2606:50c0:8000:0:0:0:0:154, raw.githubusercontent.com/2606:50c0:8001:0:0:0:0:154]
11:48:49.734 [main] DEBUG org.apache.hc.client5.http.impl.io.DefaultHttpClientConnectionOperator -- raw.githubusercontent.com:443 connecting null->raw.githubusercontent.com/185.199.108.133:443 (30 SECONDS)
11:48:49.734 [main] DEBUG org.apache.hc.client5.http.ssl.SSLConnectionSocketFactory -- Connecting socket to raw.githubusercontent.com/185.199.108.133:443 with timeout 30 SECONDS
11:48:49.762 [main] DEBUG org.apache.hc.client5.http.ssl.SSLConnectionSocketFactory -- Enabled protocols: [TLSv1.3, TLSv1.2]
11:48:49.762 [main] DEBUG org.apache.hc.client5.http.ssl.SSLConnectionSocketFactory -- Enabled cipher suites: [TLS_AES_256_GCM_SHA384, TLS_AES_128_GCM_SHA256, TLS_CHACHA20_POLY1305_SHA256, TLS_ECDHE_ECDSA_WITH_AES_256_GCM_SHA384, TLS_ECDHE_ECDSA_WITH_AES_128_GCM_SHA256, TLS_ECDHE_ECDSA_WITH_CHACHA20_POLY1305_SHA256, TLS_ECDHE_RSA_WITH_AES_256_GCM_SHA384, TLS_ECDHE_RSA_WITH_CHACHA20_POLY1305_SHA256, TLS_ECDHE_RSA_WITH_AES_128_GCM_SHA256, TLS_DHE_RSA_WITH_AES_256_GCM_SHA384, TLS_DHE_RSA_WITH_CHACHA20_POLY1305_SHA256, TLS_DHE_DSS_WITH_AES_256_GCM_SHA384, TLS_DHE_RSA_WITH_AES_128_GCM_SHA256, TLS_DHE_DSS_WITH_AES_128_GCM_SHA256, TLS_ECDHE_ECDSA_WITH_AES_256_CBC_SHA384, TLS_ECDHE_RSA_WITH_AES_256_CBC_SHA384, TLS_ECDHE_ECDSA_WITH_AES_128_CBC_SHA256, TLS_ECDHE_RSA_WITH_AES_128_CBC_SHA256, TLS_DHE_RSA_WITH_AES_256_CBC_SHA256, TLS_DHE_DSS_WITH_AES_256_CBC_SHA256, TLS_DHE_RSA_WITH_AES_128_CBC_SHA256, TLS_DHE_DSS_WITH_AES_128_CBC_SHA256, TLS_ECDH_ECDSA_WITH_AES_256_GCM_SHA384, TLS_ECDH_RSA_WITH_AES_256_GCM_SHA384, TLS_ECDH_ECDSA_WITH_AES_128_GCM_SHA256, TLS_ECDH_RSA_WITH_AES_128_GCM_SHA256, TLS_ECDH_ECDSA_WITH_AES_256_CBC_SHA384, TLS_ECDH_RSA_WITH_AES_256_CBC_SHA384, TLS_ECDH_ECDSA_WITH_AES_128_CBC_SHA256, TLS_ECDH_RSA_WITH_AES_128_CBC_SHA256, TLS_ECDHE_ECDSA_WITH_AES_256_CBC_SHA, TLS_ECDHE_RSA_WITH_AES_256_CBC_SHA, TLS_ECDHE_ECDSA_WITH_AES_128_CBC_SHA, TLS_ECDHE_RSA_WITH_AES_128_CBC_SHA, TLS_DHE_RSA_WITH_AES_256_CBC_SHA, TLS_DHE_DSS_WITH_AES_256_CBC_SHA, TLS_DHE_RSA_WITH_AES_128_CBC_SHA, TLS_DHE_DSS_WITH_AES_128_CBC_SHA, TLS_ECDH_ECDSA_WITH_AES_256_CBC_SHA, TLS_ECDH_RSA_WITH_AES_256_CBC_SHA, TLS_ECDH_ECDSA_WITH_AES_128_CBC_SHA, TLS_ECDH_RSA_WITH_AES_128_CBC_SHA, TLS_RSA_WITH_AES_256_GCM_SHA384, TLS_RSA_WITH_AES_128_GCM_SHA256, TLS_RSA_WITH_AES_256_CBC_SHA256, TLS_RSA_WITH_AES_128_CBC_SHA256, TLS_RSA_WITH_AES_256_CBC_SHA, TLS_RSA_WITH_AES_128_CBC_SHA, TLS_EMPTY_RENEGOTIATION_INFO_SCSV]
11:48:49.762 [main] DEBUG org.apache.hc.client5.http.ssl.SSLConnectionSocketFactory -- Starting handshake (null)
11:48:49.788 [main] DEBUG org.apache.hc.client5.http.ssl.SSLConnectionSocketFactory -- Secure session established
11:48:49.788 [main] DEBUG org.apache.hc.client5.http.ssl.SSLConnectionSocketFactory --  negotiated protocol: TLSv1.3
11:48:49.788 [main] DEBUG org.apache.hc.client5.http.ssl.SSLConnectionSocketFactory --  negotiated cipher suite: TLS_AES_128_GCM_SHA256
11:48:49.788 [main] DEBUG org.apache.hc.client5.http.ssl.SSLConnectionSocketFactory --  peer principal: CN=*.github.io, O="GitHub, Inc.", L=San Francisco, ST=California, C=US
11:48:49.788 [main] DEBUG org.apache.hc.client5.http.ssl.SSLConnectionSocketFactory --  peer alternative names: [*.github.io, github.io, *.github.com, github.com, www.github.com, *.githubusercontent.com, githubusercontent.com]
11:48:49.788 [main] DEBUG org.apache.hc.client5.http.ssl.SSLConnectionSocketFactory --  issuer principal: CN=DigiCert TLS RSA SHA256 2020 CA1, O=DigiCert Inc, C=US
11:48:49.788 [main] DEBUG org.apache.hc.client5.http.impl.io.DefaultManagedHttpClientConnection -- http-outgoing-23 set socket timeout to 3 MINUTES
11:48:49.788 [main] DEBUG org.apache.hc.client5.http.impl.io.DefaultHttpClientConnectionOperator -- raw.githubusercontent.com:443 connected null->raw.githubusercontent.com/185.199.108.133:443 as http-outgoing-23
11:48:49.788 [main] DEBUG org.apache.hc.client5.http.impl.io.PoolingHttpClientConnectionManager -- ep-0000000038 connected http-outgoing-23
11:48:49.788 [main] DEBUG org.apache.hc.client5.http.impl.classic.InternalHttpClient -- ep-0000000038 endpoint connected
11:48:49.788 [main] DEBUG org.apache.hc.client5.http.impl.classic.MainClientExec -- ex-0000000038 executing GET /bonigarcia/webdrivermanager/master/src/main/resources/commands.properties HTTP/1.1
11:48:49.788 [main] DEBUG org.apache.hc.client5.http.protocol.RequestAddCookies -- ex-0000000038 Cookie spec selected: strict
11:48:49.788 [main] DEBUG org.apache.hc.client5.http.impl.classic.InternalHttpClient -- ep-0000000038 start execution ex-0000000038
11:48:49.788 [main] DEBUG org.apache.hc.client5.http.impl.io.PoolingHttpClientConnectionManager -- ep-0000000038 executing exchange ex-0000000038 over http-outgoing-23
11:48:49.788 [main] DEBUG org.apache.hc.client5.http.headers -- http-outgoing-23 >> GET /bonigarcia/webdrivermanager/master/src/main/resources/commands.properties HTTP/1.1
11:48:49.788 [main] DEBUG org.apache.hc.client5.http.headers -- http-outgoing-23 >> user-agent: Apache-HttpClient/5.0
11:48:49.788 [main] DEBUG org.apache.hc.client5.http.headers -- http-outgoing-23 >> accept-encoding: gzip, deflate, br
11:48:49.788 [main] DEBUG org.apache.hc.client5.http.headers -- http-outgoing-23 >> cache-control: max-age=0
11:48:49.788 [main] DEBUG org.apache.hc.client5.http.headers -- http-outgoing-23 >> connection: keep-alive
11:48:49.788 [main] DEBUG org.apache.hc.client5.http.headers -- http-outgoing-23 >> Host: raw.githubusercontent.com
11:48:49.788 [main] DEBUG org.apache.hc.client5.http.wire -- http-outgoing-23 >> "GET /bonigarcia/webdrivermanager/master/src/main/resources/commands.properties HTTP/1.1[\r][\n]"
11:48:49.788 [main] DEBUG org.apache.hc.client5.http.wire -- http-outgoing-23 >> "user-agent: Apache-HttpClient/5.0[\r][\n]"
11:48:49.788 [main] DEBUG org.apache.hc.client5.http.wire -- http-outgoing-23 >> "accept-encoding: gzip, deflate, br[\r][\n]"
11:48:49.788 [main] DEBUG org.apache.hc.client5.http.wire -- http-outgoing-23 >> "cache-control: max-age=0[\r][\n]"
11:48:49.788 [main] DEBUG org.apache.hc.client5.http.wire -- http-outgoing-23 >> "connection: keep-alive[\r][\n]"
11:48:49.788 [main] DEBUG org.apache.hc.client5.http.wire -- http-outgoing-23 >> "Host: raw.githubusercontent.com[\r][\n]"
11:48:49.788 [main] DEBUG org.apache.hc.client5.http.wire -- http-outgoing-23 >> "[\r][\n]"
11:48:49.848 [main] DEBUG org.apache.hc.client5.http.wire -- http-outgoing-23 << "HTTP/1.1 200 OK[\r][\n]"
11:48:49.848 [main] DEBUG org.apache.hc.client5.http.wire -- http-outgoing-23 << "Connection: keep-alive[\r][\n]"
11:48:49.848 [main] DEBUG org.apache.hc.client5.http.wire -- http-outgoing-23 << "Content-Length: 723[\r][\n]"
11:48:49.848 [main] DEBUG org.apache.hc.client5.http.wire -- http-outgoing-23 << "Cache-Control: max-age=300[\r][\n]"
11:48:49.848 [main] DEBUG org.apache.hc.client5.http.wire -- http-outgoing-23 << "Content-Security-Policy: default-src 'none'; style-src 'unsafe-inline'; sandbox[\r][\n]"
11:48:49.848 [main] DEBUG org.apache.hc.client5.http.wire -- http-outgoing-23 << "Content-Type: text/plain; charset=utf-8[\r][\n]"
11:48:49.848 [main] DEBUG org.apache.hc.client5.http.wire -- http-outgoing-23 << "ETag: W/"e82b438271e9e8680c688b0b680efd0bdd22faa6d6f0a32fc1fd8accc486b67e"[\r][\n]"
11:48:49.848 [main] DEBUG org.apache.hc.client5.http.wire -- http-outgoing-23 << "Strict-Transport-Security: max-age=31536000[\r][\n]"
11:48:49.848 [main] DEBUG org.apache.hc.client5.http.wire -- http-outgoing-23 << "X-Content-Type-Options: nosniff[\r][\n]"
11:48:49.848 [main] DEBUG org.apache.hc.client5.http.wire -- http-outgoing-23 << "X-Frame-Options: deny[\r][\n]"
11:48:49.848 [main] DEBUG org.apache.hc.client5.http.wire -- http-outgoing-23 << "X-XSS-Protection: 1; mode=block[\r][\n]"
11:48:49.848 [main] DEBUG org.apache.hc.client5.http.wire -- http-outgoing-23 << "X-GitHub-Request-Id: D6C0:23986A:25619:36F2A:65B05D65[\r][\n]"
11:48:49.848 [main] DEBUG org.apache.hc.client5.http.wire -- http-outgoing-23 << "Content-Encoding: gzip[\r][\n]"
11:48:49.848 [main] DEBUG org.apache.hc.client5.http.wire -- http-outgoing-23 << "Accept-Ranges: bytes[\r][\n]"
11:48:49.848 [main] DEBUG org.apache.hc.client5.http.wire -- http-outgoing-23 << "Date: Mon, 12 Feb 2024 04:48:49 GMT[\r][\n]"
11:48:49.848 [main] DEBUG org.apache.hc.client5.http.wire -- http-outgoing-23 << "Via: 1.1 varnish[\r][\n]"
11:48:49.848 [main] DEBUG org.apache.hc.client5.http.wire -- http-outgoing-23 << "X-Served-By: cache-qpg1247-QPG[\r][\n]"
11:48:49.848 [main] DEBUG org.apache.hc.client5.http.wire -- http-outgoing-23 << "X-Cache: HIT[\r][\n]"
11:48:49.848 [main] DEBUG org.apache.hc.client5.http.wire -- http-outgoing-23 << "X-Cache-Hits: 1[\r][\n]"
11:48:49.848 [main] DEBUG org.apache.hc.client5.http.wire -- http-outgoing-23 << "X-Timer: S1707713330.881473,VS0,VE1[\r][\n]"
11:48:49.848 [main] DEBUG org.apache.hc.client5.http.wire -- http-outgoing-23 << "Vary: Authorization,Accept-Encoding,Origin[\r][\n]"
11:48:49.848 [main] DEBUG org.apache.hc.client5.http.wire -- http-outgoing-23 << "Access-Control-Allow-Origin: *[\r][\n]"
11:48:49.848 [main] DEBUG org.apache.hc.client5.http.wire -- http-outgoing-23 << "Cross-Origin-Resource-Policy: cross-origin[\r][\n]"
11:48:49.848 [main] DEBUG org.apache.hc.client5.http.wire -- http-outgoing-23 << "X-Fastly-Request-ID: e9565673926cd024de308170794b51c6273eae63[\r][\n]"
11:48:49.848 [main] DEBUG org.apache.hc.client5.http.wire -- http-outgoing-23 << "Expires: Mon, 12 Feb 2024 04:53:49 GMT[\r][\n]"
11:48:49.848 [main] DEBUG org.apache.hc.client5.http.wire -- http-outgoing-23 << "Source-Age: 64[\r][\n]"
11:48:49.848 [main] DEBUG org.apache.hc.client5.http.wire -- http-outgoing-23 << "[\r][\n]"
11:48:49.848 [main] DEBUG org.apache.hc.client5.http.headers -- http-outgoing-23 << HTTP/1.1 200 OK
11:48:49.848 [main] DEBUG org.apache.hc.client5.http.headers -- http-outgoing-23 << Connection: keep-alive
11:48:49.848 [main] DEBUG org.apache.hc.client5.http.headers -- http-outgoing-23 << Content-Length: 723
11:48:49.848 [main] DEBUG org.apache.hc.client5.http.headers -- http-outgoing-23 << Cache-Control: max-age=300
11:48:49.848 [main] DEBUG org.apache.hc.client5.http.headers -- http-outgoing-23 << Content-Security-Policy: default-src 'none'; style-src 'unsafe-inline'; sandbox
11:48:49.848 [main] DEBUG org.apache.hc.client5.http.headers -- http-outgoing-23 << Content-Type: text/plain; charset=utf-8
11:48:49.848 [main] DEBUG org.apache.hc.client5.http.headers -- http-outgoing-23 << ETag: W/"e82b438271e9e8680c688b0b680efd0bdd22faa6d6f0a32fc1fd8accc486b67e"
11:48:49.848 [main] DEBUG org.apache.hc.client5.http.headers -- http-outgoing-23 << Strict-Transport-Security: max-age=31536000
11:48:49.848 [main] DEBUG org.apache.hc.client5.http.headers -- http-outgoing-23 << X-Content-Type-Options: nosniff
11:48:49.848 [main] DEBUG org.apache.hc.client5.http.headers -- http-outgoing-23 << X-Frame-Options: deny
11:48:49.848 [main] DEBUG org.apache.hc.client5.http.headers -- http-outgoing-23 << X-XSS-Protection: 1; mode=block
11:48:49.848 [main] DEBUG org.apache.hc.client5.http.headers -- http-outgoing-23 << X-GitHub-Request-Id: D6C0:23986A:25619:36F2A:65B05D65
11:48:49.848 [main] DEBUG org.apache.hc.client5.http.headers -- http-outgoing-23 << Content-Encoding: gzip
11:48:49.848 [main] DEBUG org.apache.hc.client5.http.headers -- http-outgoing-23 << Accept-Ranges: bytes
11:48:49.848 [main] DEBUG org.apache.hc.client5.http.headers -- http-outgoing-23 << Date: Mon, 12 Feb 2024 04:48:49 GMT
11:48:49.848 [main] DEBUG org.apache.hc.client5.http.headers -- http-outgoing-23 << Via: 1.1 varnish
11:48:49.849 [main] DEBUG org.apache.hc.client5.http.headers -- http-outgoing-23 << X-Served-By: cache-qpg1247-QPG
11:48:49.849 [main] DEBUG org.apache.hc.client5.http.headers -- http-outgoing-23 << X-Cache: HIT
11:48:49.849 [main] DEBUG org.apache.hc.client5.http.headers -- http-outgoing-23 << X-Cache-Hits: 1
11:48:49.849 [main] DEBUG org.apache.hc.client5.http.headers -- http-outgoing-23 << X-Timer: S1707713330.881473,VS0,VE1
11:48:49.849 [main] DEBUG org.apache.hc.client5.http.headers -- http-outgoing-23 << Vary: Authorization,Accept-Encoding,Origin
11:48:49.849 [main] DEBUG org.apache.hc.client5.http.headers -- http-outgoing-23 << Access-Control-Allow-Origin: *
11:48:49.849 [main] DEBUG org.apache.hc.client5.http.headers -- http-outgoing-23 << Cross-Origin-Resource-Policy: cross-origin
11:48:49.849 [main] DEBUG org.apache.hc.client5.http.headers -- http-outgoing-23 << X-Fastly-Request-ID: e9565673926cd024de308170794b51c6273eae63
11:48:49.849 [main] DEBUG org.apache.hc.client5.http.headers -- http-outgoing-23 << Expires: Mon, 12 Feb 2024 04:53:49 GMT
11:48:49.849 [main] DEBUG org.apache.hc.client5.http.headers -- http-outgoing-23 << Source-Age: 64
11:48:49.849 [main] DEBUG org.apache.hc.client5.http.impl.classic.MainClientExec -- ex-0000000038 connection can be kept alive for 3 MINUTES
11:48:49.849 [main] DEBUG org.apache.hc.client5.http.wire -- http-outgoing-23 << "[0x1f][0xffffff8b][0x8][0x0][0x0][0x0][0x0][0x0][0x0][0x3][0xffffffb5]V]o[0xffffffda]0[0x14]}[0xffffffe7]W\[0xffffff81]*[0xffffffb5][0x12][0x1f][[M[0xffffffd3]$[0x1e]hF[0xffffffbb]i [0x18][0xffffffb4][0xffffffdd]&[0xfffffff9][0xffffffc5]$7[0xffffffc1]R[0x12]#;[0xffffff94]v[0xffffffbf]~[0xffffffb6][0xfffffff3]1[0xffffff92][0xffffff9a][0xffffffc1][0x1a]x[0xffffffcb][0xffffffb5][0xffffffaf][0xffffffcf]9[0xffffffbe][0xfffffff7]8v[0xb][0x1c][0x1e]E4[0xfffffff6]$x4[0xffffffa1][0xb]*[0xffffffb1][0xffffffd1][0xffffff82][0xfffffffb]%[0xffffff93][0xffffffe0][0xffffffb3][0x10][0xffffffc1][0xffffffe5]qBY,!Y[0xffffffea] KM8,[0x10][0xfffffff0][0x19][0xffffffdd]u[0xffffff82][0x1e][0xffffffb0][0xffffffd8]L[0xffffffcb]%[0xffffff86][0xffffffa1][0xe][0xffffffb8][0xfffffff0]P[0xffffffe8]$[0xf][0x13]t[0x13]3[0xfffffff9][0xffffff84]B2[0xffffffae][0xffffffe6]|@[0xfffffff5][0x1d][0x8][0xffffffc4][0x18][0x16][0xffffff82]o[0xffffffa4][0xffffff9a]P[0xffffff94][0xffffffe7][0xffffffce]R[0xfffffff0][0x8][0xffffffdb]p[0xffffffcb][0x4][0xfffffffa][0xfffffffc][0xffffffb9][\r][0xffffff93][0x15][\n]"
11:48:49.849 [main] DEBUG org.apache.hc.client5.http.wire -- http-outgoing-23 << "[0xffffffda][0xffffff86][0xffffffa1][0x17][0xffffffa8]Q3[0xffffffcb][0xffffffd6][0xffffffd1][0xffffff85][0xffffffc6][0xfffffff7][0xffffff98][0xffffffef][0xffffffa3][0xffffffc0]8[0x1][0xffffffae]s[0x12][0x16][0x7] _d[0xffffff82][0xffffff91][0xffffff84][0xfffffff3][0x1f],[0xfffffff6][0x14]j[0x1b]F,^+[0xffffff98]1ua2[0xffffffbf]h([0xffffff8e][0xffffff94][0xffffffa2][0xffffff91]m[0xffffffa3][0xffffffeb][0xffffff9a][0xffffffb0][0xffffffbb]I[0x17]t[0xffffffdf][0xffffffbd][0xffffffef][0xffffffbb][0xffffff91][0xffffffd7]U[0xffffffbb][0xffffff82][0xffffff9e][0x3][0xffffff9b][0xffffff88][0xffffffb9][0xffffffa6]$[0xffffffa6][0xc][0xffffff9b][0xffffffa5][0xffffffe2][0xffffff83][0xffffff98]F[0xffffffd8]o[0xffffff9e]Mg[0xffffff93][0xffffffbb][0xffffffd9]`|[0xfffffffb]u4[0xffffff9c][0x7f]"}B[0xffffffce][0x8][0xffffffb9][0xffffffe3]<[0x8][0xffffff91][0xffffff90][0xffffff94][0xffffff82][0xffffff90][0xffffffc1]j[0x15]2WI[0xffffffe3]1![0x19][0xffffff91]BnB[0xffffff80][0x9]<f[0xffffffb5][0xffffffe8]=[0xffffffd1]p[0xffffffbd][[0xffffffcf][0xffffffe5][0x1b][0xfffffff4][0xffffff9c][0xffffffff][0xfffffffc][0xfffffff8][0xffffffe1][0xffffffe2][0xffffff94][0xffffffa2][0xffffffae][0xe][0x14]5[0xffffff9a]8[0xffffff83][0xffffffd1]`:[0xfffffffd]<[0xffffffb8][0x1f][0xffffff9c]R[0xffffffcf]u[0x7f]6[0xffffffbc][0xffffff83][0xffffffef][0xf][0xffffffc3][0xffffffd9]/[0xfffffff8][0xfffffff2][0xffffffcd]y s[0xffffffee]'[0x1b]*0g[0xffffffcb][0xffffffc8]nF7H][0xffffff83][0xffffff97]{[0xffffffb1]Q[0x5][\r][0xffffffb5]c[0xffffffb4][0xf][0x2][0xffffffb3][0xffffffb4][0xffffff93][0xe]C[0xffffffa7][0xffffffb3]kAD][0xffffff9d][0xffffffde][0xffffffdb][0xffffffda][0xffffff88][0xffffffec][0xffffffa5][0xffffffbc][0xffffff99][0xffffffd9][0xffffffba]t[0xffffffb5][0xffffffea]9[0xffffffea][0x10])[0xffffffb7][0xffffffca][0xffffff9e][0xfffffff2][0xffffffe2]d^N[0xffffffd8]FW[0x16][0xffffffcd][0xffffffdc]_[0x10][0xfffffff9]i|[0x1c][0xffffff93][0xffffff8e][0xfffffff9]o[0x16][0xffffff86]4'!$G[0xffffffdf]W[0xfffffff4]W*j[[0xfffffff3]xR[0xffffffae][0xffffffb6][0xc][0xffffffd0],; #[0xffffffa9][0xffffff92]5[0xffffffb5][0x7][0xffffff9c][0xffffffb5][0xffffffd0][0x7f][0xffffff90][0xffffffc7]jgs[0xfffffffc][0xffffffc2][0xb][0xffffffd9][0x0]t[0xffffff9e]^'Y[0xfffffffb][0xffffff9f][0xffffffb1][0xffffffd8]:[0xffffffbf][0xffffff8d][0xffffffa5][0xffffff9a][0xffffffad][0x7f]m[0x5]&[0xffffffaa][0xffffffa0]^[0xffffff9b][0xffffffcb][0x5]f[0xffffffae][0xffffffe0]RU[0xffffff82][0x10]MS9l[0xffffff91]4t[0xfffffffb][0xffffff8a]][0xffffffd6][0xfffffff4][0xffffff96][0xffffffa6][0xffffff9f]P[0xffffffce][0xffffffd5][0xffffffce][0xffffff93][0xffffffff][0xffffff97][0xffffffcc]p[0xfffffffd][0xfffffff3][0xffffffe8][0x1b][0xffffffcc][0xffffffa2][0xffffffd9]Q[0xffffffbe][0xffffffb2][0xffffffa3][0xffffffc7]m'[0xffffffdf][0xffffffe4][[0xfffffffb]^[0xffffffb0][0xffffff9a][0xffffffbe][0xffffffda][0xffffffda]_[0xffffffce][0xffffff80][0xffffffd2][0xffffffc1]7[0xffffffb7]][0xffffffc1]b[0xffffffee][0xffffffb5][0xffffffff]w[0xffffff83][0xffffffed][0xffffffa7];[0x15]<[0x10]4[0xffffff92][0xffffff84][0x18][\n]"
11:48:49.849 [main] DEBUG org.apache.hc.client5.http.wire -- http-outgoing-23 << "BB[0xffffffba][0xffffff8e]][0xffffffb5]jo[0xffffffb9]+"[0xffffffea][0xffffffb4][0xffffffff]h"[0xffffffea]\?5[0xffffffa9][0xffffffaf]k[0xffffffec][0xffffffff]P[0xffffffea][\n]"
11:48:49.849 [main] DEBUG org.apache.hc.client5.http.wire -- http-outgoing-23 << "w[0xffffffe1]K[0x13][0xffffffda][0xffffffec][0xffffff98][0xffffffe6]Y[0xfffffffd]h8m6[0xffffff9c]T[0xffffffc1][0xfffffff2][0xffffffa7][0xffffff91]z_[0xffffff95]o85p[0x1c][0x13][0xffffffe6][0xfffffff0]5[0xffffffee][0xfffffffc][0xffffff92][0xffffff96][0xffffffda][0xfffffff7][0xffffffcf][0xffffffb1][0x5][0x1d][0xffffffea]K[0xffffff9b]9[0xffffff8e][0xffffffad]e[0xfffffff7][0xffffff93][0xffffffa8]`[0xffffffda][0xffffffff][0x1a][0xffffffd2][0xffffff88][0xffffff85][0xfffffffd][0xfffffff2][0xffffff91]N[0xfffffff6]`[0xffffffdf]2[0xffffffcf][0xffffffae]E[0xffffff97][0xffffffc5][0xffffffa2][0xffffff9d][0xffffffef]'[0xffffff9d]mun.[0xffffffd3]f^[0xffffffc7][0xffffff82][0xffffffda][0xffffff82]9[0xfffffff5][0xffffffa9]`[0x5][0xffffffbc]4[0xffffffa1][0x1d]<M[0xffffffb5]A[0xffffffa7]3[[0xffffffc0][0x7f][0x0][0xffffffc1][0xffffffd0]$[0xffffff85][0x1d][\r][0x0][0x0]"
11:48:49.850 [main] DEBUG org.apache.hc.client5.http.impl.classic.InternalHttpClient -- ep-0000000038 releasing valid endpoint
11:48:49.850 [main] DEBUG org.apache.hc.client5.http.impl.io.PoolingHttpClientConnectionManager -- ep-0000000038 releasing endpoint
11:48:49.850 [main] DEBUG org.apache.hc.client5.http.impl.io.PoolingHttpClientConnectionManager -- ep-0000000038 connection http-outgoing-23 can be kept alive for 3 MINUTES
11:48:49.850 [main] DEBUG org.apache.hc.client5.http.impl.io.PoolingHttpClientConnectionManager -- ep-0000000038 connection released [route: {s}->https://raw.githubusercontent.com:443][total available: 2; route allocated: 1 of 5; total allocated: 3 of 25]
11:48:49.850 [main] DEBUG io.github.bonigarcia.wdm.versions.VersionDetector -- Detecting chrome version using online commands.properties
11:48:49.850 [main] DEBUG io.github.bonigarcia.wdm.versions.Shell -- Running command on the shell: [/Applications/Google Chrome.app/Contents/MacOS/Google Chrome, --version]
11:48:49.899 [main] DEBUG io.github.bonigarcia.wdm.versions.Shell -- Result: Google Chrome 121.0.6167.160
11:48:49.899 [main] DEBUG io.github.bonigarcia.wdm.versions.VersionDetector -- Getting driver version for chrome121 from online versions.properties
11:48:49.899 [main] DEBUG org.apache.hc.client5.http.impl.classic.InternalHttpClient -- ex-0000000039 preparing request execution
11:48:49.900 [main] DEBUG org.apache.hc.client5.http.impl.classic.ProtocolExec -- ex-0000000039 target auth state: UNCHALLENGED
11:48:49.900 [main] DEBUG org.apache.hc.client5.http.impl.classic.ProtocolExec -- ex-0000000039 proxy auth state: UNCHALLENGED
11:48:49.900 [main] DEBUG org.apache.hc.client5.http.impl.classic.ConnectExec -- ex-0000000039 acquiring connection with route {s}->https://raw.githubusercontent.com:443
11:48:49.900 [main] DEBUG org.apache.hc.client5.http.impl.classic.InternalHttpClient -- ex-0000000039 acquiring endpoint (3 MINUTES)
11:48:49.900 [main] DEBUG org.apache.hc.client5.http.impl.io.PoolingHttpClientConnectionManager -- ex-0000000039 endpoint lease request (3 MINUTES) [route: {s}->https://raw.githubusercontent.com:443][total available: 2; route allocated: 1 of 5; total allocated: 3 of 25]
11:48:49.900 [main] DEBUG org.apache.hc.client5.http.impl.io.PoolingHttpClientConnectionManager -- ex-0000000039 endpoint leased [route: {s}->https://raw.githubusercontent.com:443][total available: 1; route allocated: 1 of 5; total allocated: 3 of 25]
11:48:49.900 [main] DEBUG org.apache.hc.client5.http.impl.io.PoolingHttpClientConnectionManager -- ex-0000000039 acquired ep-0000000039
11:48:49.900 [main] DEBUG org.apache.hc.client5.http.impl.classic.InternalHttpClient -- ex-0000000039 acquired endpoint ep-0000000039
11:48:49.900 [main] DEBUG org.apache.hc.client5.http.impl.classic.MainClientExec -- ex-0000000039 executing GET /bonigarcia/webdrivermanager/master/src/main/resources/versions.properties HTTP/1.1
11:48:49.900 [main] DEBUG org.apache.hc.client5.http.protocol.RequestAddCookies -- ex-0000000039 Cookie spec selected: strict
11:48:49.900 [main] DEBUG org.apache.hc.client5.http.impl.classic.InternalHttpClient -- ep-0000000039 start execution ex-0000000039
11:48:49.900 [main] DEBUG org.apache.hc.client5.http.impl.io.PoolingHttpClientConnectionManager -- ep-0000000039 executing exchange ex-0000000039 over http-outgoing-23
11:48:49.900 [main] DEBUG org.apache.hc.client5.http.headers -- http-outgoing-23 >> GET /bonigarcia/webdrivermanager/master/src/main/resources/versions.properties HTTP/1.1
11:48:49.900 [main] DEBUG org.apache.hc.client5.http.headers -- http-outgoing-23 >> user-agent: Apache-HttpClient/5.0
11:48:49.900 [main] DEBUG org.apache.hc.client5.http.headers -- http-outgoing-23 >> accept-encoding: gzip, deflate, br
11:48:49.900 [main] DEBUG org.apache.hc.client5.http.headers -- http-outgoing-23 >> cache-control: max-age=0
11:48:49.900 [main] DEBUG org.apache.hc.client5.http.headers -- http-outgoing-23 >> connection: keep-alive
11:48:49.900 [main] DEBUG org.apache.hc.client5.http.headers -- http-outgoing-23 >> Host: raw.githubusercontent.com
11:48:49.900 [main] DEBUG org.apache.hc.client5.http.wire -- http-outgoing-23 >> "GET /bonigarcia/webdrivermanager/master/src/main/resources/versions.properties HTTP/1.1[\r][\n]"
11:48:49.900 [main] DEBUG org.apache.hc.client5.http.wire -- http-outgoing-23 >> "user-agent: Apache-HttpClient/5.0[\r][\n]"
11:48:49.900 [main] DEBUG org.apache.hc.client5.http.wire -- http-outgoing-23 >> "accept-encoding: gzip, deflate, br[\r][\n]"
11:48:49.900 [main] DEBUG org.apache.hc.client5.http.wire -- http-outgoing-23 >> "cache-control: max-age=0[\r][\n]"
11:48:49.900 [main] DEBUG org.apache.hc.client5.http.wire -- http-outgoing-23 >> "connection: keep-alive[\r][\n]"
11:48:49.900 [main] DEBUG org.apache.hc.client5.http.wire -- http-outgoing-23 >> "Host: raw.githubusercontent.com[\r][\n]"
11:48:49.900 [main] DEBUG org.apache.hc.client5.http.wire -- http-outgoing-23 >> "[\r][\n]"
11:48:49.923 [main] DEBUG org.apache.hc.client5.http.wire -- http-outgoing-23 << "HTTP/1.1 200 OK[\r][\n]"
11:48:49.923 [main] DEBUG org.apache.hc.client5.http.wire -- http-outgoing-23 << "Connection: keep-alive[\r][\n]"
11:48:49.923 [main] DEBUG org.apache.hc.client5.http.wire -- http-outgoing-23 << "Content-Length: 1667[\r][\n]"
11:48:49.923 [main] DEBUG org.apache.hc.client5.http.wire -- http-outgoing-23 << "Cache-Control: max-age=300[\r][\n]"
11:48:49.923 [main] DEBUG org.apache.hc.client5.http.wire -- http-outgoing-23 << "Content-Security-Policy: default-src 'none'; style-src 'unsafe-inline'; sandbox[\r][\n]"
11:48:49.923 [main] DEBUG org.apache.hc.client5.http.wire -- http-outgoing-23 << "Content-Type: text/plain; charset=utf-8[\r][\n]"
11:48:49.923 [main] DEBUG org.apache.hc.client5.http.wire -- http-outgoing-23 << "ETag: W/"2b63ea7ea7667d0729e9d848d780e58af4f6d237cb562369e48d53971ddfa6c5"[\r][\n]"
11:48:49.923 [main] DEBUG org.apache.hc.client5.http.wire -- http-outgoing-23 << "Strict-Transport-Security: max-age=31536000[\r][\n]"
11:48:49.923 [main] DEBUG org.apache.hc.client5.http.wire -- http-outgoing-23 << "X-Content-Type-Options: nosniff[\r][\n]"
11:48:49.923 [main] DEBUG org.apache.hc.client5.http.wire -- http-outgoing-23 << "X-Frame-Options: deny[\r][\n]"
11:48:49.923 [main] DEBUG org.apache.hc.client5.http.wire -- http-outgoing-23 << "X-XSS-Protection: 1; mode=block[\r][\n]"
11:48:49.923 [main] DEBUG org.apache.hc.client5.http.wire -- http-outgoing-23 << "X-GitHub-Request-Id: D6D6:22FCA9:24D88:36DD7:65B05DDF[\r][\n]"
11:48:49.923 [main] DEBUG org.apache.hc.client5.http.wire -- http-outgoing-23 << "Content-Encoding: gzip[\r][\n]"
11:48:49.923 [main] DEBUG org.apache.hc.client5.http.wire -- http-outgoing-23 << "Accept-Ranges: bytes[\r][\n]"
11:48:49.923 [main] DEBUG org.apache.hc.client5.http.wire -- http-outgoing-23 << "Date: Mon, 12 Feb 2024 04:48:49 GMT[\r][\n]"
11:48:49.923 [main] DEBUG org.apache.hc.client5.http.wire -- http-outgoing-23 << "Via: 1.1 varnish[\r][\n]"
11:48:49.923 [main] DEBUG org.apache.hc.client5.http.wire -- http-outgoing-23 << "X-Served-By: cache-qpg1247-QPG[\r][\n]"
11:48:49.923 [main] DEBUG org.apache.hc.client5.http.wire -- http-outgoing-23 << "X-Cache: HIT[\r][\n]"
11:48:49.923 [main] DEBUG org.apache.hc.client5.http.wire -- http-outgoing-23 << "X-Cache-Hits: 1[\r][\n]"
11:48:49.923 [main] DEBUG org.apache.hc.client5.http.wire -- http-outgoing-23 << "X-Timer: S1707713330.981242,VS0,VE1[\r][\n]"
11:48:49.923 [main] DEBUG org.apache.hc.client5.http.wire -- http-outgoing-23 << "Vary: Authorization,Accept-Encoding,Origin[\r][\n]"
11:48:49.923 [main] DEBUG org.apache.hc.client5.http.wire -- http-outgoing-23 << "Access-Control-Allow-Origin: *[\r][\n]"
11:48:49.923 [main] DEBUG org.apache.hc.client5.http.wire -- http-outgoing-23 << "Cross-Origin-Resource-Policy: cross-origin[\r][\n]"
11:48:49.923 [main] DEBUG org.apache.hc.client5.http.wire -- http-outgoing-23 << "X-Fastly-Request-ID: 1a1b12d76e04ca650e811d5ed853d4c32991b0a2[\r][\n]"
11:48:49.923 [main] DEBUG org.apache.hc.client5.http.wire -- http-outgoing-23 << "Expires: Mon, 12 Feb 2024 04:53:49 GMT[\r][\n]"
11:48:49.923 [main] DEBUG org.apache.hc.client5.http.wire -- http-outgoing-23 << "Source-Age: 158[\r][\n]"
11:48:49.923 [main] DEBUG org.apache.hc.client5.http.wire -- http-outgoing-23 << "[\r][\n]"
11:48:49.923 [main] DEBUG org.apache.hc.client5.http.headers -- http-outgoing-23 << HTTP/1.1 200 OK
11:48:49.923 [main] DEBUG org.apache.hc.client5.http.headers -- http-outgoing-23 << Connection: keep-alive
11:48:49.923 [main] DEBUG org.apache.hc.client5.http.headers -- http-outgoing-23 << Content-Length: 1667
11:48:49.923 [main] DEBUG org.apache.hc.client5.http.headers -- http-outgoing-23 << Cache-Control: max-age=300
11:48:49.923 [main] DEBUG org.apache.hc.client5.http.headers -- http-outgoing-23 << Content-Security-Policy: default-src 'none'; style-src 'unsafe-inline'; sandbox
11:48:49.923 [main] DEBUG org.apache.hc.client5.http.headers -- http-outgoing-23 << Content-Type: text/plain; charset=utf-8
11:48:49.923 [main] DEBUG org.apache.hc.client5.http.headers -- http-outgoing-23 << ETag: W/"2b63ea7ea7667d0729e9d848d780e58af4f6d237cb562369e48d53971ddfa6c5"
11:48:49.923 [main] DEBUG org.apache.hc.client5.http.headers -- http-outgoing-23 << Strict-Transport-Security: max-age=31536000
11:48:49.923 [main] DEBUG org.apache.hc.client5.http.headers -- http-outgoing-23 << X-Content-Type-Options: nosniff
11:48:49.923 [main] DEBUG org.apache.hc.client5.http.headers -- http-outgoing-23 << X-Frame-Options: deny
11:48:49.923 [main] DEBUG org.apache.hc.client5.http.headers -- http-outgoing-23 << X-XSS-Protection: 1; mode=block
11:48:49.923 [main] DEBUG org.apache.hc.client5.http.headers -- http-outgoing-23 << X-GitHub-Request-Id: D6D6:22FCA9:24D88:36DD7:65B05DDF
11:48:49.923 [main] DEBUG org.apache.hc.client5.http.headers -- http-outgoing-23 << Content-Encoding: gzip
11:48:49.923 [main] DEBUG org.apache.hc.client5.http.headers -- http-outgoing-23 << Accept-Ranges: bytes
11:48:49.923 [main] DEBUG org.apache.hc.client5.http.headers -- http-outgoing-23 << Date: Mon, 12 Feb 2024 04:48:49 GMT
11:48:49.923 [main] DEBUG org.apache.hc.client5.http.headers -- http-outgoing-23 << Via: 1.1 varnish
11:48:49.923 [main] DEBUG org.apache.hc.client5.http.headers -- http-outgoing-23 << X-Served-By: cache-qpg1247-QPG
11:48:49.923 [main] DEBUG org.apache.hc.client5.http.headers -- http-outgoing-23 << X-Cache: HIT
11:48:49.923 [main] DEBUG org.apache.hc.client5.http.headers -- http-outgoing-23 << X-Cache-Hits: 1
11:48:49.923 [main] DEBUG org.apache.hc.client5.http.headers -- http-outgoing-23 << X-Timer: S1707713330.981242,VS0,VE1
11:48:49.923 [main] DEBUG org.apache.hc.client5.http.headers -- http-outgoing-23 << Vary: Authorization,Accept-Encoding,Origin
11:48:49.923 [main] DEBUG org.apache.hc.client5.http.headers -- http-outgoing-23 << Access-Control-Allow-Origin: *
11:48:49.923 [main] DEBUG org.apache.hc.client5.http.headers -- http-outgoing-23 << Cross-Origin-Resource-Policy: cross-origin
11:48:49.923 [main] DEBUG org.apache.hc.client5.http.headers -- http-outgoing-23 << X-Fastly-Request-ID: 1a1b12d76e04ca650e811d5ed853d4c32991b0a2
11:48:49.923 [main] DEBUG org.apache.hc.client5.http.headers -- http-outgoing-23 << Expires: Mon, 12 Feb 2024 04:53:49 GMT
11:48:49.923 [main] DEBUG org.apache.hc.client5.http.headers -- http-outgoing-23 << Source-Age: 158
11:48:49.923 [main] DEBUG org.apache.hc.client5.http.impl.classic.MainClientExec -- ex-0000000039 connection can be kept alive for 3 MINUTES
11:48:49.923 [main] DEBUG org.apache.hc.client5.http.wire -- http-outgoing-23 << "[0x1f][0xffffff8b][0x8][0x0][0x0][0x0][0x0][0x0][0x0][0x3][0xffffff8d][0xffffff97][0xffffffcb]n+7[0xc][0xffffff86][0xfffffff7]y[0xffffff8a][0x1][0xffffffba][0xffffffce]XWJ[\n]"
11:48:49.924 [main] DEBUG org.apache.hc.client5.http.wire -- http-outgoing-23 << "[0xffffffa0]M[0xffffffaf][0xffffffab][0xffffffa2][0xffffff8b][0xfffffff6][0x5]|[0xffffffec]I28[0xffffff8e]'[0xffffffb0][0xffffff9d][0xffffff93][0xffffff83]>}II[0xffffffd4][0xffffffc8][0xffffff9a][0x16][0xffffffe8][0xffffffc2]H[0xfffffff8][0xffffff8d]F")[\r][0xfffffff5][0xfffffff3][0xffffff87][0xffffffe1][0xffffffaf][0xffffffd7][0xfffffff9]:<[0xffffffcf][0xffffffa7]i8,[0xffffffe7][0xffffffdb]~>_[0xffffff87][0xffffffdb][0xffffffeb]4|=/[0xffffff9f][0xffffffe7][0xffffffe1]x[0xffffff99][0xffffffbf]M[0xffffff97][0x1][0x7f][0xffffffd7]y[0xffffffc1]'[0xffffff87][0xffffffe5][0xffffffed]}[0x7f][0xffffff9b][0xffffffbf][0xffffffe0][0xffffffe8][0xffffffcf][0xfffffff9][0xfffffff6][0xffffff9a]F[0x1e][0xffffff96][0xffffffcb]e[0xffffffba][0xffffffbe]/[0xffffffe7][0xffffffe3]|~[0x19][0xffffffbe]\[0xffffff96][0xffffffcf][0xffffffeb][0xfffffffa][0xffffffca][0xffffffc3][0xffffffc3][0xf][0xffffffc3][0xffffff8f][0x19]=[\r][0xffffffbf]-[0xffffffcb][0xb][0xffffffbe][0xfffffff9][0xffffffd3][0xffffffeb]ey[0xffffff9b][0xffffff86][0xfffffffd][0xfffffff9][0xffffff98][0xffffffff][0xffffff9d]?[0xffffffde][0xffffff86][0xffffffc7][0xffffffe1][0xffffffe7][0xffffffb4][0xffffffd4][0xffffffd3]pHO[0xfffffff3][0xffffffc2][0xfffffff8][0xfffffff2][0xffffff9f][0xffffffcb][0xffffffc7][0xffffffe5]0=[\r][0xffffffaf][0xffffffb7][0xffffffdb][0xfffffffb][0xffffffd3]n[0xffffffd7]>[0x1d][0xf][0xffffffe5][0xffffffed]q[0xffffffb9][0xffffffbc][0xffffffec][0xffffff8e][0xffffffe8][0xffffffef]i[0xffffffd9][0x1f][0xffffffaf][0xf]y[0xffffff8c][0xffffff94]&[0xffffffe2]o[0x14][0xffffffa3]u[0xffffffda][0xffffff8e]AT[0xffffffae][0xffffff91]k[0xffffffe2][0xffffffe0][0xffffffd4][0x8][0xffffffba]r[0xffffff85]\%.[0xffffffed]hB[0xffffffe5][0x12][0xffffffb9]$nA[0xffffff8f]`*[0x17][0xffffffc8][0x5]q[0xffffffe3][0xffffffe5][0xffffffe8][0x1c]s[0x11]"[0xfffffffe][0x12][0xffffffc7][0xffffffe5]][0x1d]/<rO\[0xffffffdb]0:Y[0xffffffb9]C[0xffffffee][0x12][0x17]f[0x4]U9 [0x7][0xffffffe2][0xffffffca][0xffffff84][0x11][0xffffffd6][0xfffffff1][0x16][0xffffffb9]%.[0xffffff83][0xffffffc5][0xffffff87][0xffffff95]c[0xffffffbc]"[0xffffffc5]Ka[0xffffffb8][0xffffffea][0xffffffbf][0xffffffc0]xE[0xffffff8a]W[0xffffff80][0x18][0xffffffa5]^[0x1d][0xffffffc2][0xffffff80]E[\n]"
11:48:49.924 [main] DEBUG org.apache.hc.client5.http.wire -- http-outgoing-23 << "X[0xffffffe0]|[0xffffffcd][0x2][0x18][0xffffffb0][0xffffffa0][0xffffff80]M[0xffffffb0]r4+[0xffffffc7][0xffffff80][0x5][0x5]l|[0xffffff80][0x11]8[0xffffffa1]![0xffffffc4][0x10][0x12]5[0x6][0xffffffd7]f[0xffffffea]c[0xffffffa0]`[0xffffff8d][0xffffffb3]~[0xffffffc4]e[0x18][0xffffffbb][0x18](V[0x3]A[0xffffffad]9[0x8][0x10][0x3]$[\n]"
11:48:49.924 [main] DEBUG org.apache.hc.client5.http.wire -- http-outgoing-23 << "f4[0xffffff96][0xffffffa9][0xffffff8d][0xffffffc1]&[0xffffffaa][0xfffffffd][0x8][0x1c]O01[0xffffff98]D19[0xffffffb8][0xffffff91][0xffffff8c]u[0xc][0x14][0xffffffa4][0xffffffb1][0xffffffce][0xffffffad][0xffffff9b][0x1a]T[0xc]*Q[0xffffffdc]R[0xffffffcc]2c[0x19]C[\n]"
11:48:49.924 [main] DEBUG org.apache.hc.client5.http.wire -- http-outgoing-23 << "[0xffffffd0][0xffffffe0][0x9][0xffffffc0]X[0x19][0xffffff8b][0x18]R|F[0xffffff8b]Qq[0xffffff9e]|[0xffffff88]>[0xffffffc5][0xffffffa7][0xfffffff1][0xffffff8f][0xffffffe2][0xffffff99][0xffffffbd][0xffffff8f]>[0xffffffc5][0xffffffa7][0xffffff95][0x19][0x3]0u[0xffffffd1][0xffffffa7][0xfffffff0][0xffffff94][0x17][0xffffffa3][0xfffffff7]L![0xfffffffa][0x14][0xffffff9e]28/[0xffffffa7][0xffffffc2][0xffffffdb][0xffffffe8]Sx[0xffffffd2][0xffffffeb][0xffffffd1][0xffffffb3]k[0xffffffde]D[0xffffff9f][0xffffffc2][0xffffff93][0xffffffc6][0xffffff8d][0xffffff9a]s[0xffffffec]u[0xfffffff4]):[0xffffffda]I[0xffffffcd][0xffffffa9][0xfffffff0]2[0xfffffffa][0x14][0xffffff86][0xffffffc0][0xffffffcc]K][0xffffff97][0x13][0xffffffd1]S[0x18]:[0xffffffa0]/x[0xffffff84][\n]"
11:48:49.924 [main] DEBUG org.apache.hc.client5.http.wire -- http-outgoing-23 << "v![0xffffffba][0xffffff90][0xffffffb0][0xffffffb1][0xffffffa3][0xffffffae][0xffffffd4]G[0xffffffe7][0x13][0xffffffc5][0xffffffb3][0xffffff83][0xffffffe7][0xffffff8a][0xffffffb1][0xffffff8b][0xffffff8e][0x2][0xffffffd1][0x1e][0xfffffff0][`7[0x1c]D[0x7][0xffffff89][0xffffffe2][0x1][0xffffff97][0xffffffaa][0xffffffce]a[0xffffffa3][0xffffffa3]H[0xffffffb4]sx[0xffffffc0][0xffffffd6][0xffffffd1]&:[0xffffff93][0xffffffb0][0xffffffc2][0xfffffff3][0xffffffcb]PGG[0xffffff91]h[0xffffffc0][0xffffff80][0xffffff80]]v**[0xffffffdc]Q[0xffffffb6][0xffffffe4][0xffffff9d]%[0xffffffc8]b[0xffffffc7] [0xffffff90][0xffffffc5]{[0x3][0xffffff9e],[0xffffffce](8[0xffffffb2]x7[0x1][0xffffffc8]bg[0xffffffc0][0xffffffa2]US[0x4][0xffffff86],[0xffffffce]9h[0xffffffb2]x= _t][0xffffff8f]|[0xffffffa9][0xffffffdf][0xc][0xffffff90]/Z[0xffffffdf]U[0xffffffb5][0xffffffdf][0xffffff97][0xffffffbf][0xffffffe7][0xffffffd3]i?[0xfffffffc]:_[0xffffffa6][0xffffffe7][0xffffffe5]{S[0xffffffca]^[0xffffffa6][0xffffffc3][0xffffffd7][0xffffffe5]_+[0xffffffd9][0x15]K[0xffffffd9][0xb][0x16][0xffffffd0][0xffffff8f]/#[0xffffff96][0xffffffd4][0xffffffdd][[0xffffff9e]b[0xffffffd7][0xffffffbc][0xffffffb0][0xffffffbb]L[0xffffffa7]i[0x7f][0xffffff9d][0xffffffae][0xf][0xffffffcf]y^[0xffffffa9]d[0xffffffc4][0xffffffb4]aBW"[0xffffff88][0xffffffe8][0xffffff86][0xffffffc8][0xffffffb0]!~C[0xffffffdc][0xffffff86][0xffffffc0][0xffffff86][0xffffffd8][\r]1[0x1b][0xffffffa2]7Dm[0xffffff88][0xffffffdc][0xffffff90][0xffffffe4][0xffffffb3][0x1a]U%"d[0xffffffb2][0xffffff8e][0x11]~C[0xffffffdc][0xffffff86][0xffffffc0][0xffffff86][0xffffffd8][\r]I>[0xffffffcb][0xffffff96][0xffffffe8][\r]Q[0x1b]"7Dt$[0xffffff84][0x1e][0xfffffff8][0x1e][0xffffffb8][0x1e]@[0xf]l[0xf]zoC[0xffffffef]l[0xffffffe8]}[\r][0xffffffbd][0xffffffab][0xffffff81]<[0xffffffc5][0xffffffaf][0xffffffad][0x1][0xffffffe3]i>[0x7f]|[0xffffffcf]X2[0xfffffff6][0xffffffa1][0x1b][0xffffffe7]}[0xf]\[0xf][0xffffffa0][0x7][0xffffffb6][0x7][0xffffffa6][0x7][0x14][0xffffff80][0xfffffff2][\r]P=[0xffffffa0][0x0][0xffffff94]k[0xffffff80][0xffffffe8][0xffffff80][0xb]=H[0xffffff9e]B[0x3]\[0xf][0xffffffa0][0x7][0xffffffb6][0x7][0xffffffa6][0x7][0xffffffba][0x7][0xffffffaa][0x7][0xffffffb2][0x7][0xffffffa2][0x3][0x10]z[0xffffff90]<[0xffffffb5][\r]H[0xffffff9e]6_0@[0xf]l[0xf][0xffffff92][0xffffffa7][0xffffffcd][0x7][0x4][0xffffffba][0x7][0xffffffc9][0xffffffd3][0xffffffe6][0xffffffd8]C[0xfffffff2][0xffffffb4]9[0x14] :`C[0xf]|[0xf]\[0xf][0xffffff92][0xffffffa7][0xffffffa2][0x1][0xffffff96]A[[0xb][0xffffffff]x[0xffffff9f].[0xfffffffb][0xffffffa6][0x2].d[0xffffffff][0xffffff9f][\n]"
11:48:49.924 [main] DEBUG org.apache.hc.client5.http.wire -- http-outgoing-23 << "[0xffffff98][0x6]^[0xffffff97][0xffffffe7][0xffffffdb][0xffffffe7][0xfffffffe]2e[0xffffff8b][0xffffffd5]]_[0xf][0xffffffd3][0xffffffc3][0xffffffa4][0xffffff8e]hy[0xffffffd4]![0xffffffa8]>[0xffffff94][0x10][0xffffffcc]Q[0x1d][0xffffffc9][0xffffff90]8^s[0x12]o[0xfffffff1][0xffffffc2]I[\r]&[0xfffffff5][0x15]P'[0xfffffff8][0xffffffc0][0xffffff98][0xffffffc4]`[0x12]_[0x1]E[0xffffff86][0xffffffd4][0xffffff8a]9[0xffffff89][0xffffffc1]$[0xffffffbe]<N[0x13][0x1c]c[0xffffffd2][0xffffff82]I{9[0xfffffffc][0xffffffb2]$[\n]"
11:48:49.924 [main] DEBUG org.apache.hc.client5.http.wire -- http-outgoing-23 << "[0xffffff98][0xffffffc2]E[0xffffffab]5[0xffffffb1][0xffffffc8]e[0xffffff8e]u[0xffffffa2][0xffffff91][0xffffff9a]R[0xffffff95]i[0xffffffb0]Z4J[0xffffffd3]3uw:[0xffffffd3][0x16][\n]"
11:48:49.924 [main] DEBUG org.apache.hc.client5.http.wire -- http-outgoing-23 << "[0xffffffad][0xffffffca][0xffffff94][0x1c]g[0xffffffb0][0xffffffad][0xffffffc8][0xffffffc4]L[0x14]lZ[0xffffff8d][0x19]J[0xffffff94]A[0xffffffb7][\n]"
11:48:49.924 [main] DEBUG org.apache.hc.client5.http.wire -- http-outgoing-23 << "[0x13]eI[0xffffffa6][0xffffffaa][0xffffffd5][0xffffff97][0xffffff98][0xffffffb4][0xffffff82]e+/I[0xffffffb9]e,Zu[0xffffffe9]K[0xffffffe0]>[0xffffffb4][0xffffffda][0x12][0xffffffa0]P[0xffffffdf][0x9][0xffffffcb]L]++[0xffffffa1]l[0xffffff8c][0xffffff87]VT[0xffffffd6][0x14]aq[0xffffffb9][0x13][0xffffff95][0x19][0xffffff9a]FS[0xfffffffa][0xffffffe2][0x18][0x16][0xffffff99];E[0xffffff99][0xffffffa1][0xffffffba][0x17][0xffffff94][0x19][0xffffffca]FOZ^_4r[0xffffff92]][0xffffffc5][0xffffffa2]s'&3[0xfffffff4][0xffffff9d][0xffffff96][0xffffffcc][0xffffffd4]5R[0xffffffd2]1[0xffffff84]FH[0xfffffffa][0xffffffb2]<V[0xffffffa1]UG[0xffffffb2][0xfffffff7]X[0xffffff89]V[0x19][0xffffff89][0x9].T72[0x12]xR[0xffffffd5][0xffffffa8]H_6[0x1c][0xffffffcb][0xffffffd2]*"[0xffffffeb]famZE$[0xffffff9f]u[0xffffffac]O[0xffffffab][0xffffff86][0xffffffe4][0x13][0xffffff8d]5[0xffffffaa][0xffffff91][0xffffff90][0xffffffb2][0xffffff84][0xffffff8a][0xffffff85][0xffffffaa]U[0xffffff90]e-[0xffffffac]V[0xffffffab][0xffffff80]t<[0xffffffab]m[0xfffffff4]#[0x1f]e[0xffffffac]Z[0xffffffab]z[0xffffffac][0xffffff87][0x13]KW[0xffffffa3][0x1e][0xfffffff9]S[0xffffffc3][0xfffffffa][0xffffffd5][0xffffff88][0xffffffc7][0xffffffba]V[0x11]}[0xffffffc9][0xffffffb0][0xffffffa1]5[0xffffff8a][0xffffffe4][0xffffffcb]FQ|[0xffffffd9]([0xffffff82]/[0x1b]E[0xffffffef]e[0xffffffa3][0xffffffc8][0xffffffbd]l[0x14][0xffffffb5][0xffffff97][0xffffff8d]"[0xfffffff6][0xffffffb2]![0xffffffb3][0xffffffba][0xffffffcb][0xffffff86]h[0xc]C[0x1e][0xffffffb0][0xffffffc7][0xffffff86]<[0xffffffd0]e[0x1d]C[0x1e][0xffffffa8][0xffffff92][0xc][0x3][0xffffffd9][0xffffffb8][0xffffff93][0xffffff87][0xfffffff3][0xffffffe1][0xffffffb2]Pe[0x1b]~9[0xffffffbe]LMm|[0xffffffbb]N[0x8][0xfffffffe][0xffffffb3]8[0x1e][0xffffffa7]o[0xffffffd3][0xffffff89]f[0x1d][0xffffffdf]x[0xffffff86]T)[0xffffffa7][0xfffffff3][0xffffffe3][0xffffffc7]uW[0xffffffd9]#M[0xffffffb2][0xffffffbb]-[0xffffffcb][0xffffffe9][0xffffffba][0xfffffffb][0xffffff9c][0xffffffbe][0xffffff94]b[0xfffffff9]@t[0xffffffed][0xffffff80][0xffffffa5][0xffffffc7][0x1b]C[0xfffffffa]B[0xffffffb9][0xffffffff][0xffffff95][0xe][0xffffffe5]9f2S[0xffffffee]~[0xffffffa5]S[0xffffffe9] g[0xffffffca][0xffffffbd][0xffffffaf][0x4][0xffffff90][0xffffffd4][0xffffff9b]f[0xffffffca][0xffffff9d][0xffffffaf][0xffffffb4]x>0{[0xffffff89][0xffffffd6][0xffffffbe]WZ,[0xffffffb4][0xffffffae][0xffffffac]V[0xffffffbb]^i[0x0][0xffffffe7][0xffffff85]B[0xffffffb9][0xffffffe7][0xffffffc5]n[0xffffff81][0xffffffee]"
11:48:49.924 [main] DEBUG org.apache.hc.client5.http.wire -- http-outgoing-23 << "[0xfffffff6][0xc][0xffffffb9][0xffffffe1][0xffffff95][0xffffffda][0xffffffd1]MZ([0xffffffb7][0xffffffbb][0xffffffd8][0xffffffb9]j[0xffffffac]`[0xffffff85]r[0xffffffb3]+[0x15]~[0xffffffa9][0xffffff8e]g[0xffffffe0]V[0x17]{[0x13]S[0xffffff83][0xffffffa8]}.[0xffffffde][0x6][0xffffff96]z[0xffffff87]L[0xffffffb9][0xffffffcb]Ea-[0xffffffd6]y[0xffffffb9][0xffffffc7][0xffffffc5][0xffffffcb][0xffffffc2]R[0xffffffa7]E[0xffffff94];\,[0xfffffffd]T(2+[0xfffffffd][0xffffffad][0xffffffa4][0xffffffe8]Jb[0xffffffb8][0xffffffb9][0xffffffc5][0xffffffd0]Te[0xffffffa5][0xffffffb5][0xffffffc5][0x18]Le[0xffffffa5][0xffffffb1]E[0xffffffaf][0xffffffea][0xffffffca][0xffffffdc][0xffffffd6][0x6][0xffffffac]1ZfTZ[0xffffffda][0xffffff80][0xffffffa9][0xffffffd7]eT[0xffffffe9]g[0xffffff83]X[0x17]([0xffffffbd][0xffffffac][0xffffffa7]JW^,}[0xffffffac][0xffffffc7][0xffffffc0]2[0xffffffe1][0x1e][0xffffff96]v<o[0xc][0xfffffff7][0xffffffaf][0xe]s[^[0xffffffe3][0xffffffe6][0x15] [0xffffff94]-[0xffffffe1][0xffffffc6][0x15][0xfffffff0]H@[0xffffffce][0x5]w[0xffffffad][0xffffff96][0x12]\F[0xffffff95][0xffffff96][0xffffffd5]&[0xffffffe1][0xffffff92][0x8][0xffffffb7][0xffffffab]X[0x1a]lY[0xf][0xffffffab]W[0xffffffae][0xffffff9e][0xffffff81]}[0xffffffe2][0xffffffee][0x15][0xffffffef][0xffffffd9][0xffffffb2]U[0xffffffb5]s[0xffffffc5][0xffffff88][0xfffffff1][0xffffffdc]%V[0xffffffdb]V:[0xffffffb3][0xffffff99][0xffffff94][0xffffff96]U9>:[0xffffffdc][0xffffffad]*]I[0xffffffe9]T[0xffffffa9],[0x16]R[0xffffff9a]T[0xffffffa9]I.$dL|[0xffffffbf]L[0xffffff8f][0xfffffff3][0xfffffff9]z[0xffffffdb][0xffffff9f]N[0xffffffd3]1C[0x15][0xffffff81]nv[0xffffff9d][0xffffffcf][0xffffff89][0xffffff91][0x11]K[0x18][0xffffffa8][0xffffff90][0xffffffc3]7"b[0xffffff9d][0xffffffc4][0xffffffdb].[0xffffffef][0xffffff87][0xfffffff6][0x11]?,[0xffffffa3]C6[0x15][0x15][0x1d][0xffffffdc]i[0xffffff9f][0xffffffcf][0x8][0xfffffff6]gtec[0xffffffbd]~[0xfffffff8][0x7][0x18]<[0xfffffffe][0xffffff8d]h[0x13][0x0][0x0]"
11:48:49.924 [main] DEBUG org.apache.hc.client5.http.impl.classic.InternalHttpClient -- ep-0000000039 releasing valid endpoint
11:48:49.924 [main] DEBUG org.apache.hc.client5.http.impl.io.PoolingHttpClientConnectionManager -- ep-0000000039 releasing endpoint
11:48:49.924 [main] DEBUG org.apache.hc.client5.http.impl.io.PoolingHttpClientConnectionManager -- ep-0000000039 connection http-outgoing-23 can be kept alive for 3 MINUTES
11:48:49.924 [main] DEBUG org.apache.hc.client5.http.impl.io.PoolingHttpClientConnectionManager -- ep-0000000039 connection released [route: {s}->https://raw.githubusercontent.com:443][total available: 2; route allocated: 1 of 5; total allocated: 3 of 25]
11:48:49.924 [main] DEBUG io.github.bonigarcia.wdm.versions.VersionDetector -- Driver for chrome121 not found in online properties (using local versions.properties)
11:48:49.924 [main] DEBUG io.github.bonigarcia.wdm.WebDriverManager -- The driver version for CHROME 121 is unknown ... trying with latest
11:48:49.925 [main] DEBUG org.apache.hc.client5.http.impl.classic.InternalHttpClient -- ex-0000000040 preparing request execution
11:48:49.925 [main] DEBUG org.apache.hc.client5.http.impl.classic.ProtocolExec -- ex-0000000040 target auth state: UNCHALLENGED
11:48:49.925 [main] DEBUG org.apache.hc.client5.http.impl.classic.ProtocolExec -- ex-0000000040 proxy auth state: UNCHALLENGED
11:48:49.925 [main] DEBUG org.apache.hc.client5.http.impl.classic.ConnectExec -- ex-0000000040 acquiring connection with route {s}->https://googlechromelabs.github.io:443
11:48:49.925 [main] DEBUG org.apache.hc.client5.http.impl.classic.InternalHttpClient -- ex-0000000040 acquiring endpoint (3 MINUTES)
11:48:49.925 [main] DEBUG org.apache.hc.client5.http.impl.io.PoolingHttpClientConnectionManager -- ex-0000000040 endpoint lease request (3 MINUTES) [route: {s}->https://googlechromelabs.github.io:443][total available: 2; route allocated: 1 of 5; total allocated: 3 of 25]
11:48:49.925 [main] DEBUG org.apache.hc.client5.http.impl.io.PoolingHttpClientConnectionManager -- ex-0000000040 endpoint leased [route: {s}->https://googlechromelabs.github.io:443][total available: 1; route allocated: 1 of 5; total allocated: 3 of 25]
11:48:49.925 [main] DEBUG org.apache.hc.client5.http.impl.io.PoolingHttpClientConnectionManager -- ex-0000000040 acquired ep-0000000040
11:48:49.925 [main] DEBUG org.apache.hc.client5.http.impl.classic.InternalHttpClient -- ex-0000000040 acquired endpoint ep-0000000040
11:48:49.925 [main] DEBUG org.apache.hc.client5.http.impl.classic.MainClientExec -- ex-0000000040 executing GET /chrome-for-testing/last-known-good-versions-with-downloads.json HTTP/1.1
11:48:49.925 [main] DEBUG org.apache.hc.client5.http.protocol.RequestAddCookies -- ex-0000000040 Cookie spec selected: strict
11:48:49.925 [main] DEBUG org.apache.hc.client5.http.impl.classic.InternalHttpClient -- ep-0000000040 start execution ex-0000000040
11:48:49.925 [main] DEBUG org.apache.hc.client5.http.impl.io.PoolingHttpClientConnectionManager -- ep-0000000040 executing exchange ex-0000000040 over http-outgoing-21
11:48:49.925 [main] DEBUG org.apache.hc.client5.http.headers -- http-outgoing-21 >> GET /chrome-for-testing/last-known-good-versions-with-downloads.json HTTP/1.1
11:48:49.925 [main] DEBUG org.apache.hc.client5.http.headers -- http-outgoing-21 >> user-agent: Apache-HttpClient/5.0
11:48:49.925 [main] DEBUG org.apache.hc.client5.http.headers -- http-outgoing-21 >> accept-encoding: gzip, deflate, br
11:48:49.925 [main] DEBUG org.apache.hc.client5.http.headers -- http-outgoing-21 >> cache-control: max-age=0
11:48:49.925 [main] DEBUG org.apache.hc.client5.http.headers -- http-outgoing-21 >> connection: keep-alive
11:48:49.925 [main] DEBUG org.apache.hc.client5.http.headers -- http-outgoing-21 >> Host: googlechromelabs.github.io
11:48:49.925 [main] DEBUG org.apache.hc.client5.http.wire -- http-outgoing-21 >> "GET /chrome-for-testing/last-known-good-versions-with-downloads.json HTTP/1.1[\r][\n]"
11:48:49.925 [main] DEBUG org.apache.hc.client5.http.wire -- http-outgoing-21 >> "user-agent: Apache-HttpClient/5.0[\r][\n]"
11:48:49.925 [main] DEBUG org.apache.hc.client5.http.wire -- http-outgoing-21 >> "accept-encoding: gzip, deflate, br[\r][\n]"
11:48:49.925 [main] DEBUG org.apache.hc.client5.http.wire -- http-outgoing-21 >> "cache-control: max-age=0[\r][\n]"
11:48:49.925 [main] DEBUG org.apache.hc.client5.http.wire -- http-outgoing-21 >> "connection: keep-alive[\r][\n]"
11:48:49.925 [main] DEBUG org.apache.hc.client5.http.wire -- http-outgoing-21 >> "Host: googlechromelabs.github.io[\r][\n]"
11:48:49.925 [main] DEBUG org.apache.hc.client5.http.wire -- http-outgoing-21 >> "[\r][\n]"
11:48:49.945 [main] DEBUG org.apache.hc.client5.http.wire -- http-outgoing-21 << "HTTP/1.1 200 OK[\r][\n]"
11:48:49.945 [main] DEBUG org.apache.hc.client5.http.wire -- http-outgoing-21 << "Connection: keep-alive[\r][\n]"
11:48:49.945 [main] DEBUG org.apache.hc.client5.http.wire -- http-outgoing-21 << "Content-Length: 640[\r][\n]"
11:48:49.945 [main] DEBUG org.apache.hc.client5.http.wire -- http-outgoing-21 << "Server: GitHub.com[\r][\n]"
11:48:49.945 [main] DEBUG org.apache.hc.client5.http.wire -- http-outgoing-21 << "Content-Type: application/json; charset=utf-8[\r][\n]"
11:48:49.945 [main] DEBUG org.apache.hc.client5.http.wire -- http-outgoing-21 << "permissions-policy: interest-cohort=()[\r][\n]"
11:48:49.945 [main] DEBUG org.apache.hc.client5.http.wire -- http-outgoing-21 << "x-origin-cache: HIT[\r][\n]"
11:48:49.945 [main] DEBUG org.apache.hc.client5.http.wire -- http-outgoing-21 << "Last-Modified: Mon, 12 Feb 2024 04:09:36 GMT[\r][\n]"
11:48:49.945 [main] DEBUG org.apache.hc.client5.http.wire -- http-outgoing-21 << "Access-Control-Allow-Origin: *[\r][\n]"
11:48:49.945 [main] DEBUG org.apache.hc.client5.http.wire -- http-outgoing-21 << "Strict-Transport-Security: max-age=31556952[\r][\n]"
11:48:49.945 [main] DEBUG org.apache.hc.client5.http.wire -- http-outgoing-21 << "ETag: W/"65c99a00-229c"[\r][\n]"
11:48:49.945 [main] DEBUG org.apache.hc.client5.http.wire -- http-outgoing-21 << "expires: Mon, 12 Feb 2024 04:19:55 GMT[\r][\n]"
11:48:49.945 [main] DEBUG org.apache.hc.client5.http.wire -- http-outgoing-21 << "Cache-Control: max-age=600[\r][\n]"
11:48:49.945 [main] DEBUG org.apache.hc.client5.http.wire -- http-outgoing-21 << "Content-Encoding: gzip[\r][\n]"
11:48:49.945 [main] DEBUG org.apache.hc.client5.http.wire -- http-outgoing-21 << "x-proxy-cache: HIT[\r][\n]"
11:48:49.945 [main] DEBUG org.apache.hc.client5.http.wire -- http-outgoing-21 << "X-GitHub-Request-Id: EECE:F2983:9FFA93:AC18FB:65C99AC6[\r][\n]"
11:48:49.945 [main] DEBUG org.apache.hc.client5.http.wire -- http-outgoing-21 << "Accept-Ranges: bytes[\r][\n]"
11:48:49.945 [main] DEBUG org.apache.hc.client5.http.wire -- http-outgoing-21 << "Date: Mon, 12 Feb 2024 04:48:50 GMT[\r][\n]"
11:48:49.945 [main] DEBUG org.apache.hc.client5.http.wire -- http-outgoing-21 << "Via: 1.1 varnish[\r][\n]"
11:48:49.945 [main] DEBUG org.apache.hc.client5.http.wire -- http-outgoing-21 << "Age: 163[\r][\n]"
11:48:49.945 [main] DEBUG org.apache.hc.client5.http.wire -- http-outgoing-21 << "X-Served-By: cache-qpg1223-QPG[\r][\n]"
11:48:49.945 [main] DEBUG org.apache.hc.client5.http.wire -- http-outgoing-21 << "X-Cache: HIT[\r][\n]"
11:48:49.945 [main] DEBUG org.apache.hc.client5.http.wire -- http-outgoing-21 << "X-Cache-Hits: 4[\r][\n]"
11:48:49.945 [main] DEBUG org.apache.hc.client5.http.wire -- http-outgoing-21 << "X-Timer: S1707713330.004762,VS0,VE0[\r][\n]"
11:48:49.945 [main] DEBUG org.apache.hc.client5.http.wire -- http-outgoing-21 << "Vary: Accept-Encoding[\r][\n]"
11:48:49.945 [main] DEBUG org.apache.hc.client5.http.wire -- http-outgoing-21 << "X-Fastly-Request-ID: 6a47bc4d4dce1f6c3750a5b11071aafcdb705343[\r][\n]"
11:48:49.945 [main] DEBUG org.apache.hc.client5.http.wire -- http-outgoing-21 << "[\r][\n]"
11:48:49.945 [main] DEBUG org.apache.hc.client5.http.headers -- http-outgoing-21 << HTTP/1.1 200 OK
11:48:49.945 [main] DEBUG org.apache.hc.client5.http.headers -- http-outgoing-21 << Connection: keep-alive
11:48:49.945 [main] DEBUG org.apache.hc.client5.http.headers -- http-outgoing-21 << Content-Length: 640
11:48:49.945 [main] DEBUG org.apache.hc.client5.http.headers -- http-outgoing-21 << Server: GitHub.com
11:48:49.945 [main] DEBUG org.apache.hc.client5.http.headers -- http-outgoing-21 << Content-Type: application/json; charset=utf-8
11:48:49.945 [main] DEBUG org.apache.hc.client5.http.headers -- http-outgoing-21 << permissions-policy: interest-cohort=()
11:48:49.945 [main] DEBUG org.apache.hc.client5.http.headers -- http-outgoing-21 << x-origin-cache: HIT
11:48:49.945 [main] DEBUG org.apache.hc.client5.http.headers -- http-outgoing-21 << Last-Modified: Mon, 12 Feb 2024 04:09:36 GMT
11:48:49.945 [main] DEBUG org.apache.hc.client5.http.headers -- http-outgoing-21 << Access-Control-Allow-Origin: *
11:48:49.945 [main] DEBUG org.apache.hc.client5.http.headers -- http-outgoing-21 << Strict-Transport-Security: max-age=31556952
11:48:49.945 [main] DEBUG org.apache.hc.client5.http.headers -- http-outgoing-21 << ETag: W/"65c99a00-229c"
11:48:49.945 [main] DEBUG org.apache.hc.client5.http.headers -- http-outgoing-21 << expires: Mon, 12 Feb 2024 04:19:55 GMT
11:48:49.945 [main] DEBUG org.apache.hc.client5.http.headers -- http-outgoing-21 << Cache-Control: max-age=600
11:48:49.945 [main] DEBUG org.apache.hc.client5.http.headers -- http-outgoing-21 << Content-Encoding: gzip
11:48:49.945 [main] DEBUG org.apache.hc.client5.http.headers -- http-outgoing-21 << x-proxy-cache: HIT
11:48:49.945 [main] DEBUG org.apache.hc.client5.http.headers -- http-outgoing-21 << X-GitHub-Request-Id: EECE:F2983:9FFA93:AC18FB:65C99AC6
11:48:49.945 [main] DEBUG org.apache.hc.client5.http.headers -- http-outgoing-21 << Accept-Ranges: bytes
11:48:49.945 [main] DEBUG org.apache.hc.client5.http.headers -- http-outgoing-21 << Date: Mon, 12 Feb 2024 04:48:50 GMT
11:48:49.945 [main] DEBUG org.apache.hc.client5.http.headers -- http-outgoing-21 << Via: 1.1 varnish
11:48:49.945 [main] DEBUG org.apache.hc.client5.http.headers -- http-outgoing-21 << Age: 163
11:48:49.945 [main] DEBUG org.apache.hc.client5.http.headers -- http-outgoing-21 << X-Served-By: cache-qpg1223-QPG
11:48:49.945 [main] DEBUG org.apache.hc.client5.http.headers -- http-outgoing-21 << X-Cache: HIT
11:48:49.945 [main] DEBUG org.apache.hc.client5.http.headers -- http-outgoing-21 << X-Cache-Hits: 4
11:48:49.945 [main] DEBUG org.apache.hc.client5.http.headers -- http-outgoing-21 << X-Timer: S1707713330.004762,VS0,VE0
11:48:49.945 [main] DEBUG org.apache.hc.client5.http.headers -- http-outgoing-21 << Vary: Accept-Encoding
11:48:49.945 [main] DEBUG org.apache.hc.client5.http.headers -- http-outgoing-21 << X-Fastly-Request-ID: 6a47bc4d4dce1f6c3750a5b11071aafcdb705343
11:48:49.945 [main] DEBUG org.apache.hc.client5.http.impl.classic.MainClientExec -- ex-0000000040 connection can be kept alive for 3 MINUTES
11:48:49.945 [main] DEBUG org.apache.hc.client5.http.wire -- http-outgoing-21 << "[0x1f][0xffffff8b][0x8][0x0][0x0][0x0][0x0][0x0][0x0][0x3][0xffffffcd][0xffffff96][0xffffffcb][0xffffff8e][0xffffff9b]0[0x14][0xffffff86][0xfffffff7]}[0xc][0xffffffaf][0xffffffc1]`[0x8][0xffffffe4][0xffffffb2][0xffffff9c][0xffffff99]7hWSu[0xffffffe1][0x6]7A2[0x10][0xffffff81]'[0xffffffd3]N[0xffffffc4][0xffffffbb][0xffffffd7][0x10][0xffffffc3]p[0xffffffb1][0xffffff99]U|[0xffffff90]"%[0x1c][0xffffff9c]s~[0xffffffd0][0xffffffa7][0xffffffa3][0xffffffef][0xffffff86]D[0xffffff9a][0xffffffb1]J[0xffffffd0][0xffffffec][0xffffff82][0xe]([0xfffffff0][0xffffff83][0xffffff8d][0xffffffeb][0x7].!?[0x2]r[0xfffffff0][0xfffffff7][0xfffffff2][0xffffff83]}B^[0xffffff91][0xffffff83][0xffffff8e]g[0xffffff9a][0xffffffe7][0xffffff8c]W[0xffffffe8]pC[0xffffffdf][0x5][0xfffffffd][0xffffffcd]Y[0xfffffff3]KU[0xffffffe5]_U[0xffffffcd]AWVVi[0xffffff91][0xffffffcb][0x12][0x9][0x8][0xfffffff6]qL[0xffffffe2]-[0xffffffde]E[0xfffffff2]N[0xffffffc9][0xffffffae]i[0x7f]+[0xc][0xffffff89][0xffffffbf][0xffffff95][0xffffffc5][0xffffffa4]x[0xffffffcf]yA[0xffffff93][0xffffffea][0xffffffde][0xffffffae],2[0xffffffd9][0xfffffff8][0xffffffe7][\r]]8[0x15][0x7f][0xffffff8a]2[0xffffff93][0xffffff87]y[0xffffff9a][0xffffffbf][0xfffffffd][0xffffff8d]7[0xfffffff2][0xfffffff0][[0xffffffd9][0xffffff8c]:[0xb]q[0xffffffa9][0xe][0xffffff9e][0xffffffc7][0xffffff92][0x13]K8[0xffffffce][0x18]>][0x5][0xffffffc1][0xffffffc7]"S%[0xffffffef][0xffffffde]G}[0xffffffb9][0xffffffb2][0xffffff8d]+[0xffffffe4]3[0xffffffa6][0xfffffff9][0xffffffc9][0x1b]e[0xfffffff2]T[0xffffffe7][0xffffffee][0xffffffa0][0xffffffba][0xffffffc4][0x1f][0xffffffe9][0x5][0xffffffd5][0xffffffce](CF[0xffffff8f].-[0xffffffb3][0xffffff87][0xffffffa4][0xffffffe8]{wG[0xfffffffb][0xffffff82])[0xffffffc9]c[0xffffffde][0xffffff86][0xffffffea]<Lax[0x1b][0xffffffef]i[0x1e][0x6][0xf]H[0xffffffd0][0xfffffff6][0xffffffed][0xffffff8e][0xffffffb5][0x17][0xffffff86][0xffffffe9][0xf]y[0xfffffffe][0xffffffb6][0xffffffef]`z[0xfffffff7][0xffffffec][0xffffffbf][0x1c][0x5]fR[0xffffffa6][0xffffff92]n(<[0xffffffef][0xffffffd3][0xffffffd7][0x2][0xffffffa9]J[0xffffffb3][\n]"
11:48:49.946 [main] DEBUG org.apache.hc.client5.http.wire -- http-outgoing-21 << "T[0x7]Y[0x0][0xffffff81]U)@[0xffffffb1][0xfffffffd][0xffffffcc]0[0xffffff83][0xffffffd7]=3[0xffffff9a]pVUnuf[0xffffff9c]CQ<[0xffffff89][0xffffffb1][0x16][0xffffff9c][0xffffffa7][0xffffffb1]V[0xffffffc1][0xffffffb5].[0x14] [0xffffffe0][0xffffffd3]8[0xffffffa0][0xffffffa4]k[0xffffffc2][0xfffffff4][0xffffffc8][0xffffffd7][0xffffffb5][0xffffff83][0xffffff9e][0xffffff98][0xffffffa0]cCi+c?[0x9][0xffffff9a][0xffffffe6]ALp[0xffffffb0][0xffffff9f][0xfffffffa]I[0xffffffe4]G;[0x1f][0xffffffc2]O[0x6][0xffffff99][0x0][0xfffffffd]d[0xffffff98][0x2][0xffffffd2]O[0xffffffa6]9[0xffffffec][0xfffffffb][0xffffffc9]0[0xffffff81]}?[0xffffff99]L[0xffffff87][0xfffffff7][0x13]3[0xffffff9e][0xfffffff6][0xfffffffd]d[0x9]R[0xfffffffb]~bF[0xffffffd5][0xffffffae][0xffffff9f][0xffffff98][0xffffff80][0xffffffb5][0xffffffe9]'&l[0xffffffd7][0xffffffe2]'[0xb]K[0x16][0xffffffce]O[0x16]w.[0xffffff9c][0xffffff9f],[0xffffffac]`[0x18]?1nd[0x8]?1.[0xffffffe8]/[0xfffffffc][0xffffffe4][0xffffff85]][0xffffffc7]z[0xffffffd2][0x14][0xffffffc6]v[0x12][0xffffffb6][0xffffffad]w1[0xfffffff6]gr[0xffffffb2]%[0xffffff9b][0x10]BN>#[0x1][0xffffffba][0xffffffc9] [0x4][0xffffffa4][0xffffff9a]Lb[0xffffffd8]7[0xffffff93]A[0x0][0xfffffffb]b2[0x1e][0xe][0xffffffef]%F2[0xffffffed]k[0xffffffc9][0x2][0xffffff9f][0xfffffff6][0xffffffad][0xffffffc4]H[0xffffffa9]])1[0xffffffb0]j[0xffffffd3]I[0xc][0xffffffc4][0xffffffae]EI[0xffffffcc][0xffffffab][0x15][0xffffffce]H[0xffffff96]6-[0xffffff9c][0xffffff90][0xffffff98][0x17]/[0xffffff8c][0xffffff8f][0xffffff98][0xfffffff6]0[0xffffff84][0xffffff8e][0xffffff98][0xffffffd6][0xfffffff2][0x17]6[0xfffffff2]LsZ[0xfffffffe][0x1b][0xb][0xffffff89][0xffffffaa][0xffffffe9][0xffffff9c]d[0x1f]i[0xffffff9c]d[0xffffffb7][0xffffff8f][0x8][0xffffff9c][0xffffff93]4[0xffffff91][0xffffffc0][0xffffff9d][0xffffffa4][\r][0x1][0xffffffef]$}[0xc]('i[0x3]@9I7|-N[0xffffffa2]![0x13][0xffffffca]I[0xffffffb4]|B9[0xffffff89][0xffffff86]R[0x8]'[0xffffff99][0xffffffb1]j[0xffffffdf]If[0xffffffc4][0xffffffae][0xffffffcb]It[0xffffffab][0x15][0xffffffda]I[0xfffffff4][0xffffff9b][0x16][0xffffffda]It[0xffffff8b][0x17][0xffffffd2]I[0xffffffe6]{[0x18][0xffffffce]I[0xffffffe6]ky[0xffffffd1]I[0xffffffea][0xfffffffa][0xffffffdb][0x7f][0xffffffd5][0xffffffa2][0xffffff9a]W[0xffffff9c]"[0x0][0x0]"
11:48:49.947 [main] DEBUG org.apache.hc.client5.http.impl.classic.InternalHttpClient -- ep-0000000040 releasing valid endpoint
11:48:49.947 [main] DEBUG org.apache.hc.client5.http.impl.io.PoolingHttpClientConnectionManager -- ep-0000000040 releasing endpoint
11:48:49.947 [main] DEBUG org.apache.hc.client5.http.impl.io.PoolingHttpClientConnectionManager -- ep-0000000040 connection http-outgoing-21 can be kept alive for 3 MINUTES
11:48:49.947 [main] DEBUG org.apache.hc.client5.http.impl.io.PoolingHttpClientConnectionManager -- ep-0000000040 connection released [route: {s}->https://googlechromelabs.github.io:443][total available: 2; route allocated: 1 of 5; total allocated: 3 of 25]
11:48:49.948 [main] DEBUG io.github.bonigarcia.wdm.WebDriverManager -- Driver to be downloaded chromedriver 121.0.6167.85
11:48:49.948 [main] DEBUG io.github.bonigarcia.wdm.cache.ResolutionCache -- Storing resolution chrome=121 in cache (valid until 12:48:49 12/02/2024 WIB)
11:48:49.949 [main] DEBUG io.github.bonigarcia.wdm.cache.ResolutionCache -- Storing resolution chrome121=121.0.6167.85 in cache (valid until 11:48:49 13/02/2024 WIB)
11:48:49.950 [main] INFO io.github.bonigarcia.wdm.WebDriverManager -- Exporting webdriver.chrome.driver as /Users/fizkiarditiakusuma/.cache/selenium/chromedriver/mac-arm64/121.0.6167.85/chromedriver
  &amp#27;[32mGiven &amp#27;[0m&amp#27;[32mPengguna telah membuka situs Kepabeanan&amp#27;[0m                                &amp#27;[90m# step_definitions.login.penggunaTelahMembukaSitusKepabeanan()&amp#27;[0m
  &amp#27;[32mThen &amp#27;[0m&amp#27;[32mPengguna Klik Field Username&amp#27;[0m                                            &amp#27;[90m# step_definitions.login.penggunaKlikFieldUsername()&amp#27;[0m
  &amp#27;[32mAnd &amp#27;[0m&amp#27;[32mPengguna memasukan berbagai macam Test dalam field Username &amp#27;[0m&amp#27;[32m&amp#27;[1m"qwertyuQWE"&amp#27;[0m &amp#27;[90m# step_definitions.login.penggunaMemasukanBerbagaiMacamTestDalamFieldUsername(java.lang.String)&amp#27;[0m
]]></system-out>
  </testcase>
  <testcase name="LG 005 - Verifikasi Field Kata Sandi #1" classname="login" time="5.619">
    <system-out><![CDATA[
@login
Scenario Outline: LG 005 - Verifikasi Field Kata Sandi                        &amp#27;[90m# features//login.feature:38&amp#27;[0m
11:48:54.226 [main] DEBUG io.github.bonigarcia.wdm.WebDriverManager -- Using WebDriverManager 5.6.3
11:48:54.228 [main] DEBUG io.github.bonigarcia.wdm.WebDriverManager -- Using URL built from repository pattern: https://edgedl.me.gvt1.com/edgedl/chrome/chrome-for-testing/121.0.6167.139/mac-arm64/chromedriver-mac-arm64.zip
11:48:54.229 [main] DEBUG org.apache.hc.client5.http.impl.classic.InternalHttpClient -- ex-0000000041 preparing request execution
11:48:54.229 [main] DEBUG org.apache.hc.client5.http.impl.classic.ProtocolExec -- ex-0000000041 target auth state: UNCHALLENGED
11:48:54.229 [main] DEBUG org.apache.hc.client5.http.impl.classic.ProtocolExec -- ex-0000000041 proxy auth state: UNCHALLENGED
11:48:54.229 [main] DEBUG org.apache.hc.client5.http.impl.classic.ConnectExec -- ex-0000000041 acquiring connection with route {s}->https://googlechromelabs.github.io:443
11:48:54.229 [main] DEBUG org.apache.hc.client5.http.impl.classic.InternalHttpClient -- ex-0000000041 acquiring endpoint (3 MINUTES)
11:48:54.229 [main] DEBUG org.apache.hc.client5.http.impl.io.PoolingHttpClientConnectionManager -- ex-0000000041 endpoint lease request (3 MINUTES) [route: {s}->https://googlechromelabs.github.io:443][total available: 0; route allocated: 0 of 5; total allocated: 0 of 25]
11:48:54.229 [main] DEBUG org.apache.hc.client5.http.impl.io.PoolingHttpClientConnectionManager -- ex-0000000041 endpoint leased [route: {s}->https://googlechromelabs.github.io:443][total available: 0; route allocated: 1 of 5; total allocated: 1 of 25]
11:48:54.229 [main] DEBUG org.apache.hc.client5.http.impl.io.PoolingHttpClientConnectionManager -- ex-0000000041 acquired ep-0000000041
11:48:54.229 [main] DEBUG org.apache.hc.client5.http.impl.classic.InternalHttpClient -- ex-0000000041 acquired endpoint ep-0000000041
11:48:54.229 [main] DEBUG org.apache.hc.client5.http.impl.classic.ConnectExec -- ex-0000000041 opening connection {s}->https://googlechromelabs.github.io:443
11:48:54.229 [main] DEBUG org.apache.hc.client5.http.impl.classic.InternalHttpClient -- ep-0000000041 connecting endpoint (null)
11:48:54.229 [main] DEBUG org.apache.hc.client5.http.impl.io.PoolingHttpClientConnectionManager -- ep-0000000041 connecting endpoint to https://googlechromelabs.github.io:443 (30 SECONDS)
11:48:54.229 [main] DEBUG org.apache.hc.client5.http.impl.io.DefaultHttpClientConnectionOperator -- googlechromelabs.github.io resolving remote address
11:48:54.229 [main] DEBUG org.apache.hc.client5.http.impl.io.DefaultHttpClientConnectionOperator -- googlechromelabs.github.io resolved to [googlechromelabs.github.io/185.199.108.153, googlechromelabs.github.io/185.199.111.153, googlechromelabs.github.io/185.199.109.153, googlechromelabs.github.io/185.199.110.153, googlechromelabs.github.io/2606:50c0:8000:0:0:0:0:153, googlechromelabs.github.io/2606:50c0:8001:0:0:0:0:153, googlechromelabs.github.io/2606:50c0:8002:0:0:0:0:153, googlechromelabs.github.io/2606:50c0:8003:0:0:0:0:153]
11:48:54.229 [main] DEBUG org.apache.hc.client5.http.impl.io.DefaultHttpClientConnectionOperator -- googlechromelabs.github.io:443 connecting null->googlechromelabs.github.io/185.199.108.153:443 (30 SECONDS)
11:48:54.229 [main] DEBUG org.apache.hc.client5.http.ssl.SSLConnectionSocketFactory -- Connecting socket to googlechromelabs.github.io/185.199.108.153:443 with timeout 30 SECONDS
11:48:54.401 [main] DEBUG org.apache.hc.client5.http.ssl.SSLConnectionSocketFactory -- Enabled protocols: [TLSv1.3, TLSv1.2]
11:48:54.401 [main] DEBUG org.apache.hc.client5.http.ssl.SSLConnectionSocketFactory -- Enabled cipher suites: [TLS_AES_256_GCM_SHA384, TLS_AES_128_GCM_SHA256, TLS_CHACHA20_POLY1305_SHA256, TLS_ECDHE_ECDSA_WITH_AES_256_GCM_SHA384, TLS_ECDHE_ECDSA_WITH_AES_128_GCM_SHA256, TLS_ECDHE_ECDSA_WITH_CHACHA20_POLY1305_SHA256, TLS_ECDHE_RSA_WITH_AES_256_GCM_SHA384, TLS_ECDHE_RSA_WITH_CHACHA20_POLY1305_SHA256, TLS_ECDHE_RSA_WITH_AES_128_GCM_SHA256, TLS_DHE_RSA_WITH_AES_256_GCM_SHA384, TLS_DHE_RSA_WITH_CHACHA20_POLY1305_SHA256, TLS_DHE_DSS_WITH_AES_256_GCM_SHA384, TLS_DHE_RSA_WITH_AES_128_GCM_SHA256, TLS_DHE_DSS_WITH_AES_128_GCM_SHA256, TLS_ECDHE_ECDSA_WITH_AES_256_CBC_SHA384, TLS_ECDHE_RSA_WITH_AES_256_CBC_SHA384, TLS_ECDHE_ECDSA_WITH_AES_128_CBC_SHA256, TLS_ECDHE_RSA_WITH_AES_128_CBC_SHA256, TLS_DHE_RSA_WITH_AES_256_CBC_SHA256, TLS_DHE_DSS_WITH_AES_256_CBC_SHA256, TLS_DHE_RSA_WITH_AES_128_CBC_SHA256, TLS_DHE_DSS_WITH_AES_128_CBC_SHA256, TLS_ECDH_ECDSA_WITH_AES_256_GCM_SHA384, TLS_ECDH_RSA_WITH_AES_256_GCM_SHA384, TLS_ECDH_ECDSA_WITH_AES_128_GCM_SHA256, TLS_ECDH_RSA_WITH_AES_128_GCM_SHA256, TLS_ECDH_ECDSA_WITH_AES_256_CBC_SHA384, TLS_ECDH_RSA_WITH_AES_256_CBC_SHA384, TLS_ECDH_ECDSA_WITH_AES_128_CBC_SHA256, TLS_ECDH_RSA_WITH_AES_128_CBC_SHA256, TLS_ECDHE_ECDSA_WITH_AES_256_CBC_SHA, TLS_ECDHE_RSA_WITH_AES_256_CBC_SHA, TLS_ECDHE_ECDSA_WITH_AES_128_CBC_SHA, TLS_ECDHE_RSA_WITH_AES_128_CBC_SHA, TLS_DHE_RSA_WITH_AES_256_CBC_SHA, TLS_DHE_DSS_WITH_AES_256_CBC_SHA, TLS_DHE_RSA_WITH_AES_128_CBC_SHA, TLS_DHE_DSS_WITH_AES_128_CBC_SHA, TLS_ECDH_ECDSA_WITH_AES_256_CBC_SHA, TLS_ECDH_RSA_WITH_AES_256_CBC_SHA, TLS_ECDH_ECDSA_WITH_AES_128_CBC_SHA, TLS_ECDH_RSA_WITH_AES_128_CBC_SHA, TLS_RSA_WITH_AES_256_GCM_SHA384, TLS_RSA_WITH_AES_128_GCM_SHA256, TLS_RSA_WITH_AES_256_CBC_SHA256, TLS_RSA_WITH_AES_128_CBC_SHA256, TLS_RSA_WITH_AES_256_CBC_SHA, TLS_RSA_WITH_AES_128_CBC_SHA, TLS_EMPTY_RENEGOTIATION_INFO_SCSV]
11:48:54.401 [main] DEBUG org.apache.hc.client5.http.ssl.SSLConnectionSocketFactory -- Starting handshake (null)
11:48:54.584 [main] DEBUG org.apache.hc.client5.http.ssl.SSLConnectionSocketFactory -- Secure session established
11:48:54.584 [main] DEBUG org.apache.hc.client5.http.ssl.SSLConnectionSocketFactory --  negotiated protocol: TLSv1.3
11:48:54.584 [main] DEBUG org.apache.hc.client5.http.ssl.SSLConnectionSocketFactory --  negotiated cipher suite: TLS_AES_128_GCM_SHA256
11:48:54.584 [main] DEBUG org.apache.hc.client5.http.ssl.SSLConnectionSocketFactory --  peer principal: CN=*.github.io, O="GitHub, Inc.", L=San Francisco, ST=California, C=US
11:48:54.584 [main] DEBUG org.apache.hc.client5.http.ssl.SSLConnectionSocketFactory --  peer alternative names: [*.github.io, github.io, *.github.com, github.com, www.github.com, *.githubusercontent.com, githubusercontent.com]
11:48:54.584 [main] DEBUG org.apache.hc.client5.http.ssl.SSLConnectionSocketFactory --  issuer principal: CN=DigiCert TLS RSA SHA256 2020 CA1, O=DigiCert Inc, C=US
11:48:54.584 [main] DEBUG org.apache.hc.client5.http.impl.io.DefaultManagedHttpClientConnection -- http-outgoing-24 set socket timeout to 3 MINUTES
11:48:54.585 [main] DEBUG org.apache.hc.client5.http.impl.io.DefaultHttpClientConnectionOperator -- googlechromelabs.github.io:443 connected null->googlechromelabs.github.io/185.199.108.153:443 as http-outgoing-24
11:48:54.585 [main] DEBUG org.apache.hc.client5.http.impl.io.PoolingHttpClientConnectionManager -- ep-0000000041 connected http-outgoing-24
11:48:54.585 [main] DEBUG org.apache.hc.client5.http.impl.classic.InternalHttpClient -- ep-0000000041 endpoint connected
11:48:54.585 [main] DEBUG org.apache.hc.client5.http.impl.classic.MainClientExec -- ex-0000000041 executing GET /chrome-for-testing/last-known-good-versions-with-downloads.json HTTP/1.1
11:48:54.585 [main] DEBUG org.apache.hc.client5.http.protocol.RequestAddCookies -- ex-0000000041 Cookie spec selected: strict
11:48:54.585 [main] DEBUG org.apache.hc.client5.http.impl.classic.InternalHttpClient -- ep-0000000041 start execution ex-0000000041
11:48:54.585 [main] DEBUG org.apache.hc.client5.http.impl.io.PoolingHttpClientConnectionManager -- ep-0000000041 executing exchange ex-0000000041 over http-outgoing-24
11:48:54.585 [main] DEBUG org.apache.hc.client5.http.headers -- http-outgoing-24 >> GET /chrome-for-testing/last-known-good-versions-with-downloads.json HTTP/1.1
11:48:54.585 [main] DEBUG org.apache.hc.client5.http.headers -- http-outgoing-24 >> user-agent: Apache-HttpClient/5.0
11:48:54.585 [main] DEBUG org.apache.hc.client5.http.headers -- http-outgoing-24 >> accept-encoding: gzip, deflate, br
11:48:54.585 [main] DEBUG org.apache.hc.client5.http.headers -- http-outgoing-24 >> cache-control: max-age=0
11:48:54.585 [main] DEBUG org.apache.hc.client5.http.headers -- http-outgoing-24 >> connection: keep-alive
11:48:54.585 [main] DEBUG org.apache.hc.client5.http.headers -- http-outgoing-24 >> Host: googlechromelabs.github.io
11:48:54.585 [main] DEBUG org.apache.hc.client5.http.wire -- http-outgoing-24 >> "GET /chrome-for-testing/last-known-good-versions-with-downloads.json HTTP/1.1[\r][\n]"
11:48:54.585 [main] DEBUG org.apache.hc.client5.http.wire -- http-outgoing-24 >> "user-agent: Apache-HttpClient/5.0[\r][\n]"
11:48:54.585 [main] DEBUG org.apache.hc.client5.http.wire -- http-outgoing-24 >> "accept-encoding: gzip, deflate, br[\r][\n]"
11:48:54.585 [main] DEBUG org.apache.hc.client5.http.wire -- http-outgoing-24 >> "cache-control: max-age=0[\r][\n]"
11:48:54.585 [main] DEBUG org.apache.hc.client5.http.wire -- http-outgoing-24 >> "connection: keep-alive[\r][\n]"
11:48:54.585 [main] DEBUG org.apache.hc.client5.http.wire -- http-outgoing-24 >> "Host: googlechromelabs.github.io[\r][\n]"
11:48:54.585 [main] DEBUG org.apache.hc.client5.http.wire -- http-outgoing-24 >> "[\r][\n]"
11:48:54.757 [main] DEBUG org.apache.hc.client5.http.wire -- http-outgoing-24 << "HTTP/1.1 200 OK[\r][\n]"
11:48:54.757 [main] DEBUG org.apache.hc.client5.http.wire -- http-outgoing-24 << "Connection: keep-alive[\r][\n]"
11:48:54.757 [main] DEBUG org.apache.hc.client5.http.wire -- http-outgoing-24 << "Content-Length: 640[\r][\n]"
11:48:54.757 [main] DEBUG org.apache.hc.client5.http.wire -- http-outgoing-24 << "Server: GitHub.com[\r][\n]"
11:48:54.757 [main] DEBUG org.apache.hc.client5.http.wire -- http-outgoing-24 << "Content-Type: application/json; charset=utf-8[\r][\n]"
11:48:54.757 [main] DEBUG org.apache.hc.client5.http.wire -- http-outgoing-24 << "permissions-policy: interest-cohort=()[\r][\n]"
11:48:54.757 [main] DEBUG org.apache.hc.client5.http.wire -- http-outgoing-24 << "x-origin-cache: HIT[\r][\n]"
11:48:54.757 [main] DEBUG org.apache.hc.client5.http.wire -- http-outgoing-24 << "Last-Modified: Mon, 12 Feb 2024 04:09:36 GMT[\r][\n]"
11:48:54.757 [main] DEBUG org.apache.hc.client5.http.wire -- http-outgoing-24 << "Access-Control-Allow-Origin: *[\r][\n]"
11:48:54.757 [main] DEBUG org.apache.hc.client5.http.wire -- http-outgoing-24 << "Strict-Transport-Security: max-age=31556952[\r][\n]"
11:48:54.757 [main] DEBUG org.apache.hc.client5.http.wire -- http-outgoing-24 << "ETag: W/"65c99a00-229c"[\r][\n]"
11:48:54.757 [main] DEBUG org.apache.hc.client5.http.wire -- http-outgoing-24 << "expires: Mon, 12 Feb 2024 04:21:25 GMT[\r][\n]"
11:48:54.757 [main] DEBUG org.apache.hc.client5.http.wire -- http-outgoing-24 << "Cache-Control: max-age=600[\r][\n]"
11:48:54.757 [main] DEBUG org.apache.hc.client5.http.wire -- http-outgoing-24 << "Content-Encoding: gzip[\r][\n]"
11:48:54.757 [main] DEBUG org.apache.hc.client5.http.wire -- http-outgoing-24 << "x-proxy-cache: HIT[\r][\n]"
11:48:54.757 [main] DEBUG org.apache.hc.client5.http.wire -- http-outgoing-24 << "X-GitHub-Request-Id: 7E68:202855:5C382C1:5E35C94:65C99AB6[\r][\n]"
11:48:54.757 [main] DEBUG org.apache.hc.client5.http.wire -- http-outgoing-24 << "Accept-Ranges: bytes[\r][\n]"
11:48:54.757 [main] DEBUG org.apache.hc.client5.http.wire -- http-outgoing-24 << "Date: Mon, 12 Feb 2024 04:48:54 GMT[\r][\n]"
11:48:54.757 [main] DEBUG org.apache.hc.client5.http.wire -- http-outgoing-24 << "Via: 1.1 varnish[\r][\n]"
11:48:54.757 [main] DEBUG org.apache.hc.client5.http.wire -- http-outgoing-24 << "Age: 310[\r][\n]"
11:48:54.757 [main] DEBUG org.apache.hc.client5.http.wire -- http-outgoing-24 << "X-Served-By: cache-fra-eddf8230087-FRA[\r][\n]"
11:48:54.757 [main] DEBUG org.apache.hc.client5.http.wire -- http-outgoing-24 << "X-Cache: HIT[\r][\n]"
11:48:54.757 [main] DEBUG org.apache.hc.client5.http.wire -- http-outgoing-24 << "X-Cache-Hits: 2[\r][\n]"
11:48:54.757 [main] DEBUG org.apache.hc.client5.http.wire -- http-outgoing-24 << "X-Timer: S1707713335.742633,VS0,VE1[\r][\n]"
11:48:54.757 [main] DEBUG org.apache.hc.client5.http.wire -- http-outgoing-24 << "Vary: Accept-Encoding[\r][\n]"
11:48:54.757 [main] DEBUG org.apache.hc.client5.http.wire -- http-outgoing-24 << "X-Fastly-Request-ID: f74ba8161b3d5cc2f6cfa5ed06d8ace5e7a7d33f[\r][\n]"
11:48:54.757 [main] DEBUG org.apache.hc.client5.http.wire -- http-outgoing-24 << "[\r][\n]"
11:48:54.758 [main] DEBUG org.apache.hc.client5.http.headers -- http-outgoing-24 << HTTP/1.1 200 OK
11:48:54.758 [main] DEBUG org.apache.hc.client5.http.headers -- http-outgoing-24 << Connection: keep-alive
11:48:54.758 [main] DEBUG org.apache.hc.client5.http.headers -- http-outgoing-24 << Content-Length: 640
11:48:54.758 [main] DEBUG org.apache.hc.client5.http.headers -- http-outgoing-24 << Server: GitHub.com
11:48:54.758 [main] DEBUG org.apache.hc.client5.http.headers -- http-outgoing-24 << Content-Type: application/json; charset=utf-8
11:48:54.758 [main] DEBUG org.apache.hc.client5.http.headers -- http-outgoing-24 << permissions-policy: interest-cohort=()
11:48:54.758 [main] DEBUG org.apache.hc.client5.http.headers -- http-outgoing-24 << x-origin-cache: HIT
11:48:54.758 [main] DEBUG org.apache.hc.client5.http.headers -- http-outgoing-24 << Last-Modified: Mon, 12 Feb 2024 04:09:36 GMT
11:48:54.758 [main] DEBUG org.apache.hc.client5.http.headers -- http-outgoing-24 << Access-Control-Allow-Origin: *
11:48:54.758 [main] DEBUG org.apache.hc.client5.http.headers -- http-outgoing-24 << Strict-Transport-Security: max-age=31556952
11:48:54.758 [main] DEBUG org.apache.hc.client5.http.headers -- http-outgoing-24 << ETag: W/"65c99a00-229c"
11:48:54.758 [main] DEBUG org.apache.hc.client5.http.headers -- http-outgoing-24 << expires: Mon, 12 Feb 2024 04:21:25 GMT
11:48:54.758 [main] DEBUG org.apache.hc.client5.http.headers -- http-outgoing-24 << Cache-Control: max-age=600
11:48:54.758 [main] DEBUG org.apache.hc.client5.http.headers -- http-outgoing-24 << Content-Encoding: gzip
11:48:54.758 [main] DEBUG org.apache.hc.client5.http.headers -- http-outgoing-24 << x-proxy-cache: HIT
11:48:54.758 [main] DEBUG org.apache.hc.client5.http.headers -- http-outgoing-24 << X-GitHub-Request-Id: 7E68:202855:5C382C1:5E35C94:65C99AB6
11:48:54.758 [main] DEBUG org.apache.hc.client5.http.headers -- http-outgoing-24 << Accept-Ranges: bytes
11:48:54.758 [main] DEBUG org.apache.hc.client5.http.headers -- http-outgoing-24 << Date: Mon, 12 Feb 2024 04:48:54 GMT
11:48:54.758 [main] DEBUG org.apache.hc.client5.http.headers -- http-outgoing-24 << Via: 1.1 varnish
11:48:54.758 [main] DEBUG org.apache.hc.client5.http.headers -- http-outgoing-24 << Age: 310
11:48:54.758 [main] DEBUG org.apache.hc.client5.http.headers -- http-outgoing-24 << X-Served-By: cache-fra-eddf8230087-FRA
11:48:54.758 [main] DEBUG org.apache.hc.client5.http.headers -- http-outgoing-24 << X-Cache: HIT
11:48:54.758 [main] DEBUG org.apache.hc.client5.http.headers -- http-outgoing-24 << X-Cache-Hits: 2
11:48:54.758 [main] DEBUG org.apache.hc.client5.http.headers -- http-outgoing-24 << X-Timer: S1707713335.742633,VS0,VE1
11:48:54.758 [main] DEBUG org.apache.hc.client5.http.headers -- http-outgoing-24 << Vary: Accept-Encoding
11:48:54.758 [main] DEBUG org.apache.hc.client5.http.headers -- http-outgoing-24 << X-Fastly-Request-ID: f74ba8161b3d5cc2f6cfa5ed06d8ace5e7a7d33f
11:48:54.759 [main] DEBUG org.apache.hc.client5.http.impl.classic.MainClientExec -- ex-0000000041 connection can be kept alive for 3 MINUTES
11:48:54.759 [main] DEBUG org.apache.hc.client5.http.wire -- http-outgoing-24 << "[0x1f][0xffffff8b][0x8][0x0][0x0][0x0][0x0][0x0][0x0][0x3][0xffffffcd][0xffffff96][0xffffffcb][0xffffff8e][0xffffff9b]0[0x14][0xffffff86][0xfffffff7]}[0xc][0xffffffaf][0xffffffc1]`[0x8][0xffffffe4][0xffffffb2][0xffffff9c][0xffffff99]7hWSu[0xffffffe1][0x6]7A2[0x10][0xffffff81]'[0xffffffd3]N[0xffffffc4][0xffffffbb][0xffffffd7][0x10][0xffffffc3]p[0xffffffb1][0xffffff99]U|[0xffffff90]"%[0x1c][0xffffff9c]s~[0xffffffd0][0xffffffa7][0xffffffa3][0xffffffef][0xffffff86]D[0xffffff9a][0xffffffb1]J[0xffffffd0][0xffffffec][0xffffff82][0xe]([0xfffffff0][0xffffff83][0xffffff8d][0xffffffeb][0x7].!?[0x2]r[0xfffffff0][0xfffffff7][0xfffffff2][0xffffff83]}B^[0xffffff91][0xffffff83][0xffffff8e]g[0xffffff9a][0xffffffe7][0xffffff8c]W[0xffffffe8]pC[0xffffffdf][0x5][0xfffffffd][0xffffffcd]Y[0xfffffff3]KU[0xffffffe5]_U[0xffffffcd]AWVVi[0xffffff91][0xffffffcb][0x12][0x9][0x8][0xfffffff6]qL[0xffffffe2]-[0xffffffde]E[0xfffffff2]N[0xffffffc9][0xffffffae]i[0x7f]+[0xc][0xffffff89][0xffffffbf][0xffffff95][0xffffffc5][0xffffffa4]x[0xffffffcf]yA[0xffffff93][0xffffffea][0xffffffde][0xffffffae],2[0xffffffd9][0xfffffff8][0xffffffe7][\r]]8[0x15][0x7f][0xffffff8a]2[0xffffff93][0xffffff87]y[0xffffff9a][0xffffffbf][0xfffffffd][0xffffff8d]7[0xfffffff2][0xfffffff0][[0xffffffd9][0xffffff8c]:[0xb]q[0xffffffa9][0xe][0xffffff9e][0xffffffc7][0xffffff92][0x13]K8[0xffffffce][0x18]>][0x5][0xffffffc1][0xffffffc7]"S%[0xffffffef][0xffffffde]G}[0xffffffb9][0xffffffb2][0xffffff8d]+[0xffffffe4]3[0xffffffa6][0xfffffff9][0xffffffc9][0x1b]e[0xfffffff2]T[0xffffffe7][0xffffffee][0xffffffa0][0xffffffba][0xffffffc4][0x1f][0xffffffe9][0x5][0xffffffd5][0xffffffce](CF[0xffffff8f].-[0xffffffb3][0xffffff87][0xffffffa4][0xffffffe8]{wG[0xfffffffb][0xffffff82])[0xffffffc9]c[0xffffffde][0xffffff86][0xffffffea]<Lax[0x1b][0xffffffef]i[0x1e][0x6][0xf]H[0xffffffd0][0xfffffff6][0xffffffed][0xffffff8e][0xffffffb5][0x17][0xffffff86][0xffffffe9][0xf]y[0xfffffffe][0xffffffb6][0xffffffef]`z[0xfffffff7][0xffffffec][0xffffffbf][0x1c][0x5]fR[0xffffffa6][0xffffff92]n(<[0xffffffef][0xffffffd3][0xffffffd7][0x2][0xffffffa9]J[0xffffffb3][\n]"
11:48:54.759 [main] DEBUG org.apache.hc.client5.http.wire -- http-outgoing-24 << "T[0x7]Y[0x0][0xffffff81]U)@[0xffffffb1][0xfffffffd][0xffffffcc]0[0xffffff83][0xffffffd7]=3[0xffffff9a]pVUnuf[0xffffff9c]CQ<[0xffffff89][0xffffffb1][0x16][0xffffff9c][0xffffffa7][0xffffffb1]V[0xffffffc1][0xffffffb5].[0x14] [0xffffffe0][0xffffffd3]8[0xffffffa0][0xffffffa4]k[0xffffffc2][0xfffffff4][0xffffffc8][0xffffffd7][0xffffffb5][0xffffff83][0xffffff9e][0xffffff98][0xffffffa0]cCi+c?[0x9][0xffffff9a][0xffffffe6]ALp[0xffffffb0][0xffffff9f][0xfffffffa]I[0xffffffe4]G;[0x1f][0xffffffc2]O[0x6][0xffffff99][0x0][0xfffffffd]d[0xffffff98][0x2][0xffffffd2]O[0xffffffa6]9[0xffffffec][0xfffffffb][0xffffffc9]0[0xffffff81]}?[0xffffff99]L[0xffffff87][0xfffffff7][0x13]3[0xffffff9e][0xfffffff6][0xfffffffd]d[0x9]R[0xfffffffb]~bF[0xffffffd5][0xffffffae][0xffffff9f][0xffffff98][0xffffff80][0xffffffb5][0xffffffe9]'&l[0xffffffd7][0xffffffe2]'[0xb]K[0x16][0xffffffce]O[0x16]w.[0xffffff9c][0xffffff9f],[0xffffffac]`[0x18]?1nd[0x8]?1.[0xffffffe8]/[0xfffffffc][0xffffffe4][0xffffff85]][0xffffffc7]z[0xffffffd2][0x14][0xffffffc6]v[0x12][0xffffffb6][0xffffffad]w1[0xfffffff6]gr[0xffffffb2]%[0xffffff9b][0x10]BN>#[0x1][0xffffffba][0xffffffc9] [0x4][0xffffffa4][0xffffff9a]Lb[0xffffffd8]7[0xffffff93]A[0x0][0xfffffffb]b2[0x1e][0xe][0xffffffef]%F2[0xffffffed]k[0xffffffc9][0x2][0xffffff9f][0xfffffff6][0xffffffad][0xffffffc4]H[0xffffffa9]])1[0xffffffb0]j[0xffffffd3]I[0xc][0xffffffc4][0xffffffae]EI[0xffffffcc][0xffffffab][0x15][0xffffffce]H[0xffffff96]6-[0xffffff9c][0xffffff90][0xffffff98][0x17]/[0xffffff8c][0xffffff8f][0xffffff98][0xfffffff6]0[0xffffff84][0xffffff8e][0xffffff98][0xffffffd6][0xfffffff2][0x17]6[0xfffffff2]LsZ[0xfffffffe][0x1b][0xb][0xffffff89][0xffffffaa][0xffffffe9][0xffffff9c]d[0x1f]i[0xffffff9c]d[0xffffffb7][0xffffff8f][0x8][0xffffff9c][0xffffff93]4[0xffffff91][0xffffffc0][0xffffff9d][0xffffffa4][\r][0x1][0xffffffef]$}[0xc]('i[0x3]@9I7|-N[0xffffffa2]![0x13][0xffffffca]I[0xffffffb4]|B9[0xffffff89][0xffffff86]R[0x8]'[0xffffff99][0xffffffb1]j[0xffffffdf]If[0xffffffc4][0xffffffae][0xffffffcb]It[0xffffffab][0x15][0xffffffda]I[0xfffffff4][0xffffff9b][0x16][0xffffffda]It[0xffffff8b][0x17][0xffffffd2]I[0xffffffe6]{[0x18][0xffffffce]I[0xffffffe6]ky[0xffffffd1]I[0xffffffea][0xfffffffa][0xffffffdb][0x7f][0xffffffd5][0xffffffa2][0xffffff9a]W[0xffffff9c]"[0x0][0x0]"
11:48:54.761 [main] DEBUG org.apache.hc.client5.http.impl.classic.InternalHttpClient -- ep-0000000041 releasing valid endpoint
11:48:54.761 [main] DEBUG org.apache.hc.client5.http.impl.io.PoolingHttpClientConnectionManager -- ep-0000000041 releasing endpoint
11:48:54.761 [main] DEBUG org.apache.hc.client5.http.impl.io.PoolingHttpClientConnectionManager -- ep-0000000041 connection http-outgoing-24 can be kept alive for 3 MINUTES
11:48:54.761 [main] DEBUG org.apache.hc.client5.http.impl.io.PoolingHttpClientConnectionManager -- ep-0000000041 connection released [route: {s}->https://googlechromelabs.github.io:443][total available: 1; route allocated: 1 of 5; total allocated: 1 of 25]
11:48:54.762 [main] DEBUG io.github.bonigarcia.wdm.WebDriverManager -- Driver to be downloaded chromedriver 121.0.6167.139
11:48:54.764 [main] DEBUG io.github.bonigarcia.wdm.WebDriverManager -- Using URL built from repository pattern: https://edgedl.me.gvt1.com/edgedl/chrome/chrome-for-testing/121.0.6167.139/mac-arm64/chromedriver-mac-arm64.zip
11:48:54.764 [main] INFO io.github.bonigarcia.wdm.online.Downloader -- Downloading https://edgedl.me.gvt1.com/edgedl/chrome/chrome-for-testing/121.0.6167.139/mac-arm64/chromedriver-mac-arm64.zip
11:48:54.765 [main] DEBUG org.apache.hc.client5.http.impl.classic.InternalHttpClient -- ex-0000000042 preparing request execution
11:48:54.765 [main] DEBUG org.apache.hc.client5.http.impl.classic.ProtocolExec -- ex-0000000042 target auth state: UNCHALLENGED
11:48:54.765 [main] DEBUG org.apache.hc.client5.http.impl.classic.ProtocolExec -- ex-0000000042 proxy auth state: UNCHALLENGED
11:48:54.765 [main] DEBUG org.apache.hc.client5.http.impl.classic.ConnectExec -- ex-0000000042 acquiring connection with route {s}->https://edgedl.me.gvt1.com:443
11:48:54.765 [main] DEBUG org.apache.hc.client5.http.impl.classic.InternalHttpClient -- ex-0000000042 acquiring endpoint (3 MINUTES)
11:48:54.765 [main] DEBUG org.apache.hc.client5.http.impl.io.PoolingHttpClientConnectionManager -- ex-0000000042 endpoint lease request (3 MINUTES) [route: {s}->https://edgedl.me.gvt1.com:443][total available: 1; route allocated: 0 of 5; total allocated: 1 of 25]
11:48:54.765 [main] DEBUG org.apache.hc.client5.http.impl.io.PoolingHttpClientConnectionManager -- ex-0000000042 endpoint leased [route: {s}->https://edgedl.me.gvt1.com:443][total available: 1; route allocated: 1 of 5; total allocated: 2 of 25]
11:48:54.766 [main] DEBUG org.apache.hc.client5.http.impl.io.PoolingHttpClientConnectionManager -- ex-0000000042 acquired ep-0000000042
11:48:54.766 [main] DEBUG org.apache.hc.client5.http.impl.classic.InternalHttpClient -- ex-0000000042 acquired endpoint ep-0000000042
11:48:54.766 [main] DEBUG org.apache.hc.client5.http.impl.classic.ConnectExec -- ex-0000000042 opening connection {s}->https://edgedl.me.gvt1.com:443
11:48:54.766 [main] DEBUG org.apache.hc.client5.http.impl.classic.InternalHttpClient -- ep-0000000042 connecting endpoint (null)
11:48:54.766 [main] DEBUG org.apache.hc.client5.http.impl.io.PoolingHttpClientConnectionManager -- ep-0000000042 connecting endpoint to https://edgedl.me.gvt1.com:443 (30 SECONDS)
11:48:54.766 [main] DEBUG org.apache.hc.client5.http.impl.io.DefaultHttpClientConnectionOperator -- edgedl.me.gvt1.com resolving remote address
11:48:54.766 [main] DEBUG org.apache.hc.client5.http.impl.io.DefaultHttpClientConnectionOperator -- edgedl.me.gvt1.com resolved to [edgedl.me.gvt1.com/34.104.35.123, edgedl.me.gvt1.com/2600:1900:4110:86f:0:0:0:0]
11:48:54.766 [main] DEBUG org.apache.hc.client5.http.impl.io.DefaultHttpClientConnectionOperator -- edgedl.me.gvt1.com:443 connecting null->edgedl.me.gvt1.com/34.104.35.123:443 (30 SECONDS)
11:48:54.766 [main] DEBUG org.apache.hc.client5.http.ssl.SSLConnectionSocketFactory -- Connecting socket to edgedl.me.gvt1.com/34.104.35.123:443 with timeout 30 SECONDS
11:48:54.785 [main] DEBUG org.apache.hc.client5.http.ssl.SSLConnectionSocketFactory -- Enabled protocols: [TLSv1.3, TLSv1.2]
11:48:54.785 [main] DEBUG org.apache.hc.client5.http.ssl.SSLConnectionSocketFactory -- Enabled cipher suites: [TLS_AES_256_GCM_SHA384, TLS_AES_128_GCM_SHA256, TLS_CHACHA20_POLY1305_SHA256, TLS_ECDHE_ECDSA_WITH_AES_256_GCM_SHA384, TLS_ECDHE_ECDSA_WITH_AES_128_GCM_SHA256, TLS_ECDHE_ECDSA_WITH_CHACHA20_POLY1305_SHA256, TLS_ECDHE_RSA_WITH_AES_256_GCM_SHA384, TLS_ECDHE_RSA_WITH_CHACHA20_POLY1305_SHA256, TLS_ECDHE_RSA_WITH_AES_128_GCM_SHA256, TLS_DHE_RSA_WITH_AES_256_GCM_SHA384, TLS_DHE_RSA_WITH_CHACHA20_POLY1305_SHA256, TLS_DHE_DSS_WITH_AES_256_GCM_SHA384, TLS_DHE_RSA_WITH_AES_128_GCM_SHA256, TLS_DHE_DSS_WITH_AES_128_GCM_SHA256, TLS_ECDHE_ECDSA_WITH_AES_256_CBC_SHA384, TLS_ECDHE_RSA_WITH_AES_256_CBC_SHA384, TLS_ECDHE_ECDSA_WITH_AES_128_CBC_SHA256, TLS_ECDHE_RSA_WITH_AES_128_CBC_SHA256, TLS_DHE_RSA_WITH_AES_256_CBC_SHA256, TLS_DHE_DSS_WITH_AES_256_CBC_SHA256, TLS_DHE_RSA_WITH_AES_128_CBC_SHA256, TLS_DHE_DSS_WITH_AES_128_CBC_SHA256, TLS_ECDH_ECDSA_WITH_AES_256_GCM_SHA384, TLS_ECDH_RSA_WITH_AES_256_GCM_SHA384, TLS_ECDH_ECDSA_WITH_AES_128_GCM_SHA256, TLS_ECDH_RSA_WITH_AES_128_GCM_SHA256, TLS_ECDH_ECDSA_WITH_AES_256_CBC_SHA384, TLS_ECDH_RSA_WITH_AES_256_CBC_SHA384, TLS_ECDH_ECDSA_WITH_AES_128_CBC_SHA256, TLS_ECDH_RSA_WITH_AES_128_CBC_SHA256, TLS_ECDHE_ECDSA_WITH_AES_256_CBC_SHA, TLS_ECDHE_RSA_WITH_AES_256_CBC_SHA, TLS_ECDHE_ECDSA_WITH_AES_128_CBC_SHA, TLS_ECDHE_RSA_WITH_AES_128_CBC_SHA, TLS_DHE_RSA_WITH_AES_256_CBC_SHA, TLS_DHE_DSS_WITH_AES_256_CBC_SHA, TLS_DHE_RSA_WITH_AES_128_CBC_SHA, TLS_DHE_DSS_WITH_AES_128_CBC_SHA, TLS_ECDH_ECDSA_WITH_AES_256_CBC_SHA, TLS_ECDH_RSA_WITH_AES_256_CBC_SHA, TLS_ECDH_ECDSA_WITH_AES_128_CBC_SHA, TLS_ECDH_RSA_WITH_AES_128_CBC_SHA, TLS_RSA_WITH_AES_256_GCM_SHA384, TLS_RSA_WITH_AES_128_GCM_SHA256, TLS_RSA_WITH_AES_256_CBC_SHA256, TLS_RSA_WITH_AES_128_CBC_SHA256, TLS_RSA_WITH_AES_256_CBC_SHA, TLS_RSA_WITH_AES_128_CBC_SHA, TLS_EMPTY_RENEGOTIATION_INFO_SCSV]
11:48:54.785 [main] DEBUG org.apache.hc.client5.http.ssl.SSLConnectionSocketFactory -- Starting handshake (null)
11:48:54.815 [main] DEBUG org.apache.hc.client5.http.ssl.SSLConnectionSocketFactory -- Secure session established
11:48:54.815 [main] DEBUG org.apache.hc.client5.http.ssl.SSLConnectionSocketFactory --  negotiated protocol: TLSv1.3
11:48:54.815 [main] DEBUG org.apache.hc.client5.http.ssl.SSLConnectionSocketFactory --  negotiated cipher suite: TLS_AES_256_GCM_SHA384
11:48:54.815 [main] DEBUG org.apache.hc.client5.http.ssl.SSLConnectionSocketFactory --  peer principal: CN=edgedl.me.gvt1.com
11:48:54.815 [main] DEBUG org.apache.hc.client5.http.ssl.SSLConnectionSocketFactory --  peer alternative names: [edgedl.me.gvt1.com]
11:48:54.815 [main] DEBUG org.apache.hc.client5.http.ssl.SSLConnectionSocketFactory --  issuer principal: CN=GTS CA 1D4, O=Google Trust Services LLC, C=US
11:48:54.815 [main] DEBUG org.apache.hc.client5.http.impl.io.DefaultManagedHttpClientConnection -- http-outgoing-25 set socket timeout to 3 MINUTES
11:48:54.815 [main] DEBUG org.apache.hc.client5.http.impl.io.DefaultHttpClientConnectionOperator -- edgedl.me.gvt1.com:443 connected null->edgedl.me.gvt1.com/34.104.35.123:443 as http-outgoing-25
11:48:54.815 [main] DEBUG org.apache.hc.client5.http.impl.io.PoolingHttpClientConnectionManager -- ep-0000000042 connected http-outgoing-25
11:48:54.815 [main] DEBUG org.apache.hc.client5.http.impl.classic.InternalHttpClient -- ep-0000000042 endpoint connected
11:48:54.815 [main] DEBUG org.apache.hc.client5.http.impl.classic.MainClientExec -- ex-0000000042 executing GET /edgedl/chrome/chrome-for-testing/121.0.6167.139/mac-arm64/chromedriver-mac-arm64.zip HTTP/1.1
11:48:54.815 [main] DEBUG org.apache.hc.client5.http.protocol.RequestAddCookies -- ex-0000000042 Cookie spec selected: strict
11:48:54.815 [main] DEBUG org.apache.hc.client5.http.impl.classic.InternalHttpClient -- ep-0000000042 start execution ex-0000000042
11:48:54.815 [main] DEBUG org.apache.hc.client5.http.impl.io.PoolingHttpClientConnectionManager -- ep-0000000042 executing exchange ex-0000000042 over http-outgoing-25
11:48:54.815 [main] DEBUG org.apache.hc.client5.http.headers -- http-outgoing-25 >> GET /edgedl/chrome/chrome-for-testing/121.0.6167.139/mac-arm64/chromedriver-mac-arm64.zip HTTP/1.1
11:48:54.815 [main] DEBUG org.apache.hc.client5.http.headers -- http-outgoing-25 >> user-agent: Apache-HttpClient/5.0
11:48:54.815 [main] DEBUG org.apache.hc.client5.http.headers -- http-outgoing-25 >> accept-encoding: gzip, deflate, br
11:48:54.815 [main] DEBUG org.apache.hc.client5.http.headers -- http-outgoing-25 >> cache-control: max-age=0
11:48:54.815 [main] DEBUG org.apache.hc.client5.http.headers -- http-outgoing-25 >> connection: keep-alive
11:48:54.815 [main] DEBUG org.apache.hc.client5.http.headers -- http-outgoing-25 >> Host: edgedl.me.gvt1.com
11:48:54.815 [main] DEBUG org.apache.hc.client5.http.wire -- http-outgoing-25 >> "GET /edgedl/chrome/chrome-for-testing/121.0.6167.139/mac-arm64/chromedriver-mac-arm64.zip HTTP/1.1[\r][\n]"
11:48:54.815 [main] DEBUG org.apache.hc.client5.http.wire -- http-outgoing-25 >> "user-agent: Apache-HttpClient/5.0[\r][\n]"
11:48:54.815 [main] DEBUG org.apache.hc.client5.http.wire -- http-outgoing-25 >> "accept-encoding: gzip, deflate, br[\r][\n]"
11:48:54.815 [main] DEBUG org.apache.hc.client5.http.wire -- http-outgoing-25 >> "cache-control: max-age=0[\r][\n]"
11:48:54.815 [main] DEBUG org.apache.hc.client5.http.wire -- http-outgoing-25 >> "connection: keep-alive[\r][\n]"
11:48:54.815 [main] DEBUG org.apache.hc.client5.http.wire -- http-outgoing-25 >> "Host: edgedl.me.gvt1.com[\r][\n]"
11:48:54.815 [main] DEBUG org.apache.hc.client5.http.wire -- http-outgoing-25 >> "[\r][\n]"
11:48:54.948 [main] DEBUG org.apache.hc.client5.http.wire -- http-outgoing-25 << "HTTP/1.1 404 Not Found[\r][\n]"
11:48:54.948 [main] DEBUG org.apache.hc.client5.http.wire -- http-outgoing-25 << "content-length: 1449[\r][\n]"
11:48:54.948 [main] DEBUG org.apache.hc.client5.http.wire -- http-outgoing-25 << "content-type: text/html; charset=utf-8[\r][\n]"
11:48:54.948 [main] DEBUG org.apache.hc.client5.http.wire -- http-outgoing-25 << "server: Google-Edge-Cache[\r][\n]"
11:48:54.948 [main] DEBUG org.apache.hc.client5.http.wire -- http-outgoing-25 << "x-content-type-options: nosniff[\r][\n]"
11:48:54.948 [main] DEBUG org.apache.hc.client5.http.wire -- http-outgoing-25 << "x-frame-options: SAMEORIGIN[\r][\n]"
11:48:54.948 [main] DEBUG org.apache.hc.client5.http.wire -- http-outgoing-25 << "x-xss-protection: 0[\r][\n]"
11:48:54.948 [main] DEBUG org.apache.hc.client5.http.wire -- http-outgoing-25 << "date: Mon, 12 Feb 2024 04:48:55 GMT[\r][\n]"
11:48:54.948 [main] DEBUG org.apache.hc.client5.http.wire -- http-outgoing-25 << "x-request-id: e6a984ef-0f2c-4638-bede-66afeaf7e893[\r][\n]"
11:48:54.948 [main] DEBUG org.apache.hc.client5.http.wire -- http-outgoing-25 << "alt-svc: clear[\r][\n]"
11:48:54.948 [main] DEBUG org.apache.hc.client5.http.wire -- http-outgoing-25 << "[\r][\n]"
11:48:54.948 [main] DEBUG org.apache.hc.client5.http.wire -- http-outgoing-25 << "[\n]"
11:48:54.948 [main] DEBUG org.apache.hc.client5.http.wire -- http-outgoing-25 << "<!DOCTYPE html>[\n]"
11:48:54.948 [main] DEBUG org.apache.hc.client5.http.wire -- http-outgoing-25 << "<html lang=en>[\n]"
11:48:54.948 [main] DEBUG org.apache.hc.client5.http.wire -- http-outgoing-25 << "  <meta charset=utf-8>[\n]"
11:48:54.948 [main] DEBUG org.apache.hc.client5.http.wire -- http-outgoing-25 << "  <meta name=viewport content="initial-scale=1, minimum-scale=1, width=device-width">[\n]"
11:48:54.948 [main] DEBUG org.apache.hc.client5.http.wire -- http-outgoing-25 << "  <title>Error 404 (Not Found)!!1</title>[\n]"
11:48:54.948 [main] DEBUG org.apache.hc.client5.http.wire -- http-outgoing-25 << "  <style>[\n]"
11:48:54.948 [main] DEBUG org.apache.hc.client5.http.wire -- http-outgoing-25 << "    *{margin:0;padding:0}html,code{font:15px/22px arial,sans-serif}html{background:#fff;color:#222;padding:15px}body{margin:7% auto 0;max-width:390px;min-height:180px;padding:30px 0 15px}* > body{background:url(//www.google.com/images/errors/robot.png) 100% 5px no-repeat;padding-right:205px}p{margin:11px 0 22px;overflow:hidden}ins{color:#777;text-decoration:none}a img{border:0}@media screen and (max-width:772px){body{background:none;margin-top:0;max-width:none;padding-right:0}}#logo{background:url(//www.google.com/images/logos/errorpage/error_logo-150x54.png) no-repeat;margin-left:-5px}@media only screen and (min-resolution:192dpi){#logo{background:url(//www.google.com/images/logos/errorpage/error_logo-150x54-2x.png) no-repeat 0% 0%/100% 100%;-moz-border-image:url(//www.google.com/images/logos/errorpage/error_logo-150x54-2x.png) 0}}@media only screen and (-webkit-min-device-pixel-ratio:2){#logo{background:url(//www.google.com/images/logos/errorpage/error_logo-150x54-2x.png) no-repeat;-webkit-background-size:100% 100%}}#logo{display:inline-block;height:54px;width:150px}[\n]"
11:48:54.948 [main] DEBUG org.apache.hc.client5.http.wire -- http-outgoing-25 << "  </style>[\n]"
11:48:54.948 [main] DEBUG org.apache.hc.client5.http.wire -- http-outgoing-25 << "  <a href=//www.google.com/><span id=logo aria-label=Google></span></a>[\n]"
11:48:54.948 [main] DEBUG org.apache.hc.client5.http.wire -- http-outgoing-25 << "  <p><b>404.</b> <ins>That[0xffffffe2][0xffffff80][0xffffff99]s an error.</ins>[\n]"
11:48:54.948 [main] DEBUG org.apache.hc.client5.http.wire -- http-outgoing-25 << "  <p>  <ins>That[0xffffffe2][0xffffff80][0xffffff99]s all we know.</ins>[\n]"
11:48:54.948 [main] DEBUG org.apache.hc.client5.http.headers -- http-outgoing-25 << HTTP/1.1 404 Not Found
11:48:54.948 [main] DEBUG org.apache.hc.client5.http.headers -- http-outgoing-25 << content-length: 1449
11:48:54.948 [main] DEBUG org.apache.hc.client5.http.headers -- http-outgoing-25 << content-type: text/html; charset=utf-8
11:48:54.948 [main] DEBUG org.apache.hc.client5.http.headers -- http-outgoing-25 << server: Google-Edge-Cache
11:48:54.948 [main] DEBUG org.apache.hc.client5.http.headers -- http-outgoing-25 << x-content-type-options: nosniff
11:48:54.948 [main] DEBUG org.apache.hc.client5.http.headers -- http-outgoing-25 << x-frame-options: SAMEORIGIN
11:48:54.948 [main] DEBUG org.apache.hc.client5.http.headers -- http-outgoing-25 << x-xss-protection: 0
11:48:54.948 [main] DEBUG org.apache.hc.client5.http.headers -- http-outgoing-25 << date: Mon, 12 Feb 2024 04:48:55 GMT
11:48:54.948 [main] DEBUG org.apache.hc.client5.http.headers -- http-outgoing-25 << x-request-id: e6a984ef-0f2c-4638-bede-66afeaf7e893
11:48:54.948 [main] DEBUG org.apache.hc.client5.http.headers -- http-outgoing-25 << alt-svc: clear
11:48:54.948 [main] DEBUG org.apache.hc.client5.http.impl.classic.MainClientExec -- ex-0000000042 connection can be kept alive for 3 MINUTES
11:48:54.948 [main] ERROR io.github.bonigarcia.wdm.online.HttpClient -- Error HTTP 404 executing https://edgedl.me.gvt1.com/edgedl/chrome/chrome-for-testing/121.0.6167.139/mac-arm64/chromedriver-mac-arm64.zip
11:48:54.949 [main] INFO io.github.bonigarcia.wdm.cache.ResolutionCache -- Clearing WebDriverManager resolution cache
11:48:54.949 [main] WARN io.github.bonigarcia.wdm.WebDriverManager -- There was an error managing chromedriver 121.0.6167.139 (Error HTTP 404 executing https://edgedl.me.gvt1.com/edgedl/chrome/chrome-for-testing/121.0.6167.139/mac-arm64/chromedriver-mac-arm64.zip) ... trying again avoiding reading release from repository
11:48:54.950 [main] DEBUG org.apache.hc.client5.http.impl.classic.InternalHttpClient -- ex-0000000043 preparing request execution
11:48:54.950 [main] DEBUG org.apache.hc.client5.http.impl.classic.ProtocolExec -- ex-0000000043 target auth state: UNCHALLENGED
11:48:54.950 [main] DEBUG org.apache.hc.client5.http.impl.classic.ProtocolExec -- ex-0000000043 proxy auth state: UNCHALLENGED
11:48:54.950 [main] DEBUG org.apache.hc.client5.http.impl.classic.ConnectExec -- ex-0000000043 acquiring connection with route {s}->https://raw.githubusercontent.com:443
11:48:54.950 [main] DEBUG org.apache.hc.client5.http.impl.classic.InternalHttpClient -- ex-0000000043 acquiring endpoint (3 MINUTES)
11:48:54.950 [main] DEBUG org.apache.hc.client5.http.impl.io.PoolingHttpClientConnectionManager -- ex-0000000043 endpoint lease request (3 MINUTES) [route: {s}->https://raw.githubusercontent.com:443][total available: 1; route allocated: 0 of 5; total allocated: 2 of 25]
11:48:54.950 [main] DEBUG org.apache.hc.client5.http.impl.io.PoolingHttpClientConnectionManager -- ex-0000000043 endpoint leased [route: {s}->https://raw.githubusercontent.com:443][total available: 1; route allocated: 1 of 5; total allocated: 3 of 25]
11:48:54.951 [main] DEBUG org.apache.hc.client5.http.impl.io.PoolingHttpClientConnectionManager -- ex-0000000043 acquired ep-0000000043
11:48:54.951 [main] DEBUG org.apache.hc.client5.http.impl.classic.InternalHttpClient -- ex-0000000043 acquired endpoint ep-0000000043
11:48:54.951 [main] DEBUG org.apache.hc.client5.http.impl.classic.ConnectExec -- ex-0000000043 opening connection {s}->https://raw.githubusercontent.com:443
11:48:54.951 [main] DEBUG org.apache.hc.client5.http.impl.classic.InternalHttpClient -- ep-0000000043 connecting endpoint (null)
11:48:54.951 [main] DEBUG org.apache.hc.client5.http.impl.io.PoolingHttpClientConnectionManager -- ep-0000000043 connecting endpoint to https://raw.githubusercontent.com:443 (30 SECONDS)
11:48:54.951 [main] DEBUG org.apache.hc.client5.http.impl.io.DefaultHttpClientConnectionOperator -- raw.githubusercontent.com resolving remote address
11:48:54.951 [main] DEBUG org.apache.hc.client5.http.impl.io.DefaultHttpClientConnectionOperator -- raw.githubusercontent.com resolved to [raw.githubusercontent.com/185.199.108.133, raw.githubusercontent.com/185.199.111.133, raw.githubusercontent.com/185.199.110.133, raw.githubusercontent.com/185.199.109.133, raw.githubusercontent.com/2606:50c0:8003:0:0:0:0:154, raw.githubusercontent.com/2606:50c0:8002:0:0:0:0:154, raw.githubusercontent.com/2606:50c0:8000:0:0:0:0:154, raw.githubusercontent.com/2606:50c0:8001:0:0:0:0:154]
11:48:54.951 [main] DEBUG org.apache.hc.client5.http.impl.io.DefaultHttpClientConnectionOperator -- raw.githubusercontent.com:443 connecting null->raw.githubusercontent.com/185.199.108.133:443 (30 SECONDS)
11:48:54.951 [main] DEBUG org.apache.hc.client5.http.ssl.SSLConnectionSocketFactory -- Connecting socket to raw.githubusercontent.com/185.199.108.133:443 with timeout 30 SECONDS
11:48:54.971 [main] DEBUG org.apache.hc.client5.http.ssl.SSLConnectionSocketFactory -- Enabled protocols: [TLSv1.3, TLSv1.2]
11:48:54.971 [main] DEBUG org.apache.hc.client5.http.ssl.SSLConnectionSocketFactory -- Enabled cipher suites: [TLS_AES_256_GCM_SHA384, TLS_AES_128_GCM_SHA256, TLS_CHACHA20_POLY1305_SHA256, TLS_ECDHE_ECDSA_WITH_AES_256_GCM_SHA384, TLS_ECDHE_ECDSA_WITH_AES_128_GCM_SHA256, TLS_ECDHE_ECDSA_WITH_CHACHA20_POLY1305_SHA256, TLS_ECDHE_RSA_WITH_AES_256_GCM_SHA384, TLS_ECDHE_RSA_WITH_CHACHA20_POLY1305_SHA256, TLS_ECDHE_RSA_WITH_AES_128_GCM_SHA256, TLS_DHE_RSA_WITH_AES_256_GCM_SHA384, TLS_DHE_RSA_WITH_CHACHA20_POLY1305_SHA256, TLS_DHE_DSS_WITH_AES_256_GCM_SHA384, TLS_DHE_RSA_WITH_AES_128_GCM_SHA256, TLS_DHE_DSS_WITH_AES_128_GCM_SHA256, TLS_ECDHE_ECDSA_WITH_AES_256_CBC_SHA384, TLS_ECDHE_RSA_WITH_AES_256_CBC_SHA384, TLS_ECDHE_ECDSA_WITH_AES_128_CBC_SHA256, TLS_ECDHE_RSA_WITH_AES_128_CBC_SHA256, TLS_DHE_RSA_WITH_AES_256_CBC_SHA256, TLS_DHE_DSS_WITH_AES_256_CBC_SHA256, TLS_DHE_RSA_WITH_AES_128_CBC_SHA256, TLS_DHE_DSS_WITH_AES_128_CBC_SHA256, TLS_ECDH_ECDSA_WITH_AES_256_GCM_SHA384, TLS_ECDH_RSA_WITH_AES_256_GCM_SHA384, TLS_ECDH_ECDSA_WITH_AES_128_GCM_SHA256, TLS_ECDH_RSA_WITH_AES_128_GCM_SHA256, TLS_ECDH_ECDSA_WITH_AES_256_CBC_SHA384, TLS_ECDH_RSA_WITH_AES_256_CBC_SHA384, TLS_ECDH_ECDSA_WITH_AES_128_CBC_SHA256, TLS_ECDH_RSA_WITH_AES_128_CBC_SHA256, TLS_ECDHE_ECDSA_WITH_AES_256_CBC_SHA, TLS_ECDHE_RSA_WITH_AES_256_CBC_SHA, TLS_ECDHE_ECDSA_WITH_AES_128_CBC_SHA, TLS_ECDHE_RSA_WITH_AES_128_CBC_SHA, TLS_DHE_RSA_WITH_AES_256_CBC_SHA, TLS_DHE_DSS_WITH_AES_256_CBC_SHA, TLS_DHE_RSA_WITH_AES_128_CBC_SHA, TLS_DHE_DSS_WITH_AES_128_CBC_SHA, TLS_ECDH_ECDSA_WITH_AES_256_CBC_SHA, TLS_ECDH_RSA_WITH_AES_256_CBC_SHA, TLS_ECDH_ECDSA_WITH_AES_128_CBC_SHA, TLS_ECDH_RSA_WITH_AES_128_CBC_SHA, TLS_RSA_WITH_AES_256_GCM_SHA384, TLS_RSA_WITH_AES_128_GCM_SHA256, TLS_RSA_WITH_AES_256_CBC_SHA256, TLS_RSA_WITH_AES_128_CBC_SHA256, TLS_RSA_WITH_AES_256_CBC_SHA, TLS_RSA_WITH_AES_128_CBC_SHA, TLS_EMPTY_RENEGOTIATION_INFO_SCSV]
11:48:54.971 [main] DEBUG org.apache.hc.client5.http.ssl.SSLConnectionSocketFactory -- Starting handshake (null)
11:48:55.030 [main] DEBUG org.apache.hc.client5.http.ssl.SSLConnectionSocketFactory -- Secure session established
11:48:55.030 [main] DEBUG org.apache.hc.client5.http.ssl.SSLConnectionSocketFactory --  negotiated protocol: TLSv1.3
11:48:55.030 [main] DEBUG org.apache.hc.client5.http.ssl.SSLConnectionSocketFactory --  negotiated cipher suite: TLS_AES_128_GCM_SHA256
11:48:55.030 [main] DEBUG org.apache.hc.client5.http.ssl.SSLConnectionSocketFactory --  peer principal: CN=*.github.io, O="GitHub, Inc.", L=San Francisco, ST=California, C=US
11:48:55.030 [main] DEBUG org.apache.hc.client5.http.ssl.SSLConnectionSocketFactory --  peer alternative names: [*.github.io, github.io, *.github.com, github.com, www.github.com, *.githubusercontent.com, githubusercontent.com]
11:48:55.030 [main] DEBUG org.apache.hc.client5.http.ssl.SSLConnectionSocketFactory --  issuer principal: CN=DigiCert TLS RSA SHA256 2020 CA1, O=DigiCert Inc, C=US
11:48:55.030 [main] DEBUG org.apache.hc.client5.http.impl.io.DefaultManagedHttpClientConnection -- http-outgoing-26 set socket timeout to 3 MINUTES
11:48:55.030 [main] DEBUG org.apache.hc.client5.http.impl.io.DefaultHttpClientConnectionOperator -- raw.githubusercontent.com:443 connected null->raw.githubusercontent.com/185.199.108.133:443 as http-outgoing-26
11:48:55.030 [main] DEBUG org.apache.hc.client5.http.impl.io.PoolingHttpClientConnectionManager -- ep-0000000043 connected http-outgoing-26
11:48:55.030 [main] DEBUG org.apache.hc.client5.http.impl.classic.InternalHttpClient -- ep-0000000043 endpoint connected
11:48:55.030 [main] DEBUG org.apache.hc.client5.http.impl.classic.MainClientExec -- ex-0000000043 executing GET /bonigarcia/webdrivermanager/master/src/main/resources/commands.properties HTTP/1.1
11:48:55.030 [main] DEBUG org.apache.hc.client5.http.protocol.RequestAddCookies -- ex-0000000043 Cookie spec selected: strict
11:48:55.030 [main] DEBUG org.apache.hc.client5.http.impl.classic.InternalHttpClient -- ep-0000000043 start execution ex-0000000043
11:48:55.030 [main] DEBUG org.apache.hc.client5.http.impl.io.PoolingHttpClientConnectionManager -- ep-0000000043 executing exchange ex-0000000043 over http-outgoing-26
11:48:55.030 [main] DEBUG org.apache.hc.client5.http.headers -- http-outgoing-26 >> GET /bonigarcia/webdrivermanager/master/src/main/resources/commands.properties HTTP/1.1
11:48:55.030 [main] DEBUG org.apache.hc.client5.http.headers -- http-outgoing-26 >> user-agent: Apache-HttpClient/5.0
11:48:55.030 [main] DEBUG org.apache.hc.client5.http.headers -- http-outgoing-26 >> accept-encoding: gzip, deflate, br
11:48:55.030 [main] DEBUG org.apache.hc.client5.http.headers -- http-outgoing-26 >> cache-control: max-age=0
11:48:55.030 [main] DEBUG org.apache.hc.client5.http.headers -- http-outgoing-26 >> connection: keep-alive
11:48:55.030 [main] DEBUG org.apache.hc.client5.http.headers -- http-outgoing-26 >> Host: raw.githubusercontent.com
11:48:55.030 [main] DEBUG org.apache.hc.client5.http.wire -- http-outgoing-26 >> "GET /bonigarcia/webdrivermanager/master/src/main/resources/commands.properties HTTP/1.1[\r][\n]"
11:48:55.030 [main] DEBUG org.apache.hc.client5.http.wire -- http-outgoing-26 >> "user-agent: Apache-HttpClient/5.0[\r][\n]"
11:48:55.030 [main] DEBUG org.apache.hc.client5.http.wire -- http-outgoing-26 >> "accept-encoding: gzip, deflate, br[\r][\n]"
11:48:55.030 [main] DEBUG org.apache.hc.client5.http.wire -- http-outgoing-26 >> "cache-control: max-age=0[\r][\n]"
11:48:55.030 [main] DEBUG org.apache.hc.client5.http.wire -- http-outgoing-26 >> "connection: keep-alive[\r][\n]"
11:48:55.030 [main] DEBUG org.apache.hc.client5.http.wire -- http-outgoing-26 >> "Host: raw.githubusercontent.com[\r][\n]"
11:48:55.030 [main] DEBUG org.apache.hc.client5.http.wire -- http-outgoing-26 >> "[\r][\n]"
11:48:55.070 [main] DEBUG org.apache.hc.client5.http.wire -- http-outgoing-26 << "HTTP/1.1 200 OK[\r][\n]"
11:48:55.070 [main] DEBUG org.apache.hc.client5.http.wire -- http-outgoing-26 << "Connection: keep-alive[\r][\n]"
11:48:55.070 [main] DEBUG org.apache.hc.client5.http.wire -- http-outgoing-26 << "Content-Length: 723[\r][\n]"
11:48:55.070 [main] DEBUG org.apache.hc.client5.http.wire -- http-outgoing-26 << "Cache-Control: max-age=300[\r][\n]"
11:48:55.070 [main] DEBUG org.apache.hc.client5.http.wire -- http-outgoing-26 << "Content-Security-Policy: default-src 'none'; style-src 'unsafe-inline'; sandbox[\r][\n]"
11:48:55.070 [main] DEBUG org.apache.hc.client5.http.wire -- http-outgoing-26 << "Content-Type: text/plain; charset=utf-8[\r][\n]"
11:48:55.070 [main] DEBUG org.apache.hc.client5.http.wire -- http-outgoing-26 << "ETag: W/"e82b438271e9e8680c688b0b680efd0bdd22faa6d6f0a32fc1fd8accc486b67e"[\r][\n]"
11:48:55.070 [main] DEBUG org.apache.hc.client5.http.wire -- http-outgoing-26 << "Strict-Transport-Security: max-age=31536000[\r][\n]"
11:48:55.070 [main] DEBUG org.apache.hc.client5.http.wire -- http-outgoing-26 << "X-Content-Type-Options: nosniff[\r][\n]"
11:48:55.070 [main] DEBUG org.apache.hc.client5.http.wire -- http-outgoing-26 << "X-Frame-Options: deny[\r][\n]"
11:48:55.070 [main] DEBUG org.apache.hc.client5.http.wire -- http-outgoing-26 << "X-XSS-Protection: 1; mode=block[\r][\n]"
11:48:55.070 [main] DEBUG org.apache.hc.client5.http.wire -- http-outgoing-26 << "X-GitHub-Request-Id: D6C0:23986A:25619:36F2A:65B05D65[\r][\n]"
11:48:55.070 [main] DEBUG org.apache.hc.client5.http.wire -- http-outgoing-26 << "Content-Encoding: gzip[\r][\n]"
11:48:55.070 [main] DEBUG org.apache.hc.client5.http.wire -- http-outgoing-26 << "Accept-Ranges: bytes[\r][\n]"
11:48:55.070 [main] DEBUG org.apache.hc.client5.http.wire -- http-outgoing-26 << "Date: Mon, 12 Feb 2024 04:48:55 GMT[\r][\n]"
11:48:55.070 [main] DEBUG org.apache.hc.client5.http.wire -- http-outgoing-26 << "Via: 1.1 varnish[\r][\n]"
11:48:55.070 [main] DEBUG org.apache.hc.client5.http.wire -- http-outgoing-26 << "X-Served-By: cache-qpg1232-QPG[\r][\n]"
11:48:55.070 [main] DEBUG org.apache.hc.client5.http.wire -- http-outgoing-26 << "X-Cache: HIT[\r][\n]"
11:48:55.070 [main] DEBUG org.apache.hc.client5.http.wire -- http-outgoing-26 << "X-Cache-Hits: 1[\r][\n]"
11:48:55.070 [main] DEBUG org.apache.hc.client5.http.wire -- http-outgoing-26 << "X-Timer: S1707713335.127194,VS0,VE2[\r][\n]"
11:48:55.070 [main] DEBUG org.apache.hc.client5.http.wire -- http-outgoing-26 << "Vary: Authorization,Accept-Encoding,Origin[\r][\n]"
11:48:55.070 [main] DEBUG org.apache.hc.client5.http.wire -- http-outgoing-26 << "Access-Control-Allow-Origin: *[\r][\n]"
11:48:55.070 [main] DEBUG org.apache.hc.client5.http.wire -- http-outgoing-26 << "Cross-Origin-Resource-Policy: cross-origin[\r][\n]"
11:48:55.070 [main] DEBUG org.apache.hc.client5.http.wire -- http-outgoing-26 << "X-Fastly-Request-ID: 697c55e9cd64ca9222d32d48c633596d0036a85a[\r][\n]"
11:48:55.070 [main] DEBUG org.apache.hc.client5.http.wire -- http-outgoing-26 << "Expires: Mon, 12 Feb 2024 04:53:55 GMT[\r][\n]"
11:48:55.070 [main] DEBUG org.apache.hc.client5.http.wire -- http-outgoing-26 << "Source-Age: 69[\r][\n]"
11:48:55.070 [main] DEBUG org.apache.hc.client5.http.wire -- http-outgoing-26 << "[\r][\n]"
11:48:55.070 [main] DEBUG org.apache.hc.client5.http.headers -- http-outgoing-26 << HTTP/1.1 200 OK
11:48:55.070 [main] DEBUG org.apache.hc.client5.http.headers -- http-outgoing-26 << Connection: keep-alive
11:48:55.070 [main] DEBUG org.apache.hc.client5.http.headers -- http-outgoing-26 << Content-Length: 723
11:48:55.070 [main] DEBUG org.apache.hc.client5.http.headers -- http-outgoing-26 << Cache-Control: max-age=300
11:48:55.070 [main] DEBUG org.apache.hc.client5.http.headers -- http-outgoing-26 << Content-Security-Policy: default-src 'none'; style-src 'unsafe-inline'; sandbox
11:48:55.070 [main] DEBUG org.apache.hc.client5.http.headers -- http-outgoing-26 << Content-Type: text/plain; charset=utf-8
11:48:55.070 [main] DEBUG org.apache.hc.client5.http.headers -- http-outgoing-26 << ETag: W/"e82b438271e9e8680c688b0b680efd0bdd22faa6d6f0a32fc1fd8accc486b67e"
11:48:55.070 [main] DEBUG org.apache.hc.client5.http.headers -- http-outgoing-26 << Strict-Transport-Security: max-age=31536000
11:48:55.070 [main] DEBUG org.apache.hc.client5.http.headers -- http-outgoing-26 << X-Content-Type-Options: nosniff
11:48:55.070 [main] DEBUG org.apache.hc.client5.http.headers -- http-outgoing-26 << X-Frame-Options: deny
11:48:55.070 [main] DEBUG org.apache.hc.client5.http.headers -- http-outgoing-26 << X-XSS-Protection: 1; mode=block
11:48:55.070 [main] DEBUG org.apache.hc.client5.http.headers -- http-outgoing-26 << X-GitHub-Request-Id: D6C0:23986A:25619:36F2A:65B05D65
11:48:55.070 [main] DEBUG org.apache.hc.client5.http.headers -- http-outgoing-26 << Content-Encoding: gzip
11:48:55.070 [main] DEBUG org.apache.hc.client5.http.headers -- http-outgoing-26 << Accept-Ranges: bytes
11:48:55.070 [main] DEBUG org.apache.hc.client5.http.headers -- http-outgoing-26 << Date: Mon, 12 Feb 2024 04:48:55 GMT
11:48:55.070 [main] DEBUG org.apache.hc.client5.http.headers -- http-outgoing-26 << Via: 1.1 varnish
11:48:55.070 [main] DEBUG org.apache.hc.client5.http.headers -- http-outgoing-26 << X-Served-By: cache-qpg1232-QPG
11:48:55.070 [main] DEBUG org.apache.hc.client5.http.headers -- http-outgoing-26 << X-Cache: HIT
11:48:55.070 [main] DEBUG org.apache.hc.client5.http.headers -- http-outgoing-26 << X-Cache-Hits: 1
11:48:55.070 [main] DEBUG org.apache.hc.client5.http.headers -- http-outgoing-26 << X-Timer: S1707713335.127194,VS0,VE2
11:48:55.070 [main] DEBUG org.apache.hc.client5.http.headers -- http-outgoing-26 << Vary: Authorization,Accept-Encoding,Origin
11:48:55.070 [main] DEBUG org.apache.hc.client5.http.headers -- http-outgoing-26 << Access-Control-Allow-Origin: *
11:48:55.070 [main] DEBUG org.apache.hc.client5.http.headers -- http-outgoing-26 << Cross-Origin-Resource-Policy: cross-origin
11:48:55.070 [main] DEBUG org.apache.hc.client5.http.headers -- http-outgoing-26 << X-Fastly-Request-ID: 697c55e9cd64ca9222d32d48c633596d0036a85a
11:48:55.070 [main] DEBUG org.apache.hc.client5.http.headers -- http-outgoing-26 << Expires: Mon, 12 Feb 2024 04:53:55 GMT
11:48:55.070 [main] DEBUG org.apache.hc.client5.http.headers -- http-outgoing-26 << Source-Age: 69
11:48:55.070 [main] DEBUG org.apache.hc.client5.http.impl.classic.MainClientExec -- ex-0000000043 connection can be kept alive for 3 MINUTES
11:48:55.070 [main] DEBUG org.apache.hc.client5.http.wire -- http-outgoing-26 << "[0x1f][0xffffff8b][0x8][0x0][0x0][0x0][0x0][0x0][0x0][0x3][0xffffffb5]V]o[0xffffffda]0[0x14]}[0xffffffe7]W\[0xffffff81]*[0xffffffb5][0x12][0x1f][[M[0xffffffd3]$[0x1e]hF[0xffffffbb]i [0x18][0xffffffb4][0xffffffdd]&[0xfffffff9][0xffffffc5]$7[0xffffffc1]R[0x12]#;[0xffffff94]v[0xffffffbf]~[0xffffffb6][0xfffffff3]1[0xffffff92][0xffffff9a][0xffffffc1][0x1a]x[0xffffffcb][0xffffffb5][0xffffffaf][0xffffffcf]9[0xffffffbe][0xfffffff7]8v[0xb][0x1c][0x1e]E4[0xfffffff6]$x4[0xffffffa1][0xb]*[0xffffffb1][0xffffffd1][0xffffff82][0xfffffffb]%[0xffffff93][0xffffffe0][0xffffffb3][0x10][0xffffffc1][0xffffffe5]qBY,!Y[0xffffffea] KM8,[0x10][0xfffffff0][0x19][0xffffffdd]u[0xffffff82][0x1e][0xffffffb0][0xffffffd8]L[0xffffffcb]%[0xffffff86][0xffffffa1][0xe][0xffffffb8][0xfffffff0]P[0xffffffe8]$[0xf][0x13]t[0x13]3[0xfffffff9][0xffffff84]B2[0xffffffae][0xffffffe6]|@[0xfffffff5][0x1d][0x8][0xffffffc4][0x18][0x16][0xffffff82]o[0xffffffa4][0xffffff9a]P[0xffffff94][0xffffffe7][0xffffffce]R[0xfffffff0][0x8][0xffffffdb]p[0xffffffcb][0x4][0xfffffffa][0xfffffffc][0xffffffb9][\r][0xffffff93][0x15][\n]"
11:48:55.071 [main] DEBUG org.apache.hc.client5.http.wire -- http-outgoing-26 << "[0xffffffda][0xffffff86][0xffffffa1][0x17][0xffffffa8]Q3[0xffffffcb][0xffffffd6][0xffffffd1][0xffffff85][0xffffffc6][0xfffffff7][0xffffff98][0xffffffef][0xffffffa3][0xffffffc0]8[0x1][0xffffffae]s[0x12][0x16][0x7] _d[0xffffff82][0xffffff91][0xffffff84][0xfffffff3][0x1f],[0xfffffff6][0x14]j[0x1b]F,^+[0xffffff98]1ua2[0xffffffbf]h([0xffffff8e][0xffffff94][0xffffffa2][0xffffff91]m[0xffffffa3][0xffffffeb][0xffffff9a][0xffffffb0][0xffffffbb]I[0x17]t[0xffffffdf][0xffffffbd][0xffffffef][0xffffffbb][0xffffff91][0xffffffd7]U[0xffffffbb][0xffffff82][0xffffff9e][0x3][0xffffff9b][0xffffff88][0xffffffb9][0xffffffa6]$[0xffffffa6][0xc][0xffffff9b][0xffffffa5][0xffffffe2][0xffffff83][0xffffff98]F[0xffffffd8]o[0xffffff9e]Mg[0xffffff93][0xffffffbb][0xffffffd9]`|[0xfffffffb]u4[0xffffff9c][0x7f]"}B[0xffffffce][0x8][0xffffffb9][0xffffffe3]<[0x8][0xffffff91][0xffffff90][0xffffff94][0xffffff82][0xffffff90][0xffffffc1]j[0x15]2WI[0xffffffe3]1![0x19][0xffffff91]BnB[0xffffff80][0x9]<f[0xffffffb5][0xffffffe8]=[0xffffffd1]p[0xffffffbd][[0xffffffcf][0xffffffe5][0x1b][0xfffffff4][0xffffff9c][0xffffffff][0xfffffffc][0xfffffff8][0xffffffe1][0xffffffe2][0xffffff94][0xffffffa2][0xffffffae][0xe][0x14]5[0xffffff9a]8[0xffffff83][0xffffffd1]`:[0xfffffffd]<[0xffffffb8][0x1f][0xffffff9c]R[0xffffffcf]u[0x7f]6[0xffffffbc][0xffffff83][0xffffffef][0xf][0xffffffc3][0xffffffd9]/[0xfffffff8][0xfffffff2][0xffffffcd]y s[0xffffffee]'[0x1b]*0g[0xffffffcb][0xffffffc8]nF7H][0xffffff83][0xffffff97]{[0xffffffb1]Q[0x5][\r][0xffffffb5]c[0xffffffb4][0xf][0x2][0xffffffb3][0xffffffb4][0xffffff93][0xe]C[0xffffffa7][0xffffffb3]kAD][0xffffff9d][0xffffffde][0xffffffdb][0xffffffda][0xffffff88][0xffffffec][0xffffffa5][0xffffffbc][0xffffff99][0xffffffd9][0xffffffba]t[0xffffffb5][0xffffffea]9[0xffffffea][0x10])[0xffffffb7][0xffffffca][0xffffff9e][0xfffffff2][0xffffffe2]d^N[0xffffffd8]FW[0x16][0xffffffcd][0xffffffdc]_[0x10][0xfffffff9]i|[0x1c][0xffffff93][0xffffff8e][0xfffffff9]o[0x16][0xffffff86]4'!$G[0xffffffdf]W[0xfffffff4]W*j[[0xfffffff3]xR[0xffffffae][0xffffffb6][0xc][0xffffffd0],; #[0xffffffa9][0xffffff92]5[0xffffffb5][0x7][0xffffff9c][0xffffffb5][0xffffffd0][0x7f][0xffffff90][0xffffffc7]jgs[0xfffffffc][0xffffffc2][0xb][0xffffffd9][0x0]t[0xffffff9e]^'Y[0xfffffffb][0xffffff9f][0xffffffb1][0xffffffd8]:[0xffffffbf][0xffffff8d][0xffffffa5][0xffffff9a][0xffffffad][0x7f]m[0x5]&[0xffffffaa][0xffffffa0]^[0xffffff9b][0xffffffcb][0x5]f[0xffffffae][0xffffffe0]RU[0xffffff82][0x10]MS9l[0xffffff91]4t[0xfffffffb][0xffffff8a]][0xffffffd6][0xfffffff4][0xffffff96][0xffffffa6][0xffffff9f]P[0xffffffce][0xffffffd5][0xffffffce][0xffffff93][0xffffffff][0xffffff97][0xffffffcc]p[0xfffffffd][0xfffffff3][0xffffffe8][0x1b][0xffffffcc][0xffffffa2][0xffffffd9]Q[0xffffffbe][0xffffffb2][0xffffffa3][0xffffffc7]m'[0xffffffdf][0xffffffe4][[0xfffffffb]^[0xffffffb0][0xffffff9a][0xffffffbe][0xffffffda][0xffffffda]_[0xffffffce][0xffffff80][0xffffffd2][0xffffffc1]7[0xffffffb7]][0xffffffc1]b[0xffffffee][0xffffffb5][0xffffffff]w[0xffffff83][0xffffffed][0xffffffa7];[0x15]<[0x10]4[0xffffff92][0xffffff84][0x18][\n]"
11:48:55.071 [main] DEBUG org.apache.hc.client5.http.wire -- http-outgoing-26 << "BB[0xffffffba][0xffffff8e]][0xffffffb5]jo[0xffffffb9]+"[0xffffffea][0xffffffb4][0xffffffff]h"[0xffffffea]\?5[0xffffffa9][0xffffffaf]k[0xffffffec][0xffffffff]P[0xffffffea][\n]"
11:48:55.071 [main] DEBUG org.apache.hc.client5.http.wire -- http-outgoing-26 << "w[0xffffffe1]K[0x13][0xffffffda][0xffffffec][0xffffff98][0xffffffe6]Y[0xfffffffd]h8m6[0xffffff9c]T[0xffffffc1][0xfffffff2][0xffffffa7][0xffffff91]z_[0xffffff95]o85p[0x1c][0x13][0xffffffe6][0xfffffff0]5[0xffffffee][0xfffffffc][0xffffff92][0xffffff96][0xffffffda][0xfffffff7][0xffffffcf][0xffffffb1][0x5][0x1d][0xffffffea]K[0xffffff9b]9[0xffffff8e][0xffffffad]e[0xfffffff7][0xffffff93][0xffffffa8]`[0xffffffda][0xffffffff][0x1a][0xffffffd2][0xffffff88][0xffffff85][0xfffffffd][0xfffffff2][0xffffff91]N[0xfffffff6]`[0xffffffdf]2[0xffffffcf][0xffffffae]E[0xffffff97][0xffffffc5][0xffffffa2][0xffffff9d][0xffffffef]'[0xffffff9d]mun.[0xffffffd3]f^[0xffffffc7][0xffffff82][0xffffffda][0xffffff82]9[0xfffffff5][0xffffffa9]`[0x5][0xffffffbc]4[0xffffffa1][0x1d]<M[0xffffffb5]A[0xffffffa7]3[[0xffffffc0][0x7f][0x0][0xffffffc1][0xffffffd0]$[0xffffff85][0x1d][\r][0x0][0x0]"
11:48:55.071 [main] DEBUG org.apache.hc.client5.http.impl.classic.InternalHttpClient -- ep-0000000043 releasing valid endpoint
11:48:55.071 [main] DEBUG org.apache.hc.client5.http.impl.io.PoolingHttpClientConnectionManager -- ep-0000000043 releasing endpoint
11:48:55.071 [main] DEBUG org.apache.hc.client5.http.impl.io.PoolingHttpClientConnectionManager -- ep-0000000043 connection http-outgoing-26 can be kept alive for 3 MINUTES
11:48:55.071 [main] DEBUG org.apache.hc.client5.http.impl.io.PoolingHttpClientConnectionManager -- ep-0000000043 connection released [route: {s}->https://raw.githubusercontent.com:443][total available: 2; route allocated: 1 of 5; total allocated: 3 of 25]
11:48:55.071 [main] DEBUG io.github.bonigarcia.wdm.versions.VersionDetector -- Detecting chrome version using online commands.properties
11:48:55.071 [main] DEBUG io.github.bonigarcia.wdm.versions.Shell -- Running command on the shell: [/Applications/Google Chrome.app/Contents/MacOS/Google Chrome, --version]
11:48:55.111 [main] DEBUG io.github.bonigarcia.wdm.versions.Shell -- Result: Google Chrome 121.0.6167.160
11:48:55.111 [main] DEBUG io.github.bonigarcia.wdm.versions.VersionDetector -- Getting driver version for chrome121 from online versions.properties
11:48:55.111 [main] DEBUG org.apache.hc.client5.http.impl.classic.InternalHttpClient -- ex-0000000044 preparing request execution
11:48:55.112 [main] DEBUG org.apache.hc.client5.http.impl.classic.ProtocolExec -- ex-0000000044 target auth state: UNCHALLENGED
11:48:55.112 [main] DEBUG org.apache.hc.client5.http.impl.classic.ProtocolExec -- ex-0000000044 proxy auth state: UNCHALLENGED
11:48:55.112 [main] DEBUG org.apache.hc.client5.http.impl.classic.ConnectExec -- ex-0000000044 acquiring connection with route {s}->https://raw.githubusercontent.com:443
11:48:55.112 [main] DEBUG org.apache.hc.client5.http.impl.classic.InternalHttpClient -- ex-0000000044 acquiring endpoint (3 MINUTES)
11:48:55.112 [main] DEBUG org.apache.hc.client5.http.impl.io.PoolingHttpClientConnectionManager -- ex-0000000044 endpoint lease request (3 MINUTES) [route: {s}->https://raw.githubusercontent.com:443][total available: 2; route allocated: 1 of 5; total allocated: 3 of 25]
11:48:55.112 [main] DEBUG org.apache.hc.client5.http.impl.io.PoolingHttpClientConnectionManager -- ex-0000000044 endpoint leased [route: {s}->https://raw.githubusercontent.com:443][total available: 1; route allocated: 1 of 5; total allocated: 3 of 25]
11:48:55.112 [main] DEBUG org.apache.hc.client5.http.impl.io.PoolingHttpClientConnectionManager -- ex-0000000044 acquired ep-0000000044
11:48:55.112 [main] DEBUG org.apache.hc.client5.http.impl.classic.InternalHttpClient -- ex-0000000044 acquired endpoint ep-0000000044
11:48:55.112 [main] DEBUG org.apache.hc.client5.http.impl.classic.MainClientExec -- ex-0000000044 executing GET /bonigarcia/webdrivermanager/master/src/main/resources/versions.properties HTTP/1.1
11:48:55.112 [main] DEBUG org.apache.hc.client5.http.protocol.RequestAddCookies -- ex-0000000044 Cookie spec selected: strict
11:48:55.112 [main] DEBUG org.apache.hc.client5.http.impl.classic.InternalHttpClient -- ep-0000000044 start execution ex-0000000044
11:48:55.112 [main] DEBUG org.apache.hc.client5.http.impl.io.PoolingHttpClientConnectionManager -- ep-0000000044 executing exchange ex-0000000044 over http-outgoing-26
11:48:55.112 [main] DEBUG org.apache.hc.client5.http.headers -- http-outgoing-26 >> GET /bonigarcia/webdrivermanager/master/src/main/resources/versions.properties HTTP/1.1
11:48:55.112 [main] DEBUG org.apache.hc.client5.http.headers -- http-outgoing-26 >> user-agent: Apache-HttpClient/5.0
11:48:55.112 [main] DEBUG org.apache.hc.client5.http.headers -- http-outgoing-26 >> accept-encoding: gzip, deflate, br
11:48:55.112 [main] DEBUG org.apache.hc.client5.http.headers -- http-outgoing-26 >> cache-control: max-age=0
11:48:55.112 [main] DEBUG org.apache.hc.client5.http.headers -- http-outgoing-26 >> connection: keep-alive
11:48:55.112 [main] DEBUG org.apache.hc.client5.http.headers -- http-outgoing-26 >> Host: raw.githubusercontent.com
11:48:55.112 [main] DEBUG org.apache.hc.client5.http.wire -- http-outgoing-26 >> "GET /bonigarcia/webdrivermanager/master/src/main/resources/versions.properties HTTP/1.1[\r][\n]"
11:48:55.112 [main] DEBUG org.apache.hc.client5.http.wire -- http-outgoing-26 >> "user-agent: Apache-HttpClient/5.0[\r][\n]"
11:48:55.112 [main] DEBUG org.apache.hc.client5.http.wire -- http-outgoing-26 >> "accept-encoding: gzip, deflate, br[\r][\n]"
11:48:55.112 [main] DEBUG org.apache.hc.client5.http.wire -- http-outgoing-26 >> "cache-control: max-age=0[\r][\n]"
11:48:55.112 [main] DEBUG org.apache.hc.client5.http.wire -- http-outgoing-26 >> "connection: keep-alive[\r][\n]"
11:48:55.112 [main] DEBUG org.apache.hc.client5.http.wire -- http-outgoing-26 >> "Host: raw.githubusercontent.com[\r][\n]"
11:48:55.112 [main] DEBUG org.apache.hc.client5.http.wire -- http-outgoing-26 >> "[\r][\n]"
11:48:55.164 [main] DEBUG org.apache.hc.client5.http.wire -- http-outgoing-26 << "HTTP/1.1 200 OK[\r][\n]"
11:48:55.164 [main] DEBUG org.apache.hc.client5.http.wire -- http-outgoing-26 << "Connection: keep-alive[\r][\n]"
11:48:55.164 [main] DEBUG org.apache.hc.client5.http.wire -- http-outgoing-26 << "Content-Length: 1667[\r][\n]"
11:48:55.164 [main] DEBUG org.apache.hc.client5.http.wire -- http-outgoing-26 << "Cache-Control: max-age=300[\r][\n]"
11:48:55.164 [main] DEBUG org.apache.hc.client5.http.wire -- http-outgoing-26 << "Content-Security-Policy: default-src 'none'; style-src 'unsafe-inline'; sandbox[\r][\n]"
11:48:55.164 [main] DEBUG org.apache.hc.client5.http.wire -- http-outgoing-26 << "Content-Type: text/plain; charset=utf-8[\r][\n]"
11:48:55.164 [main] DEBUG org.apache.hc.client5.http.wire -- http-outgoing-26 << "ETag: W/"2b63ea7ea7667d0729e9d848d780e58af4f6d237cb562369e48d53971ddfa6c5"[\r][\n]"
11:48:55.164 [main] DEBUG org.apache.hc.client5.http.wire -- http-outgoing-26 << "Strict-Transport-Security: max-age=31536000[\r][\n]"
11:48:55.164 [main] DEBUG org.apache.hc.client5.http.wire -- http-outgoing-26 << "X-Content-Type-Options: nosniff[\r][\n]"
11:48:55.164 [main] DEBUG org.apache.hc.client5.http.wire -- http-outgoing-26 << "X-Frame-Options: deny[\r][\n]"
11:48:55.164 [main] DEBUG org.apache.hc.client5.http.wire -- http-outgoing-26 << "X-XSS-Protection: 1; mode=block[\r][\n]"
11:48:55.164 [main] DEBUG org.apache.hc.client5.http.wire -- http-outgoing-26 << "X-GitHub-Request-Id: D6D6:22FCA9:24D88:36DD7:65B05DDF[\r][\n]"
11:48:55.164 [main] DEBUG org.apache.hc.client5.http.wire -- http-outgoing-26 << "Content-Encoding: gzip[\r][\n]"
11:48:55.164 [main] DEBUG org.apache.hc.client5.http.wire -- http-outgoing-26 << "Accept-Ranges: bytes[\r][\n]"
11:48:55.164 [main] DEBUG org.apache.hc.client5.http.wire -- http-outgoing-26 << "Date: Mon, 12 Feb 2024 04:48:55 GMT[\r][\n]"
11:48:55.164 [main] DEBUG org.apache.hc.client5.http.wire -- http-outgoing-26 << "Via: 1.1 varnish[\r][\n]"
11:48:55.164 [main] DEBUG org.apache.hc.client5.http.wire -- http-outgoing-26 << "X-Served-By: cache-qpg1232-QPG[\r][\n]"
11:48:55.164 [main] DEBUG org.apache.hc.client5.http.wire -- http-outgoing-26 << "X-Cache: HIT[\r][\n]"
11:48:55.164 [main] DEBUG org.apache.hc.client5.http.wire -- http-outgoing-26 << "X-Cache-Hits: 1[\r][\n]"
11:48:55.164 [main] DEBUG org.apache.hc.client5.http.wire -- http-outgoing-26 << "X-Timer: S1707713335.220422,VS0,VE1[\r][\n]"
11:48:55.164 [main] DEBUG org.apache.hc.client5.http.wire -- http-outgoing-26 << "Vary: Authorization,Accept-Encoding,Origin[\r][\n]"
11:48:55.164 [main] DEBUG org.apache.hc.client5.http.wire -- http-outgoing-26 << "Access-Control-Allow-Origin: *[\r][\n]"
11:48:55.164 [main] DEBUG org.apache.hc.client5.http.wire -- http-outgoing-26 << "Cross-Origin-Resource-Policy: cross-origin[\r][\n]"
11:48:55.164 [main] DEBUG org.apache.hc.client5.http.wire -- http-outgoing-26 << "X-Fastly-Request-ID: c1a0f9bd82664241e34583ddcc80e571855e29ce[\r][\n]"
11:48:55.164 [main] DEBUG org.apache.hc.client5.http.wire -- http-outgoing-26 << "Expires: Mon, 12 Feb 2024 04:53:55 GMT[\r][\n]"
11:48:55.164 [main] DEBUG org.apache.hc.client5.http.wire -- http-outgoing-26 << "Source-Age: 163[\r][\n]"
11:48:55.164 [main] DEBUG org.apache.hc.client5.http.wire -- http-outgoing-26 << "[\r][\n]"
11:48:55.164 [main] DEBUG org.apache.hc.client5.http.headers -- http-outgoing-26 << HTTP/1.1 200 OK
11:48:55.164 [main] DEBUG org.apache.hc.client5.http.headers -- http-outgoing-26 << Connection: keep-alive
11:48:55.164 [main] DEBUG org.apache.hc.client5.http.headers -- http-outgoing-26 << Content-Length: 1667
11:48:55.164 [main] DEBUG org.apache.hc.client5.http.headers -- http-outgoing-26 << Cache-Control: max-age=300
11:48:55.164 [main] DEBUG org.apache.hc.client5.http.headers -- http-outgoing-26 << Content-Security-Policy: default-src 'none'; style-src 'unsafe-inline'; sandbox
11:48:55.164 [main] DEBUG org.apache.hc.client5.http.headers -- http-outgoing-26 << Content-Type: text/plain; charset=utf-8
11:48:55.164 [main] DEBUG org.apache.hc.client5.http.headers -- http-outgoing-26 << ETag: W/"2b63ea7ea7667d0729e9d848d780e58af4f6d237cb562369e48d53971ddfa6c5"
11:48:55.164 [main] DEBUG org.apache.hc.client5.http.headers -- http-outgoing-26 << Strict-Transport-Security: max-age=31536000
11:48:55.164 [main] DEBUG org.apache.hc.client5.http.headers -- http-outgoing-26 << X-Content-Type-Options: nosniff
11:48:55.164 [main] DEBUG org.apache.hc.client5.http.headers -- http-outgoing-26 << X-Frame-Options: deny
11:48:55.164 [main] DEBUG org.apache.hc.client5.http.headers -- http-outgoing-26 << X-XSS-Protection: 1; mode=block
11:48:55.164 [main] DEBUG org.apache.hc.client5.http.headers -- http-outgoing-26 << X-GitHub-Request-Id: D6D6:22FCA9:24D88:36DD7:65B05DDF
11:48:55.164 [main] DEBUG org.apache.hc.client5.http.headers -- http-outgoing-26 << Content-Encoding: gzip
11:48:55.164 [main] DEBUG org.apache.hc.client5.http.headers -- http-outgoing-26 << Accept-Ranges: bytes
11:48:55.164 [main] DEBUG org.apache.hc.client5.http.headers -- http-outgoing-26 << Date: Mon, 12 Feb 2024 04:48:55 GMT
11:48:55.164 [main] DEBUG org.apache.hc.client5.http.headers -- http-outgoing-26 << Via: 1.1 varnish
11:48:55.164 [main] DEBUG org.apache.hc.client5.http.headers -- http-outgoing-26 << X-Served-By: cache-qpg1232-QPG
11:48:55.164 [main] DEBUG org.apache.hc.client5.http.headers -- http-outgoing-26 << X-Cache: HIT
11:48:55.164 [main] DEBUG org.apache.hc.client5.http.headers -- http-outgoing-26 << X-Cache-Hits: 1
11:48:55.164 [main] DEBUG org.apache.hc.client5.http.headers -- http-outgoing-26 << X-Timer: S1707713335.220422,VS0,VE1
11:48:55.164 [main] DEBUG org.apache.hc.client5.http.headers -- http-outgoing-26 << Vary: Authorization,Accept-Encoding,Origin
11:48:55.164 [main] DEBUG org.apache.hc.client5.http.headers -- http-outgoing-26 << Access-Control-Allow-Origin: *
11:48:55.164 [main] DEBUG org.apache.hc.client5.http.headers -- http-outgoing-26 << Cross-Origin-Resource-Policy: cross-origin
11:48:55.164 [main] DEBUG org.apache.hc.client5.http.headers -- http-outgoing-26 << X-Fastly-Request-ID: c1a0f9bd82664241e34583ddcc80e571855e29ce
11:48:55.164 [main] DEBUG org.apache.hc.client5.http.headers -- http-outgoing-26 << Expires: Mon, 12 Feb 2024 04:53:55 GMT
11:48:55.164 [main] DEBUG org.apache.hc.client5.http.headers -- http-outgoing-26 << Source-Age: 163
11:48:55.164 [main] DEBUG org.apache.hc.client5.http.impl.classic.MainClientExec -- ex-0000000044 connection can be kept alive for 3 MINUTES
11:48:55.164 [main] DEBUG org.apache.hc.client5.http.wire -- http-outgoing-26 << "[0x1f][0xffffff8b][0x8][0x0][0x0][0x0][0x0][0x0][0x0][0x3][0xffffff8d][0xffffff97][0xffffffcb]n+7[0xc][0xffffff86][0xfffffff7]y[0xffffff8a][0x1][0xffffffba][0xffffffce]XWJ[\n]"
11:48:55.164 [main] DEBUG org.apache.hc.client5.http.wire -- http-outgoing-26 << "[0xffffffa0]M[0xffffffaf][0xffffffab][0xffffffa2][0xffffff8b][0xfffffff6][0x5]|[0xffffffec]I28[0xffffff8e]'[0xffffffb0][0xffffff9d][0xffffff93][0xffffff83]>}II[0xffffffd4][0xffffffc8][0xffffff9a][0x16][0xffffffe8][0xffffffc2]H[0xfffffff8][0xffffff8d]F")[\r][0xfffffff5][0xfffffff3][0xffffff87][0xffffffe1][0xffffffaf][0xffffffd7][0xfffffff9]:<[0xffffffcf][0xffffffa7]i8,[0xffffffe7][0xffffffdb]~>_[0xffffff87][0xffffffdb][0xffffffeb]4|=/[0xffffff9f][0xffffffe7][0xffffffe1]x[0xffffff99][0xffffffbf]M[0xffffff97][0x1][0x7f][0xffffffd7]y[0xffffffc1]'[0xffffff87][0xffffffe5][0xffffffed]}[0x7f][0xffffff9b][0xffffffbf][0xffffffe0][0xffffffe8][0xffffffcf][0xfffffff9][0xfffffff6][0xffffff9a]F[0x1e][0xffffff96][0xffffffcb]e[0xffffffba][0xffffffbe]/[0xffffffe7][0xffffffe3]|~[0x19][0xffffffbe]\[0xffffff96][0xffffffcf][0xffffffeb][0xfffffffa][0xffffffca][0xffffffc3][0xffffffc3][0xf][0xffffffc3][0xffffff8f][0x19]=[\r][0xffffffbf]-[0xffffffcb][0xb][0xffffffbe][0xfffffff9][0xffffffd3][0xffffffeb]ey[0xffffff9b][0xffffff86][0xfffffffd][0xfffffff9][0xffffff98][0xffffffff][0xffffff9d]?[0xffffffde][0xffffff86][0xffffffc7][0xffffffe1][0xffffffe7][0xffffffb4][0xffffffd4][0xffffffd3]pHO[0xfffffff3][0xffffffc2][0xfffffff8][0xfffffff2][0xffffff9f][0xffffffcb][0xffffffc7][0xffffffe5]0=[\r][0xffffffaf][0xffffffb7][0xffffffdb][0xfffffffb][0xffffffd3]n[0xffffffd7]>[0x1d][0xf][0xffffffe5][0xffffffed]q[0xffffffb9][0xffffffbc][0xffffffec][0xffffff8e][0xffffffe8][0xffffffef]i[0xffffffd9][0x1f][0xffffffaf][0xf]y[0xffffff8c][0xffffff94]&[0xffffffe2]o[0x14][0xffffffa3]u[0xffffffda][0xffffff8e]AT[0xffffffae][0xffffff91]k[0xffffffe2][0xffffffe0][0xffffffd4][0x8][0xffffffba]r[0xffffff85]\%.[0xffffffed]hB[0xffffffe5][0x12][0xffffffb9]$nA[0xffffff8f]`*[0x17][0xffffffc8][0x5]q[0xffffffe3][0xffffffe5][0xffffffe8][0x1c]s[0x11]"[0xfffffffe][0x12][0xffffffc7][0xffffffe5]][0x1d]/<rO\[0xffffffdb]0:Y[0xffffffb9]C[0xffffffee][0x12][0x17]f[0x4]U9 [0x7][0xffffffe2][0xffffffca][0xffffff84][0x11][0xffffffd6][0xfffffff1][0x16][0xffffffb9]%.[0xffffff83][0xffffffc5][0xffffff87][0xffffff95]c[0xffffffbc]"[0xffffffc5]Ka[0xffffffb8][0xffffffea][0xffffffbf][0xffffffc0]xE[0xffffff8a]W[0xffffff80][0x18][0xffffffa5]^[0x1d][0xffffffc2][0xffffff80]E[\n]"
11:48:55.164 [main] DEBUG org.apache.hc.client5.http.wire -- http-outgoing-26 << "X[0xffffffe0]|[0xffffffcd][0x2][0x18][0xffffffb0][0xffffffa0][0xffffff80]M[0xffffffb0]r4+[0xffffffc7][0xffffff80][0x5][0x5]l|[0xffffff80][0x11]8[0xffffffa1]![0xffffffc4][0x10][0x12]5[0x6][0xffffffd7]f[0xffffffea]c[0xffffffa0]`[0xffffff8d][0xffffffb3]~[0xffffffc4]e[0x18][0xffffffbb][0x18](V[0x3]A[0xffffffad]9[0x8][0x10][0x3]$[\n]"
11:48:55.164 [main] DEBUG org.apache.hc.client5.http.wire -- http-outgoing-26 << "f4[0xffffff96][0xffffffa9][0xffffff8d][0xffffffc1]&[0xffffffaa][0xfffffffd][0x8][0x1c]O01[0xffffff98]D19[0xffffffb8][0xffffff91][0xffffff8c]u[0xc][0x14][0xffffffa4][0xffffffb1][0xffffffce][0xffffffad][0xffffff9b][0x1a]T[0xc]*Q[0xffffffdc]R[0xffffffcc]2c[0x19]C[\n]"
11:48:55.164 [main] DEBUG org.apache.hc.client5.http.wire -- http-outgoing-26 << "[0xffffffd0][0xffffffe0][0x9][0xffffffc0]X[0x19][0xffffff8b][0x18]R|F[0xffffff8b]Qq[0xffffff9e]|[0xffffff88]>[0xffffffc5][0xffffffa7][0xfffffff1][0xffffff8f][0xffffffe2][0xffffff99][0xffffffbd][0xffffff8f]>[0xffffffc5][0xffffffa7][0xffffff95][0x19][0x3]0u[0xffffffd1][0xffffffa7][0xfffffff0][0xffffff94][0x17][0xffffffa3][0xfffffff7]L![0xfffffffa][0x14][0xffffff9e]28/[0xffffffa7][0xffffffc2][0xffffffdb][0xffffffe8]Sx[0xffffffd2][0xffffffeb][0xffffffd1][0xffffffb3]k[0xffffffde]D[0xffffff9f][0xffffffc2][0xffffff93][0xffffffc6][0xffffff8d][0xffffff9a]s[0xffffffec]u[0xfffffff4]):[0xffffffda]I[0xffffffcd][0xffffffa9][0xfffffff0]2[0xfffffffa][0x14][0xffffff86][0xffffffc0][0xffffffcc]K][0xffffff97][0x13][0xffffffd1]S[0x18]:[0xffffffa0]/x[0xffffff84][\n]"
11:48:55.164 [main] DEBUG org.apache.hc.client5.http.wire -- http-outgoing-26 << "v![0xffffffba][0xffffff90][0xffffffb0][0xffffffb1][0xffffffa3][0xffffffae][0xffffffd4]G[0xffffffe7][0x13][0xffffffc5][0xffffffb3][0xffffff83][0xffffffe7][0xffffff8a][0xffffffb1][0xffffff8b][0xffffff8e][0x2][0xffffffd1][0x1e][0xfffffff0][`7[0x1c]D[0x7][0xffffff89][0xffffffe2][0x1][0xffffff97][0xffffffaa][0xffffffce]a[0xffffffa3][0xffffffa3]H[0xffffffb4]sx[0xffffffc0][0xffffffd6][0xffffffd1]&:[0xffffff93][0xffffffb0][0xffffffc2][0xfffffff3][0xffffffcb]PGG[0xffffff91]h[0xffffffc0][0xffffff80][0xffffff80]]v**[0xffffffdc]Q[0xffffffb6][0xffffffe4][0xffffff9d]%[0xffffffc8]b[0xffffffc7] [0xffffff90][0xffffffc5]{[0x3][0xffffff9e],[0xffffffce](8[0xffffffb2]x7[0x1][0xffffffc8]bg[0xffffffc0][0xffffffa2]US[0x4][0xffffff86],[0xffffffce]9h[0xffffffb2]x= _t][0xffffff8f]|[0xffffffa9][0xffffffdf][0xc][0xffffff90]/Z[0xffffffdf]U[0xffffffb5][0xffffffdf][0xffffff97][0xffffffbf][0xffffffe7][0xffffffd3]i?[0xfffffffc]:_[0xffffffa6][0xffffffe7][0xffffffe5]{S[0xffffffca]^[0xffffffa6][0xffffffc3][0xffffffd7][0xffffffe5]_+[0xffffffd9][0x15]K[0xffffffd9][0xb][0x16][0xffffffd0][0xffffff8f]/#[0xffffff96][0xffffffd4][0xffffffdd][[0xffffff9e]b[0xffffffd7][0xffffffbc][0xffffffb0][0xffffffbb]L[0xffffffa7]i[0x7f][0xffffff9d][0xffffffae][0xf][0xffffffcf]y^[0xffffffa9]d[0xffffffc4][0xffffffb4]aBW"[0xffffff88][0xffffffe8][0xffffff86][0xffffffc8][0xffffffb0]!~C[0xffffffdc][0xffffff86][0xffffffc0][0xffffff86][0xffffffd8][\r]1[0x1b][0xffffffa2]7Dm[0xffffff88][0xffffffdc][0xffffff90][0xffffffe4][0xffffffb3][0x1a]U%"d[0xffffffb2][0xffffff8e][0x11]~C[0xffffffdc][0xffffff86][0xffffffc0][0xffffff86][0xffffffd8][\r]I>[0xffffffcb][0xffffff96][0xffffffe8][\r]Q[0x1b]"7Dt$[0xffffff84][0x1e][0xfffffff8][0x1e][0xffffffb8][0x1e]@[0xf]l[0xf]zoC[0xffffffef]l[0xffffffe8]}[\r][0xffffffbd][0xffffffab][0xffffff81]<[0xffffffc5][0xffffffaf][0xffffffad][0x1][0xffffffe3]i>[0x7f]|[0xffffffcf]X2[0xfffffff6][0xffffffa1][0x1b][0xffffffe7]}[0xf]\[0xf][0xffffffa0][0x7][0xffffffb6][0x7][0xffffffa6][0x7][0x14][0xffffff80][0xfffffff2][\r]P=[0xffffffa0][0x0][0xffffff94]k[0xffffff80][0xffffffe8][0xffffff80][0xb]=H[0xffffff9e]B[0x3]\[0xf][0xffffffa0][0x7][0xffffffb6][0x7][0xffffffa6][0x7][0xffffffba][0x7][0xffffffaa][0x7][0xffffffb2][0x7][0xffffffa2][0x3][0x10]z[0xffffff90]<[0xffffffb5][\r]H[0xffffff9e]6_0@[0xf]l[0xf][0xffffff92][0xffffffa7][0xffffffcd][0x7][0x4][0xffffffba][0x7][0xffffffc9][0xffffffd3][0xffffffe6][0xffffffd8]C[0xfffffff2][0xffffffb4]9[0x14] :`C[0xf]|[0xf]\[0xf][0xffffff92][0xffffffa7][0xffffffa2][0x1][0xffffff96]A[[0xb][0xffffffff]x[0xffffff9f].[0xfffffffb][0xffffffa6][0x2].d[0xffffffff][0xffffff9f][\n]"
11:48:55.164 [main] DEBUG org.apache.hc.client5.http.wire -- http-outgoing-26 << "[0xffffff98][0x6]^[0xffffff97][0xffffffe7][0xffffffdb][0xffffffe7][0xfffffffe]2e[0xffffff8b][0xffffffd5]]_[0xf][0xffffffd3][0xffffffc3][0xffffffa4][0xffffff8e]hy[0xffffffd4]![0xffffffa8]>[0xffffff94][0x10][0xffffffcc]Q[0x1d][0xffffffc9][0xffffff90]8^s[0x12]o[0xfffffff1][0xffffffc2]I[\r]&[0xfffffff5][0x15]P'[0xfffffff8][0xffffffc0][0xffffff98][0xffffffc4]`[0x12]_[0x1]E[0xffffff86][0xffffffd4][0xffffff8a]9[0xffffff89][0xffffffc1]$[0xffffffbe]<N[0x13][0x1c]c[0xffffffd2][0xffffff82]I{9[0xfffffffc][0xffffffb2]$[\n]"
11:48:55.164 [main] DEBUG org.apache.hc.client5.http.wire -- http-outgoing-26 << "[0xffffff98][0xffffffc2]E[0xffffffab]5[0xffffffb1][0xffffffc8]e[0xffffff8e]u[0xffffffa2][0xffffff91][0xffffff9a]R[0xffffff95]i[0xffffffb0]Z4J[0xffffffd3]3uw:[0xffffffd3][0x16][\n]"
11:48:55.164 [main] DEBUG org.apache.hc.client5.http.wire -- http-outgoing-26 << "[0xffffffad][0xffffffca][0xffffff94][0x1c]g[0xffffffb0][0xffffffad][0xffffffc8][0xffffffc4]L[0x14]lZ[0xffffff8d][0x19]J[0xffffff94]A[0xffffffb7][\n]"
11:48:55.164 [main] DEBUG org.apache.hc.client5.http.wire -- http-outgoing-26 << "[0x13]eI[0xffffffa6][0xffffffaa][0xffffffd5][0xffffff97][0xffffff98][0xffffffb4][0xffffff82]e+/I[0xffffffb9]e,Zu[0xffffffe9]K[0xffffffe0]>[0xffffffb4][0xffffffda][0x12][0xffffffa0]P[0xffffffdf][0x9][0xffffffcb]L]++[0xffffffa1]l[0xffffff8c][0xffffff87]VT[0xffffffd6][0x14]aq[0xffffffb9][0x13][0xffffff95][0x19][0xffffff9a]FS[0xfffffffa][0xffffffe2][0x18][0x16][0xffffff99];E[0xffffff99][0xffffffa1][0xffffffba][0x17][0xffffff94][0x19][0xffffffca]FOZ^_4r[0xffffff92]][0xffffffc5][0xffffffa2]s'&3[0xfffffff4][0xffffff9d][0xffffff96][0xffffffcc][0xffffffd4]5R[0xffffffd2]1[0xffffff84]FH[0xfffffffa][0xffffffb2]<V[0xffffffa1]UG[0xffffffb2][0xfffffff7]X[0xffffff89]V[0x19][0xffffff89][0x9].T72[0x12]xR[0xffffffd5][0xffffffa8]H_6[0x1c][0xffffffcb][0xffffffd2]*"[0xffffffeb]famZE$[0xffffff9f]u[0xffffffac]O[0xffffffab][0xffffff86][0xffffffe4][0x13][0xffffff8d]5[0xffffffaa][0xffffff91][0xffffff90][0xffffffb2][0xffffff84][0xffffff8a][0xffffff85][0xffffffaa]U[0xffffff90]e-[0xffffffac]V[0xffffffab][0xffffff80]t<[0xffffffab]m[0xfffffff4]#[0x1f]e[0xffffffac]Z[0xffffffab]z[0xffffffac][0xffffff87][0x13]KW[0xffffffa3][0x1e][0xfffffff9]S[0xffffffc3][0xfffffffa][0xffffffd5][0xffffff88][0xffffffc7][0xffffffba]V[0x11]}[0xffffffc9][0xffffffb0][0xffffffa1]5[0xffffff8a][0xffffffe4][0xffffffcb]FQ|[0xffffffd9]([0xffffff82]/[0x1b]E[0xffffffef]e[0xffffffa3][0xffffffc8][0xffffffbd]l[0x14][0xffffffb5][0xffffff97][0xffffff8d]"[0xfffffff6][0xffffffb2]![0xffffffb3][0xffffffba][0xffffffcb][0xffffff86]h[0xc]C[0x1e][0xffffffb0][0xffffffc7][0xffffff86]<[0xffffffd0]e[0x1d]C[0x1e][0xffffffa8][0xffffff92][0xc][0x3][0xffffffd9][0xffffffb8][0xffffff93][0xffffff87][0xfffffff3][0xffffffe1][0xffffffb2]Pe[0x1b]~9[0xffffffbe]LMm|[0xffffffbb]N[0x8][0xfffffffe][0xffffffb3]8[0x1e][0xffffffa7]o[0xffffffd3][0xffffff89]f[0x1d][0xffffffdf]x[0xffffff86]T)[0xffffffa7][0xfffffff3][0xffffffe3][0xffffffc7]uW[0xffffffd9]#M[0xffffffb2][0xffffffbb]-[0xffffffcb][0xffffffe9][0xffffffba][0xfffffffb][0xffffff9c][0xffffffbe][0xffffff94]b[0xfffffff9]@t[0xffffffed][0xffffff80][0xffffffa5][0xffffffc7][0x1b]C[0xfffffffa]B[0xffffffb9][0xffffffff][0xffffff95][0xe][0xffffffe5]9f2S[0xffffffee]~[0xffffffa5]S[0xffffffe9] g[0xffffffca][0xffffffbd][0xffffffaf][0x4][0xffffff90][0xffffffd4][0xffffff9b]f[0xffffffca][0xffffff9d][0xffffffaf][0xffffffb4]x>0{[0xffffff89][0xffffffd6][0xffffffbe]WZ,[0xffffffb4][0xffffffae][0xffffffac]V[0xffffffbb]^i[0x0][0xffffffe7][0xffffff85]B[0xffffffb9][0xffffffe7][0xffffffc5]n[0xffffff81][0xffffffee]"
11:48:55.164 [main] DEBUG org.apache.hc.client5.http.wire -- http-outgoing-26 << "[0xfffffff6][0xc][0xffffffb9][0xffffffe1][0xffffff95][0xffffffda][0xffffffd1]MZ([0xffffffb7][0xffffffbb][0xffffffd8][0xffffffb9]j[0xffffffac]`[0xffffff85]r[0xffffffb3]+[0x15]~[0xffffffa9][0xffffff8e]g[0xffffffe0]V[0x17]{[0x13]S[0xffffff83][0xffffffa8]}.[0xffffffde][0x6][0xffffff96]z[0xffffff87]L[0xffffffb9][0xffffffcb]Ea-[0xffffffd6]y[0xffffffb9][0xffffffc7][0xffffffc5][0xffffffcb][0xffffffc2]R[0xffffffa7]E[0xffffff94];\,[0xfffffffd]T(2+[0xfffffffd][0xffffffad][0xffffffa4][0xffffffe8]Jb[0xffffffb8][0xffffffb9][0xffffffc5][0xffffffd0]Te[0xffffffa5][0xffffffb5][0xffffffc5][0x18]Le[0xffffffa5][0xffffffb1]E[0xffffffaf][0xffffffea][0xffffffca][0xffffffdc][0xffffffd6][0x6][0xffffffac]1ZfTZ[0xffffffda][0xffffff80][0xffffffa9][0xffffffd7]eT[0xffffffe9]g[0xffffff83]X[0x17]([0xffffffbd][0xffffffac][0xffffffa7]JW^,}[0xffffffac][0xffffffc7][0xffffffc0]2[0xffffffe1][0x1e][0xffffff96]v<o[0xc][0xfffffff7][0xffffffaf][0xe]s[^[0xffffffe3][0xffffffe6][0x15] [0xffffff94]-[0xffffffe1][0xffffffc6][0x15][0xfffffff0]H@[0xffffffce][0x5]w[0xffffffad][0xffffff96][0x12]\F[0xffffff95][0xffffff96][0xffffffd5]&[0xffffffe1][0xffffff92][0x8][0xffffffb7][0xffffffab]X[0x1a]lY[0xf][0xffffffab]W[0xffffffae][0xffffff9e][0xffffff81]}[0xffffffe2][0xffffffee][0x15][0xffffffef][0xffffffd9][0xffffffb2]U[0xffffffb5]s[0xffffffc5][0xffffff88][0xfffffff1][0xffffffdc]%V[0xffffffdb]V:[0xffffffb3][0xffffff99][0xffffff94][0xffffff96]U9>:[0xffffffdc][0xffffffad]*]I[0xffffffe9]T[0xffffffa9],[0x16]R[0xffffff9a]T[0xffffffa9]I.$dL|[0xffffffbf]L[0xffffff8f][0xfffffff3][0xfffffff9]z[0xffffffdb][0xffffff9f]N[0xffffffd3]1C[0x15][0xffffff81]nv[0xffffff9d][0xffffffcf][0xffffff89][0xffffff91][0x11]K[0x18][0xffffffa8][0xffffff90][0xffffffc3]7"b[0xffffff9d][0xffffffc4][0xffffffdb].[0xffffffef][0xffffff87][0xfffffff6][0x11]?,[0xffffffa3]C6[0x15][0x15][0x1d][0xffffffdc]i[0xffffff9f][0xffffffcf][0x8][0xfffffff6]gtec[0xffffffbd]~[0xfffffff8][0x7][0x18]<[0xfffffffe][0xffffff8d]h[0x13][0x0][0x0]"
11:48:55.164 [main] DEBUG org.apache.hc.client5.http.impl.classic.InternalHttpClient -- ep-0000000044 releasing valid endpoint
11:48:55.164 [main] DEBUG org.apache.hc.client5.http.impl.io.PoolingHttpClientConnectionManager -- ep-0000000044 releasing endpoint
11:48:55.164 [main] DEBUG org.apache.hc.client5.http.impl.io.PoolingHttpClientConnectionManager -- ep-0000000044 connection http-outgoing-26 can be kept alive for 3 MINUTES
11:48:55.165 [main] DEBUG org.apache.hc.client5.http.impl.io.PoolingHttpClientConnectionManager -- ep-0000000044 connection released [route: {s}->https://raw.githubusercontent.com:443][total available: 2; route allocated: 1 of 5; total allocated: 3 of 25]
11:48:55.165 [main] DEBUG io.github.bonigarcia.wdm.versions.VersionDetector -- Driver for chrome121 not found in online properties (using local versions.properties)
11:48:55.165 [main] DEBUG io.github.bonigarcia.wdm.WebDriverManager -- The driver version for CHROME 121 is unknown ... trying with latest
11:48:55.165 [main] DEBUG org.apache.hc.client5.http.impl.classic.InternalHttpClient -- ex-0000000045 preparing request execution
11:48:55.166 [main] DEBUG org.apache.hc.client5.http.impl.classic.ProtocolExec -- ex-0000000045 target auth state: UNCHALLENGED
11:48:55.166 [main] DEBUG org.apache.hc.client5.http.impl.classic.ProtocolExec -- ex-0000000045 proxy auth state: UNCHALLENGED
11:48:55.166 [main] DEBUG org.apache.hc.client5.http.impl.classic.ConnectExec -- ex-0000000045 acquiring connection with route {s}->https://googlechromelabs.github.io:443
11:48:55.166 [main] DEBUG org.apache.hc.client5.http.impl.classic.InternalHttpClient -- ex-0000000045 acquiring endpoint (3 MINUTES)
11:48:55.166 [main] DEBUG org.apache.hc.client5.http.impl.io.PoolingHttpClientConnectionManager -- ex-0000000045 endpoint lease request (3 MINUTES) [route: {s}->https://googlechromelabs.github.io:443][total available: 2; route allocated: 1 of 5; total allocated: 3 of 25]
11:48:55.166 [main] DEBUG org.apache.hc.client5.http.impl.io.PoolingHttpClientConnectionManager -- ex-0000000045 endpoint leased [route: {s}->https://googlechromelabs.github.io:443][total available: 1; route allocated: 1 of 5; total allocated: 3 of 25]
11:48:55.166 [main] DEBUG org.apache.hc.client5.http.impl.io.PoolingHttpClientConnectionManager -- ex-0000000045 acquired ep-0000000045
11:48:55.166 [main] DEBUG org.apache.hc.client5.http.impl.classic.InternalHttpClient -- ex-0000000045 acquired endpoint ep-0000000045
11:48:55.166 [main] DEBUG org.apache.hc.client5.http.impl.classic.MainClientExec -- ex-0000000045 executing GET /chrome-for-testing/last-known-good-versions-with-downloads.json HTTP/1.1
11:48:55.166 [main] DEBUG org.apache.hc.client5.http.protocol.RequestAddCookies -- ex-0000000045 Cookie spec selected: strict
11:48:55.166 [main] DEBUG org.apache.hc.client5.http.impl.classic.InternalHttpClient -- ep-0000000045 start execution ex-0000000045
11:48:55.166 [main] DEBUG org.apache.hc.client5.http.impl.io.PoolingHttpClientConnectionManager -- ep-0000000045 executing exchange ex-0000000045 over http-outgoing-24
11:48:55.166 [main] DEBUG org.apache.hc.client5.http.headers -- http-outgoing-24 >> GET /chrome-for-testing/last-known-good-versions-with-downloads.json HTTP/1.1
11:48:55.166 [main] DEBUG org.apache.hc.client5.http.headers -- http-outgoing-24 >> user-agent: Apache-HttpClient/5.0
11:48:55.166 [main] DEBUG org.apache.hc.client5.http.headers -- http-outgoing-24 >> accept-encoding: gzip, deflate, br
11:48:55.166 [main] DEBUG org.apache.hc.client5.http.headers -- http-outgoing-24 >> cache-control: max-age=0
11:48:55.166 [main] DEBUG org.apache.hc.client5.http.headers -- http-outgoing-24 >> connection: keep-alive
11:48:55.166 [main] DEBUG org.apache.hc.client5.http.headers -- http-outgoing-24 >> Host: googlechromelabs.github.io
11:48:55.166 [main] DEBUG org.apache.hc.client5.http.wire -- http-outgoing-24 >> "GET /chrome-for-testing/last-known-good-versions-with-downloads.json HTTP/1.1[\r][\n]"
11:48:55.166 [main] DEBUG org.apache.hc.client5.http.wire -- http-outgoing-24 >> "user-agent: Apache-HttpClient/5.0[\r][\n]"
11:48:55.166 [main] DEBUG org.apache.hc.client5.http.wire -- http-outgoing-24 >> "accept-encoding: gzip, deflate, br[\r][\n]"
11:48:55.166 [main] DEBUG org.apache.hc.client5.http.wire -- http-outgoing-24 >> "cache-control: max-age=0[\r][\n]"
11:48:55.166 [main] DEBUG org.apache.hc.client5.http.wire -- http-outgoing-24 >> "connection: keep-alive[\r][\n]"
11:48:55.166 [main] DEBUG org.apache.hc.client5.http.wire -- http-outgoing-24 >> "Host: googlechromelabs.github.io[\r][\n]"
11:48:55.166 [main] DEBUG org.apache.hc.client5.http.wire -- http-outgoing-24 >> "[\r][\n]"
11:48:55.337 [main] DEBUG org.apache.hc.client5.http.wire -- http-outgoing-24 << "HTTP/1.1 200 OK[\r][\n]"
11:48:55.337 [main] DEBUG org.apache.hc.client5.http.wire -- http-outgoing-24 << "Connection: keep-alive[\r][\n]"
11:48:55.337 [main] DEBUG org.apache.hc.client5.http.wire -- http-outgoing-24 << "Content-Length: 640[\r][\n]"
11:48:55.337 [main] DEBUG org.apache.hc.client5.http.wire -- http-outgoing-24 << "Server: GitHub.com[\r][\n]"
11:48:55.337 [main] DEBUG org.apache.hc.client5.http.wire -- http-outgoing-24 << "Content-Type: application/json; charset=utf-8[\r][\n]"
11:48:55.337 [main] DEBUG org.apache.hc.client5.http.wire -- http-outgoing-24 << "permissions-policy: interest-cohort=()[\r][\n]"
11:48:55.337 [main] DEBUG org.apache.hc.client5.http.wire -- http-outgoing-24 << "x-origin-cache: HIT[\r][\n]"
11:48:55.337 [main] DEBUG org.apache.hc.client5.http.wire -- http-outgoing-24 << "Last-Modified: Mon, 12 Feb 2024 04:09:36 GMT[\r][\n]"
11:48:55.337 [main] DEBUG org.apache.hc.client5.http.wire -- http-outgoing-24 << "Access-Control-Allow-Origin: *[\r][\n]"
11:48:55.337 [main] DEBUG org.apache.hc.client5.http.wire -- http-outgoing-24 << "Strict-Transport-Security: max-age=31556952[\r][\n]"
11:48:55.337 [main] DEBUG org.apache.hc.client5.http.wire -- http-outgoing-24 << "ETag: W/"65c99a00-229c"[\r][\n]"
11:48:55.337 [main] DEBUG org.apache.hc.client5.http.wire -- http-outgoing-24 << "expires: Mon, 12 Feb 2024 04:21:25 GMT[\r][\n]"
11:48:55.337 [main] DEBUG org.apache.hc.client5.http.wire -- http-outgoing-24 << "Cache-Control: max-age=600[\r][\n]"
11:48:55.337 [main] DEBUG org.apache.hc.client5.http.wire -- http-outgoing-24 << "Content-Encoding: gzip[\r][\n]"
11:48:55.337 [main] DEBUG org.apache.hc.client5.http.wire -- http-outgoing-24 << "x-proxy-cache: HIT[\r][\n]"
11:48:55.337 [main] DEBUG org.apache.hc.client5.http.wire -- http-outgoing-24 << "X-GitHub-Request-Id: 7E68:202855:5C382C1:5E35C94:65C99AB6[\r][\n]"
11:48:55.337 [main] DEBUG org.apache.hc.client5.http.wire -- http-outgoing-24 << "Accept-Ranges: bytes[\r][\n]"
11:48:55.337 [main] DEBUG org.apache.hc.client5.http.wire -- http-outgoing-24 << "Date: Mon, 12 Feb 2024 04:48:55 GMT[\r][\n]"
11:48:55.337 [main] DEBUG org.apache.hc.client5.http.wire -- http-outgoing-24 << "Via: 1.1 varnish[\r][\n]"
11:48:55.337 [main] DEBUG org.apache.hc.client5.http.wire -- http-outgoing-24 << "Age: 311[\r][\n]"
11:48:55.337 [main] DEBUG org.apache.hc.client5.http.wire -- http-outgoing-24 << "X-Served-By: cache-fra-eddf8230087-FRA[\r][\n]"
11:48:55.337 [main] DEBUG org.apache.hc.client5.http.wire -- http-outgoing-24 << "X-Cache: HIT[\r][\n]"
11:48:55.337 [main] DEBUG org.apache.hc.client5.http.wire -- http-outgoing-24 << "X-Cache-Hits: 3[\r][\n]"
11:48:55.337 [main] DEBUG org.apache.hc.client5.http.wire -- http-outgoing-24 << "X-Timer: S1707713335.322854,VS0,VE0[\r][\n]"
11:48:55.337 [main] DEBUG org.apache.hc.client5.http.wire -- http-outgoing-24 << "Vary: Accept-Encoding[\r][\n]"
11:48:55.337 [main] DEBUG org.apache.hc.client5.http.wire -- http-outgoing-24 << "X-Fastly-Request-ID: d437999f4ebee37a439cc729cfcf7742e1d4f230[\r][\n]"
11:48:55.337 [main] DEBUG org.apache.hc.client5.http.wire -- http-outgoing-24 << "[\r][\n]"
11:48:55.337 [main] DEBUG org.apache.hc.client5.http.headers -- http-outgoing-24 << HTTP/1.1 200 OK
11:48:55.337 [main] DEBUG org.apache.hc.client5.http.headers -- http-outgoing-24 << Connection: keep-alive
11:48:55.337 [main] DEBUG org.apache.hc.client5.http.headers -- http-outgoing-24 << Content-Length: 640
11:48:55.337 [main] DEBUG org.apache.hc.client5.http.headers -- http-outgoing-24 << Server: GitHub.com
11:48:55.337 [main] DEBUG org.apache.hc.client5.http.headers -- http-outgoing-24 << Content-Type: application/json; charset=utf-8
11:48:55.337 [main] DEBUG org.apache.hc.client5.http.headers -- http-outgoing-24 << permissions-policy: interest-cohort=()
11:48:55.337 [main] DEBUG org.apache.hc.client5.http.headers -- http-outgoing-24 << x-origin-cache: HIT
11:48:55.337 [main] DEBUG org.apache.hc.client5.http.headers -- http-outgoing-24 << Last-Modified: Mon, 12 Feb 2024 04:09:36 GMT
11:48:55.337 [main] DEBUG org.apache.hc.client5.http.headers -- http-outgoing-24 << Access-Control-Allow-Origin: *
11:48:55.337 [main] DEBUG org.apache.hc.client5.http.headers -- http-outgoing-24 << Strict-Transport-Security: max-age=31556952
11:48:55.337 [main] DEBUG org.apache.hc.client5.http.headers -- http-outgoing-24 << ETag: W/"65c99a00-229c"
11:48:55.337 [main] DEBUG org.apache.hc.client5.http.headers -- http-outgoing-24 << expires: Mon, 12 Feb 2024 04:21:25 GMT
11:48:55.337 [main] DEBUG org.apache.hc.client5.http.headers -- http-outgoing-24 << Cache-Control: max-age=600
11:48:55.337 [main] DEBUG org.apache.hc.client5.http.headers -- http-outgoing-24 << Content-Encoding: gzip
11:48:55.337 [main] DEBUG org.apache.hc.client5.http.headers -- http-outgoing-24 << x-proxy-cache: HIT
11:48:55.337 [main] DEBUG org.apache.hc.client5.http.headers -- http-outgoing-24 << X-GitHub-Request-Id: 7E68:202855:5C382C1:5E35C94:65C99AB6
11:48:55.337 [main] DEBUG org.apache.hc.client5.http.headers -- http-outgoing-24 << Accept-Ranges: bytes
11:48:55.337 [main] DEBUG org.apache.hc.client5.http.headers -- http-outgoing-24 << Date: Mon, 12 Feb 2024 04:48:55 GMT
11:48:55.337 [main] DEBUG org.apache.hc.client5.http.headers -- http-outgoing-24 << Via: 1.1 varnish
11:48:55.337 [main] DEBUG org.apache.hc.client5.http.headers -- http-outgoing-24 << Age: 311
11:48:55.337 [main] DEBUG org.apache.hc.client5.http.headers -- http-outgoing-24 << X-Served-By: cache-fra-eddf8230087-FRA
11:48:55.337 [main] DEBUG org.apache.hc.client5.http.headers -- http-outgoing-24 << X-Cache: HIT
11:48:55.337 [main] DEBUG org.apache.hc.client5.http.headers -- http-outgoing-24 << X-Cache-Hits: 3
11:48:55.337 [main] DEBUG org.apache.hc.client5.http.headers -- http-outgoing-24 << X-Timer: S1707713335.322854,VS0,VE0
11:48:55.337 [main] DEBUG org.apache.hc.client5.http.headers -- http-outgoing-24 << Vary: Accept-Encoding
11:48:55.337 [main] DEBUG org.apache.hc.client5.http.headers -- http-outgoing-24 << X-Fastly-Request-ID: d437999f4ebee37a439cc729cfcf7742e1d4f230
11:48:55.337 [main] DEBUG org.apache.hc.client5.http.impl.classic.MainClientExec -- ex-0000000045 connection can be kept alive for 3 MINUTES
11:48:55.337 [main] DEBUG org.apache.hc.client5.http.wire -- http-outgoing-24 << "[0x1f][0xffffff8b][0x8][0x0][0x0][0x0][0x0][0x0][0x0][0x3][0xffffffcd][0xffffff96][0xffffffcb][0xffffff8e][0xffffff9b]0[0x14][0xffffff86][0xfffffff7]}[0xc][0xffffffaf][0xffffffc1]`[0x8][0xffffffe4][0xffffffb2][0xffffff9c][0xffffff99]7hWSu[0xffffffe1][0x6]7A2[0x10][0xffffff81]'[0xffffffd3]N[0xffffffc4][0xffffffbb][0xffffffd7][0x10][0xffffffc3]p[0xffffffb1][0xffffff99]U|[0xffffff90]"%[0x1c][0xffffff9c]s~[0xffffffd0][0xffffffa7][0xffffffa3][0xffffffef][0xffffff86]D[0xffffff9a][0xffffffb1]J[0xffffffd0][0xffffffec][0xffffff82][0xe]([0xfffffff0][0xffffff83][0xffffff8d][0xffffffeb][0x7].!?[0x2]r[0xfffffff0][0xfffffff7][0xfffffff2][0xffffff83]}B^[0xffffff91][0xffffff83][0xffffff8e]g[0xffffff9a][0xffffffe7][0xffffff8c]W[0xffffffe8]pC[0xffffffdf][0x5][0xfffffffd][0xffffffcd]Y[0xfffffff3]KU[0xffffffe5]_U[0xffffffcd]AWVVi[0xffffff91][0xffffffcb][0x12][0x9][0x8][0xfffffff6]qL[0xffffffe2]-[0xffffffde]E[0xfffffff2]N[0xffffffc9][0xffffffae]i[0x7f]+[0xc][0xffffff89][0xffffffbf][0xffffff95][0xffffffc5][0xffffffa4]x[0xffffffcf]yA[0xffffff93][0xffffffea][0xffffffde][0xffffffae],2[0xffffffd9][0xfffffff8][0xffffffe7][\r]]8[0x15][0x7f][0xffffff8a]2[0xffffff93][0xffffff87]y[0xffffff9a][0xffffffbf][0xfffffffd][0xffffff8d]7[0xfffffff2][0xfffffff0][[0xffffffd9][0xffffff8c]:[0xb]q[0xffffffa9][0xe][0xffffff9e][0xffffffc7][0xffffff92][0x13]K8[0xffffffce][0x18]>][0x5][0xffffffc1][0xffffffc7]"S%[0xffffffef][0xffffffde]G}[0xffffffb9][0xffffffb2][0xffffff8d]+[0xffffffe4]3[0xffffffa6][0xfffffff9][0xffffffc9][0x1b]e[0xfffffff2]T[0xffffffe7][0xffffffee][0xffffffa0][0xffffffba][0xffffffc4][0x1f][0xffffffe9][0x5][0xffffffd5][0xffffffce](CF[0xffffff8f].-[0xffffffb3][0xffffff87][0xffffffa4][0xffffffe8]{wG[0xfffffffb][0xffffff82])[0xffffffc9]c[0xffffffde][0xffffff86][0xffffffea]<Lax[0x1b][0xffffffef]i[0x1e][0x6][0xf]H[0xffffffd0][0xfffffff6][0xffffffed][0xffffff8e][0xffffffb5][0x17][0xffffff86][0xffffffe9][0xf]y[0xfffffffe][0xffffffb6][0xffffffef]`z[0xfffffff7][0xffffffec][0xffffffbf][0x1c][0x5]fR[0xffffffa6][0xffffff92]n(<[0xffffffef][0xffffffd3][0xffffffd7][0x2][0xffffffa9]J[0xffffffb3][\n]"
11:48:55.338 [main] DEBUG org.apache.hc.client5.http.wire -- http-outgoing-24 << "T[0x7]Y[0x0][0xffffff81]U)@[0xffffffb1][0xfffffffd][0xffffffcc]0[0xffffff83][0xffffffd7]=3[0xffffff9a]pVUnuf[0xffffff9c]CQ<[0xffffff89][0xffffffb1][0x16][0xffffff9c][0xffffffa7][0xffffffb1]V[0xffffffc1][0xffffffb5].[0x14] [0xffffffe0][0xffffffd3]8[0xffffffa0][0xffffffa4]k[0xffffffc2][0xfffffff4][0xffffffc8][0xffffffd7][0xffffffb5][0xffffff83][0xffffff9e][0xffffff98][0xffffffa0]cCi+c?[0x9][0xffffff9a][0xffffffe6]ALp[0xffffffb0][0xffffff9f][0xfffffffa]I[0xffffffe4]G;[0x1f][0xffffffc2]O[0x6][0xffffff99][0x0][0xfffffffd]d[0xffffff98][0x2][0xffffffd2]O[0xffffffa6]9[0xffffffec][0xfffffffb][0xffffffc9]0[0xffffff81]}?[0xffffff99]L[0xffffff87][0xfffffff7][0x13]3[0xffffff9e][0xfffffff6][0xfffffffd]d[0x9]R[0xfffffffb]~bF[0xffffffd5][0xffffffae][0xffffff9f][0xffffff98][0xffffff80][0xffffffb5][0xffffffe9]'&l[0xffffffd7][0xffffffe2]'[0xb]K[0x16][0xffffffce]O[0x16]w.[0xffffff9c][0xffffff9f],[0xffffffac]`[0x18]?1nd[0x8]?1.[0xffffffe8]/[0xfffffffc][0xffffffe4][0xffffff85]][0xffffffc7]z[0xffffffd2][0x14][0xffffffc6]v[0x12][0xffffffb6][0xffffffad]w1[0xfffffff6]gr[0xffffffb2]%[0xffffff9b][0x10]BN>#[0x1][0xffffffba][0xffffffc9] [0x4][0xffffffa4][0xffffff9a]Lb[0xffffffd8]7[0xffffff93]A[0x0][0xfffffffb]b2[0x1e][0xe][0xffffffef]%F2[0xffffffed]k[0xffffffc9][0x2][0xffffff9f][0xfffffff6][0xffffffad][0xffffffc4]H[0xffffffa9]])1[0xffffffb0]j[0xffffffd3]I[0xc][0xffffffc4][0xffffffae]EI[0xffffffcc][0xffffffab][0x15][0xffffffce]H[0xffffff96]6-[0xffffff9c][0xffffff90][0xffffff98][0x17]/[0xffffff8c][0xffffff8f][0xffffff98][0xfffffff6]0[0xffffff84][0xffffff8e][0xffffff98][0xffffffd6][0xfffffff2][0x17]6[0xfffffff2]LsZ[0xfffffffe][0x1b][0xb][0xffffff89][0xffffffaa][0xffffffe9][0xffffff9c]d[0x1f]i[0xffffff9c]d[0xffffffb7][0xffffff8f][0x8][0xffffff9c][0xffffff93]4[0xffffff91][0xffffffc0][0xffffff9d][0xffffffa4][\r][0x1][0xffffffef]$}[0xc]('i[0x3]@9I7|-N[0xffffffa2]![0x13][0xffffffca]I[0xffffffb4]|B9[0xffffff89][0xffffff86]R[0x8]'[0xffffff99][0xffffffb1]j[0xffffffdf]If[0xffffffc4][0xffffffae][0xffffffcb]It[0xffffffab][0x15][0xffffffda]I[0xfffffff4][0xffffff9b][0x16][0xffffffda]It[0xffffff8b][0x17][0xffffffd2]I[0xffffffe6]{[0x18][0xffffffce]I[0xffffffe6]ky[0xffffffd1]I[0xffffffea][0xfffffffa][0xffffffdb][0x7f][0xffffffd5][0xffffffa2][0xffffff9a]W[0xffffff9c]"[0x0][0x0]"
11:48:55.338 [main] DEBUG org.apache.hc.client5.http.impl.classic.InternalHttpClient -- ep-0000000045 releasing valid endpoint
11:48:55.338 [main] DEBUG org.apache.hc.client5.http.impl.io.PoolingHttpClientConnectionManager -- ep-0000000045 releasing endpoint
11:48:55.338 [main] DEBUG org.apache.hc.client5.http.impl.io.PoolingHttpClientConnectionManager -- ep-0000000045 connection http-outgoing-24 can be kept alive for 3 MINUTES
11:48:55.338 [main] DEBUG org.apache.hc.client5.http.impl.io.PoolingHttpClientConnectionManager -- ep-0000000045 connection released [route: {s}->https://googlechromelabs.github.io:443][total available: 2; route allocated: 1 of 5; total allocated: 3 of 25]
11:48:55.340 [main] DEBUG io.github.bonigarcia.wdm.WebDriverManager -- Driver to be downloaded chromedriver 121.0.6167.85
11:48:55.340 [main] DEBUG io.github.bonigarcia.wdm.cache.ResolutionCache -- Storing resolution chrome=121 in cache (valid until 12:48:55 12/02/2024 WIB)
11:48:55.340 [main] DEBUG io.github.bonigarcia.wdm.cache.ResolutionCache -- Storing resolution chrome121=121.0.6167.85 in cache (valid until 11:48:55 13/02/2024 WIB)
11:48:55.341 [main] INFO io.github.bonigarcia.wdm.WebDriverManager -- Exporting webdriver.chrome.driver as /Users/fizkiarditiakusuma/.cache/selenium/chromedriver/mac-arm64/121.0.6167.85/chromedriver
  &amp#27;[32mGiven &amp#27;[0m&amp#27;[32mPengguna telah membuka situs Kepabeanan&amp#27;[0m                               &amp#27;[90m# step_definitions.login.penggunaTelahMembukaSitusKepabeanan()&amp#27;[0m
  &amp#27;[32mThen &amp#27;[0m&amp#27;[32mPengguna Klik Field Kata Sandi&amp#27;[0m                                         &amp#27;[90m# step_definitions.login.penggunaKlikFieldKataSandi()&amp#27;[0m
  &amp#27;[32mAnd &amp#27;[0m&amp#27;[32mPengguna memasukan berbagai macam Test dalam field Password&amp#27;[0m&amp#27;[32m&amp#27;[1m"ABCDEFGHIJ"&amp#27;[0m &amp#27;[90m# step_definitions.login.penggunaMemasukanBerbagaiMacamTestDalamFieldPassword(java.lang.String)&amp#27;[0m
]]></system-out>
  </testcase>
  <testcase name="LG 005 - Verifikasi Field Kata Sandi #2" classname="login" time="35.713">
    <system-out><![CDATA[
@login
Scenario Outline: LG 005 - Verifikasi Field Kata Sandi                        &amp#27;[90m# features//login.feature:39&amp#27;[0m
11:48:59.845 [main] DEBUG io.github.bonigarcia.wdm.WebDriverManager -- Using WebDriverManager 5.6.3
11:48:59.849 [main] DEBUG io.github.bonigarcia.wdm.WebDriverManager -- Using URL built from repository pattern: https://edgedl.me.gvt1.com/edgedl/chrome/chrome-for-testing/121.0.6167.139/mac-arm64/chromedriver-mac-arm64.zip
11:48:59.849 [main] DEBUG org.apache.hc.client5.http.impl.classic.InternalHttpClient -- ex-0000000046 preparing request execution
11:48:59.850 [main] DEBUG org.apache.hc.client5.http.impl.classic.ProtocolExec -- ex-0000000046 target auth state: UNCHALLENGED
11:48:59.850 [main] DEBUG org.apache.hc.client5.http.impl.classic.ProtocolExec -- ex-0000000046 proxy auth state: UNCHALLENGED
11:48:59.850 [main] DEBUG org.apache.hc.client5.http.impl.classic.ConnectExec -- ex-0000000046 acquiring connection with route {s}->https://googlechromelabs.github.io:443
11:48:59.850 [main] DEBUG org.apache.hc.client5.http.impl.classic.InternalHttpClient -- ex-0000000046 acquiring endpoint (3 MINUTES)
11:48:59.850 [main] DEBUG org.apache.hc.client5.http.impl.io.PoolingHttpClientConnectionManager -- ex-0000000046 endpoint lease request (3 MINUTES) [route: {s}->https://googlechromelabs.github.io:443][total available: 0; route allocated: 0 of 5; total allocated: 0 of 25]
11:48:59.850 [main] DEBUG org.apache.hc.client5.http.impl.io.PoolingHttpClientConnectionManager -- ex-0000000046 endpoint leased [route: {s}->https://googlechromelabs.github.io:443][total available: 0; route allocated: 1 of 5; total allocated: 1 of 25]
11:48:59.850 [main] DEBUG org.apache.hc.client5.http.impl.io.PoolingHttpClientConnectionManager -- ex-0000000046 acquired ep-0000000046
11:48:59.850 [main] DEBUG org.apache.hc.client5.http.impl.classic.InternalHttpClient -- ex-0000000046 acquired endpoint ep-0000000046
11:48:59.850 [main] DEBUG org.apache.hc.client5.http.impl.classic.ConnectExec -- ex-0000000046 opening connection {s}->https://googlechromelabs.github.io:443
11:48:59.850 [main] DEBUG org.apache.hc.client5.http.impl.classic.InternalHttpClient -- ep-0000000046 connecting endpoint (null)
11:48:59.850 [main] DEBUG org.apache.hc.client5.http.impl.io.PoolingHttpClientConnectionManager -- ep-0000000046 connecting endpoint to https://googlechromelabs.github.io:443 (30 SECONDS)
11:48:59.850 [main] DEBUG org.apache.hc.client5.http.impl.io.DefaultHttpClientConnectionOperator -- googlechromelabs.github.io resolving remote address
11:48:59.851 [main] DEBUG org.apache.hc.client5.http.impl.io.DefaultHttpClientConnectionOperator -- googlechromelabs.github.io resolved to [googlechromelabs.github.io/185.199.111.153, googlechromelabs.github.io/185.199.108.153, googlechromelabs.github.io/185.199.109.153, googlechromelabs.github.io/185.199.110.153, googlechromelabs.github.io/2606:50c0:8000:0:0:0:0:153, googlechromelabs.github.io/2606:50c0:8001:0:0:0:0:153, googlechromelabs.github.io/2606:50c0:8002:0:0:0:0:153, googlechromelabs.github.io/2606:50c0:8003:0:0:0:0:153]
11:48:59.851 [main] DEBUG org.apache.hc.client5.http.impl.io.DefaultHttpClientConnectionOperator -- googlechromelabs.github.io:443 connecting null->googlechromelabs.github.io/185.199.111.153:443 (30 SECONDS)
11:48:59.851 [main] DEBUG org.apache.hc.client5.http.ssl.SSLConnectionSocketFactory -- Connecting socket to googlechromelabs.github.io/185.199.111.153:443 with timeout 30 SECONDS
11:49:29.852 [main] DEBUG org.apache.hc.client5.http.impl.io.DefaultHttpClientConnectionOperator -- googlechromelabs.github.io:443 connection to googlechromelabs.github.io/185.199.111.153:443 failed (class java.net.SocketTimeoutException); retrying connection to the next address
11:49:29.852 [main] DEBUG org.apache.hc.client5.http.impl.io.DefaultHttpClientConnectionOperator -- googlechromelabs.github.io:443 connecting null->googlechromelabs.github.io/185.199.108.153:443 (30 SECONDS)
11:49:29.852 [main] DEBUG org.apache.hc.client5.http.ssl.SSLConnectionSocketFactory -- Connecting socket to googlechromelabs.github.io/185.199.108.153:443 with timeout 30 SECONDS
11:49:29.882 [main] DEBUG org.apache.hc.client5.http.ssl.SSLConnectionSocketFactory -- Enabled protocols: [TLSv1.3, TLSv1.2]
11:49:29.882 [main] DEBUG org.apache.hc.client5.http.ssl.SSLConnectionSocketFactory -- Enabled cipher suites: [TLS_AES_256_GCM_SHA384, TLS_AES_128_GCM_SHA256, TLS_CHACHA20_POLY1305_SHA256, TLS_ECDHE_ECDSA_WITH_AES_256_GCM_SHA384, TLS_ECDHE_ECDSA_WITH_AES_128_GCM_SHA256, TLS_ECDHE_ECDSA_WITH_CHACHA20_POLY1305_SHA256, TLS_ECDHE_RSA_WITH_AES_256_GCM_SHA384, TLS_ECDHE_RSA_WITH_CHACHA20_POLY1305_SHA256, TLS_ECDHE_RSA_WITH_AES_128_GCM_SHA256, TLS_DHE_RSA_WITH_AES_256_GCM_SHA384, TLS_DHE_RSA_WITH_CHACHA20_POLY1305_SHA256, TLS_DHE_DSS_WITH_AES_256_GCM_SHA384, TLS_DHE_RSA_WITH_AES_128_GCM_SHA256, TLS_DHE_DSS_WITH_AES_128_GCM_SHA256, TLS_ECDHE_ECDSA_WITH_AES_256_CBC_SHA384, TLS_ECDHE_RSA_WITH_AES_256_CBC_SHA384, TLS_ECDHE_ECDSA_WITH_AES_128_CBC_SHA256, TLS_ECDHE_RSA_WITH_AES_128_CBC_SHA256, TLS_DHE_RSA_WITH_AES_256_CBC_SHA256, TLS_DHE_DSS_WITH_AES_256_CBC_SHA256, TLS_DHE_RSA_WITH_AES_128_CBC_SHA256, TLS_DHE_DSS_WITH_AES_128_CBC_SHA256, TLS_ECDH_ECDSA_WITH_AES_256_GCM_SHA384, TLS_ECDH_RSA_WITH_AES_256_GCM_SHA384, TLS_ECDH_ECDSA_WITH_AES_128_GCM_SHA256, TLS_ECDH_RSA_WITH_AES_128_GCM_SHA256, TLS_ECDH_ECDSA_WITH_AES_256_CBC_SHA384, TLS_ECDH_RSA_WITH_AES_256_CBC_SHA384, TLS_ECDH_ECDSA_WITH_AES_128_CBC_SHA256, TLS_ECDH_RSA_WITH_AES_128_CBC_SHA256, TLS_ECDHE_ECDSA_WITH_AES_256_CBC_SHA, TLS_ECDHE_RSA_WITH_AES_256_CBC_SHA, TLS_ECDHE_ECDSA_WITH_AES_128_CBC_SHA, TLS_ECDHE_RSA_WITH_AES_128_CBC_SHA, TLS_DHE_RSA_WITH_AES_256_CBC_SHA, TLS_DHE_DSS_WITH_AES_256_CBC_SHA, TLS_DHE_RSA_WITH_AES_128_CBC_SHA, TLS_DHE_DSS_WITH_AES_128_CBC_SHA, TLS_ECDH_ECDSA_WITH_AES_256_CBC_SHA, TLS_ECDH_RSA_WITH_AES_256_CBC_SHA, TLS_ECDH_ECDSA_WITH_AES_128_CBC_SHA, TLS_ECDH_RSA_WITH_AES_128_CBC_SHA, TLS_RSA_WITH_AES_256_GCM_SHA384, TLS_RSA_WITH_AES_128_GCM_SHA256, TLS_RSA_WITH_AES_256_CBC_SHA256, TLS_RSA_WITH_AES_128_CBC_SHA256, TLS_RSA_WITH_AES_256_CBC_SHA, TLS_RSA_WITH_AES_128_CBC_SHA, TLS_EMPTY_RENEGOTIATION_INFO_SCSV]
11:49:29.882 [main] DEBUG org.apache.hc.client5.http.ssl.SSLConnectionSocketFactory -- Starting handshake (null)
11:49:29.914 [main] DEBUG org.apache.hc.client5.http.ssl.SSLConnectionSocketFactory -- Secure session established
11:49:29.914 [main] DEBUG org.apache.hc.client5.http.ssl.SSLConnectionSocketFactory --  negotiated protocol: TLSv1.3
11:49:29.914 [main] DEBUG org.apache.hc.client5.http.ssl.SSLConnectionSocketFactory --  negotiated cipher suite: TLS_AES_128_GCM_SHA256
11:49:29.914 [main] DEBUG org.apache.hc.client5.http.ssl.SSLConnectionSocketFactory --  peer principal: CN=*.github.io, O="GitHub, Inc.", L=San Francisco, ST=California, C=US
11:49:29.914 [main] DEBUG org.apache.hc.client5.http.ssl.SSLConnectionSocketFactory --  peer alternative names: [*.github.io, github.io, *.github.com, github.com, www.github.com, *.githubusercontent.com, githubusercontent.com]
11:49:29.914 [main] DEBUG org.apache.hc.client5.http.ssl.SSLConnectionSocketFactory --  issuer principal: CN=DigiCert TLS RSA SHA256 2020 CA1, O=DigiCert Inc, C=US
11:49:29.914 [main] DEBUG org.apache.hc.client5.http.impl.io.DefaultManagedHttpClientConnection -- http-outgoing-27 set socket timeout to 3 MINUTES
11:49:29.914 [main] DEBUG org.apache.hc.client5.http.impl.io.DefaultHttpClientConnectionOperator -- googlechromelabs.github.io:443 connected null->googlechromelabs.github.io/185.199.108.153:443 as http-outgoing-27
11:49:29.914 [main] DEBUG org.apache.hc.client5.http.impl.io.PoolingHttpClientConnectionManager -- ep-0000000046 connected http-outgoing-27
11:49:29.914 [main] DEBUG org.apache.hc.client5.http.impl.classic.InternalHttpClient -- ep-0000000046 endpoint connected
11:49:29.914 [main] DEBUG org.apache.hc.client5.http.impl.classic.MainClientExec -- ex-0000000046 executing GET /chrome-for-testing/last-known-good-versions-with-downloads.json HTTP/1.1
11:49:29.914 [main] DEBUG org.apache.hc.client5.http.protocol.RequestAddCookies -- ex-0000000046 Cookie spec selected: strict
11:49:29.914 [main] DEBUG org.apache.hc.client5.http.impl.classic.InternalHttpClient -- ep-0000000046 start execution ex-0000000046
11:49:29.914 [main] DEBUG org.apache.hc.client5.http.impl.io.PoolingHttpClientConnectionManager -- ep-0000000046 executing exchange ex-0000000046 over http-outgoing-27
11:49:29.914 [main] DEBUG org.apache.hc.client5.http.headers -- http-outgoing-27 >> GET /chrome-for-testing/last-known-good-versions-with-downloads.json HTTP/1.1
11:49:29.914 [main] DEBUG org.apache.hc.client5.http.headers -- http-outgoing-27 >> user-agent: Apache-HttpClient/5.0
11:49:29.914 [main] DEBUG org.apache.hc.client5.http.headers -- http-outgoing-27 >> accept-encoding: gzip, deflate, br
11:49:29.914 [main] DEBUG org.apache.hc.client5.http.headers -- http-outgoing-27 >> cache-control: max-age=0
11:49:29.914 [main] DEBUG org.apache.hc.client5.http.headers -- http-outgoing-27 >> connection: keep-alive
11:49:29.914 [main] DEBUG org.apache.hc.client5.http.headers -- http-outgoing-27 >> Host: googlechromelabs.github.io
11:49:29.914 [main] DEBUG org.apache.hc.client5.http.wire -- http-outgoing-27 >> "GET /chrome-for-testing/last-known-good-versions-with-downloads.json HTTP/1.1[\r][\n]"
11:49:29.914 [main] DEBUG org.apache.hc.client5.http.wire -- http-outgoing-27 >> "user-agent: Apache-HttpClient/5.0[\r][\n]"
11:49:29.914 [main] DEBUG org.apache.hc.client5.http.wire -- http-outgoing-27 >> "accept-encoding: gzip, deflate, br[\r][\n]"
11:49:29.914 [main] DEBUG org.apache.hc.client5.http.wire -- http-outgoing-27 >> "cache-control: max-age=0[\r][\n]"
11:49:29.914 [main] DEBUG org.apache.hc.client5.http.wire -- http-outgoing-27 >> "connection: keep-alive[\r][\n]"
11:49:29.914 [main] DEBUG org.apache.hc.client5.http.wire -- http-outgoing-27 >> "Host: googlechromelabs.github.io[\r][\n]"
11:49:29.914 [main] DEBUG org.apache.hc.client5.http.wire -- http-outgoing-27 >> "[\r][\n]"
11:49:29.954 [main] DEBUG org.apache.hc.client5.http.wire -- http-outgoing-27 << "HTTP/1.1 200 OK[\r][\n]"
11:49:29.954 [main] DEBUG org.apache.hc.client5.http.wire -- http-outgoing-27 << "Connection: keep-alive[\r][\n]"
11:49:29.954 [main] DEBUG org.apache.hc.client5.http.wire -- http-outgoing-27 << "Content-Length: 640[\r][\n]"
11:49:29.954 [main] DEBUG org.apache.hc.client5.http.wire -- http-outgoing-27 << "Server: GitHub.com[\r][\n]"
11:49:29.954 [main] DEBUG org.apache.hc.client5.http.wire -- http-outgoing-27 << "Content-Type: application/json; charset=utf-8[\r][\n]"
11:49:29.954 [main] DEBUG org.apache.hc.client5.http.wire -- http-outgoing-27 << "permissions-policy: interest-cohort=()[\r][\n]"
11:49:29.954 [main] DEBUG org.apache.hc.client5.http.wire -- http-outgoing-27 << "x-origin-cache: HIT[\r][\n]"
11:49:29.954 [main] DEBUG org.apache.hc.client5.http.wire -- http-outgoing-27 << "Last-Modified: Mon, 12 Feb 2024 04:09:36 GMT[\r][\n]"
11:49:29.954 [main] DEBUG org.apache.hc.client5.http.wire -- http-outgoing-27 << "Access-Control-Allow-Origin: *[\r][\n]"
11:49:29.954 [main] DEBUG org.apache.hc.client5.http.wire -- http-outgoing-27 << "Strict-Transport-Security: max-age=31556952[\r][\n]"
11:49:29.954 [main] DEBUG org.apache.hc.client5.http.wire -- http-outgoing-27 << "ETag: W/"65c99a00-229c"[\r][\n]"
11:49:29.954 [main] DEBUG org.apache.hc.client5.http.wire -- http-outgoing-27 << "expires: Mon, 12 Feb 2024 04:19:55 GMT[\r][\n]"
11:49:29.954 [main] DEBUG org.apache.hc.client5.http.wire -- http-outgoing-27 << "Cache-Control: max-age=600[\r][\n]"
11:49:29.954 [main] DEBUG org.apache.hc.client5.http.wire -- http-outgoing-27 << "Content-Encoding: gzip[\r][\n]"
11:49:29.954 [main] DEBUG org.apache.hc.client5.http.wire -- http-outgoing-27 << "x-proxy-cache: HIT[\r][\n]"
11:49:29.954 [main] DEBUG org.apache.hc.client5.http.wire -- http-outgoing-27 << "X-GitHub-Request-Id: EECE:F2983:9FFA93:AC18FB:65C99AC6[\r][\n]"
11:49:29.954 [main] DEBUG org.apache.hc.client5.http.wire -- http-outgoing-27 << "Accept-Ranges: bytes[\r][\n]"
11:49:29.954 [main] DEBUG org.apache.hc.client5.http.wire -- http-outgoing-27 << "Date: Mon, 12 Feb 2024 04:49:30 GMT[\r][\n]"
11:49:29.954 [main] DEBUG org.apache.hc.client5.http.wire -- http-outgoing-27 << "Via: 1.1 varnish[\r][\n]"
11:49:29.954 [main] DEBUG org.apache.hc.client5.http.wire -- http-outgoing-27 << "Age: 203[\r][\n]"
11:49:29.954 [main] DEBUG org.apache.hc.client5.http.wire -- http-outgoing-27 << "X-Served-By: cache-qpg1246-QPG[\r][\n]"
11:49:29.954 [main] DEBUG org.apache.hc.client5.http.wire -- http-outgoing-27 << "X-Cache: HIT[\r][\n]"
11:49:29.954 [main] DEBUG org.apache.hc.client5.http.wire -- http-outgoing-27 << "X-Cache-Hits: 1[\r][\n]"
11:49:29.954 [main] DEBUG org.apache.hc.client5.http.wire -- http-outgoing-27 << "X-Timer: S1707713370.012429,VS0,VE1[\r][\n]"
11:49:29.954 [main] DEBUG org.apache.hc.client5.http.wire -- http-outgoing-27 << "Vary: Accept-Encoding[\r][\n]"
11:49:29.954 [main] DEBUG org.apache.hc.client5.http.wire -- http-outgoing-27 << "X-Fastly-Request-ID: 80f13447906ac1fafd78640ac0faf85e18754868[\r][\n]"
11:49:29.954 [main] DEBUG org.apache.hc.client5.http.wire -- http-outgoing-27 << "[\r][\n]"
11:49:29.954 [main] DEBUG org.apache.hc.client5.http.headers -- http-outgoing-27 << HTTP/1.1 200 OK
11:49:29.955 [main] DEBUG org.apache.hc.client5.http.headers -- http-outgoing-27 << Connection: keep-alive
11:49:29.955 [main] DEBUG org.apache.hc.client5.http.headers -- http-outgoing-27 << Content-Length: 640
11:49:29.955 [main] DEBUG org.apache.hc.client5.http.headers -- http-outgoing-27 << Server: GitHub.com
11:49:29.955 [main] DEBUG org.apache.hc.client5.http.headers -- http-outgoing-27 << Content-Type: application/json; charset=utf-8
11:49:29.955 [main] DEBUG org.apache.hc.client5.http.headers -- http-outgoing-27 << permissions-policy: interest-cohort=()
11:49:29.955 [main] DEBUG org.apache.hc.client5.http.headers -- http-outgoing-27 << x-origin-cache: HIT
11:49:29.955 [main] DEBUG org.apache.hc.client5.http.headers -- http-outgoing-27 << Last-Modified: Mon, 12 Feb 2024 04:09:36 GMT
11:49:29.955 [main] DEBUG org.apache.hc.client5.http.headers -- http-outgoing-27 << Access-Control-Allow-Origin: *
11:49:29.955 [main] DEBUG org.apache.hc.client5.http.headers -- http-outgoing-27 << Strict-Transport-Security: max-age=31556952
11:49:29.955 [main] DEBUG org.apache.hc.client5.http.headers -- http-outgoing-27 << ETag: W/"65c99a00-229c"
11:49:29.955 [main] DEBUG org.apache.hc.client5.http.headers -- http-outgoing-27 << expires: Mon, 12 Feb 2024 04:19:55 GMT
11:49:29.955 [main] DEBUG org.apache.hc.client5.http.headers -- http-outgoing-27 << Cache-Control: max-age=600
11:49:29.955 [main] DEBUG org.apache.hc.client5.http.headers -- http-outgoing-27 << Content-Encoding: gzip
11:49:29.955 [main] DEBUG org.apache.hc.client5.http.headers -- http-outgoing-27 << x-proxy-cache: HIT
11:49:29.955 [main] DEBUG org.apache.hc.client5.http.headers -- http-outgoing-27 << X-GitHub-Request-Id: EECE:F2983:9FFA93:AC18FB:65C99AC6
11:49:29.955 [main] DEBUG org.apache.hc.client5.http.headers -- http-outgoing-27 << Accept-Ranges: bytes
11:49:29.955 [main] DEBUG org.apache.hc.client5.http.headers -- http-outgoing-27 << Date: Mon, 12 Feb 2024 04:49:30 GMT
11:49:29.955 [main] DEBUG org.apache.hc.client5.http.headers -- http-outgoing-27 << Via: 1.1 varnish
11:49:29.955 [main] DEBUG org.apache.hc.client5.http.headers -- http-outgoing-27 << Age: 203
11:49:29.955 [main] DEBUG org.apache.hc.client5.http.headers -- http-outgoing-27 << X-Served-By: cache-qpg1246-QPG
11:49:29.955 [main] DEBUG org.apache.hc.client5.http.headers -- http-outgoing-27 << X-Cache: HIT
11:49:29.955 [main] DEBUG org.apache.hc.client5.http.headers -- http-outgoing-27 << X-Cache-Hits: 1
11:49:29.955 [main] DEBUG org.apache.hc.client5.http.headers -- http-outgoing-27 << X-Timer: S1707713370.012429,VS0,VE1
11:49:29.955 [main] DEBUG org.apache.hc.client5.http.headers -- http-outgoing-27 << Vary: Accept-Encoding
11:49:29.955 [main] DEBUG org.apache.hc.client5.http.headers -- http-outgoing-27 << X-Fastly-Request-ID: 80f13447906ac1fafd78640ac0faf85e18754868
11:49:29.955 [main] DEBUG org.apache.hc.client5.http.impl.classic.MainClientExec -- ex-0000000046 connection can be kept alive for 3 MINUTES
11:49:29.955 [main] DEBUG org.apache.hc.client5.http.wire -- http-outgoing-27 << "[0x1f][0xffffff8b][0x8][0x0][0x0][0x0][0x0][0x0][0x0][0x3][0xffffffcd][0xffffff96][0xffffffcb][0xffffff8e][0xffffff9b]0[0x14][0xffffff86][0xfffffff7]}[0xc][0xffffffaf][0xffffffc1]`[0x8][0xffffffe4][0xffffffb2][0xffffff9c][0xffffff99]7hWSu[0xffffffe1][0x6]7A2[0x10][0xffffff81]'[0xffffffd3]N[0xffffffc4][0xffffffbb][0xffffffd7][0x10][0xffffffc3]p[0xffffffb1][0xffffff99]U|[0xffffff90]"%[0x1c][0xffffff9c]s~[0xffffffd0][0xffffffa7][0xffffffa3][0xffffffef][0xffffff86]D[0xffffff9a][0xffffffb1]J[0xffffffd0][0xffffffec][0xffffff82][0xe]([0xfffffff0][0xffffff83][0xffffff8d][0xffffffeb][0x7].!?[0x2]r[0xfffffff0][0xfffffff7][0xfffffff2][0xffffff83]}B^[0xffffff91][0xffffff83][0xffffff8e]g[0xffffff9a][0xffffffe7][0xffffff8c]W[0xffffffe8]pC[0xffffffdf][0x5][0xfffffffd][0xffffffcd]Y[0xfffffff3]KU[0xffffffe5]_U[0xffffffcd]AWVVi[0xffffff91][0xffffffcb][0x12][0x9][0x8][0xfffffff6]qL[0xffffffe2]-[0xffffffde]E[0xfffffff2]N[0xffffffc9][0xffffffae]i[0x7f]+[0xc][0xffffff89][0xffffffbf][0xffffff95][0xffffffc5][0xffffffa4]x[0xffffffcf]yA[0xffffff93][0xffffffea][0xffffffde][0xffffffae],2[0xffffffd9][0xfffffff8][0xffffffe7][\r]]8[0x15][0x7f][0xffffff8a]2[0xffffff93][0xffffff87]y[0xffffff9a][0xffffffbf][0xfffffffd][0xffffff8d]7[0xfffffff2][0xfffffff0][[0xffffffd9][0xffffff8c]:[0xb]q[0xffffffa9][0xe][0xffffff9e][0xffffffc7][0xffffff92][0x13]K8[0xffffffce][0x18]>][0x5][0xffffffc1][0xffffffc7]"S%[0xffffffef][0xffffffde]G}[0xffffffb9][0xffffffb2][0xffffff8d]+[0xffffffe4]3[0xffffffa6][0xfffffff9][0xffffffc9][0x1b]e[0xfffffff2]T[0xffffffe7][0xffffffee][0xffffffa0][0xffffffba][0xffffffc4][0x1f][0xffffffe9][0x5][0xffffffd5][0xffffffce](CF[0xffffff8f].-[0xffffffb3][0xffffff87][0xffffffa4][0xffffffe8]{wG[0xfffffffb][0xffffff82])[0xffffffc9]c[0xffffffde][0xffffff86][0xffffffea]<Lax[0x1b][0xffffffef]i[0x1e][0x6][0xf]H[0xffffffd0][0xfffffff6][0xffffffed][0xffffff8e][0xffffffb5][0x17][0xffffff86][0xffffffe9][0xf]y[0xfffffffe][0xffffffb6][0xffffffef]`z[0xfffffff7][0xffffffec][0xffffffbf][0x1c][0x5]fR[0xffffffa6][0xffffff92]n(<[0xffffffef][0xffffffd3][0xffffffd7][0x2][0xffffffa9]J[0xffffffb3][\n]"
11:49:29.955 [main] DEBUG org.apache.hc.client5.http.wire -- http-outgoing-27 << "T[0x7]Y[0x0][0xffffff81]U)@[0xffffffb1][0xfffffffd][0xffffffcc]0[0xffffff83][0xffffffd7]=3[0xffffff9a]pVUnuf[0xffffff9c]CQ<[0xffffff89][0xffffffb1][0x16][0xffffff9c][0xffffffa7][0xffffffb1]V[0xffffffc1][0xffffffb5].[0x14] [0xffffffe0][0xffffffd3]8[0xffffffa0][0xffffffa4]k[0xffffffc2][0xfffffff4][0xffffffc8][0xffffffd7][0xffffffb5][0xffffff83][0xffffff9e][0xffffff98][0xffffffa0]cCi+c?[0x9][0xffffff9a][0xffffffe6]ALp[0xffffffb0][0xffffff9f][0xfffffffa]I[0xffffffe4]G;[0x1f][0xffffffc2]O[0x6][0xffffff99][0x0][0xfffffffd]d[0xffffff98][0x2][0xffffffd2]O[0xffffffa6]9[0xffffffec][0xfffffffb][0xffffffc9]0[0xffffff81]}?[0xffffff99]L[0xffffff87][0xfffffff7][0x13]3[0xffffff9e][0xfffffff6][0xfffffffd]d[0x9]R[0xfffffffb]~bF[0xffffffd5][0xffffffae][0xffffff9f][0xffffff98][0xffffff80][0xffffffb5][0xffffffe9]'&l[0xffffffd7][0xffffffe2]'[0xb]K[0x16][0xffffffce]O[0x16]w.[0xffffff9c][0xffffff9f],[0xffffffac]`[0x18]?1nd[0x8]?1.[0xffffffe8]/[0xfffffffc][0xffffffe4][0xffffff85]][0xffffffc7]z[0xffffffd2][0x14][0xffffffc6]v[0x12][0xffffffb6][0xffffffad]w1[0xfffffff6]gr[0xffffffb2]%[0xffffff9b][0x10]BN>#[0x1][0xffffffba][0xffffffc9] [0x4][0xffffffa4][0xffffff9a]Lb[0xffffffd8]7[0xffffff93]A[0x0][0xfffffffb]b2[0x1e][0xe][0xffffffef]%F2[0xffffffed]k[0xffffffc9][0x2][0xffffff9f][0xfffffff6][0xffffffad][0xffffffc4]H[0xffffffa9]])1[0xffffffb0]j[0xffffffd3]I[0xc][0xffffffc4][0xffffffae]EI[0xffffffcc][0xffffffab][0x15][0xffffffce]H[0xffffff96]6-[0xffffff9c][0xffffff90][0xffffff98][0x17]/[0xffffff8c][0xffffff8f][0xffffff98][0xfffffff6]0[0xffffff84][0xffffff8e][0xffffff98][0xffffffd6][0xfffffff2][0x17]6[0xfffffff2]LsZ[0xfffffffe][0x1b][0xb][0xffffff89][0xffffffaa][0xffffffe9][0xffffff9c]d[0x1f]i[0xffffff9c]d[0xffffffb7][0xffffff8f][0x8][0xffffff9c][0xffffff93]4[0xffffff91][0xffffffc0][0xffffff9d][0xffffffa4][\r][0x1][0xffffffef]$}[0xc]('i[0x3]@9I7|-N[0xffffffa2]![0x13][0xffffffca]I[0xffffffb4]|B9[0xffffff89][0xffffff86]R[0x8]'[0xffffff99][0xffffffb1]j[0xffffffdf]If[0xffffffc4][0xffffffae][0xffffffcb]It[0xffffffab][0x15][0xffffffda]I[0xfffffff4][0xffffff9b][0x16][0xffffffda]It[0xffffff8b][0x17][0xffffffd2]I[0xffffffe6]{[0x18][0xffffffce]I[0xffffffe6]ky[0xffffffd1]I[0xffffffea][0xfffffffa][0xffffffdb][0x7f][0xffffffd5][0xffffffa2][0xffffff9a]W[0xffffff9c]"[0x0][0x0]"
11:49:29.956 [main] DEBUG org.apache.hc.client5.http.impl.classic.InternalHttpClient -- ep-0000000046 releasing valid endpoint
11:49:29.957 [main] DEBUG org.apache.hc.client5.http.impl.io.PoolingHttpClientConnectionManager -- ep-0000000046 releasing endpoint
11:49:29.957 [main] DEBUG org.apache.hc.client5.http.impl.io.PoolingHttpClientConnectionManager -- ep-0000000046 connection http-outgoing-27 can be kept alive for 3 MINUTES
11:49:29.957 [main] DEBUG org.apache.hc.client5.http.impl.io.PoolingHttpClientConnectionManager -- ep-0000000046 connection released [route: {s}->https://googlechromelabs.github.io:443][total available: 1; route allocated: 1 of 5; total allocated: 1 of 25]
11:49:29.957 [main] DEBUG io.github.bonigarcia.wdm.WebDriverManager -- Driver to be downloaded chromedriver 121.0.6167.139
11:49:29.958 [main] DEBUG io.github.bonigarcia.wdm.WebDriverManager -- Using URL built from repository pattern: https://edgedl.me.gvt1.com/edgedl/chrome/chrome-for-testing/121.0.6167.139/mac-arm64/chromedriver-mac-arm64.zip
11:49:29.959 [main] INFO io.github.bonigarcia.wdm.online.Downloader -- Downloading https://edgedl.me.gvt1.com/edgedl/chrome/chrome-for-testing/121.0.6167.139/mac-arm64/chromedriver-mac-arm64.zip
11:49:29.960 [main] DEBUG org.apache.hc.client5.http.impl.classic.InternalHttpClient -- ex-0000000047 preparing request execution
11:49:29.960 [main] DEBUG org.apache.hc.client5.http.impl.classic.ProtocolExec -- ex-0000000047 target auth state: UNCHALLENGED
11:49:29.960 [main] DEBUG org.apache.hc.client5.http.impl.classic.ProtocolExec -- ex-0000000047 proxy auth state: UNCHALLENGED
11:49:29.960 [main] DEBUG org.apache.hc.client5.http.impl.classic.ConnectExec -- ex-0000000047 acquiring connection with route {s}->https://edgedl.me.gvt1.com:443
11:49:29.960 [main] DEBUG org.apache.hc.client5.http.impl.classic.InternalHttpClient -- ex-0000000047 acquiring endpoint (3 MINUTES)
11:49:29.960 [main] DEBUG org.apache.hc.client5.http.impl.io.PoolingHttpClientConnectionManager -- ex-0000000047 endpoint lease request (3 MINUTES) [route: {s}->https://edgedl.me.gvt1.com:443][total available: 1; route allocated: 0 of 5; total allocated: 1 of 25]
11:49:29.960 [main] DEBUG org.apache.hc.client5.http.impl.io.PoolingHttpClientConnectionManager -- ex-0000000047 endpoint leased [route: {s}->https://edgedl.me.gvt1.com:443][total available: 1; route allocated: 1 of 5; total allocated: 2 of 25]
11:49:29.960 [main] DEBUG org.apache.hc.client5.http.impl.io.PoolingHttpClientConnectionManager -- ex-0000000047 acquired ep-0000000047
11:49:29.960 [main] DEBUG org.apache.hc.client5.http.impl.classic.InternalHttpClient -- ex-0000000047 acquired endpoint ep-0000000047
11:49:29.960 [main] DEBUG org.apache.hc.client5.http.impl.classic.ConnectExec -- ex-0000000047 opening connection {s}->https://edgedl.me.gvt1.com:443
11:49:29.960 [main] DEBUG org.apache.hc.client5.http.impl.classic.InternalHttpClient -- ep-0000000047 connecting endpoint (null)
11:49:29.960 [main] DEBUG org.apache.hc.client5.http.impl.io.PoolingHttpClientConnectionManager -- ep-0000000047 connecting endpoint to https://edgedl.me.gvt1.com:443 (30 SECONDS)
11:49:29.960 [main] DEBUG org.apache.hc.client5.http.impl.io.DefaultHttpClientConnectionOperator -- edgedl.me.gvt1.com resolving remote address
11:49:29.962 [main] DEBUG org.apache.hc.client5.http.impl.io.DefaultHttpClientConnectionOperator -- edgedl.me.gvt1.com resolved to [edgedl.me.gvt1.com/34.104.35.123, edgedl.me.gvt1.com/2600:1900:4110:86f:0:0:0:0]
11:49:29.962 [main] DEBUG org.apache.hc.client5.http.impl.io.DefaultHttpClientConnectionOperator -- edgedl.me.gvt1.com:443 connecting null->edgedl.me.gvt1.com/34.104.35.123:443 (30 SECONDS)
11:49:29.962 [main] DEBUG org.apache.hc.client5.http.ssl.SSLConnectionSocketFactory -- Connecting socket to edgedl.me.gvt1.com/34.104.35.123:443 with timeout 30 SECONDS
11:49:29.970 [main] DEBUG org.apache.hc.client5.http.ssl.SSLConnectionSocketFactory -- Enabled protocols: [TLSv1.3, TLSv1.2]
11:49:29.970 [main] DEBUG org.apache.hc.client5.http.ssl.SSLConnectionSocketFactory -- Enabled cipher suites: [TLS_AES_256_GCM_SHA384, TLS_AES_128_GCM_SHA256, TLS_CHACHA20_POLY1305_SHA256, TLS_ECDHE_ECDSA_WITH_AES_256_GCM_SHA384, TLS_ECDHE_ECDSA_WITH_AES_128_GCM_SHA256, TLS_ECDHE_ECDSA_WITH_CHACHA20_POLY1305_SHA256, TLS_ECDHE_RSA_WITH_AES_256_GCM_SHA384, TLS_ECDHE_RSA_WITH_CHACHA20_POLY1305_SHA256, TLS_ECDHE_RSA_WITH_AES_128_GCM_SHA256, TLS_DHE_RSA_WITH_AES_256_GCM_SHA384, TLS_DHE_RSA_WITH_CHACHA20_POLY1305_SHA256, TLS_DHE_DSS_WITH_AES_256_GCM_SHA384, TLS_DHE_RSA_WITH_AES_128_GCM_SHA256, TLS_DHE_DSS_WITH_AES_128_GCM_SHA256, TLS_ECDHE_ECDSA_WITH_AES_256_CBC_SHA384, TLS_ECDHE_RSA_WITH_AES_256_CBC_SHA384, TLS_ECDHE_ECDSA_WITH_AES_128_CBC_SHA256, TLS_ECDHE_RSA_WITH_AES_128_CBC_SHA256, TLS_DHE_RSA_WITH_AES_256_CBC_SHA256, TLS_DHE_DSS_WITH_AES_256_CBC_SHA256, TLS_DHE_RSA_WITH_AES_128_CBC_SHA256, TLS_DHE_DSS_WITH_AES_128_CBC_SHA256, TLS_ECDH_ECDSA_WITH_AES_256_GCM_SHA384, TLS_ECDH_RSA_WITH_AES_256_GCM_SHA384, TLS_ECDH_ECDSA_WITH_AES_128_GCM_SHA256, TLS_ECDH_RSA_WITH_AES_128_GCM_SHA256, TLS_ECDH_ECDSA_WITH_AES_256_CBC_SHA384, TLS_ECDH_RSA_WITH_AES_256_CBC_SHA384, TLS_ECDH_ECDSA_WITH_AES_128_CBC_SHA256, TLS_ECDH_RSA_WITH_AES_128_CBC_SHA256, TLS_ECDHE_ECDSA_WITH_AES_256_CBC_SHA, TLS_ECDHE_RSA_WITH_AES_256_CBC_SHA, TLS_ECDHE_ECDSA_WITH_AES_128_CBC_SHA, TLS_ECDHE_RSA_WITH_AES_128_CBC_SHA, TLS_DHE_RSA_WITH_AES_256_CBC_SHA, TLS_DHE_DSS_WITH_AES_256_CBC_SHA, TLS_DHE_RSA_WITH_AES_128_CBC_SHA, TLS_DHE_DSS_WITH_AES_128_CBC_SHA, TLS_ECDH_ECDSA_WITH_AES_256_CBC_SHA, TLS_ECDH_RSA_WITH_AES_256_CBC_SHA, TLS_ECDH_ECDSA_WITH_AES_128_CBC_SHA, TLS_ECDH_RSA_WITH_AES_128_CBC_SHA, TLS_RSA_WITH_AES_256_GCM_SHA384, TLS_RSA_WITH_AES_128_GCM_SHA256, TLS_RSA_WITH_AES_256_CBC_SHA256, TLS_RSA_WITH_AES_128_CBC_SHA256, TLS_RSA_WITH_AES_256_CBC_SHA, TLS_RSA_WITH_AES_128_CBC_SHA, TLS_EMPTY_RENEGOTIATION_INFO_SCSV]
11:49:29.970 [main] DEBUG org.apache.hc.client5.http.ssl.SSLConnectionSocketFactory -- Starting handshake (null)
11:49:30.005 [main] DEBUG org.apache.hc.client5.http.ssl.SSLConnectionSocketFactory -- Secure session established
11:49:30.005 [main] DEBUG org.apache.hc.client5.http.ssl.SSLConnectionSocketFactory --  negotiated protocol: TLSv1.3
11:49:30.005 [main] DEBUG org.apache.hc.client5.http.ssl.SSLConnectionSocketFactory --  negotiated cipher suite: TLS_AES_256_GCM_SHA384
11:49:30.005 [main] DEBUG org.apache.hc.client5.http.ssl.SSLConnectionSocketFactory --  peer principal: CN=edgedl.me.gvt1.com
11:49:30.005 [main] DEBUG org.apache.hc.client5.http.ssl.SSLConnectionSocketFactory --  peer alternative names: [edgedl.me.gvt1.com]
11:49:30.005 [main] DEBUG org.apache.hc.client5.http.ssl.SSLConnectionSocketFactory --  issuer principal: CN=GTS CA 1D4, O=Google Trust Services LLC, C=US
11:49:30.005 [main] DEBUG org.apache.hc.client5.http.impl.io.DefaultManagedHttpClientConnection -- http-outgoing-28 set socket timeout to 3 MINUTES
11:49:30.005 [main] DEBUG org.apache.hc.client5.http.impl.io.DefaultHttpClientConnectionOperator -- edgedl.me.gvt1.com:443 connected null->edgedl.me.gvt1.com/34.104.35.123:443 as http-outgoing-28
11:49:30.005 [main] DEBUG org.apache.hc.client5.http.impl.io.PoolingHttpClientConnectionManager -- ep-0000000047 connected http-outgoing-28
11:49:30.005 [main] DEBUG org.apache.hc.client5.http.impl.classic.InternalHttpClient -- ep-0000000047 endpoint connected
11:49:30.005 [main] DEBUG org.apache.hc.client5.http.impl.classic.MainClientExec -- ex-0000000047 executing GET /edgedl/chrome/chrome-for-testing/121.0.6167.139/mac-arm64/chromedriver-mac-arm64.zip HTTP/1.1
11:49:30.005 [main] DEBUG org.apache.hc.client5.http.protocol.RequestAddCookies -- ex-0000000047 Cookie spec selected: strict
11:49:30.005 [main] DEBUG org.apache.hc.client5.http.impl.classic.InternalHttpClient -- ep-0000000047 start execution ex-0000000047
11:49:30.005 [main] DEBUG org.apache.hc.client5.http.impl.io.PoolingHttpClientConnectionManager -- ep-0000000047 executing exchange ex-0000000047 over http-outgoing-28
11:49:30.005 [main] DEBUG org.apache.hc.client5.http.headers -- http-outgoing-28 >> GET /edgedl/chrome/chrome-for-testing/121.0.6167.139/mac-arm64/chromedriver-mac-arm64.zip HTTP/1.1
11:49:30.006 [main] DEBUG org.apache.hc.client5.http.headers -- http-outgoing-28 >> user-agent: Apache-HttpClient/5.0
11:49:30.006 [main] DEBUG org.apache.hc.client5.http.headers -- http-outgoing-28 >> accept-encoding: gzip, deflate, br
11:49:30.006 [main] DEBUG org.apache.hc.client5.http.headers -- http-outgoing-28 >> cache-control: max-age=0
11:49:30.006 [main] DEBUG org.apache.hc.client5.http.headers -- http-outgoing-28 >> connection: keep-alive
11:49:30.006 [main] DEBUG org.apache.hc.client5.http.headers -- http-outgoing-28 >> Host: edgedl.me.gvt1.com
11:49:30.006 [main] DEBUG org.apache.hc.client5.http.wire -- http-outgoing-28 >> "GET /edgedl/chrome/chrome-for-testing/121.0.6167.139/mac-arm64/chromedriver-mac-arm64.zip HTTP/1.1[\r][\n]"
11:49:30.006 [main] DEBUG org.apache.hc.client5.http.wire -- http-outgoing-28 >> "user-agent: Apache-HttpClient/5.0[\r][\n]"
11:49:30.006 [main] DEBUG org.apache.hc.client5.http.wire -- http-outgoing-28 >> "accept-encoding: gzip, deflate, br[\r][\n]"
11:49:30.006 [main] DEBUG org.apache.hc.client5.http.wire -- http-outgoing-28 >> "cache-control: max-age=0[\r][\n]"
11:49:30.006 [main] DEBUG org.apache.hc.client5.http.wire -- http-outgoing-28 >> "connection: keep-alive[\r][\n]"
11:49:30.006 [main] DEBUG org.apache.hc.client5.http.wire -- http-outgoing-28 >> "Host: edgedl.me.gvt1.com[\r][\n]"
11:49:30.006 [main] DEBUG org.apache.hc.client5.http.wire -- http-outgoing-28 >> "[\r][\n]"
11:49:30.102 [main] DEBUG org.apache.hc.client5.http.wire -- http-outgoing-28 << "HTTP/1.1 404 Not Found[\r][\n]"
11:49:30.102 [main] DEBUG org.apache.hc.client5.http.wire -- http-outgoing-28 << "content-length: 1449[\r][\n]"
11:49:30.102 [main] DEBUG org.apache.hc.client5.http.wire -- http-outgoing-28 << "content-type: text/html; charset=utf-8[\r][\n]"
11:49:30.102 [main] DEBUG org.apache.hc.client5.http.wire -- http-outgoing-28 << "server: Google-Edge-Cache[\r][\n]"
11:49:30.102 [main] DEBUG org.apache.hc.client5.http.wire -- http-outgoing-28 << "x-content-type-options: nosniff[\r][\n]"
11:49:30.102 [main] DEBUG org.apache.hc.client5.http.wire -- http-outgoing-28 << "x-frame-options: SAMEORIGIN[\r][\n]"
11:49:30.102 [main] DEBUG org.apache.hc.client5.http.wire -- http-outgoing-28 << "x-xss-protection: 0[\r][\n]"
11:49:30.102 [main] DEBUG org.apache.hc.client5.http.wire -- http-outgoing-28 << "date: Mon, 12 Feb 2024 04:49:30 GMT[\r][\n]"
11:49:30.102 [main] DEBUG org.apache.hc.client5.http.wire -- http-outgoing-28 << "x-request-id: adfe9651-2a87-4fab-aeae-c0e8e641f400[\r][\n]"
11:49:30.102 [main] DEBUG org.apache.hc.client5.http.wire -- http-outgoing-28 << "alt-svc: clear[\r][\n]"
11:49:30.102 [main] DEBUG org.apache.hc.client5.http.wire -- http-outgoing-28 << "[\r][\n]"
11:49:30.102 [main] DEBUG org.apache.hc.client5.http.wire -- http-outgoing-28 << "[\n]"
11:49:30.102 [main] DEBUG org.apache.hc.client5.http.wire -- http-outgoing-28 << "<!DOCTYPE html>[\n]"
11:49:30.102 [main] DEBUG org.apache.hc.client5.http.wire -- http-outgoing-28 << "<html lang=en>[\n]"
11:49:30.102 [main] DEBUG org.apache.hc.client5.http.wire -- http-outgoing-28 << "  <meta charset=utf-8>[\n]"
11:49:30.102 [main] DEBUG org.apache.hc.client5.http.wire -- http-outgoing-28 << "  <meta name=viewport content="initial-scale=1, minimum-scale=1, width=device-width">[\n]"
11:49:30.102 [main] DEBUG org.apache.hc.client5.http.wire -- http-outgoing-28 << "  <title>Error 404 (Not Found)!!1</title>[\n]"
11:49:30.102 [main] DEBUG org.apache.hc.client5.http.wire -- http-outgoing-28 << "  <style>[\n]"
11:49:30.102 [main] DEBUG org.apache.hc.client5.http.wire -- http-outgoing-28 << "    *{margin:0;padding:0}html,code{font:15px/22px arial,sans-serif}html{background:#fff;color:#222;padding:15px}body{margin:7% auto 0;max-width:390px;min-height:180px;padding:30px 0 15px}* > body{background:url(//www.google.com/images/errors/robot.png) 100% 5px no-repeat;padding-right:205px}p{margin:11px 0 22px;overflow:hidden}ins{color:#777;text-decoration:none}a img{border:0}@media screen and (max-width:772px){body{background:none;margin-top:0;max-width:none;padding-right:0}}#logo{background:url(//www.google.com/images/logos/errorpage/error_logo-150x54.png) no-repeat;margin-left:-5px}@media only screen and (min-resolution:192dpi){#logo{background:url(//www.google.com/images/logos/errorpage/error_logo-150x54-2x.png) no-repeat 0% 0%/100% 100%;-moz-border-image:url(//www.google.com/images/logos/errorpage/error_logo-150x54-2x.png) 0}}@media only screen and (-webkit-min-device-pixel-ratio:2){#logo{background:url(//www.google.com/images/logos/errorpage/error_logo-150x54-2x.png) no-repeat;-webkit-background-size:100% 100%}}#logo{display:inline-block;height:54px;width:150px}[\n]"
11:49:30.102 [main] DEBUG org.apache.hc.client5.http.wire -- http-outgoing-28 << "  </style>[\n]"
11:49:30.102 [main] DEBUG org.apache.hc.client5.http.wire -- http-outgoing-28 << "  <a href=//www.google.com/><span id=logo aria-label=Google></span></a>[\n]"
11:49:30.102 [main] DEBUG org.apache.hc.client5.http.wire -- http-outgoing-28 << "  <p><b>404.</b> <ins>That[0xffffffe2][0xffffff80][0xffffff99]s an error.</ins>[\n]"
11:49:30.102 [main] DEBUG org.apache.hc.client5.http.wire -- http-outgoing-28 << "  <p>  <ins>That[0xffffffe2][0xffffff80][0xffffff99]s all we know.</ins>[\n]"
11:49:30.103 [main] DEBUG org.apache.hc.client5.http.headers -- http-outgoing-28 << HTTP/1.1 404 Not Found
11:49:30.103 [main] DEBUG org.apache.hc.client5.http.headers -- http-outgoing-28 << content-length: 1449
11:49:30.103 [main] DEBUG org.apache.hc.client5.http.headers -- http-outgoing-28 << content-type: text/html; charset=utf-8
11:49:30.103 [main] DEBUG org.apache.hc.client5.http.headers -- http-outgoing-28 << server: Google-Edge-Cache
11:49:30.103 [main] DEBUG org.apache.hc.client5.http.headers -- http-outgoing-28 << x-content-type-options: nosniff
11:49:30.103 [main] DEBUG org.apache.hc.client5.http.headers -- http-outgoing-28 << x-frame-options: SAMEORIGIN
11:49:30.103 [main] DEBUG org.apache.hc.client5.http.headers -- http-outgoing-28 << x-xss-protection: 0
11:49:30.103 [main] DEBUG org.apache.hc.client5.http.headers -- http-outgoing-28 << date: Mon, 12 Feb 2024 04:49:30 GMT
11:49:30.103 [main] DEBUG org.apache.hc.client5.http.headers -- http-outgoing-28 << x-request-id: adfe9651-2a87-4fab-aeae-c0e8e641f400
11:49:30.103 [main] DEBUG org.apache.hc.client5.http.headers -- http-outgoing-28 << alt-svc: clear
11:49:30.103 [main] DEBUG org.apache.hc.client5.http.impl.classic.MainClientExec -- ex-0000000047 connection can be kept alive for 3 MINUTES
11:49:30.103 [main] ERROR io.github.bonigarcia.wdm.online.HttpClient -- Error HTTP 404 executing https://edgedl.me.gvt1.com/edgedl/chrome/chrome-for-testing/121.0.6167.139/mac-arm64/chromedriver-mac-arm64.zip
11:49:30.106 [main] INFO io.github.bonigarcia.wdm.cache.ResolutionCache -- Clearing WebDriverManager resolution cache
11:49:30.108 [main] WARN io.github.bonigarcia.wdm.WebDriverManager -- There was an error managing chromedriver 121.0.6167.139 (Error HTTP 404 executing https://edgedl.me.gvt1.com/edgedl/chrome/chrome-for-testing/121.0.6167.139/mac-arm64/chromedriver-mac-arm64.zip) ... trying again avoiding reading release from repository
11:49:30.111 [main] DEBUG org.apache.hc.client5.http.impl.classic.InternalHttpClient -- ex-0000000048 preparing request execution
11:49:30.111 [main] DEBUG org.apache.hc.client5.http.impl.classic.ProtocolExec -- ex-0000000048 target auth state: UNCHALLENGED
11:49:30.111 [main] DEBUG org.apache.hc.client5.http.impl.classic.ProtocolExec -- ex-0000000048 proxy auth state: UNCHALLENGED
11:49:30.111 [main] DEBUG org.apache.hc.client5.http.impl.classic.ConnectExec -- ex-0000000048 acquiring connection with route {s}->https://raw.githubusercontent.com:443
11:49:30.111 [main] DEBUG org.apache.hc.client5.http.impl.classic.InternalHttpClient -- ex-0000000048 acquiring endpoint (3 MINUTES)
11:49:30.111 [main] DEBUG org.apache.hc.client5.http.impl.io.PoolingHttpClientConnectionManager -- ex-0000000048 endpoint lease request (3 MINUTES) [route: {s}->https://raw.githubusercontent.com:443][total available: 1; route allocated: 0 of 5; total allocated: 2 of 25]
11:49:30.111 [main] DEBUG org.apache.hc.client5.http.impl.io.PoolingHttpClientConnectionManager -- ex-0000000048 endpoint leased [route: {s}->https://raw.githubusercontent.com:443][total available: 1; route allocated: 1 of 5; total allocated: 3 of 25]
11:49:30.111 [main] DEBUG org.apache.hc.client5.http.impl.io.PoolingHttpClientConnectionManager -- ex-0000000048 acquired ep-0000000048
11:49:30.111 [main] DEBUG org.apache.hc.client5.http.impl.classic.InternalHttpClient -- ex-0000000048 acquired endpoint ep-0000000048
11:49:30.111 [main] DEBUG org.apache.hc.client5.http.impl.classic.ConnectExec -- ex-0000000048 opening connection {s}->https://raw.githubusercontent.com:443
11:49:30.111 [main] DEBUG org.apache.hc.client5.http.impl.classic.InternalHttpClient -- ep-0000000048 connecting endpoint (null)
11:49:30.111 [main] DEBUG org.apache.hc.client5.http.impl.io.PoolingHttpClientConnectionManager -- ep-0000000048 connecting endpoint to https://raw.githubusercontent.com:443 (30 SECONDS)
11:49:30.111 [main] DEBUG org.apache.hc.client5.http.impl.io.DefaultHttpClientConnectionOperator -- raw.githubusercontent.com resolving remote address
11:49:30.113 [main] DEBUG org.apache.hc.client5.http.impl.io.DefaultHttpClientConnectionOperator -- raw.githubusercontent.com resolved to [raw.githubusercontent.com/185.199.111.133, raw.githubusercontent.com/185.199.108.133, raw.githubusercontent.com/185.199.110.133, raw.githubusercontent.com/185.199.109.133, raw.githubusercontent.com/2606:50c0:8003:0:0:0:0:154, raw.githubusercontent.com/2606:50c0:8002:0:0:0:0:154, raw.githubusercontent.com/2606:50c0:8000:0:0:0:0:154, raw.githubusercontent.com/2606:50c0:8001:0:0:0:0:154]
11:49:30.113 [main] DEBUG org.apache.hc.client5.http.impl.io.DefaultHttpClientConnectionOperator -- raw.githubusercontent.com:443 connecting null->raw.githubusercontent.com/185.199.111.133:443 (30 SECONDS)
11:49:30.113 [main] DEBUG org.apache.hc.client5.http.ssl.SSLConnectionSocketFactory -- Connecting socket to raw.githubusercontent.com/185.199.111.133:443 with timeout 30 SECONDS
11:49:30.132 [main] DEBUG org.apache.hc.client5.http.ssl.SSLConnectionSocketFactory -- Enabled protocols: [TLSv1.3, TLSv1.2]
11:49:30.133 [main] DEBUG org.apache.hc.client5.http.ssl.SSLConnectionSocketFactory -- Enabled cipher suites: [TLS_AES_256_GCM_SHA384, TLS_AES_128_GCM_SHA256, TLS_CHACHA20_POLY1305_SHA256, TLS_ECDHE_ECDSA_WITH_AES_256_GCM_SHA384, TLS_ECDHE_ECDSA_WITH_AES_128_GCM_SHA256, TLS_ECDHE_ECDSA_WITH_CHACHA20_POLY1305_SHA256, TLS_ECDHE_RSA_WITH_AES_256_GCM_SHA384, TLS_ECDHE_RSA_WITH_CHACHA20_POLY1305_SHA256, TLS_ECDHE_RSA_WITH_AES_128_GCM_SHA256, TLS_DHE_RSA_WITH_AES_256_GCM_SHA384, TLS_DHE_RSA_WITH_CHACHA20_POLY1305_SHA256, TLS_DHE_DSS_WITH_AES_256_GCM_SHA384, TLS_DHE_RSA_WITH_AES_128_GCM_SHA256, TLS_DHE_DSS_WITH_AES_128_GCM_SHA256, TLS_ECDHE_ECDSA_WITH_AES_256_CBC_SHA384, TLS_ECDHE_RSA_WITH_AES_256_CBC_SHA384, TLS_ECDHE_ECDSA_WITH_AES_128_CBC_SHA256, TLS_ECDHE_RSA_WITH_AES_128_CBC_SHA256, TLS_DHE_RSA_WITH_AES_256_CBC_SHA256, TLS_DHE_DSS_WITH_AES_256_CBC_SHA256, TLS_DHE_RSA_WITH_AES_128_CBC_SHA256, TLS_DHE_DSS_WITH_AES_128_CBC_SHA256, TLS_ECDH_ECDSA_WITH_AES_256_GCM_SHA384, TLS_ECDH_RSA_WITH_AES_256_GCM_SHA384, TLS_ECDH_ECDSA_WITH_AES_128_GCM_SHA256, TLS_ECDH_RSA_WITH_AES_128_GCM_SHA256, TLS_ECDH_ECDSA_WITH_AES_256_CBC_SHA384, TLS_ECDH_RSA_WITH_AES_256_CBC_SHA384, TLS_ECDH_ECDSA_WITH_AES_128_CBC_SHA256, TLS_ECDH_RSA_WITH_AES_128_CBC_SHA256, TLS_ECDHE_ECDSA_WITH_AES_256_CBC_SHA, TLS_ECDHE_RSA_WITH_AES_256_CBC_SHA, TLS_ECDHE_ECDSA_WITH_AES_128_CBC_SHA, TLS_ECDHE_RSA_WITH_AES_128_CBC_SHA, TLS_DHE_RSA_WITH_AES_256_CBC_SHA, TLS_DHE_DSS_WITH_AES_256_CBC_SHA, TLS_DHE_RSA_WITH_AES_128_CBC_SHA, TLS_DHE_DSS_WITH_AES_128_CBC_SHA, TLS_ECDH_ECDSA_WITH_AES_256_CBC_SHA, TLS_ECDH_RSA_WITH_AES_256_CBC_SHA, TLS_ECDH_ECDSA_WITH_AES_128_CBC_SHA, TLS_ECDH_RSA_WITH_AES_128_CBC_SHA, TLS_RSA_WITH_AES_256_GCM_SHA384, TLS_RSA_WITH_AES_128_GCM_SHA256, TLS_RSA_WITH_AES_256_CBC_SHA256, TLS_RSA_WITH_AES_128_CBC_SHA256, TLS_RSA_WITH_AES_256_CBC_SHA, TLS_RSA_WITH_AES_128_CBC_SHA, TLS_EMPTY_RENEGOTIATION_INFO_SCSV]
11:49:30.133 [main] DEBUG org.apache.hc.client5.http.ssl.SSLConnectionSocketFactory -- Starting handshake (null)
11:49:30.160 [main] DEBUG org.apache.hc.client5.http.ssl.SSLConnectionSocketFactory -- Secure session established
11:49:30.160 [main] DEBUG org.apache.hc.client5.http.ssl.SSLConnectionSocketFactory --  negotiated protocol: TLSv1.3
11:49:30.160 [main] DEBUG org.apache.hc.client5.http.ssl.SSLConnectionSocketFactory --  negotiated cipher suite: TLS_AES_128_GCM_SHA256
11:49:30.160 [main] DEBUG org.apache.hc.client5.http.ssl.SSLConnectionSocketFactory --  peer principal: CN=*.github.io, O="GitHub, Inc.", L=San Francisco, ST=California, C=US
11:49:30.160 [main] DEBUG org.apache.hc.client5.http.ssl.SSLConnectionSocketFactory --  peer alternative names: [*.github.io, github.io, *.github.com, github.com, www.github.com, *.githubusercontent.com, githubusercontent.com]
11:49:30.160 [main] DEBUG org.apache.hc.client5.http.ssl.SSLConnectionSocketFactory --  issuer principal: CN=DigiCert TLS RSA SHA256 2020 CA1, O=DigiCert Inc, C=US
11:49:30.160 [main] DEBUG org.apache.hc.client5.http.impl.io.DefaultManagedHttpClientConnection -- http-outgoing-29 set socket timeout to 3 MINUTES
11:49:30.160 [main] DEBUG org.apache.hc.client5.http.impl.io.DefaultHttpClientConnectionOperator -- raw.githubusercontent.com:443 connected null->raw.githubusercontent.com/185.199.111.133:443 as http-outgoing-29
11:49:30.160 [main] DEBUG org.apache.hc.client5.http.impl.io.PoolingHttpClientConnectionManager -- ep-0000000048 connected http-outgoing-29
11:49:30.160 [main] DEBUG org.apache.hc.client5.http.impl.classic.InternalHttpClient -- ep-0000000048 endpoint connected
11:49:30.160 [main] DEBUG org.apache.hc.client5.http.impl.classic.MainClientExec -- ex-0000000048 executing GET /bonigarcia/webdrivermanager/master/src/main/resources/commands.properties HTTP/1.1
11:49:30.160 [main] DEBUG org.apache.hc.client5.http.protocol.RequestAddCookies -- ex-0000000048 Cookie spec selected: strict
11:49:30.160 [main] DEBUG org.apache.hc.client5.http.impl.classic.InternalHttpClient -- ep-0000000048 start execution ex-0000000048
11:49:30.160 [main] DEBUG org.apache.hc.client5.http.impl.io.PoolingHttpClientConnectionManager -- ep-0000000048 executing exchange ex-0000000048 over http-outgoing-29
11:49:30.160 [main] DEBUG org.apache.hc.client5.http.headers -- http-outgoing-29 >> GET /bonigarcia/webdrivermanager/master/src/main/resources/commands.properties HTTP/1.1
11:49:30.160 [main] DEBUG org.apache.hc.client5.http.headers -- http-outgoing-29 >> user-agent: Apache-HttpClient/5.0
11:49:30.160 [main] DEBUG org.apache.hc.client5.http.headers -- http-outgoing-29 >> accept-encoding: gzip, deflate, br
11:49:30.160 [main] DEBUG org.apache.hc.client5.http.headers -- http-outgoing-29 >> cache-control: max-age=0
11:49:30.160 [main] DEBUG org.apache.hc.client5.http.headers -- http-outgoing-29 >> connection: keep-alive
11:49:30.160 [main] DEBUG org.apache.hc.client5.http.headers -- http-outgoing-29 >> Host: raw.githubusercontent.com
11:49:30.160 [main] DEBUG org.apache.hc.client5.http.wire -- http-outgoing-29 >> "GET /bonigarcia/webdrivermanager/master/src/main/resources/commands.properties HTTP/1.1[\r][\n]"
11:49:30.160 [main] DEBUG org.apache.hc.client5.http.wire -- http-outgoing-29 >> "user-agent: Apache-HttpClient/5.0[\r][\n]"
11:49:30.160 [main] DEBUG org.apache.hc.client5.http.wire -- http-outgoing-29 >> "accept-encoding: gzip, deflate, br[\r][\n]"
11:49:30.160 [main] DEBUG org.apache.hc.client5.http.wire -- http-outgoing-29 >> "cache-control: max-age=0[\r][\n]"
11:49:30.160 [main] DEBUG org.apache.hc.client5.http.wire -- http-outgoing-29 >> "connection: keep-alive[\r][\n]"
11:49:30.160 [main] DEBUG org.apache.hc.client5.http.wire -- http-outgoing-29 >> "Host: raw.githubusercontent.com[\r][\n]"
11:49:30.160 [main] DEBUG org.apache.hc.client5.http.wire -- http-outgoing-29 >> "[\r][\n]"
11:49:30.181 [main] DEBUG org.apache.hc.client5.http.wire -- http-outgoing-29 << "HTTP/1.1 200 OK[\r][\n]"
11:49:30.181 [main] DEBUG org.apache.hc.client5.http.wire -- http-outgoing-29 << "Connection: keep-alive[\r][\n]"
11:49:30.181 [main] DEBUG org.apache.hc.client5.http.wire -- http-outgoing-29 << "Content-Length: 723[\r][\n]"
11:49:30.181 [main] DEBUG org.apache.hc.client5.http.wire -- http-outgoing-29 << "Cache-Control: max-age=300[\r][\n]"
11:49:30.181 [main] DEBUG org.apache.hc.client5.http.wire -- http-outgoing-29 << "Content-Security-Policy: default-src 'none'; style-src 'unsafe-inline'; sandbox[\r][\n]"
11:49:30.181 [main] DEBUG org.apache.hc.client5.http.wire -- http-outgoing-29 << "Content-Type: text/plain; charset=utf-8[\r][\n]"
11:49:30.181 [main] DEBUG org.apache.hc.client5.http.wire -- http-outgoing-29 << "ETag: W/"e82b438271e9e8680c688b0b680efd0bdd22faa6d6f0a32fc1fd8accc486b67e"[\r][\n]"
11:49:30.181 [main] DEBUG org.apache.hc.client5.http.wire -- http-outgoing-29 << "Strict-Transport-Security: max-age=31536000[\r][\n]"
11:49:30.181 [main] DEBUG org.apache.hc.client5.http.wire -- http-outgoing-29 << "X-Content-Type-Options: nosniff[\r][\n]"
11:49:30.181 [main] DEBUG org.apache.hc.client5.http.wire -- http-outgoing-29 << "X-Frame-Options: deny[\r][\n]"
11:49:30.181 [main] DEBUG org.apache.hc.client5.http.wire -- http-outgoing-29 << "X-XSS-Protection: 1; mode=block[\r][\n]"
11:49:30.181 [main] DEBUG org.apache.hc.client5.http.wire -- http-outgoing-29 << "X-GitHub-Request-Id: D6C0:23986A:25619:36F2A:65B05D65[\r][\n]"
11:49:30.181 [main] DEBUG org.apache.hc.client5.http.wire -- http-outgoing-29 << "Content-Encoding: gzip[\r][\n]"
11:49:30.181 [main] DEBUG org.apache.hc.client5.http.wire -- http-outgoing-29 << "Accept-Ranges: bytes[\r][\n]"
11:49:30.181 [main] DEBUG org.apache.hc.client5.http.wire -- http-outgoing-29 << "Date: Mon, 12 Feb 2024 04:49:30 GMT[\r][\n]"
11:49:30.181 [main] DEBUG org.apache.hc.client5.http.wire -- http-outgoing-29 << "Via: 1.1 varnish[\r][\n]"
11:49:30.181 [main] DEBUG org.apache.hc.client5.http.wire -- http-outgoing-29 << "X-Served-By: cache-qpg1267-QPG[\r][\n]"
11:49:30.181 [main] DEBUG org.apache.hc.client5.http.wire -- http-outgoing-29 << "X-Cache: HIT[\r][\n]"
11:49:30.181 [main] DEBUG org.apache.hc.client5.http.wire -- http-outgoing-29 << "X-Cache-Hits: 1[\r][\n]"
11:49:30.181 [main] DEBUG org.apache.hc.client5.http.wire -- http-outgoing-29 << "X-Timer: S1707713370.240252,VS0,VE1[\r][\n]"
11:49:30.181 [main] DEBUG org.apache.hc.client5.http.wire -- http-outgoing-29 << "Vary: Authorization,Accept-Encoding,Origin[\r][\n]"
11:49:30.181 [main] DEBUG org.apache.hc.client5.http.wire -- http-outgoing-29 << "Access-Control-Allow-Origin: *[\r][\n]"
11:49:30.181 [main] DEBUG org.apache.hc.client5.http.wire -- http-outgoing-29 << "Cross-Origin-Resource-Policy: cross-origin[\r][\n]"
11:49:30.181 [main] DEBUG org.apache.hc.client5.http.wire -- http-outgoing-29 << "X-Fastly-Request-ID: c204a602ad352ce7ae71a89fdab7b5e1ffd6f214[\r][\n]"
11:49:30.181 [main] DEBUG org.apache.hc.client5.http.wire -- http-outgoing-29 << "Expires: Mon, 12 Feb 2024 04:54:30 GMT[\r][\n]"
11:49:30.181 [main] DEBUG org.apache.hc.client5.http.wire -- http-outgoing-29 << "Source-Age: 105[\r][\n]"
11:49:30.181 [main] DEBUG org.apache.hc.client5.http.wire -- http-outgoing-29 << "[\r][\n]"
11:49:30.181 [main] DEBUG org.apache.hc.client5.http.headers -- http-outgoing-29 << HTTP/1.1 200 OK
11:49:30.181 [main] DEBUG org.apache.hc.client5.http.headers -- http-outgoing-29 << Connection: keep-alive
11:49:30.181 [main] DEBUG org.apache.hc.client5.http.headers -- http-outgoing-29 << Content-Length: 723
11:49:30.181 [main] DEBUG org.apache.hc.client5.http.headers -- http-outgoing-29 << Cache-Control: max-age=300
11:49:30.181 [main] DEBUG org.apache.hc.client5.http.headers -- http-outgoing-29 << Content-Security-Policy: default-src 'none'; style-src 'unsafe-inline'; sandbox
11:49:30.181 [main] DEBUG org.apache.hc.client5.http.headers -- http-outgoing-29 << Content-Type: text/plain; charset=utf-8
11:49:30.181 [main] DEBUG org.apache.hc.client5.http.headers -- http-outgoing-29 << ETag: W/"e82b438271e9e8680c688b0b680efd0bdd22faa6d6f0a32fc1fd8accc486b67e"
11:49:30.181 [main] DEBUG org.apache.hc.client5.http.headers -- http-outgoing-29 << Strict-Transport-Security: max-age=31536000
11:49:30.181 [main] DEBUG org.apache.hc.client5.http.headers -- http-outgoing-29 << X-Content-Type-Options: nosniff
11:49:30.181 [main] DEBUG org.apache.hc.client5.http.headers -- http-outgoing-29 << X-Frame-Options: deny
11:49:30.181 [main] DEBUG org.apache.hc.client5.http.headers -- http-outgoing-29 << X-XSS-Protection: 1; mode=block
11:49:30.181 [main] DEBUG org.apache.hc.client5.http.headers -- http-outgoing-29 << X-GitHub-Request-Id: D6C0:23986A:25619:36F2A:65B05D65
11:49:30.181 [main] DEBUG org.apache.hc.client5.http.headers -- http-outgoing-29 << Content-Encoding: gzip
11:49:30.181 [main] DEBUG org.apache.hc.client5.http.headers -- http-outgoing-29 << Accept-Ranges: bytes
11:49:30.181 [main] DEBUG org.apache.hc.client5.http.headers -- http-outgoing-29 << Date: Mon, 12 Feb 2024 04:49:30 GMT
11:49:30.181 [main] DEBUG org.apache.hc.client5.http.headers -- http-outgoing-29 << Via: 1.1 varnish
11:49:30.181 [main] DEBUG org.apache.hc.client5.http.headers -- http-outgoing-29 << X-Served-By: cache-qpg1267-QPG
11:49:30.181 [main] DEBUG org.apache.hc.client5.http.headers -- http-outgoing-29 << X-Cache: HIT
11:49:30.181 [main] DEBUG org.apache.hc.client5.http.headers -- http-outgoing-29 << X-Cache-Hits: 1
11:49:30.181 [main] DEBUG org.apache.hc.client5.http.headers -- http-outgoing-29 << X-Timer: S1707713370.240252,VS0,VE1
11:49:30.181 [main] DEBUG org.apache.hc.client5.http.headers -- http-outgoing-29 << Vary: Authorization,Accept-Encoding,Origin
11:49:30.181 [main] DEBUG org.apache.hc.client5.http.headers -- http-outgoing-29 << Access-Control-Allow-Origin: *
11:49:30.181 [main] DEBUG org.apache.hc.client5.http.headers -- http-outgoing-29 << Cross-Origin-Resource-Policy: cross-origin
11:49:30.181 [main] DEBUG org.apache.hc.client5.http.headers -- http-outgoing-29 << X-Fastly-Request-ID: c204a602ad352ce7ae71a89fdab7b5e1ffd6f214
11:49:30.181 [main] DEBUG org.apache.hc.client5.http.headers -- http-outgoing-29 << Expires: Mon, 12 Feb 2024 04:54:30 GMT
11:49:30.181 [main] DEBUG org.apache.hc.client5.http.headers -- http-outgoing-29 << Source-Age: 105
11:49:30.181 [main] DEBUG org.apache.hc.client5.http.impl.classic.MainClientExec -- ex-0000000048 connection can be kept alive for 3 MINUTES
11:49:30.181 [main] DEBUG org.apache.hc.client5.http.wire -- http-outgoing-29 << "[0x1f][0xffffff8b][0x8][0x0][0x0][0x0][0x0][0x0][0x0][0x3][0xffffffb5]V]o[0xffffffda]0[0x14]}[0xffffffe7]W\[0xffffff81]*[0xffffffb5][0x12][0x1f][[M[0xffffffd3]$[0x1e]hF[0xffffffbb]i [0x18][0xffffffb4][0xffffffdd]&[0xfffffff9][0xffffffc5]$7[0xffffffc1]R[0x12]#;[0xffffff94]v[0xffffffbf]~[0xffffffb6][0xfffffff3]1[0xffffff92][0xffffff9a][0xffffffc1][0x1a]x[0xffffffcb][0xffffffb5][0xffffffaf][0xffffffcf]9[0xffffffbe][0xfffffff7]8v[0xb][0x1c][0x1e]E4[0xfffffff6]$x4[0xffffffa1][0xb]*[0xffffffb1][0xffffffd1][0xffffff82][0xfffffffb]%[0xffffff93][0xffffffe0][0xffffffb3][0x10][0xffffffc1][0xffffffe5]qBY,!Y[0xffffffea] KM8,[0x10][0xfffffff0][0x19][0xffffffdd]u[0xffffff82][0x1e][0xffffffb0][0xffffffd8]L[0xffffffcb]%[0xffffff86][0xffffffa1][0xe][0xffffffb8][0xfffffff0]P[0xffffffe8]$[0xf][0x13]t[0x13]3[0xfffffff9][0xffffff84]B2[0xffffffae][0xffffffe6]|@[0xfffffff5][0x1d][0x8][0xffffffc4][0x18][0x16][0xffffff82]o[0xffffffa4][0xffffff9a]P[0xffffff94][0xffffffe7][0xffffffce]R[0xfffffff0][0x8][0xffffffdb]p[0xffffffcb][0x4][0xfffffffa][0xfffffffc][0xffffffb9][\r][0xffffff93][0x15][\n]"
11:49:30.181 [main] DEBUG org.apache.hc.client5.http.wire -- http-outgoing-29 << "[0xffffffda][0xffffff86][0xffffffa1][0x17][0xffffffa8]Q3[0xffffffcb][0xffffffd6][0xffffffd1][0xffffff85][0xffffffc6][0xfffffff7][0xffffff98][0xffffffef][0xffffffa3][0xffffffc0]8[0x1][0xffffffae]s[0x12][0x16][0x7] _d[0xffffff82][0xffffff91][0xffffff84][0xfffffff3][0x1f],[0xfffffff6][0x14]j[0x1b]F,^+[0xffffff98]1ua2[0xffffffbf]h([0xffffff8e][0xffffff94][0xffffffa2][0xffffff91]m[0xffffffa3][0xffffffeb][0xffffff9a][0xffffffb0][0xffffffbb]I[0x17]t[0xffffffdf][0xffffffbd][0xffffffef][0xffffffbb][0xffffff91][0xffffffd7]U[0xffffffbb][0xffffff82][0xffffff9e][0x3][0xffffff9b][0xffffff88][0xffffffb9][0xffffffa6]$[0xffffffa6][0xc][0xffffff9b][0xffffffa5][0xffffffe2][0xffffff83][0xffffff98]F[0xffffffd8]o[0xffffff9e]Mg[0xffffff93][0xffffffbb][0xffffffd9]`|[0xfffffffb]u4[0xffffff9c][0x7f]"}B[0xffffffce][0x8][0xffffffb9][0xffffffe3]<[0x8][0xffffff91][0xffffff90][0xffffff94][0xffffff82][0xffffff90][0xffffffc1]j[0x15]2WI[0xffffffe3]1![0x19][0xffffff91]BnB[0xffffff80][0x9]<f[0xffffffb5][0xffffffe8]=[0xffffffd1]p[0xffffffbd][[0xffffffcf][0xffffffe5][0x1b][0xfffffff4][0xffffff9c][0xffffffff][0xfffffffc][0xfffffff8][0xffffffe1][0xffffffe2][0xffffff94][0xffffffa2][0xffffffae][0xe][0x14]5[0xffffff9a]8[0xffffff83][0xffffffd1]`:[0xfffffffd]<[0xffffffb8][0x1f][0xffffff9c]R[0xffffffcf]u[0x7f]6[0xffffffbc][0xffffff83][0xffffffef][0xf][0xffffffc3][0xffffffd9]/[0xfffffff8][0xfffffff2][0xffffffcd]y s[0xffffffee]'[0x1b]*0g[0xffffffcb][0xffffffc8]nF7H][0xffffff83][0xffffff97]{[0xffffffb1]Q[0x5][\r][0xffffffb5]c[0xffffffb4][0xf][0x2][0xffffffb3][0xffffffb4][0xffffff93][0xe]C[0xffffffa7][0xffffffb3]kAD][0xffffff9d][0xffffffde][0xffffffdb][0xffffffda][0xffffff88][0xffffffec][0xffffffa5][0xffffffbc][0xffffff99][0xffffffd9][0xffffffba]t[0xffffffb5][0xffffffea]9[0xffffffea][0x10])[0xffffffb7][0xffffffca][0xffffff9e][0xfffffff2][0xffffffe2]d^N[0xffffffd8]FW[0x16][0xffffffcd][0xffffffdc]_[0x10][0xfffffff9]i|[0x1c][0xffffff93][0xffffff8e][0xfffffff9]o[0x16][0xffffff86]4'!$G[0xffffffdf]W[0xfffffff4]W*j[[0xfffffff3]xR[0xffffffae][0xffffffb6][0xc][0xffffffd0],; #[0xffffffa9][0xffffff92]5[0xffffffb5][0x7][0xffffff9c][0xffffffb5][0xffffffd0][0x7f][0xffffff90][0xffffffc7]jgs[0xfffffffc][0xffffffc2][0xb][0xffffffd9][0x0]t[0xffffff9e]^'Y[0xfffffffb][0xffffff9f][0xffffffb1][0xffffffd8]:[0xffffffbf][0xffffff8d][0xffffffa5][0xffffff9a][0xffffffad][0x7f]m[0x5]&[0xffffffaa][0xffffffa0]^[0xffffff9b][0xffffffcb][0x5]f[0xffffffae][0xffffffe0]RU[0xffffff82][0x10]MS9l[0xffffff91]4t[0xfffffffb][0xffffff8a]][0xffffffd6][0xfffffff4][0xffffff96][0xffffffa6][0xffffff9f]P[0xffffffce][0xffffffd5][0xffffffce][0xffffff93][0xffffffff][0xffffff97][0xffffffcc]p[0xfffffffd][0xfffffff3][0xffffffe8][0x1b][0xffffffcc][0xffffffa2][0xffffffd9]Q[0xffffffbe][0xffffffb2][0xffffffa3][0xffffffc7]m'[0xffffffdf][0xffffffe4][[0xfffffffb]^[0xffffffb0][0xffffff9a][0xffffffbe][0xffffffda][0xffffffda]_[0xffffffce][0xffffff80][0xffffffd2][0xffffffc1]7[0xffffffb7]][0xffffffc1]b[0xffffffee][0xffffffb5][0xffffffff]w[0xffffff83][0xffffffed][0xffffffa7];[0x15]<[0x10]4[0xffffff92][0xffffff84][0x18][\n]"
11:49:30.181 [main] DEBUG org.apache.hc.client5.http.wire -- http-outgoing-29 << "BB[0xffffffba][0xffffff8e]][0xffffffb5]jo[0xffffffb9]+"[0xffffffea][0xffffffb4][0xffffffff]h"[0xffffffea]\?5[0xffffffa9][0xffffffaf]k[0xffffffec][0xffffffff]P[0xffffffea][\n]"
11:49:30.181 [main] DEBUG org.apache.hc.client5.http.wire -- http-outgoing-29 << "w[0xffffffe1]K[0x13][0xffffffda][0xffffffec][0xffffff98][0xffffffe6]Y[0xfffffffd]h8m6[0xffffff9c]T[0xffffffc1][0xfffffff2][0xffffffa7][0xffffff91]z_[0xffffff95]o85p[0x1c][0x13][0xffffffe6][0xfffffff0]5[0xffffffee][0xfffffffc][0xffffff92][0xffffff96][0xffffffda][0xfffffff7][0xffffffcf][0xffffffb1][0x5][0x1d][0xffffffea]K[0xffffff9b]9[0xffffff8e][0xffffffad]e[0xfffffff7][0xffffff93][0xffffffa8]`[0xffffffda][0xffffffff][0x1a][0xffffffd2][0xffffff88][0xffffff85][0xfffffffd][0xfffffff2][0xffffff91]N[0xfffffff6]`[0xffffffdf]2[0xffffffcf][0xffffffae]E[0xffffff97][0xffffffc5][0xffffffa2][0xffffff9d][0xffffffef]'[0xffffff9d]mun.[0xffffffd3]f^[0xffffffc7][0xffffff82][0xffffffda][0xffffff82]9[0xfffffff5][0xffffffa9]`[0x5][0xffffffbc]4[0xffffffa1][0x1d]<M[0xffffffb5]A[0xffffffa7]3[[0xffffffc0][0x7f][0x0][0xffffffc1][0xffffffd0]$[0xffffff85][0x1d][\r][0x0][0x0]"
11:49:30.181 [main] DEBUG org.apache.hc.client5.http.impl.classic.InternalHttpClient -- ep-0000000048 releasing valid endpoint
11:49:30.181 [main] DEBUG org.apache.hc.client5.http.impl.io.PoolingHttpClientConnectionManager -- ep-0000000048 releasing endpoint
11:49:30.181 [main] DEBUG org.apache.hc.client5.http.impl.io.PoolingHttpClientConnectionManager -- ep-0000000048 connection http-outgoing-29 can be kept alive for 3 MINUTES
11:49:30.181 [main] DEBUG org.apache.hc.client5.http.impl.io.PoolingHttpClientConnectionManager -- ep-0000000048 connection released [route: {s}->https://raw.githubusercontent.com:443][total available: 2; route allocated: 1 of 5; total allocated: 3 of 25]
11:49:30.181 [main] DEBUG io.github.bonigarcia.wdm.versions.VersionDetector -- Detecting chrome version using online commands.properties
11:49:30.181 [main] DEBUG io.github.bonigarcia.wdm.versions.Shell -- Running command on the shell: [/Applications/Google Chrome.app/Contents/MacOS/Google Chrome, --version]
11:49:30.215 [main] DEBUG io.github.bonigarcia.wdm.versions.Shell -- Result: Google Chrome 121.0.6167.160
11:49:30.215 [main] DEBUG io.github.bonigarcia.wdm.versions.VersionDetector -- Getting driver version for chrome121 from online versions.properties
11:49:30.215 [main] DEBUG org.apache.hc.client5.http.impl.classic.InternalHttpClient -- ex-0000000049 preparing request execution
11:49:30.215 [main] DEBUG org.apache.hc.client5.http.impl.classic.ProtocolExec -- ex-0000000049 target auth state: UNCHALLENGED
11:49:30.215 [main] DEBUG org.apache.hc.client5.http.impl.classic.ProtocolExec -- ex-0000000049 proxy auth state: UNCHALLENGED
11:49:30.215 [main] DEBUG org.apache.hc.client5.http.impl.classic.ConnectExec -- ex-0000000049 acquiring connection with route {s}->https://raw.githubusercontent.com:443
11:49:30.215 [main] DEBUG org.apache.hc.client5.http.impl.classic.InternalHttpClient -- ex-0000000049 acquiring endpoint (3 MINUTES)
11:49:30.215 [main] DEBUG org.apache.hc.client5.http.impl.io.PoolingHttpClientConnectionManager -- ex-0000000049 endpoint lease request (3 MINUTES) [route: {s}->https://raw.githubusercontent.com:443][total available: 2; route allocated: 1 of 5; total allocated: 3 of 25]
11:49:30.215 [main] DEBUG org.apache.hc.client5.http.impl.io.PoolingHttpClientConnectionManager -- ex-0000000049 endpoint leased [route: {s}->https://raw.githubusercontent.com:443][total available: 1; route allocated: 1 of 5; total allocated: 3 of 25]
11:49:30.215 [main] DEBUG org.apache.hc.client5.http.impl.io.PoolingHttpClientConnectionManager -- ex-0000000049 acquired ep-0000000049
11:49:30.215 [main] DEBUG org.apache.hc.client5.http.impl.classic.InternalHttpClient -- ex-0000000049 acquired endpoint ep-0000000049
11:49:30.215 [main] DEBUG org.apache.hc.client5.http.impl.classic.MainClientExec -- ex-0000000049 executing GET /bonigarcia/webdrivermanager/master/src/main/resources/versions.properties HTTP/1.1
11:49:30.215 [main] DEBUG org.apache.hc.client5.http.protocol.RequestAddCookies -- ex-0000000049 Cookie spec selected: strict
11:49:30.215 [main] DEBUG org.apache.hc.client5.http.impl.classic.InternalHttpClient -- ep-0000000049 start execution ex-0000000049
11:49:30.215 [main] DEBUG org.apache.hc.client5.http.impl.io.PoolingHttpClientConnectionManager -- ep-0000000049 executing exchange ex-0000000049 over http-outgoing-29
11:49:30.215 [main] DEBUG org.apache.hc.client5.http.headers -- http-outgoing-29 >> GET /bonigarcia/webdrivermanager/master/src/main/resources/versions.properties HTTP/1.1
11:49:30.215 [main] DEBUG org.apache.hc.client5.http.headers -- http-outgoing-29 >> user-agent: Apache-HttpClient/5.0
11:49:30.215 [main] DEBUG org.apache.hc.client5.http.headers -- http-outgoing-29 >> accept-encoding: gzip, deflate, br
11:49:30.215 [main] DEBUG org.apache.hc.client5.http.headers -- http-outgoing-29 >> cache-control: max-age=0
11:49:30.215 [main] DEBUG org.apache.hc.client5.http.headers -- http-outgoing-29 >> connection: keep-alive
11:49:30.215 [main] DEBUG org.apache.hc.client5.http.headers -- http-outgoing-29 >> Host: raw.githubusercontent.com
11:49:30.215 [main] DEBUG org.apache.hc.client5.http.wire -- http-outgoing-29 >> "GET /bonigarcia/webdrivermanager/master/src/main/resources/versions.properties HTTP/1.1[\r][\n]"
11:49:30.215 [main] DEBUG org.apache.hc.client5.http.wire -- http-outgoing-29 >> "user-agent: Apache-HttpClient/5.0[\r][\n]"
11:49:30.215 [main] DEBUG org.apache.hc.client5.http.wire -- http-outgoing-29 >> "accept-encoding: gzip, deflate, br[\r][\n]"
11:49:30.215 [main] DEBUG org.apache.hc.client5.http.wire -- http-outgoing-29 >> "cache-control: max-age=0[\r][\n]"
11:49:30.215 [main] DEBUG org.apache.hc.client5.http.wire -- http-outgoing-29 >> "connection: keep-alive[\r][\n]"
11:49:30.215 [main] DEBUG org.apache.hc.client5.http.wire -- http-outgoing-29 >> "Host: raw.githubusercontent.com[\r][\n]"
11:49:30.215 [main] DEBUG org.apache.hc.client5.http.wire -- http-outgoing-29 >> "[\r][\n]"
11:49:30.235 [main] DEBUG org.apache.hc.client5.http.wire -- http-outgoing-29 << "HTTP/1.1 200 OK[\r][\n]"
11:49:30.235 [main] DEBUG org.apache.hc.client5.http.wire -- http-outgoing-29 << "Connection: keep-alive[\r][\n]"
11:49:30.235 [main] DEBUG org.apache.hc.client5.http.wire -- http-outgoing-29 << "Content-Length: 1667[\r][\n]"
11:49:30.235 [main] DEBUG org.apache.hc.client5.http.wire -- http-outgoing-29 << "Cache-Control: max-age=300[\r][\n]"
11:49:30.235 [main] DEBUG org.apache.hc.client5.http.wire -- http-outgoing-29 << "Content-Security-Policy: default-src 'none'; style-src 'unsafe-inline'; sandbox[\r][\n]"
11:49:30.235 [main] DEBUG org.apache.hc.client5.http.wire -- http-outgoing-29 << "Content-Type: text/plain; charset=utf-8[\r][\n]"
11:49:30.235 [main] DEBUG org.apache.hc.client5.http.wire -- http-outgoing-29 << "ETag: W/"2b63ea7ea7667d0729e9d848d780e58af4f6d237cb562369e48d53971ddfa6c5"[\r][\n]"
11:49:30.235 [main] DEBUG org.apache.hc.client5.http.wire -- http-outgoing-29 << "Strict-Transport-Security: max-age=31536000[\r][\n]"
11:49:30.235 [main] DEBUG org.apache.hc.client5.http.wire -- http-outgoing-29 << "X-Content-Type-Options: nosniff[\r][\n]"
11:49:30.235 [main] DEBUG org.apache.hc.client5.http.wire -- http-outgoing-29 << "X-Frame-Options: deny[\r][\n]"
11:49:30.235 [main] DEBUG org.apache.hc.client5.http.wire -- http-outgoing-29 << "X-XSS-Protection: 1; mode=block[\r][\n]"
11:49:30.235 [main] DEBUG org.apache.hc.client5.http.wire -- http-outgoing-29 << "X-GitHub-Request-Id: D6D6:22FCA9:24D88:36DD7:65B05DDF[\r][\n]"
11:49:30.235 [main] DEBUG org.apache.hc.client5.http.wire -- http-outgoing-29 << "Content-Encoding: gzip[\r][\n]"
11:49:30.235 [main] DEBUG org.apache.hc.client5.http.wire -- http-outgoing-29 << "Accept-Ranges: bytes[\r][\n]"
11:49:30.235 [main] DEBUG org.apache.hc.client5.http.wire -- http-outgoing-29 << "Date: Mon, 12 Feb 2024 04:49:30 GMT[\r][\n]"
11:49:30.235 [main] DEBUG org.apache.hc.client5.http.wire -- http-outgoing-29 << "Via: 1.1 varnish[\r][\n]"
11:49:30.235 [main] DEBUG org.apache.hc.client5.http.wire -- http-outgoing-29 << "X-Served-By: cache-qpg1267-QPG[\r][\n]"
11:49:30.235 [main] DEBUG org.apache.hc.client5.http.wire -- http-outgoing-29 << "X-Cache: HIT[\r][\n]"
11:49:30.235 [main] DEBUG org.apache.hc.client5.http.wire -- http-outgoing-29 << "X-Cache-Hits: 1[\r][\n]"
11:49:30.235 [main] DEBUG org.apache.hc.client5.http.wire -- http-outgoing-29 << "X-Timer: S1707713370.295114,VS0,VE1[\r][\n]"
11:49:30.235 [main] DEBUG org.apache.hc.client5.http.wire -- http-outgoing-29 << "Vary: Authorization,Accept-Encoding,Origin[\r][\n]"
11:49:30.235 [main] DEBUG org.apache.hc.client5.http.wire -- http-outgoing-29 << "Access-Control-Allow-Origin: *[\r][\n]"
11:49:30.235 [main] DEBUG org.apache.hc.client5.http.wire -- http-outgoing-29 << "Cross-Origin-Resource-Policy: cross-origin[\r][\n]"
11:49:30.235 [main] DEBUG org.apache.hc.client5.http.wire -- http-outgoing-29 << "X-Fastly-Request-ID: 72f568f27112224752aa111f5d3542a1d6b0d6b4[\r][\n]"
11:49:30.235 [main] DEBUG org.apache.hc.client5.http.wire -- http-outgoing-29 << "Expires: Mon, 12 Feb 2024 04:54:30 GMT[\r][\n]"
11:49:30.235 [main] DEBUG org.apache.hc.client5.http.wire -- http-outgoing-29 << "Source-Age: 198[\r][\n]"
11:49:30.235 [main] DEBUG org.apache.hc.client5.http.wire -- http-outgoing-29 << "[\r][\n]"
11:49:30.236 [main] DEBUG org.apache.hc.client5.http.headers -- http-outgoing-29 << HTTP/1.1 200 OK
11:49:30.236 [main] DEBUG org.apache.hc.client5.http.headers -- http-outgoing-29 << Connection: keep-alive
11:49:30.236 [main] DEBUG org.apache.hc.client5.http.headers -- http-outgoing-29 << Content-Length: 1667
11:49:30.236 [main] DEBUG org.apache.hc.client5.http.headers -- http-outgoing-29 << Cache-Control: max-age=300
11:49:30.236 [main] DEBUG org.apache.hc.client5.http.headers -- http-outgoing-29 << Content-Security-Policy: default-src 'none'; style-src 'unsafe-inline'; sandbox
11:49:30.236 [main] DEBUG org.apache.hc.client5.http.headers -- http-outgoing-29 << Content-Type: text/plain; charset=utf-8
11:49:30.236 [main] DEBUG org.apache.hc.client5.http.headers -- http-outgoing-29 << ETag: W/"2b63ea7ea7667d0729e9d848d780e58af4f6d237cb562369e48d53971ddfa6c5"
11:49:30.236 [main] DEBUG org.apache.hc.client5.http.headers -- http-outgoing-29 << Strict-Transport-Security: max-age=31536000
11:49:30.236 [main] DEBUG org.apache.hc.client5.http.headers -- http-outgoing-29 << X-Content-Type-Options: nosniff
11:49:30.236 [main] DEBUG org.apache.hc.client5.http.headers -- http-outgoing-29 << X-Frame-Options: deny
11:49:30.236 [main] DEBUG org.apache.hc.client5.http.headers -- http-outgoing-29 << X-XSS-Protection: 1; mode=block
11:49:30.236 [main] DEBUG org.apache.hc.client5.http.headers -- http-outgoing-29 << X-GitHub-Request-Id: D6D6:22FCA9:24D88:36DD7:65B05DDF
11:49:30.236 [main] DEBUG org.apache.hc.client5.http.headers -- http-outgoing-29 << Content-Encoding: gzip
11:49:30.236 [main] DEBUG org.apache.hc.client5.http.headers -- http-outgoing-29 << Accept-Ranges: bytes
11:49:30.236 [main] DEBUG org.apache.hc.client5.http.headers -- http-outgoing-29 << Date: Mon, 12 Feb 2024 04:49:30 GMT
11:49:30.236 [main] DEBUG org.apache.hc.client5.http.headers -- http-outgoing-29 << Via: 1.1 varnish
11:49:30.236 [main] DEBUG org.apache.hc.client5.http.headers -- http-outgoing-29 << X-Served-By: cache-qpg1267-QPG
11:49:30.236 [main] DEBUG org.apache.hc.client5.http.headers -- http-outgoing-29 << X-Cache: HIT
11:49:30.236 [main] DEBUG org.apache.hc.client5.http.headers -- http-outgoing-29 << X-Cache-Hits: 1
11:49:30.236 [main] DEBUG org.apache.hc.client5.http.headers -- http-outgoing-29 << X-Timer: S1707713370.295114,VS0,VE1
11:49:30.236 [main] DEBUG org.apache.hc.client5.http.headers -- http-outgoing-29 << Vary: Authorization,Accept-Encoding,Origin
11:49:30.236 [main] DEBUG org.apache.hc.client5.http.headers -- http-outgoing-29 << Access-Control-Allow-Origin: *
11:49:30.236 [main] DEBUG org.apache.hc.client5.http.headers -- http-outgoing-29 << Cross-Origin-Resource-Policy: cross-origin
11:49:30.236 [main] DEBUG org.apache.hc.client5.http.headers -- http-outgoing-29 << X-Fastly-Request-ID: 72f568f27112224752aa111f5d3542a1d6b0d6b4
11:49:30.236 [main] DEBUG org.apache.hc.client5.http.headers -- http-outgoing-29 << Expires: Mon, 12 Feb 2024 04:54:30 GMT
11:49:30.236 [main] DEBUG org.apache.hc.client5.http.headers -- http-outgoing-29 << Source-Age: 198
11:49:30.236 [main] DEBUG org.apache.hc.client5.http.impl.classic.MainClientExec -- ex-0000000049 connection can be kept alive for 3 MINUTES
11:49:30.236 [main] DEBUG org.apache.hc.client5.http.wire -- http-outgoing-29 << "[0x1f][0xffffff8b][0x8][0x0][0x0][0x0][0x0][0x0][0x0][0x3][0xffffff8d][0xffffff97][0xffffffcb]n+7[0xc][0xffffff86][0xfffffff7]y[0xffffff8a][0x1][0xffffffba][0xffffffce]XWJ[\n]"
11:49:30.236 [main] DEBUG org.apache.hc.client5.http.wire -- http-outgoing-29 << "[0xffffffa0]M[0xffffffaf][0xffffffab][0xffffffa2][0xffffff8b][0xfffffff6][0x5]|[0xffffffec]I28[0xffffff8e]'[0xffffffb0][0xffffff9d][0xffffff93][0xffffff83]>}II[0xffffffd4][0xffffffc8][0xffffff9a][0x16][0xffffffe8][0xffffffc2]H[0xfffffff8][0xffffff8d]F")[\r][0xfffffff5][0xfffffff3][0xffffff87][0xffffffe1][0xffffffaf][0xffffffd7][0xfffffff9]:<[0xffffffcf][0xffffffa7]i8,[0xffffffe7][0xffffffdb]~>_[0xffffff87][0xffffffdb][0xffffffeb]4|=/[0xffffff9f][0xffffffe7][0xffffffe1]x[0xffffff99][0xffffffbf]M[0xffffff97][0x1][0x7f][0xffffffd7]y[0xffffffc1]'[0xffffff87][0xffffffe5][0xffffffed]}[0x7f][0xffffff9b][0xffffffbf][0xffffffe0][0xffffffe8][0xffffffcf][0xfffffff9][0xfffffff6][0xffffff9a]F[0x1e][0xffffff96][0xffffffcb]e[0xffffffba][0xffffffbe]/[0xffffffe7][0xffffffe3]|~[0x19][0xffffffbe]\[0xffffff96][0xffffffcf][0xffffffeb][0xfffffffa][0xffffffca][0xffffffc3][0xffffffc3][0xf][0xffffffc3][0xffffff8f][0x19]=[\r][0xffffffbf]-[0xffffffcb][0xb][0xffffffbe][0xfffffff9][0xffffffd3][0xffffffeb]ey[0xffffff9b][0xffffff86][0xfffffffd][0xfffffff9][0xffffff98][0xffffffff][0xffffff9d]?[0xffffffde][0xffffff86][0xffffffc7][0xffffffe1][0xffffffe7][0xffffffb4][0xffffffd4][0xffffffd3]pHO[0xfffffff3][0xffffffc2][0xfffffff8][0xfffffff2][0xffffff9f][0xffffffcb][0xffffffc7][0xffffffe5]0=[\r][0xffffffaf][0xffffffb7][0xffffffdb][0xfffffffb][0xffffffd3]n[0xffffffd7]>[0x1d][0xf][0xffffffe5][0xffffffed]q[0xffffffb9][0xffffffbc][0xffffffec][0xffffff8e][0xffffffe8][0xffffffef]i[0xffffffd9][0x1f][0xffffffaf][0xf]y[0xffffff8c][0xffffff94]&[0xffffffe2]o[0x14][0xffffffa3]u[0xffffffda][0xffffff8e]AT[0xffffffae][0xffffff91]k[0xffffffe2][0xffffffe0][0xffffffd4][0x8][0xffffffba]r[0xffffff85]\%.[0xffffffed]hB[0xffffffe5][0x12][0xffffffb9]$nA[0xffffff8f]`*[0x17][0xffffffc8][0x5]q[0xffffffe3][0xffffffe5][0xffffffe8][0x1c]s[0x11]"[0xfffffffe][0x12][0xffffffc7][0xffffffe5]][0x1d]/<rO\[0xffffffdb]0:Y[0xffffffb9]C[0xffffffee][0x12][0x17]f[0x4]U9 [0x7][0xffffffe2][0xffffffca][0xffffff84][0x11][0xffffffd6][0xfffffff1][0x16][0xffffffb9]%.[0xffffff83][0xffffffc5][0xffffff87][0xffffff95]c[0xffffffbc]"[0xffffffc5]Ka[0xffffffb8][0xffffffea][0xffffffbf][0xffffffc0]xE[0xffffff8a]W[0xffffff80][0x18][0xffffffa5]^[0x1d][0xffffffc2][0xffffff80]E[\n]"
11:49:30.236 [main] DEBUG org.apache.hc.client5.http.wire -- http-outgoing-29 << "X[0xffffffe0]|[0xffffffcd][0x2][0x18][0xffffffb0][0xffffffa0][0xffffff80]M[0xffffffb0]r4+[0xffffffc7][0xffffff80][0x5][0x5]l|[0xffffff80][0x11]8[0xffffffa1]![0xffffffc4][0x10][0x12]5[0x6][0xffffffd7]f[0xffffffea]c[0xffffffa0]`[0xffffff8d][0xffffffb3]~[0xffffffc4]e[0x18][0xffffffbb][0x18](V[0x3]A[0xffffffad]9[0x8][0x10][0x3]$[\n]"
11:49:30.236 [main] DEBUG org.apache.hc.client5.http.wire -- http-outgoing-29 << "f4[0xffffff96][0xffffffa9][0xffffff8d][0xffffffc1]&[0xffffffaa][0xfffffffd][0x8][0x1c]O01[0xffffff98]D19[0xffffffb8][0xffffff91][0xffffff8c]u[0xc][0x14][0xffffffa4][0xffffffb1][0xffffffce][0xffffffad][0xffffff9b][0x1a]T[0xc]*Q[0xffffffdc]R[0xffffffcc]2c[0x19]C[\n]"
11:49:30.236 [main] DEBUG org.apache.hc.client5.http.wire -- http-outgoing-29 << "[0xffffffd0][0xffffffe0][0x9][0xffffffc0]X[0x19][0xffffff8b][0x18]R|F[0xffffff8b]Qq[0xffffff9e]|[0xffffff88]>[0xffffffc5][0xffffffa7][0xfffffff1][0xffffff8f][0xffffffe2][0xffffff99][0xffffffbd][0xffffff8f]>[0xffffffc5][0xffffffa7][0xffffff95][0x19][0x3]0u[0xffffffd1][0xffffffa7][0xfffffff0][0xffffff94][0x17][0xffffffa3][0xfffffff7]L![0xfffffffa][0x14][0xffffff9e]28/[0xffffffa7][0xffffffc2][0xffffffdb][0xffffffe8]Sx[0xffffffd2][0xffffffeb][0xffffffd1][0xffffffb3]k[0xffffffde]D[0xffffff9f][0xffffffc2][0xffffff93][0xffffffc6][0xffffff8d][0xffffff9a]s[0xffffffec]u[0xfffffff4]):[0xffffffda]I[0xffffffcd][0xffffffa9][0xfffffff0]2[0xfffffffa][0x14][0xffffff86][0xffffffc0][0xffffffcc]K][0xffffff97][0x13][0xffffffd1]S[0x18]:[0xffffffa0]/x[0xffffff84][\n]"
11:49:30.236 [main] DEBUG org.apache.hc.client5.http.wire -- http-outgoing-29 << "v![0xffffffba][0xffffff90][0xffffffb0][0xffffffb1][0xffffffa3][0xffffffae][0xffffffd4]G[0xffffffe7][0x13][0xffffffc5][0xffffffb3][0xffffff83][0xffffffe7][0xffffff8a][0xffffffb1][0xffffff8b][0xffffff8e][0x2][0xffffffd1][0x1e][0xfffffff0][`7[0x1c]D[0x7][0xffffff89][0xffffffe2][0x1][0xffffff97][0xffffffaa][0xffffffce]a[0xffffffa3][0xffffffa3]H[0xffffffb4]sx[0xffffffc0][0xffffffd6][0xffffffd1]&:[0xffffff93][0xffffffb0][0xffffffc2][0xfffffff3][0xffffffcb]PGG[0xffffff91]h[0xffffffc0][0xffffff80][0xffffff80]]v**[0xffffffdc]Q[0xffffffb6][0xffffffe4][0xffffff9d]%[0xffffffc8]b[0xffffffc7] [0xffffff90][0xffffffc5]{[0x3][0xffffff9e],[0xffffffce](8[0xffffffb2]x7[0x1][0xffffffc8]bg[0xffffffc0][0xffffffa2]US[0x4][0xffffff86],[0xffffffce]9h[0xffffffb2]x= _t][0xffffff8f]|[0xffffffa9][0xffffffdf][0xc][0xffffff90]/Z[0xffffffdf]U[0xffffffb5][0xffffffdf][0xffffff97][0xffffffbf][0xffffffe7][0xffffffd3]i?[0xfffffffc]:_[0xffffffa6][0xffffffe7][0xffffffe5]{S[0xffffffca]^[0xffffffa6][0xffffffc3][0xffffffd7][0xffffffe5]_+[0xffffffd9][0x15]K[0xffffffd9][0xb][0x16][0xffffffd0][0xffffff8f]/#[0xffffff96][0xffffffd4][0xffffffdd][[0xffffff9e]b[0xffffffd7][0xffffffbc][0xffffffb0][0xffffffbb]L[0xffffffa7]i[0x7f][0xffffff9d][0xffffffae][0xf][0xffffffcf]y^[0xffffffa9]d[0xffffffc4][0xffffffb4]aBW"[0xffffff88][0xffffffe8][0xffffff86][0xffffffc8][0xffffffb0]!~C[0xffffffdc][0xffffff86][0xffffffc0][0xffffff86][0xffffffd8][\r]1[0x1b][0xffffffa2]7Dm[0xffffff88][0xffffffdc][0xffffff90][0xffffffe4][0xffffffb3][0x1a]U%"d[0xffffffb2][0xffffff8e][0x11]~C[0xffffffdc][0xffffff86][0xffffffc0][0xffffff86][0xffffffd8][\r]I>[0xffffffcb][0xffffff96][0xffffffe8][\r]Q[0x1b]"7Dt$[0xffffff84][0x1e][0xfffffff8][0x1e][0xffffffb8][0x1e]@[0xf]l[0xf]zoC[0xffffffef]l[0xffffffe8]}[\r][0xffffffbd][0xffffffab][0xffffff81]<[0xffffffc5][0xffffffaf][0xffffffad][0x1][0xffffffe3]i>[0x7f]|[0xffffffcf]X2[0xfffffff6][0xffffffa1][0x1b][0xffffffe7]}[0xf]\[0xf][0xffffffa0][0x7][0xffffffb6][0x7][0xffffffa6][0x7][0x14][0xffffff80][0xfffffff2][\r]P=[0xffffffa0][0x0][0xffffff94]k[0xffffff80][0xffffffe8][0xffffff80][0xb]=H[0xffffff9e]B[0x3]\[0xf][0xffffffa0][0x7][0xffffffb6][0x7][0xffffffa6][0x7][0xffffffba][0x7][0xffffffaa][0x7][0xffffffb2][0x7][0xffffffa2][0x3][0x10]z[0xffffff90]<[0xffffffb5][\r]H[0xffffff9e]6_0@[0xf]l[0xf][0xffffff92][0xffffffa7][0xffffffcd][0x7][0x4][0xffffffba][0x7][0xffffffc9][0xffffffd3][0xffffffe6][0xffffffd8]C[0xfffffff2][0xffffffb4]9[0x14] :`C[0xf]|[0xf]\[0xf][0xffffff92][0xffffffa7][0xffffffa2][0x1][0xffffff96]A[[0xb][0xffffffff]x[0xffffff9f].[0xfffffffb][0xffffffa6][0x2].d[0xffffffff][0xffffff9f][\n]"
11:49:30.236 [main] DEBUG org.apache.hc.client5.http.wire -- http-outgoing-29 << "[0xffffff98][0x6]^[0xffffff97][0xffffffe7][0xffffffdb][0xffffffe7][0xfffffffe]2e[0xffffff8b][0xffffffd5]]_[0xf][0xffffffd3][0xffffffc3][0xffffffa4][0xffffff8e]hy[0xffffffd4]![0xffffffa8]>[0xffffff94][0x10][0xffffffcc]Q[0x1d][0xffffffc9][0xffffff90]8^s[0x12]o[0xfffffff1][0xffffffc2]I[\r]&[0xfffffff5][0x15]P'[0xfffffff8][0xffffffc0][0xffffff98][0xffffffc4]`[0x12]_[0x1]E[0xffffff86][0xffffffd4][0xffffff8a]9[0xffffff89][0xffffffc1]$[0xffffffbe]<N[0x13][0x1c]c[0xffffffd2][0xffffff82]I{9[0xfffffffc][0xffffffb2]$[\n]"
11:49:30.236 [main] DEBUG org.apache.hc.client5.http.wire -- http-outgoing-29 << "[0xffffff98][0xffffffc2]E[0xffffffab]5[0xffffffb1][0xffffffc8]e[0xffffff8e]u[0xffffffa2][0xffffff91][0xffffff9a]R[0xffffff95]i[0xffffffb0]Z4J[0xffffffd3]3uw:[0xffffffd3][0x16][\n]"
11:49:30.236 [main] DEBUG org.apache.hc.client5.http.wire -- http-outgoing-29 << "[0xffffffad][0xffffffca][0xffffff94][0x1c]g[0xffffffb0][0xffffffad][0xffffffc8][0xffffffc4]L[0x14]lZ[0xffffff8d][0x19]J[0xffffff94]A[0xffffffb7][\n]"
11:49:30.236 [main] DEBUG org.apache.hc.client5.http.wire -- http-outgoing-29 << "[0x13]eI[0xffffffa6][0xffffffaa][0xffffffd5][0xffffff97][0xffffff98][0xffffffb4][0xffffff82]e+/I[0xffffffb9]e,Zu[0xffffffe9]K[0xffffffe0]>[0xffffffb4][0xffffffda][0x12][0xffffffa0]P[0xffffffdf][0x9][0xffffffcb]L]++[0xffffffa1]l[0xffffff8c][0xffffff87]VT[0xffffffd6][0x14]aq[0xffffffb9][0x13][0xffffff95][0x19][0xffffff9a]FS[0xfffffffa][0xffffffe2][0x18][0x16][0xffffff99];E[0xffffff99][0xffffffa1][0xffffffba][0x17][0xffffff94][0x19][0xffffffca]FOZ^_4r[0xffffff92]][0xffffffc5][0xffffffa2]s'&3[0xfffffff4][0xffffff9d][0xffffff96][0xffffffcc][0xffffffd4]5R[0xffffffd2]1[0xffffff84]FH[0xfffffffa][0xffffffb2]<V[0xffffffa1]UG[0xffffffb2][0xfffffff7]X[0xffffff89]V[0x19][0xffffff89][0x9].T72[0x12]xR[0xffffffd5][0xffffffa8]H_6[0x1c][0xffffffcb][0xffffffd2]*"[0xffffffeb]famZE$[0xffffff9f]u[0xffffffac]O[0xffffffab][0xffffff86][0xffffffe4][0x13][0xffffff8d]5[0xffffffaa][0xffffff91][0xffffff90][0xffffffb2][0xffffff84][0xffffff8a][0xffffff85][0xffffffaa]U[0xffffff90]e-[0xffffffac]V[0xffffffab][0xffffff80]t<[0xffffffab]m[0xfffffff4]#[0x1f]e[0xffffffac]Z[0xffffffab]z[0xffffffac][0xffffff87][0x13]KW[0xffffffa3][0x1e][0xfffffff9]S[0xffffffc3][0xfffffffa][0xffffffd5][0xffffff88][0xffffffc7][0xffffffba]V[0x11]}[0xffffffc9][0xffffffb0][0xffffffa1]5[0xffffff8a][0xffffffe4][0xffffffcb]FQ|[0xffffffd9]([0xffffff82]/[0x1b]E[0xffffffef]e[0xffffffa3][0xffffffc8][0xffffffbd]l[0x14][0xffffffb5][0xffffff97][0xffffff8d]"[0xfffffff6][0xffffffb2]![0xffffffb3][0xffffffba][0xffffffcb][0xffffff86]h[0xc]C[0x1e][0xffffffb0][0xffffffc7][0xffffff86]<[0xffffffd0]e[0x1d]C[0x1e][0xffffffa8][0xffffff92][0xc][0x3][0xffffffd9][0xffffffb8][0xffffff93][0xffffff87][0xfffffff3][0xffffffe1][0xffffffb2]Pe[0x1b]~9[0xffffffbe]LMm|[0xffffffbb]N[0x8][0xfffffffe][0xffffffb3]8[0x1e][0xffffffa7]o[0xffffffd3][0xffffff89]f[0x1d][0xffffffdf]x[0xffffff86]T)[0xffffffa7][0xfffffff3][0xffffffe3][0xffffffc7]uW[0xffffffd9]#M[0xffffffb2][0xffffffbb]-[0xffffffcb][0xffffffe9][0xffffffba][0xfffffffb][0xffffff9c][0xffffffbe][0xffffff94]b[0xfffffff9]@t[0xffffffed][0xffffff80][0xffffffa5][0xffffffc7][0x1b]C[0xfffffffa]B[0xffffffb9][0xffffffff][0xffffff95][0xe][0xffffffe5]9f2S[0xffffffee]~[0xffffffa5]S[0xffffffe9] g[0xffffffca][0xffffffbd][0xffffffaf][0x4][0xffffff90][0xffffffd4][0xffffff9b]f[0xffffffca][0xffffff9d][0xffffffaf][0xffffffb4]x>0{[0xffffff89][0xffffffd6][0xffffffbe]WZ,[0xffffffb4][0xffffffae][0xffffffac]V[0xffffffbb]^i[0x0][0xffffffe7][0xffffff85]B[0xffffffb9][0xffffffe7][0xffffffc5]n[0xffffff81][0xffffffee]"
11:49:30.236 [main] DEBUG org.apache.hc.client5.http.wire -- http-outgoing-29 << "[0xfffffff6][0xc][0xffffffb9][0xffffffe1][0xffffff95][0xffffffda][0xffffffd1]MZ([0xffffffb7][0xffffffbb][0xffffffd8][0xffffffb9]j[0xffffffac]`[0xffffff85]r[0xffffffb3]+[0x15]~[0xffffffa9][0xffffff8e]g[0xffffffe0]V[0x17]{[0x13]S[0xffffff83][0xffffffa8]}.[0xffffffde][0x6][0xffffff96]z[0xffffff87]L[0xffffffb9][0xffffffcb]Ea-[0xffffffd6]y[0xffffffb9][0xffffffc7][0xffffffc5][0xffffffcb][0xffffffc2]R[0xffffffa7]E[0xffffff94];\,[0xfffffffd]T(2+[0xfffffffd][0xffffffad][0xffffffa4][0xffffffe8]Jb[0xffffffb8][0xffffffb9][0xffffffc5][0xffffffd0]Te[0xffffffa5][0xffffffb5][0xffffffc5][0x18]Le[0xffffffa5][0xffffffb1]E[0xffffffaf][0xffffffea][0xffffffca][0xffffffdc][0xffffffd6][0x6][0xffffffac]1ZfTZ[0xffffffda][0xffffff80][0xffffffa9][0xffffffd7]eT[0xffffffe9]g[0xffffff83]X[0x17]([0xffffffbd][0xffffffac][0xffffffa7]JW^,}[0xffffffac][0xffffffc7][0xffffffc0]2[0xffffffe1][0x1e][0xffffff96]v<o[0xc][0xfffffff7][0xffffffaf][0xe]s[^[0xffffffe3][0xffffffe6][0x15] [0xffffff94]-[0xffffffe1][0xffffffc6][0x15][0xfffffff0]H@[0xffffffce][0x5]w[0xffffffad][0xffffff96][0x12]\F[0xffffff95][0xffffff96][0xffffffd5]&[0xffffffe1][0xffffff92][0x8][0xffffffb7][0xffffffab]X[0x1a]lY[0xf][0xffffffab]W[0xffffffae][0xffffff9e][0xffffff81]}[0xffffffe2][0xffffffee][0x15][0xffffffef][0xffffffd9][0xffffffb2]U[0xffffffb5]s[0xffffffc5][0xffffff88][0xfffffff1][0xffffffdc]%V[0xffffffdb]V:[0xffffffb3][0xffffff99][0xffffff94][0xffffff96]U9>:[0xffffffdc][0xffffffad]*]I[0xffffffe9]T[0xffffffa9],[0x16]R[0xffffff9a]T[0xffffffa9]I.$dL|[0xffffffbf]L[0xffffff8f][0xfffffff3][0xfffffff9]z[0xffffffdb][0xffffff9f]N[0xffffffd3]1C[0x15][0xffffff81]nv[0xffffff9d][0xffffffcf][0xffffff89][0xffffff91][0x11]K[0x18][0xffffffa8][0xffffff90][0xffffffc3]7"b[0xffffff9d][0xffffffc4][0xffffffdb].[0xffffffef][0xffffff87][0xfffffff6][0x11]?,[0xffffffa3]C6[0x15][0x15][0x1d][0xffffffdc]i[0xffffff9f][0xffffffcf][0x8][0xfffffff6]gtec[0xffffffbd]~[0xfffffff8][0x7][0x18]<[0xfffffffe][0xffffff8d]h[0x13][0x0][0x0]"
11:49:30.236 [main] DEBUG org.apache.hc.client5.http.impl.classic.InternalHttpClient -- ep-0000000049 releasing valid endpoint
11:49:30.236 [main] DEBUG org.apache.hc.client5.http.impl.io.PoolingHttpClientConnectionManager -- ep-0000000049 releasing endpoint
11:49:30.236 [main] DEBUG org.apache.hc.client5.http.impl.io.PoolingHttpClientConnectionManager -- ep-0000000049 connection http-outgoing-29 can be kept alive for 3 MINUTES
11:49:30.236 [main] DEBUG org.apache.hc.client5.http.impl.io.PoolingHttpClientConnectionManager -- ep-0000000049 connection released [route: {s}->https://raw.githubusercontent.com:443][total available: 2; route allocated: 1 of 5; total allocated: 3 of 25]
11:49:30.236 [main] DEBUG io.github.bonigarcia.wdm.versions.VersionDetector -- Driver for chrome121 not found in online properties (using local versions.properties)
11:49:30.236 [main] DEBUG io.github.bonigarcia.wdm.WebDriverManager -- The driver version for CHROME 121 is unknown ... trying with latest
11:49:30.237 [main] DEBUG org.apache.hc.client5.http.impl.classic.InternalHttpClient -- ex-0000000050 preparing request execution
11:49:30.237 [main] DEBUG org.apache.hc.client5.http.impl.classic.ProtocolExec -- ex-0000000050 target auth state: UNCHALLENGED
11:49:30.237 [main] DEBUG org.apache.hc.client5.http.impl.classic.ProtocolExec -- ex-0000000050 proxy auth state: UNCHALLENGED
11:49:30.237 [main] DEBUG org.apache.hc.client5.http.impl.classic.ConnectExec -- ex-0000000050 acquiring connection with route {s}->https://googlechromelabs.github.io:443
11:49:30.237 [main] DEBUG org.apache.hc.client5.http.impl.classic.InternalHttpClient -- ex-0000000050 acquiring endpoint (3 MINUTES)
11:49:30.237 [main] DEBUG org.apache.hc.client5.http.impl.io.PoolingHttpClientConnectionManager -- ex-0000000050 endpoint lease request (3 MINUTES) [route: {s}->https://googlechromelabs.github.io:443][total available: 2; route allocated: 1 of 5; total allocated: 3 of 25]
11:49:30.237 [main] DEBUG org.apache.hc.client5.http.impl.io.PoolingHttpClientConnectionManager -- ex-0000000050 endpoint leased [route: {s}->https://googlechromelabs.github.io:443][total available: 1; route allocated: 1 of 5; total allocated: 3 of 25]
11:49:30.237 [main] DEBUG org.apache.hc.client5.http.impl.io.PoolingHttpClientConnectionManager -- ex-0000000050 acquired ep-0000000050
11:49:30.237 [main] DEBUG org.apache.hc.client5.http.impl.classic.InternalHttpClient -- ex-0000000050 acquired endpoint ep-0000000050
11:49:30.237 [main] DEBUG org.apache.hc.client5.http.impl.classic.MainClientExec -- ex-0000000050 executing GET /chrome-for-testing/last-known-good-versions-with-downloads.json HTTP/1.1
11:49:30.237 [main] DEBUG org.apache.hc.client5.http.protocol.RequestAddCookies -- ex-0000000050 Cookie spec selected: strict
11:49:30.237 [main] DEBUG org.apache.hc.client5.http.impl.classic.InternalHttpClient -- ep-0000000050 start execution ex-0000000050
11:49:30.237 [main] DEBUG org.apache.hc.client5.http.impl.io.PoolingHttpClientConnectionManager -- ep-0000000050 executing exchange ex-0000000050 over http-outgoing-27
11:49:30.237 [main] DEBUG org.apache.hc.client5.http.headers -- http-outgoing-27 >> GET /chrome-for-testing/last-known-good-versions-with-downloads.json HTTP/1.1
11:49:30.237 [main] DEBUG org.apache.hc.client5.http.headers -- http-outgoing-27 >> user-agent: Apache-HttpClient/5.0
11:49:30.237 [main] DEBUG org.apache.hc.client5.http.headers -- http-outgoing-27 >> accept-encoding: gzip, deflate, br
11:49:30.237 [main] DEBUG org.apache.hc.client5.http.headers -- http-outgoing-27 >> cache-control: max-age=0
11:49:30.237 [main] DEBUG org.apache.hc.client5.http.headers -- http-outgoing-27 >> connection: keep-alive
11:49:30.237 [main] DEBUG org.apache.hc.client5.http.headers -- http-outgoing-27 >> Host: googlechromelabs.github.io
11:49:30.237 [main] DEBUG org.apache.hc.client5.http.wire -- http-outgoing-27 >> "GET /chrome-for-testing/last-known-good-versions-with-downloads.json HTTP/1.1[\r][\n]"
11:49:30.237 [main] DEBUG org.apache.hc.client5.http.wire -- http-outgoing-27 >> "user-agent: Apache-HttpClient/5.0[\r][\n]"
11:49:30.237 [main] DEBUG org.apache.hc.client5.http.wire -- http-outgoing-27 >> "accept-encoding: gzip, deflate, br[\r][\n]"
11:49:30.237 [main] DEBUG org.apache.hc.client5.http.wire -- http-outgoing-27 >> "cache-control: max-age=0[\r][\n]"
11:49:30.237 [main] DEBUG org.apache.hc.client5.http.wire -- http-outgoing-27 >> "connection: keep-alive[\r][\n]"
11:49:30.237 [main] DEBUG org.apache.hc.client5.http.wire -- http-outgoing-27 >> "Host: googlechromelabs.github.io[\r][\n]"
11:49:30.237 [main] DEBUG org.apache.hc.client5.http.wire -- http-outgoing-27 >> "[\r][\n]"
11:49:30.357 [main] DEBUG org.apache.hc.client5.http.wire -- http-outgoing-27 << "HTTP/1.1 200 OK[\r][\n]"
11:49:30.357 [main] DEBUG org.apache.hc.client5.http.wire -- http-outgoing-27 << "Connection: keep-alive[\r][\n]"
11:49:30.357 [main] DEBUG org.apache.hc.client5.http.wire -- http-outgoing-27 << "Content-Length: 640[\r][\n]"
11:49:30.357 [main] DEBUG org.apache.hc.client5.http.wire -- http-outgoing-27 << "Server: GitHub.com[\r][\n]"
11:49:30.357 [main] DEBUG org.apache.hc.client5.http.wire -- http-outgoing-27 << "Content-Type: application/json; charset=utf-8[\r][\n]"
11:49:30.357 [main] DEBUG org.apache.hc.client5.http.wire -- http-outgoing-27 << "permissions-policy: interest-cohort=()[\r][\n]"
11:49:30.357 [main] DEBUG org.apache.hc.client5.http.wire -- http-outgoing-27 << "x-origin-cache: HIT[\r][\n]"
11:49:30.357 [main] DEBUG org.apache.hc.client5.http.wire -- http-outgoing-27 << "Last-Modified: Mon, 12 Feb 2024 04:09:36 GMT[\r][\n]"
11:49:30.357 [main] DEBUG org.apache.hc.client5.http.wire -- http-outgoing-27 << "Access-Control-Allow-Origin: *[\r][\n]"
11:49:30.357 [main] DEBUG org.apache.hc.client5.http.wire -- http-outgoing-27 << "Strict-Transport-Security: max-age=31556952[\r][\n]"
11:49:30.357 [main] DEBUG org.apache.hc.client5.http.wire -- http-outgoing-27 << "ETag: W/"65c99a00-229c"[\r][\n]"
11:49:30.357 [main] DEBUG org.apache.hc.client5.http.wire -- http-outgoing-27 << "expires: Mon, 12 Feb 2024 04:19:55 GMT[\r][\n]"
11:49:30.357 [main] DEBUG org.apache.hc.client5.http.wire -- http-outgoing-27 << "Cache-Control: max-age=600[\r][\n]"
11:49:30.357 [main] DEBUG org.apache.hc.client5.http.wire -- http-outgoing-27 << "Content-Encoding: gzip[\r][\n]"
11:49:30.357 [main] DEBUG org.apache.hc.client5.http.wire -- http-outgoing-27 << "x-proxy-cache: HIT[\r][\n]"
11:49:30.357 [main] DEBUG org.apache.hc.client5.http.wire -- http-outgoing-27 << "X-GitHub-Request-Id: EECE:F2983:9FFA93:AC18FB:65C99AC6[\r][\n]"
11:49:30.357 [main] DEBUG org.apache.hc.client5.http.wire -- http-outgoing-27 << "Accept-Ranges: bytes[\r][\n]"
11:49:30.357 [main] DEBUG org.apache.hc.client5.http.wire -- http-outgoing-27 << "Date: Mon, 12 Feb 2024 04:49:30 GMT[\r][\n]"
11:49:30.357 [main] DEBUG org.apache.hc.client5.http.wire -- http-outgoing-27 << "Via: 1.1 varnish[\r][\n]"
11:49:30.357 [main] DEBUG org.apache.hc.client5.http.wire -- http-outgoing-27 << "Age: 203[\r][\n]"
11:49:30.357 [main] DEBUG org.apache.hc.client5.http.wire -- http-outgoing-27 << "X-Served-By: cache-qpg1246-QPG[\r][\n]"
11:49:30.357 [main] DEBUG org.apache.hc.client5.http.wire -- http-outgoing-27 << "X-Cache: HIT[\r][\n]"
11:49:30.357 [main] DEBUG org.apache.hc.client5.http.wire -- http-outgoing-27 << "X-Cache-Hits: 2[\r][\n]"
11:49:30.357 [main] DEBUG org.apache.hc.client5.http.wire -- http-outgoing-27 << "X-Timer: S1707713370.317339,VS0,VE1[\r][\n]"
11:49:30.357 [main] DEBUG org.apache.hc.client5.http.wire -- http-outgoing-27 << "Vary: Accept-Encoding[\r][\n]"
11:49:30.357 [main] DEBUG org.apache.hc.client5.http.wire -- http-outgoing-27 << "X-Fastly-Request-ID: 6a12db43a8d9ba27d3e95dd4c856c89b7d7716e7[\r][\n]"
11:49:30.357 [main] DEBUG org.apache.hc.client5.http.wire -- http-outgoing-27 << "[\r][\n]"
11:49:30.357 [main] DEBUG org.apache.hc.client5.http.headers -- http-outgoing-27 << HTTP/1.1 200 OK
11:49:30.357 [main] DEBUG org.apache.hc.client5.http.headers -- http-outgoing-27 << Connection: keep-alive
11:49:30.357 [main] DEBUG org.apache.hc.client5.http.headers -- http-outgoing-27 << Content-Length: 640
11:49:30.357 [main] DEBUG org.apache.hc.client5.http.headers -- http-outgoing-27 << Server: GitHub.com
11:49:30.357 [main] DEBUG org.apache.hc.client5.http.headers -- http-outgoing-27 << Content-Type: application/json; charset=utf-8
11:49:30.357 [main] DEBUG org.apache.hc.client5.http.headers -- http-outgoing-27 << permissions-policy: interest-cohort=()
11:49:30.357 [main] DEBUG org.apache.hc.client5.http.headers -- http-outgoing-27 << x-origin-cache: HIT
11:49:30.357 [main] DEBUG org.apache.hc.client5.http.headers -- http-outgoing-27 << Last-Modified: Mon, 12 Feb 2024 04:09:36 GMT
11:49:30.357 [main] DEBUG org.apache.hc.client5.http.headers -- http-outgoing-27 << Access-Control-Allow-Origin: *
11:49:30.357 [main] DEBUG org.apache.hc.client5.http.headers -- http-outgoing-27 << Strict-Transport-Security: max-age=31556952
11:49:30.357 [main] DEBUG org.apache.hc.client5.http.headers -- http-outgoing-27 << ETag: W/"65c99a00-229c"
11:49:30.357 [main] DEBUG org.apache.hc.client5.http.headers -- http-outgoing-27 << expires: Mon, 12 Feb 2024 04:19:55 GMT
11:49:30.357 [main] DEBUG org.apache.hc.client5.http.headers -- http-outgoing-27 << Cache-Control: max-age=600
11:49:30.357 [main] DEBUG org.apache.hc.client5.http.headers -- http-outgoing-27 << Content-Encoding: gzip
11:49:30.357 [main] DEBUG org.apache.hc.client5.http.headers -- http-outgoing-27 << x-proxy-cache: HIT
11:49:30.357 [main] DEBUG org.apache.hc.client5.http.headers -- http-outgoing-27 << X-GitHub-Request-Id: EECE:F2983:9FFA93:AC18FB:65C99AC6
11:49:30.357 [main] DEBUG org.apache.hc.client5.http.headers -- http-outgoing-27 << Accept-Ranges: bytes
11:49:30.357 [main] DEBUG org.apache.hc.client5.http.headers -- http-outgoing-27 << Date: Mon, 12 Feb 2024 04:49:30 GMT
11:49:30.357 [main] DEBUG org.apache.hc.client5.http.headers -- http-outgoing-27 << Via: 1.1 varnish
11:49:30.357 [main] DEBUG org.apache.hc.client5.http.headers -- http-outgoing-27 << Age: 203
11:49:30.357 [main] DEBUG org.apache.hc.client5.http.headers -- http-outgoing-27 << X-Served-By: cache-qpg1246-QPG
11:49:30.357 [main] DEBUG org.apache.hc.client5.http.headers -- http-outgoing-27 << X-Cache: HIT
11:49:30.357 [main] DEBUG org.apache.hc.client5.http.headers -- http-outgoing-27 << X-Cache-Hits: 2
11:49:30.357 [main] DEBUG org.apache.hc.client5.http.headers -- http-outgoing-27 << X-Timer: S1707713370.317339,VS0,VE1
11:49:30.357 [main] DEBUG org.apache.hc.client5.http.headers -- http-outgoing-27 << Vary: Accept-Encoding
11:49:30.357 [main] DEBUG org.apache.hc.client5.http.headers -- http-outgoing-27 << X-Fastly-Request-ID: 6a12db43a8d9ba27d3e95dd4c856c89b7d7716e7
11:49:30.357 [main] DEBUG org.apache.hc.client5.http.impl.classic.MainClientExec -- ex-0000000050 connection can be kept alive for 3 MINUTES
11:49:30.357 [main] DEBUG org.apache.hc.client5.http.wire -- http-outgoing-27 << "[0x1f][0xffffff8b][0x8][0x0][0x0][0x0][0x0][0x0][0x0][0x3][0xffffffcd][0xffffff96][0xffffffcb][0xffffff8e][0xffffff9b]0[0x14][0xffffff86][0xfffffff7]}[0xc][0xffffffaf][0xffffffc1]`[0x8][0xffffffe4][0xffffffb2][0xffffff9c][0xffffff99]7hWSu[0xffffffe1][0x6]7A2[0x10][0xffffff81]'[0xffffffd3]N[0xffffffc4][0xffffffbb][0xffffffd7][0x10][0xffffffc3]p[0xffffffb1][0xffffff99]U|[0xffffff90]"%[0x1c][0xffffff9c]s~[0xffffffd0][0xffffffa7][0xffffffa3][0xffffffef][0xffffff86]D[0xffffff9a][0xffffffb1]J[0xffffffd0][0xffffffec][0xffffff82][0xe]([0xfffffff0][0xffffff83][0xffffff8d][0xffffffeb][0x7].!?[0x2]r[0xfffffff0][0xfffffff7][0xfffffff2][0xffffff83]}B^[0xffffff91][0xffffff83][0xffffff8e]g[0xffffff9a][0xffffffe7][0xffffff8c]W[0xffffffe8]pC[0xffffffdf][0x5][0xfffffffd][0xffffffcd]Y[0xfffffff3]KU[0xffffffe5]_U[0xffffffcd]AWVVi[0xffffff91][0xffffffcb][0x12][0x9][0x8][0xfffffff6]qL[0xffffffe2]-[0xffffffde]E[0xfffffff2]N[0xffffffc9][0xffffffae]i[0x7f]+[0xc][0xffffff89][0xffffffbf][0xffffff95][0xffffffc5][0xffffffa4]x[0xffffffcf]yA[0xffffff93][0xffffffea][0xffffffde][0xffffffae],2[0xffffffd9][0xfffffff8][0xffffffe7][\r]]8[0x15][0x7f][0xffffff8a]2[0xffffff93][0xffffff87]y[0xffffff9a][0xffffffbf][0xfffffffd][0xffffff8d]7[0xfffffff2][0xfffffff0][[0xffffffd9][0xffffff8c]:[0xb]q[0xffffffa9][0xe][0xffffff9e][0xffffffc7][0xffffff92][0x13]K8[0xffffffce][0x18]>][0x5][0xffffffc1][0xffffffc7]"S%[0xffffffef][0xffffffde]G}[0xffffffb9][0xffffffb2][0xffffff8d]+[0xffffffe4]3[0xffffffa6][0xfffffff9][0xffffffc9][0x1b]e[0xfffffff2]T[0xffffffe7][0xffffffee][0xffffffa0][0xffffffba][0xffffffc4][0x1f][0xffffffe9][0x5][0xffffffd5][0xffffffce](CF[0xffffff8f].-[0xffffffb3][0xffffff87][0xffffffa4][0xffffffe8]{wG[0xfffffffb][0xffffff82])[0xffffffc9]c[0xffffffde][0xffffff86][0xffffffea]<Lax[0x1b][0xffffffef]i[0x1e][0x6][0xf]H[0xffffffd0][0xfffffff6][0xffffffed][0xffffff8e][0xffffffb5][0x17][0xffffff86][0xffffffe9][0xf]y[0xfffffffe][0xffffffb6][0xffffffef]`z[0xfffffff7][0xffffffec][0xffffffbf][0x1c][0x5]fR[0xffffffa6][0xffffff92]n(<[0xffffffef][0xffffffd3][0xffffffd7][0x2][0xffffffa9]J[0xffffffb3][\n]"
11:49:30.357 [main] DEBUG org.apache.hc.client5.http.wire -- http-outgoing-27 << "T[0x7]Y[0x0][0xffffff81]U)@[0xffffffb1][0xfffffffd][0xffffffcc]0[0xffffff83][0xffffffd7]=3[0xffffff9a]pVUnuf[0xffffff9c]CQ<[0xffffff89][0xffffffb1][0x16][0xffffff9c][0xffffffa7][0xffffffb1]V[0xffffffc1][0xffffffb5].[0x14] [0xffffffe0][0xffffffd3]8[0xffffffa0][0xffffffa4]k[0xffffffc2][0xfffffff4][0xffffffc8][0xffffffd7][0xffffffb5][0xffffff83][0xffffff9e][0xffffff98][0xffffffa0]cCi+c?[0x9][0xffffff9a][0xffffffe6]ALp[0xffffffb0][0xffffff9f][0xfffffffa]I[0xffffffe4]G;[0x1f][0xffffffc2]O[0x6][0xffffff99][0x0][0xfffffffd]d[0xffffff98][0x2][0xffffffd2]O[0xffffffa6]9[0xffffffec][0xfffffffb][0xffffffc9]0[0xffffff81]}?[0xffffff99]L[0xffffff87][0xfffffff7][0x13]3[0xffffff9e][0xfffffff6][0xfffffffd]d[0x9]R[0xfffffffb]~bF[0xffffffd5][0xffffffae][0xffffff9f][0xffffff98][0xffffff80][0xffffffb5][0xffffffe9]'&l[0xffffffd7][0xffffffe2]'[0xb]K[0x16][0xffffffce]O[0x16]w.[0xffffff9c][0xffffff9f],[0xffffffac]`[0x18]?1nd[0x8]?1.[0xffffffe8]/[0xfffffffc][0xffffffe4][0xffffff85]][0xffffffc7]z[0xffffffd2][0x14][0xffffffc6]v[0x12][0xffffffb6][0xffffffad]w1[0xfffffff6]gr[0xffffffb2]%[0xffffff9b][0x10]BN>#[0x1][0xffffffba][0xffffffc9] [0x4][0xffffffa4][0xffffff9a]Lb[0xffffffd8]7[0xffffff93]A[0x0][0xfffffffb]b2[0x1e][0xe][0xffffffef]%F2[0xffffffed]k[0xffffffc9][0x2][0xffffff9f][0xfffffff6][0xffffffad][0xffffffc4]H[0xffffffa9]])1[0xffffffb0]j[0xffffffd3]I[0xc][0xffffffc4][0xffffffae]EI[0xffffffcc][0xffffffab][0x15][0xffffffce]H[0xffffff96]6-[0xffffff9c][0xffffff90][0xffffff98][0x17]/[0xffffff8c][0xffffff8f][0xffffff98][0xfffffff6]0[0xffffff84][0xffffff8e][0xffffff98][0xffffffd6][0xfffffff2][0x17]6[0xfffffff2]LsZ[0xfffffffe][0x1b][0xb][0xffffff89][0xffffffaa][0xffffffe9][0xffffff9c]d[0x1f]i[0xffffff9c]d[0xffffffb7][0xffffff8f][0x8][0xffffff9c][0xffffff93]4[0xffffff91][0xffffffc0][0xffffff9d][0xffffffa4][\r][0x1][0xffffffef]$}[0xc]('i[0x3]@9I7|-N[0xffffffa2]![0x13][0xffffffca]I[0xffffffb4]|B9[0xffffff89][0xffffff86]R[0x8]'[0xffffff99][0xffffffb1]j[0xffffffdf]If[0xffffffc4][0xffffffae][0xffffffcb]It[0xffffffab][0x15][0xffffffda]I[0xfffffff4][0xffffff9b][0x16][0xffffffda]It[0xffffff8b][0x17][0xffffffd2]I[0xffffffe6]{[0x18][0xffffffce]I[0xffffffe6]ky[0xffffffd1]I[0xffffffea][0xfffffffa][0xffffffdb][0x7f][0xffffffd5][0xffffffa2][0xffffff9a]W[0xffffff9c]"[0x0][0x0]"
11:49:30.358 [main] DEBUG org.apache.hc.client5.http.impl.classic.InternalHttpClient -- ep-0000000050 releasing valid endpoint
11:49:30.358 [main] DEBUG org.apache.hc.client5.http.impl.io.PoolingHttpClientConnectionManager -- ep-0000000050 releasing endpoint
11:49:30.358 [main] DEBUG org.apache.hc.client5.http.impl.io.PoolingHttpClientConnectionManager -- ep-0000000050 connection http-outgoing-27 can be kept alive for 3 MINUTES
11:49:30.358 [main] DEBUG org.apache.hc.client5.http.impl.io.PoolingHttpClientConnectionManager -- ep-0000000050 connection released [route: {s}->https://googlechromelabs.github.io:443][total available: 2; route allocated: 1 of 5; total allocated: 3 of 25]
11:49:30.360 [main] DEBUG io.github.bonigarcia.wdm.WebDriverManager -- Driver to be downloaded chromedriver 121.0.6167.85
11:49:30.360 [main] DEBUG io.github.bonigarcia.wdm.cache.ResolutionCache -- Storing resolution chrome=121 in cache (valid until 12:49:30 12/02/2024 WIB)
11:49:30.361 [main] DEBUG io.github.bonigarcia.wdm.cache.ResolutionCache -- Storing resolution chrome121=121.0.6167.85 in cache (valid until 11:49:30 13/02/2024 WIB)
11:49:30.363 [main] INFO io.github.bonigarcia.wdm.WebDriverManager -- Exporting webdriver.chrome.driver as /Users/fizkiarditiakusuma/.cache/selenium/chromedriver/mac-arm64/121.0.6167.85/chromedriver
  &amp#27;[32mGiven &amp#27;[0m&amp#27;[32mPengguna telah membuka situs Kepabeanan&amp#27;[0m                               &amp#27;[90m# step_definitions.login.penggunaTelahMembukaSitusKepabeanan()&amp#27;[0m
  &amp#27;[32mThen &amp#27;[0m&amp#27;[32mPengguna Klik Field Kata Sandi&amp#27;[0m                                         &amp#27;[90m# step_definitions.login.penggunaKlikFieldKataSandi()&amp#27;[0m
  &amp#27;[32mAnd &amp#27;[0m&amp#27;[32mPengguna memasukan berbagai macam Test dalam field Password&amp#27;[0m&amp#27;[32m&amp#27;[1m"1234567890"&amp#27;[0m &amp#27;[90m# step_definitions.login.penggunaMemasukanBerbagaiMacamTestDalamFieldPassword(java.lang.String)&amp#27;[0m
]]></system-out>
  </testcase>
  <testcase name="LG 005 - Verifikasi Field Kata Sandi #3" classname="login" time="37.992">
    <system-out><![CDATA[
@login
Scenario Outline: LG 005 - Verifikasi Field Kata Sandi                        &amp#27;[90m# features//login.feature:40&amp#27;[0m
11:49:35.558 [main] DEBUG io.github.bonigarcia.wdm.WebDriverManager -- Using WebDriverManager 5.6.3
11:49:35.562 [main] DEBUG io.github.bonigarcia.wdm.WebDriverManager -- Using URL built from repository pattern: https://edgedl.me.gvt1.com/edgedl/chrome/chrome-for-testing/121.0.6167.139/mac-arm64/chromedriver-mac-arm64.zip
11:49:35.563 [main] DEBUG org.apache.hc.client5.http.impl.classic.InternalHttpClient -- ex-0000000051 preparing request execution
11:49:35.563 [main] DEBUG org.apache.hc.client5.http.impl.classic.ProtocolExec -- ex-0000000051 target auth state: UNCHALLENGED
11:49:35.563 [main] DEBUG org.apache.hc.client5.http.impl.classic.ProtocolExec -- ex-0000000051 proxy auth state: UNCHALLENGED
11:49:35.563 [main] DEBUG org.apache.hc.client5.http.impl.classic.ConnectExec -- ex-0000000051 acquiring connection with route {s}->https://googlechromelabs.github.io:443
11:49:35.563 [main] DEBUG org.apache.hc.client5.http.impl.classic.InternalHttpClient -- ex-0000000051 acquiring endpoint (3 MINUTES)
11:49:35.563 [main] DEBUG org.apache.hc.client5.http.impl.io.PoolingHttpClientConnectionManager -- ex-0000000051 endpoint lease request (3 MINUTES) [route: {s}->https://googlechromelabs.github.io:443][total available: 0; route allocated: 0 of 5; total allocated: 0 of 25]
11:49:35.563 [main] DEBUG org.apache.hc.client5.http.impl.io.PoolingHttpClientConnectionManager -- ex-0000000051 endpoint leased [route: {s}->https://googlechromelabs.github.io:443][total available: 0; route allocated: 1 of 5; total allocated: 1 of 25]
11:49:35.563 [main] DEBUG org.apache.hc.client5.http.impl.io.PoolingHttpClientConnectionManager -- ex-0000000051 acquired ep-0000000051
11:49:35.563 [main] DEBUG org.apache.hc.client5.http.impl.classic.InternalHttpClient -- ex-0000000051 acquired endpoint ep-0000000051
11:49:35.563 [main] DEBUG org.apache.hc.client5.http.impl.classic.ConnectExec -- ex-0000000051 opening connection {s}->https://googlechromelabs.github.io:443
11:49:35.563 [main] DEBUG org.apache.hc.client5.http.impl.classic.InternalHttpClient -- ep-0000000051 connecting endpoint (null)
11:49:35.563 [main] DEBUG org.apache.hc.client5.http.impl.io.PoolingHttpClientConnectionManager -- ep-0000000051 connecting endpoint to https://googlechromelabs.github.io:443 (30 SECONDS)
11:49:35.563 [main] DEBUG org.apache.hc.client5.http.impl.io.DefaultHttpClientConnectionOperator -- googlechromelabs.github.io resolving remote address
11:49:35.564 [main] DEBUG org.apache.hc.client5.http.impl.io.DefaultHttpClientConnectionOperator -- googlechromelabs.github.io resolved to [googlechromelabs.github.io/185.199.111.153, googlechromelabs.github.io/185.199.108.153, googlechromelabs.github.io/185.199.109.153, googlechromelabs.github.io/185.199.110.153, googlechromelabs.github.io/2606:50c0:8000:0:0:0:0:153, googlechromelabs.github.io/2606:50c0:8001:0:0:0:0:153, googlechromelabs.github.io/2606:50c0:8002:0:0:0:0:153, googlechromelabs.github.io/2606:50c0:8003:0:0:0:0:153]
11:49:35.564 [main] DEBUG org.apache.hc.client5.http.impl.io.DefaultHttpClientConnectionOperator -- googlechromelabs.github.io:443 connecting null->googlechromelabs.github.io/185.199.111.153:443 (30 SECONDS)
11:49:35.564 [main] DEBUG org.apache.hc.client5.http.ssl.SSLConnectionSocketFactory -- Connecting socket to googlechromelabs.github.io/185.199.111.153:443 with timeout 30 SECONDS
11:50:05.565 [main] DEBUG org.apache.hc.client5.http.impl.io.DefaultHttpClientConnectionOperator -- googlechromelabs.github.io:443 connection to googlechromelabs.github.io/185.199.111.153:443 failed (class java.net.SocketTimeoutException); retrying connection to the next address
11:50:05.566 [main] DEBUG org.apache.hc.client5.http.impl.io.DefaultHttpClientConnectionOperator -- googlechromelabs.github.io:443 connecting null->googlechromelabs.github.io/185.199.108.153:443 (30 SECONDS)
11:50:05.566 [main] DEBUG org.apache.hc.client5.http.ssl.SSLConnectionSocketFactory -- Connecting socket to googlechromelabs.github.io/185.199.108.153:443 with timeout 30 SECONDS
11:50:05.748 [main] DEBUG org.apache.hc.client5.http.ssl.SSLConnectionSocketFactory -- Enabled protocols: [TLSv1.3, TLSv1.2]
11:50:05.748 [main] DEBUG org.apache.hc.client5.http.ssl.SSLConnectionSocketFactory -- Enabled cipher suites: [TLS_AES_256_GCM_SHA384, TLS_AES_128_GCM_SHA256, TLS_CHACHA20_POLY1305_SHA256, TLS_ECDHE_ECDSA_WITH_AES_256_GCM_SHA384, TLS_ECDHE_ECDSA_WITH_AES_128_GCM_SHA256, TLS_ECDHE_ECDSA_WITH_CHACHA20_POLY1305_SHA256, TLS_ECDHE_RSA_WITH_AES_256_GCM_SHA384, TLS_ECDHE_RSA_WITH_CHACHA20_POLY1305_SHA256, TLS_ECDHE_RSA_WITH_AES_128_GCM_SHA256, TLS_DHE_RSA_WITH_AES_256_GCM_SHA384, TLS_DHE_RSA_WITH_CHACHA20_POLY1305_SHA256, TLS_DHE_DSS_WITH_AES_256_GCM_SHA384, TLS_DHE_RSA_WITH_AES_128_GCM_SHA256, TLS_DHE_DSS_WITH_AES_128_GCM_SHA256, TLS_ECDHE_ECDSA_WITH_AES_256_CBC_SHA384, TLS_ECDHE_RSA_WITH_AES_256_CBC_SHA384, TLS_ECDHE_ECDSA_WITH_AES_128_CBC_SHA256, TLS_ECDHE_RSA_WITH_AES_128_CBC_SHA256, TLS_DHE_RSA_WITH_AES_256_CBC_SHA256, TLS_DHE_DSS_WITH_AES_256_CBC_SHA256, TLS_DHE_RSA_WITH_AES_128_CBC_SHA256, TLS_DHE_DSS_WITH_AES_128_CBC_SHA256, TLS_ECDH_ECDSA_WITH_AES_256_GCM_SHA384, TLS_ECDH_RSA_WITH_AES_256_GCM_SHA384, TLS_ECDH_ECDSA_WITH_AES_128_GCM_SHA256, TLS_ECDH_RSA_WITH_AES_128_GCM_SHA256, TLS_ECDH_ECDSA_WITH_AES_256_CBC_SHA384, TLS_ECDH_RSA_WITH_AES_256_CBC_SHA384, TLS_ECDH_ECDSA_WITH_AES_128_CBC_SHA256, TLS_ECDH_RSA_WITH_AES_128_CBC_SHA256, TLS_ECDHE_ECDSA_WITH_AES_256_CBC_SHA, TLS_ECDHE_RSA_WITH_AES_256_CBC_SHA, TLS_ECDHE_ECDSA_WITH_AES_128_CBC_SHA, TLS_ECDHE_RSA_WITH_AES_128_CBC_SHA, TLS_DHE_RSA_WITH_AES_256_CBC_SHA, TLS_DHE_DSS_WITH_AES_256_CBC_SHA, TLS_DHE_RSA_WITH_AES_128_CBC_SHA, TLS_DHE_DSS_WITH_AES_128_CBC_SHA, TLS_ECDH_ECDSA_WITH_AES_256_CBC_SHA, TLS_ECDH_RSA_WITH_AES_256_CBC_SHA, TLS_ECDH_ECDSA_WITH_AES_128_CBC_SHA, TLS_ECDH_RSA_WITH_AES_128_CBC_SHA, TLS_RSA_WITH_AES_256_GCM_SHA384, TLS_RSA_WITH_AES_128_GCM_SHA256, TLS_RSA_WITH_AES_256_CBC_SHA256, TLS_RSA_WITH_AES_128_CBC_SHA256, TLS_RSA_WITH_AES_256_CBC_SHA, TLS_RSA_WITH_AES_128_CBC_SHA, TLS_EMPTY_RENEGOTIATION_INFO_SCSV]
11:50:05.748 [main] DEBUG org.apache.hc.client5.http.ssl.SSLConnectionSocketFactory -- Starting handshake (null)
11:50:05.935 [main] DEBUG org.apache.hc.client5.http.ssl.SSLConnectionSocketFactory -- Secure session established
11:50:05.935 [main] DEBUG org.apache.hc.client5.http.ssl.SSLConnectionSocketFactory --  negotiated protocol: TLSv1.3
11:50:05.935 [main] DEBUG org.apache.hc.client5.http.ssl.SSLConnectionSocketFactory --  negotiated cipher suite: TLS_AES_128_GCM_SHA256
11:50:05.935 [main] DEBUG org.apache.hc.client5.http.ssl.SSLConnectionSocketFactory --  peer principal: CN=*.github.io, O="GitHub, Inc.", L=San Francisco, ST=California, C=US
11:50:05.935 [main] DEBUG org.apache.hc.client5.http.ssl.SSLConnectionSocketFactory --  peer alternative names: [*.github.io, github.io, *.github.com, github.com, www.github.com, *.githubusercontent.com, githubusercontent.com]
11:50:05.935 [main] DEBUG org.apache.hc.client5.http.ssl.SSLConnectionSocketFactory --  issuer principal: CN=DigiCert TLS RSA SHA256 2020 CA1, O=DigiCert Inc, C=US
11:50:05.935 [main] DEBUG org.apache.hc.client5.http.impl.io.DefaultManagedHttpClientConnection -- http-outgoing-30 set socket timeout to 3 MINUTES
11:50:05.936 [main] DEBUG org.apache.hc.client5.http.impl.io.DefaultHttpClientConnectionOperator -- googlechromelabs.github.io:443 connected null->googlechromelabs.github.io/185.199.108.153:443 as http-outgoing-30
11:50:05.936 [main] DEBUG org.apache.hc.client5.http.impl.io.PoolingHttpClientConnectionManager -- ep-0000000051 connected http-outgoing-30
11:50:05.936 [main] DEBUG org.apache.hc.client5.http.impl.classic.InternalHttpClient -- ep-0000000051 endpoint connected
11:50:05.936 [main] DEBUG org.apache.hc.client5.http.impl.classic.MainClientExec -- ex-0000000051 executing GET /chrome-for-testing/last-known-good-versions-with-downloads.json HTTP/1.1
11:50:05.936 [main] DEBUG org.apache.hc.client5.http.protocol.RequestAddCookies -- ex-0000000051 Cookie spec selected: strict
11:50:05.936 [main] DEBUG org.apache.hc.client5.http.impl.classic.InternalHttpClient -- ep-0000000051 start execution ex-0000000051
11:50:05.936 [main] DEBUG org.apache.hc.client5.http.impl.io.PoolingHttpClientConnectionManager -- ep-0000000051 executing exchange ex-0000000051 over http-outgoing-30
11:50:05.936 [main] DEBUG org.apache.hc.client5.http.headers -- http-outgoing-30 >> GET /chrome-for-testing/last-known-good-versions-with-downloads.json HTTP/1.1
11:50:05.936 [main] DEBUG org.apache.hc.client5.http.headers -- http-outgoing-30 >> user-agent: Apache-HttpClient/5.0
11:50:05.936 [main] DEBUG org.apache.hc.client5.http.headers -- http-outgoing-30 >> accept-encoding: gzip, deflate, br
11:50:05.936 [main] DEBUG org.apache.hc.client5.http.headers -- http-outgoing-30 >> cache-control: max-age=0
11:50:05.936 [main] DEBUG org.apache.hc.client5.http.headers -- http-outgoing-30 >> connection: keep-alive
11:50:05.936 [main] DEBUG org.apache.hc.client5.http.headers -- http-outgoing-30 >> Host: googlechromelabs.github.io
11:50:05.937 [main] DEBUG org.apache.hc.client5.http.wire -- http-outgoing-30 >> "GET /chrome-for-testing/last-known-good-versions-with-downloads.json HTTP/1.1[\r][\n]"
11:50:05.937 [main] DEBUG org.apache.hc.client5.http.wire -- http-outgoing-30 >> "user-agent: Apache-HttpClient/5.0[\r][\n]"
11:50:05.937 [main] DEBUG org.apache.hc.client5.http.wire -- http-outgoing-30 >> "accept-encoding: gzip, deflate, br[\r][\n]"
11:50:05.937 [main] DEBUG org.apache.hc.client5.http.wire -- http-outgoing-30 >> "cache-control: max-age=0[\r][\n]"
11:50:05.937 [main] DEBUG org.apache.hc.client5.http.wire -- http-outgoing-30 >> "connection: keep-alive[\r][\n]"
11:50:05.937 [main] DEBUG org.apache.hc.client5.http.wire -- http-outgoing-30 >> "Host: googlechromelabs.github.io[\r][\n]"
11:50:05.937 [main] DEBUG org.apache.hc.client5.http.wire -- http-outgoing-30 >> "[\r][\n]"
11:50:06.128 [main] DEBUG org.apache.hc.client5.http.wire -- http-outgoing-30 << "HTTP/1.1 200 OK[\r][\n]"
11:50:06.128 [main] DEBUG org.apache.hc.client5.http.wire -- http-outgoing-30 << "Connection: keep-alive[\r][\n]"
11:50:06.128 [main] DEBUG org.apache.hc.client5.http.wire -- http-outgoing-30 << "Content-Length: 640[\r][\n]"
11:50:06.128 [main] DEBUG org.apache.hc.client5.http.wire -- http-outgoing-30 << "Server: GitHub.com[\r][\n]"
11:50:06.128 [main] DEBUG org.apache.hc.client5.http.wire -- http-outgoing-30 << "Content-Type: application/json; charset=utf-8[\r][\n]"
11:50:06.128 [main] DEBUG org.apache.hc.client5.http.wire -- http-outgoing-30 << "permissions-policy: interest-cohort=()[\r][\n]"
11:50:06.128 [main] DEBUG org.apache.hc.client5.http.wire -- http-outgoing-30 << "x-origin-cache: HIT[\r][\n]"
11:50:06.128 [main] DEBUG org.apache.hc.client5.http.wire -- http-outgoing-30 << "Last-Modified: Mon, 12 Feb 2024 04:09:36 GMT[\r][\n]"
11:50:06.128 [main] DEBUG org.apache.hc.client5.http.wire -- http-outgoing-30 << "Access-Control-Allow-Origin: *[\r][\n]"
11:50:06.128 [main] DEBUG org.apache.hc.client5.http.wire -- http-outgoing-30 << "Strict-Transport-Security: max-age=31556952[\r][\n]"
11:50:06.128 [main] DEBUG org.apache.hc.client5.http.wire -- http-outgoing-30 << "ETag: W/"65c99a00-229c"[\r][\n]"
11:50:06.128 [main] DEBUG org.apache.hc.client5.http.wire -- http-outgoing-30 << "expires: Mon, 12 Feb 2024 04:21:25 GMT[\r][\n]"
11:50:06.128 [main] DEBUG org.apache.hc.client5.http.wire -- http-outgoing-30 << "Cache-Control: max-age=600[\r][\n]"
11:50:06.128 [main] DEBUG org.apache.hc.client5.http.wire -- http-outgoing-30 << "Content-Encoding: gzip[\r][\n]"
11:50:06.128 [main] DEBUG org.apache.hc.client5.http.wire -- http-outgoing-30 << "x-proxy-cache: HIT[\r][\n]"
11:50:06.128 [main] DEBUG org.apache.hc.client5.http.wire -- http-outgoing-30 << "X-GitHub-Request-Id: 7E68:202855:5C382C1:5E35C94:65C99AB6[\r][\n]"
11:50:06.128 [main] DEBUG org.apache.hc.client5.http.wire -- http-outgoing-30 << "Accept-Ranges: bytes[\r][\n]"
11:50:06.128 [main] DEBUG org.apache.hc.client5.http.wire -- http-outgoing-30 << "Date: Mon, 12 Feb 2024 04:50:06 GMT[\r][\n]"
11:50:06.128 [main] DEBUG org.apache.hc.client5.http.wire -- http-outgoing-30 << "Via: 1.1 varnish[\r][\n]"
11:50:06.128 [main] DEBUG org.apache.hc.client5.http.wire -- http-outgoing-30 << "Age: 382[\r][\n]"
11:50:06.128 [main] DEBUG org.apache.hc.client5.http.wire -- http-outgoing-30 << "X-Served-By: cache-fra-eddf8230094-FRA[\r][\n]"
11:50:06.128 [main] DEBUG org.apache.hc.client5.http.wire -- http-outgoing-30 << "X-Cache: HIT[\r][\n]"
11:50:06.128 [main] DEBUG org.apache.hc.client5.http.wire -- http-outgoing-30 << "X-Cache-Hits: 4[\r][\n]"
11:50:06.128 [main] DEBUG org.apache.hc.client5.http.wire -- http-outgoing-30 << "X-Timer: S1707713406.097269,VS0,VE0[\r][\n]"
11:50:06.128 [main] DEBUG org.apache.hc.client5.http.wire -- http-outgoing-30 << "Vary: Accept-Encoding[\r][\n]"
11:50:06.128 [main] DEBUG org.apache.hc.client5.http.wire -- http-outgoing-30 << "X-Fastly-Request-ID: aa12d210cd2fa3da03a7b93165978eb5bc6a33ca[\r][\n]"
11:50:06.128 [main] DEBUG org.apache.hc.client5.http.wire -- http-outgoing-30 << "[\r][\n]"
11:50:06.129 [main] DEBUG org.apache.hc.client5.http.headers -- http-outgoing-30 << HTTP/1.1 200 OK
11:50:06.129 [main] DEBUG org.apache.hc.client5.http.headers -- http-outgoing-30 << Connection: keep-alive
11:50:06.129 [main] DEBUG org.apache.hc.client5.http.headers -- http-outgoing-30 << Content-Length: 640
11:50:06.129 [main] DEBUG org.apache.hc.client5.http.headers -- http-outgoing-30 << Server: GitHub.com
11:50:06.129 [main] DEBUG org.apache.hc.client5.http.headers -- http-outgoing-30 << Content-Type: application/json; charset=utf-8
11:50:06.129 [main] DEBUG org.apache.hc.client5.http.headers -- http-outgoing-30 << permissions-policy: interest-cohort=()
11:50:06.129 [main] DEBUG org.apache.hc.client5.http.headers -- http-outgoing-30 << x-origin-cache: HIT
11:50:06.129 [main] DEBUG org.apache.hc.client5.http.headers -- http-outgoing-30 << Last-Modified: Mon, 12 Feb 2024 04:09:36 GMT
11:50:06.129 [main] DEBUG org.apache.hc.client5.http.headers -- http-outgoing-30 << Access-Control-Allow-Origin: *
11:50:06.129 [main] DEBUG org.apache.hc.client5.http.headers -- http-outgoing-30 << Strict-Transport-Security: max-age=31556952
11:50:06.129 [main] DEBUG org.apache.hc.client5.http.headers -- http-outgoing-30 << ETag: W/"65c99a00-229c"
11:50:06.129 [main] DEBUG org.apache.hc.client5.http.headers -- http-outgoing-30 << expires: Mon, 12 Feb 2024 04:21:25 GMT
11:50:06.129 [main] DEBUG org.apache.hc.client5.http.headers -- http-outgoing-30 << Cache-Control: max-age=600
11:50:06.129 [main] DEBUG org.apache.hc.client5.http.headers -- http-outgoing-30 << Content-Encoding: gzip
11:50:06.129 [main] DEBUG org.apache.hc.client5.http.headers -- http-outgoing-30 << x-proxy-cache: HIT
11:50:06.129 [main] DEBUG org.apache.hc.client5.http.headers -- http-outgoing-30 << X-GitHub-Request-Id: 7E68:202855:5C382C1:5E35C94:65C99AB6
11:50:06.129 [main] DEBUG org.apache.hc.client5.http.headers -- http-outgoing-30 << Accept-Ranges: bytes
11:50:06.129 [main] DEBUG org.apache.hc.client5.http.headers -- http-outgoing-30 << Date: Mon, 12 Feb 2024 04:50:06 GMT
11:50:06.129 [main] DEBUG org.apache.hc.client5.http.headers -- http-outgoing-30 << Via: 1.1 varnish
11:50:06.129 [main] DEBUG org.apache.hc.client5.http.headers -- http-outgoing-30 << Age: 382
11:50:06.129 [main] DEBUG org.apache.hc.client5.http.headers -- http-outgoing-30 << X-Served-By: cache-fra-eddf8230094-FRA
11:50:06.129 [main] DEBUG org.apache.hc.client5.http.headers -- http-outgoing-30 << X-Cache: HIT
11:50:06.129 [main] DEBUG org.apache.hc.client5.http.headers -- http-outgoing-30 << X-Cache-Hits: 4
11:50:06.129 [main] DEBUG org.apache.hc.client5.http.headers -- http-outgoing-30 << X-Timer: S1707713406.097269,VS0,VE0
11:50:06.129 [main] DEBUG org.apache.hc.client5.http.headers -- http-outgoing-30 << Vary: Accept-Encoding
11:50:06.129 [main] DEBUG org.apache.hc.client5.http.headers -- http-outgoing-30 << X-Fastly-Request-ID: aa12d210cd2fa3da03a7b93165978eb5bc6a33ca
11:50:06.129 [main] DEBUG org.apache.hc.client5.http.impl.classic.MainClientExec -- ex-0000000051 connection can be kept alive for 3 MINUTES
11:50:06.129 [main] DEBUG org.apache.hc.client5.http.wire -- http-outgoing-30 << "[0x1f][0xffffff8b][0x8][0x0][0x0][0x0][0x0][0x0][0x0][0x3][0xffffffcd][0xffffff96][0xffffffcb][0xffffff8e][0xffffff9b]0[0x14][0xffffff86][0xfffffff7]}[0xc][0xffffffaf][0xffffffc1]`[0x8][0xffffffe4][0xffffffb2][0xffffff9c][0xffffff99]7hWSu[0xffffffe1][0x6]7A2[0x10][0xffffff81]'[0xffffffd3]N[0xffffffc4][0xffffffbb][0xffffffd7][0x10][0xffffffc3]p[0xffffffb1][0xffffff99]U|[0xffffff90]"%[0x1c][0xffffff9c]s~[0xffffffd0][0xffffffa7][0xffffffa3][0xffffffef][0xffffff86]D[0xffffff9a][0xffffffb1]J[0xffffffd0][0xffffffec][0xffffff82][0xe]([0xfffffff0][0xffffff83][0xffffff8d][0xffffffeb][0x7].!?[0x2]r[0xfffffff0][0xfffffff7][0xfffffff2][0xffffff83]}B^[0xffffff91][0xffffff83][0xffffff8e]g[0xffffff9a][0xffffffe7][0xffffff8c]W[0xffffffe8]pC[0xffffffdf][0x5][0xfffffffd][0xffffffcd]Y[0xfffffff3]KU[0xffffffe5]_U[0xffffffcd]AWVVi[0xffffff91][0xffffffcb][0x12][0x9][0x8][0xfffffff6]qL[0xffffffe2]-[0xffffffde]E[0xfffffff2]N[0xffffffc9][0xffffffae]i[0x7f]+[0xc][0xffffff89][0xffffffbf][0xffffff95][0xffffffc5][0xffffffa4]x[0xffffffcf]yA[0xffffff93][0xffffffea][0xffffffde][0xffffffae],2[0xffffffd9][0xfffffff8][0xffffffe7][\r]]8[0x15][0x7f][0xffffff8a]2[0xffffff93][0xffffff87]y[0xffffff9a][0xffffffbf][0xfffffffd][0xffffff8d]7[0xfffffff2][0xfffffff0][[0xffffffd9][0xffffff8c]:[0xb]q[0xffffffa9][0xe][0xffffff9e][0xffffffc7][0xffffff92][0x13]K8[0xffffffce][0x18]>][0x5][0xffffffc1][0xffffffc7]"S%[0xffffffef][0xffffffde]G}[0xffffffb9][0xffffffb2][0xffffff8d]+[0xffffffe4]3[0xffffffa6][0xfffffff9][0xffffffc9][0x1b]e[0xfffffff2]T[0xffffffe7][0xffffffee][0xffffffa0][0xffffffba][0xffffffc4][0x1f][0xffffffe9][0x5][0xffffffd5][0xffffffce](CF[0xffffff8f].-[0xffffffb3][0xffffff87][0xffffffa4][0xffffffe8]{wG[0xfffffffb][0xffffff82])[0xffffffc9]c[0xffffffde][0xffffff86][0xffffffea]<Lax[0x1b][0xffffffef]i[0x1e][0x6][0xf]H[0xffffffd0][0xfffffff6][0xffffffed][0xffffff8e][0xffffffb5][0x17][0xffffff86][0xffffffe9][0xf]y[0xfffffffe][0xffffffb6][0xffffffef]`z[0xfffffff7][0xffffffec][0xffffffbf][0x1c][0x5]fR[0xffffffa6][0xffffff92]n(<[0xffffffef][0xffffffd3][0xffffffd7][0x2][0xffffffa9]J[0xffffffb3][\n]"
11:50:06.129 [main] DEBUG org.apache.hc.client5.http.wire -- http-outgoing-30 << "T[0x7]Y[0x0][0xffffff81]U)@[0xffffffb1][0xfffffffd][0xffffffcc]0[0xffffff83][0xffffffd7]=3[0xffffff9a]pVUnuf[0xffffff9c]CQ<[0xffffff89][0xffffffb1][0x16][0xffffff9c][0xffffffa7][0xffffffb1]V[0xffffffc1][0xffffffb5].[0x14] [0xffffffe0][0xffffffd3]8[0xffffffa0][0xffffffa4]k[0xffffffc2][0xfffffff4][0xffffffc8][0xffffffd7][0xffffffb5][0xffffff83][0xffffff9e][0xffffff98][0xffffffa0]cCi+c?[0x9][0xffffff9a][0xffffffe6]ALp[0xffffffb0][0xffffff9f][0xfffffffa]I[0xffffffe4]G;[0x1f][0xffffffc2]O[0x6][0xffffff99][0x0][0xfffffffd]d[0xffffff98][0x2][0xffffffd2]O[0xffffffa6]9[0xffffffec][0xfffffffb][0xffffffc9]0[0xffffff81]}?[0xffffff99]L[0xffffff87][0xfffffff7][0x13]3[0xffffff9e][0xfffffff6][0xfffffffd]d[0x9]R[0xfffffffb]~bF[0xffffffd5][0xffffffae][0xffffff9f][0xffffff98][0xffffff80][0xffffffb5][0xffffffe9]'&l[0xffffffd7][0xffffffe2]'[0xb]K[0x16][0xffffffce]O[0x16]w.[0xffffff9c][0xffffff9f],[0xffffffac]`[0x18]?1nd[0x8]?1.[0xffffffe8]/[0xfffffffc][0xffffffe4][0xffffff85]][0xffffffc7]z[0xffffffd2][0x14][0xffffffc6]v[0x12][0xffffffb6][0xffffffad]w1[0xfffffff6]gr[0xffffffb2]%[0xffffff9b][0x10]BN>#[0x1][0xffffffba][0xffffffc9] [0x4][0xffffffa4][0xffffff9a]Lb[0xffffffd8]7[0xffffff93]A[0x0][0xfffffffb]b2[0x1e][0xe][0xffffffef]%F2[0xffffffed]k[0xffffffc9][0x2][0xffffff9f][0xfffffff6][0xffffffad][0xffffffc4]H[0xffffffa9]])1[0xffffffb0]j[0xffffffd3]I[0xc][0xffffffc4][0xffffffae]EI[0xffffffcc][0xffffffab][0x15][0xffffffce]H[0xffffff96]6-[0xffffff9c][0xffffff90][0xffffff98][0x17]/[0xffffff8c][0xffffff8f][0xffffff98][0xfffffff6]0[0xffffff84][0xffffff8e][0xffffff98][0xffffffd6][0xfffffff2][0x17]6[0xfffffff2]LsZ[0xfffffffe][0x1b][0xb][0xffffff89][0xffffffaa][0xffffffe9][0xffffff9c]d[0x1f]i[0xffffff9c]d[0xffffffb7][0xffffff8f][0x8][0xffffff9c][0xffffff93]4[0xffffff91][0xffffffc0][0xffffff9d][0xffffffa4][\r][0x1][0xffffffef]$}[0xc]('i[0x3]@9I7|-N[0xffffffa2]![0x13][0xffffffca]I[0xffffffb4]|B9[0xffffff89][0xffffff86]R[0x8]'[0xffffff99][0xffffffb1]j[0xffffffdf]If[0xffffffc4][0xffffffae][0xffffffcb]It[0xffffffab][0x15][0xffffffda]I[0xfffffff4][0xffffff9b][0x16][0xffffffda]It[0xffffff8b][0x17][0xffffffd2]I[0xffffffe6]{[0x18][0xffffffce]I[0xffffffe6]ky[0xffffffd1]I[0xffffffea][0xfffffffa][0xffffffdb][0x7f][0xffffffd5][0xffffffa2][0xffffff9a]W[0xffffff9c]"[0x0][0x0]"
11:50:06.130 [main] DEBUG org.apache.hc.client5.http.impl.classic.InternalHttpClient -- ep-0000000051 releasing valid endpoint
11:50:06.131 [main] DEBUG org.apache.hc.client5.http.impl.io.PoolingHttpClientConnectionManager -- ep-0000000051 releasing endpoint
11:50:06.131 [main] DEBUG org.apache.hc.client5.http.impl.io.PoolingHttpClientConnectionManager -- ep-0000000051 connection http-outgoing-30 can be kept alive for 3 MINUTES
11:50:06.131 [main] DEBUG org.apache.hc.client5.http.impl.io.PoolingHttpClientConnectionManager -- ep-0000000051 connection released [route: {s}->https://googlechromelabs.github.io:443][total available: 1; route allocated: 1 of 5; total allocated: 1 of 25]
11:50:06.131 [main] DEBUG io.github.bonigarcia.wdm.WebDriverManager -- Driver to be downloaded chromedriver 121.0.6167.139
11:50:06.132 [main] DEBUG io.github.bonigarcia.wdm.WebDriverManager -- Using URL built from repository pattern: https://edgedl.me.gvt1.com/edgedl/chrome/chrome-for-testing/121.0.6167.139/mac-arm64/chromedriver-mac-arm64.zip
11:50:06.132 [main] INFO io.github.bonigarcia.wdm.online.Downloader -- Downloading https://edgedl.me.gvt1.com/edgedl/chrome/chrome-for-testing/121.0.6167.139/mac-arm64/chromedriver-mac-arm64.zip
11:50:06.133 [main] DEBUG org.apache.hc.client5.http.impl.classic.InternalHttpClient -- ex-0000000052 preparing request execution
11:50:06.133 [main] DEBUG org.apache.hc.client5.http.impl.classic.ProtocolExec -- ex-0000000052 target auth state: UNCHALLENGED
11:50:06.133 [main] DEBUG org.apache.hc.client5.http.impl.classic.ProtocolExec -- ex-0000000052 proxy auth state: UNCHALLENGED
11:50:06.133 [main] DEBUG org.apache.hc.client5.http.impl.classic.ConnectExec -- ex-0000000052 acquiring connection with route {s}->https://edgedl.me.gvt1.com:443
11:50:06.133 [main] DEBUG org.apache.hc.client5.http.impl.classic.InternalHttpClient -- ex-0000000052 acquiring endpoint (3 MINUTES)
11:50:06.133 [main] DEBUG org.apache.hc.client5.http.impl.io.PoolingHttpClientConnectionManager -- ex-0000000052 endpoint lease request (3 MINUTES) [route: {s}->https://edgedl.me.gvt1.com:443][total available: 1; route allocated: 0 of 5; total allocated: 1 of 25]
11:50:06.133 [main] DEBUG org.apache.hc.client5.http.impl.io.PoolingHttpClientConnectionManager -- ex-0000000052 endpoint leased [route: {s}->https://edgedl.me.gvt1.com:443][total available: 1; route allocated: 1 of 5; total allocated: 2 of 25]
11:50:06.133 [main] DEBUG org.apache.hc.client5.http.impl.io.PoolingHttpClientConnectionManager -- ex-0000000052 acquired ep-0000000052
11:50:06.133 [main] DEBUG org.apache.hc.client5.http.impl.classic.InternalHttpClient -- ex-0000000052 acquired endpoint ep-0000000052
11:50:06.133 [main] DEBUG org.apache.hc.client5.http.impl.classic.ConnectExec -- ex-0000000052 opening connection {s}->https://edgedl.me.gvt1.com:443
11:50:06.133 [main] DEBUG org.apache.hc.client5.http.impl.classic.InternalHttpClient -- ep-0000000052 connecting endpoint (null)
11:50:06.133 [main] DEBUG org.apache.hc.client5.http.impl.io.PoolingHttpClientConnectionManager -- ep-0000000052 connecting endpoint to https://edgedl.me.gvt1.com:443 (30 SECONDS)
11:50:06.133 [main] DEBUG org.apache.hc.client5.http.impl.io.DefaultHttpClientConnectionOperator -- edgedl.me.gvt1.com resolving remote address
11:50:06.137 [main] DEBUG org.apache.hc.client5.http.impl.io.DefaultHttpClientConnectionOperator -- edgedl.me.gvt1.com resolved to [edgedl.me.gvt1.com/34.104.35.123, edgedl.me.gvt1.com/2600:1900:4110:86f:0:0:0:0]
11:50:06.138 [main] DEBUG org.apache.hc.client5.http.impl.io.DefaultHttpClientConnectionOperator -- edgedl.me.gvt1.com:443 connecting null->edgedl.me.gvt1.com/34.104.35.123:443 (30 SECONDS)
11:50:06.138 [main] DEBUG org.apache.hc.client5.http.ssl.SSLConnectionSocketFactory -- Connecting socket to edgedl.me.gvt1.com/34.104.35.123:443 with timeout 30 SECONDS
11:50:06.146 [main] DEBUG org.apache.hc.client5.http.ssl.SSLConnectionSocketFactory -- Enabled protocols: [TLSv1.3, TLSv1.2]
11:50:06.146 [main] DEBUG org.apache.hc.client5.http.ssl.SSLConnectionSocketFactory -- Enabled cipher suites: [TLS_AES_256_GCM_SHA384, TLS_AES_128_GCM_SHA256, TLS_CHACHA20_POLY1305_SHA256, TLS_ECDHE_ECDSA_WITH_AES_256_GCM_SHA384, TLS_ECDHE_ECDSA_WITH_AES_128_GCM_SHA256, TLS_ECDHE_ECDSA_WITH_CHACHA20_POLY1305_SHA256, TLS_ECDHE_RSA_WITH_AES_256_GCM_SHA384, TLS_ECDHE_RSA_WITH_CHACHA20_POLY1305_SHA256, TLS_ECDHE_RSA_WITH_AES_128_GCM_SHA256, TLS_DHE_RSA_WITH_AES_256_GCM_SHA384, TLS_DHE_RSA_WITH_CHACHA20_POLY1305_SHA256, TLS_DHE_DSS_WITH_AES_256_GCM_SHA384, TLS_DHE_RSA_WITH_AES_128_GCM_SHA256, TLS_DHE_DSS_WITH_AES_128_GCM_SHA256, TLS_ECDHE_ECDSA_WITH_AES_256_CBC_SHA384, TLS_ECDHE_RSA_WITH_AES_256_CBC_SHA384, TLS_ECDHE_ECDSA_WITH_AES_128_CBC_SHA256, TLS_ECDHE_RSA_WITH_AES_128_CBC_SHA256, TLS_DHE_RSA_WITH_AES_256_CBC_SHA256, TLS_DHE_DSS_WITH_AES_256_CBC_SHA256, TLS_DHE_RSA_WITH_AES_128_CBC_SHA256, TLS_DHE_DSS_WITH_AES_128_CBC_SHA256, TLS_ECDH_ECDSA_WITH_AES_256_GCM_SHA384, TLS_ECDH_RSA_WITH_AES_256_GCM_SHA384, TLS_ECDH_ECDSA_WITH_AES_128_GCM_SHA256, TLS_ECDH_RSA_WITH_AES_128_GCM_SHA256, TLS_ECDH_ECDSA_WITH_AES_256_CBC_SHA384, TLS_ECDH_RSA_WITH_AES_256_CBC_SHA384, TLS_ECDH_ECDSA_WITH_AES_128_CBC_SHA256, TLS_ECDH_RSA_WITH_AES_128_CBC_SHA256, TLS_ECDHE_ECDSA_WITH_AES_256_CBC_SHA, TLS_ECDHE_RSA_WITH_AES_256_CBC_SHA, TLS_ECDHE_ECDSA_WITH_AES_128_CBC_SHA, TLS_ECDHE_RSA_WITH_AES_128_CBC_SHA, TLS_DHE_RSA_WITH_AES_256_CBC_SHA, TLS_DHE_DSS_WITH_AES_256_CBC_SHA, TLS_DHE_RSA_WITH_AES_128_CBC_SHA, TLS_DHE_DSS_WITH_AES_128_CBC_SHA, TLS_ECDH_ECDSA_WITH_AES_256_CBC_SHA, TLS_ECDH_RSA_WITH_AES_256_CBC_SHA, TLS_ECDH_ECDSA_WITH_AES_128_CBC_SHA, TLS_ECDH_RSA_WITH_AES_128_CBC_SHA, TLS_RSA_WITH_AES_256_GCM_SHA384, TLS_RSA_WITH_AES_128_GCM_SHA256, TLS_RSA_WITH_AES_256_CBC_SHA256, TLS_RSA_WITH_AES_128_CBC_SHA256, TLS_RSA_WITH_AES_256_CBC_SHA, TLS_RSA_WITH_AES_128_CBC_SHA, TLS_EMPTY_RENEGOTIATION_INFO_SCSV]
11:50:06.148 [main] DEBUG org.apache.hc.client5.http.ssl.SSLConnectionSocketFactory -- Starting handshake (null)
11:50:06.212 [main] DEBUG org.apache.hc.client5.http.ssl.SSLConnectionSocketFactory -- Secure session established
11:50:06.212 [main] DEBUG org.apache.hc.client5.http.ssl.SSLConnectionSocketFactory --  negotiated protocol: TLSv1.3
11:50:06.212 [main] DEBUG org.apache.hc.client5.http.ssl.SSLConnectionSocketFactory --  negotiated cipher suite: TLS_AES_256_GCM_SHA384
11:50:06.212 [main] DEBUG org.apache.hc.client5.http.ssl.SSLConnectionSocketFactory --  peer principal: CN=edgedl.me.gvt1.com
11:50:06.212 [main] DEBUG org.apache.hc.client5.http.ssl.SSLConnectionSocketFactory --  peer alternative names: [edgedl.me.gvt1.com]
11:50:06.212 [main] DEBUG org.apache.hc.client5.http.ssl.SSLConnectionSocketFactory --  issuer principal: CN=GTS CA 1D4, O=Google Trust Services LLC, C=US
11:50:06.212 [main] DEBUG org.apache.hc.client5.http.impl.io.DefaultManagedHttpClientConnection -- http-outgoing-31 set socket timeout to 3 MINUTES
11:50:06.212 [main] DEBUG org.apache.hc.client5.http.impl.io.DefaultHttpClientConnectionOperator -- edgedl.me.gvt1.com:443 connected null->edgedl.me.gvt1.com/34.104.35.123:443 as http-outgoing-31
11:50:06.212 [main] DEBUG org.apache.hc.client5.http.impl.io.PoolingHttpClientConnectionManager -- ep-0000000052 connected http-outgoing-31
11:50:06.212 [main] DEBUG org.apache.hc.client5.http.impl.classic.InternalHttpClient -- ep-0000000052 endpoint connected
11:50:06.212 [main] DEBUG org.apache.hc.client5.http.impl.classic.MainClientExec -- ex-0000000052 executing GET /edgedl/chrome/chrome-for-testing/121.0.6167.139/mac-arm64/chromedriver-mac-arm64.zip HTTP/1.1
11:50:06.212 [main] DEBUG org.apache.hc.client5.http.protocol.RequestAddCookies -- ex-0000000052 Cookie spec selected: strict
11:50:06.212 [main] DEBUG org.apache.hc.client5.http.impl.classic.InternalHttpClient -- ep-0000000052 start execution ex-0000000052
11:50:06.212 [main] DEBUG org.apache.hc.client5.http.impl.io.PoolingHttpClientConnectionManager -- ep-0000000052 executing exchange ex-0000000052 over http-outgoing-31
11:50:06.212 [main] DEBUG org.apache.hc.client5.http.headers -- http-outgoing-31 >> GET /edgedl/chrome/chrome-for-testing/121.0.6167.139/mac-arm64/chromedriver-mac-arm64.zip HTTP/1.1
11:50:06.212 [main] DEBUG org.apache.hc.client5.http.headers -- http-outgoing-31 >> user-agent: Apache-HttpClient/5.0
11:50:06.212 [main] DEBUG org.apache.hc.client5.http.headers -- http-outgoing-31 >> accept-encoding: gzip, deflate, br
11:50:06.212 [main] DEBUG org.apache.hc.client5.http.headers -- http-outgoing-31 >> cache-control: max-age=0
11:50:06.212 [main] DEBUG org.apache.hc.client5.http.headers -- http-outgoing-31 >> connection: keep-alive
11:50:06.212 [main] DEBUG org.apache.hc.client5.http.headers -- http-outgoing-31 >> Host: edgedl.me.gvt1.com
11:50:06.212 [main] DEBUG org.apache.hc.client5.http.wire -- http-outgoing-31 >> "GET /edgedl/chrome/chrome-for-testing/121.0.6167.139/mac-arm64/chromedriver-mac-arm64.zip HTTP/1.1[\r][\n]"
11:50:06.212 [main] DEBUG org.apache.hc.client5.http.wire -- http-outgoing-31 >> "user-agent: Apache-HttpClient/5.0[\r][\n]"
11:50:06.212 [main] DEBUG org.apache.hc.client5.http.wire -- http-outgoing-31 >> "accept-encoding: gzip, deflate, br[\r][\n]"
11:50:06.212 [main] DEBUG org.apache.hc.client5.http.wire -- http-outgoing-31 >> "cache-control: max-age=0[\r][\n]"
11:50:06.212 [main] DEBUG org.apache.hc.client5.http.wire -- http-outgoing-31 >> "connection: keep-alive[\r][\n]"
11:50:06.212 [main] DEBUG org.apache.hc.client5.http.wire -- http-outgoing-31 >> "Host: edgedl.me.gvt1.com[\r][\n]"
11:50:06.212 [main] DEBUG org.apache.hc.client5.http.wire -- http-outgoing-31 >> "[\r][\n]"
11:50:06.433 [main] DEBUG org.apache.hc.client5.http.wire -- http-outgoing-31 << "HTTP/1.1 404 Not Found[\r][\n]"
11:50:06.433 [main] DEBUG org.apache.hc.client5.http.wire -- http-outgoing-31 << "content-length: 1449[\r][\n]"
11:50:06.433 [main] DEBUG org.apache.hc.client5.http.wire -- http-outgoing-31 << "content-type: text/html; charset=utf-8[\r][\n]"
11:50:06.433 [main] DEBUG org.apache.hc.client5.http.wire -- http-outgoing-31 << "server: Google-Edge-Cache[\r][\n]"
11:50:06.433 [main] DEBUG org.apache.hc.client5.http.wire -- http-outgoing-31 << "x-content-type-options: nosniff[\r][\n]"
11:50:06.433 [main] DEBUG org.apache.hc.client5.http.wire -- http-outgoing-31 << "x-frame-options: SAMEORIGIN[\r][\n]"
11:50:06.433 [main] DEBUG org.apache.hc.client5.http.wire -- http-outgoing-31 << "x-xss-protection: 0[\r][\n]"
11:50:06.433 [main] DEBUG org.apache.hc.client5.http.wire -- http-outgoing-31 << "date: Mon, 12 Feb 2024 04:50:06 GMT[\r][\n]"
11:50:06.433 [main] DEBUG org.apache.hc.client5.http.wire -- http-outgoing-31 << "x-request-id: 9dc102c8-461d-4d8f-aa3b-eccf5b1b6b13[\r][\n]"
11:50:06.433 [main] DEBUG org.apache.hc.client5.http.wire -- http-outgoing-31 << "alt-svc: clear[\r][\n]"
11:50:06.433 [main] DEBUG org.apache.hc.client5.http.wire -- http-outgoing-31 << "coprocessor-response: download-server[\r][\n]"
11:50:06.433 [main] DEBUG org.apache.hc.client5.http.wire -- http-outgoing-31 << "[\r][\n]"
11:50:06.433 [main] DEBUG org.apache.hc.client5.http.wire -- http-outgoing-31 << "[\n]"
11:50:06.433 [main] DEBUG org.apache.hc.client5.http.wire -- http-outgoing-31 << "<!DOCTYPE html>[\n]"
11:50:06.433 [main] DEBUG org.apache.hc.client5.http.wire -- http-outgoing-31 << "<html lang=en>[\n]"
11:50:06.433 [main] DEBUG org.apache.hc.client5.http.wire -- http-outgoing-31 << "  <meta charset=utf-8>[\n]"
11:50:06.433 [main] DEBUG org.apache.hc.client5.http.wire -- http-outgoing-31 << "  <meta name=viewport content="initial-scale=1, minimum-scale=1, width=device-width">[\n]"
11:50:06.433 [main] DEBUG org.apache.hc.client5.http.wire -- http-outgoing-31 << "  <title>Error 404 (Not Found)!!1</title>[\n]"
11:50:06.433 [main] DEBUG org.apache.hc.client5.http.wire -- http-outgoing-31 << "  <style>[\n]"
11:50:06.433 [main] DEBUG org.apache.hc.client5.http.wire -- http-outgoing-31 << "    *{margin:0;padding:0}html,code{font:15px/22px arial,sans-serif}html{background:#fff;color:#222;padding:15px}body{margin:7% auto 0;max-width:390px;min-height:180px;padding:30px 0 15px}* > body{background:url(//www.google.com/images/errors/robot.png) 100% 5px no-repeat;padding-right:205px}p{margin:11px 0 22px;overflow:hidden}ins{color:#777;text-decoration:none}a img{border:0}@media screen and (max-width:772px){body{background:none;margin-top:0;max-width:none;padding-right:0}}#logo{background:url(//www.google.com/images/logos/errorpage/error_logo-150x54.png) no-repeat;margin-left:-5px}@media only screen and (min-resolution:192dpi){#logo{background:url(//www.google.com/images/logos/errorpage/error_logo-150x54-2x.png) no-repeat 0% 0%/100% 100%;-moz-border-image:url(//www.google.com/images/logos/errorpage/error_logo-150x54-2x.png) 0}}@media only screen and (-webkit-min-device-pixel-ratio:2){#logo{background:url(//www.google.com/images/logos/errorpage/error_logo-150x54-2x.png) no-repeat;-webkit-background-size:100% 100%}}#logo{display:inline-block;height:54px;width:150px}[\n]"
11:50:06.433 [main] DEBUG org.apache.hc.client5.http.wire -- http-outgoing-31 << "  </style>[\n]"
11:50:06.433 [main] DEBUG org.apache.hc.client5.http.wire -- http-outgoing-31 << "  <a href=//www.google.com/><span id=logo aria-label=Google></span></a>[\n]"
11:50:06.433 [main] DEBUG org.apache.hc.client5.http.wire -- http-outgoing-31 << "  <p><b>404.</b> <ins>That[0xffffffe2][0xffffff80][0xffffff99]s an error.</ins>[\n]"
11:50:06.433 [main] DEBUG org.apache.hc.client5.http.wire -- http-outgoing-31 << "  <p>  <ins>That[0xffffffe2][0xffffff80][0xffffff99]s all we know.</ins>[\n]"
11:50:06.433 [main] DEBUG org.apache.hc.client5.http.headers -- http-outgoing-31 << HTTP/1.1 404 Not Found
11:50:06.433 [main] DEBUG org.apache.hc.client5.http.headers -- http-outgoing-31 << content-length: 1449
11:50:06.434 [main] DEBUG org.apache.hc.client5.http.headers -- http-outgoing-31 << content-type: text/html; charset=utf-8
11:50:06.434 [main] DEBUG org.apache.hc.client5.http.headers -- http-outgoing-31 << server: Google-Edge-Cache
11:50:06.434 [main] DEBUG org.apache.hc.client5.http.headers -- http-outgoing-31 << x-content-type-options: nosniff
11:50:06.434 [main] DEBUG org.apache.hc.client5.http.headers -- http-outgoing-31 << x-frame-options: SAMEORIGIN
11:50:06.434 [main] DEBUG org.apache.hc.client5.http.headers -- http-outgoing-31 << x-xss-protection: 0
11:50:06.434 [main] DEBUG org.apache.hc.client5.http.headers -- http-outgoing-31 << date: Mon, 12 Feb 2024 04:50:06 GMT
11:50:06.434 [main] DEBUG org.apache.hc.client5.http.headers -- http-outgoing-31 << x-request-id: 9dc102c8-461d-4d8f-aa3b-eccf5b1b6b13
11:50:06.434 [main] DEBUG org.apache.hc.client5.http.headers -- http-outgoing-31 << alt-svc: clear
11:50:06.434 [main] DEBUG org.apache.hc.client5.http.headers -- http-outgoing-31 << coprocessor-response: download-server
11:50:06.434 [main] DEBUG org.apache.hc.client5.http.impl.classic.MainClientExec -- ex-0000000052 connection can be kept alive for 3 MINUTES
11:50:06.434 [main] ERROR io.github.bonigarcia.wdm.online.HttpClient -- Error HTTP 404 executing https://edgedl.me.gvt1.com/edgedl/chrome/chrome-for-testing/121.0.6167.139/mac-arm64/chromedriver-mac-arm64.zip
11:50:06.438 [main] INFO io.github.bonigarcia.wdm.cache.ResolutionCache -- Clearing WebDriverManager resolution cache
11:50:06.439 [main] WARN io.github.bonigarcia.wdm.WebDriverManager -- There was an error managing chromedriver 121.0.6167.139 (Error HTTP 404 executing https://edgedl.me.gvt1.com/edgedl/chrome/chrome-for-testing/121.0.6167.139/mac-arm64/chromedriver-mac-arm64.zip) ... trying again avoiding reading release from repository
11:50:06.443 [main] DEBUG org.apache.hc.client5.http.impl.classic.InternalHttpClient -- ex-0000000053 preparing request execution
11:50:06.443 [main] DEBUG org.apache.hc.client5.http.impl.classic.ProtocolExec -- ex-0000000053 target auth state: UNCHALLENGED
11:50:06.443 [main] DEBUG org.apache.hc.client5.http.impl.classic.ProtocolExec -- ex-0000000053 proxy auth state: UNCHALLENGED
11:50:06.443 [main] DEBUG org.apache.hc.client5.http.impl.classic.ConnectExec -- ex-0000000053 acquiring connection with route {s}->https://raw.githubusercontent.com:443
11:50:06.443 [main] DEBUG org.apache.hc.client5.http.impl.classic.InternalHttpClient -- ex-0000000053 acquiring endpoint (3 MINUTES)
11:50:06.443 [main] DEBUG org.apache.hc.client5.http.impl.io.PoolingHttpClientConnectionManager -- ex-0000000053 endpoint lease request (3 MINUTES) [route: {s}->https://raw.githubusercontent.com:443][total available: 1; route allocated: 0 of 5; total allocated: 2 of 25]
11:50:06.443 [main] DEBUG org.apache.hc.client5.http.impl.io.PoolingHttpClientConnectionManager -- ex-0000000053 endpoint leased [route: {s}->https://raw.githubusercontent.com:443][total available: 1; route allocated: 1 of 5; total allocated: 3 of 25]
11:50:06.443 [main] DEBUG org.apache.hc.client5.http.impl.io.PoolingHttpClientConnectionManager -- ex-0000000053 acquired ep-0000000053
11:50:06.443 [main] DEBUG org.apache.hc.client5.http.impl.classic.InternalHttpClient -- ex-0000000053 acquired endpoint ep-0000000053
11:50:06.443 [main] DEBUG org.apache.hc.client5.http.impl.classic.ConnectExec -- ex-0000000053 opening connection {s}->https://raw.githubusercontent.com:443
11:50:06.443 [main] DEBUG org.apache.hc.client5.http.impl.classic.InternalHttpClient -- ep-0000000053 connecting endpoint (null)
11:50:06.443 [main] DEBUG org.apache.hc.client5.http.impl.io.PoolingHttpClientConnectionManager -- ep-0000000053 connecting endpoint to https://raw.githubusercontent.com:443 (30 SECONDS)
11:50:06.443 [main] DEBUG org.apache.hc.client5.http.impl.io.DefaultHttpClientConnectionOperator -- raw.githubusercontent.com resolving remote address
11:50:06.445 [main] DEBUG org.apache.hc.client5.http.impl.io.DefaultHttpClientConnectionOperator -- raw.githubusercontent.com resolved to [raw.githubusercontent.com/185.199.108.133, raw.githubusercontent.com/185.199.111.133, raw.githubusercontent.com/185.199.110.133, raw.githubusercontent.com/185.199.109.133, raw.githubusercontent.com/2606:50c0:8003:0:0:0:0:154, raw.githubusercontent.com/2606:50c0:8002:0:0:0:0:154, raw.githubusercontent.com/2606:50c0:8000:0:0:0:0:154, raw.githubusercontent.com/2606:50c0:8001:0:0:0:0:154]
11:50:06.445 [main] DEBUG org.apache.hc.client5.http.impl.io.DefaultHttpClientConnectionOperator -- raw.githubusercontent.com:443 connecting null->raw.githubusercontent.com/185.199.108.133:443 (30 SECONDS)
11:50:06.445 [main] DEBUG org.apache.hc.client5.http.ssl.SSLConnectionSocketFactory -- Connecting socket to raw.githubusercontent.com/185.199.108.133:443 with timeout 30 SECONDS
11:50:06.615 [main] DEBUG org.apache.hc.client5.http.ssl.SSLConnectionSocketFactory -- Enabled protocols: [TLSv1.3, TLSv1.2]
11:50:06.615 [main] DEBUG org.apache.hc.client5.http.ssl.SSLConnectionSocketFactory -- Enabled cipher suites: [TLS_AES_256_GCM_SHA384, TLS_AES_128_GCM_SHA256, TLS_CHACHA20_POLY1305_SHA256, TLS_ECDHE_ECDSA_WITH_AES_256_GCM_SHA384, TLS_ECDHE_ECDSA_WITH_AES_128_GCM_SHA256, TLS_ECDHE_ECDSA_WITH_CHACHA20_POLY1305_SHA256, TLS_ECDHE_RSA_WITH_AES_256_GCM_SHA384, TLS_ECDHE_RSA_WITH_CHACHA20_POLY1305_SHA256, TLS_ECDHE_RSA_WITH_AES_128_GCM_SHA256, TLS_DHE_RSA_WITH_AES_256_GCM_SHA384, TLS_DHE_RSA_WITH_CHACHA20_POLY1305_SHA256, TLS_DHE_DSS_WITH_AES_256_GCM_SHA384, TLS_DHE_RSA_WITH_AES_128_GCM_SHA256, TLS_DHE_DSS_WITH_AES_128_GCM_SHA256, TLS_ECDHE_ECDSA_WITH_AES_256_CBC_SHA384, TLS_ECDHE_RSA_WITH_AES_256_CBC_SHA384, TLS_ECDHE_ECDSA_WITH_AES_128_CBC_SHA256, TLS_ECDHE_RSA_WITH_AES_128_CBC_SHA256, TLS_DHE_RSA_WITH_AES_256_CBC_SHA256, TLS_DHE_DSS_WITH_AES_256_CBC_SHA256, TLS_DHE_RSA_WITH_AES_128_CBC_SHA256, TLS_DHE_DSS_WITH_AES_128_CBC_SHA256, TLS_ECDH_ECDSA_WITH_AES_256_GCM_SHA384, TLS_ECDH_RSA_WITH_AES_256_GCM_SHA384, TLS_ECDH_ECDSA_WITH_AES_128_GCM_SHA256, TLS_ECDH_RSA_WITH_AES_128_GCM_SHA256, TLS_ECDH_ECDSA_WITH_AES_256_CBC_SHA384, TLS_ECDH_RSA_WITH_AES_256_CBC_SHA384, TLS_ECDH_ECDSA_WITH_AES_128_CBC_SHA256, TLS_ECDH_RSA_WITH_AES_128_CBC_SHA256, TLS_ECDHE_ECDSA_WITH_AES_256_CBC_SHA, TLS_ECDHE_RSA_WITH_AES_256_CBC_SHA, TLS_ECDHE_ECDSA_WITH_AES_128_CBC_SHA, TLS_ECDHE_RSA_WITH_AES_128_CBC_SHA, TLS_DHE_RSA_WITH_AES_256_CBC_SHA, TLS_DHE_DSS_WITH_AES_256_CBC_SHA, TLS_DHE_RSA_WITH_AES_128_CBC_SHA, TLS_DHE_DSS_WITH_AES_128_CBC_SHA, TLS_ECDH_ECDSA_WITH_AES_256_CBC_SHA, TLS_ECDH_RSA_WITH_AES_256_CBC_SHA, TLS_ECDH_ECDSA_WITH_AES_128_CBC_SHA, TLS_ECDH_RSA_WITH_AES_128_CBC_SHA, TLS_RSA_WITH_AES_256_GCM_SHA384, TLS_RSA_WITH_AES_128_GCM_SHA256, TLS_RSA_WITH_AES_256_CBC_SHA256, TLS_RSA_WITH_AES_128_CBC_SHA256, TLS_RSA_WITH_AES_256_CBC_SHA, TLS_RSA_WITH_AES_128_CBC_SHA, TLS_EMPTY_RENEGOTIATION_INFO_SCSV]
11:50:06.615 [main] DEBUG org.apache.hc.client5.http.ssl.SSLConnectionSocketFactory -- Starting handshake (null)
11:50:06.799 [main] DEBUG org.apache.hc.client5.http.ssl.SSLConnectionSocketFactory -- Secure session established
11:50:06.799 [main] DEBUG org.apache.hc.client5.http.ssl.SSLConnectionSocketFactory --  negotiated protocol: TLSv1.3
11:50:06.799 [main] DEBUG org.apache.hc.client5.http.ssl.SSLConnectionSocketFactory --  negotiated cipher suite: TLS_AES_128_GCM_SHA256
11:50:06.799 [main] DEBUG org.apache.hc.client5.http.ssl.SSLConnectionSocketFactory --  peer principal: CN=*.github.io, O="GitHub, Inc.", L=San Francisco, ST=California, C=US
11:50:06.799 [main] DEBUG org.apache.hc.client5.http.ssl.SSLConnectionSocketFactory --  peer alternative names: [*.github.io, github.io, *.github.com, github.com, www.github.com, *.githubusercontent.com, githubusercontent.com]
11:50:06.799 [main] DEBUG org.apache.hc.client5.http.ssl.SSLConnectionSocketFactory --  issuer principal: CN=DigiCert TLS RSA SHA256 2020 CA1, O=DigiCert Inc, C=US
11:50:06.799 [main] DEBUG org.apache.hc.client5.http.impl.io.DefaultManagedHttpClientConnection -- http-outgoing-32 set socket timeout to 3 MINUTES
11:50:06.799 [main] DEBUG org.apache.hc.client5.http.impl.io.DefaultHttpClientConnectionOperator -- raw.githubusercontent.com:443 connected null->raw.githubusercontent.com/185.199.108.133:443 as http-outgoing-32
11:50:06.799 [main] DEBUG org.apache.hc.client5.http.impl.io.PoolingHttpClientConnectionManager -- ep-0000000053 connected http-outgoing-32
11:50:06.799 [main] DEBUG org.apache.hc.client5.http.impl.classic.InternalHttpClient -- ep-0000000053 endpoint connected
11:50:06.799 [main] DEBUG org.apache.hc.client5.http.impl.classic.MainClientExec -- ex-0000000053 executing GET /bonigarcia/webdrivermanager/master/src/main/resources/commands.properties HTTP/1.1
11:50:06.800 [main] DEBUG org.apache.hc.client5.http.protocol.RequestAddCookies -- ex-0000000053 Cookie spec selected: strict
11:50:06.800 [main] DEBUG org.apache.hc.client5.http.impl.classic.InternalHttpClient -- ep-0000000053 start execution ex-0000000053
11:50:06.800 [main] DEBUG org.apache.hc.client5.http.impl.io.PoolingHttpClientConnectionManager -- ep-0000000053 executing exchange ex-0000000053 over http-outgoing-32
11:50:06.800 [main] DEBUG org.apache.hc.client5.http.headers -- http-outgoing-32 >> GET /bonigarcia/webdrivermanager/master/src/main/resources/commands.properties HTTP/1.1
11:50:06.800 [main] DEBUG org.apache.hc.client5.http.headers -- http-outgoing-32 >> user-agent: Apache-HttpClient/5.0
11:50:06.800 [main] DEBUG org.apache.hc.client5.http.headers -- http-outgoing-32 >> accept-encoding: gzip, deflate, br
11:50:06.800 [main] DEBUG org.apache.hc.client5.http.headers -- http-outgoing-32 >> cache-control: max-age=0
11:50:06.800 [main] DEBUG org.apache.hc.client5.http.headers -- http-outgoing-32 >> connection: keep-alive
11:50:06.800 [main] DEBUG org.apache.hc.client5.http.headers -- http-outgoing-32 >> Host: raw.githubusercontent.com
11:50:06.800 [main] DEBUG org.apache.hc.client5.http.wire -- http-outgoing-32 >> "GET /bonigarcia/webdrivermanager/master/src/main/resources/commands.properties HTTP/1.1[\r][\n]"
11:50:06.800 [main] DEBUG org.apache.hc.client5.http.wire -- http-outgoing-32 >> "user-agent: Apache-HttpClient/5.0[\r][\n]"
11:50:06.800 [main] DEBUG org.apache.hc.client5.http.wire -- http-outgoing-32 >> "accept-encoding: gzip, deflate, br[\r][\n]"
11:50:06.800 [main] DEBUG org.apache.hc.client5.http.wire -- http-outgoing-32 >> "cache-control: max-age=0[\r][\n]"
11:50:06.800 [main] DEBUG org.apache.hc.client5.http.wire -- http-outgoing-32 >> "connection: keep-alive[\r][\n]"
11:50:06.800 [main] DEBUG org.apache.hc.client5.http.wire -- http-outgoing-32 >> "Host: raw.githubusercontent.com[\r][\n]"
11:50:06.800 [main] DEBUG org.apache.hc.client5.http.wire -- http-outgoing-32 >> "[\r][\n]"
11:50:06.970 [main] DEBUG org.apache.hc.client5.http.wire -- http-outgoing-32 << "HTTP/1.1 200 OK[\r][\n]"
11:50:06.970 [main] DEBUG org.apache.hc.client5.http.wire -- http-outgoing-32 << "Connection: keep-alive[\r][\n]"
11:50:06.970 [main] DEBUG org.apache.hc.client5.http.wire -- http-outgoing-32 << "Content-Length: 723[\r][\n]"
11:50:06.970 [main] DEBUG org.apache.hc.client5.http.wire -- http-outgoing-32 << "Cache-Control: max-age=300[\r][\n]"
11:50:06.970 [main] DEBUG org.apache.hc.client5.http.wire -- http-outgoing-32 << "Content-Security-Policy: default-src 'none'; style-src 'unsafe-inline'; sandbox[\r][\n]"
11:50:06.970 [main] DEBUG org.apache.hc.client5.http.wire -- http-outgoing-32 << "Content-Type: text/plain; charset=utf-8[\r][\n]"
11:50:06.970 [main] DEBUG org.apache.hc.client5.http.wire -- http-outgoing-32 << "ETag: W/"e82b438271e9e8680c688b0b680efd0bdd22faa6d6f0a32fc1fd8accc486b67e"[\r][\n]"
11:50:06.970 [main] DEBUG org.apache.hc.client5.http.wire -- http-outgoing-32 << "Strict-Transport-Security: max-age=31536000[\r][\n]"
11:50:06.970 [main] DEBUG org.apache.hc.client5.http.wire -- http-outgoing-32 << "X-Content-Type-Options: nosniff[\r][\n]"
11:50:06.970 [main] DEBUG org.apache.hc.client5.http.wire -- http-outgoing-32 << "X-Frame-Options: deny[\r][\n]"
11:50:06.970 [main] DEBUG org.apache.hc.client5.http.wire -- http-outgoing-32 << "X-XSS-Protection: 1; mode=block[\r][\n]"
11:50:06.970 [main] DEBUG org.apache.hc.client5.http.wire -- http-outgoing-32 << "X-GitHub-Request-Id: 3072:3BB1E6:1A1165D:1B39889:65A75BA5[\r][\n]"
11:50:06.970 [main] DEBUG org.apache.hc.client5.http.wire -- http-outgoing-32 << "Content-Encoding: gzip[\r][\n]"
11:50:06.970 [main] DEBUG org.apache.hc.client5.http.wire -- http-outgoing-32 << "Accept-Ranges: bytes[\r][\n]"
11:50:06.970 [main] DEBUG org.apache.hc.client5.http.wire -- http-outgoing-32 << "Date: Mon, 12 Feb 2024 04:50:06 GMT[\r][\n]"
11:50:06.970 [main] DEBUG org.apache.hc.client5.http.wire -- http-outgoing-32 << "Via: 1.1 varnish[\r][\n]"
11:50:06.970 [main] DEBUG org.apache.hc.client5.http.wire -- http-outgoing-32 << "X-Served-By: cache-fra-eddf8230035-FRA[\r][\n]"
11:50:06.970 [main] DEBUG org.apache.hc.client5.http.wire -- http-outgoing-32 << "X-Cache: HIT[\r][\n]"
11:50:06.970 [main] DEBUG org.apache.hc.client5.http.wire -- http-outgoing-32 << "X-Cache-Hits: 2[\r][\n]"
11:50:06.970 [main] DEBUG org.apache.hc.client5.http.wire -- http-outgoing-32 << "X-Timer: S1707713407.958783,VS0,VE0[\r][\n]"
11:50:06.970 [main] DEBUG org.apache.hc.client5.http.wire -- http-outgoing-32 << "Vary: Authorization,Accept-Encoding,Origin[\r][\n]"
11:50:06.970 [main] DEBUG org.apache.hc.client5.http.wire -- http-outgoing-32 << "Access-Control-Allow-Origin: *[\r][\n]"
11:50:06.970 [main] DEBUG org.apache.hc.client5.http.wire -- http-outgoing-32 << "Cross-Origin-Resource-Policy: cross-origin[\r][\n]"
11:50:06.970 [main] DEBUG org.apache.hc.client5.http.wire -- http-outgoing-32 << "X-Fastly-Request-ID: 9303024cbde97e3519d26a7b044e7546ffde0a73[\r][\n]"
11:50:06.970 [main] DEBUG org.apache.hc.client5.http.wire -- http-outgoing-32 << "Expires: Mon, 12 Feb 2024 04:55:06 GMT[\r][\n]"
11:50:06.970 [main] DEBUG org.apache.hc.client5.http.wire -- http-outgoing-32 << "Source-Age: 5[\r][\n]"
11:50:06.970 [main] DEBUG org.apache.hc.client5.http.wire -- http-outgoing-32 << "[\r][\n]"
11:50:06.970 [main] DEBUG org.apache.hc.client5.http.headers -- http-outgoing-32 << HTTP/1.1 200 OK
11:50:06.970 [main] DEBUG org.apache.hc.client5.http.headers -- http-outgoing-32 << Connection: keep-alive
11:50:06.970 [main] DEBUG org.apache.hc.client5.http.headers -- http-outgoing-32 << Content-Length: 723
11:50:06.970 [main] DEBUG org.apache.hc.client5.http.headers -- http-outgoing-32 << Cache-Control: max-age=300
11:50:06.970 [main] DEBUG org.apache.hc.client5.http.headers -- http-outgoing-32 << Content-Security-Policy: default-src 'none'; style-src 'unsafe-inline'; sandbox
11:50:06.970 [main] DEBUG org.apache.hc.client5.http.headers -- http-outgoing-32 << Content-Type: text/plain; charset=utf-8
11:50:06.970 [main] DEBUG org.apache.hc.client5.http.headers -- http-outgoing-32 << ETag: W/"e82b438271e9e8680c688b0b680efd0bdd22faa6d6f0a32fc1fd8accc486b67e"
11:50:06.970 [main] DEBUG org.apache.hc.client5.http.headers -- http-outgoing-32 << Strict-Transport-Security: max-age=31536000
11:50:06.970 [main] DEBUG org.apache.hc.client5.http.headers -- http-outgoing-32 << X-Content-Type-Options: nosniff
11:50:06.970 [main] DEBUG org.apache.hc.client5.http.headers -- http-outgoing-32 << X-Frame-Options: deny
11:50:06.970 [main] DEBUG org.apache.hc.client5.http.headers -- http-outgoing-32 << X-XSS-Protection: 1; mode=block
11:50:06.970 [main] DEBUG org.apache.hc.client5.http.headers -- http-outgoing-32 << X-GitHub-Request-Id: 3072:3BB1E6:1A1165D:1B39889:65A75BA5
11:50:06.970 [main] DEBUG org.apache.hc.client5.http.headers -- http-outgoing-32 << Content-Encoding: gzip
11:50:06.970 [main] DEBUG org.apache.hc.client5.http.headers -- http-outgoing-32 << Accept-Ranges: bytes
11:50:06.971 [main] DEBUG org.apache.hc.client5.http.headers -- http-outgoing-32 << Date: Mon, 12 Feb 2024 04:50:06 GMT
11:50:06.971 [main] DEBUG org.apache.hc.client5.http.headers -- http-outgoing-32 << Via: 1.1 varnish
11:50:06.971 [main] DEBUG org.apache.hc.client5.http.headers -- http-outgoing-32 << X-Served-By: cache-fra-eddf8230035-FRA
11:50:06.971 [main] DEBUG org.apache.hc.client5.http.headers -- http-outgoing-32 << X-Cache: HIT
11:50:06.971 [main] DEBUG org.apache.hc.client5.http.headers -- http-outgoing-32 << X-Cache-Hits: 2
11:50:06.971 [main] DEBUG org.apache.hc.client5.http.headers -- http-outgoing-32 << X-Timer: S1707713407.958783,VS0,VE0
11:50:06.971 [main] DEBUG org.apache.hc.client5.http.headers -- http-outgoing-32 << Vary: Authorization,Accept-Encoding,Origin
11:50:06.971 [main] DEBUG org.apache.hc.client5.http.headers -- http-outgoing-32 << Access-Control-Allow-Origin: *
11:50:06.971 [main] DEBUG org.apache.hc.client5.http.headers -- http-outgoing-32 << Cross-Origin-Resource-Policy: cross-origin
11:50:06.971 [main] DEBUG org.apache.hc.client5.http.headers -- http-outgoing-32 << X-Fastly-Request-ID: 9303024cbde97e3519d26a7b044e7546ffde0a73
11:50:06.971 [main] DEBUG org.apache.hc.client5.http.headers -- http-outgoing-32 << Expires: Mon, 12 Feb 2024 04:55:06 GMT
11:50:06.971 [main] DEBUG org.apache.hc.client5.http.headers -- http-outgoing-32 << Source-Age: 5
11:50:06.971 [main] DEBUG org.apache.hc.client5.http.impl.classic.MainClientExec -- ex-0000000053 connection can be kept alive for 3 MINUTES
11:50:06.971 [main] DEBUG org.apache.hc.client5.http.wire -- http-outgoing-32 << "[0x1f][0xffffff8b][0x8][0x0][0x0][0x0][0x0][0x0][0x0][0x3][0xffffffb5]V]o[0xffffffda]0[0x14]}[0xffffffe7]W\[0xffffff81]*[0xffffffb5][0x12][0x1f][[M[0xffffffd3]$[0x1e]hF[0xffffffbb]i [0x18][0xffffffb4][0xffffffdd]&[0xfffffff9][0xffffffc5]$7[0xffffffc1]R[0x12]#;[0xffffff94]v[0xffffffbf]~[0xffffffb6][0xfffffff3]1[0xffffff92][0xffffff9a][0xffffffc1][0x1a]x[0xffffffcb][0xffffffb5][0xffffffaf][0xffffffcf]9[0xffffffbe][0xfffffff7]8v[0xb][0x1c][0x1e]E4[0xfffffff6]$x4[0xffffffa1][0xb]*[0xffffffb1][0xffffffd1][0xffffff82][0xfffffffb]%[0xffffff93][0xffffffe0][0xffffffb3][0x10][0xffffffc1][0xffffffe5]qBY,!Y[0xffffffea] KM8,[0x10][0xfffffff0][0x19][0xffffffdd]u[0xffffff82][0x1e][0xffffffb0][0xffffffd8]L[0xffffffcb]%[0xffffff86][0xffffffa1][0xe][0xffffffb8][0xfffffff0]P[0xffffffe8]$[0xf][0x13]t[0x13]3[0xfffffff9][0xffffff84]B2[0xffffffae][0xffffffe6]|@[0xfffffff5][0x1d][0x8][0xffffffc4][0x18][0x16][0xffffff82]o[0xffffffa4][0xffffff9a]P[0xffffff94][0xffffffe7][0xffffffce]R[0xfffffff0][0x8][0xffffffdb]p[0xffffffcb][0x4][0xfffffffa][0xfffffffc][0xffffffb9][\r][0xffffff93][0x15][\n]"
11:50:06.971 [main] DEBUG org.apache.hc.client5.http.wire -- http-outgoing-32 << "[0xffffffda][0xffffff86][0xffffffa1][0x17][0xffffffa8]Q3[0xffffffcb][0xffffffd6][0xffffffd1][0xffffff85][0xffffffc6][0xfffffff7][0xffffff98][0xffffffef][0xffffffa3][0xffffffc0]8[0x1][0xffffffae]s[0x12][0x16][0x7] _d[0xffffff82][0xffffff91][0xffffff84][0xfffffff3][0x1f],[0xfffffff6][0x14]j[0x1b]F,^+[0xffffff98]1ua2[0xffffffbf]h([0xffffff8e][0xffffff94][0xffffffa2][0xffffff91]m[0xffffffa3][0xffffffeb][0xffffff9a][0xffffffb0][0xffffffbb]I[0x17]t[0xffffffdf][0xffffffbd][0xffffffef][0xffffffbb][0xffffff91][0xffffffd7]U[0xffffffbb][0xffffff82][0xffffff9e][0x3][0xffffff9b][0xffffff88][0xffffffb9][0xffffffa6]$[0xffffffa6][0xc][0xffffff9b][0xffffffa5][0xffffffe2][0xffffff83][0xffffff98]F[0xffffffd8]o[0xffffff9e]Mg[0xffffff93][0xffffffbb][0xffffffd9]`|[0xfffffffb]u4[0xffffff9c][0x7f]"}B[0xffffffce][0x8][0xffffffb9][0xffffffe3]<[0x8][0xffffff91][0xffffff90][0xffffff94][0xffffff82][0xffffff90][0xffffffc1]j[0x15]2WI[0xffffffe3]1![0x19][0xffffff91]BnB[0xffffff80][0x9]<f[0xffffffb5][0xffffffe8]=[0xffffffd1]p[0xffffffbd][[0xffffffcf][0xffffffe5][0x1b][0xfffffff4][0xffffff9c][0xffffffff][0xfffffffc][0xfffffff8][0xffffffe1][0xffffffe2][0xffffff94][0xffffffa2][0xffffffae][0xe][0x14]5[0xffffff9a]8[0xffffff83][0xffffffd1]`:[0xfffffffd]<[0xffffffb8][0x1f][0xffffff9c]R[0xffffffcf]u[0x7f]6[0xffffffbc][0xffffff83][0xffffffef][0xf][0xffffffc3][0xffffffd9]/[0xfffffff8][0xfffffff2][0xffffffcd]y s[0xffffffee]'[0x1b]*0g[0xffffffcb][0xffffffc8]nF7H][0xffffff83][0xffffff97]{[0xffffffb1]Q[0x5][\r][0xffffffb5]c[0xffffffb4][0xf][0x2][0xffffffb3][0xffffffb4][0xffffff93][0xe]C[0xffffffa7][0xffffffb3]kAD][0xffffff9d][0xffffffde][0xffffffdb][0xffffffda][0xffffff88][0xffffffec][0xffffffa5][0xffffffbc][0xffffff99][0xffffffd9][0xffffffba]t[0xffffffb5][0xffffffea]9[0xffffffea][0x10])[0xffffffb7][0xffffffca][0xffffff9e][0xfffffff2][0xffffffe2]d^N[0xffffffd8]FW[0x16][0xffffffcd][0xffffffdc]_[0x10][0xfffffff9]i|[0x1c][0xffffff93][0xffffff8e][0xfffffff9]o[0x16][0xffffff86]4'!$G[0xffffffdf]W[0xfffffff4]W*j[[0xfffffff3]xR[0xffffffae][0xffffffb6][0xc][0xffffffd0],; #[0xffffffa9][0xffffff92]5[0xffffffb5][0x7][0xffffff9c][0xffffffb5][0xffffffd0][0x7f][0xffffff90][0xffffffc7]jgs[0xfffffffc][0xffffffc2][0xb][0xffffffd9][0x0]t[0xffffff9e]^'Y[0xfffffffb][0xffffff9f][0xffffffb1][0xffffffd8]:[0xffffffbf][0xffffff8d][0xffffffa5][0xffffff9a][0xffffffad][0x7f]m[0x5]&[0xffffffaa][0xffffffa0]^[0xffffff9b][0xffffffcb][0x5]f[0xffffffae][0xffffffe0]RU[0xffffff82][0x10]MS9l[0xffffff91]4t[0xfffffffb][0xffffff8a]][0xffffffd6][0xfffffff4][0xffffff96][0xffffffa6][0xffffff9f]P[0xffffffce][0xffffffd5][0xffffffce][0xffffff93][0xffffffff][0xffffff97][0xffffffcc]p[0xfffffffd][0xfffffff3][0xffffffe8][0x1b][0xffffffcc][0xffffffa2][0xffffffd9]Q[0xffffffbe][0xffffffb2][0xffffffa3][0xffffffc7]m'[0xffffffdf][0xffffffe4][[0xfffffffb]^[0xffffffb0][0xffffff9a][0xffffffbe][0xffffffda][0xffffffda]_[0xffffffce][0xffffff80][0xffffffd2][0xffffffc1]7[0xffffffb7]][0xffffffc1]b[0xffffffee][0xffffffb5][0xffffffff]w[0xffffff83][0xffffffed][0xffffffa7];[0x15]<[0x10]4[0xffffff92][0xffffff84][0x18][\n]"
11:50:06.972 [main] DEBUG org.apache.hc.client5.http.wire -- http-outgoing-32 << "BB[0xffffffba][0xffffff8e]][0xffffffb5]jo[0xffffffb9]+"[0xffffffea][0xffffffb4][0xffffffff]h"[0xffffffea]\?5[0xffffffa9][0xffffffaf]k[0xffffffec][0xffffffff]P[0xffffffea][\n]"
11:50:06.972 [main] DEBUG org.apache.hc.client5.http.wire -- http-outgoing-32 << "w[0xffffffe1]K[0x13][0xffffffda][0xffffffec][0xffffff98][0xffffffe6]Y[0xfffffffd]h8m6[0xffffff9c]T[0xffffffc1][0xfffffff2][0xffffffa7][0xffffff91]z_[0xffffff95]o85p[0x1c][0x13][0xffffffe6][0xfffffff0]5[0xffffffee][0xfffffffc][0xffffff92][0xffffff96][0xffffffda][0xfffffff7][0xffffffcf][0xffffffb1][0x5][0x1d][0xffffffea]K[0xffffff9b]9[0xffffff8e][0xffffffad]e[0xfffffff7][0xffffff93][0xffffffa8]`[0xffffffda][0xffffffff][0x1a][0xffffffd2][0xffffff88][0xffffff85][0xfffffffd][0xfffffff2][0xffffff91]N[0xfffffff6]`[0xffffffdf]2[0xffffffcf][0xffffffae]E[0xffffff97][0xffffffc5][0xffffffa2][0xffffff9d][0xffffffef]'[0xffffff9d]mun.[0xffffffd3]f^[0xffffffc7][0xffffff82][0xffffffda][0xffffff82]9[0xfffffff5][0xffffffa9]`[0x5][0xffffffbc]4[0xffffffa1][0x1d]<M[0xffffffb5]A[0xffffffa7]3[[0xffffffc0][0x7f][0x0][0xffffffc1][0xffffffd0]$[0xffffff85][0x1d][\r][0x0][0x0]"
11:50:06.972 [main] DEBUG org.apache.hc.client5.http.impl.classic.InternalHttpClient -- ep-0000000053 releasing valid endpoint
11:50:06.972 [main] DEBUG org.apache.hc.client5.http.impl.io.PoolingHttpClientConnectionManager -- ep-0000000053 releasing endpoint
11:50:06.972 [main] DEBUG org.apache.hc.client5.http.impl.io.PoolingHttpClientConnectionManager -- ep-0000000053 connection http-outgoing-32 can be kept alive for 3 MINUTES
11:50:06.972 [main] DEBUG org.apache.hc.client5.http.impl.io.PoolingHttpClientConnectionManager -- ep-0000000053 connection released [route: {s}->https://raw.githubusercontent.com:443][total available: 2; route allocated: 1 of 5; total allocated: 3 of 25]
11:50:06.972 [main] DEBUG io.github.bonigarcia.wdm.versions.VersionDetector -- Detecting chrome version using online commands.properties
11:50:06.972 [main] DEBUG io.github.bonigarcia.wdm.versions.Shell -- Running command on the shell: [/Applications/Google Chrome.app/Contents/MacOS/Google Chrome, --version]
11:50:07.028 [main] DEBUG io.github.bonigarcia.wdm.versions.Shell -- Result: Google Chrome 121.0.6167.160
11:50:07.029 [main] DEBUG io.github.bonigarcia.wdm.versions.VersionDetector -- Getting driver version for chrome121 from online versions.properties
11:50:07.029 [main] DEBUG org.apache.hc.client5.http.impl.classic.InternalHttpClient -- ex-0000000054 preparing request execution
11:50:07.029 [main] DEBUG org.apache.hc.client5.http.impl.classic.ProtocolExec -- ex-0000000054 target auth state: UNCHALLENGED
11:50:07.029 [main] DEBUG org.apache.hc.client5.http.impl.classic.ProtocolExec -- ex-0000000054 proxy auth state: UNCHALLENGED
11:50:07.029 [main] DEBUG org.apache.hc.client5.http.impl.classic.ConnectExec -- ex-0000000054 acquiring connection with route {s}->https://raw.githubusercontent.com:443
11:50:07.029 [main] DEBUG org.apache.hc.client5.http.impl.classic.InternalHttpClient -- ex-0000000054 acquiring endpoint (3 MINUTES)
11:50:07.029 [main] DEBUG org.apache.hc.client5.http.impl.io.PoolingHttpClientConnectionManager -- ex-0000000054 endpoint lease request (3 MINUTES) [route: {s}->https://raw.githubusercontent.com:443][total available: 2; route allocated: 1 of 5; total allocated: 3 of 25]
11:50:07.029 [main] DEBUG org.apache.hc.client5.http.impl.io.PoolingHttpClientConnectionManager -- ex-0000000054 endpoint leased [route: {s}->https://raw.githubusercontent.com:443][total available: 1; route allocated: 1 of 5; total allocated: 3 of 25]
11:50:07.029 [main] DEBUG org.apache.hc.client5.http.impl.io.PoolingHttpClientConnectionManager -- ex-0000000054 acquired ep-0000000054
11:50:07.029 [main] DEBUG org.apache.hc.client5.http.impl.classic.InternalHttpClient -- ex-0000000054 acquired endpoint ep-0000000054
11:50:07.029 [main] DEBUG org.apache.hc.client5.http.impl.classic.MainClientExec -- ex-0000000054 executing GET /bonigarcia/webdrivermanager/master/src/main/resources/versions.properties HTTP/1.1
11:50:07.029 [main] DEBUG org.apache.hc.client5.http.protocol.RequestAddCookies -- ex-0000000054 Cookie spec selected: strict
11:50:07.029 [main] DEBUG org.apache.hc.client5.http.impl.classic.InternalHttpClient -- ep-0000000054 start execution ex-0000000054
11:50:07.029 [main] DEBUG org.apache.hc.client5.http.impl.io.PoolingHttpClientConnectionManager -- ep-0000000054 executing exchange ex-0000000054 over http-outgoing-32
11:50:07.029 [main] DEBUG org.apache.hc.client5.http.headers -- http-outgoing-32 >> GET /bonigarcia/webdrivermanager/master/src/main/resources/versions.properties HTTP/1.1
11:50:07.029 [main] DEBUG org.apache.hc.client5.http.headers -- http-outgoing-32 >> user-agent: Apache-HttpClient/5.0
11:50:07.029 [main] DEBUG org.apache.hc.client5.http.headers -- http-outgoing-32 >> accept-encoding: gzip, deflate, br
11:50:07.029 [main] DEBUG org.apache.hc.client5.http.headers -- http-outgoing-32 >> cache-control: max-age=0
11:50:07.029 [main] DEBUG org.apache.hc.client5.http.headers -- http-outgoing-32 >> connection: keep-alive
11:50:07.029 [main] DEBUG org.apache.hc.client5.http.headers -- http-outgoing-32 >> Host: raw.githubusercontent.com
11:50:07.029 [main] DEBUG org.apache.hc.client5.http.wire -- http-outgoing-32 >> "GET /bonigarcia/webdrivermanager/master/src/main/resources/versions.properties HTTP/1.1[\r][\n]"
11:50:07.029 [main] DEBUG org.apache.hc.client5.http.wire -- http-outgoing-32 >> "user-agent: Apache-HttpClient/5.0[\r][\n]"
11:50:07.029 [main] DEBUG org.apache.hc.client5.http.wire -- http-outgoing-32 >> "accept-encoding: gzip, deflate, br[\r][\n]"
11:50:07.029 [main] DEBUG org.apache.hc.client5.http.wire -- http-outgoing-32 >> "cache-control: max-age=0[\r][\n]"
11:50:07.029 [main] DEBUG org.apache.hc.client5.http.wire -- http-outgoing-32 >> "connection: keep-alive[\r][\n]"
11:50:07.029 [main] DEBUG org.apache.hc.client5.http.wire -- http-outgoing-32 >> "Host: raw.githubusercontent.com[\r][\n]"
11:50:07.029 [main] DEBUG org.apache.hc.client5.http.wire -- http-outgoing-32 >> "[\r][\n]"
11:50:07.209 [main] DEBUG org.apache.hc.client5.http.wire -- http-outgoing-32 << "HTTP/1.1 200 OK[\r][\n]"
11:50:07.209 [main] DEBUG org.apache.hc.client5.http.wire -- http-outgoing-32 << "Connection: keep-alive[\r][\n]"
11:50:07.209 [main] DEBUG org.apache.hc.client5.http.wire -- http-outgoing-32 << "Content-Length: 1667[\r][\n]"
11:50:07.209 [main] DEBUG org.apache.hc.client5.http.wire -- http-outgoing-32 << "Cache-Control: max-age=300[\r][\n]"
11:50:07.209 [main] DEBUG org.apache.hc.client5.http.wire -- http-outgoing-32 << "Content-Security-Policy: default-src 'none'; style-src 'unsafe-inline'; sandbox[\r][\n]"
11:50:07.209 [main] DEBUG org.apache.hc.client5.http.wire -- http-outgoing-32 << "Content-Type: text/plain; charset=utf-8[\r][\n]"
11:50:07.209 [main] DEBUG org.apache.hc.client5.http.wire -- http-outgoing-32 << "ETag: W/"2b63ea7ea7667d0729e9d848d780e58af4f6d237cb562369e48d53971ddfa6c5"[\r][\n]"
11:50:07.209 [main] DEBUG org.apache.hc.client5.http.wire -- http-outgoing-32 << "Strict-Transport-Security: max-age=31536000[\r][\n]"
11:50:07.209 [main] DEBUG org.apache.hc.client5.http.wire -- http-outgoing-32 << "X-Content-Type-Options: nosniff[\r][\n]"
11:50:07.209 [main] DEBUG org.apache.hc.client5.http.wire -- http-outgoing-32 << "X-Frame-Options: deny[\r][\n]"
11:50:07.209 [main] DEBUG org.apache.hc.client5.http.wire -- http-outgoing-32 << "X-XSS-Protection: 1; mode=block[\r][\n]"
11:50:07.209 [main] DEBUG org.apache.hc.client5.http.wire -- http-outgoing-32 << "X-GitHub-Request-Id: C544:0E73:441D4E1:46D2A0D:65B9B3A7[\r][\n]"
11:50:07.209 [main] DEBUG org.apache.hc.client5.http.wire -- http-outgoing-32 << "Content-Encoding: gzip[\r][\n]"
11:50:07.209 [main] DEBUG org.apache.hc.client5.http.wire -- http-outgoing-32 << "Accept-Ranges: bytes[\r][\n]"
11:50:07.209 [main] DEBUG org.apache.hc.client5.http.wire -- http-outgoing-32 << "Date: Mon, 12 Feb 2024 04:50:07 GMT[\r][\n]"
11:50:07.209 [main] DEBUG org.apache.hc.client5.http.wire -- http-outgoing-32 << "Via: 1.1 varnish[\r][\n]"
11:50:07.209 [main] DEBUG org.apache.hc.client5.http.wire -- http-outgoing-32 << "X-Served-By: cache-fra-eddf8230035-FRA[\r][\n]"
11:50:07.209 [main] DEBUG org.apache.hc.client5.http.wire -- http-outgoing-32 << "X-Cache: HIT[\r][\n]"
11:50:07.209 [main] DEBUG org.apache.hc.client5.http.wire -- http-outgoing-32 << "X-Cache-Hits: 1[\r][\n]"
11:50:07.209 [main] DEBUG org.apache.hc.client5.http.wire -- http-outgoing-32 << "X-Timer: S1707713407.188357,VS0,VE1[\r][\n]"
11:50:07.209 [main] DEBUG org.apache.hc.client5.http.wire -- http-outgoing-32 << "Vary: Authorization,Accept-Encoding,Origin[\r][\n]"
11:50:07.209 [main] DEBUG org.apache.hc.client5.http.wire -- http-outgoing-32 << "Access-Control-Allow-Origin: *[\r][\n]"
11:50:07.209 [main] DEBUG org.apache.hc.client5.http.wire -- http-outgoing-32 << "Cross-Origin-Resource-Policy: cross-origin[\r][\n]"
11:50:07.209 [main] DEBUG org.apache.hc.client5.http.wire -- http-outgoing-32 << "X-Fastly-Request-ID: 85f8e933af0438568317538d0139017773009da9[\r][\n]"
11:50:07.209 [main] DEBUG org.apache.hc.client5.http.wire -- http-outgoing-32 << "Expires: Mon, 12 Feb 2024 04:55:07 GMT[\r][\n]"
11:50:07.209 [main] DEBUG org.apache.hc.client5.http.wire -- http-outgoing-32 << "Source-Age: 107[\r][\n]"
11:50:07.209 [main] DEBUG org.apache.hc.client5.http.wire -- http-outgoing-32 << "[\r][\n]"
11:50:07.209 [main] DEBUG org.apache.hc.client5.http.headers -- http-outgoing-32 << HTTP/1.1 200 OK
11:50:07.209 [main] DEBUG org.apache.hc.client5.http.headers -- http-outgoing-32 << Connection: keep-alive
11:50:07.209 [main] DEBUG org.apache.hc.client5.http.headers -- http-outgoing-32 << Content-Length: 1667
11:50:07.209 [main] DEBUG org.apache.hc.client5.http.headers -- http-outgoing-32 << Cache-Control: max-age=300
11:50:07.209 [main] DEBUG org.apache.hc.client5.http.headers -- http-outgoing-32 << Content-Security-Policy: default-src 'none'; style-src 'unsafe-inline'; sandbox
11:50:07.209 [main] DEBUG org.apache.hc.client5.http.headers -- http-outgoing-32 << Content-Type: text/plain; charset=utf-8
11:50:07.209 [main] DEBUG org.apache.hc.client5.http.headers -- http-outgoing-32 << ETag: W/"2b63ea7ea7667d0729e9d848d780e58af4f6d237cb562369e48d53971ddfa6c5"
11:50:07.209 [main] DEBUG org.apache.hc.client5.http.headers -- http-outgoing-32 << Strict-Transport-Security: max-age=31536000
11:50:07.209 [main] DEBUG org.apache.hc.client5.http.headers -- http-outgoing-32 << X-Content-Type-Options: nosniff
11:50:07.209 [main] DEBUG org.apache.hc.client5.http.headers -- http-outgoing-32 << X-Frame-Options: deny
11:50:07.209 [main] DEBUG org.apache.hc.client5.http.headers -- http-outgoing-32 << X-XSS-Protection: 1; mode=block
11:50:07.209 [main] DEBUG org.apache.hc.client5.http.headers -- http-outgoing-32 << X-GitHub-Request-Id: C544:0E73:441D4E1:46D2A0D:65B9B3A7
11:50:07.209 [main] DEBUG org.apache.hc.client5.http.headers -- http-outgoing-32 << Content-Encoding: gzip
11:50:07.209 [main] DEBUG org.apache.hc.client5.http.headers -- http-outgoing-32 << Accept-Ranges: bytes
11:50:07.209 [main] DEBUG org.apache.hc.client5.http.headers -- http-outgoing-32 << Date: Mon, 12 Feb 2024 04:50:07 GMT
11:50:07.209 [main] DEBUG org.apache.hc.client5.http.headers -- http-outgoing-32 << Via: 1.1 varnish
11:50:07.209 [main] DEBUG org.apache.hc.client5.http.headers -- http-outgoing-32 << X-Served-By: cache-fra-eddf8230035-FRA
11:50:07.209 [main] DEBUG org.apache.hc.client5.http.headers -- http-outgoing-32 << X-Cache: HIT
11:50:07.209 [main] DEBUG org.apache.hc.client5.http.headers -- http-outgoing-32 << X-Cache-Hits: 1
11:50:07.209 [main] DEBUG org.apache.hc.client5.http.headers -- http-outgoing-32 << X-Timer: S1707713407.188357,VS0,VE1
11:50:07.209 [main] DEBUG org.apache.hc.client5.http.headers -- http-outgoing-32 << Vary: Authorization,Accept-Encoding,Origin
11:50:07.209 [main] DEBUG org.apache.hc.client5.http.headers -- http-outgoing-32 << Access-Control-Allow-Origin: *
11:50:07.209 [main] DEBUG org.apache.hc.client5.http.headers -- http-outgoing-32 << Cross-Origin-Resource-Policy: cross-origin
11:50:07.209 [main] DEBUG org.apache.hc.client5.http.headers -- http-outgoing-32 << X-Fastly-Request-ID: 85f8e933af0438568317538d0139017773009da9
11:50:07.209 [main] DEBUG org.apache.hc.client5.http.headers -- http-outgoing-32 << Expires: Mon, 12 Feb 2024 04:55:07 GMT
11:50:07.209 [main] DEBUG org.apache.hc.client5.http.headers -- http-outgoing-32 << Source-Age: 107
11:50:07.210 [main] DEBUG org.apache.hc.client5.http.impl.classic.MainClientExec -- ex-0000000054 connection can be kept alive for 3 MINUTES
11:50:07.210 [main] DEBUG org.apache.hc.client5.http.wire -- http-outgoing-32 << "[0x1f][0xffffff8b][0x8][0x0][0x0][0x0][0x0][0x0][0x0][0x3][0xffffff8d][0xffffff97][0xffffffcb]n+7[0xc][0xffffff86][0xfffffff7]y[0xffffff8a][0x1][0xffffffba][0xffffffce]XWJ[\n]"
11:50:07.210 [main] DEBUG org.apache.hc.client5.http.wire -- http-outgoing-32 << "[0xffffffa0]M[0xffffffaf][0xffffffab][0xffffffa2][0xffffff8b][0xfffffff6][0x5]|[0xffffffec]I28[0xffffff8e]'[0xffffffb0][0xffffff9d][0xffffff93][0xffffff83]>}II[0xffffffd4][0xffffffc8][0xffffff9a][0x16][0xffffffe8][0xffffffc2]H[0xfffffff8][0xffffff8d]F")[\r][0xfffffff5][0xfffffff3][0xffffff87][0xffffffe1][0xffffffaf][0xffffffd7][0xfffffff9]:<[0xffffffcf][0xffffffa7]i8,[0xffffffe7][0xffffffdb]~>_[0xffffff87][0xffffffdb][0xffffffeb]4|=/[0xffffff9f][0xffffffe7][0xffffffe1]x[0xffffff99][0xffffffbf]M[0xffffff97][0x1][0x7f][0xffffffd7]y[0xffffffc1]'[0xffffff87][0xffffffe5][0xffffffed]}[0x7f][0xffffff9b][0xffffffbf][0xffffffe0][0xffffffe8][0xffffffcf][0xfffffff9][0xfffffff6][0xffffff9a]F[0x1e][0xffffff96][0xffffffcb]e[0xffffffba][0xffffffbe]/[0xffffffe7][0xffffffe3]|~[0x19][0xffffffbe]\[0xffffff96][0xffffffcf][0xffffffeb][0xfffffffa][0xffffffca][0xffffffc3][0xffffffc3][0xf][0xffffffc3][0xffffff8f][0x19]=[\r][0xffffffbf]-[0xffffffcb][0xb][0xffffffbe][0xfffffff9][0xffffffd3][0xffffffeb]ey[0xffffff9b][0xffffff86][0xfffffffd][0xfffffff9][0xffffff98][0xffffffff][0xffffff9d]?[0xffffffde][0xffffff86][0xffffffc7][0xffffffe1][0xffffffe7][0xffffffb4][0xffffffd4][0xffffffd3]pHO[0xfffffff3][0xffffffc2][0xfffffff8][0xfffffff2][0xffffff9f][0xffffffcb][0xffffffc7][0xffffffe5]0=[\r][0xffffffaf][0xffffffb7][0xffffffdb][0xfffffffb][0xffffffd3]n[0xffffffd7]>[0x1d][0xf][0xffffffe5][0xffffffed]q[0xffffffb9][0xffffffbc][0xffffffec][0xffffff8e][0xffffffe8][0xffffffef]i[0xffffffd9][0x1f][0xffffffaf][0xf]y[0xffffff8c][0xffffff94]&[0xffffffe2]o[0x14][0xffffffa3]u[0xffffffda][0xffffff8e]AT[0xffffffae][0xffffff91]k[0xffffffe2][0xffffffe0][0xffffffd4][0x8][0xffffffba]r[0xffffff85]\%.[0xffffffed]hB[0xffffffe5][0x12][0xffffffb9]$nA[0xffffff8f]`*[0x17][0xffffffc8][0x5]q[0xffffffe3][0xffffffe5][0xffffffe8][0x1c]s[0x11]"[0xfffffffe][0x12][0xffffffc7][0xffffffe5]][0x1d]/<rO\[0xffffffdb]0:Y[0xffffffb9]C[0xffffffee][0x12][0x17]f[0x4]U9 [0x7][0xffffffe2][0xffffffca][0xffffff84][0x11][0xffffffd6][0xfffffff1][0x16][0xffffffb9]%.[0xffffff83][0xffffffc5][0xffffff87][0xffffff95]c[0xffffffbc]"[0xffffffc5]Ka[0xffffffb8][0xffffffea][0xffffffbf][0xffffffc0]xE[0xffffff8a]W[0xffffff80][0x18][0xffffffa5]^[0x1d][0xffffffc2][0xffffff80]E[\n]"
11:50:07.210 [main] DEBUG org.apache.hc.client5.http.wire -- http-outgoing-32 << "X[0xffffffe0]|[0xffffffcd][0x2][0x18][0xffffffb0][0xffffffa0][0xffffff80]M[0xffffffb0]r4+[0xffffffc7][0xffffff80][0x5][0x5]l|[0xffffff80][0x11]8[0xffffffa1]![0xffffffc4][0x10][0x12]5[0x6][0xffffffd7]f[0xffffffea]c[0xffffffa0]`[0xffffff8d][0xffffffb3]~[0xffffffc4]e[0x18][0xffffffbb][0x18](V[0x3]A[0xffffffad]9[0x8][0x10][0x3]$[\n]"
11:50:07.210 [main] DEBUG org.apache.hc.client5.http.wire -- http-outgoing-32 << "f4[0xffffff96][0xffffffa9][0xffffff8d][0xffffffc1]&[0xffffffaa][0xfffffffd][0x8][0x1c]O01[0xffffff98]D19[0xffffffb8][0xffffff91][0xffffff8c]u[0xc][0x14][0xffffffa4][0xffffffb1][0xffffffce][0xffffffad][0xffffff9b][0x1a]T[0xc]*Q[0xffffffdc]R[0xffffffcc]2c[0x19]C[\n]"
11:50:07.210 [main] DEBUG org.apache.hc.client5.http.wire -- http-outgoing-32 << "[0xffffffd0][0xffffffe0][0x9][0xffffffc0]X[0x19][0xffffff8b][0x18]R|F[0xffffff8b]Qq[0xffffff9e]|[0xffffff88]>[0xffffffc5][0xffffffa7][0xfffffff1][0xffffff8f][0xffffffe2][0xffffff99][0xffffffbd][0xffffff8f]>[0xffffffc5][0xffffffa7][0xffffff95][0x19][0x3]0u[0xffffffd1][0xffffffa7][0xfffffff0][0xffffff94][0x17][0xffffffa3][0xfffffff7]L![0xfffffffa][0x14][0xffffff9e]28/[0xffffffa7][0xffffffc2][0xffffffdb][0xffffffe8]Sx[0xffffffd2][0xffffffeb][0xffffffd1][0xffffffb3]k[0xffffffde]D[0xffffff9f][0xffffffc2][0xffffff93][0xffffffc6][0xffffff8d][0xffffff9a]s[0xffffffec]u[0xfffffff4]):[0xffffffda]I[0xffffffcd][0xffffffa9][0xfffffff0]2[0xfffffffa][0x14][0xffffff86][0xffffffc0][0xffffffcc]K][0xffffff97][0x13][0xffffffd1]S[0x18]:[0xffffffa0]/x[0xffffff84][\n]"
11:50:07.210 [main] DEBUG org.apache.hc.client5.http.wire -- http-outgoing-32 << "v![0xffffffba][0xffffff90][0xffffffb0][0xffffffb1][0xffffffa3][0xffffffae][0xffffffd4]G[0xffffffe7][0x13][0xffffffc5][0xffffffb3][0xffffff83][0xffffffe7][0xffffff8a][0xffffffb1][0xffffff8b][0xffffff8e][0x2][0xffffffd1][0x1e][0xfffffff0][`7[0x1c]D[0x7][0xffffff89][0xffffffe2][0x1][0xffffff97][0xffffffaa][0xffffffce]a[0xffffffa3][0xffffffa3]H[0xffffffb4]sx[0xffffffc0][0xffffffd6][0xffffffd1]&:[0xffffff93][0xffffffb0][0xffffffc2][0xfffffff3][0xffffffcb]PGG[0xffffff91]h[0xffffffc0][0xffffff80][0xffffff80]]v**[0xffffffdc]Q[0xffffffb6][0xffffffe4][0xffffff9d]%[0xffffffc8]b[0xffffffc7] [0xffffff90][0xffffffc5]{[0x3][0xffffff9e],[0xffffffce](8[0xffffffb2]x7[0x1][0xffffffc8]bg[0xffffffc0][0xffffffa2]US[0x4][0xffffff86],[0xffffffce]9h[0xffffffb2]x= _t][0xffffff8f]|[0xffffffa9][0xffffffdf][0xc][0xffffff90]/Z[0xffffffdf]U[0xffffffb5][0xffffffdf][0xffffff97][0xffffffbf][0xffffffe7][0xffffffd3]i?[0xfffffffc]:_[0xffffffa6][0xffffffe7][0xffffffe5]{S[0xffffffca]^[0xffffffa6][0xffffffc3][0xffffffd7][0xffffffe5]_+[0xffffffd9][0x15]K[0xffffffd9][0xb][0x16][0xffffffd0][0xffffff8f]/#[0xffffff96][0xffffffd4][0xffffffdd][[0xffffff9e]b[0xffffffd7][0xffffffbc][0xffffffb0][0xffffffbb]L[0xffffffa7]i[0x7f][0xffffff9d][0xffffffae][0xf][0xffffffcf]y^[0xffffffa9]d[0xffffffc4][0xffffffb4]aBW"[0xffffff88][0xffffffe8][0xffffff86][0xffffffc8][0xffffffb0]!~C[0xffffffdc][0xffffff86][0xffffffc0][0xffffff86][0xffffffd8][\r]1[0x1b][0xffffffa2]7Dm[0xffffff88][0xffffffdc][0xffffff90][0xffffffe4][0xffffffb3][0x1a]U%"d[0xffffffb2][0xffffff8e][0x11]~C[0xffffffdc][0xffffff86][0xffffffc0][0xffffff86][0xffffffd8][\r]I>[0xffffffcb][0xffffff96][0xffffffe8][\r]Q[0x1b]"7Dt$[0xffffff84][0x1e][0xfffffff8][0x1e][0xffffffb8][0x1e]@[0xf]l[0xf]zoC[0xffffffef]l[0xffffffe8]}[\r][0xffffffbd][0xffffffab][0xffffff81]<[0xffffffc5][0xffffffaf][0xffffffad][0x1][0xffffffe3]i>[0x7f]|[0xffffffcf]X2[0xfffffff6][0xffffffa1][0x1b][0xffffffe7]}[0xf]\[0xf][0xffffffa0][0x7][0xffffffb6][0x7][0xffffffa6][0x7][0x14][0xffffff80][0xfffffff2][\r]P=[0xffffffa0][0x0][0xffffff94]k[0xffffff80][0xffffffe8][0xffffff80][0xb]=H[0xffffff9e]B[0x3]\[0xf][0xffffffa0][0x7][0xffffffb6][0x7][0xffffffa6][0x7][0xffffffba][0x7][0xffffffaa][0x7][0xffffffb2][0x7][0xffffffa2][0x3][0x10]z[0xffffff90]<[0xffffffb5][\r]H[0xffffff9e]6_0@[0xf]l[0xf][0xffffff92][0xffffffa7][0xffffffcd][0x7][0x4][0xffffffba][0x7][0xffffffc9][0xffffffd3][0xffffffe6][0xffffffd8]C[0xfffffff2][0xffffffb4]9[0x14] :`C[0xf]|[0xf]\[0xf][0xffffff92][0xffffffa7][0xffffffa2][0x1][0xffffff96]A[[0xb][0xffffffff]x[0xffffff9f].[0xfffffffb][0xffffffa6][0x2].d[0xffffffff][0xffffff9f][\n]"
11:50:07.210 [main] DEBUG org.apache.hc.client5.http.wire -- http-outgoing-32 << "[0xffffff98][0x6]^[0xffffff97][0xffffffe7][0xffffffdb][0xffffffe7][0xfffffffe]2e[0xffffff8b][0xffffffd5]]_[0xf][0xffffffd3][0xffffffc3][0xffffffa4][0xffffff8e]hy[0xffffffd4]![0xffffffa8]>[0xffffff94][0x10][0xffffffcc]Q[0x1d][0xffffffc9][0xffffff90]8^s[0x12]o[0xfffffff1][0xffffffc2]I[\r]&[0xfffffff5][0x15]P'[0xfffffff8][0xffffffc0][0xffffff98][0xffffffc4]`[0x12]_[0x1]E[0xffffff86][0xffffffd4][0xffffff8a]9[0xffffff89][0xffffffc1]$[0xffffffbe]<N[0x13][0x1c]c[0xffffffd2][0xffffff82]I{9[0xfffffffc][0xffffffb2]$[\n]"
11:50:07.210 [main] DEBUG org.apache.hc.client5.http.wire -- http-outgoing-32 << "[0xffffff98][0xffffffc2]E[0xffffffab]5[0xffffffb1][0xffffffc8]e[0xffffff8e]u[0xffffffa2][0xffffff91][0xffffff9a]R[0xffffff95]i[0xffffffb0]Z4J[0xffffffd3]3uw:[0xffffffd3][0x16][\n]"
11:50:07.210 [main] DEBUG org.apache.hc.client5.http.wire -- http-outgoing-32 << "[0xffffffad][0xffffffca][0xffffff94][0x1c]g[0xffffffb0][0xffffffad][0xffffffc8][0xffffffc4]L[0x14]lZ[0xffffff8d][0x19]J[0xffffff94]A[0xffffffb7][\n]"
11:50:07.210 [main] DEBUG org.apache.hc.client5.http.wire -- http-outgoing-32 << "[0x13]eI[0xffffffa6][0xffffffaa][0xffffffd5][0xffffff97][0xffffff98][0xffffffb4][0xffffff82]e+/I[0xffffffb9]e,Zu[0xffffffe9]K[0xffffffe0]>[0xffffffb4][0xffffffda][0x12][0xffffffa0]P[0xffffffdf][0x9][0xffffffcb]L]++[0xffffffa1]l[0xffffff8c][0xffffff87]VT[0xffffffd6][0x14]aq[0xffffffb9][0x13][0xffffff95][0x19][0xffffff9a]FS[0xfffffffa][0xffffffe2][0x18][0x16][0xffffff99];E[0xffffff99][0xffffffa1][0xffffffba][0x17][0xffffff94][0x19][0xffffffca]FOZ^_4r[0xffffff92]][0xffffffc5][0xffffffa2]s'&3[0xfffffff4][0xffffff9d][0xffffff96][0xffffffcc][0xffffffd4]5R[0xffffffd2]1[0xffffff84]FH[0xfffffffa][0xffffffb2]<V[0xffffffa1]UG[0xffffffb2][0xfffffff7]X[0xffffff89]V[0x19][0xffffff89][0x9].T72[0x12]xR[0xffffffd5][0xffffffa8]H_6[0x1c][0xffffffcb][0xffffffd2]*"[0xffffffeb]famZE$[0xffffff9f]u[0xffffffac]O[0xffffffab][0xffffff86][0xffffffe4][0x13][0xffffff8d]5[0xffffffaa][0xffffff91][0xffffff90][0xffffffb2][0xffffff84][0xffffff8a][0xffffff85][0xffffffaa]U[0xffffff90]e-[0xffffffac]V[0xffffffab][0xffffff80]t<[0xffffffab]m[0xfffffff4]#[0x1f]e[0xffffffac]Z[0xffffffab]z[0xffffffac][0xffffff87][0x13]KW[0xffffffa3][0x1e][0xfffffff9]S[0xffffffc3][0xfffffffa][0xffffffd5][0xffffff88][0xffffffc7][0xffffffba]V[0x11]}[0xffffffc9][0xffffffb0][0xffffffa1]5[0xffffff8a][0xffffffe4][0xffffffcb]FQ|[0xffffffd9]([0xffffff82]/[0x1b]E[0xffffffef]e[0xffffffa3][0xffffffc8][0xffffffbd]l[0x14][0xffffffb5][0xffffff97][0xffffff8d]"[0xfffffff6][0xffffffb2]![0xffffffb3][0xffffffba][0xffffffcb][0xffffff86]h[0xc]C[0x1e][0xffffffb0][0xffffffc7][0xffffff86]<[0xffffffd0]e[0x1d]C[0x1e][0xffffffa8][0xffffff92][0xc][0x3][0xffffffd9][0xffffffb8][0xffffff93][0xffffff87][0xfffffff3][0xffffffe1][0xffffffb2]Pe[0x1b]~9[0xffffffbe]LMm|[0xffffffbb]N[0x8][0xfffffffe][0xffffffb3]8[0x1e][0xffffffa7]o[0xffffffd3][0xffffff89]f[0x1d][0xffffffdf]x[0xffffff86]T)[0xffffffa7][0xfffffff3][0xffffffe3][0xffffffc7]uW[0xffffffd9]#M[0xffffffb2][0xffffffbb]-[0xffffffcb][0xffffffe9][0xffffffba][0xfffffffb][0xffffff9c][0xffffffbe][0xffffff94]b[0xfffffff9]@t[0xffffffed][0xffffff80][0xffffffa5][0xffffffc7][0x1b]C[0xfffffffa]B[0xffffffb9][0xffffffff][0xffffff95][0xe][0xffffffe5]9f2S[0xffffffee]~[0xffffffa5]S[0xffffffe9] g[0xffffffca][0xffffffbd][0xffffffaf][0x4][0xffffff90][0xffffffd4][0xffffff9b]f[0xffffffca][0xffffff9d][0xffffffaf][0xffffffb4]x>0{[0xffffff89][0xffffffd6][0xffffffbe]WZ,[0xffffffb4][0xffffffae][0xffffffac]V[0xffffffbb]^i[0x0][0xffffffe7][0xffffff85]B[0xffffffb9][0xffffffe7][0xffffffc5]n[0xffffff81][0xffffffee]"
11:50:07.210 [main] DEBUG org.apache.hc.client5.http.wire -- http-outgoing-32 << "[0xfffffff6][0xc][0xffffffb9][0xffffffe1][0xffffff95][0xffffffda][0xffffffd1]MZ([0xffffffb7][0xffffffbb][0xffffffd8][0xffffffb9]j[0xffffffac]`[0xffffff85]r[0xffffffb3]+[0x15]~[0xffffffa9][0xffffff8e]g[0xffffffe0]V[0x17]{[0x13]S[0xffffff83][0xffffffa8]}.[0xffffffde][0x6][0xffffff96]z[0xffffff87]L[0xffffffb9][0xffffffcb]Ea-[0xffffffd6]y[0xffffffb9][0xffffffc7][0xffffffc5][0xffffffcb][0xffffffc2]R[0xffffffa7]E[0xffffff94];\,[0xfffffffd]T(2+[0xfffffffd][0xffffffad][0xffffffa4][0xffffffe8]Jb[0xffffffb8][0xffffffb9][0xffffffc5][0xffffffd0]Te[0xffffffa5][0xffffffb5][0xffffffc5][0x18]Le[0xffffffa5][0xffffffb1]E[0xffffffaf][0xffffffea][0xffffffca][0xffffffdc][0xffffffd6][0x6][0xffffffac]1ZfTZ[0xffffffda][0xffffff80][0xffffffa9][0xffffffd7]eT[0xffffffe9]g[0xffffff83]X[0x17]([0xffffffbd][0xffffffac][0xffffffa7]JW^,}[0xffffffac][0xffffffc7][0xffffffc0]2[0xffffffe1][0x1e][0xffffff96]v<o[0xc][0xfffffff7][0xffffffaf][0xe]s[^[0xffffffe3][0xffffffe6][0x15] [0xffffff94]-[0xffffffe1][0xffffffc6][0x15][0xfffffff0]H@[0xffffffce][0x5]w[0xffffffad][0xffffff96][0x12]\F[0xffffff95][0xffffff96][0xffffffd5]&[0xffffffe1][0xffffff92][0x8][0xffffffb7][0xffffffab]X[0x1a]lY[0xf][0xffffffab]W[0xffffffae][0xffffff9e][0xffffff81]}[0xffffffe2][0xffffffee][0x15][0xffffffef][0xffffffd9][0xffffffb2]U[0xffffffb5]s[0xffffffc5][0xffffff88][0xfffffff1][0xffffffdc]%V[0xffffffdb]V:[0xffffffb3][0xffffff99][0xffffff94][0xffffff96]U9>:[0xffffffdc][0xffffffad]*]I[0xffffffe9]T[0xffffffa9],[0x16]R[0xffffff9a]T[0xffffffa9]I.$dL|[0xffffffbf]L[0xffffff8f][0xfffffff3][0xfffffff9]z[0xffffffdb][0xffffff9f]N[0xffffffd3]1C[0x15][0xffffff81]nv[0xffffff9d][0xffffffcf][0xffffff89][0xffffff91][0x11]K[0x18][0xffffffa8][0xffffff90][0xffffffc3]7"b[0xffffff9d][0xffffffc4][0xffffffdb].[0xffffffef][0xffffff87][0xfffffff6][0x11]?,[0xffffffa3]C6[0x15][0x15][0x1d][0xffffffdc]i[0xffffff9f][0xffffffcf][0x8][0xfffffff6]gtec[0xffffffbd]~[0xfffffff8][0x7][0x18]<[0xfffffffe][0xffffff8d]h[0x13][0x0][0x0]"
11:50:07.210 [main] DEBUG org.apache.hc.client5.http.impl.classic.InternalHttpClient -- ep-0000000054 releasing valid endpoint
11:50:07.210 [main] DEBUG org.apache.hc.client5.http.impl.io.PoolingHttpClientConnectionManager -- ep-0000000054 releasing endpoint
11:50:07.211 [main] DEBUG org.apache.hc.client5.http.impl.io.PoolingHttpClientConnectionManager -- ep-0000000054 connection http-outgoing-32 can be kept alive for 3 MINUTES
11:50:07.211 [main] DEBUG org.apache.hc.client5.http.impl.io.PoolingHttpClientConnectionManager -- ep-0000000054 connection released [route: {s}->https://raw.githubusercontent.com:443][total available: 2; route allocated: 1 of 5; total allocated: 3 of 25]
11:50:07.211 [main] DEBUG io.github.bonigarcia.wdm.versions.VersionDetector -- Driver for chrome121 not found in online properties (using local versions.properties)
11:50:07.211 [main] DEBUG io.github.bonigarcia.wdm.WebDriverManager -- The driver version for CHROME 121 is unknown ... trying with latest
11:50:07.213 [main] DEBUG org.apache.hc.client5.http.impl.classic.InternalHttpClient -- ex-0000000055 preparing request execution
11:50:07.213 [main] DEBUG org.apache.hc.client5.http.impl.classic.ProtocolExec -- ex-0000000055 target auth state: UNCHALLENGED
11:50:07.213 [main] DEBUG org.apache.hc.client5.http.impl.classic.ProtocolExec -- ex-0000000055 proxy auth state: UNCHALLENGED
11:50:07.213 [main] DEBUG org.apache.hc.client5.http.impl.classic.ConnectExec -- ex-0000000055 acquiring connection with route {s}->https://googlechromelabs.github.io:443
11:50:07.213 [main] DEBUG org.apache.hc.client5.http.impl.classic.InternalHttpClient -- ex-0000000055 acquiring endpoint (3 MINUTES)
11:50:07.213 [main] DEBUG org.apache.hc.client5.http.impl.io.PoolingHttpClientConnectionManager -- ex-0000000055 endpoint lease request (3 MINUTES) [route: {s}->https://googlechromelabs.github.io:443][total available: 2; route allocated: 1 of 5; total allocated: 3 of 25]
11:50:07.213 [main] DEBUG org.apache.hc.client5.http.impl.io.PoolingHttpClientConnectionManager -- ex-0000000055 endpoint leased [route: {s}->https://googlechromelabs.github.io:443][total available: 1; route allocated: 1 of 5; total allocated: 3 of 25]
11:50:07.213 [main] DEBUG org.apache.hc.client5.http.impl.io.PoolingHttpClientConnectionManager -- ex-0000000055 acquired ep-0000000055
11:50:07.213 [main] DEBUG org.apache.hc.client5.http.impl.classic.InternalHttpClient -- ex-0000000055 acquired endpoint ep-0000000055
11:50:07.213 [main] DEBUG org.apache.hc.client5.http.impl.classic.MainClientExec -- ex-0000000055 executing GET /chrome-for-testing/last-known-good-versions-with-downloads.json HTTP/1.1
11:50:07.213 [main] DEBUG org.apache.hc.client5.http.protocol.RequestAddCookies -- ex-0000000055 Cookie spec selected: strict
11:50:07.213 [main] DEBUG org.apache.hc.client5.http.impl.classic.InternalHttpClient -- ep-0000000055 start execution ex-0000000055
11:50:07.213 [main] DEBUG org.apache.hc.client5.http.impl.io.PoolingHttpClientConnectionManager -- ep-0000000055 executing exchange ex-0000000055 over http-outgoing-30
11:50:07.213 [main] DEBUG org.apache.hc.client5.http.headers -- http-outgoing-30 >> GET /chrome-for-testing/last-known-good-versions-with-downloads.json HTTP/1.1
11:50:07.213 [main] DEBUG org.apache.hc.client5.http.headers -- http-outgoing-30 >> user-agent: Apache-HttpClient/5.0
11:50:07.213 [main] DEBUG org.apache.hc.client5.http.headers -- http-outgoing-30 >> accept-encoding: gzip, deflate, br
11:50:07.213 [main] DEBUG org.apache.hc.client5.http.headers -- http-outgoing-30 >> cache-control: max-age=0
11:50:07.213 [main] DEBUG org.apache.hc.client5.http.headers -- http-outgoing-30 >> connection: keep-alive
11:50:07.213 [main] DEBUG org.apache.hc.client5.http.headers -- http-outgoing-30 >> Host: googlechromelabs.github.io
11:50:07.213 [main] DEBUG org.apache.hc.client5.http.wire -- http-outgoing-30 >> "GET /chrome-for-testing/last-known-good-versions-with-downloads.json HTTP/1.1[\r][\n]"
11:50:07.213 [main] DEBUG org.apache.hc.client5.http.wire -- http-outgoing-30 >> "user-agent: Apache-HttpClient/5.0[\r][\n]"
11:50:07.213 [main] DEBUG org.apache.hc.client5.http.wire -- http-outgoing-30 >> "accept-encoding: gzip, deflate, br[\r][\n]"
11:50:07.213 [main] DEBUG org.apache.hc.client5.http.wire -- http-outgoing-30 >> "cache-control: max-age=0[\r][\n]"
11:50:07.213 [main] DEBUG org.apache.hc.client5.http.wire -- http-outgoing-30 >> "connection: keep-alive[\r][\n]"
11:50:07.213 [main] DEBUG org.apache.hc.client5.http.wire -- http-outgoing-30 >> "Host: googlechromelabs.github.io[\r][\n]"
11:50:07.213 [main] DEBUG org.apache.hc.client5.http.wire -- http-outgoing-30 >> "[\r][\n]"
11:50:07.396 [main] DEBUG org.apache.hc.client5.http.wire -- http-outgoing-30 << "HTTP/1.1 200 OK[\r][\n]"
11:50:07.396 [main] DEBUG org.apache.hc.client5.http.wire -- http-outgoing-30 << "Connection: keep-alive[\r][\n]"
11:50:07.396 [main] DEBUG org.apache.hc.client5.http.wire -- http-outgoing-30 << "Content-Length: 640[\r][\n]"
11:50:07.396 [main] DEBUG org.apache.hc.client5.http.wire -- http-outgoing-30 << "Server: GitHub.com[\r][\n]"
11:50:07.396 [main] DEBUG org.apache.hc.client5.http.wire -- http-outgoing-30 << "Content-Type: application/json; charset=utf-8[\r][\n]"
11:50:07.396 [main] DEBUG org.apache.hc.client5.http.wire -- http-outgoing-30 << "permissions-policy: interest-cohort=()[\r][\n]"
11:50:07.396 [main] DEBUG org.apache.hc.client5.http.wire -- http-outgoing-30 << "x-origin-cache: HIT[\r][\n]"
11:50:07.396 [main] DEBUG org.apache.hc.client5.http.wire -- http-outgoing-30 << "Last-Modified: Mon, 12 Feb 2024 04:09:36 GMT[\r][\n]"
11:50:07.396 [main] DEBUG org.apache.hc.client5.http.wire -- http-outgoing-30 << "Access-Control-Allow-Origin: *[\r][\n]"
11:50:07.396 [main] DEBUG org.apache.hc.client5.http.wire -- http-outgoing-30 << "Strict-Transport-Security: max-age=31556952[\r][\n]"
11:50:07.396 [main] DEBUG org.apache.hc.client5.http.wire -- http-outgoing-30 << "ETag: W/"65c99a00-229c"[\r][\n]"
11:50:07.396 [main] DEBUG org.apache.hc.client5.http.wire -- http-outgoing-30 << "expires: Mon, 12 Feb 2024 04:21:25 GMT[\r][\n]"
11:50:07.396 [main] DEBUG org.apache.hc.client5.http.wire -- http-outgoing-30 << "Cache-Control: max-age=600[\r][\n]"
11:50:07.396 [main] DEBUG org.apache.hc.client5.http.wire -- http-outgoing-30 << "Content-Encoding: gzip[\r][\n]"
11:50:07.396 [main] DEBUG org.apache.hc.client5.http.wire -- http-outgoing-30 << "x-proxy-cache: HIT[\r][\n]"
11:50:07.396 [main] DEBUG org.apache.hc.client5.http.wire -- http-outgoing-30 << "X-GitHub-Request-Id: 7E68:202855:5C382C1:5E35C94:65C99AB6[\r][\n]"
11:50:07.396 [main] DEBUG org.apache.hc.client5.http.wire -- http-outgoing-30 << "Accept-Ranges: bytes[\r][\n]"
11:50:07.396 [main] DEBUG org.apache.hc.client5.http.wire -- http-outgoing-30 << "Date: Mon, 12 Feb 2024 04:50:07 GMT[\r][\n]"
11:50:07.396 [main] DEBUG org.apache.hc.client5.http.wire -- http-outgoing-30 << "Via: 1.1 varnish[\r][\n]"
11:50:07.396 [main] DEBUG org.apache.hc.client5.http.wire -- http-outgoing-30 << "Age: 383[\r][\n]"
11:50:07.396 [main] DEBUG org.apache.hc.client5.http.wire -- http-outgoing-30 << "X-Served-By: cache-fra-eddf8230094-FRA[\r][\n]"
11:50:07.396 [main] DEBUG org.apache.hc.client5.http.wire -- http-outgoing-30 << "X-Cache: HIT[\r][\n]"
11:50:07.396 [main] DEBUG org.apache.hc.client5.http.wire -- http-outgoing-30 << "X-Cache-Hits: 5[\r][\n]"
11:50:07.396 [main] DEBUG org.apache.hc.client5.http.wire -- http-outgoing-30 << "X-Timer: S1707713407.383036,VS0,VE0[\r][\n]"
11:50:07.396 [main] DEBUG org.apache.hc.client5.http.wire -- http-outgoing-30 << "Vary: Accept-Encoding[\r][\n]"
11:50:07.396 [main] DEBUG org.apache.hc.client5.http.wire -- http-outgoing-30 << "X-Fastly-Request-ID: 81e9142b30b6c9544ae7f5f964b100570175d676[\r][\n]"
11:50:07.396 [main] DEBUG org.apache.hc.client5.http.wire -- http-outgoing-30 << "[\r][\n]"
11:50:07.396 [main] DEBUG org.apache.hc.client5.http.headers -- http-outgoing-30 << HTTP/1.1 200 OK
11:50:07.396 [main] DEBUG org.apache.hc.client5.http.headers -- http-outgoing-30 << Connection: keep-alive
11:50:07.396 [main] DEBUG org.apache.hc.client5.http.headers -- http-outgoing-30 << Content-Length: 640
11:50:07.396 [main] DEBUG org.apache.hc.client5.http.headers -- http-outgoing-30 << Server: GitHub.com
11:50:07.396 [main] DEBUG org.apache.hc.client5.http.headers -- http-outgoing-30 << Content-Type: application/json; charset=utf-8
11:50:07.396 [main] DEBUG org.apache.hc.client5.http.headers -- http-outgoing-30 << permissions-policy: interest-cohort=()
11:50:07.396 [main] DEBUG org.apache.hc.client5.http.headers -- http-outgoing-30 << x-origin-cache: HIT
11:50:07.396 [main] DEBUG org.apache.hc.client5.http.headers -- http-outgoing-30 << Last-Modified: Mon, 12 Feb 2024 04:09:36 GMT
11:50:07.396 [main] DEBUG org.apache.hc.client5.http.headers -- http-outgoing-30 << Access-Control-Allow-Origin: *
11:50:07.396 [main] DEBUG org.apache.hc.client5.http.headers -- http-outgoing-30 << Strict-Transport-Security: max-age=31556952
11:50:07.396 [main] DEBUG org.apache.hc.client5.http.headers -- http-outgoing-30 << ETag: W/"65c99a00-229c"
11:50:07.396 [main] DEBUG org.apache.hc.client5.http.headers -- http-outgoing-30 << expires: Mon, 12 Feb 2024 04:21:25 GMT
11:50:07.396 [main] DEBUG org.apache.hc.client5.http.headers -- http-outgoing-30 << Cache-Control: max-age=600
11:50:07.396 [main] DEBUG org.apache.hc.client5.http.headers -- http-outgoing-30 << Content-Encoding: gzip
11:50:07.396 [main] DEBUG org.apache.hc.client5.http.headers -- http-outgoing-30 << x-proxy-cache: HIT
11:50:07.396 [main] DEBUG org.apache.hc.client5.http.headers -- http-outgoing-30 << X-GitHub-Request-Id: 7E68:202855:5C382C1:5E35C94:65C99AB6
11:50:07.396 [main] DEBUG org.apache.hc.client5.http.headers -- http-outgoing-30 << Accept-Ranges: bytes
11:50:07.396 [main] DEBUG org.apache.hc.client5.http.headers -- http-outgoing-30 << Date: Mon, 12 Feb 2024 04:50:07 GMT
11:50:07.396 [main] DEBUG org.apache.hc.client5.http.headers -- http-outgoing-30 << Via: 1.1 varnish
11:50:07.396 [main] DEBUG org.apache.hc.client5.http.headers -- http-outgoing-30 << Age: 383
11:50:07.396 [main] DEBUG org.apache.hc.client5.http.headers -- http-outgoing-30 << X-Served-By: cache-fra-eddf8230094-FRA
11:50:07.396 [main] DEBUG org.apache.hc.client5.http.headers -- http-outgoing-30 << X-Cache: HIT
11:50:07.396 [main] DEBUG org.apache.hc.client5.http.headers -- http-outgoing-30 << X-Cache-Hits: 5
11:50:07.396 [main] DEBUG org.apache.hc.client5.http.headers -- http-outgoing-30 << X-Timer: S1707713407.383036,VS0,VE0
11:50:07.396 [main] DEBUG org.apache.hc.client5.http.headers -- http-outgoing-30 << Vary: Accept-Encoding
11:50:07.396 [main] DEBUG org.apache.hc.client5.http.headers -- http-outgoing-30 << X-Fastly-Request-ID: 81e9142b30b6c9544ae7f5f964b100570175d676
11:50:07.396 [main] DEBUG org.apache.hc.client5.http.impl.classic.MainClientExec -- ex-0000000055 connection can be kept alive for 3 MINUTES
11:50:07.397 [main] DEBUG org.apache.hc.client5.http.wire -- http-outgoing-30 << "[0x1f][0xffffff8b][0x8][0x0][0x0][0x0][0x0][0x0][0x0][0x3][0xffffffcd][0xffffff96][0xffffffcb][0xffffff8e][0xffffff9b]0[0x14][0xffffff86][0xfffffff7]}[0xc][0xffffffaf][0xffffffc1]`[0x8][0xffffffe4][0xffffffb2][0xffffff9c][0xffffff99]7hWSu[0xffffffe1][0x6]7A2[0x10][0xffffff81]'[0xffffffd3]N[0xffffffc4][0xffffffbb][0xffffffd7][0x10][0xffffffc3]p[0xffffffb1][0xffffff99]U|[0xffffff90]"%[0x1c][0xffffff9c]s~[0xffffffd0][0xffffffa7][0xffffffa3][0xffffffef][0xffffff86]D[0xffffff9a][0xffffffb1]J[0xffffffd0][0xffffffec][0xffffff82][0xe]([0xfffffff0][0xffffff83][0xffffff8d][0xffffffeb][0x7].!?[0x2]r[0xfffffff0][0xfffffff7][0xfffffff2][0xffffff83]}B^[0xffffff91][0xffffff83][0xffffff8e]g[0xffffff9a][0xffffffe7][0xffffff8c]W[0xffffffe8]pC[0xffffffdf][0x5][0xfffffffd][0xffffffcd]Y[0xfffffff3]KU[0xffffffe5]_U[0xffffffcd]AWVVi[0xffffff91][0xffffffcb][0x12][0x9][0x8][0xfffffff6]qL[0xffffffe2]-[0xffffffde]E[0xfffffff2]N[0xffffffc9][0xffffffae]i[0x7f]+[0xc][0xffffff89][0xffffffbf][0xffffff95][0xffffffc5][0xffffffa4]x[0xffffffcf]yA[0xffffff93][0xffffffea][0xffffffde][0xffffffae],2[0xffffffd9][0xfffffff8][0xffffffe7][\r]]8[0x15][0x7f][0xffffff8a]2[0xffffff93][0xffffff87]y[0xffffff9a][0xffffffbf][0xfffffffd][0xffffff8d]7[0xfffffff2][0xfffffff0][[0xffffffd9][0xffffff8c]:[0xb]q[0xffffffa9][0xe][0xffffff9e][0xffffffc7][0xffffff92][0x13]K8[0xffffffce][0x18]>][0x5][0xffffffc1][0xffffffc7]"S%[0xffffffef][0xffffffde]G}[0xffffffb9][0xffffffb2][0xffffff8d]+[0xffffffe4]3[0xffffffa6][0xfffffff9][0xffffffc9][0x1b]e[0xfffffff2]T[0xffffffe7][0xffffffee][0xffffffa0][0xffffffba][0xffffffc4][0x1f][0xffffffe9][0x5][0xffffffd5][0xffffffce](CF[0xffffff8f].-[0xffffffb3][0xffffff87][0xffffffa4][0xffffffe8]{wG[0xfffffffb][0xffffff82])[0xffffffc9]c[0xffffffde][0xffffff86][0xffffffea]<Lax[0x1b][0xffffffef]i[0x1e][0x6][0xf]H[0xffffffd0][0xfffffff6][0xffffffed][0xffffff8e][0xffffffb5][0x17][0xffffff86][0xffffffe9][0xf]y[0xfffffffe][0xffffffb6][0xffffffef]`z[0xfffffff7][0xffffffec][0xffffffbf][0x1c][0x5]fR[0xffffffa6][0xffffff92]n(<[0xffffffef][0xffffffd3][0xffffffd7][0x2][0xffffffa9]J[0xffffffb3][\n]"
11:50:07.397 [main] DEBUG org.apache.hc.client5.http.wire -- http-outgoing-30 << "T[0x7]Y[0x0][0xffffff81]U)@[0xffffffb1][0xfffffffd][0xffffffcc]0[0xffffff83][0xffffffd7]=3[0xffffff9a]pVUnuf[0xffffff9c]CQ<[0xffffff89][0xffffffb1][0x16][0xffffff9c][0xffffffa7][0xffffffb1]V[0xffffffc1][0xffffffb5].[0x14] [0xffffffe0][0xffffffd3]8[0xffffffa0][0xffffffa4]k[0xffffffc2][0xfffffff4][0xffffffc8][0xffffffd7][0xffffffb5][0xffffff83][0xffffff9e][0xffffff98][0xffffffa0]cCi+c?[0x9][0xffffff9a][0xffffffe6]ALp[0xffffffb0][0xffffff9f][0xfffffffa]I[0xffffffe4]G;[0x1f][0xffffffc2]O[0x6][0xffffff99][0x0][0xfffffffd]d[0xffffff98][0x2][0xffffffd2]O[0xffffffa6]9[0xffffffec][0xfffffffb][0xffffffc9]0[0xffffff81]}?[0xffffff99]L[0xffffff87][0xfffffff7][0x13]3[0xffffff9e][0xfffffff6][0xfffffffd]d[0x9]R[0xfffffffb]~bF[0xffffffd5][0xffffffae][0xffffff9f][0xffffff98][0xffffff80][0xffffffb5][0xffffffe9]'&l[0xffffffd7][0xffffffe2]'[0xb]K[0x16][0xffffffce]O[0x16]w.[0xffffff9c][0xffffff9f],[0xffffffac]`[0x18]?1nd[0x8]?1.[0xffffffe8]/[0xfffffffc][0xffffffe4][0xffffff85]][0xffffffc7]z[0xffffffd2][0x14][0xffffffc6]v[0x12][0xffffffb6][0xffffffad]w1[0xfffffff6]gr[0xffffffb2]%[0xffffff9b][0x10]BN>#[0x1][0xffffffba][0xffffffc9] [0x4][0xffffffa4][0xffffff9a]Lb[0xffffffd8]7[0xffffff93]A[0x0][0xfffffffb]b2[0x1e][0xe][0xffffffef]%F2[0xffffffed]k[0xffffffc9][0x2][0xffffff9f][0xfffffff6][0xffffffad][0xffffffc4]H[0xffffffa9]])1[0xffffffb0]j[0xffffffd3]I[0xc][0xffffffc4][0xffffffae]EI[0xffffffcc][0xffffffab][0x15][0xffffffce]H[0xffffff96]6-[0xffffff9c][0xffffff90][0xffffff98][0x17]/[0xffffff8c][0xffffff8f][0xffffff98][0xfffffff6]0[0xffffff84][0xffffff8e][0xffffff98][0xffffffd6][0xfffffff2][0x17]6[0xfffffff2]LsZ[0xfffffffe][0x1b][0xb][0xffffff89][0xffffffaa][0xffffffe9][0xffffff9c]d[0x1f]i[0xffffff9c]d[0xffffffb7][0xffffff8f][0x8][0xffffff9c][0xffffff93]4[0xffffff91][0xffffffc0][0xffffff9d][0xffffffa4][\r][0x1][0xffffffef]$}[0xc]('i[0x3]@9I7|-N[0xffffffa2]![0x13][0xffffffca]I[0xffffffb4]|B9[0xffffff89][0xffffff86]R[0x8]'[0xffffff99][0xffffffb1]j[0xffffffdf]If[0xffffffc4][0xffffffae][0xffffffcb]It[0xffffffab][0x15][0xffffffda]I[0xfffffff4][0xffffff9b][0x16][0xffffffda]It[0xffffff8b][0x17][0xffffffd2]I[0xffffffe6]{[0x18][0xffffffce]I[0xffffffe6]ky[0xffffffd1]I[0xffffffea][0xfffffffa][0xffffffdb][0x7f][0xffffffd5][0xffffffa2][0xffffff9a]W[0xffffff9c]"[0x0][0x0]"
11:50:07.397 [main] DEBUG org.apache.hc.client5.http.impl.classic.InternalHttpClient -- ep-0000000055 releasing valid endpoint
11:50:07.397 [main] DEBUG org.apache.hc.client5.http.impl.io.PoolingHttpClientConnectionManager -- ep-0000000055 releasing endpoint
11:50:07.397 [main] DEBUG org.apache.hc.client5.http.impl.io.PoolingHttpClientConnectionManager -- ep-0000000055 connection http-outgoing-30 can be kept alive for 3 MINUTES
11:50:07.397 [main] DEBUG org.apache.hc.client5.http.impl.io.PoolingHttpClientConnectionManager -- ep-0000000055 connection released [route: {s}->https://googlechromelabs.github.io:443][total available: 2; route allocated: 1 of 5; total allocated: 3 of 25]
11:50:07.399 [main] DEBUG io.github.bonigarcia.wdm.WebDriverManager -- Driver to be downloaded chromedriver 121.0.6167.85
11:50:07.399 [main] DEBUG io.github.bonigarcia.wdm.cache.ResolutionCache -- Storing resolution chrome=121 in cache (valid until 12:50:07 12/02/2024 WIB)
11:50:07.401 [main] DEBUG io.github.bonigarcia.wdm.cache.ResolutionCache -- Storing resolution chrome121=121.0.6167.85 in cache (valid until 11:50:07 13/02/2024 WIB)
11:50:07.402 [main] INFO io.github.bonigarcia.wdm.WebDriverManager -- Exporting webdriver.chrome.driver as /Users/fizkiarditiakusuma/.cache/selenium/chromedriver/mac-arm64/121.0.6167.85/chromedriver
  &amp#27;[32mGiven &amp#27;[0m&amp#27;[32mPengguna telah membuka situs Kepabeanan&amp#27;[0m                               &amp#27;[90m# step_definitions.login.penggunaTelahMembukaSitusKepabeanan()&amp#27;[0m
  &amp#27;[32mThen &amp#27;[0m&amp#27;[32mPengguna Klik Field Kata Sandi&amp#27;[0m                                         &amp#27;[90m# step_definitions.login.penggunaKlikFieldKataSandi()&amp#27;[0m
  &amp#27;[32mAnd &amp#27;[0m&amp#27;[32mPengguna memasukan berbagai macam Test dalam field Password&amp#27;[0m&amp#27;[32m&amp#27;[1m"!@#$%^&*()"&amp#27;[0m &amp#27;[90m# step_definitions.login.penggunaMemasukanBerbagaiMacamTestDalamFieldPassword(java.lang.String)&amp#27;[0m
]]></system-out>
  </testcase>
  <testcase name="LG 005 - Verifikasi Field Kata Sandi #4" classname="login" time="35.792">
    <system-out><![CDATA[
@login
Scenario Outline: LG 005 - Verifikasi Field Kata Sandi                        &amp#27;[90m# features//login.feature:41&amp#27;[0m
11:50:13.551 [main] DEBUG io.github.bonigarcia.wdm.WebDriverManager -- Using WebDriverManager 5.6.3
11:50:13.555 [main] DEBUG io.github.bonigarcia.wdm.WebDriverManager -- Using URL built from repository pattern: https://edgedl.me.gvt1.com/edgedl/chrome/chrome-for-testing/121.0.6167.139/mac-arm64/chromedriver-mac-arm64.zip
11:50:13.556 [main] DEBUG org.apache.hc.client5.http.impl.classic.InternalHttpClient -- ex-0000000056 preparing request execution
11:50:13.556 [main] DEBUG org.apache.hc.client5.http.impl.classic.ProtocolExec -- ex-0000000056 target auth state: UNCHALLENGED
11:50:13.556 [main] DEBUG org.apache.hc.client5.http.impl.classic.ProtocolExec -- ex-0000000056 proxy auth state: UNCHALLENGED
11:50:13.556 [main] DEBUG org.apache.hc.client5.http.impl.classic.ConnectExec -- ex-0000000056 acquiring connection with route {s}->https://googlechromelabs.github.io:443
11:50:13.556 [main] DEBUG org.apache.hc.client5.http.impl.classic.InternalHttpClient -- ex-0000000056 acquiring endpoint (3 MINUTES)
11:50:13.556 [main] DEBUG org.apache.hc.client5.http.impl.io.PoolingHttpClientConnectionManager -- ex-0000000056 endpoint lease request (3 MINUTES) [route: {s}->https://googlechromelabs.github.io:443][total available: 0; route allocated: 0 of 5; total allocated: 0 of 25]
11:50:13.556 [main] DEBUG org.apache.hc.client5.http.impl.io.PoolingHttpClientConnectionManager -- ex-0000000056 endpoint leased [route: {s}->https://googlechromelabs.github.io:443][total available: 0; route allocated: 1 of 5; total allocated: 1 of 25]
11:50:13.556 [main] DEBUG org.apache.hc.client5.http.impl.io.PoolingHttpClientConnectionManager -- ex-0000000056 acquired ep-0000000056
11:50:13.556 [main] DEBUG org.apache.hc.client5.http.impl.classic.InternalHttpClient -- ex-0000000056 acquired endpoint ep-0000000056
11:50:13.556 [main] DEBUG org.apache.hc.client5.http.impl.classic.ConnectExec -- ex-0000000056 opening connection {s}->https://googlechromelabs.github.io:443
11:50:13.556 [main] DEBUG org.apache.hc.client5.http.impl.classic.InternalHttpClient -- ep-0000000056 connecting endpoint (null)
11:50:13.556 [main] DEBUG org.apache.hc.client5.http.impl.io.PoolingHttpClientConnectionManager -- ep-0000000056 connecting endpoint to https://googlechromelabs.github.io:443 (30 SECONDS)
11:50:13.556 [main] DEBUG org.apache.hc.client5.http.impl.io.DefaultHttpClientConnectionOperator -- googlechromelabs.github.io resolving remote address
11:50:13.557 [main] DEBUG org.apache.hc.client5.http.impl.io.DefaultHttpClientConnectionOperator -- googlechromelabs.github.io resolved to [googlechromelabs.github.io/185.199.111.153, googlechromelabs.github.io/185.199.108.153, googlechromelabs.github.io/185.199.109.153, googlechromelabs.github.io/185.199.110.153, googlechromelabs.github.io/2606:50c0:8000:0:0:0:0:153, googlechromelabs.github.io/2606:50c0:8001:0:0:0:0:153, googlechromelabs.github.io/2606:50c0:8002:0:0:0:0:153, googlechromelabs.github.io/2606:50c0:8003:0:0:0:0:153]
11:50:13.557 [main] DEBUG org.apache.hc.client5.http.impl.io.DefaultHttpClientConnectionOperator -- googlechromelabs.github.io:443 connecting null->googlechromelabs.github.io/185.199.111.153:443 (30 SECONDS)
11:50:13.557 [main] DEBUG org.apache.hc.client5.http.ssl.SSLConnectionSocketFactory -- Connecting socket to googlechromelabs.github.io/185.199.111.153:443 with timeout 30 SECONDS
11:50:43.558 [main] DEBUG org.apache.hc.client5.http.impl.io.DefaultHttpClientConnectionOperator -- googlechromelabs.github.io:443 connection to googlechromelabs.github.io/185.199.111.153:443 failed (class java.net.SocketTimeoutException); retrying connection to the next address
11:50:43.559 [main] DEBUG org.apache.hc.client5.http.impl.io.DefaultHttpClientConnectionOperator -- googlechromelabs.github.io:443 connecting null->googlechromelabs.github.io/185.199.108.153:443 (30 SECONDS)
11:50:43.559 [main] DEBUG org.apache.hc.client5.http.ssl.SSLConnectionSocketFactory -- Connecting socket to googlechromelabs.github.io/185.199.108.153:443 with timeout 30 SECONDS
11:50:43.580 [main] DEBUG org.apache.hc.client5.http.ssl.SSLConnectionSocketFactory -- Enabled protocols: [TLSv1.3, TLSv1.2]
11:50:43.580 [main] DEBUG org.apache.hc.client5.http.ssl.SSLConnectionSocketFactory -- Enabled cipher suites: [TLS_AES_256_GCM_SHA384, TLS_AES_128_GCM_SHA256, TLS_CHACHA20_POLY1305_SHA256, TLS_ECDHE_ECDSA_WITH_AES_256_GCM_SHA384, TLS_ECDHE_ECDSA_WITH_AES_128_GCM_SHA256, TLS_ECDHE_ECDSA_WITH_CHACHA20_POLY1305_SHA256, TLS_ECDHE_RSA_WITH_AES_256_GCM_SHA384, TLS_ECDHE_RSA_WITH_CHACHA20_POLY1305_SHA256, TLS_ECDHE_RSA_WITH_AES_128_GCM_SHA256, TLS_DHE_RSA_WITH_AES_256_GCM_SHA384, TLS_DHE_RSA_WITH_CHACHA20_POLY1305_SHA256, TLS_DHE_DSS_WITH_AES_256_GCM_SHA384, TLS_DHE_RSA_WITH_AES_128_GCM_SHA256, TLS_DHE_DSS_WITH_AES_128_GCM_SHA256, TLS_ECDHE_ECDSA_WITH_AES_256_CBC_SHA384, TLS_ECDHE_RSA_WITH_AES_256_CBC_SHA384, TLS_ECDHE_ECDSA_WITH_AES_128_CBC_SHA256, TLS_ECDHE_RSA_WITH_AES_128_CBC_SHA256, TLS_DHE_RSA_WITH_AES_256_CBC_SHA256, TLS_DHE_DSS_WITH_AES_256_CBC_SHA256, TLS_DHE_RSA_WITH_AES_128_CBC_SHA256, TLS_DHE_DSS_WITH_AES_128_CBC_SHA256, TLS_ECDH_ECDSA_WITH_AES_256_GCM_SHA384, TLS_ECDH_RSA_WITH_AES_256_GCM_SHA384, TLS_ECDH_ECDSA_WITH_AES_128_GCM_SHA256, TLS_ECDH_RSA_WITH_AES_128_GCM_SHA256, TLS_ECDH_ECDSA_WITH_AES_256_CBC_SHA384, TLS_ECDH_RSA_WITH_AES_256_CBC_SHA384, TLS_ECDH_ECDSA_WITH_AES_128_CBC_SHA256, TLS_ECDH_RSA_WITH_AES_128_CBC_SHA256, TLS_ECDHE_ECDSA_WITH_AES_256_CBC_SHA, TLS_ECDHE_RSA_WITH_AES_256_CBC_SHA, TLS_ECDHE_ECDSA_WITH_AES_128_CBC_SHA, TLS_ECDHE_RSA_WITH_AES_128_CBC_SHA, TLS_DHE_RSA_WITH_AES_256_CBC_SHA, TLS_DHE_DSS_WITH_AES_256_CBC_SHA, TLS_DHE_RSA_WITH_AES_128_CBC_SHA, TLS_DHE_DSS_WITH_AES_128_CBC_SHA, TLS_ECDH_ECDSA_WITH_AES_256_CBC_SHA, TLS_ECDH_RSA_WITH_AES_256_CBC_SHA, TLS_ECDH_ECDSA_WITH_AES_128_CBC_SHA, TLS_ECDH_RSA_WITH_AES_128_CBC_SHA, TLS_RSA_WITH_AES_256_GCM_SHA384, TLS_RSA_WITH_AES_128_GCM_SHA256, TLS_RSA_WITH_AES_256_CBC_SHA256, TLS_RSA_WITH_AES_128_CBC_SHA256, TLS_RSA_WITH_AES_256_CBC_SHA, TLS_RSA_WITH_AES_128_CBC_SHA, TLS_EMPTY_RENEGOTIATION_INFO_SCSV]
11:50:43.580 [main] DEBUG org.apache.hc.client5.http.ssl.SSLConnectionSocketFactory -- Starting handshake (null)
11:50:43.615 [main] DEBUG org.apache.hc.client5.http.ssl.SSLConnectionSocketFactory -- Secure session established
11:50:43.616 [main] DEBUG org.apache.hc.client5.http.ssl.SSLConnectionSocketFactory --  negotiated protocol: TLSv1.3
11:50:43.616 [main] DEBUG org.apache.hc.client5.http.ssl.SSLConnectionSocketFactory --  negotiated cipher suite: TLS_AES_128_GCM_SHA256
11:50:43.616 [main] DEBUG org.apache.hc.client5.http.ssl.SSLConnectionSocketFactory --  peer principal: CN=*.github.io, O="GitHub, Inc.", L=San Francisco, ST=California, C=US
11:50:43.616 [main] DEBUG org.apache.hc.client5.http.ssl.SSLConnectionSocketFactory --  peer alternative names: [*.github.io, github.io, *.github.com, github.com, www.github.com, *.githubusercontent.com, githubusercontent.com]
11:50:43.616 [main] DEBUG org.apache.hc.client5.http.ssl.SSLConnectionSocketFactory --  issuer principal: CN=DigiCert TLS RSA SHA256 2020 CA1, O=DigiCert Inc, C=US
11:50:43.616 [main] DEBUG org.apache.hc.client5.http.impl.io.DefaultManagedHttpClientConnection -- http-outgoing-33 set socket timeout to 3 MINUTES
11:50:43.616 [main] DEBUG org.apache.hc.client5.http.impl.io.DefaultHttpClientConnectionOperator -- googlechromelabs.github.io:443 connected null->googlechromelabs.github.io/185.199.108.153:443 as http-outgoing-33
11:50:43.616 [main] DEBUG org.apache.hc.client5.http.impl.io.PoolingHttpClientConnectionManager -- ep-0000000056 connected http-outgoing-33
11:50:43.616 [main] DEBUG org.apache.hc.client5.http.impl.classic.InternalHttpClient -- ep-0000000056 endpoint connected
11:50:43.616 [main] DEBUG org.apache.hc.client5.http.impl.classic.MainClientExec -- ex-0000000056 executing GET /chrome-for-testing/last-known-good-versions-with-downloads.json HTTP/1.1
11:50:43.616 [main] DEBUG org.apache.hc.client5.http.protocol.RequestAddCookies -- ex-0000000056 Cookie spec selected: strict
11:50:43.616 [main] DEBUG org.apache.hc.client5.http.impl.classic.InternalHttpClient -- ep-0000000056 start execution ex-0000000056
11:50:43.616 [main] DEBUG org.apache.hc.client5.http.impl.io.PoolingHttpClientConnectionManager -- ep-0000000056 executing exchange ex-0000000056 over http-outgoing-33
11:50:43.616 [main] DEBUG org.apache.hc.client5.http.headers -- http-outgoing-33 >> GET /chrome-for-testing/last-known-good-versions-with-downloads.json HTTP/1.1
11:50:43.616 [main] DEBUG org.apache.hc.client5.http.headers -- http-outgoing-33 >> user-agent: Apache-HttpClient/5.0
11:50:43.616 [main] DEBUG org.apache.hc.client5.http.headers -- http-outgoing-33 >> accept-encoding: gzip, deflate, br
11:50:43.616 [main] DEBUG org.apache.hc.client5.http.headers -- http-outgoing-33 >> cache-control: max-age=0
11:50:43.616 [main] DEBUG org.apache.hc.client5.http.headers -- http-outgoing-33 >> connection: keep-alive
11:50:43.616 [main] DEBUG org.apache.hc.client5.http.headers -- http-outgoing-33 >> Host: googlechromelabs.github.io
11:50:43.616 [main] DEBUG org.apache.hc.client5.http.wire -- http-outgoing-33 >> "GET /chrome-for-testing/last-known-good-versions-with-downloads.json HTTP/1.1[\r][\n]"
11:50:43.616 [main] DEBUG org.apache.hc.client5.http.wire -- http-outgoing-33 >> "user-agent: Apache-HttpClient/5.0[\r][\n]"
11:50:43.616 [main] DEBUG org.apache.hc.client5.http.wire -- http-outgoing-33 >> "accept-encoding: gzip, deflate, br[\r][\n]"
11:50:43.616 [main] DEBUG org.apache.hc.client5.http.wire -- http-outgoing-33 >> "cache-control: max-age=0[\r][\n]"
11:50:43.616 [main] DEBUG org.apache.hc.client5.http.wire -- http-outgoing-33 >> "connection: keep-alive[\r][\n]"
11:50:43.616 [main] DEBUG org.apache.hc.client5.http.wire -- http-outgoing-33 >> "Host: googlechromelabs.github.io[\r][\n]"
11:50:43.616 [main] DEBUG org.apache.hc.client5.http.wire -- http-outgoing-33 >> "[\r][\n]"
11:50:43.636 [main] DEBUG org.apache.hc.client5.http.wire -- http-outgoing-33 << "HTTP/1.1 200 OK[\r][\n]"
11:50:43.637 [main] DEBUG org.apache.hc.client5.http.wire -- http-outgoing-33 << "Connection: keep-alive[\r][\n]"
11:50:43.637 [main] DEBUG org.apache.hc.client5.http.wire -- http-outgoing-33 << "Content-Length: 640[\r][\n]"
11:50:43.637 [main] DEBUG org.apache.hc.client5.http.wire -- http-outgoing-33 << "Server: GitHub.com[\r][\n]"
11:50:43.637 [main] DEBUG org.apache.hc.client5.http.wire -- http-outgoing-33 << "Content-Type: application/json; charset=utf-8[\r][\n]"
11:50:43.637 [main] DEBUG org.apache.hc.client5.http.wire -- http-outgoing-33 << "permissions-policy: interest-cohort=()[\r][\n]"
11:50:43.637 [main] DEBUG org.apache.hc.client5.http.wire -- http-outgoing-33 << "x-origin-cache: HIT[\r][\n]"
11:50:43.637 [main] DEBUG org.apache.hc.client5.http.wire -- http-outgoing-33 << "Last-Modified: Mon, 12 Feb 2024 04:09:36 GMT[\r][\n]"
11:50:43.637 [main] DEBUG org.apache.hc.client5.http.wire -- http-outgoing-33 << "Access-Control-Allow-Origin: *[\r][\n]"
11:50:43.637 [main] DEBUG org.apache.hc.client5.http.wire -- http-outgoing-33 << "Strict-Transport-Security: max-age=31556952[\r][\n]"
11:50:43.637 [main] DEBUG org.apache.hc.client5.http.wire -- http-outgoing-33 << "ETag: W/"65c99a00-229c"[\r][\n]"
11:50:43.637 [main] DEBUG org.apache.hc.client5.http.wire -- http-outgoing-33 << "expires: Mon, 12 Feb 2024 04:19:55 GMT[\r][\n]"
11:50:43.637 [main] DEBUG org.apache.hc.client5.http.wire -- http-outgoing-33 << "Cache-Control: max-age=600[\r][\n]"
11:50:43.637 [main] DEBUG org.apache.hc.client5.http.wire -- http-outgoing-33 << "Content-Encoding: gzip[\r][\n]"
11:50:43.637 [main] DEBUG org.apache.hc.client5.http.wire -- http-outgoing-33 << "x-proxy-cache: HIT[\r][\n]"
11:50:43.637 [main] DEBUG org.apache.hc.client5.http.wire -- http-outgoing-33 << "X-GitHub-Request-Id: EECE:F2983:9FFA93:AC18FB:65C99AC6[\r][\n]"
11:50:43.637 [main] DEBUG org.apache.hc.client5.http.wire -- http-outgoing-33 << "Accept-Ranges: bytes[\r][\n]"
11:50:43.637 [main] DEBUG org.apache.hc.client5.http.wire -- http-outgoing-33 << "Date: Mon, 12 Feb 2024 04:50:43 GMT[\r][\n]"
11:50:43.637 [main] DEBUG org.apache.hc.client5.http.wire -- http-outgoing-33 << "Via: 1.1 varnish[\r][\n]"
11:50:43.637 [main] DEBUG org.apache.hc.client5.http.wire -- http-outgoing-33 << "Age: 276[\r][\n]"
11:50:43.637 [main] DEBUG org.apache.hc.client5.http.wire -- http-outgoing-33 << "X-Served-By: cache-qpg1234-QPG[\r][\n]"
11:50:43.637 [main] DEBUG org.apache.hc.client5.http.wire -- http-outgoing-33 << "X-Cache: HIT[\r][\n]"
11:50:43.637 [main] DEBUG org.apache.hc.client5.http.wire -- http-outgoing-33 << "X-Cache-Hits: 58[\r][\n]"
11:50:43.637 [main] DEBUG org.apache.hc.client5.http.wire -- http-outgoing-33 << "X-Timer: S1707713444.697628,VS0,VE0[\r][\n]"
11:50:43.637 [main] DEBUG org.apache.hc.client5.http.wire -- http-outgoing-33 << "Vary: Accept-Encoding[\r][\n]"
11:50:43.637 [main] DEBUG org.apache.hc.client5.http.wire -- http-outgoing-33 << "X-Fastly-Request-ID: ab3c3865ff97aa6a5483390abaf293ffaf9cd0a0[\r][\n]"
11:50:43.637 [main] DEBUG org.apache.hc.client5.http.wire -- http-outgoing-33 << "[\r][\n]"
11:50:43.637 [main] DEBUG org.apache.hc.client5.http.headers -- http-outgoing-33 << HTTP/1.1 200 OK
11:50:43.637 [main] DEBUG org.apache.hc.client5.http.headers -- http-outgoing-33 << Connection: keep-alive
11:50:43.637 [main] DEBUG org.apache.hc.client5.http.headers -- http-outgoing-33 << Content-Length: 640
11:50:43.637 [main] DEBUG org.apache.hc.client5.http.headers -- http-outgoing-33 << Server: GitHub.com
11:50:43.637 [main] DEBUG org.apache.hc.client5.http.headers -- http-outgoing-33 << Content-Type: application/json; charset=utf-8
11:50:43.637 [main] DEBUG org.apache.hc.client5.http.headers -- http-outgoing-33 << permissions-policy: interest-cohort=()
11:50:43.637 [main] DEBUG org.apache.hc.client5.http.headers -- http-outgoing-33 << x-origin-cache: HIT
11:50:43.637 [main] DEBUG org.apache.hc.client5.http.headers -- http-outgoing-33 << Last-Modified: Mon, 12 Feb 2024 04:09:36 GMT
11:50:43.637 [main] DEBUG org.apache.hc.client5.http.headers -- http-outgoing-33 << Access-Control-Allow-Origin: *
11:50:43.637 [main] DEBUG org.apache.hc.client5.http.headers -- http-outgoing-33 << Strict-Transport-Security: max-age=31556952
11:50:43.637 [main] DEBUG org.apache.hc.client5.http.headers -- http-outgoing-33 << ETag: W/"65c99a00-229c"
11:50:43.637 [main] DEBUG org.apache.hc.client5.http.headers -- http-outgoing-33 << expires: Mon, 12 Feb 2024 04:19:55 GMT
11:50:43.637 [main] DEBUG org.apache.hc.client5.http.headers -- http-outgoing-33 << Cache-Control: max-age=600
11:50:43.637 [main] DEBUG org.apache.hc.client5.http.headers -- http-outgoing-33 << Content-Encoding: gzip
11:50:43.637 [main] DEBUG org.apache.hc.client5.http.headers -- http-outgoing-33 << x-proxy-cache: HIT
11:50:43.637 [main] DEBUG org.apache.hc.client5.http.headers -- http-outgoing-33 << X-GitHub-Request-Id: EECE:F2983:9FFA93:AC18FB:65C99AC6
11:50:43.637 [main] DEBUG org.apache.hc.client5.http.headers -- http-outgoing-33 << Accept-Ranges: bytes
11:50:43.637 [main] DEBUG org.apache.hc.client5.http.headers -- http-outgoing-33 << Date: Mon, 12 Feb 2024 04:50:43 GMT
11:50:43.637 [main] DEBUG org.apache.hc.client5.http.headers -- http-outgoing-33 << Via: 1.1 varnish
11:50:43.637 [main] DEBUG org.apache.hc.client5.http.headers -- http-outgoing-33 << Age: 276
11:50:43.637 [main] DEBUG org.apache.hc.client5.http.headers -- http-outgoing-33 << X-Served-By: cache-qpg1234-QPG
11:50:43.637 [main] DEBUG org.apache.hc.client5.http.headers -- http-outgoing-33 << X-Cache: HIT
11:50:43.637 [main] DEBUG org.apache.hc.client5.http.headers -- http-outgoing-33 << X-Cache-Hits: 58
11:50:43.637 [main] DEBUG org.apache.hc.client5.http.headers -- http-outgoing-33 << X-Timer: S1707713444.697628,VS0,VE0
11:50:43.637 [main] DEBUG org.apache.hc.client5.http.headers -- http-outgoing-33 << Vary: Accept-Encoding
11:50:43.637 [main] DEBUG org.apache.hc.client5.http.headers -- http-outgoing-33 << X-Fastly-Request-ID: ab3c3865ff97aa6a5483390abaf293ffaf9cd0a0
11:50:43.637 [main] DEBUG org.apache.hc.client5.http.impl.classic.MainClientExec -- ex-0000000056 connection can be kept alive for 3 MINUTES
11:50:43.637 [main] DEBUG org.apache.hc.client5.http.wire -- http-outgoing-33 << "[0x1f][0xffffff8b][0x8][0x0][0x0][0x0][0x0][0x0][0x0][0x3][0xffffffcd][0xffffff96][0xffffffcb][0xffffff8e][0xffffff9b]0[0x14][0xffffff86][0xfffffff7]}[0xc][0xffffffaf][0xffffffc1]`[0x8][0xffffffe4][0xffffffb2][0xffffff9c][0xffffff99]7hWSu[0xffffffe1][0x6]7A2[0x10][0xffffff81]'[0xffffffd3]N[0xffffffc4][0xffffffbb][0xffffffd7][0x10][0xffffffc3]p[0xffffffb1][0xffffff99]U|[0xffffff90]"%[0x1c][0xffffff9c]s~[0xffffffd0][0xffffffa7][0xffffffa3][0xffffffef][0xffffff86]D[0xffffff9a][0xffffffb1]J[0xffffffd0][0xffffffec][0xffffff82][0xe]([0xfffffff0][0xffffff83][0xffffff8d][0xffffffeb][0x7].!?[0x2]r[0xfffffff0][0xfffffff7][0xfffffff2][0xffffff83]}B^[0xffffff91][0xffffff83][0xffffff8e]g[0xffffff9a][0xffffffe7][0xffffff8c]W[0xffffffe8]pC[0xffffffdf][0x5][0xfffffffd][0xffffffcd]Y[0xfffffff3]KU[0xffffffe5]_U[0xffffffcd]AWVVi[0xffffff91][0xffffffcb][0x12][0x9][0x8][0xfffffff6]qL[0xffffffe2]-[0xffffffde]E[0xfffffff2]N[0xffffffc9][0xffffffae]i[0x7f]+[0xc][0xffffff89][0xffffffbf][0xffffff95][0xffffffc5][0xffffffa4]x[0xffffffcf]yA[0xffffff93][0xffffffea][0xffffffde][0xffffffae],2[0xffffffd9][0xfffffff8][0xffffffe7][\r]]8[0x15][0x7f][0xffffff8a]2[0xffffff93][0xffffff87]y[0xffffff9a][0xffffffbf][0xfffffffd][0xffffff8d]7[0xfffffff2][0xfffffff0][[0xffffffd9][0xffffff8c]:[0xb]q[0xffffffa9][0xe][0xffffff9e][0xffffffc7][0xffffff92][0x13]K8[0xffffffce][0x18]>][0x5][0xffffffc1][0xffffffc7]"S%[0xffffffef][0xffffffde]G}[0xffffffb9][0xffffffb2][0xffffff8d]+[0xffffffe4]3[0xffffffa6][0xfffffff9][0xffffffc9][0x1b]e[0xfffffff2]T[0xffffffe7][0xffffffee][0xffffffa0][0xffffffba][0xffffffc4][0x1f][0xffffffe9][0x5][0xffffffd5][0xffffffce](CF[0xffffff8f].-[0xffffffb3][0xffffff87][0xffffffa4][0xffffffe8]{wG[0xfffffffb][0xffffff82])[0xffffffc9]c[0xffffffde][0xffffff86][0xffffffea]<Lax[0x1b][0xffffffef]i[0x1e][0x6][0xf]H[0xffffffd0][0xfffffff6][0xffffffed][0xffffff8e][0xffffffb5][0x17][0xffffff86][0xffffffe9][0xf]y[0xfffffffe][0xffffffb6][0xffffffef]`z[0xfffffff7][0xffffffec][0xffffffbf][0x1c][0x5]fR[0xffffffa6][0xffffff92]n(<[0xffffffef][0xffffffd3][0xffffffd7][0x2][0xffffffa9]J[0xffffffb3][\n]"
11:50:43.638 [main] DEBUG org.apache.hc.client5.http.wire -- http-outgoing-33 << "T[0x7]Y[0x0][0xffffff81]U)@[0xffffffb1][0xfffffffd][0xffffffcc]0[0xffffff83][0xffffffd7]=3[0xffffff9a]pVUnuf[0xffffff9c]CQ<[0xffffff89][0xffffffb1][0x16][0xffffff9c][0xffffffa7][0xffffffb1]V[0xffffffc1][0xffffffb5].[0x14] [0xffffffe0][0xffffffd3]8[0xffffffa0][0xffffffa4]k[0xffffffc2][0xfffffff4][0xffffffc8][0xffffffd7][0xffffffb5][0xffffff83][0xffffff9e][0xffffff98][0xffffffa0]cCi+c?[0x9][0xffffff9a][0xffffffe6]ALp[0xffffffb0][0xffffff9f][0xfffffffa]I[0xffffffe4]G;[0x1f][0xffffffc2]O[0x6][0xffffff99][0x0][0xfffffffd]d[0xffffff98][0x2][0xffffffd2]O[0xffffffa6]9[0xffffffec][0xfffffffb][0xffffffc9]0[0xffffff81]}?[0xffffff99]L[0xffffff87][0xfffffff7][0x13]3[0xffffff9e][0xfffffff6][0xfffffffd]d[0x9]R[0xfffffffb]~bF[0xffffffd5][0xffffffae][0xffffff9f][0xffffff98][0xffffff80][0xffffffb5][0xffffffe9]'&l[0xffffffd7][0xffffffe2]'[0xb]K[0x16][0xffffffce]O[0x16]w.[0xffffff9c][0xffffff9f],[0xffffffac]`[0x18]?1nd[0x8]?1.[0xffffffe8]/[0xfffffffc][0xffffffe4][0xffffff85]][0xffffffc7]z[0xffffffd2][0x14][0xffffffc6]v[0x12][0xffffffb6][0xffffffad]w1[0xfffffff6]gr[0xffffffb2]%[0xffffff9b][0x10]BN>#[0x1][0xffffffba][0xffffffc9] [0x4][0xffffffa4][0xffffff9a]Lb[0xffffffd8]7[0xffffff93]A[0x0][0xfffffffb]b2[0x1e][0xe][0xffffffef]%F2[0xffffffed]k[0xffffffc9][0x2][0xffffff9f][0xfffffff6][0xffffffad][0xffffffc4]H[0xffffffa9]])1[0xffffffb0]j[0xffffffd3]I[0xc][0xffffffc4][0xffffffae]EI[0xffffffcc][0xffffffab][0x15][0xffffffce]H[0xffffff96]6-[0xffffff9c][0xffffff90][0xffffff98][0x17]/[0xffffff8c][0xffffff8f][0xffffff98][0xfffffff6]0[0xffffff84][0xffffff8e][0xffffff98][0xffffffd6][0xfffffff2][0x17]6[0xfffffff2]LsZ[0xfffffffe][0x1b][0xb][0xffffff89][0xffffffaa][0xffffffe9][0xffffff9c]d[0x1f]i[0xffffff9c]d[0xffffffb7][0xffffff8f][0x8][0xffffff9c][0xffffff93]4[0xffffff91][0xffffffc0][0xffffff9d][0xffffffa4][\r][0x1][0xffffffef]$}[0xc]('i[0x3]@9I7|-N[0xffffffa2]![0x13][0xffffffca]I[0xffffffb4]|B9[0xffffff89][0xffffff86]R[0x8]'[0xffffff99][0xffffffb1]j[0xffffffdf]If[0xffffffc4][0xffffffae][0xffffffcb]It[0xffffffab][0x15][0xffffffda]I[0xfffffff4][0xffffff9b][0x16][0xffffffda]It[0xffffff8b][0x17][0xffffffd2]I[0xffffffe6]{[0x18][0xffffffce]I[0xffffffe6]ky[0xffffffd1]I[0xffffffea][0xfffffffa][0xffffffdb][0x7f][0xffffffd5][0xffffffa2][0xffffff9a]W[0xffffff9c]"[0x0][0x0]"
11:50:43.639 [main] DEBUG org.apache.hc.client5.http.impl.classic.InternalHttpClient -- ep-0000000056 releasing valid endpoint
11:50:43.639 [main] DEBUG org.apache.hc.client5.http.impl.io.PoolingHttpClientConnectionManager -- ep-0000000056 releasing endpoint
11:50:43.639 [main] DEBUG org.apache.hc.client5.http.impl.io.PoolingHttpClientConnectionManager -- ep-0000000056 connection http-outgoing-33 can be kept alive for 3 MINUTES
11:50:43.640 [main] DEBUG org.apache.hc.client5.http.impl.io.PoolingHttpClientConnectionManager -- ep-0000000056 connection released [route: {s}->https://googlechromelabs.github.io:443][total available: 1; route allocated: 1 of 5; total allocated: 1 of 25]
11:50:43.640 [main] DEBUG io.github.bonigarcia.wdm.WebDriverManager -- Driver to be downloaded chromedriver 121.0.6167.139
11:50:43.641 [main] DEBUG io.github.bonigarcia.wdm.WebDriverManager -- Using URL built from repository pattern: https://edgedl.me.gvt1.com/edgedl/chrome/chrome-for-testing/121.0.6167.139/mac-arm64/chromedriver-mac-arm64.zip
11:50:43.641 [main] INFO io.github.bonigarcia.wdm.online.Downloader -- Downloading https://edgedl.me.gvt1.com/edgedl/chrome/chrome-for-testing/121.0.6167.139/mac-arm64/chromedriver-mac-arm64.zip
11:50:43.643 [main] DEBUG org.apache.hc.client5.http.impl.classic.InternalHttpClient -- ex-0000000057 preparing request execution
11:50:43.643 [main] DEBUG org.apache.hc.client5.http.impl.classic.ProtocolExec -- ex-0000000057 target auth state: UNCHALLENGED
11:50:43.643 [main] DEBUG org.apache.hc.client5.http.impl.classic.ProtocolExec -- ex-0000000057 proxy auth state: UNCHALLENGED
11:50:43.643 [main] DEBUG org.apache.hc.client5.http.impl.classic.ConnectExec -- ex-0000000057 acquiring connection with route {s}->https://edgedl.me.gvt1.com:443
11:50:43.643 [main] DEBUG org.apache.hc.client5.http.impl.classic.InternalHttpClient -- ex-0000000057 acquiring endpoint (3 MINUTES)
11:50:43.643 [main] DEBUG org.apache.hc.client5.http.impl.io.PoolingHttpClientConnectionManager -- ex-0000000057 endpoint lease request (3 MINUTES) [route: {s}->https://edgedl.me.gvt1.com:443][total available: 1; route allocated: 0 of 5; total allocated: 1 of 25]
11:50:43.643 [main] DEBUG org.apache.hc.client5.http.impl.io.PoolingHttpClientConnectionManager -- ex-0000000057 endpoint leased [route: {s}->https://edgedl.me.gvt1.com:443][total available: 1; route allocated: 1 of 5; total allocated: 2 of 25]
11:50:43.643 [main] DEBUG org.apache.hc.client5.http.impl.io.PoolingHttpClientConnectionManager -- ex-0000000057 acquired ep-0000000057
11:50:43.643 [main] DEBUG org.apache.hc.client5.http.impl.classic.InternalHttpClient -- ex-0000000057 acquired endpoint ep-0000000057
11:50:43.643 [main] DEBUG org.apache.hc.client5.http.impl.classic.ConnectExec -- ex-0000000057 opening connection {s}->https://edgedl.me.gvt1.com:443
11:50:43.643 [main] DEBUG org.apache.hc.client5.http.impl.classic.InternalHttpClient -- ep-0000000057 connecting endpoint (null)
11:50:43.643 [main] DEBUG org.apache.hc.client5.http.impl.io.PoolingHttpClientConnectionManager -- ep-0000000057 connecting endpoint to https://edgedl.me.gvt1.com:443 (30 SECONDS)
11:50:43.643 [main] DEBUG org.apache.hc.client5.http.impl.io.DefaultHttpClientConnectionOperator -- edgedl.me.gvt1.com resolving remote address
11:50:43.645 [main] DEBUG org.apache.hc.client5.http.impl.io.DefaultHttpClientConnectionOperator -- edgedl.me.gvt1.com resolved to [edgedl.me.gvt1.com/34.104.35.123, edgedl.me.gvt1.com/2600:1900:4110:86f:0:0:0:0]
11:50:43.645 [main] DEBUG org.apache.hc.client5.http.impl.io.DefaultHttpClientConnectionOperator -- edgedl.me.gvt1.com:443 connecting null->edgedl.me.gvt1.com/34.104.35.123:443 (30 SECONDS)
11:50:43.645 [main] DEBUG org.apache.hc.client5.http.ssl.SSLConnectionSocketFactory -- Connecting socket to edgedl.me.gvt1.com/34.104.35.123:443 with timeout 30 SECONDS
11:50:43.653 [main] DEBUG org.apache.hc.client5.http.ssl.SSLConnectionSocketFactory -- Enabled protocols: [TLSv1.3, TLSv1.2]
11:50:43.653 [main] DEBUG org.apache.hc.client5.http.ssl.SSLConnectionSocketFactory -- Enabled cipher suites: [TLS_AES_256_GCM_SHA384, TLS_AES_128_GCM_SHA256, TLS_CHACHA20_POLY1305_SHA256, TLS_ECDHE_ECDSA_WITH_AES_256_GCM_SHA384, TLS_ECDHE_ECDSA_WITH_AES_128_GCM_SHA256, TLS_ECDHE_ECDSA_WITH_CHACHA20_POLY1305_SHA256, TLS_ECDHE_RSA_WITH_AES_256_GCM_SHA384, TLS_ECDHE_RSA_WITH_CHACHA20_POLY1305_SHA256, TLS_ECDHE_RSA_WITH_AES_128_GCM_SHA256, TLS_DHE_RSA_WITH_AES_256_GCM_SHA384, TLS_DHE_RSA_WITH_CHACHA20_POLY1305_SHA256, TLS_DHE_DSS_WITH_AES_256_GCM_SHA384, TLS_DHE_RSA_WITH_AES_128_GCM_SHA256, TLS_DHE_DSS_WITH_AES_128_GCM_SHA256, TLS_ECDHE_ECDSA_WITH_AES_256_CBC_SHA384, TLS_ECDHE_RSA_WITH_AES_256_CBC_SHA384, TLS_ECDHE_ECDSA_WITH_AES_128_CBC_SHA256, TLS_ECDHE_RSA_WITH_AES_128_CBC_SHA256, TLS_DHE_RSA_WITH_AES_256_CBC_SHA256, TLS_DHE_DSS_WITH_AES_256_CBC_SHA256, TLS_DHE_RSA_WITH_AES_128_CBC_SHA256, TLS_DHE_DSS_WITH_AES_128_CBC_SHA256, TLS_ECDH_ECDSA_WITH_AES_256_GCM_SHA384, TLS_ECDH_RSA_WITH_AES_256_GCM_SHA384, TLS_ECDH_ECDSA_WITH_AES_128_GCM_SHA256, TLS_ECDH_RSA_WITH_AES_128_GCM_SHA256, TLS_ECDH_ECDSA_WITH_AES_256_CBC_SHA384, TLS_ECDH_RSA_WITH_AES_256_CBC_SHA384, TLS_ECDH_ECDSA_WITH_AES_128_CBC_SHA256, TLS_ECDH_RSA_WITH_AES_128_CBC_SHA256, TLS_ECDHE_ECDSA_WITH_AES_256_CBC_SHA, TLS_ECDHE_RSA_WITH_AES_256_CBC_SHA, TLS_ECDHE_ECDSA_WITH_AES_128_CBC_SHA, TLS_ECDHE_RSA_WITH_AES_128_CBC_SHA, TLS_DHE_RSA_WITH_AES_256_CBC_SHA, TLS_DHE_DSS_WITH_AES_256_CBC_SHA, TLS_DHE_RSA_WITH_AES_128_CBC_SHA, TLS_DHE_DSS_WITH_AES_128_CBC_SHA, TLS_ECDH_ECDSA_WITH_AES_256_CBC_SHA, TLS_ECDH_RSA_WITH_AES_256_CBC_SHA, TLS_ECDH_ECDSA_WITH_AES_128_CBC_SHA, TLS_ECDH_RSA_WITH_AES_128_CBC_SHA, TLS_RSA_WITH_AES_256_GCM_SHA384, TLS_RSA_WITH_AES_128_GCM_SHA256, TLS_RSA_WITH_AES_256_CBC_SHA256, TLS_RSA_WITH_AES_128_CBC_SHA256, TLS_RSA_WITH_AES_256_CBC_SHA, TLS_RSA_WITH_AES_128_CBC_SHA, TLS_EMPTY_RENEGOTIATION_INFO_SCSV]
11:50:43.653 [main] DEBUG org.apache.hc.client5.http.ssl.SSLConnectionSocketFactory -- Starting handshake (null)
11:50:43.688 [main] DEBUG org.apache.hc.client5.http.ssl.SSLConnectionSocketFactory -- Secure session established
11:50:43.688 [main] DEBUG org.apache.hc.client5.http.ssl.SSLConnectionSocketFactory --  negotiated protocol: TLSv1.3
11:50:43.688 [main] DEBUG org.apache.hc.client5.http.ssl.SSLConnectionSocketFactory --  negotiated cipher suite: TLS_AES_256_GCM_SHA384
11:50:43.688 [main] DEBUG org.apache.hc.client5.http.ssl.SSLConnectionSocketFactory --  peer principal: CN=edgedl.me.gvt1.com
11:50:43.688 [main] DEBUG org.apache.hc.client5.http.ssl.SSLConnectionSocketFactory --  peer alternative names: [edgedl.me.gvt1.com]
11:50:43.688 [main] DEBUG org.apache.hc.client5.http.ssl.SSLConnectionSocketFactory --  issuer principal: CN=GTS CA 1D4, O=Google Trust Services LLC, C=US
11:50:43.688 [main] DEBUG org.apache.hc.client5.http.impl.io.DefaultManagedHttpClientConnection -- http-outgoing-34 set socket timeout to 3 MINUTES
11:50:43.688 [main] DEBUG org.apache.hc.client5.http.impl.io.DefaultHttpClientConnectionOperator -- edgedl.me.gvt1.com:443 connected null->edgedl.me.gvt1.com/34.104.35.123:443 as http-outgoing-34
11:50:43.688 [main] DEBUG org.apache.hc.client5.http.impl.io.PoolingHttpClientConnectionManager -- ep-0000000057 connected http-outgoing-34
11:50:43.688 [main] DEBUG org.apache.hc.client5.http.impl.classic.InternalHttpClient -- ep-0000000057 endpoint connected
11:50:43.688 [main] DEBUG org.apache.hc.client5.http.impl.classic.MainClientExec -- ex-0000000057 executing GET /edgedl/chrome/chrome-for-testing/121.0.6167.139/mac-arm64/chromedriver-mac-arm64.zip HTTP/1.1
11:50:43.688 [main] DEBUG org.apache.hc.client5.http.protocol.RequestAddCookies -- ex-0000000057 Cookie spec selected: strict
11:50:43.688 [main] DEBUG org.apache.hc.client5.http.impl.classic.InternalHttpClient -- ep-0000000057 start execution ex-0000000057
11:50:43.688 [main] DEBUG org.apache.hc.client5.http.impl.io.PoolingHttpClientConnectionManager -- ep-0000000057 executing exchange ex-0000000057 over http-outgoing-34
11:50:43.688 [main] DEBUG org.apache.hc.client5.http.headers -- http-outgoing-34 >> GET /edgedl/chrome/chrome-for-testing/121.0.6167.139/mac-arm64/chromedriver-mac-arm64.zip HTTP/1.1
11:50:43.688 [main] DEBUG org.apache.hc.client5.http.headers -- http-outgoing-34 >> user-agent: Apache-HttpClient/5.0
11:50:43.688 [main] DEBUG org.apache.hc.client5.http.headers -- http-outgoing-34 >> accept-encoding: gzip, deflate, br
11:50:43.688 [main] DEBUG org.apache.hc.client5.http.headers -- http-outgoing-34 >> cache-control: max-age=0
11:50:43.688 [main] DEBUG org.apache.hc.client5.http.headers -- http-outgoing-34 >> connection: keep-alive
11:50:43.688 [main] DEBUG org.apache.hc.client5.http.headers -- http-outgoing-34 >> Host: edgedl.me.gvt1.com
11:50:43.688 [main] DEBUG org.apache.hc.client5.http.wire -- http-outgoing-34 >> "GET /edgedl/chrome/chrome-for-testing/121.0.6167.139/mac-arm64/chromedriver-mac-arm64.zip HTTP/1.1[\r][\n]"
11:50:43.688 [main] DEBUG org.apache.hc.client5.http.wire -- http-outgoing-34 >> "user-agent: Apache-HttpClient/5.0[\r][\n]"
11:50:43.688 [main] DEBUG org.apache.hc.client5.http.wire -- http-outgoing-34 >> "accept-encoding: gzip, deflate, br[\r][\n]"
11:50:43.688 [main] DEBUG org.apache.hc.client5.http.wire -- http-outgoing-34 >> "cache-control: max-age=0[\r][\n]"
11:50:43.688 [main] DEBUG org.apache.hc.client5.http.wire -- http-outgoing-34 >> "connection: keep-alive[\r][\n]"
11:50:43.688 [main] DEBUG org.apache.hc.client5.http.wire -- http-outgoing-34 >> "Host: edgedl.me.gvt1.com[\r][\n]"
11:50:43.688 [main] DEBUG org.apache.hc.client5.http.wire -- http-outgoing-34 >> "[\r][\n]"
11:50:43.769 [main] DEBUG org.apache.hc.client5.http.wire -- http-outgoing-34 << "HTTP/1.1 404 Not Found[\r][\n]"
11:50:43.769 [main] DEBUG org.apache.hc.client5.http.wire -- http-outgoing-34 << "content-length: 1449[\r][\n]"
11:50:43.769 [main] DEBUG org.apache.hc.client5.http.wire -- http-outgoing-34 << "content-type: text/html; charset=utf-8[\r][\n]"
11:50:43.769 [main] DEBUG org.apache.hc.client5.http.wire -- http-outgoing-34 << "server: Google-Edge-Cache[\r][\n]"
11:50:43.769 [main] DEBUG org.apache.hc.client5.http.wire -- http-outgoing-34 << "x-content-type-options: nosniff[\r][\n]"
11:50:43.769 [main] DEBUG org.apache.hc.client5.http.wire -- http-outgoing-34 << "x-frame-options: SAMEORIGIN[\r][\n]"
11:50:43.769 [main] DEBUG org.apache.hc.client5.http.wire -- http-outgoing-34 << "x-xss-protection: 0[\r][\n]"
11:50:43.769 [main] DEBUG org.apache.hc.client5.http.wire -- http-outgoing-34 << "date: Mon, 12 Feb 2024 04:50:43 GMT[\r][\n]"
11:50:43.769 [main] DEBUG org.apache.hc.client5.http.wire -- http-outgoing-34 << "x-request-id: 3c4e65b0-0d9e-47fb-bb81-141944c65f66[\r][\n]"
11:50:43.769 [main] DEBUG org.apache.hc.client5.http.wire -- http-outgoing-34 << "alt-svc: clear[\r][\n]"
11:50:43.769 [main] DEBUG org.apache.hc.client5.http.wire -- http-outgoing-34 << "[\r][\n]"
11:50:43.769 [main] DEBUG org.apache.hc.client5.http.wire -- http-outgoing-34 << "[\n]"
11:50:43.769 [main] DEBUG org.apache.hc.client5.http.wire -- http-outgoing-34 << "<!DOCTYPE html>[\n]"
11:50:43.769 [main] DEBUG org.apache.hc.client5.http.wire -- http-outgoing-34 << "<html lang=en>[\n]"
11:50:43.769 [main] DEBUG org.apache.hc.client5.http.wire -- http-outgoing-34 << "  <meta charset=utf-8>[\n]"
11:50:43.769 [main] DEBUG org.apache.hc.client5.http.wire -- http-outgoing-34 << "  <meta name=viewport content="initial-scale=1, minimum-scale=1, width=device-width">[\n]"
11:50:43.769 [main] DEBUG org.apache.hc.client5.http.wire -- http-outgoing-34 << "  <title>Error 404 (Not Found)!!1</title>[\n]"
11:50:43.769 [main] DEBUG org.apache.hc.client5.http.wire -- http-outgoing-34 << "  <style>[\n]"
11:50:43.769 [main] DEBUG org.apache.hc.client5.http.wire -- http-outgoing-34 << "    *{margin:0;padding:0}html,code{font:15px/22px arial,sans-serif}html{background:#fff;color:#222;padding:15px}body{margin:7% auto 0;max-width:390px;min-height:180px;padding:30px 0 15px}* > body{background:url(//www.google.com/images/errors/robot.png) 100% 5px no-repeat;padding-right:205px}p{margin:11px 0 22px;overflow:hidden}ins{color:#777;text-decoration:none}a img{border:0}@media screen and (max-width:772px){body{background:none;margin-top:0;max-width:none;padding-right:0}}#logo{background:url(//www.google.com/images/logos/errorpage/error_logo-150x54.png) no-repeat;margin-left:-5px}@media only screen and (min-resolution:192dpi){#logo{background:url(//www.google.com/images/logos/errorpage/error_logo-150x54-2x.png) no-repeat 0% 0%/100% 100%;-moz-border-image:url(//www.google.com/images/logos/errorpage/error_logo-150x54-2x.png) 0}}@media only screen and (-webkit-min-device-pixel-ratio:2){#logo{background:url(//www.google.com/images/logos/errorpage/error_logo-150x54-2x.png) no-repeat;-webkit-background-size:100% 100%}}#logo{display:inline-block;height:54px;width:150px}[\n]"
11:50:43.769 [main] DEBUG org.apache.hc.client5.http.wire -- http-outgoing-34 << "  </style>[\n]"
11:50:43.769 [main] DEBUG org.apache.hc.client5.http.wire -- http-outgoing-34 << "  <a href=//www.google.com/><span id=logo aria-label=Google></span></a>[\n]"
11:50:43.769 [main] DEBUG org.apache.hc.client5.http.wire -- http-outgoing-34 << "  <p><b>404.</b> <ins>That[0xffffffe2][0xffffff80][0xffffff99]s an error.</ins>[\n]"
11:50:43.769 [main] DEBUG org.apache.hc.client5.http.wire -- http-outgoing-34 << "  <p>  <ins>That[0xffffffe2][0xffffff80][0xffffff99]s all we know.</ins>[\n]"
11:50:43.769 [main] DEBUG org.apache.hc.client5.http.headers -- http-outgoing-34 << HTTP/1.1 404 Not Found
11:50:43.769 [main] DEBUG org.apache.hc.client5.http.headers -- http-outgoing-34 << content-length: 1449
11:50:43.769 [main] DEBUG org.apache.hc.client5.http.headers -- http-outgoing-34 << content-type: text/html; charset=utf-8
11:50:43.769 [main] DEBUG org.apache.hc.client5.http.headers -- http-outgoing-34 << server: Google-Edge-Cache
11:50:43.769 [main] DEBUG org.apache.hc.client5.http.headers -- http-outgoing-34 << x-content-type-options: nosniff
11:50:43.769 [main] DEBUG org.apache.hc.client5.http.headers -- http-outgoing-34 << x-frame-options: SAMEORIGIN
11:50:43.769 [main] DEBUG org.apache.hc.client5.http.headers -- http-outgoing-34 << x-xss-protection: 0
11:50:43.769 [main] DEBUG org.apache.hc.client5.http.headers -- http-outgoing-34 << date: Mon, 12 Feb 2024 04:50:43 GMT
11:50:43.769 [main] DEBUG org.apache.hc.client5.http.headers -- http-outgoing-34 << x-request-id: 3c4e65b0-0d9e-47fb-bb81-141944c65f66
11:50:43.769 [main] DEBUG org.apache.hc.client5.http.headers -- http-outgoing-34 << alt-svc: clear
11:50:43.769 [main] DEBUG org.apache.hc.client5.http.impl.classic.MainClientExec -- ex-0000000057 connection can be kept alive for 3 MINUTES
11:50:43.769 [main] ERROR io.github.bonigarcia.wdm.online.HttpClient -- Error HTTP 404 executing https://edgedl.me.gvt1.com/edgedl/chrome/chrome-for-testing/121.0.6167.139/mac-arm64/chromedriver-mac-arm64.zip
11:50:43.771 [main] INFO io.github.bonigarcia.wdm.cache.ResolutionCache -- Clearing WebDriverManager resolution cache
11:50:43.772 [main] WARN io.github.bonigarcia.wdm.WebDriverManager -- There was an error managing chromedriver 121.0.6167.139 (Error HTTP 404 executing https://edgedl.me.gvt1.com/edgedl/chrome/chrome-for-testing/121.0.6167.139/mac-arm64/chromedriver-mac-arm64.zip) ... trying again avoiding reading release from repository
11:50:43.772 [main] DEBUG org.apache.hc.client5.http.impl.classic.InternalHttpClient -- ex-0000000058 preparing request execution
11:50:43.773 [main] DEBUG org.apache.hc.client5.http.impl.classic.ProtocolExec -- ex-0000000058 target auth state: UNCHALLENGED
11:50:43.773 [main] DEBUG org.apache.hc.client5.http.impl.classic.ProtocolExec -- ex-0000000058 proxy auth state: UNCHALLENGED
11:50:43.773 [main] DEBUG org.apache.hc.client5.http.impl.classic.ConnectExec -- ex-0000000058 acquiring connection with route {s}->https://raw.githubusercontent.com:443
11:50:43.773 [main] DEBUG org.apache.hc.client5.http.impl.classic.InternalHttpClient -- ex-0000000058 acquiring endpoint (3 MINUTES)
11:50:43.773 [main] DEBUG org.apache.hc.client5.http.impl.io.PoolingHttpClientConnectionManager -- ex-0000000058 endpoint lease request (3 MINUTES) [route: {s}->https://raw.githubusercontent.com:443][total available: 1; route allocated: 0 of 5; total allocated: 2 of 25]
11:50:43.773 [main] DEBUG org.apache.hc.client5.http.impl.io.PoolingHttpClientConnectionManager -- ex-0000000058 endpoint leased [route: {s}->https://raw.githubusercontent.com:443][total available: 1; route allocated: 1 of 5; total allocated: 3 of 25]
11:50:43.773 [main] DEBUG org.apache.hc.client5.http.impl.io.PoolingHttpClientConnectionManager -- ex-0000000058 acquired ep-0000000058
11:50:43.773 [main] DEBUG org.apache.hc.client5.http.impl.classic.InternalHttpClient -- ex-0000000058 acquired endpoint ep-0000000058
11:50:43.773 [main] DEBUG org.apache.hc.client5.http.impl.classic.ConnectExec -- ex-0000000058 opening connection {s}->https://raw.githubusercontent.com:443
11:50:43.773 [main] DEBUG org.apache.hc.client5.http.impl.classic.InternalHttpClient -- ep-0000000058 connecting endpoint (null)
11:50:43.773 [main] DEBUG org.apache.hc.client5.http.impl.io.PoolingHttpClientConnectionManager -- ep-0000000058 connecting endpoint to https://raw.githubusercontent.com:443 (30 SECONDS)
11:50:43.773 [main] DEBUG org.apache.hc.client5.http.impl.io.DefaultHttpClientConnectionOperator -- raw.githubusercontent.com resolving remote address
11:50:43.774 [main] DEBUG org.apache.hc.client5.http.impl.io.DefaultHttpClientConnectionOperator -- raw.githubusercontent.com resolved to [raw.githubusercontent.com/185.199.108.133, raw.githubusercontent.com/185.199.111.133, raw.githubusercontent.com/185.199.110.133, raw.githubusercontent.com/185.199.109.133, raw.githubusercontent.com/2606:50c0:8003:0:0:0:0:154, raw.githubusercontent.com/2606:50c0:8002:0:0:0:0:154, raw.githubusercontent.com/2606:50c0:8000:0:0:0:0:154, raw.githubusercontent.com/2606:50c0:8001:0:0:0:0:154]
11:50:43.774 [main] DEBUG org.apache.hc.client5.http.impl.io.DefaultHttpClientConnectionOperator -- raw.githubusercontent.com:443 connecting null->raw.githubusercontent.com/185.199.108.133:443 (30 SECONDS)
11:50:43.774 [main] DEBUG org.apache.hc.client5.http.ssl.SSLConnectionSocketFactory -- Connecting socket to raw.githubusercontent.com/185.199.108.133:443 with timeout 30 SECONDS
11:50:43.946 [main] DEBUG org.apache.hc.client5.http.ssl.SSLConnectionSocketFactory -- Enabled protocols: [TLSv1.3, TLSv1.2]
11:50:43.946 [main] DEBUG org.apache.hc.client5.http.ssl.SSLConnectionSocketFactory -- Enabled cipher suites: [TLS_AES_256_GCM_SHA384, TLS_AES_128_GCM_SHA256, TLS_CHACHA20_POLY1305_SHA256, TLS_ECDHE_ECDSA_WITH_AES_256_GCM_SHA384, TLS_ECDHE_ECDSA_WITH_AES_128_GCM_SHA256, TLS_ECDHE_ECDSA_WITH_CHACHA20_POLY1305_SHA256, TLS_ECDHE_RSA_WITH_AES_256_GCM_SHA384, TLS_ECDHE_RSA_WITH_CHACHA20_POLY1305_SHA256, TLS_ECDHE_RSA_WITH_AES_128_GCM_SHA256, TLS_DHE_RSA_WITH_AES_256_GCM_SHA384, TLS_DHE_RSA_WITH_CHACHA20_POLY1305_SHA256, TLS_DHE_DSS_WITH_AES_256_GCM_SHA384, TLS_DHE_RSA_WITH_AES_128_GCM_SHA256, TLS_DHE_DSS_WITH_AES_128_GCM_SHA256, TLS_ECDHE_ECDSA_WITH_AES_256_CBC_SHA384, TLS_ECDHE_RSA_WITH_AES_256_CBC_SHA384, TLS_ECDHE_ECDSA_WITH_AES_128_CBC_SHA256, TLS_ECDHE_RSA_WITH_AES_128_CBC_SHA256, TLS_DHE_RSA_WITH_AES_256_CBC_SHA256, TLS_DHE_DSS_WITH_AES_256_CBC_SHA256, TLS_DHE_RSA_WITH_AES_128_CBC_SHA256, TLS_DHE_DSS_WITH_AES_128_CBC_SHA256, TLS_ECDH_ECDSA_WITH_AES_256_GCM_SHA384, TLS_ECDH_RSA_WITH_AES_256_GCM_SHA384, TLS_ECDH_ECDSA_WITH_AES_128_GCM_SHA256, TLS_ECDH_RSA_WITH_AES_128_GCM_SHA256, TLS_ECDH_ECDSA_WITH_AES_256_CBC_SHA384, TLS_ECDH_RSA_WITH_AES_256_CBC_SHA384, TLS_ECDH_ECDSA_WITH_AES_128_CBC_SHA256, TLS_ECDH_RSA_WITH_AES_128_CBC_SHA256, TLS_ECDHE_ECDSA_WITH_AES_256_CBC_SHA, TLS_ECDHE_RSA_WITH_AES_256_CBC_SHA, TLS_ECDHE_ECDSA_WITH_AES_128_CBC_SHA, TLS_ECDHE_RSA_WITH_AES_128_CBC_SHA, TLS_DHE_RSA_WITH_AES_256_CBC_SHA, TLS_DHE_DSS_WITH_AES_256_CBC_SHA, TLS_DHE_RSA_WITH_AES_128_CBC_SHA, TLS_DHE_DSS_WITH_AES_128_CBC_SHA, TLS_ECDH_ECDSA_WITH_AES_256_CBC_SHA, TLS_ECDH_RSA_WITH_AES_256_CBC_SHA, TLS_ECDH_ECDSA_WITH_AES_128_CBC_SHA, TLS_ECDH_RSA_WITH_AES_128_CBC_SHA, TLS_RSA_WITH_AES_256_GCM_SHA384, TLS_RSA_WITH_AES_128_GCM_SHA256, TLS_RSA_WITH_AES_256_CBC_SHA256, TLS_RSA_WITH_AES_128_CBC_SHA256, TLS_RSA_WITH_AES_256_CBC_SHA, TLS_RSA_WITH_AES_128_CBC_SHA, TLS_EMPTY_RENEGOTIATION_INFO_SCSV]
11:50:43.946 [main] DEBUG org.apache.hc.client5.http.ssl.SSLConnectionSocketFactory -- Starting handshake (null)
11:50:44.146 [main] DEBUG org.apache.hc.client5.http.ssl.SSLConnectionSocketFactory -- Secure session established
11:50:44.147 [main] DEBUG org.apache.hc.client5.http.ssl.SSLConnectionSocketFactory --  negotiated protocol: TLSv1.3
11:50:44.147 [main] DEBUG org.apache.hc.client5.http.ssl.SSLConnectionSocketFactory --  negotiated cipher suite: TLS_AES_128_GCM_SHA256
11:50:44.147 [main] DEBUG org.apache.hc.client5.http.ssl.SSLConnectionSocketFactory --  peer principal: CN=*.github.io, O="GitHub, Inc.", L=San Francisco, ST=California, C=US
11:50:44.147 [main] DEBUG org.apache.hc.client5.http.ssl.SSLConnectionSocketFactory --  peer alternative names: [*.github.io, github.io, *.github.com, github.com, www.github.com, *.githubusercontent.com, githubusercontent.com]
11:50:44.147 [main] DEBUG org.apache.hc.client5.http.ssl.SSLConnectionSocketFactory --  issuer principal: CN=DigiCert TLS RSA SHA256 2020 CA1, O=DigiCert Inc, C=US
11:50:44.147 [main] DEBUG org.apache.hc.client5.http.impl.io.DefaultManagedHttpClientConnection -- http-outgoing-35 set socket timeout to 3 MINUTES
11:50:44.147 [main] DEBUG org.apache.hc.client5.http.impl.io.DefaultHttpClientConnectionOperator -- raw.githubusercontent.com:443 connected null->raw.githubusercontent.com/185.199.108.133:443 as http-outgoing-35
11:50:44.147 [main] DEBUG org.apache.hc.client5.http.impl.io.PoolingHttpClientConnectionManager -- ep-0000000058 connected http-outgoing-35
11:50:44.147 [main] DEBUG org.apache.hc.client5.http.impl.classic.InternalHttpClient -- ep-0000000058 endpoint connected
11:50:44.147 [main] DEBUG org.apache.hc.client5.http.impl.classic.MainClientExec -- ex-0000000058 executing GET /bonigarcia/webdrivermanager/master/src/main/resources/commands.properties HTTP/1.1
11:50:44.147 [main] DEBUG org.apache.hc.client5.http.protocol.RequestAddCookies -- ex-0000000058 Cookie spec selected: strict
11:50:44.147 [main] DEBUG org.apache.hc.client5.http.impl.classic.InternalHttpClient -- ep-0000000058 start execution ex-0000000058
11:50:44.147 [main] DEBUG org.apache.hc.client5.http.impl.io.PoolingHttpClientConnectionManager -- ep-0000000058 executing exchange ex-0000000058 over http-outgoing-35
11:50:44.147 [main] DEBUG org.apache.hc.client5.http.headers -- http-outgoing-35 >> GET /bonigarcia/webdrivermanager/master/src/main/resources/commands.properties HTTP/1.1
11:50:44.147 [main] DEBUG org.apache.hc.client5.http.headers -- http-outgoing-35 >> user-agent: Apache-HttpClient/5.0
11:50:44.147 [main] DEBUG org.apache.hc.client5.http.headers -- http-outgoing-35 >> accept-encoding: gzip, deflate, br
11:50:44.147 [main] DEBUG org.apache.hc.client5.http.headers -- http-outgoing-35 >> cache-control: max-age=0
11:50:44.147 [main] DEBUG org.apache.hc.client5.http.headers -- http-outgoing-35 >> connection: keep-alive
11:50:44.147 [main] DEBUG org.apache.hc.client5.http.headers -- http-outgoing-35 >> Host: raw.githubusercontent.com
11:50:44.148 [main] DEBUG org.apache.hc.client5.http.wire -- http-outgoing-35 >> "GET /bonigarcia/webdrivermanager/master/src/main/resources/commands.properties HTTP/1.1[\r][\n]"
11:50:44.148 [main] DEBUG org.apache.hc.client5.http.wire -- http-outgoing-35 >> "user-agent: Apache-HttpClient/5.0[\r][\n]"
11:50:44.148 [main] DEBUG org.apache.hc.client5.http.wire -- http-outgoing-35 >> "accept-encoding: gzip, deflate, br[\r][\n]"
11:50:44.148 [main] DEBUG org.apache.hc.client5.http.wire -- http-outgoing-35 >> "cache-control: max-age=0[\r][\n]"
11:50:44.148 [main] DEBUG org.apache.hc.client5.http.wire -- http-outgoing-35 >> "connection: keep-alive[\r][\n]"
11:50:44.148 [main] DEBUG org.apache.hc.client5.http.wire -- http-outgoing-35 >> "Host: raw.githubusercontent.com[\r][\n]"
11:50:44.148 [main] DEBUG org.apache.hc.client5.http.wire -- http-outgoing-35 >> "[\r][\n]"
11:50:44.327 [main] DEBUG org.apache.hc.client5.http.wire -- http-outgoing-35 << "HTTP/1.1 200 OK[\r][\n]"
11:50:44.327 [main] DEBUG org.apache.hc.client5.http.wire -- http-outgoing-35 << "Connection: keep-alive[\r][\n]"
11:50:44.327 [main] DEBUG org.apache.hc.client5.http.wire -- http-outgoing-35 << "Content-Length: 723[\r][\n]"
11:50:44.327 [main] DEBUG org.apache.hc.client5.http.wire -- http-outgoing-35 << "Cache-Control: max-age=300[\r][\n]"
11:50:44.327 [main] DEBUG org.apache.hc.client5.http.wire -- http-outgoing-35 << "Content-Security-Policy: default-src 'none'; style-src 'unsafe-inline'; sandbox[\r][\n]"
11:50:44.327 [main] DEBUG org.apache.hc.client5.http.wire -- http-outgoing-35 << "Content-Type: text/plain; charset=utf-8[\r][\n]"
11:50:44.327 [main] DEBUG org.apache.hc.client5.http.wire -- http-outgoing-35 << "ETag: W/"e82b438271e9e8680c688b0b680efd0bdd22faa6d6f0a32fc1fd8accc486b67e"[\r][\n]"
11:50:44.327 [main] DEBUG org.apache.hc.client5.http.wire -- http-outgoing-35 << "Strict-Transport-Security: max-age=31536000[\r][\n]"
11:50:44.327 [main] DEBUG org.apache.hc.client5.http.wire -- http-outgoing-35 << "X-Content-Type-Options: nosniff[\r][\n]"
11:50:44.327 [main] DEBUG org.apache.hc.client5.http.wire -- http-outgoing-35 << "X-Frame-Options: deny[\r][\n]"
11:50:44.327 [main] DEBUG org.apache.hc.client5.http.wire -- http-outgoing-35 << "X-XSS-Protection: 1; mode=block[\r][\n]"
11:50:44.327 [main] DEBUG org.apache.hc.client5.http.wire -- http-outgoing-35 << "X-GitHub-Request-Id: 3072:3BB1E6:1A1165D:1B39889:65A75BA5[\r][\n]"
11:50:44.327 [main] DEBUG org.apache.hc.client5.http.wire -- http-outgoing-35 << "Content-Encoding: gzip[\r][\n]"
11:50:44.327 [main] DEBUG org.apache.hc.client5.http.wire -- http-outgoing-35 << "Accept-Ranges: bytes[\r][\n]"
11:50:44.327 [main] DEBUG org.apache.hc.client5.http.wire -- http-outgoing-35 << "Date: Mon, 12 Feb 2024 04:50:44 GMT[\r][\n]"
11:50:44.327 [main] DEBUG org.apache.hc.client5.http.wire -- http-outgoing-35 << "Via: 1.1 varnish[\r][\n]"
11:50:44.327 [main] DEBUG org.apache.hc.client5.http.wire -- http-outgoing-35 << "X-Served-By: cache-fra-eddf8230051-FRA[\r][\n]"
11:50:44.327 [main] DEBUG org.apache.hc.client5.http.wire -- http-outgoing-35 << "X-Cache: HIT[\r][\n]"
11:50:44.327 [main] DEBUG org.apache.hc.client5.http.wire -- http-outgoing-35 << "X-Cache-Hits: 2[\r][\n]"
11:50:44.327 [main] DEBUG org.apache.hc.client5.http.wire -- http-outgoing-35 << "X-Timer: S1707713444.313955,VS0,VE0[\r][\n]"
11:50:44.327 [main] DEBUG org.apache.hc.client5.http.wire -- http-outgoing-35 << "Vary: Authorization,Accept-Encoding,Origin[\r][\n]"
11:50:44.327 [main] DEBUG org.apache.hc.client5.http.wire -- http-outgoing-35 << "Access-Control-Allow-Origin: *[\r][\n]"
11:50:44.327 [main] DEBUG org.apache.hc.client5.http.wire -- http-outgoing-35 << "Cross-Origin-Resource-Policy: cross-origin[\r][\n]"
11:50:44.327 [main] DEBUG org.apache.hc.client5.http.wire -- http-outgoing-35 << "X-Fastly-Request-ID: 21ff00e9448c7fea76cf71973da10978438371de[\r][\n]"
11:50:44.327 [main] DEBUG org.apache.hc.client5.http.wire -- http-outgoing-35 << "Expires: Mon, 12 Feb 2024 04:55:44 GMT[\r][\n]"
11:50:44.327 [main] DEBUG org.apache.hc.client5.http.wire -- http-outgoing-35 << "Source-Age: 42[\r][\n]"
11:50:44.327 [main] DEBUG org.apache.hc.client5.http.wire -- http-outgoing-35 << "[\r][\n]"
11:50:44.327 [main] DEBUG org.apache.hc.client5.http.headers -- http-outgoing-35 << HTTP/1.1 200 OK
11:50:44.327 [main] DEBUG org.apache.hc.client5.http.headers -- http-outgoing-35 << Connection: keep-alive
11:50:44.327 [main] DEBUG org.apache.hc.client5.http.headers -- http-outgoing-35 << Content-Length: 723
11:50:44.327 [main] DEBUG org.apache.hc.client5.http.headers -- http-outgoing-35 << Cache-Control: max-age=300
11:50:44.327 [main] DEBUG org.apache.hc.client5.http.headers -- http-outgoing-35 << Content-Security-Policy: default-src 'none'; style-src 'unsafe-inline'; sandbox
11:50:44.327 [main] DEBUG org.apache.hc.client5.http.headers -- http-outgoing-35 << Content-Type: text/plain; charset=utf-8
11:50:44.327 [main] DEBUG org.apache.hc.client5.http.headers -- http-outgoing-35 << ETag: W/"e82b438271e9e8680c688b0b680efd0bdd22faa6d6f0a32fc1fd8accc486b67e"
11:50:44.327 [main] DEBUG org.apache.hc.client5.http.headers -- http-outgoing-35 << Strict-Transport-Security: max-age=31536000
11:50:44.327 [main] DEBUG org.apache.hc.client5.http.headers -- http-outgoing-35 << X-Content-Type-Options: nosniff
11:50:44.327 [main] DEBUG org.apache.hc.client5.http.headers -- http-outgoing-35 << X-Frame-Options: deny
11:50:44.327 [main] DEBUG org.apache.hc.client5.http.headers -- http-outgoing-35 << X-XSS-Protection: 1; mode=block
11:50:44.327 [main] DEBUG org.apache.hc.client5.http.headers -- http-outgoing-35 << X-GitHub-Request-Id: 3072:3BB1E6:1A1165D:1B39889:65A75BA5
11:50:44.327 [main] DEBUG org.apache.hc.client5.http.headers -- http-outgoing-35 << Content-Encoding: gzip
11:50:44.327 [main] DEBUG org.apache.hc.client5.http.headers -- http-outgoing-35 << Accept-Ranges: bytes
11:50:44.327 [main] DEBUG org.apache.hc.client5.http.headers -- http-outgoing-35 << Date: Mon, 12 Feb 2024 04:50:44 GMT
11:50:44.327 [main] DEBUG org.apache.hc.client5.http.headers -- http-outgoing-35 << Via: 1.1 varnish
11:50:44.327 [main] DEBUG org.apache.hc.client5.http.headers -- http-outgoing-35 << X-Served-By: cache-fra-eddf8230051-FRA
11:50:44.327 [main] DEBUG org.apache.hc.client5.http.headers -- http-outgoing-35 << X-Cache: HIT
11:50:44.327 [main] DEBUG org.apache.hc.client5.http.headers -- http-outgoing-35 << X-Cache-Hits: 2
11:50:44.327 [main] DEBUG org.apache.hc.client5.http.headers -- http-outgoing-35 << X-Timer: S1707713444.313955,VS0,VE0
11:50:44.327 [main] DEBUG org.apache.hc.client5.http.headers -- http-outgoing-35 << Vary: Authorization,Accept-Encoding,Origin
11:50:44.327 [main] DEBUG org.apache.hc.client5.http.headers -- http-outgoing-35 << Access-Control-Allow-Origin: *
11:50:44.327 [main] DEBUG org.apache.hc.client5.http.headers -- http-outgoing-35 << Cross-Origin-Resource-Policy: cross-origin
11:50:44.327 [main] DEBUG org.apache.hc.client5.http.headers -- http-outgoing-35 << X-Fastly-Request-ID: 21ff00e9448c7fea76cf71973da10978438371de
11:50:44.327 [main] DEBUG org.apache.hc.client5.http.headers -- http-outgoing-35 << Expires: Mon, 12 Feb 2024 04:55:44 GMT
11:50:44.327 [main] DEBUG org.apache.hc.client5.http.headers -- http-outgoing-35 << Source-Age: 42
11:50:44.328 [main] DEBUG org.apache.hc.client5.http.impl.classic.MainClientExec -- ex-0000000058 connection can be kept alive for 3 MINUTES
11:50:44.329 [main] DEBUG org.apache.hc.client5.http.wire -- http-outgoing-35 << "[0x1f][0xffffff8b][0x8][0x0][0x0][0x0][0x0][0x0][0x0][0x3][0xffffffb5]V]o[0xffffffda]0[0x14]}[0xffffffe7]W\[0xffffff81]*[0xffffffb5][0x12][0x1f][[M[0xffffffd3]$[0x1e]hF[0xffffffbb]i [0x18][0xffffffb4][0xffffffdd]&[0xfffffff9][0xffffffc5]$7[0xffffffc1]R[0x12]#;[0xffffff94]v[0xffffffbf]~[0xffffffb6][0xfffffff3]1[0xffffff92][0xffffff9a][0xffffffc1][0x1a]x[0xffffffcb][0xffffffb5][0xffffffaf][0xffffffcf]9[0xffffffbe][0xfffffff7]8v[0xb][0x1c][0x1e]E4[0xfffffff6]$x4[0xffffffa1][0xb]*[0xffffffb1][0xffffffd1][0xffffff82][0xfffffffb]%[0xffffff93][0xffffffe0][0xffffffb3][0x10][0xffffffc1][0xffffffe5]qBY,!Y[0xffffffea] KM8,[0x10][0xfffffff0][0x19][0xffffffdd]u[0xffffff82][0x1e][0xffffffb0][0xffffffd8]L[0xffffffcb]%[0xffffff86][0xffffffa1][0xe][0xffffffb8][0xfffffff0]P[0xffffffe8]$[0xf][0x13]t[0x13]3[0xfffffff9][0xffffff84]B2[0xffffffae][0xffffffe6]|@[0xfffffff5][0x1d][0x8][0xffffffc4][0x18][0x16][0xffffff82]o[0xffffffa4][0xffffff9a]P[0xffffff94][0xffffffe7][0xffffffce]R[0xfffffff0][0x8][0xffffffdb]p[0xffffffcb][0x4][0xfffffffa][0xfffffffc][0xffffffb9][\r][0xffffff93][0x15][\n]"
11:50:44.329 [main] DEBUG org.apache.hc.client5.http.wire -- http-outgoing-35 << "[0xffffffda][0xffffff86][0xffffffa1][0x17][0xffffffa8]Q3[0xffffffcb][0xffffffd6][0xffffffd1][0xffffff85][0xffffffc6][0xfffffff7][0xffffff98][0xffffffef][0xffffffa3][0xffffffc0]8[0x1][0xffffffae]s[0x12][0x16][0x7] _d[0xffffff82][0xffffff91][0xffffff84][0xfffffff3][0x1f],[0xfffffff6][0x14]j[0x1b]F,^+[0xffffff98]1ua2[0xffffffbf]h([0xffffff8e][0xffffff94][0xffffffa2][0xffffff91]m[0xffffffa3][0xffffffeb][0xffffff9a][0xffffffb0][0xffffffbb]I[0x17]t[0xffffffdf][0xffffffbd][0xffffffef][0xffffffbb][0xffffff91][0xffffffd7]U[0xffffffbb][0xffffff82][0xffffff9e][0x3][0xffffff9b][0xffffff88][0xffffffb9][0xffffffa6]$[0xffffffa6][0xc][0xffffff9b][0xffffffa5][0xffffffe2][0xffffff83][0xffffff98]F[0xffffffd8]o[0xffffff9e]Mg[0xffffff93][0xffffffbb][0xffffffd9]`|[0xfffffffb]u4[0xffffff9c][0x7f]"}B[0xffffffce][0x8][0xffffffb9][0xffffffe3]<[0x8][0xffffff91][0xffffff90][0xffffff94][0xffffff82][0xffffff90][0xffffffc1]j[0x15]2WI[0xffffffe3]1![0x19][0xffffff91]BnB[0xffffff80][0x9]<f[0xffffffb5][0xffffffe8]=[0xffffffd1]p[0xffffffbd][[0xffffffcf][0xffffffe5][0x1b][0xfffffff4][0xffffff9c][0xffffffff][0xfffffffc][0xfffffff8][0xffffffe1][0xffffffe2][0xffffff94][0xffffffa2][0xffffffae][0xe][0x14]5[0xffffff9a]8[0xffffff83][0xffffffd1]`:[0xfffffffd]<[0xffffffb8][0x1f][0xffffff9c]R[0xffffffcf]u[0x7f]6[0xffffffbc][0xffffff83][0xffffffef][0xf][0xffffffc3][0xffffffd9]/[0xfffffff8][0xfffffff2][0xffffffcd]y s[0xffffffee]'[0x1b]*0g[0xffffffcb][0xffffffc8]nF7H][0xffffff83][0xffffff97]{[0xffffffb1]Q[0x5][\r][0xffffffb5]c[0xffffffb4][0xf][0x2][0xffffffb3][0xffffffb4][0xffffff93][0xe]C[0xffffffa7][0xffffffb3]kAD][0xffffff9d][0xffffffde][0xffffffdb][0xffffffda][0xffffff88][0xffffffec][0xffffffa5][0xffffffbc][0xffffff99][0xffffffd9][0xffffffba]t[0xffffffb5][0xffffffea]9[0xffffffea][0x10])[0xffffffb7][0xffffffca][0xffffff9e][0xfffffff2][0xffffffe2]d^N[0xffffffd8]FW[0x16][0xffffffcd][0xffffffdc]_[0x10][0xfffffff9]i|[0x1c][0xffffff93][0xffffff8e][0xfffffff9]o[0x16][0xffffff86]4'!$G[0xffffffdf]W[0xfffffff4]W*j[[0xfffffff3]xR[0xffffffae][0xffffffb6][0xc][0xffffffd0],; #[0xffffffa9][0xffffff92]5[0xffffffb5][0x7][0xffffff9c][0xffffffb5][0xffffffd0][0x7f][0xffffff90][0xffffffc7]jgs[0xfffffffc][0xffffffc2][0xb][0xffffffd9][0x0]t[0xffffff9e]^'Y[0xfffffffb][0xffffff9f][0xffffffb1][0xffffffd8]:[0xffffffbf][0xffffff8d][0xffffffa5][0xffffff9a][0xffffffad][0x7f]m[0x5]&[0xffffffaa][0xffffffa0]^[0xffffff9b][0xffffffcb][0x5]f[0xffffffae][0xffffffe0]RU[0xffffff82][0x10]MS9l[0xffffff91]4t[0xfffffffb][0xffffff8a]][0xffffffd6][0xfffffff4][0xffffff96][0xffffffa6][0xffffff9f]P[0xffffffce][0xffffffd5][0xffffffce][0xffffff93][0xffffffff][0xffffff97][0xffffffcc]p[0xfffffffd][0xfffffff3][0xffffffe8][0x1b][0xffffffcc][0xffffffa2][0xffffffd9]Q[0xffffffbe][0xffffffb2][0xffffffa3][0xffffffc7]m'[0xffffffdf][0xffffffe4][[0xfffffffb]^[0xffffffb0][0xffffff9a][0xffffffbe][0xffffffda][0xffffffda]_[0xffffffce][0xffffff80][0xffffffd2][0xffffffc1]7[0xffffffb7]][0xffffffc1]b[0xffffffee][0xffffffb5][0xffffffff]w[0xffffff83][0xffffffed][0xffffffa7];[0x15]<[0x10]4[0xffffff92][0xffffff84][0x18][\n]"
11:50:44.329 [main] DEBUG org.apache.hc.client5.http.wire -- http-outgoing-35 << "BB[0xffffffba][0xffffff8e]][0xffffffb5]jo[0xffffffb9]+"[0xffffffea][0xffffffb4][0xffffffff]h"[0xffffffea]\?5[0xffffffa9][0xffffffaf]k[0xffffffec][0xffffffff]P[0xffffffea][\n]"
11:50:44.329 [main] DEBUG org.apache.hc.client5.http.wire -- http-outgoing-35 << "w[0xffffffe1]K[0x13][0xffffffda][0xffffffec][0xffffff98][0xffffffe6]Y[0xfffffffd]h8m6[0xffffff9c]T[0xffffffc1][0xfffffff2][0xffffffa7][0xffffff91]z_[0xffffff95]o85p[0x1c][0x13][0xffffffe6][0xfffffff0]5[0xffffffee][0xfffffffc][0xffffff92][0xffffff96][0xffffffda][0xfffffff7][0xffffffcf][0xffffffb1][0x5][0x1d][0xffffffea]K[0xffffff9b]9[0xffffff8e][0xffffffad]e[0xfffffff7][0xffffff93][0xffffffa8]`[0xffffffda][0xffffffff][0x1a][0xffffffd2][0xffffff88][0xffffff85][0xfffffffd][0xfffffff2][0xffffff91]N[0xfffffff6]`[0xffffffdf]2[0xffffffcf][0xffffffae]E[0xffffff97][0xffffffc5][0xffffffa2][0xffffff9d][0xffffffef]'[0xffffff9d]mun.[0xffffffd3]f^[0xffffffc7][0xffffff82][0xffffffda][0xffffff82]9[0xfffffff5][0xffffffa9]`[0x5][0xffffffbc]4[0xffffffa1][0x1d]<M[0xffffffb5]A[0xffffffa7]3[[0xffffffc0][0x7f][0x0][0xffffffc1][0xffffffd0]$[0xffffff85][0x1d][\r][0x0][0x0]"
11:50:44.329 [main] DEBUG org.apache.hc.client5.http.impl.classic.InternalHttpClient -- ep-0000000058 releasing valid endpoint
11:50:44.329 [main] DEBUG org.apache.hc.client5.http.impl.io.PoolingHttpClientConnectionManager -- ep-0000000058 releasing endpoint
11:50:44.329 [main] DEBUG org.apache.hc.client5.http.impl.io.PoolingHttpClientConnectionManager -- ep-0000000058 connection http-outgoing-35 can be kept alive for 3 MINUTES
11:50:44.330 [main] DEBUG org.apache.hc.client5.http.impl.io.PoolingHttpClientConnectionManager -- ep-0000000058 connection released [route: {s}->https://raw.githubusercontent.com:443][total available: 2; route allocated: 1 of 5; total allocated: 3 of 25]
11:50:44.330 [main] DEBUG io.github.bonigarcia.wdm.versions.VersionDetector -- Detecting chrome version using online commands.properties
11:50:44.330 [main] DEBUG io.github.bonigarcia.wdm.versions.Shell -- Running command on the shell: [/Applications/Google Chrome.app/Contents/MacOS/Google Chrome, --version]
11:50:44.386 [main] DEBUG io.github.bonigarcia.wdm.versions.Shell -- Result: Google Chrome 121.0.6167.160
11:50:44.386 [main] DEBUG io.github.bonigarcia.wdm.versions.VersionDetector -- Getting driver version for chrome121 from online versions.properties
11:50:44.386 [main] DEBUG org.apache.hc.client5.http.impl.classic.InternalHttpClient -- ex-0000000059 preparing request execution
11:50:44.387 [main] DEBUG org.apache.hc.client5.http.impl.classic.ProtocolExec -- ex-0000000059 target auth state: UNCHALLENGED
11:50:44.387 [main] DEBUG org.apache.hc.client5.http.impl.classic.ProtocolExec -- ex-0000000059 proxy auth state: UNCHALLENGED
11:50:44.387 [main] DEBUG org.apache.hc.client5.http.impl.classic.ConnectExec -- ex-0000000059 acquiring connection with route {s}->https://raw.githubusercontent.com:443
11:50:44.387 [main] DEBUG org.apache.hc.client5.http.impl.classic.InternalHttpClient -- ex-0000000059 acquiring endpoint (3 MINUTES)
11:50:44.387 [main] DEBUG org.apache.hc.client5.http.impl.io.PoolingHttpClientConnectionManager -- ex-0000000059 endpoint lease request (3 MINUTES) [route: {s}->https://raw.githubusercontent.com:443][total available: 2; route allocated: 1 of 5; total allocated: 3 of 25]
11:50:44.387 [main] DEBUG org.apache.hc.client5.http.impl.io.PoolingHttpClientConnectionManager -- ex-0000000059 endpoint leased [route: {s}->https://raw.githubusercontent.com:443][total available: 1; route allocated: 1 of 5; total allocated: 3 of 25]
11:50:44.387 [main] DEBUG org.apache.hc.client5.http.impl.io.PoolingHttpClientConnectionManager -- ex-0000000059 acquired ep-0000000059
11:50:44.387 [main] DEBUG org.apache.hc.client5.http.impl.classic.InternalHttpClient -- ex-0000000059 acquired endpoint ep-0000000059
11:50:44.387 [main] DEBUG org.apache.hc.client5.http.impl.classic.MainClientExec -- ex-0000000059 executing GET /bonigarcia/webdrivermanager/master/src/main/resources/versions.properties HTTP/1.1
11:50:44.387 [main] DEBUG org.apache.hc.client5.http.protocol.RequestAddCookies -- ex-0000000059 Cookie spec selected: strict
11:50:44.387 [main] DEBUG org.apache.hc.client5.http.impl.classic.InternalHttpClient -- ep-0000000059 start execution ex-0000000059
11:50:44.387 [main] DEBUG org.apache.hc.client5.http.impl.io.PoolingHttpClientConnectionManager -- ep-0000000059 executing exchange ex-0000000059 over http-outgoing-35
11:50:44.387 [main] DEBUG org.apache.hc.client5.http.headers -- http-outgoing-35 >> GET /bonigarcia/webdrivermanager/master/src/main/resources/versions.properties HTTP/1.1
11:50:44.387 [main] DEBUG org.apache.hc.client5.http.headers -- http-outgoing-35 >> user-agent: Apache-HttpClient/5.0
11:50:44.387 [main] DEBUG org.apache.hc.client5.http.headers -- http-outgoing-35 >> accept-encoding: gzip, deflate, br
11:50:44.387 [main] DEBUG org.apache.hc.client5.http.headers -- http-outgoing-35 >> cache-control: max-age=0
11:50:44.387 [main] DEBUG org.apache.hc.client5.http.headers -- http-outgoing-35 >> connection: keep-alive
11:50:44.387 [main] DEBUG org.apache.hc.client5.http.headers -- http-outgoing-35 >> Host: raw.githubusercontent.com
11:50:44.387 [main] DEBUG org.apache.hc.client5.http.wire -- http-outgoing-35 >> "GET /bonigarcia/webdrivermanager/master/src/main/resources/versions.properties HTTP/1.1[\r][\n]"
11:50:44.387 [main] DEBUG org.apache.hc.client5.http.wire -- http-outgoing-35 >> "user-agent: Apache-HttpClient/5.0[\r][\n]"
11:50:44.387 [main] DEBUG org.apache.hc.client5.http.wire -- http-outgoing-35 >> "accept-encoding: gzip, deflate, br[\r][\n]"
11:50:44.387 [main] DEBUG org.apache.hc.client5.http.wire -- http-outgoing-35 >> "cache-control: max-age=0[\r][\n]"
11:50:44.387 [main] DEBUG org.apache.hc.client5.http.wire -- http-outgoing-35 >> "connection: keep-alive[\r][\n]"
11:50:44.387 [main] DEBUG org.apache.hc.client5.http.wire -- http-outgoing-35 >> "Host: raw.githubusercontent.com[\r][\n]"
11:50:44.387 [main] DEBUG org.apache.hc.client5.http.wire -- http-outgoing-35 >> "[\r][\n]"
11:50:44.558 [main] DEBUG org.apache.hc.client5.http.wire -- http-outgoing-35 << "HTTP/1.1 200 OK[\r][\n]"
11:50:44.558 [main] DEBUG org.apache.hc.client5.http.wire -- http-outgoing-35 << "Connection: keep-alive[\r][\n]"
11:50:44.558 [main] DEBUG org.apache.hc.client5.http.wire -- http-outgoing-35 << "Content-Length: 1667[\r][\n]"
11:50:44.558 [main] DEBUG org.apache.hc.client5.http.wire -- http-outgoing-35 << "Cache-Control: max-age=300[\r][\n]"
11:50:44.558 [main] DEBUG org.apache.hc.client5.http.wire -- http-outgoing-35 << "Content-Security-Policy: default-src 'none'; style-src 'unsafe-inline'; sandbox[\r][\n]"
11:50:44.558 [main] DEBUG org.apache.hc.client5.http.wire -- http-outgoing-35 << "Content-Type: text/plain; charset=utf-8[\r][\n]"
11:50:44.558 [main] DEBUG org.apache.hc.client5.http.wire -- http-outgoing-35 << "ETag: W/"2b63ea7ea7667d0729e9d848d780e58af4f6d237cb562369e48d53971ddfa6c5"[\r][\n]"
11:50:44.558 [main] DEBUG org.apache.hc.client5.http.wire -- http-outgoing-35 << "Strict-Transport-Security: max-age=31536000[\r][\n]"
11:50:44.558 [main] DEBUG org.apache.hc.client5.http.wire -- http-outgoing-35 << "X-Content-Type-Options: nosniff[\r][\n]"
11:50:44.558 [main] DEBUG org.apache.hc.client5.http.wire -- http-outgoing-35 << "X-Frame-Options: deny[\r][\n]"
11:50:44.558 [main] DEBUG org.apache.hc.client5.http.wire -- http-outgoing-35 << "X-XSS-Protection: 1; mode=block[\r][\n]"
11:50:44.558 [main] DEBUG org.apache.hc.client5.http.wire -- http-outgoing-35 << "X-GitHub-Request-Id: C544:0E73:441D4E1:46D2A0D:65B9B3A7[\r][\n]"
11:50:44.558 [main] DEBUG org.apache.hc.client5.http.wire -- http-outgoing-35 << "Content-Encoding: gzip[\r][\n]"
11:50:44.558 [main] DEBUG org.apache.hc.client5.http.wire -- http-outgoing-35 << "Accept-Ranges: bytes[\r][\n]"
11:50:44.558 [main] DEBUG org.apache.hc.client5.http.wire -- http-outgoing-35 << "Date: Mon, 12 Feb 2024 04:50:44 GMT[\r][\n]"
11:50:44.558 [main] DEBUG org.apache.hc.client5.http.wire -- http-outgoing-35 << "Via: 1.1 varnish[\r][\n]"
11:50:44.558 [main] DEBUG org.apache.hc.client5.http.wire -- http-outgoing-35 << "X-Served-By: cache-fra-eddf8230051-FRA[\r][\n]"
11:50:44.558 [main] DEBUG org.apache.hc.client5.http.wire -- http-outgoing-35 << "X-Cache: HIT[\r][\n]"
11:50:44.558 [main] DEBUG org.apache.hc.client5.http.wire -- http-outgoing-35 << "X-Cache-Hits: 1[\r][\n]"
11:50:44.558 [main] DEBUG org.apache.hc.client5.http.wire -- http-outgoing-35 << "X-Timer: S1707713445.545284,VS0,VE1[\r][\n]"
11:50:44.558 [main] DEBUG org.apache.hc.client5.http.wire -- http-outgoing-35 << "Vary: Authorization,Accept-Encoding,Origin[\r][\n]"
11:50:44.558 [main] DEBUG org.apache.hc.client5.http.wire -- http-outgoing-35 << "Access-Control-Allow-Origin: *[\r][\n]"
11:50:44.558 [main] DEBUG org.apache.hc.client5.http.wire -- http-outgoing-35 << "Cross-Origin-Resource-Policy: cross-origin[\r][\n]"
11:50:44.558 [main] DEBUG org.apache.hc.client5.http.wire -- http-outgoing-35 << "X-Fastly-Request-ID: f819b266fd7f08d90ce60332cfc9b59aa2ab0975[\r][\n]"
11:50:44.558 [main] DEBUG org.apache.hc.client5.http.wire -- http-outgoing-35 << "Expires: Mon, 12 Feb 2024 04:55:44 GMT[\r][\n]"
11:50:44.558 [main] DEBUG org.apache.hc.client5.http.wire -- http-outgoing-35 << "Source-Age: 145[\r][\n]"
11:50:44.558 [main] DEBUG org.apache.hc.client5.http.wire -- http-outgoing-35 << "[\r][\n]"
11:50:44.561 [main] DEBUG org.apache.hc.client5.http.headers -- http-outgoing-35 << HTTP/1.1 200 OK
11:50:44.561 [main] DEBUG org.apache.hc.client5.http.headers -- http-outgoing-35 << Connection: keep-alive
11:50:44.561 [main] DEBUG org.apache.hc.client5.http.headers -- http-outgoing-35 << Content-Length: 1667
11:50:44.561 [main] DEBUG org.apache.hc.client5.http.headers -- http-outgoing-35 << Cache-Control: max-age=300
11:50:44.561 [main] DEBUG org.apache.hc.client5.http.headers -- http-outgoing-35 << Content-Security-Policy: default-src 'none'; style-src 'unsafe-inline'; sandbox
11:50:44.561 [main] DEBUG org.apache.hc.client5.http.headers -- http-outgoing-35 << Content-Type: text/plain; charset=utf-8
11:50:44.561 [main] DEBUG org.apache.hc.client5.http.headers -- http-outgoing-35 << ETag: W/"2b63ea7ea7667d0729e9d848d780e58af4f6d237cb562369e48d53971ddfa6c5"
11:50:44.561 [main] DEBUG org.apache.hc.client5.http.headers -- http-outgoing-35 << Strict-Transport-Security: max-age=31536000
11:50:44.561 [main] DEBUG org.apache.hc.client5.http.headers -- http-outgoing-35 << X-Content-Type-Options: nosniff
11:50:44.561 [main] DEBUG org.apache.hc.client5.http.headers -- http-outgoing-35 << X-Frame-Options: deny
11:50:44.561 [main] DEBUG org.apache.hc.client5.http.headers -- http-outgoing-35 << X-XSS-Protection: 1; mode=block
11:50:44.561 [main] DEBUG org.apache.hc.client5.http.headers -- http-outgoing-35 << X-GitHub-Request-Id: C544:0E73:441D4E1:46D2A0D:65B9B3A7
11:50:44.561 [main] DEBUG org.apache.hc.client5.http.headers -- http-outgoing-35 << Content-Encoding: gzip
11:50:44.561 [main] DEBUG org.apache.hc.client5.http.headers -- http-outgoing-35 << Accept-Ranges: bytes
11:50:44.561 [main] DEBUG org.apache.hc.client5.http.headers -- http-outgoing-35 << Date: Mon, 12 Feb 2024 04:50:44 GMT
11:50:44.561 [main] DEBUG org.apache.hc.client5.http.headers -- http-outgoing-35 << Via: 1.1 varnish
11:50:44.561 [main] DEBUG org.apache.hc.client5.http.headers -- http-outgoing-35 << X-Served-By: cache-fra-eddf8230051-FRA
11:50:44.561 [main] DEBUG org.apache.hc.client5.http.headers -- http-outgoing-35 << X-Cache: HIT
11:50:44.561 [main] DEBUG org.apache.hc.client5.http.headers -- http-outgoing-35 << X-Cache-Hits: 1
11:50:44.561 [main] DEBUG org.apache.hc.client5.http.headers -- http-outgoing-35 << X-Timer: S1707713445.545284,VS0,VE1
11:50:44.561 [main] DEBUG org.apache.hc.client5.http.headers -- http-outgoing-35 << Vary: Authorization,Accept-Encoding,Origin
11:50:44.561 [main] DEBUG org.apache.hc.client5.http.headers -- http-outgoing-35 << Access-Control-Allow-Origin: *
11:50:44.561 [main] DEBUG org.apache.hc.client5.http.headers -- http-outgoing-35 << Cross-Origin-Resource-Policy: cross-origin
11:50:44.561 [main] DEBUG org.apache.hc.client5.http.headers -- http-outgoing-35 << X-Fastly-Request-ID: f819b266fd7f08d90ce60332cfc9b59aa2ab0975
11:50:44.561 [main] DEBUG org.apache.hc.client5.http.headers -- http-outgoing-35 << Expires: Mon, 12 Feb 2024 04:55:44 GMT
11:50:44.561 [main] DEBUG org.apache.hc.client5.http.headers -- http-outgoing-35 << Source-Age: 145
11:50:44.561 [main] DEBUG org.apache.hc.client5.http.impl.classic.MainClientExec -- ex-0000000059 connection can be kept alive for 3 MINUTES
11:50:44.562 [main] DEBUG org.apache.hc.client5.http.wire -- http-outgoing-35 << "[0x1f][0xffffff8b][0x8][0x0][0x0][0x0][0x0][0x0][0x0][0x3][0xffffff8d][0xffffff97][0xffffffcb]n+7[0xc][0xffffff86][0xfffffff7]y[0xffffff8a][0x1][0xffffffba][0xffffffce]XWJ[\n]"
11:50:44.562 [main] DEBUG org.apache.hc.client5.http.wire -- http-outgoing-35 << "[0xffffffa0]M[0xffffffaf][0xffffffab][0xffffffa2][0xffffff8b][0xfffffff6][0x5]|[0xffffffec]I28[0xffffff8e]'[0xffffffb0][0xffffff9d][0xffffff93][0xffffff83]>}II[0xffffffd4][0xffffffc8][0xffffff9a][0x16][0xffffffe8][0xffffffc2]H[0xfffffff8][0xffffff8d]F")[\r][0xfffffff5][0xfffffff3][0xffffff87][0xffffffe1][0xffffffaf][0xffffffd7][0xfffffff9]:<[0xffffffcf][0xffffffa7]i8,[0xffffffe7][0xffffffdb]~>_[0xffffff87][0xffffffdb][0xffffffeb]4|=/[0xffffff9f][0xffffffe7][0xffffffe1]x[0xffffff99][0xffffffbf]M[0xffffff97][0x1][0x7f][0xffffffd7]y[0xffffffc1]'[0xffffff87][0xffffffe5][0xffffffed]}[0x7f][0xffffff9b][0xffffffbf][0xffffffe0][0xffffffe8][0xffffffcf][0xfffffff9][0xfffffff6][0xffffff9a]F[0x1e][0xffffff96][0xffffffcb]e[0xffffffba][0xffffffbe]/[0xffffffe7][0xffffffe3]|~[0x19][0xffffffbe]\[0xffffff96][0xffffffcf][0xffffffeb][0xfffffffa][0xffffffca][0xffffffc3][0xffffffc3][0xf][0xffffffc3][0xffffff8f][0x19]=[\r][0xffffffbf]-[0xffffffcb][0xb][0xffffffbe][0xfffffff9][0xffffffd3][0xffffffeb]ey[0xffffff9b][0xffffff86][0xfffffffd][0xfffffff9][0xffffff98][0xffffffff][0xffffff9d]?[0xffffffde][0xffffff86][0xffffffc7][0xffffffe1][0xffffffe7][0xffffffb4][0xffffffd4][0xffffffd3]pHO[0xfffffff3][0xffffffc2][0xfffffff8][0xfffffff2][0xffffff9f][0xffffffcb][0xffffffc7][0xffffffe5]0=[\r][0xffffffaf][0xffffffb7][0xffffffdb][0xfffffffb][0xffffffd3]n[0xffffffd7]>[0x1d][0xf][0xffffffe5][0xffffffed]q[0xffffffb9][0xffffffbc][0xffffffec][0xffffff8e][0xffffffe8][0xffffffef]i[0xffffffd9][0x1f][0xffffffaf][0xf]y[0xffffff8c][0xffffff94]&[0xffffffe2]o[0x14][0xffffffa3]u[0xffffffda][0xffffff8e]AT[0xffffffae][0xffffff91]k[0xffffffe2][0xffffffe0][0xffffffd4][0x8][0xffffffba]r[0xffffff85]\%.[0xffffffed]hB[0xffffffe5][0x12][0xffffffb9]$nA[0xffffff8f]`*[0x17][0xffffffc8][0x5]q[0xffffffe3][0xffffffe5][0xffffffe8][0x1c]s[0x11]"[0xfffffffe][0x12][0xffffffc7][0xffffffe5]][0x1d]/<rO\[0xffffffdb]0:Y[0xffffffb9]C[0xffffffee][0x12][0x17]f[0x4]U9 [0x7][0xffffffe2][0xffffffca][0xffffff84][0x11][0xffffffd6][0xfffffff1][0x16][0xffffffb9]%.[0xffffff83][0xffffffc5][0xffffff87][0xffffff95]c[0xffffffbc]"[0xffffffc5]Ka[0xffffffb8][0xffffffea][0xffffffbf][0xffffffc0]xE[0xffffff8a]W[0xffffff80][0x18][0xffffffa5]^[0x1d][0xffffffc2][0xffffff80]E[\n]"
11:50:44.562 [main] DEBUG org.apache.hc.client5.http.wire -- http-outgoing-35 << "X[0xffffffe0]|[0xffffffcd][0x2][0x18][0xffffffb0][0xffffffa0][0xffffff80]M[0xffffffb0]r4+[0xffffffc7][0xffffff80][0x5][0x5]l|[0xffffff80][0x11]8[0xffffffa1]![0xffffffc4][0x10][0x12]5[0x6][0xffffffd7]f[0xffffffea]c[0xffffffa0]`[0xffffff8d][0xffffffb3]~[0xffffffc4]e[0x18][0xffffffbb][0x18](V[0x3]A[0xffffffad]9[0x8][0x10][0x3]$[\n]"
11:50:44.562 [main] DEBUG org.apache.hc.client5.http.wire -- http-outgoing-35 << "f4[0xffffff96][0xffffffa9][0xffffff8d][0xffffffc1]&[0xffffffaa][0xfffffffd][0x8][0x1c]O01[0xffffff98]D19[0xffffffb8][0xffffff91][0xffffff8c]u[0xc][0x14][0xffffffa4][0xffffffb1][0xffffffce][0xffffffad][0xffffff9b][0x1a]T[0xc]*Q[0xffffffdc]R[0xffffffcc]2c[0x19]C[\n]"
11:50:44.562 [main] DEBUG org.apache.hc.client5.http.wire -- http-outgoing-35 << "[0xffffffd0][0xffffffe0][0x9][0xffffffc0]X[0x19][0xffffff8b][0x18]R|F[0xffffff8b]Qq[0xffffff9e]|[0xffffff88]>[0xffffffc5][0xffffffa7][0xfffffff1][0xffffff8f][0xffffffe2][0xffffff99][0xffffffbd][0xffffff8f]>[0xffffffc5][0xffffffa7][0xffffff95][0x19][0x3]0u[0xffffffd1][0xffffffa7][0xfffffff0][0xffffff94][0x17][0xffffffa3][0xfffffff7]L![0xfffffffa][0x14][0xffffff9e]28/[0xffffffa7][0xffffffc2][0xffffffdb][0xffffffe8]Sx[0xffffffd2][0xffffffeb][0xffffffd1][0xffffffb3]k[0xffffffde]D[0xffffff9f][0xffffffc2][0xffffff93][0xffffffc6][0xffffff8d][0xffffff9a]s[0xffffffec]u[0xfffffff4]):[0xffffffda]I[0xffffffcd][0xffffffa9][0xfffffff0]2[0xfffffffa][0x14][0xffffff86][0xffffffc0][0xffffffcc]K][0xffffff97][0x13][0xffffffd1]S[0x18]:[0xffffffa0]/x[0xffffff84][\n]"
11:50:44.562 [main] DEBUG org.apache.hc.client5.http.wire -- http-outgoing-35 << "v![0xffffffba][0xffffff90][0xffffffb0][0xffffffb1][0xffffffa3][0xffffffae][0xffffffd4]G[0xffffffe7][0x13][0xffffffc5][0xffffffb3][0xffffff83][0xffffffe7][0xffffff8a][0xffffffb1][0xffffff8b][0xffffff8e][0x2][0xffffffd1][0x1e][0xfffffff0][`7[0x1c]D[0x7][0xffffff89][0xffffffe2][0x1][0xffffff97][0xffffffaa][0xffffffce]a[0xffffffa3][0xffffffa3]H[0xffffffb4]sx[0xffffffc0][0xffffffd6][0xffffffd1]&:[0xffffff93][0xffffffb0][0xffffffc2][0xfffffff3][0xffffffcb]PGG[0xffffff91]h[0xffffffc0][0xffffff80][0xffffff80]]v**[0xffffffdc]Q[0xffffffb6][0xffffffe4][0xffffff9d]%[0xffffffc8]b[0xffffffc7] [0xffffff90][0xffffffc5]{[0x3][0xffffff9e],[0xffffffce](8[0xffffffb2]x7[0x1][0xffffffc8]bg[0xffffffc0][0xffffffa2]US[0x4][0xffffff86],[0xffffffce]9h[0xffffffb2]x= _t][0xffffff8f]|[0xffffffa9][0xffffffdf][0xc][0xffffff90]/Z[0xffffffdf]U[0xffffffb5][0xffffffdf][0xffffff97][0xffffffbf][0xffffffe7][0xffffffd3]i?[0xfffffffc]:_[0xffffffa6][0xffffffe7][0xffffffe5]{S[0xffffffca]^[0xffffffa6][0xffffffc3][0xffffffd7][0xffffffe5]_+[0xffffffd9][0x15]K[0xffffffd9][0xb][0x16][0xffffffd0][0xffffff8f]/#[0xffffff96][0xffffffd4][0xffffffdd][[0xffffff9e]b[0xffffffd7][0xffffffbc][0xffffffb0][0xffffffbb]L[0xffffffa7]i[0x7f][0xffffff9d][0xffffffae][0xf][0xffffffcf]y^[0xffffffa9]d[0xffffffc4][0xffffffb4]aBW"[0xffffff88][0xffffffe8][0xffffff86][0xffffffc8][0xffffffb0]!~C[0xffffffdc][0xffffff86][0xffffffc0][0xffffff86][0xffffffd8][\r]1[0x1b][0xffffffa2]7Dm[0xffffff88][0xffffffdc][0xffffff90][0xffffffe4][0xffffffb3][0x1a]U%"d[0xffffffb2][0xffffff8e][0x11]~C[0xffffffdc][0xffffff86][0xffffffc0][0xffffff86][0xffffffd8][\r]I>[0xffffffcb][0xffffff96][0xffffffe8][\r]Q[0x1b]"7Dt$[0xffffff84][0x1e][0xfffffff8][0x1e][0xffffffb8][0x1e]@[0xf]l[0xf]zoC[0xffffffef]l[0xffffffe8]}[\r][0xffffffbd][0xffffffab][0xffffff81]<[0xffffffc5][0xffffffaf][0xffffffad][0x1][0xffffffe3]i>[0x7f]|[0xffffffcf]X2[0xfffffff6][0xffffffa1][0x1b][0xffffffe7]}[0xf]\[0xf][0xffffffa0][0x7][0xffffffb6][0x7][0xffffffa6][0x7][0x14][0xffffff80][0xfffffff2][\r]P=[0xffffffa0][0x0][0xffffff94]k[0xffffff80][0xffffffe8][0xffffff80][0xb]=H[0xffffff9e]B[0x3]\[0xf][0xffffffa0][0x7][0xffffffb6][0x7][0xffffffa6][0x7][0xffffffba][0x7][0xffffffaa][0x7][0xffffffb2][0x7][0xffffffa2][0x3][0x10]z[0xffffff90]<[0xffffffb5][\r]H[0xffffff9e]6_0@[0xf]l[0xf][0xffffff92][0xffffffa7][0xffffffcd][0x7][0x4][0xffffffba][0x7][0xffffffc9][0xffffffd3][0xffffffe6][0xffffffd8]C[0xfffffff2][0xffffffb4]9[0x14] :`C[0xf]|[0xf]\[0xf][0xffffff92][0xffffffa7][0xffffffa2][0x1][0xffffff96]A[[0xb][0xffffffff]x[0xffffff9f].[0xfffffffb][0xffffffa6][0x2].d[0xffffffff][0xffffff9f][\n]"
11:50:44.562 [main] DEBUG org.apache.hc.client5.http.wire -- http-outgoing-35 << "[0xffffff98][0x6]^[0xffffff97][0xffffffe7][0xffffffdb][0xffffffe7][0xfffffffe]2e[0xffffff8b][0xffffffd5]]_[0xf][0xffffffd3][0xffffffc3][0xffffffa4][0xffffff8e]hy[0xffffffd4]![0xffffffa8]>[0xffffff94][0x10][0xffffffcc]Q[0x1d][0xffffffc9][0xffffff90]8^s[0x12]o[0xfffffff1][0xffffffc2]I[\r]&[0xfffffff5][0x15]P'[0xfffffff8][0xffffffc0][0xffffff98][0xffffffc4]`[0x12]_[0x1]E[0xffffff86][0xffffffd4][0xffffff8a]9[0xffffff89][0xffffffc1]$[0xffffffbe]<N[0x13][0x1c]c[0xffffffd2][0xffffff82]I{9[0xfffffffc][0xffffffb2]$[\n]"
11:50:44.562 [main] DEBUG org.apache.hc.client5.http.wire -- http-outgoing-35 << "[0xffffff98][0xffffffc2]E[0xffffffab]5[0xffffffb1][0xffffffc8]e[0xffffff8e]u[0xffffffa2][0xffffff91][0xffffff9a]R[0xffffff95]i[0xffffffb0]Z4J[0xffffffd3]3uw:[0xffffffd3][0x16][\n]"
11:50:44.562 [main] DEBUG org.apache.hc.client5.http.wire -- http-outgoing-35 << "[0xffffffad][0xffffffca][0xffffff94][0x1c]g[0xffffffb0][0xffffffad][0xffffffc8][0xffffffc4]L[0x14]lZ[0xffffff8d][0x19]J[0xffffff94]A[0xffffffb7][\n]"
11:50:44.562 [main] DEBUG org.apache.hc.client5.http.wire -- http-outgoing-35 << "[0x13]eI[0xffffffa6][0xffffffaa][0xffffffd5][0xffffff97][0xffffff98][0xffffffb4][0xffffff82]e+/I[0xffffffb9]e,Zu[0xffffffe9]K[0xffffffe0]>[0xffffffb4][0xffffffda][0x12][0xffffffa0]P[0xffffffdf][0x9][0xffffffcb]L]++[0xffffffa1]l[0xffffff8c][0xffffff87]VT[0xffffffd6][0x14]aq[0xffffffb9][0x13][0xffffff95][0x19][0xffffff9a]FS[0xfffffffa][0xffffffe2][0x18][0x16][0xffffff99];E[0xffffff99][0xffffffa1][0xffffffba][0x17][0xffffff94][0x19][0xffffffca]FOZ^_4r[0xffffff92]][0xffffffc5][0xffffffa2]s'&3[0xfffffff4][0xffffff9d][0xffffff96][0xffffffcc][0xffffffd4]5R[0xffffffd2]1[0xffffff84]FH[0xfffffffa][0xffffffb2]<V[0xffffffa1]UG[0xffffffb2][0xfffffff7]X[0xffffff89]V[0x19][0xffffff89][0x9].T72[0x12]xR[0xffffffd5][0xffffffa8]H_6[0x1c][0xffffffcb][0xffffffd2]*"[0xffffffeb]famZE$[0xffffff9f]u[0xffffffac]O[0xffffffab][0xffffff86][0xffffffe4][0x13][0xffffff8d]5[0xffffffaa][0xffffff91][0xffffff90][0xffffffb2][0xffffff84][0xffffff8a][0xffffff85][0xffffffaa]U[0xffffff90]e-[0xffffffac]V[0xffffffab][0xffffff80]t<[0xffffffab]m[0xfffffff4]#[0x1f]e[0xffffffac]Z[0xffffffab]z[0xffffffac][0xffffff87][0x13]KW[0xffffffa3][0x1e][0xfffffff9]S[0xffffffc3][0xfffffffa][0xffffffd5][0xffffff88][0xffffffc7][0xffffffba]V[0x11]}[0xffffffc9][0xffffffb0][0xffffffa1]5[0xffffff8a][0xffffffe4][0xffffffcb]FQ|[0xffffffd9]([0xffffff82]/[0x1b]E[0xffffffef]e[0xffffffa3][0xffffffc8][0xffffffbd]l[0x14][0xffffffb5][0xffffff97][0xffffff8d]"[0xfffffff6][0xffffffb2]![0xffffffb3][0xffffffba][0xffffffcb][0xffffff86]h[0xc]C[0x1e][0xffffffb0][0xffffffc7][0xffffff86]<[0xffffffd0]e[0x1d]C[0x1e][0xffffffa8][0xffffff92][0xc][0x3][0xffffffd9][0xffffffb8][0xffffff93][0xffffff87][0xfffffff3][0xffffffe1][0xffffffb2]Pe[0x1b]~9[0xffffffbe]LMm|[0xffffffbb]N[0x8][0xfffffffe][0xffffffb3]8[0x1e][0xffffffa7]o[0xffffffd3][0xffffff89]f[0x1d][0xffffffdf]x[0xffffff86]T)[0xffffffa7][0xfffffff3][0xffffffe3][0xffffffc7]uW[0xffffffd9]#M[0xffffffb2][0xffffffbb]-[0xffffffcb][0xffffffe9][0xffffffba][0xfffffffb][0xffffff9c][0xffffffbe][0xffffff94]b[0xfffffff9]@t[0xffffffed][0xffffff80][0xffffffa5][0xffffffc7][0x1b]C[0xfffffffa]B[0xffffffb9][0xffffffff][0xffffff95][0xe][0xffffffe5]9f2S[0xffffffee]~[0xffffffa5]S[0xffffffe9] g[0xffffffca][0xffffffbd][0xffffffaf][0x4][0xffffff90][0xffffffd4][0xffffff9b]f[0xffffffca][0xffffff9d][0xffffffaf][0xffffffb4]x>0{[0xffffff89][0xffffffd6][0xffffffbe]WZ,[0xffffffb4][0xffffffae][0xffffffac]V[0xffffffbb]^i[0x0][0xffffffe7][0xffffff85]B[0xffffffb9][0xffffffe7][0xffffffc5]n[0xffffff81][0xffffffee]"
11:50:44.562 [main] DEBUG org.apache.hc.client5.http.wire -- http-outgoing-35 << "[0xfffffff6][0xc][0xffffffb9][0xffffffe1][0xffffff95][0xffffffda][0xffffffd1]MZ([0xffffffb7][0xffffffbb][0xffffffd8][0xffffffb9]j[0xffffffac]`[0xffffff85]r[0xffffffb3]+[0x15]~[0xffffffa9][0xffffff8e]g[0xffffffe0]V[0x17]{[0x13]S[0xffffff83][0xffffffa8]}.[0xffffffde][0x6][0xffffff96]z[0xffffff87]L[0xffffffb9][0xffffffcb]Ea-[0xffffffd6]y[0xffffffb9][0xffffffc7][0xffffffc5][0xffffffcb][0xffffffc2]R[0xffffffa7]E[0xffffff94];\,[0xfffffffd]T(2+[0xfffffffd][0xffffffad][0xffffffa4][0xffffffe8]Jb[0xffffffb8][0xffffffb9][0xffffffc5][0xffffffd0]Te[0xffffffa5][0xffffffb5][0xffffffc5][0x18]Le[0xffffffa5][0xffffffb1]E[0xffffffaf][0xffffffea][0xffffffca][0xffffffdc][0xffffffd6][0x6][0xffffffac]1ZfTZ[0xffffffda][0xffffff80][0xffffffa9][0xffffffd7]eT[0xffffffe9]g[0xffffff83]X[0x17]([0xffffffbd][0xffffffac][0xffffffa7]JW^,}[0xffffffac][0xffffffc7][0xffffffc0]2[0xffffffe1][0x1e][0xffffff96]v<o[0xc][0xfffffff7][0xffffffaf][0xe]s[^[0xffffffe3][0xffffffe6][0x15] [0xffffff94]-[0xffffffe1][0xffffffc6][0x15][0xfffffff0]H@[0xffffffce][0x5]w[0xffffffad][0xffffff96][0x12]\F[0xffffff95][0xffffff96][0xffffffd5]&[0xffffffe1][0xffffff92][0x8][0xffffffb7][0xffffffab]X[0x1a]lY[0xf][0xffffffab]W[0xffffffae][0xffffff9e][0xffffff81]}[0xffffffe2][0xffffffee][0x15][0xffffffef][0xffffffd9][0xffffffb2]U[0xffffffb5]s[0xffffffc5][0xffffff88][0xfffffff1][0xffffffdc]%V[0xffffffdb]V:[0xffffffb3][0xffffff99][0xffffff94][0xffffff96]U9>:[0xffffffdc][0xffffffad]*]I[0xffffffe9]T[0xffffffa9],[0x16]R[0xffffff9a]T[0xffffffa9]I.$dL|[0xffffffbf]L[0xffffff8f][0xfffffff3][0xfffffff9]z[0xffffffdb][0xffffff9f]N[0xffffffd3]1C[0x15][0xffffff81]nv[0xffffff9d][0xffffffcf][0xffffff89][0xffffff91][0x11]K[0x18][0xffffffa8][0xffffff90][0xffffffc3]7"b[0xffffff9d][0xffffffc4][0xffffffdb].[0xffffffef][0xffffff87][0xfffffff6][0x11]?,[0xffffffa3]C6[0x15][0x15][0x1d][0xffffffdc]i[0xffffff9f][0xffffffcf][0x8][0xfffffff6]gtec[0xffffffbd]~[0xfffffff8][0x7][0x18]<[0xfffffffe][0xffffff8d]h[0x13][0x0][0x0]"
11:50:44.562 [main] DEBUG org.apache.hc.client5.http.impl.classic.InternalHttpClient -- ep-0000000059 releasing valid endpoint
11:50:44.562 [main] DEBUG org.apache.hc.client5.http.impl.io.PoolingHttpClientConnectionManager -- ep-0000000059 releasing endpoint
11:50:44.562 [main] DEBUG org.apache.hc.client5.http.impl.io.PoolingHttpClientConnectionManager -- ep-0000000059 connection http-outgoing-35 can be kept alive for 3 MINUTES
11:50:44.562 [main] DEBUG org.apache.hc.client5.http.impl.io.PoolingHttpClientConnectionManager -- ep-0000000059 connection released [route: {s}->https://raw.githubusercontent.com:443][total available: 2; route allocated: 1 of 5; total allocated: 3 of 25]
11:50:44.562 [main] DEBUG io.github.bonigarcia.wdm.versions.VersionDetector -- Driver for chrome121 not found in online properties (using local versions.properties)
11:50:44.562 [main] DEBUG io.github.bonigarcia.wdm.WebDriverManager -- The driver version for CHROME 121 is unknown ... trying with latest
11:50:44.564 [main] DEBUG org.apache.hc.client5.http.impl.classic.InternalHttpClient -- ex-0000000060 preparing request execution
11:50:44.564 [main] DEBUG org.apache.hc.client5.http.impl.classic.ProtocolExec -- ex-0000000060 target auth state: UNCHALLENGED
11:50:44.564 [main] DEBUG org.apache.hc.client5.http.impl.classic.ProtocolExec -- ex-0000000060 proxy auth state: UNCHALLENGED
11:50:44.564 [main] DEBUG org.apache.hc.client5.http.impl.classic.ConnectExec -- ex-0000000060 acquiring connection with route {s}->https://googlechromelabs.github.io:443
11:50:44.564 [main] DEBUG org.apache.hc.client5.http.impl.classic.InternalHttpClient -- ex-0000000060 acquiring endpoint (3 MINUTES)
11:50:44.564 [main] DEBUG org.apache.hc.client5.http.impl.io.PoolingHttpClientConnectionManager -- ex-0000000060 endpoint lease request (3 MINUTES) [route: {s}->https://googlechromelabs.github.io:443][total available: 2; route allocated: 1 of 5; total allocated: 3 of 25]
11:50:44.564 [main] DEBUG org.apache.hc.client5.http.impl.io.PoolingHttpClientConnectionManager -- ex-0000000060 endpoint leased [route: {s}->https://googlechromelabs.github.io:443][total available: 1; route allocated: 1 of 5; total allocated: 3 of 25]
11:50:44.564 [main] DEBUG org.apache.hc.client5.http.impl.io.PoolingHttpClientConnectionManager -- ex-0000000060 acquired ep-0000000060
11:50:44.564 [main] DEBUG org.apache.hc.client5.http.impl.classic.InternalHttpClient -- ex-0000000060 acquired endpoint ep-0000000060
11:50:44.564 [main] DEBUG org.apache.hc.client5.http.impl.classic.MainClientExec -- ex-0000000060 executing GET /chrome-for-testing/last-known-good-versions-with-downloads.json HTTP/1.1
11:50:44.564 [main] DEBUG org.apache.hc.client5.http.protocol.RequestAddCookies -- ex-0000000060 Cookie spec selected: strict
11:50:44.564 [main] DEBUG org.apache.hc.client5.http.impl.classic.InternalHttpClient -- ep-0000000060 start execution ex-0000000060
11:50:44.564 [main] DEBUG org.apache.hc.client5.http.impl.io.PoolingHttpClientConnectionManager -- ep-0000000060 executing exchange ex-0000000060 over http-outgoing-33
11:50:44.564 [main] DEBUG org.apache.hc.client5.http.headers -- http-outgoing-33 >> GET /chrome-for-testing/last-known-good-versions-with-downloads.json HTTP/1.1
11:50:44.564 [main] DEBUG org.apache.hc.client5.http.headers -- http-outgoing-33 >> user-agent: Apache-HttpClient/5.0
11:50:44.564 [main] DEBUG org.apache.hc.client5.http.headers -- http-outgoing-33 >> accept-encoding: gzip, deflate, br
11:50:44.564 [main] DEBUG org.apache.hc.client5.http.headers -- http-outgoing-33 >> cache-control: max-age=0
11:50:44.564 [main] DEBUG org.apache.hc.client5.http.headers -- http-outgoing-33 >> connection: keep-alive
11:50:44.564 [main] DEBUG org.apache.hc.client5.http.headers -- http-outgoing-33 >> Host: googlechromelabs.github.io
11:50:44.564 [main] DEBUG org.apache.hc.client5.http.wire -- http-outgoing-33 >> "GET /chrome-for-testing/last-known-good-versions-with-downloads.json HTTP/1.1[\r][\n]"
11:50:44.564 [main] DEBUG org.apache.hc.client5.http.wire -- http-outgoing-33 >> "user-agent: Apache-HttpClient/5.0[\r][\n]"
11:50:44.564 [main] DEBUG org.apache.hc.client5.http.wire -- http-outgoing-33 >> "accept-encoding: gzip, deflate, br[\r][\n]"
11:50:44.564 [main] DEBUG org.apache.hc.client5.http.wire -- http-outgoing-33 >> "cache-control: max-age=0[\r][\n]"
11:50:44.564 [main] DEBUG org.apache.hc.client5.http.wire -- http-outgoing-33 >> "connection: keep-alive[\r][\n]"
11:50:44.564 [main] DEBUG org.apache.hc.client5.http.wire -- http-outgoing-33 >> "Host: googlechromelabs.github.io[\r][\n]"
11:50:44.564 [main] DEBUG org.apache.hc.client5.http.wire -- http-outgoing-33 >> "[\r][\n]"
11:50:44.586 [main] DEBUG org.apache.hc.client5.http.wire -- http-outgoing-33 << "HTTP/1.1 200 OK[\r][\n]"
11:50:44.586 [main] DEBUG org.apache.hc.client5.http.wire -- http-outgoing-33 << "Connection: keep-alive[\r][\n]"
11:50:44.586 [main] DEBUG org.apache.hc.client5.http.wire -- http-outgoing-33 << "Content-Length: 640[\r][\n]"
11:50:44.586 [main] DEBUG org.apache.hc.client5.http.wire -- http-outgoing-33 << "Server: GitHub.com[\r][\n]"
11:50:44.586 [main] DEBUG org.apache.hc.client5.http.wire -- http-outgoing-33 << "Content-Type: application/json; charset=utf-8[\r][\n]"
11:50:44.586 [main] DEBUG org.apache.hc.client5.http.wire -- http-outgoing-33 << "permissions-policy: interest-cohort=()[\r][\n]"
11:50:44.586 [main] DEBUG org.apache.hc.client5.http.wire -- http-outgoing-33 << "x-origin-cache: HIT[\r][\n]"
11:50:44.586 [main] DEBUG org.apache.hc.client5.http.wire -- http-outgoing-33 << "Last-Modified: Mon, 12 Feb 2024 04:09:36 GMT[\r][\n]"
11:50:44.586 [main] DEBUG org.apache.hc.client5.http.wire -- http-outgoing-33 << "Access-Control-Allow-Origin: *[\r][\n]"
11:50:44.586 [main] DEBUG org.apache.hc.client5.http.wire -- http-outgoing-33 << "Strict-Transport-Security: max-age=31556952[\r][\n]"
11:50:44.586 [main] DEBUG org.apache.hc.client5.http.wire -- http-outgoing-33 << "ETag: W/"65c99a00-229c"[\r][\n]"
11:50:44.586 [main] DEBUG org.apache.hc.client5.http.wire -- http-outgoing-33 << "expires: Mon, 12 Feb 2024 04:19:55 GMT[\r][\n]"
11:50:44.586 [main] DEBUG org.apache.hc.client5.http.wire -- http-outgoing-33 << "Cache-Control: max-age=600[\r][\n]"
11:50:44.586 [main] DEBUG org.apache.hc.client5.http.wire -- http-outgoing-33 << "Content-Encoding: gzip[\r][\n]"
11:50:44.586 [main] DEBUG org.apache.hc.client5.http.wire -- http-outgoing-33 << "x-proxy-cache: HIT[\r][\n]"
11:50:44.586 [main] DEBUG org.apache.hc.client5.http.wire -- http-outgoing-33 << "X-GitHub-Request-Id: EECE:F2983:9FFA93:AC18FB:65C99AC6[\r][\n]"
11:50:44.586 [main] DEBUG org.apache.hc.client5.http.wire -- http-outgoing-33 << "Accept-Ranges: bytes[\r][\n]"
11:50:44.586 [main] DEBUG org.apache.hc.client5.http.wire -- http-outgoing-33 << "Date: Mon, 12 Feb 2024 04:50:44 GMT[\r][\n]"
11:50:44.586 [main] DEBUG org.apache.hc.client5.http.wire -- http-outgoing-33 << "Via: 1.1 varnish[\r][\n]"
11:50:44.586 [main] DEBUG org.apache.hc.client5.http.wire -- http-outgoing-33 << "Age: 277[\r][\n]"
11:50:44.586 [main] DEBUG org.apache.hc.client5.http.wire -- http-outgoing-33 << "X-Served-By: cache-qpg1234-QPG[\r][\n]"
11:50:44.586 [main] DEBUG org.apache.hc.client5.http.wire -- http-outgoing-33 << "X-Cache: HIT[\r][\n]"
11:50:44.586 [main] DEBUG org.apache.hc.client5.http.wire -- http-outgoing-33 << "X-Cache-Hits: 59[\r][\n]"
11:50:44.586 [main] DEBUG org.apache.hc.client5.http.wire -- http-outgoing-33 << "X-Timer: S1707713445.646920,VS0,VE1[\r][\n]"
11:50:44.586 [main] DEBUG org.apache.hc.client5.http.wire -- http-outgoing-33 << "Vary: Accept-Encoding[\r][\n]"
11:50:44.586 [main] DEBUG org.apache.hc.client5.http.wire -- http-outgoing-33 << "X-Fastly-Request-ID: df1c6c3daad4b8054fdb6627eafe32d6c025fe12[\r][\n]"
11:50:44.586 [main] DEBUG org.apache.hc.client5.http.wire -- http-outgoing-33 << "[\r][\n]"
11:50:44.586 [main] DEBUG org.apache.hc.client5.http.headers -- http-outgoing-33 << HTTP/1.1 200 OK
11:50:44.586 [main] DEBUG org.apache.hc.client5.http.headers -- http-outgoing-33 << Connection: keep-alive
11:50:44.586 [main] DEBUG org.apache.hc.client5.http.headers -- http-outgoing-33 << Content-Length: 640
11:50:44.586 [main] DEBUG org.apache.hc.client5.http.headers -- http-outgoing-33 << Server: GitHub.com
11:50:44.586 [main] DEBUG org.apache.hc.client5.http.headers -- http-outgoing-33 << Content-Type: application/json; charset=utf-8
11:50:44.586 [main] DEBUG org.apache.hc.client5.http.headers -- http-outgoing-33 << permissions-policy: interest-cohort=()
11:50:44.586 [main] DEBUG org.apache.hc.client5.http.headers -- http-outgoing-33 << x-origin-cache: HIT
11:50:44.586 [main] DEBUG org.apache.hc.client5.http.headers -- http-outgoing-33 << Last-Modified: Mon, 12 Feb 2024 04:09:36 GMT
11:50:44.586 [main] DEBUG org.apache.hc.client5.http.headers -- http-outgoing-33 << Access-Control-Allow-Origin: *
11:50:44.586 [main] DEBUG org.apache.hc.client5.http.headers -- http-outgoing-33 << Strict-Transport-Security: max-age=31556952
11:50:44.586 [main] DEBUG org.apache.hc.client5.http.headers -- http-outgoing-33 << ETag: W/"65c99a00-229c"
11:50:44.586 [main] DEBUG org.apache.hc.client5.http.headers -- http-outgoing-33 << expires: Mon, 12 Feb 2024 04:19:55 GMT
11:50:44.586 [main] DEBUG org.apache.hc.client5.http.headers -- http-outgoing-33 << Cache-Control: max-age=600
11:50:44.586 [main] DEBUG org.apache.hc.client5.http.headers -- http-outgoing-33 << Content-Encoding: gzip
11:50:44.586 [main] DEBUG org.apache.hc.client5.http.headers -- http-outgoing-33 << x-proxy-cache: HIT
11:50:44.586 [main] DEBUG org.apache.hc.client5.http.headers -- http-outgoing-33 << X-GitHub-Request-Id: EECE:F2983:9FFA93:AC18FB:65C99AC6
11:50:44.586 [main] DEBUG org.apache.hc.client5.http.headers -- http-outgoing-33 << Accept-Ranges: bytes
11:50:44.586 [main] DEBUG org.apache.hc.client5.http.headers -- http-outgoing-33 << Date: Mon, 12 Feb 2024 04:50:44 GMT
11:50:44.586 [main] DEBUG org.apache.hc.client5.http.headers -- http-outgoing-33 << Via: 1.1 varnish
11:50:44.586 [main] DEBUG org.apache.hc.client5.http.headers -- http-outgoing-33 << Age: 277
11:50:44.586 [main] DEBUG org.apache.hc.client5.http.headers -- http-outgoing-33 << X-Served-By: cache-qpg1234-QPG
11:50:44.586 [main] DEBUG org.apache.hc.client5.http.headers -- http-outgoing-33 << X-Cache: HIT
11:50:44.586 [main] DEBUG org.apache.hc.client5.http.headers -- http-outgoing-33 << X-Cache-Hits: 59
11:50:44.586 [main] DEBUG org.apache.hc.client5.http.headers -- http-outgoing-33 << X-Timer: S1707713445.646920,VS0,VE1
11:50:44.586 [main] DEBUG org.apache.hc.client5.http.headers -- http-outgoing-33 << Vary: Accept-Encoding
11:50:44.586 [main] DEBUG org.apache.hc.client5.http.headers -- http-outgoing-33 << X-Fastly-Request-ID: df1c6c3daad4b8054fdb6627eafe32d6c025fe12
11:50:44.586 [main] DEBUG org.apache.hc.client5.http.impl.classic.MainClientExec -- ex-0000000060 connection can be kept alive for 3 MINUTES
11:50:44.587 [main] DEBUG org.apache.hc.client5.http.wire -- http-outgoing-33 << "[0x1f][0xffffff8b][0x8][0x0][0x0][0x0][0x0][0x0][0x0][0x3][0xffffffcd][0xffffff96][0xffffffcb][0xffffff8e][0xffffff9b]0[0x14][0xffffff86][0xfffffff7]}[0xc][0xffffffaf][0xffffffc1]`[0x8][0xffffffe4][0xffffffb2][0xffffff9c][0xffffff99]7hWSu[0xffffffe1][0x6]7A2[0x10][0xffffff81]'[0xffffffd3]N[0xffffffc4][0xffffffbb][0xffffffd7][0x10][0xffffffc3]p[0xffffffb1][0xffffff99]U|[0xffffff90]"%[0x1c][0xffffff9c]s~[0xffffffd0][0xffffffa7][0xffffffa3][0xffffffef][0xffffff86]D[0xffffff9a][0xffffffb1]J[0xffffffd0][0xffffffec][0xffffff82][0xe]([0xfffffff0][0xffffff83][0xffffff8d][0xffffffeb][0x7].!?[0x2]r[0xfffffff0][0xfffffff7][0xfffffff2][0xffffff83]}B^[0xffffff91][0xffffff83][0xffffff8e]g[0xffffff9a][0xffffffe7][0xffffff8c]W[0xffffffe8]pC[0xffffffdf][0x5][0xfffffffd][0xffffffcd]Y[0xfffffff3]KU[0xffffffe5]_U[0xffffffcd]AWVVi[0xffffff91][0xffffffcb][0x12][0x9][0x8][0xfffffff6]qL[0xffffffe2]-[0xffffffde]E[0xfffffff2]N[0xffffffc9][0xffffffae]i[0x7f]+[0xc][0xffffff89][0xffffffbf][0xffffff95][0xffffffc5][0xffffffa4]x[0xffffffcf]yA[0xffffff93][0xffffffea][0xffffffde][0xffffffae],2[0xffffffd9][0xfffffff8][0xffffffe7][\r]]8[0x15][0x7f][0xffffff8a]2[0xffffff93][0xffffff87]y[0xffffff9a][0xffffffbf][0xfffffffd][0xffffff8d]7[0xfffffff2][0xfffffff0][[0xffffffd9][0xffffff8c]:[0xb]q[0xffffffa9][0xe][0xffffff9e][0xffffffc7][0xffffff92][0x13]K8[0xffffffce][0x18]>][0x5][0xffffffc1][0xffffffc7]"S%[0xffffffef][0xffffffde]G}[0xffffffb9][0xffffffb2][0xffffff8d]+[0xffffffe4]3[0xffffffa6][0xfffffff9][0xffffffc9][0x1b]e[0xfffffff2]T[0xffffffe7][0xffffffee][0xffffffa0][0xffffffba][0xffffffc4][0x1f][0xffffffe9][0x5][0xffffffd5][0xffffffce](CF[0xffffff8f].-[0xffffffb3][0xffffff87][0xffffffa4][0xffffffe8]{wG[0xfffffffb][0xffffff82])[0xffffffc9]c[0xffffffde][0xffffff86][0xffffffea]<Lax[0x1b][0xffffffef]i[0x1e][0x6][0xf]H[0xffffffd0][0xfffffff6][0xffffffed][0xffffff8e][0xffffffb5][0x17][0xffffff86][0xffffffe9][0xf]y[0xfffffffe][0xffffffb6][0xffffffef]`z[0xfffffff7][0xffffffec][0xffffffbf][0x1c][0x5]fR[0xffffffa6][0xffffff92]n(<[0xffffffef][0xffffffd3][0xffffffd7][0x2][0xffffffa9]J[0xffffffb3][\n]"
11:50:44.587 [main] DEBUG org.apache.hc.client5.http.wire -- http-outgoing-33 << "T[0x7]Y[0x0][0xffffff81]U)@[0xffffffb1][0xfffffffd][0xffffffcc]0[0xffffff83][0xffffffd7]=3[0xffffff9a]pVUnuf[0xffffff9c]CQ<[0xffffff89][0xffffffb1][0x16][0xffffff9c][0xffffffa7][0xffffffb1]V[0xffffffc1][0xffffffb5].[0x14] [0xffffffe0][0xffffffd3]8[0xffffffa0][0xffffffa4]k[0xffffffc2][0xfffffff4][0xffffffc8][0xffffffd7][0xffffffb5][0xffffff83][0xffffff9e][0xffffff98][0xffffffa0]cCi+c?[0x9][0xffffff9a][0xffffffe6]ALp[0xffffffb0][0xffffff9f][0xfffffffa]I[0xffffffe4]G;[0x1f][0xffffffc2]O[0x6][0xffffff99][0x0][0xfffffffd]d[0xffffff98][0x2][0xffffffd2]O[0xffffffa6]9[0xffffffec][0xfffffffb][0xffffffc9]0[0xffffff81]}?[0xffffff99]L[0xffffff87][0xfffffff7][0x13]3[0xffffff9e][0xfffffff6][0xfffffffd]d[0x9]R[0xfffffffb]~bF[0xffffffd5][0xffffffae][0xffffff9f][0xffffff98][0xffffff80][0xffffffb5][0xffffffe9]'&l[0xffffffd7][0xffffffe2]'[0xb]K[0x16][0xffffffce]O[0x16]w.[0xffffff9c][0xffffff9f],[0xffffffac]`[0x18]?1nd[0x8]?1.[0xffffffe8]/[0xfffffffc][0xffffffe4][0xffffff85]][0xffffffc7]z[0xffffffd2][0x14][0xffffffc6]v[0x12][0xffffffb6][0xffffffad]w1[0xfffffff6]gr[0xffffffb2]%[0xffffff9b][0x10]BN>#[0x1][0xffffffba][0xffffffc9] [0x4][0xffffffa4][0xffffff9a]Lb[0xffffffd8]7[0xffffff93]A[0x0][0xfffffffb]b2[0x1e][0xe][0xffffffef]%F2[0xffffffed]k[0xffffffc9][0x2][0xffffff9f][0xfffffff6][0xffffffad][0xffffffc4]H[0xffffffa9]])1[0xffffffb0]j[0xffffffd3]I[0xc][0xffffffc4][0xffffffae]EI[0xffffffcc][0xffffffab][0x15][0xffffffce]H[0xffffff96]6-[0xffffff9c][0xffffff90][0xffffff98][0x17]/[0xffffff8c][0xffffff8f][0xffffff98][0xfffffff6]0[0xffffff84][0xffffff8e][0xffffff98][0xffffffd6][0xfffffff2][0x17]6[0xfffffff2]LsZ[0xfffffffe][0x1b][0xb][0xffffff89][0xffffffaa][0xffffffe9][0xffffff9c]d[0x1f]i[0xffffff9c]d[0xffffffb7][0xffffff8f][0x8][0xffffff9c][0xffffff93]4[0xffffff91][0xffffffc0][0xffffff9d][0xffffffa4][\r][0x1][0xffffffef]$}[0xc]('i[0x3]@9I7|-N[0xffffffa2]![0x13][0xffffffca]I[0xffffffb4]|B9[0xffffff89][0xffffff86]R[0x8]'[0xffffff99][0xffffffb1]j[0xffffffdf]If[0xffffffc4][0xffffffae][0xffffffcb]It[0xffffffab][0x15][0xffffffda]I[0xfffffff4][0xffffff9b][0x16][0xffffffda]It[0xffffff8b][0x17][0xffffffd2]I[0xffffffe6]{[0x18][0xffffffce]I[0xffffffe6]ky[0xffffffd1]I[0xffffffea][0xfffffffa][0xffffffdb][0x7f][0xffffffd5][0xffffffa2][0xffffff9a]W[0xffffff9c]"[0x0][0x0]"
11:50:44.587 [main] DEBUG org.apache.hc.client5.http.impl.classic.InternalHttpClient -- ep-0000000060 releasing valid endpoint
11:50:44.587 [main] DEBUG org.apache.hc.client5.http.impl.io.PoolingHttpClientConnectionManager -- ep-0000000060 releasing endpoint
11:50:44.587 [main] DEBUG org.apache.hc.client5.http.impl.io.PoolingHttpClientConnectionManager -- ep-0000000060 connection http-outgoing-33 can be kept alive for 3 MINUTES
11:50:44.587 [main] DEBUG org.apache.hc.client5.http.impl.io.PoolingHttpClientConnectionManager -- ep-0000000060 connection released [route: {s}->https://googlechromelabs.github.io:443][total available: 2; route allocated: 1 of 5; total allocated: 3 of 25]
11:50:44.589 [main] DEBUG io.github.bonigarcia.wdm.WebDriverManager -- Driver to be downloaded chromedriver 121.0.6167.85
11:50:44.589 [main] DEBUG io.github.bonigarcia.wdm.cache.ResolutionCache -- Storing resolution chrome=121 in cache (valid until 12:50:44 12/02/2024 WIB)
11:50:44.592 [main] DEBUG io.github.bonigarcia.wdm.cache.ResolutionCache -- Storing resolution chrome121=121.0.6167.85 in cache (valid until 11:50:44 13/02/2024 WIB)
11:50:44.594 [main] INFO io.github.bonigarcia.wdm.WebDriverManager -- Exporting webdriver.chrome.driver as /Users/fizkiarditiakusuma/.cache/selenium/chromedriver/mac-arm64/121.0.6167.85/chromedriver
  &amp#27;[32mGiven &amp#27;[0m&amp#27;[32mPengguna telah membuka situs Kepabeanan&amp#27;[0m                               &amp#27;[90m# step_definitions.login.penggunaTelahMembukaSitusKepabeanan()&amp#27;[0m
  &amp#27;[32mThen &amp#27;[0m&amp#27;[32mPengguna Klik Field Kata Sandi&amp#27;[0m                                         &amp#27;[90m# step_definitions.login.penggunaKlikFieldKataSandi()&amp#27;[0m
  &amp#27;[32mAnd &amp#27;[0m&amp#27;[32mPengguna memasukan berbagai macam Test dalam field Password&amp#27;[0m&amp#27;[32m&amp#27;[1m"qwertyuQWE"&amp#27;[0m &amp#27;[90m# step_definitions.login.penggunaMemasukanBerbagaiMacamTestDalamFieldPassword(java.lang.String)&amp#27;[0m
]]></system-out>
  </testcase>
  <testcase name="LG 006 - Lupa Password #1" classname="login" time="36.708">
    <system-out><![CDATA[
@login
Scenario Outline: LG 006 - Lupa Password                                           &amp#27;[90m# features//login.feature:48&amp#27;[0m
11:50:49.343 [main] DEBUG io.github.bonigarcia.wdm.WebDriverManager -- Using WebDriverManager 5.6.3
11:50:49.347 [main] DEBUG io.github.bonigarcia.wdm.WebDriverManager -- Using URL built from repository pattern: https://edgedl.me.gvt1.com/edgedl/chrome/chrome-for-testing/121.0.6167.139/mac-arm64/chromedriver-mac-arm64.zip
11:50:49.348 [main] DEBUG org.apache.hc.client5.http.impl.classic.InternalHttpClient -- ex-0000000061 preparing request execution
11:50:49.348 [main] DEBUG org.apache.hc.client5.http.impl.classic.ProtocolExec -- ex-0000000061 target auth state: UNCHALLENGED
11:50:49.348 [main] DEBUG org.apache.hc.client5.http.impl.classic.ProtocolExec -- ex-0000000061 proxy auth state: UNCHALLENGED
11:50:49.348 [main] DEBUG org.apache.hc.client5.http.impl.classic.ConnectExec -- ex-0000000061 acquiring connection with route {s}->https://googlechromelabs.github.io:443
11:50:49.348 [main] DEBUG org.apache.hc.client5.http.impl.classic.InternalHttpClient -- ex-0000000061 acquiring endpoint (3 MINUTES)
11:50:49.348 [main] DEBUG org.apache.hc.client5.http.impl.io.PoolingHttpClientConnectionManager -- ex-0000000061 endpoint lease request (3 MINUTES) [route: {s}->https://googlechromelabs.github.io:443][total available: 0; route allocated: 0 of 5; total allocated: 0 of 25]
11:50:49.348 [main] DEBUG org.apache.hc.client5.http.impl.io.PoolingHttpClientConnectionManager -- ex-0000000061 endpoint leased [route: {s}->https://googlechromelabs.github.io:443][total available: 0; route allocated: 1 of 5; total allocated: 1 of 25]
11:50:49.348 [main] DEBUG org.apache.hc.client5.http.impl.io.PoolingHttpClientConnectionManager -- ex-0000000061 acquired ep-0000000061
11:50:49.348 [main] DEBUG org.apache.hc.client5.http.impl.classic.InternalHttpClient -- ex-0000000061 acquired endpoint ep-0000000061
11:50:49.348 [main] DEBUG org.apache.hc.client5.http.impl.classic.ConnectExec -- ex-0000000061 opening connection {s}->https://googlechromelabs.github.io:443
11:50:49.348 [main] DEBUG org.apache.hc.client5.http.impl.classic.InternalHttpClient -- ep-0000000061 connecting endpoint (null)
11:50:49.348 [main] DEBUG org.apache.hc.client5.http.impl.io.PoolingHttpClientConnectionManager -- ep-0000000061 connecting endpoint to https://googlechromelabs.github.io:443 (30 SECONDS)
11:50:49.348 [main] DEBUG org.apache.hc.client5.http.impl.io.DefaultHttpClientConnectionOperator -- googlechromelabs.github.io resolving remote address
11:50:49.349 [main] DEBUG org.apache.hc.client5.http.impl.io.DefaultHttpClientConnectionOperator -- googlechromelabs.github.io resolved to [googlechromelabs.github.io/185.199.111.153, googlechromelabs.github.io/185.199.108.153, googlechromelabs.github.io/185.199.109.153, googlechromelabs.github.io/185.199.110.153, googlechromelabs.github.io/2606:50c0:8000:0:0:0:0:153, googlechromelabs.github.io/2606:50c0:8001:0:0:0:0:153, googlechromelabs.github.io/2606:50c0:8002:0:0:0:0:153, googlechromelabs.github.io/2606:50c0:8003:0:0:0:0:153]
11:50:49.349 [main] DEBUG org.apache.hc.client5.http.impl.io.DefaultHttpClientConnectionOperator -- googlechromelabs.github.io:443 connecting null->googlechromelabs.github.io/185.199.111.153:443 (30 SECONDS)
11:50:49.349 [main] DEBUG org.apache.hc.client5.http.ssl.SSLConnectionSocketFactory -- Connecting socket to googlechromelabs.github.io/185.199.111.153:443 with timeout 30 SECONDS
11:51:19.351 [main] DEBUG org.apache.hc.client5.http.impl.io.DefaultHttpClientConnectionOperator -- googlechromelabs.github.io:443 connection to googlechromelabs.github.io/185.199.111.153:443 failed (class java.net.SocketTimeoutException); retrying connection to the next address
11:51:19.351 [main] DEBUG org.apache.hc.client5.http.impl.io.DefaultHttpClientConnectionOperator -- googlechromelabs.github.io:443 connecting null->googlechromelabs.github.io/185.199.108.153:443 (30 SECONDS)
11:51:19.352 [main] DEBUG org.apache.hc.client5.http.ssl.SSLConnectionSocketFactory -- Connecting socket to googlechromelabs.github.io/185.199.108.153:443 with timeout 30 SECONDS
11:51:19.524 [main] DEBUG org.apache.hc.client5.http.ssl.SSLConnectionSocketFactory -- Enabled protocols: [TLSv1.3, TLSv1.2]
11:51:19.524 [main] DEBUG org.apache.hc.client5.http.ssl.SSLConnectionSocketFactory -- Enabled cipher suites: [TLS_AES_256_GCM_SHA384, TLS_AES_128_GCM_SHA256, TLS_CHACHA20_POLY1305_SHA256, TLS_ECDHE_ECDSA_WITH_AES_256_GCM_SHA384, TLS_ECDHE_ECDSA_WITH_AES_128_GCM_SHA256, TLS_ECDHE_ECDSA_WITH_CHACHA20_POLY1305_SHA256, TLS_ECDHE_RSA_WITH_AES_256_GCM_SHA384, TLS_ECDHE_RSA_WITH_CHACHA20_POLY1305_SHA256, TLS_ECDHE_RSA_WITH_AES_128_GCM_SHA256, TLS_DHE_RSA_WITH_AES_256_GCM_SHA384, TLS_DHE_RSA_WITH_CHACHA20_POLY1305_SHA256, TLS_DHE_DSS_WITH_AES_256_GCM_SHA384, TLS_DHE_RSA_WITH_AES_128_GCM_SHA256, TLS_DHE_DSS_WITH_AES_128_GCM_SHA256, TLS_ECDHE_ECDSA_WITH_AES_256_CBC_SHA384, TLS_ECDHE_RSA_WITH_AES_256_CBC_SHA384, TLS_ECDHE_ECDSA_WITH_AES_128_CBC_SHA256, TLS_ECDHE_RSA_WITH_AES_128_CBC_SHA256, TLS_DHE_RSA_WITH_AES_256_CBC_SHA256, TLS_DHE_DSS_WITH_AES_256_CBC_SHA256, TLS_DHE_RSA_WITH_AES_128_CBC_SHA256, TLS_DHE_DSS_WITH_AES_128_CBC_SHA256, TLS_ECDH_ECDSA_WITH_AES_256_GCM_SHA384, TLS_ECDH_RSA_WITH_AES_256_GCM_SHA384, TLS_ECDH_ECDSA_WITH_AES_128_GCM_SHA256, TLS_ECDH_RSA_WITH_AES_128_GCM_SHA256, TLS_ECDH_ECDSA_WITH_AES_256_CBC_SHA384, TLS_ECDH_RSA_WITH_AES_256_CBC_SHA384, TLS_ECDH_ECDSA_WITH_AES_128_CBC_SHA256, TLS_ECDH_RSA_WITH_AES_128_CBC_SHA256, TLS_ECDHE_ECDSA_WITH_AES_256_CBC_SHA, TLS_ECDHE_RSA_WITH_AES_256_CBC_SHA, TLS_ECDHE_ECDSA_WITH_AES_128_CBC_SHA, TLS_ECDHE_RSA_WITH_AES_128_CBC_SHA, TLS_DHE_RSA_WITH_AES_256_CBC_SHA, TLS_DHE_DSS_WITH_AES_256_CBC_SHA, TLS_DHE_RSA_WITH_AES_128_CBC_SHA, TLS_DHE_DSS_WITH_AES_128_CBC_SHA, TLS_ECDH_ECDSA_WITH_AES_256_CBC_SHA, TLS_ECDH_RSA_WITH_AES_256_CBC_SHA, TLS_ECDH_ECDSA_WITH_AES_128_CBC_SHA, TLS_ECDH_RSA_WITH_AES_128_CBC_SHA, TLS_RSA_WITH_AES_256_GCM_SHA384, TLS_RSA_WITH_AES_128_GCM_SHA256, TLS_RSA_WITH_AES_256_CBC_SHA256, TLS_RSA_WITH_AES_128_CBC_SHA256, TLS_RSA_WITH_AES_256_CBC_SHA, TLS_RSA_WITH_AES_128_CBC_SHA, TLS_EMPTY_RENEGOTIATION_INFO_SCSV]
11:51:19.524 [main] DEBUG org.apache.hc.client5.http.ssl.SSLConnectionSocketFactory -- Starting handshake (null)
11:51:19.708 [main] DEBUG org.apache.hc.client5.http.ssl.SSLConnectionSocketFactory -- Secure session established
11:51:19.708 [main] DEBUG org.apache.hc.client5.http.ssl.SSLConnectionSocketFactory --  negotiated protocol: TLSv1.3
11:51:19.708 [main] DEBUG org.apache.hc.client5.http.ssl.SSLConnectionSocketFactory --  negotiated cipher suite: TLS_AES_128_GCM_SHA256
11:51:19.708 [main] DEBUG org.apache.hc.client5.http.ssl.SSLConnectionSocketFactory --  peer principal: CN=*.github.io, O="GitHub, Inc.", L=San Francisco, ST=California, C=US
11:51:19.708 [main] DEBUG org.apache.hc.client5.http.ssl.SSLConnectionSocketFactory --  peer alternative names: [*.github.io, github.io, *.github.com, github.com, www.github.com, *.githubusercontent.com, githubusercontent.com]
11:51:19.708 [main] DEBUG org.apache.hc.client5.http.ssl.SSLConnectionSocketFactory --  issuer principal: CN=DigiCert TLS RSA SHA256 2020 CA1, O=DigiCert Inc, C=US
11:51:19.708 [main] DEBUG org.apache.hc.client5.http.impl.io.DefaultManagedHttpClientConnection -- http-outgoing-36 set socket timeout to 3 MINUTES
11:51:19.708 [main] DEBUG org.apache.hc.client5.http.impl.io.DefaultHttpClientConnectionOperator -- googlechromelabs.github.io:443 connected null->googlechromelabs.github.io/185.199.108.153:443 as http-outgoing-36
11:51:19.708 [main] DEBUG org.apache.hc.client5.http.impl.io.PoolingHttpClientConnectionManager -- ep-0000000061 connected http-outgoing-36
11:51:19.708 [main] DEBUG org.apache.hc.client5.http.impl.classic.InternalHttpClient -- ep-0000000061 endpoint connected
11:51:19.708 [main] DEBUG org.apache.hc.client5.http.impl.classic.MainClientExec -- ex-0000000061 executing GET /chrome-for-testing/last-known-good-versions-with-downloads.json HTTP/1.1
11:51:19.708 [main] DEBUG org.apache.hc.client5.http.protocol.RequestAddCookies -- ex-0000000061 Cookie spec selected: strict
11:51:19.708 [main] DEBUG org.apache.hc.client5.http.impl.classic.InternalHttpClient -- ep-0000000061 start execution ex-0000000061
11:51:19.708 [main] DEBUG org.apache.hc.client5.http.impl.io.PoolingHttpClientConnectionManager -- ep-0000000061 executing exchange ex-0000000061 over http-outgoing-36
11:51:19.708 [main] DEBUG org.apache.hc.client5.http.headers -- http-outgoing-36 >> GET /chrome-for-testing/last-known-good-versions-with-downloads.json HTTP/1.1
11:51:19.708 [main] DEBUG org.apache.hc.client5.http.headers -- http-outgoing-36 >> user-agent: Apache-HttpClient/5.0
11:51:19.708 [main] DEBUG org.apache.hc.client5.http.headers -- http-outgoing-36 >> accept-encoding: gzip, deflate, br
11:51:19.708 [main] DEBUG org.apache.hc.client5.http.headers -- http-outgoing-36 >> cache-control: max-age=0
11:51:19.708 [main] DEBUG org.apache.hc.client5.http.headers -- http-outgoing-36 >> connection: keep-alive
11:51:19.708 [main] DEBUG org.apache.hc.client5.http.headers -- http-outgoing-36 >> Host: googlechromelabs.github.io
11:51:19.708 [main] DEBUG org.apache.hc.client5.http.wire -- http-outgoing-36 >> "GET /chrome-for-testing/last-known-good-versions-with-downloads.json HTTP/1.1[\r][\n]"
11:51:19.708 [main] DEBUG org.apache.hc.client5.http.wire -- http-outgoing-36 >> "user-agent: Apache-HttpClient/5.0[\r][\n]"
11:51:19.708 [main] DEBUG org.apache.hc.client5.http.wire -- http-outgoing-36 >> "accept-encoding: gzip, deflate, br[\r][\n]"
11:51:19.708 [main] DEBUG org.apache.hc.client5.http.wire -- http-outgoing-36 >> "cache-control: max-age=0[\r][\n]"
11:51:19.708 [main] DEBUG org.apache.hc.client5.http.wire -- http-outgoing-36 >> "connection: keep-alive[\r][\n]"
11:51:19.708 [main] DEBUG org.apache.hc.client5.http.wire -- http-outgoing-36 >> "Host: googlechromelabs.github.io[\r][\n]"
11:51:19.708 [main] DEBUG org.apache.hc.client5.http.wire -- http-outgoing-36 >> "[\r][\n]"
11:51:19.880 [main] DEBUG org.apache.hc.client5.http.wire -- http-outgoing-36 << "HTTP/1.1 200 OK[\r][\n]"
11:51:19.880 [main] DEBUG org.apache.hc.client5.http.wire -- http-outgoing-36 << "Connection: keep-alive[\r][\n]"
11:51:19.880 [main] DEBUG org.apache.hc.client5.http.wire -- http-outgoing-36 << "Content-Length: 640[\r][\n]"
11:51:19.880 [main] DEBUG org.apache.hc.client5.http.wire -- http-outgoing-36 << "Server: GitHub.com[\r][\n]"
11:51:19.880 [main] DEBUG org.apache.hc.client5.http.wire -- http-outgoing-36 << "Content-Type: application/json; charset=utf-8[\r][\n]"
11:51:19.880 [main] DEBUG org.apache.hc.client5.http.wire -- http-outgoing-36 << "permissions-policy: interest-cohort=()[\r][\n]"
11:51:19.880 [main] DEBUG org.apache.hc.client5.http.wire -- http-outgoing-36 << "x-origin-cache: HIT[\r][\n]"
11:51:19.880 [main] DEBUG org.apache.hc.client5.http.wire -- http-outgoing-36 << "Last-Modified: Mon, 12 Feb 2024 04:09:36 GMT[\r][\n]"
11:51:19.880 [main] DEBUG org.apache.hc.client5.http.wire -- http-outgoing-36 << "Access-Control-Allow-Origin: *[\r][\n]"
11:51:19.880 [main] DEBUG org.apache.hc.client5.http.wire -- http-outgoing-36 << "Strict-Transport-Security: max-age=31556952[\r][\n]"
11:51:19.880 [main] DEBUG org.apache.hc.client5.http.wire -- http-outgoing-36 << "ETag: W/"65c99a00-229c"[\r][\n]"
11:51:19.880 [main] DEBUG org.apache.hc.client5.http.wire -- http-outgoing-36 << "expires: Mon, 12 Feb 2024 04:21:25 GMT[\r][\n]"
11:51:19.880 [main] DEBUG org.apache.hc.client5.http.wire -- http-outgoing-36 << "Cache-Control: max-age=600[\r][\n]"
11:51:19.880 [main] DEBUG org.apache.hc.client5.http.wire -- http-outgoing-36 << "Content-Encoding: gzip[\r][\n]"
11:51:19.880 [main] DEBUG org.apache.hc.client5.http.wire -- http-outgoing-36 << "x-proxy-cache: HIT[\r][\n]"
11:51:19.880 [main] DEBUG org.apache.hc.client5.http.wire -- http-outgoing-36 << "X-GitHub-Request-Id: 7E68:202855:5C382C1:5E35C94:65C99AB6[\r][\n]"
11:51:19.880 [main] DEBUG org.apache.hc.client5.http.wire -- http-outgoing-36 << "Accept-Ranges: bytes[\r][\n]"
11:51:19.880 [main] DEBUG org.apache.hc.client5.http.wire -- http-outgoing-36 << "Date: Mon, 12 Feb 2024 04:51:19 GMT[\r][\n]"
11:51:19.880 [main] DEBUG org.apache.hc.client5.http.wire -- http-outgoing-36 << "Via: 1.1 varnish[\r][\n]"
11:51:19.880 [main] DEBUG org.apache.hc.client5.http.wire -- http-outgoing-36 << "Age: 456[\r][\n]"
11:51:19.880 [main] DEBUG org.apache.hc.client5.http.wire -- http-outgoing-36 << "X-Served-By: cache-fra-eddf8230123-FRA[\r][\n]"
11:51:19.880 [main] DEBUG org.apache.hc.client5.http.wire -- http-outgoing-36 << "X-Cache: HIT[\r][\n]"
11:51:19.880 [main] DEBUG org.apache.hc.client5.http.wire -- http-outgoing-36 << "X-Cache-Hits: 6[\r][\n]"
11:51:19.880 [main] DEBUG org.apache.hc.client5.http.wire -- http-outgoing-36 << "X-Timer: S1707713480.867715,VS0,VE0[\r][\n]"
11:51:19.880 [main] DEBUG org.apache.hc.client5.http.wire -- http-outgoing-36 << "Vary: Accept-Encoding[\r][\n]"
11:51:19.880 [main] DEBUG org.apache.hc.client5.http.wire -- http-outgoing-36 << "X-Fastly-Request-ID: a945733bc757f9619510b571076ce5da7b284bcc[\r][\n]"
11:51:19.880 [main] DEBUG org.apache.hc.client5.http.wire -- http-outgoing-36 << "[\r][\n]"
11:51:19.880 [main] DEBUG org.apache.hc.client5.http.headers -- http-outgoing-36 << HTTP/1.1 200 OK
11:51:19.880 [main] DEBUG org.apache.hc.client5.http.headers -- http-outgoing-36 << Connection: keep-alive
11:51:19.880 [main] DEBUG org.apache.hc.client5.http.headers -- http-outgoing-36 << Content-Length: 640
11:51:19.880 [main] DEBUG org.apache.hc.client5.http.headers -- http-outgoing-36 << Server: GitHub.com
11:51:19.880 [main] DEBUG org.apache.hc.client5.http.headers -- http-outgoing-36 << Content-Type: application/json; charset=utf-8
11:51:19.880 [main] DEBUG org.apache.hc.client5.http.headers -- http-outgoing-36 << permissions-policy: interest-cohort=()
11:51:19.880 [main] DEBUG org.apache.hc.client5.http.headers -- http-outgoing-36 << x-origin-cache: HIT
11:51:19.880 [main] DEBUG org.apache.hc.client5.http.headers -- http-outgoing-36 << Last-Modified: Mon, 12 Feb 2024 04:09:36 GMT
11:51:19.880 [main] DEBUG org.apache.hc.client5.http.headers -- http-outgoing-36 << Access-Control-Allow-Origin: *
11:51:19.880 [main] DEBUG org.apache.hc.client5.http.headers -- http-outgoing-36 << Strict-Transport-Security: max-age=31556952
11:51:19.880 [main] DEBUG org.apache.hc.client5.http.headers -- http-outgoing-36 << ETag: W/"65c99a00-229c"
11:51:19.880 [main] DEBUG org.apache.hc.client5.http.headers -- http-outgoing-36 << expires: Mon, 12 Feb 2024 04:21:25 GMT
11:51:19.880 [main] DEBUG org.apache.hc.client5.http.headers -- http-outgoing-36 << Cache-Control: max-age=600
11:51:19.880 [main] DEBUG org.apache.hc.client5.http.headers -- http-outgoing-36 << Content-Encoding: gzip
11:51:19.880 [main] DEBUG org.apache.hc.client5.http.headers -- http-outgoing-36 << x-proxy-cache: HIT
11:51:19.880 [main] DEBUG org.apache.hc.client5.http.headers -- http-outgoing-36 << X-GitHub-Request-Id: 7E68:202855:5C382C1:5E35C94:65C99AB6
11:51:19.880 [main] DEBUG org.apache.hc.client5.http.headers -- http-outgoing-36 << Accept-Ranges: bytes
11:51:19.880 [main] DEBUG org.apache.hc.client5.http.headers -- http-outgoing-36 << Date: Mon, 12 Feb 2024 04:51:19 GMT
11:51:19.880 [main] DEBUG org.apache.hc.client5.http.headers -- http-outgoing-36 << Via: 1.1 varnish
11:51:19.880 [main] DEBUG org.apache.hc.client5.http.headers -- http-outgoing-36 << Age: 456
11:51:19.880 [main] DEBUG org.apache.hc.client5.http.headers -- http-outgoing-36 << X-Served-By: cache-fra-eddf8230123-FRA
11:51:19.880 [main] DEBUG org.apache.hc.client5.http.headers -- http-outgoing-36 << X-Cache: HIT
11:51:19.880 [main] DEBUG org.apache.hc.client5.http.headers -- http-outgoing-36 << X-Cache-Hits: 6
11:51:19.880 [main] DEBUG org.apache.hc.client5.http.headers -- http-outgoing-36 << X-Timer: S1707713480.867715,VS0,VE0
11:51:19.880 [main] DEBUG org.apache.hc.client5.http.headers -- http-outgoing-36 << Vary: Accept-Encoding
11:51:19.880 [main] DEBUG org.apache.hc.client5.http.headers -- http-outgoing-36 << X-Fastly-Request-ID: a945733bc757f9619510b571076ce5da7b284bcc
11:51:19.881 [main] DEBUG org.apache.hc.client5.http.impl.classic.MainClientExec -- ex-0000000061 connection can be kept alive for 3 MINUTES
11:51:19.881 [main] DEBUG org.apache.hc.client5.http.wire -- http-outgoing-36 << "[0x1f][0xffffff8b][0x8][0x0][0x0][0x0][0x0][0x0][0x0][0x3][0xffffffcd][0xffffff96][0xffffffcb][0xffffff8e][0xffffff9b]0[0x14][0xffffff86][0xfffffff7]}[0xc][0xffffffaf][0xffffffc1]`[0x8][0xffffffe4][0xffffffb2][0xffffff9c][0xffffff99]7hWSu[0xffffffe1][0x6]7A2[0x10][0xffffff81]'[0xffffffd3]N[0xffffffc4][0xffffffbb][0xffffffd7][0x10][0xffffffc3]p[0xffffffb1][0xffffff99]U|[0xffffff90]"%[0x1c][0xffffff9c]s~[0xffffffd0][0xffffffa7][0xffffffa3][0xffffffef][0xffffff86]D[0xffffff9a][0xffffffb1]J[0xffffffd0][0xffffffec][0xffffff82][0xe]([0xfffffff0][0xffffff83][0xffffff8d][0xffffffeb][0x7].!?[0x2]r[0xfffffff0][0xfffffff7][0xfffffff2][0xffffff83]}B^[0xffffff91][0xffffff83][0xffffff8e]g[0xffffff9a][0xffffffe7][0xffffff8c]W[0xffffffe8]pC[0xffffffdf][0x5][0xfffffffd][0xffffffcd]Y[0xfffffff3]KU[0xffffffe5]_U[0xffffffcd]AWVVi[0xffffff91][0xffffffcb][0x12][0x9][0x8][0xfffffff6]qL[0xffffffe2]-[0xffffffde]E[0xfffffff2]N[0xffffffc9][0xffffffae]i[0x7f]+[0xc][0xffffff89][0xffffffbf][0xffffff95][0xffffffc5][0xffffffa4]x[0xffffffcf]yA[0xffffff93][0xffffffea][0xffffffde][0xffffffae],2[0xffffffd9][0xfffffff8][0xffffffe7][\r]]8[0x15][0x7f][0xffffff8a]2[0xffffff93][0xffffff87]y[0xffffff9a][0xffffffbf][0xfffffffd][0xffffff8d]7[0xfffffff2][0xfffffff0][[0xffffffd9][0xffffff8c]:[0xb]q[0xffffffa9][0xe][0xffffff9e][0xffffffc7][0xffffff92][0x13]K8[0xffffffce][0x18]>][0x5][0xffffffc1][0xffffffc7]"S%[0xffffffef][0xffffffde]G}[0xffffffb9][0xffffffb2][0xffffff8d]+[0xffffffe4]3[0xffffffa6][0xfffffff9][0xffffffc9][0x1b]e[0xfffffff2]T[0xffffffe7][0xffffffee][0xffffffa0][0xffffffba][0xffffffc4][0x1f][0xffffffe9][0x5][0xffffffd5][0xffffffce](CF[0xffffff8f].-[0xffffffb3][0xffffff87][0xffffffa4][0xffffffe8]{wG[0xfffffffb][0xffffff82])[0xffffffc9]c[0xffffffde][0xffffff86][0xffffffea]<Lax[0x1b][0xffffffef]i[0x1e][0x6][0xf]H[0xffffffd0][0xfffffff6][0xffffffed][0xffffff8e][0xffffffb5][0x17][0xffffff86][0xffffffe9][0xf]y[0xfffffffe][0xffffffb6][0xffffffef]`z[0xfffffff7][0xffffffec][0xffffffbf][0x1c][0x5]fR[0xffffffa6][0xffffff92]n(<[0xffffffef][0xffffffd3][0xffffffd7][0x2][0xffffffa9]J[0xffffffb3][\n]"
11:51:19.881 [main] DEBUG org.apache.hc.client5.http.wire -- http-outgoing-36 << "T[0x7]Y[0x0][0xffffff81]U)@[0xffffffb1][0xfffffffd][0xffffffcc]0[0xffffff83][0xffffffd7]=3[0xffffff9a]pVUnuf[0xffffff9c]CQ<[0xffffff89][0xffffffb1][0x16][0xffffff9c][0xffffffa7][0xffffffb1]V[0xffffffc1][0xffffffb5].[0x14] [0xffffffe0][0xffffffd3]8[0xffffffa0][0xffffffa4]k[0xffffffc2][0xfffffff4][0xffffffc8][0xffffffd7][0xffffffb5][0xffffff83][0xffffff9e][0xffffff98][0xffffffa0]cCi+c?[0x9][0xffffff9a][0xffffffe6]ALp[0xffffffb0][0xffffff9f][0xfffffffa]I[0xffffffe4]G;[0x1f][0xffffffc2]O[0x6][0xffffff99][0x0][0xfffffffd]d[0xffffff98][0x2][0xffffffd2]O[0xffffffa6]9[0xffffffec][0xfffffffb][0xffffffc9]0[0xffffff81]}?[0xffffff99]L[0xffffff87][0xfffffff7][0x13]3[0xffffff9e][0xfffffff6][0xfffffffd]d[0x9]R[0xfffffffb]~bF[0xffffffd5][0xffffffae][0xffffff9f][0xffffff98][0xffffff80][0xffffffb5][0xffffffe9]'&l[0xffffffd7][0xffffffe2]'[0xb]K[0x16][0xffffffce]O[0x16]w.[0xffffff9c][0xffffff9f],[0xffffffac]`[0x18]?1nd[0x8]?1.[0xffffffe8]/[0xfffffffc][0xffffffe4][0xffffff85]][0xffffffc7]z[0xffffffd2][0x14][0xffffffc6]v[0x12][0xffffffb6][0xffffffad]w1[0xfffffff6]gr[0xffffffb2]%[0xffffff9b][0x10]BN>#[0x1][0xffffffba][0xffffffc9] [0x4][0xffffffa4][0xffffff9a]Lb[0xffffffd8]7[0xffffff93]A[0x0][0xfffffffb]b2[0x1e][0xe][0xffffffef]%F2[0xffffffed]k[0xffffffc9][0x2][0xffffff9f][0xfffffff6][0xffffffad][0xffffffc4]H[0xffffffa9]])1[0xffffffb0]j[0xffffffd3]I[0xc][0xffffffc4][0xffffffae]EI[0xffffffcc][0xffffffab][0x15][0xffffffce]H[0xffffff96]6-[0xffffff9c][0xffffff90][0xffffff98][0x17]/[0xffffff8c][0xffffff8f][0xffffff98][0xfffffff6]0[0xffffff84][0xffffff8e][0xffffff98][0xffffffd6][0xfffffff2][0x17]6[0xfffffff2]LsZ[0xfffffffe][0x1b][0xb][0xffffff89][0xffffffaa][0xffffffe9][0xffffff9c]d[0x1f]i[0xffffff9c]d[0xffffffb7][0xffffff8f][0x8][0xffffff9c][0xffffff93]4[0xffffff91][0xffffffc0][0xffffff9d][0xffffffa4][\r][0x1][0xffffffef]$}[0xc]('i[0x3]@9I7|-N[0xffffffa2]![0x13][0xffffffca]I[0xffffffb4]|B9[0xffffff89][0xffffff86]R[0x8]'[0xffffff99][0xffffffb1]j[0xffffffdf]If[0xffffffc4][0xffffffae][0xffffffcb]It[0xffffffab][0x15][0xffffffda]I[0xfffffff4][0xffffff9b][0x16][0xffffffda]It[0xffffff8b][0x17][0xffffffd2]I[0xffffffe6]{[0x18][0xffffffce]I[0xffffffe6]ky[0xffffffd1]I[0xffffffea][0xfffffffa][0xffffffdb][0x7f][0xffffffd5][0xffffffa2][0xffffff9a]W[0xffffff9c]"[0x0][0x0]"
11:51:19.883 [main] DEBUG org.apache.hc.client5.http.impl.classic.InternalHttpClient -- ep-0000000061 releasing valid endpoint
11:51:19.883 [main] DEBUG org.apache.hc.client5.http.impl.io.PoolingHttpClientConnectionManager -- ep-0000000061 releasing endpoint
11:51:19.884 [main] DEBUG org.apache.hc.client5.http.impl.io.PoolingHttpClientConnectionManager -- ep-0000000061 connection http-outgoing-36 can be kept alive for 3 MINUTES
11:51:19.884 [main] DEBUG org.apache.hc.client5.http.impl.io.PoolingHttpClientConnectionManager -- ep-0000000061 connection released [route: {s}->https://googlechromelabs.github.io:443][total available: 1; route allocated: 1 of 5; total allocated: 1 of 25]
11:51:19.884 [main] DEBUG io.github.bonigarcia.wdm.WebDriverManager -- Driver to be downloaded chromedriver 121.0.6167.139
11:51:19.885 [main] DEBUG io.github.bonigarcia.wdm.WebDriverManager -- Using URL built from repository pattern: https://edgedl.me.gvt1.com/edgedl/chrome/chrome-for-testing/121.0.6167.139/mac-arm64/chromedriver-mac-arm64.zip
11:51:19.886 [main] INFO io.github.bonigarcia.wdm.online.Downloader -- Downloading https://edgedl.me.gvt1.com/edgedl/chrome/chrome-for-testing/121.0.6167.139/mac-arm64/chromedriver-mac-arm64.zip
11:51:19.887 [main] DEBUG org.apache.hc.client5.http.impl.classic.InternalHttpClient -- ex-0000000062 preparing request execution
11:51:19.887 [main] DEBUG org.apache.hc.client5.http.impl.classic.ProtocolExec -- ex-0000000062 target auth state: UNCHALLENGED
11:51:19.887 [main] DEBUG org.apache.hc.client5.http.impl.classic.ProtocolExec -- ex-0000000062 proxy auth state: UNCHALLENGED
11:51:19.887 [main] DEBUG org.apache.hc.client5.http.impl.classic.ConnectExec -- ex-0000000062 acquiring connection with route {s}->https://edgedl.me.gvt1.com:443
11:51:19.887 [main] DEBUG org.apache.hc.client5.http.impl.classic.InternalHttpClient -- ex-0000000062 acquiring endpoint (3 MINUTES)
11:51:19.887 [main] DEBUG org.apache.hc.client5.http.impl.io.PoolingHttpClientConnectionManager -- ex-0000000062 endpoint lease request (3 MINUTES) [route: {s}->https://edgedl.me.gvt1.com:443][total available: 1; route allocated: 0 of 5; total allocated: 1 of 25]
11:51:19.887 [main] DEBUG org.apache.hc.client5.http.impl.io.PoolingHttpClientConnectionManager -- ex-0000000062 endpoint leased [route: {s}->https://edgedl.me.gvt1.com:443][total available: 1; route allocated: 1 of 5; total allocated: 2 of 25]
11:51:19.887 [main] DEBUG org.apache.hc.client5.http.impl.io.PoolingHttpClientConnectionManager -- ex-0000000062 acquired ep-0000000062
11:51:19.887 [main] DEBUG org.apache.hc.client5.http.impl.classic.InternalHttpClient -- ex-0000000062 acquired endpoint ep-0000000062
11:51:19.887 [main] DEBUG org.apache.hc.client5.http.impl.classic.ConnectExec -- ex-0000000062 opening connection {s}->https://edgedl.me.gvt1.com:443
11:51:19.887 [main] DEBUG org.apache.hc.client5.http.impl.classic.InternalHttpClient -- ep-0000000062 connecting endpoint (null)
11:51:19.887 [main] DEBUG org.apache.hc.client5.http.impl.io.PoolingHttpClientConnectionManager -- ep-0000000062 connecting endpoint to https://edgedl.me.gvt1.com:443 (30 SECONDS)
11:51:19.888 [main] DEBUG org.apache.hc.client5.http.impl.io.DefaultHttpClientConnectionOperator -- edgedl.me.gvt1.com resolving remote address
11:51:19.889 [main] DEBUG org.apache.hc.client5.http.impl.io.DefaultHttpClientConnectionOperator -- edgedl.me.gvt1.com resolved to [edgedl.me.gvt1.com/34.104.35.123, edgedl.me.gvt1.com/2600:1900:4110:86f:0:0:0:0]
11:51:19.889 [main] DEBUG org.apache.hc.client5.http.impl.io.DefaultHttpClientConnectionOperator -- edgedl.me.gvt1.com:443 connecting null->edgedl.me.gvt1.com/34.104.35.123:443 (30 SECONDS)
11:51:19.890 [main] DEBUG org.apache.hc.client5.http.ssl.SSLConnectionSocketFactory -- Connecting socket to edgedl.me.gvt1.com/34.104.35.123:443 with timeout 30 SECONDS
11:51:19.910 [main] DEBUG org.apache.hc.client5.http.ssl.SSLConnectionSocketFactory -- Enabled protocols: [TLSv1.3, TLSv1.2]
11:51:19.910 [main] DEBUG org.apache.hc.client5.http.ssl.SSLConnectionSocketFactory -- Enabled cipher suites: [TLS_AES_256_GCM_SHA384, TLS_AES_128_GCM_SHA256, TLS_CHACHA20_POLY1305_SHA256, TLS_ECDHE_ECDSA_WITH_AES_256_GCM_SHA384, TLS_ECDHE_ECDSA_WITH_AES_128_GCM_SHA256, TLS_ECDHE_ECDSA_WITH_CHACHA20_POLY1305_SHA256, TLS_ECDHE_RSA_WITH_AES_256_GCM_SHA384, TLS_ECDHE_RSA_WITH_CHACHA20_POLY1305_SHA256, TLS_ECDHE_RSA_WITH_AES_128_GCM_SHA256, TLS_DHE_RSA_WITH_AES_256_GCM_SHA384, TLS_DHE_RSA_WITH_CHACHA20_POLY1305_SHA256, TLS_DHE_DSS_WITH_AES_256_GCM_SHA384, TLS_DHE_RSA_WITH_AES_128_GCM_SHA256, TLS_DHE_DSS_WITH_AES_128_GCM_SHA256, TLS_ECDHE_ECDSA_WITH_AES_256_CBC_SHA384, TLS_ECDHE_RSA_WITH_AES_256_CBC_SHA384, TLS_ECDHE_ECDSA_WITH_AES_128_CBC_SHA256, TLS_ECDHE_RSA_WITH_AES_128_CBC_SHA256, TLS_DHE_RSA_WITH_AES_256_CBC_SHA256, TLS_DHE_DSS_WITH_AES_256_CBC_SHA256, TLS_DHE_RSA_WITH_AES_128_CBC_SHA256, TLS_DHE_DSS_WITH_AES_128_CBC_SHA256, TLS_ECDH_ECDSA_WITH_AES_256_GCM_SHA384, TLS_ECDH_RSA_WITH_AES_256_GCM_SHA384, TLS_ECDH_ECDSA_WITH_AES_128_GCM_SHA256, TLS_ECDH_RSA_WITH_AES_128_GCM_SHA256, TLS_ECDH_ECDSA_WITH_AES_256_CBC_SHA384, TLS_ECDH_RSA_WITH_AES_256_CBC_SHA384, TLS_ECDH_ECDSA_WITH_AES_128_CBC_SHA256, TLS_ECDH_RSA_WITH_AES_128_CBC_SHA256, TLS_ECDHE_ECDSA_WITH_AES_256_CBC_SHA, TLS_ECDHE_RSA_WITH_AES_256_CBC_SHA, TLS_ECDHE_ECDSA_WITH_AES_128_CBC_SHA, TLS_ECDHE_RSA_WITH_AES_128_CBC_SHA, TLS_DHE_RSA_WITH_AES_256_CBC_SHA, TLS_DHE_DSS_WITH_AES_256_CBC_SHA, TLS_DHE_RSA_WITH_AES_128_CBC_SHA, TLS_DHE_DSS_WITH_AES_128_CBC_SHA, TLS_ECDH_ECDSA_WITH_AES_256_CBC_SHA, TLS_ECDH_RSA_WITH_AES_256_CBC_SHA, TLS_ECDH_ECDSA_WITH_AES_128_CBC_SHA, TLS_ECDH_RSA_WITH_AES_128_CBC_SHA, TLS_RSA_WITH_AES_256_GCM_SHA384, TLS_RSA_WITH_AES_128_GCM_SHA256, TLS_RSA_WITH_AES_256_CBC_SHA256, TLS_RSA_WITH_AES_128_CBC_SHA256, TLS_RSA_WITH_AES_256_CBC_SHA, TLS_RSA_WITH_AES_128_CBC_SHA, TLS_EMPTY_RENEGOTIATION_INFO_SCSV]
11:51:19.910 [main] DEBUG org.apache.hc.client5.http.ssl.SSLConnectionSocketFactory -- Starting handshake (null)
11:51:19.944 [main] DEBUG org.apache.hc.client5.http.ssl.SSLConnectionSocketFactory -- Secure session established
11:51:19.944 [main] DEBUG org.apache.hc.client5.http.ssl.SSLConnectionSocketFactory --  negotiated protocol: TLSv1.3
11:51:19.944 [main] DEBUG org.apache.hc.client5.http.ssl.SSLConnectionSocketFactory --  negotiated cipher suite: TLS_AES_256_GCM_SHA384
11:51:19.944 [main] DEBUG org.apache.hc.client5.http.ssl.SSLConnectionSocketFactory --  peer principal: CN=edgedl.me.gvt1.com
11:51:19.944 [main] DEBUG org.apache.hc.client5.http.ssl.SSLConnectionSocketFactory --  peer alternative names: [edgedl.me.gvt1.com]
11:51:19.944 [main] DEBUG org.apache.hc.client5.http.ssl.SSLConnectionSocketFactory --  issuer principal: CN=GTS CA 1D4, O=Google Trust Services LLC, C=US
11:51:19.944 [main] DEBUG org.apache.hc.client5.http.impl.io.DefaultManagedHttpClientConnection -- http-outgoing-37 set socket timeout to 3 MINUTES
11:51:19.944 [main] DEBUG org.apache.hc.client5.http.impl.io.DefaultHttpClientConnectionOperator -- edgedl.me.gvt1.com:443 connected null->edgedl.me.gvt1.com/34.104.35.123:443 as http-outgoing-37
11:51:19.944 [main] DEBUG org.apache.hc.client5.http.impl.io.PoolingHttpClientConnectionManager -- ep-0000000062 connected http-outgoing-37
11:51:19.944 [main] DEBUG org.apache.hc.client5.http.impl.classic.InternalHttpClient -- ep-0000000062 endpoint connected
11:51:19.944 [main] DEBUG org.apache.hc.client5.http.impl.classic.MainClientExec -- ex-0000000062 executing GET /edgedl/chrome/chrome-for-testing/121.0.6167.139/mac-arm64/chromedriver-mac-arm64.zip HTTP/1.1
11:51:19.945 [main] DEBUG org.apache.hc.client5.http.protocol.RequestAddCookies -- ex-0000000062 Cookie spec selected: strict
11:51:19.945 [main] DEBUG org.apache.hc.client5.http.impl.classic.InternalHttpClient -- ep-0000000062 start execution ex-0000000062
11:51:19.945 [main] DEBUG org.apache.hc.client5.http.impl.io.PoolingHttpClientConnectionManager -- ep-0000000062 executing exchange ex-0000000062 over http-outgoing-37
11:51:19.945 [main] DEBUG org.apache.hc.client5.http.headers -- http-outgoing-37 >> GET /edgedl/chrome/chrome-for-testing/121.0.6167.139/mac-arm64/chromedriver-mac-arm64.zip HTTP/1.1
11:51:19.945 [main] DEBUG org.apache.hc.client5.http.headers -- http-outgoing-37 >> user-agent: Apache-HttpClient/5.0
11:51:19.945 [main] DEBUG org.apache.hc.client5.http.headers -- http-outgoing-37 >> accept-encoding: gzip, deflate, br
11:51:19.945 [main] DEBUG org.apache.hc.client5.http.headers -- http-outgoing-37 >> cache-control: max-age=0
11:51:19.945 [main] DEBUG org.apache.hc.client5.http.headers -- http-outgoing-37 >> connection: keep-alive
11:51:19.945 [main] DEBUG org.apache.hc.client5.http.headers -- http-outgoing-37 >> Host: edgedl.me.gvt1.com
11:51:19.945 [main] DEBUG org.apache.hc.client5.http.wire -- http-outgoing-37 >> "GET /edgedl/chrome/chrome-for-testing/121.0.6167.139/mac-arm64/chromedriver-mac-arm64.zip HTTP/1.1[\r][\n]"
11:51:19.945 [main] DEBUG org.apache.hc.client5.http.wire -- http-outgoing-37 >> "user-agent: Apache-HttpClient/5.0[\r][\n]"
11:51:19.945 [main] DEBUG org.apache.hc.client5.http.wire -- http-outgoing-37 >> "accept-encoding: gzip, deflate, br[\r][\n]"
11:51:19.945 [main] DEBUG org.apache.hc.client5.http.wire -- http-outgoing-37 >> "cache-control: max-age=0[\r][\n]"
11:51:19.945 [main] DEBUG org.apache.hc.client5.http.wire -- http-outgoing-37 >> "connection: keep-alive[\r][\n]"
11:51:19.945 [main] DEBUG org.apache.hc.client5.http.wire -- http-outgoing-37 >> "Host: edgedl.me.gvt1.com[\r][\n]"
11:51:19.945 [main] DEBUG org.apache.hc.client5.http.wire -- http-outgoing-37 >> "[\r][\n]"
11:51:19.999 [main] DEBUG org.apache.hc.client5.http.wire -- http-outgoing-37 << "HTTP/1.1 404 Not Found[\r][\n]"
11:51:19.999 [main] DEBUG org.apache.hc.client5.http.wire -- http-outgoing-37 << "content-length: 1449[\r][\n]"
11:51:19.999 [main] DEBUG org.apache.hc.client5.http.wire -- http-outgoing-37 << "content-type: text/html; charset=utf-8[\r][\n]"
11:51:19.999 [main] DEBUG org.apache.hc.client5.http.wire -- http-outgoing-37 << "server: Google-Edge-Cache[\r][\n]"
11:51:19.999 [main] DEBUG org.apache.hc.client5.http.wire -- http-outgoing-37 << "x-content-type-options: nosniff[\r][\n]"
11:51:19.999 [main] DEBUG org.apache.hc.client5.http.wire -- http-outgoing-37 << "x-frame-options: SAMEORIGIN[\r][\n]"
11:51:19.999 [main] DEBUG org.apache.hc.client5.http.wire -- http-outgoing-37 << "x-xss-protection: 0[\r][\n]"
11:51:19.999 [main] DEBUG org.apache.hc.client5.http.wire -- http-outgoing-37 << "date: Mon, 12 Feb 2024 04:51:20 GMT[\r][\n]"
11:51:19.999 [main] DEBUG org.apache.hc.client5.http.wire -- http-outgoing-37 << "x-request-id: e5c98d68-6f0b-4ab9-9f5d-81c0b0bc44b0[\r][\n]"
11:51:19.999 [main] DEBUG org.apache.hc.client5.http.wire -- http-outgoing-37 << "alt-svc: clear[\r][\n]"
11:51:19.999 [main] DEBUG org.apache.hc.client5.http.wire -- http-outgoing-37 << "coprocessor-response: download-server[\r][\n]"
11:51:19.999 [main] DEBUG org.apache.hc.client5.http.wire -- http-outgoing-37 << "[\r][\n]"
11:51:19.999 [main] DEBUG org.apache.hc.client5.http.wire -- http-outgoing-37 << "[\n]"
11:51:19.999 [main] DEBUG org.apache.hc.client5.http.wire -- http-outgoing-37 << "<!DOCTYPE html>[\n]"
11:51:19.999 [main] DEBUG org.apache.hc.client5.http.wire -- http-outgoing-37 << "<html lang=en>[\n]"
11:51:19.999 [main] DEBUG org.apache.hc.client5.http.wire -- http-outgoing-37 << "  <meta charset=utf-8>[\n]"
11:51:19.999 [main] DEBUG org.apache.hc.client5.http.wire -- http-outgoing-37 << "  <meta name=viewport content="initial-scale=1, minimum-scale=1, width=device-width">[\n]"
11:51:19.999 [main] DEBUG org.apache.hc.client5.http.wire -- http-outgoing-37 << "  <title>Error 404 (Not Found)!!1</title>[\n]"
11:51:19.999 [main] DEBUG org.apache.hc.client5.http.wire -- http-outgoing-37 << "  <style>[\n]"
11:51:19.999 [main] DEBUG org.apache.hc.client5.http.wire -- http-outgoing-37 << "    *{margin:0;padding:0}html,code{font:15px/22px arial,sans-serif}html{background:#fff;color:#222;padding:15px}body{margin:7% auto 0;max-width:390px;min-height:180px;padding:30px 0 15px}* > body{background:url(//www.google.com/images/errors/robot.png) 100% 5px no-repeat;padding-right:205px}p{margin:11px 0 22px;overflow:hidden}ins{color:#777;text-decoration:none}a img{border:0}@media screen and (max-width:772px){body{background:none;margin-top:0;max-width:none;padding-right:0}}#logo{background:url(//www.google.com/images/logos/errorpage/error_logo-150x54.png) no-repeat;margin-left:-5px}@media only screen and (min-resolution:192dpi){#logo{background:url(//www.google.com/images/logos/errorpage/error_logo-150x54-2x.png) no-repeat 0% 0%/100% 100%;-moz-border-image:url(//www.google.com/images/logos/errorpage/error_logo-150x54-2x.png) 0}}@media only screen and (-webkit-min-device-pixel-ratio:2){#logo{background:url(//www.google.com/images/logos/errorpage/error_logo-150x54-2x.png) no-repeat;-webkit-background-size:100% 100%}}#logo{display:inline-block;height:54px;width:150px}[\n]"
11:51:19.999 [main] DEBUG org.apache.hc.client5.http.wire -- http-outgoing-37 << "  </style>[\n]"
11:51:19.999 [main] DEBUG org.apache.hc.client5.http.wire -- http-outgoing-37 << "  <a href=//www.google.com/><span id=logo aria-label=Google></span></a>[\n]"
11:51:19.999 [main] DEBUG org.apache.hc.client5.http.wire -- http-outgoing-37 << "  <p><b>404.</b> <ins>That[0xffffffe2][0xffffff80][0xffffff99]s an error.</ins>[\n]"
11:51:19.999 [main] DEBUG org.apache.hc.client5.http.wire -- http-outgoing-37 << "  <p>  <ins>That[0xffffffe2][0xffffff80][0xffffff99]s all we know.</ins>[\n]"
11:51:19.999 [main] DEBUG org.apache.hc.client5.http.headers -- http-outgoing-37 << HTTP/1.1 404 Not Found
11:51:19.999 [main] DEBUG org.apache.hc.client5.http.headers -- http-outgoing-37 << content-length: 1449
11:51:19.999 [main] DEBUG org.apache.hc.client5.http.headers -- http-outgoing-37 << content-type: text/html; charset=utf-8
11:51:19.999 [main] DEBUG org.apache.hc.client5.http.headers -- http-outgoing-37 << server: Google-Edge-Cache
11:51:19.999 [main] DEBUG org.apache.hc.client5.http.headers -- http-outgoing-37 << x-content-type-options: nosniff
11:51:19.999 [main] DEBUG org.apache.hc.client5.http.headers -- http-outgoing-37 << x-frame-options: SAMEORIGIN
11:51:19.999 [main] DEBUG org.apache.hc.client5.http.headers -- http-outgoing-37 << x-xss-protection: 0
11:51:19.999 [main] DEBUG org.apache.hc.client5.http.headers -- http-outgoing-37 << date: Mon, 12 Feb 2024 04:51:20 GMT
11:51:20.000 [main] DEBUG org.apache.hc.client5.http.headers -- http-outgoing-37 << x-request-id: e5c98d68-6f0b-4ab9-9f5d-81c0b0bc44b0
11:51:20.000 [main] DEBUG org.apache.hc.client5.http.headers -- http-outgoing-37 << alt-svc: clear
11:51:20.000 [main] DEBUG org.apache.hc.client5.http.headers -- http-outgoing-37 << coprocessor-response: download-server
11:51:20.000 [main] DEBUG org.apache.hc.client5.http.impl.classic.MainClientExec -- ex-0000000062 connection can be kept alive for 3 MINUTES
11:51:20.000 [main] ERROR io.github.bonigarcia.wdm.online.HttpClient -- Error HTTP 404 executing https://edgedl.me.gvt1.com/edgedl/chrome/chrome-for-testing/121.0.6167.139/mac-arm64/chromedriver-mac-arm64.zip
11:51:20.001 [main] INFO io.github.bonigarcia.wdm.cache.ResolutionCache -- Clearing WebDriverManager resolution cache
11:51:20.002 [main] WARN io.github.bonigarcia.wdm.WebDriverManager -- There was an error managing chromedriver 121.0.6167.139 (Error HTTP 404 executing https://edgedl.me.gvt1.com/edgedl/chrome/chrome-for-testing/121.0.6167.139/mac-arm64/chromedriver-mac-arm64.zip) ... trying again avoiding reading release from repository
11:51:20.004 [main] DEBUG org.apache.hc.client5.http.impl.classic.InternalHttpClient -- ex-0000000063 preparing request execution
11:51:20.004 [main] DEBUG org.apache.hc.client5.http.impl.classic.ProtocolExec -- ex-0000000063 target auth state: UNCHALLENGED
11:51:20.004 [main] DEBUG org.apache.hc.client5.http.impl.classic.ProtocolExec -- ex-0000000063 proxy auth state: UNCHALLENGED
11:51:20.004 [main] DEBUG org.apache.hc.client5.http.impl.classic.ConnectExec -- ex-0000000063 acquiring connection with route {s}->https://raw.githubusercontent.com:443
11:51:20.004 [main] DEBUG org.apache.hc.client5.http.impl.classic.InternalHttpClient -- ex-0000000063 acquiring endpoint (3 MINUTES)
11:51:20.004 [main] DEBUG org.apache.hc.client5.http.impl.io.PoolingHttpClientConnectionManager -- ex-0000000063 endpoint lease request (3 MINUTES) [route: {s}->https://raw.githubusercontent.com:443][total available: 1; route allocated: 0 of 5; total allocated: 2 of 25]
11:51:20.004 [main] DEBUG org.apache.hc.client5.http.impl.io.PoolingHttpClientConnectionManager -- ex-0000000063 endpoint leased [route: {s}->https://raw.githubusercontent.com:443][total available: 1; route allocated: 1 of 5; total allocated: 3 of 25]
11:51:20.004 [main] DEBUG org.apache.hc.client5.http.impl.io.PoolingHttpClientConnectionManager -- ex-0000000063 acquired ep-0000000063
11:51:20.004 [main] DEBUG org.apache.hc.client5.http.impl.classic.InternalHttpClient -- ex-0000000063 acquired endpoint ep-0000000063
11:51:20.004 [main] DEBUG org.apache.hc.client5.http.impl.classic.ConnectExec -- ex-0000000063 opening connection {s}->https://raw.githubusercontent.com:443
11:51:20.004 [main] DEBUG org.apache.hc.client5.http.impl.classic.InternalHttpClient -- ep-0000000063 connecting endpoint (null)
11:51:20.004 [main] DEBUG org.apache.hc.client5.http.impl.io.PoolingHttpClientConnectionManager -- ep-0000000063 connecting endpoint to https://raw.githubusercontent.com:443 (30 SECONDS)
11:51:20.004 [main] DEBUG org.apache.hc.client5.http.impl.io.DefaultHttpClientConnectionOperator -- raw.githubusercontent.com resolving remote address
11:51:20.005 [main] DEBUG org.apache.hc.client5.http.impl.io.DefaultHttpClientConnectionOperator -- raw.githubusercontent.com resolved to [raw.githubusercontent.com/185.199.108.133, raw.githubusercontent.com/185.199.111.133, raw.githubusercontent.com/185.199.110.133, raw.githubusercontent.com/185.199.109.133, raw.githubusercontent.com/2606:50c0:8003:0:0:0:0:154, raw.githubusercontent.com/2606:50c0:8002:0:0:0:0:154, raw.githubusercontent.com/2606:50c0:8000:0:0:0:0:154, raw.githubusercontent.com/2606:50c0:8001:0:0:0:0:154]
11:51:20.005 [main] DEBUG org.apache.hc.client5.http.impl.io.DefaultHttpClientConnectionOperator -- raw.githubusercontent.com:443 connecting null->raw.githubusercontent.com/185.199.108.133:443 (30 SECONDS)
11:51:20.005 [main] DEBUG org.apache.hc.client5.http.ssl.SSLConnectionSocketFactory -- Connecting socket to raw.githubusercontent.com/185.199.108.133:443 with timeout 30 SECONDS
11:51:20.026 [main] DEBUG org.apache.hc.client5.http.ssl.SSLConnectionSocketFactory -- Enabled protocols: [TLSv1.3, TLSv1.2]
11:51:20.026 [main] DEBUG org.apache.hc.client5.http.ssl.SSLConnectionSocketFactory -- Enabled cipher suites: [TLS_AES_256_GCM_SHA384, TLS_AES_128_GCM_SHA256, TLS_CHACHA20_POLY1305_SHA256, TLS_ECDHE_ECDSA_WITH_AES_256_GCM_SHA384, TLS_ECDHE_ECDSA_WITH_AES_128_GCM_SHA256, TLS_ECDHE_ECDSA_WITH_CHACHA20_POLY1305_SHA256, TLS_ECDHE_RSA_WITH_AES_256_GCM_SHA384, TLS_ECDHE_RSA_WITH_CHACHA20_POLY1305_SHA256, TLS_ECDHE_RSA_WITH_AES_128_GCM_SHA256, TLS_DHE_RSA_WITH_AES_256_GCM_SHA384, TLS_DHE_RSA_WITH_CHACHA20_POLY1305_SHA256, TLS_DHE_DSS_WITH_AES_256_GCM_SHA384, TLS_DHE_RSA_WITH_AES_128_GCM_SHA256, TLS_DHE_DSS_WITH_AES_128_GCM_SHA256, TLS_ECDHE_ECDSA_WITH_AES_256_CBC_SHA384, TLS_ECDHE_RSA_WITH_AES_256_CBC_SHA384, TLS_ECDHE_ECDSA_WITH_AES_128_CBC_SHA256, TLS_ECDHE_RSA_WITH_AES_128_CBC_SHA256, TLS_DHE_RSA_WITH_AES_256_CBC_SHA256, TLS_DHE_DSS_WITH_AES_256_CBC_SHA256, TLS_DHE_RSA_WITH_AES_128_CBC_SHA256, TLS_DHE_DSS_WITH_AES_128_CBC_SHA256, TLS_ECDH_ECDSA_WITH_AES_256_GCM_SHA384, TLS_ECDH_RSA_WITH_AES_256_GCM_SHA384, TLS_ECDH_ECDSA_WITH_AES_128_GCM_SHA256, TLS_ECDH_RSA_WITH_AES_128_GCM_SHA256, TLS_ECDH_ECDSA_WITH_AES_256_CBC_SHA384, TLS_ECDH_RSA_WITH_AES_256_CBC_SHA384, TLS_ECDH_ECDSA_WITH_AES_128_CBC_SHA256, TLS_ECDH_RSA_WITH_AES_128_CBC_SHA256, TLS_ECDHE_ECDSA_WITH_AES_256_CBC_SHA, TLS_ECDHE_RSA_WITH_AES_256_CBC_SHA, TLS_ECDHE_ECDSA_WITH_AES_128_CBC_SHA, TLS_ECDHE_RSA_WITH_AES_128_CBC_SHA, TLS_DHE_RSA_WITH_AES_256_CBC_SHA, TLS_DHE_DSS_WITH_AES_256_CBC_SHA, TLS_DHE_RSA_WITH_AES_128_CBC_SHA, TLS_DHE_DSS_WITH_AES_128_CBC_SHA, TLS_ECDH_ECDSA_WITH_AES_256_CBC_SHA, TLS_ECDH_RSA_WITH_AES_256_CBC_SHA, TLS_ECDH_ECDSA_WITH_AES_128_CBC_SHA, TLS_ECDH_RSA_WITH_AES_128_CBC_SHA, TLS_RSA_WITH_AES_256_GCM_SHA384, TLS_RSA_WITH_AES_128_GCM_SHA256, TLS_RSA_WITH_AES_256_CBC_SHA256, TLS_RSA_WITH_AES_128_CBC_SHA256, TLS_RSA_WITH_AES_256_CBC_SHA, TLS_RSA_WITH_AES_128_CBC_SHA, TLS_EMPTY_RENEGOTIATION_INFO_SCSV]
11:51:20.026 [main] DEBUG org.apache.hc.client5.http.ssl.SSLConnectionSocketFactory -- Starting handshake (null)
11:51:20.051 [main] DEBUG org.apache.hc.client5.http.ssl.SSLConnectionSocketFactory -- Secure session established
11:51:20.052 [main] DEBUG org.apache.hc.client5.http.ssl.SSLConnectionSocketFactory --  negotiated protocol: TLSv1.3
11:51:20.052 [main] DEBUG org.apache.hc.client5.http.ssl.SSLConnectionSocketFactory --  negotiated cipher suite: TLS_AES_128_GCM_SHA256
11:51:20.052 [main] DEBUG org.apache.hc.client5.http.ssl.SSLConnectionSocketFactory --  peer principal: CN=*.github.io, O="GitHub, Inc.", L=San Francisco, ST=California, C=US
11:51:20.052 [main] DEBUG org.apache.hc.client5.http.ssl.SSLConnectionSocketFactory --  peer alternative names: [*.github.io, github.io, *.github.com, github.com, www.github.com, *.githubusercontent.com, githubusercontent.com]
11:51:20.052 [main] DEBUG org.apache.hc.client5.http.ssl.SSLConnectionSocketFactory --  issuer principal: CN=DigiCert TLS RSA SHA256 2020 CA1, O=DigiCert Inc, C=US
11:51:20.052 [main] DEBUG org.apache.hc.client5.http.impl.io.DefaultManagedHttpClientConnection -- http-outgoing-38 set socket timeout to 3 MINUTES
11:51:20.052 [main] DEBUG org.apache.hc.client5.http.impl.io.DefaultHttpClientConnectionOperator -- raw.githubusercontent.com:443 connected null->raw.githubusercontent.com/185.199.108.133:443 as http-outgoing-38
11:51:20.052 [main] DEBUG org.apache.hc.client5.http.impl.io.PoolingHttpClientConnectionManager -- ep-0000000063 connected http-outgoing-38
11:51:20.052 [main] DEBUG org.apache.hc.client5.http.impl.classic.InternalHttpClient -- ep-0000000063 endpoint connected
11:51:20.052 [main] DEBUG org.apache.hc.client5.http.impl.classic.MainClientExec -- ex-0000000063 executing GET /bonigarcia/webdrivermanager/master/src/main/resources/commands.properties HTTP/1.1
11:51:20.052 [main] DEBUG org.apache.hc.client5.http.protocol.RequestAddCookies -- ex-0000000063 Cookie spec selected: strict
11:51:20.052 [main] DEBUG org.apache.hc.client5.http.impl.classic.InternalHttpClient -- ep-0000000063 start execution ex-0000000063
11:51:20.052 [main] DEBUG org.apache.hc.client5.http.impl.io.PoolingHttpClientConnectionManager -- ep-0000000063 executing exchange ex-0000000063 over http-outgoing-38
11:51:20.052 [main] DEBUG org.apache.hc.client5.http.headers -- http-outgoing-38 >> GET /bonigarcia/webdrivermanager/master/src/main/resources/commands.properties HTTP/1.1
11:51:20.052 [main] DEBUG org.apache.hc.client5.http.headers -- http-outgoing-38 >> user-agent: Apache-HttpClient/5.0
11:51:20.052 [main] DEBUG org.apache.hc.client5.http.headers -- http-outgoing-38 >> accept-encoding: gzip, deflate, br
11:51:20.052 [main] DEBUG org.apache.hc.client5.http.headers -- http-outgoing-38 >> cache-control: max-age=0
11:51:20.052 [main] DEBUG org.apache.hc.client5.http.headers -- http-outgoing-38 >> connection: keep-alive
11:51:20.052 [main] DEBUG org.apache.hc.client5.http.headers -- http-outgoing-38 >> Host: raw.githubusercontent.com
11:51:20.052 [main] DEBUG org.apache.hc.client5.http.wire -- http-outgoing-38 >> "GET /bonigarcia/webdrivermanager/master/src/main/resources/commands.properties HTTP/1.1[\r][\n]"
11:51:20.052 [main] DEBUG org.apache.hc.client5.http.wire -- http-outgoing-38 >> "user-agent: Apache-HttpClient/5.0[\r][\n]"
11:51:20.052 [main] DEBUG org.apache.hc.client5.http.wire -- http-outgoing-38 >> "accept-encoding: gzip, deflate, br[\r][\n]"
11:51:20.052 [main] DEBUG org.apache.hc.client5.http.wire -- http-outgoing-38 >> "cache-control: max-age=0[\r][\n]"
11:51:20.052 [main] DEBUG org.apache.hc.client5.http.wire -- http-outgoing-38 >> "connection: keep-alive[\r][\n]"
11:51:20.052 [main] DEBUG org.apache.hc.client5.http.wire -- http-outgoing-38 >> "Host: raw.githubusercontent.com[\r][\n]"
11:51:20.052 [main] DEBUG org.apache.hc.client5.http.wire -- http-outgoing-38 >> "[\r][\n]"
11:51:20.074 [main] DEBUG org.apache.hc.client5.http.wire -- http-outgoing-38 << "HTTP/1.1 200 OK[\r][\n]"
11:51:20.074 [main] DEBUG org.apache.hc.client5.http.wire -- http-outgoing-38 << "Connection: keep-alive[\r][\n]"
11:51:20.074 [main] DEBUG org.apache.hc.client5.http.wire -- http-outgoing-38 << "Content-Length: 723[\r][\n]"
11:51:20.074 [main] DEBUG org.apache.hc.client5.http.wire -- http-outgoing-38 << "Cache-Control: max-age=300[\r][\n]"
11:51:20.074 [main] DEBUG org.apache.hc.client5.http.wire -- http-outgoing-38 << "Content-Security-Policy: default-src 'none'; style-src 'unsafe-inline'; sandbox[\r][\n]"
11:51:20.074 [main] DEBUG org.apache.hc.client5.http.wire -- http-outgoing-38 << "Content-Type: text/plain; charset=utf-8[\r][\n]"
11:51:20.074 [main] DEBUG org.apache.hc.client5.http.wire -- http-outgoing-38 << "ETag: W/"e82b438271e9e8680c688b0b680efd0bdd22faa6d6f0a32fc1fd8accc486b67e"[\r][\n]"
11:51:20.074 [main] DEBUG org.apache.hc.client5.http.wire -- http-outgoing-38 << "Strict-Transport-Security: max-age=31536000[\r][\n]"
11:51:20.074 [main] DEBUG org.apache.hc.client5.http.wire -- http-outgoing-38 << "X-Content-Type-Options: nosniff[\r][\n]"
11:51:20.074 [main] DEBUG org.apache.hc.client5.http.wire -- http-outgoing-38 << "X-Frame-Options: deny[\r][\n]"
11:51:20.074 [main] DEBUG org.apache.hc.client5.http.wire -- http-outgoing-38 << "X-XSS-Protection: 1; mode=block[\r][\n]"
11:51:20.074 [main] DEBUG org.apache.hc.client5.http.wire -- http-outgoing-38 << "X-GitHub-Request-Id: D6C0:23986A:25619:36F2A:65B05D65[\r][\n]"
11:51:20.074 [main] DEBUG org.apache.hc.client5.http.wire -- http-outgoing-38 << "Content-Encoding: gzip[\r][\n]"
11:51:20.074 [main] DEBUG org.apache.hc.client5.http.wire -- http-outgoing-38 << "Accept-Ranges: bytes[\r][\n]"
11:51:20.074 [main] DEBUG org.apache.hc.client5.http.wire -- http-outgoing-38 << "Date: Mon, 12 Feb 2024 04:51:20 GMT[\r][\n]"
11:51:20.074 [main] DEBUG org.apache.hc.client5.http.wire -- http-outgoing-38 << "Via: 1.1 varnish[\r][\n]"
11:51:20.074 [main] DEBUG org.apache.hc.client5.http.wire -- http-outgoing-38 << "X-Served-By: cache-qpg1252-QPG[\r][\n]"
11:51:20.074 [main] DEBUG org.apache.hc.client5.http.wire -- http-outgoing-38 << "X-Cache: HIT[\r][\n]"
11:51:20.074 [main] DEBUG org.apache.hc.client5.http.wire -- http-outgoing-38 << "X-Cache-Hits: 1[\r][\n]"
11:51:20.074 [main] DEBUG org.apache.hc.client5.http.wire -- http-outgoing-38 << "X-Timer: S1707713480.133297,VS0,VE1[\r][\n]"
11:51:20.074 [main] DEBUG org.apache.hc.client5.http.wire -- http-outgoing-38 << "Vary: Authorization,Accept-Encoding,Origin[\r][\n]"
11:51:20.074 [main] DEBUG org.apache.hc.client5.http.wire -- http-outgoing-38 << "Access-Control-Allow-Origin: *[\r][\n]"
11:51:20.074 [main] DEBUG org.apache.hc.client5.http.wire -- http-outgoing-38 << "Cross-Origin-Resource-Policy: cross-origin[\r][\n]"
11:51:20.074 [main] DEBUG org.apache.hc.client5.http.wire -- http-outgoing-38 << "X-Fastly-Request-ID: 6c8d22985e388b4f03ef440e803df060f4c7084c[\r][\n]"
11:51:20.074 [main] DEBUG org.apache.hc.client5.http.wire -- http-outgoing-38 << "Expires: Mon, 12 Feb 2024 04:56:20 GMT[\r][\n]"
11:51:20.074 [main] DEBUG org.apache.hc.client5.http.wire -- http-outgoing-38 << "Source-Age: 214[\r][\n]"
11:51:20.074 [main] DEBUG org.apache.hc.client5.http.wire -- http-outgoing-38 << "[\r][\n]"
11:51:20.074 [main] DEBUG org.apache.hc.client5.http.headers -- http-outgoing-38 << HTTP/1.1 200 OK
11:51:20.074 [main] DEBUG org.apache.hc.client5.http.headers -- http-outgoing-38 << Connection: keep-alive
11:51:20.074 [main] DEBUG org.apache.hc.client5.http.headers -- http-outgoing-38 << Content-Length: 723
11:51:20.074 [main] DEBUG org.apache.hc.client5.http.headers -- http-outgoing-38 << Cache-Control: max-age=300
11:51:20.074 [main] DEBUG org.apache.hc.client5.http.headers -- http-outgoing-38 << Content-Security-Policy: default-src 'none'; style-src 'unsafe-inline'; sandbox
11:51:20.074 [main] DEBUG org.apache.hc.client5.http.headers -- http-outgoing-38 << Content-Type: text/plain; charset=utf-8
11:51:20.074 [main] DEBUG org.apache.hc.client5.http.headers -- http-outgoing-38 << ETag: W/"e82b438271e9e8680c688b0b680efd0bdd22faa6d6f0a32fc1fd8accc486b67e"
11:51:20.074 [main] DEBUG org.apache.hc.client5.http.headers -- http-outgoing-38 << Strict-Transport-Security: max-age=31536000
11:51:20.074 [main] DEBUG org.apache.hc.client5.http.headers -- http-outgoing-38 << X-Content-Type-Options: nosniff
11:51:20.074 [main] DEBUG org.apache.hc.client5.http.headers -- http-outgoing-38 << X-Frame-Options: deny
11:51:20.074 [main] DEBUG org.apache.hc.client5.http.headers -- http-outgoing-38 << X-XSS-Protection: 1; mode=block
11:51:20.074 [main] DEBUG org.apache.hc.client5.http.headers -- http-outgoing-38 << X-GitHub-Request-Id: D6C0:23986A:25619:36F2A:65B05D65
11:51:20.074 [main] DEBUG org.apache.hc.client5.http.headers -- http-outgoing-38 << Content-Encoding: gzip
11:51:20.074 [main] DEBUG org.apache.hc.client5.http.headers -- http-outgoing-38 << Accept-Ranges: bytes
11:51:20.074 [main] DEBUG org.apache.hc.client5.http.headers -- http-outgoing-38 << Date: Mon, 12 Feb 2024 04:51:20 GMT
11:51:20.074 [main] DEBUG org.apache.hc.client5.http.headers -- http-outgoing-38 << Via: 1.1 varnish
11:51:20.074 [main] DEBUG org.apache.hc.client5.http.headers -- http-outgoing-38 << X-Served-By: cache-qpg1252-QPG
11:51:20.074 [main] DEBUG org.apache.hc.client5.http.headers -- http-outgoing-38 << X-Cache: HIT
11:51:20.074 [main] DEBUG org.apache.hc.client5.http.headers -- http-outgoing-38 << X-Cache-Hits: 1
11:51:20.074 [main] DEBUG org.apache.hc.client5.http.headers -- http-outgoing-38 << X-Timer: S1707713480.133297,VS0,VE1
11:51:20.074 [main] DEBUG org.apache.hc.client5.http.headers -- http-outgoing-38 << Vary: Authorization,Accept-Encoding,Origin
11:51:20.074 [main] DEBUG org.apache.hc.client5.http.headers -- http-outgoing-38 << Access-Control-Allow-Origin: *
11:51:20.074 [main] DEBUG org.apache.hc.client5.http.headers -- http-outgoing-38 << Cross-Origin-Resource-Policy: cross-origin
11:51:20.074 [main] DEBUG org.apache.hc.client5.http.headers -- http-outgoing-38 << X-Fastly-Request-ID: 6c8d22985e388b4f03ef440e803df060f4c7084c
11:51:20.074 [main] DEBUG org.apache.hc.client5.http.headers -- http-outgoing-38 << Expires: Mon, 12 Feb 2024 04:56:20 GMT
11:51:20.074 [main] DEBUG org.apache.hc.client5.http.headers -- http-outgoing-38 << Source-Age: 214
11:51:20.074 [main] DEBUG org.apache.hc.client5.http.impl.classic.MainClientExec -- ex-0000000063 connection can be kept alive for 3 MINUTES
11:51:20.074 [main] DEBUG org.apache.hc.client5.http.wire -- http-outgoing-38 << "[0x1f][0xffffff8b][0x8][0x0][0x0][0x0][0x0][0x0][0x0][0x3][0xffffffb5]V]o[0xffffffda]0[0x14]}[0xffffffe7]W\[0xffffff81]*[0xffffffb5][0x12][0x1f][[M[0xffffffd3]$[0x1e]hF[0xffffffbb]i [0x18][0xffffffb4][0xffffffdd]&[0xfffffff9][0xffffffc5]$7[0xffffffc1]R[0x12]#;[0xffffff94]v[0xffffffbf]~[0xffffffb6][0xfffffff3]1[0xffffff92][0xffffff9a][0xffffffc1][0x1a]x[0xffffffcb][0xffffffb5][0xffffffaf][0xffffffcf]9[0xffffffbe][0xfffffff7]8v[0xb][0x1c][0x1e]E4[0xfffffff6]$x4[0xffffffa1][0xb]*[0xffffffb1][0xffffffd1][0xffffff82][0xfffffffb]%[0xffffff93][0xffffffe0][0xffffffb3][0x10][0xffffffc1][0xffffffe5]qBY,!Y[0xffffffea] KM8,[0x10][0xfffffff0][0x19][0xffffffdd]u[0xffffff82][0x1e][0xffffffb0][0xffffffd8]L[0xffffffcb]%[0xffffff86][0xffffffa1][0xe][0xffffffb8][0xfffffff0]P[0xffffffe8]$[0xf][0x13]t[0x13]3[0xfffffff9][0xffffff84]B2[0xffffffae][0xffffffe6]|@[0xfffffff5][0x1d][0x8][0xffffffc4][0x18][0x16][0xffffff82]o[0xffffffa4][0xffffff9a]P[0xffffff94][0xffffffe7][0xffffffce]R[0xfffffff0][0x8][0xffffffdb]p[0xffffffcb][0x4][0xfffffffa][0xfffffffc][0xffffffb9][\r][0xffffff93][0x15][\n]"
11:51:20.074 [main] DEBUG org.apache.hc.client5.http.wire -- http-outgoing-38 << "[0xffffffda][0xffffff86][0xffffffa1][0x17][0xffffffa8]Q3[0xffffffcb][0xffffffd6][0xffffffd1][0xffffff85][0xffffffc6][0xfffffff7][0xffffff98][0xffffffef][0xffffffa3][0xffffffc0]8[0x1][0xffffffae]s[0x12][0x16][0x7] _d[0xffffff82][0xffffff91][0xffffff84][0xfffffff3][0x1f],[0xfffffff6][0x14]j[0x1b]F,^+[0xffffff98]1ua2[0xffffffbf]h([0xffffff8e][0xffffff94][0xffffffa2][0xffffff91]m[0xffffffa3][0xffffffeb][0xffffff9a][0xffffffb0][0xffffffbb]I[0x17]t[0xffffffdf][0xffffffbd][0xffffffef][0xffffffbb][0xffffff91][0xffffffd7]U[0xffffffbb][0xffffff82][0xffffff9e][0x3][0xffffff9b][0xffffff88][0xffffffb9][0xffffffa6]$[0xffffffa6][0xc][0xffffff9b][0xffffffa5][0xffffffe2][0xffffff83][0xffffff98]F[0xffffffd8]o[0xffffff9e]Mg[0xffffff93][0xffffffbb][0xffffffd9]`|[0xfffffffb]u4[0xffffff9c][0x7f]"}B[0xffffffce][0x8][0xffffffb9][0xffffffe3]<[0x8][0xffffff91][0xffffff90][0xffffff94][0xffffff82][0xffffff90][0xffffffc1]j[0x15]2WI[0xffffffe3]1![0x19][0xffffff91]BnB[0xffffff80][0x9]<f[0xffffffb5][0xffffffe8]=[0xffffffd1]p[0xffffffbd][[0xffffffcf][0xffffffe5][0x1b][0xfffffff4][0xffffff9c][0xffffffff][0xfffffffc][0xfffffff8][0xffffffe1][0xffffffe2][0xffffff94][0xffffffa2][0xffffffae][0xe][0x14]5[0xffffff9a]8[0xffffff83][0xffffffd1]`:[0xfffffffd]<[0xffffffb8][0x1f][0xffffff9c]R[0xffffffcf]u[0x7f]6[0xffffffbc][0xffffff83][0xffffffef][0xf][0xffffffc3][0xffffffd9]/[0xfffffff8][0xfffffff2][0xffffffcd]y s[0xffffffee]'[0x1b]*0g[0xffffffcb][0xffffffc8]nF7H][0xffffff83][0xffffff97]{[0xffffffb1]Q[0x5][\r][0xffffffb5]c[0xffffffb4][0xf][0x2][0xffffffb3][0xffffffb4][0xffffff93][0xe]C[0xffffffa7][0xffffffb3]kAD][0xffffff9d][0xffffffde][0xffffffdb][0xffffffda][0xffffff88][0xffffffec][0xffffffa5][0xffffffbc][0xffffff99][0xffffffd9][0xffffffba]t[0xffffffb5][0xffffffea]9[0xffffffea][0x10])[0xffffffb7][0xffffffca][0xffffff9e][0xfffffff2][0xffffffe2]d^N[0xffffffd8]FW[0x16][0xffffffcd][0xffffffdc]_[0x10][0xfffffff9]i|[0x1c][0xffffff93][0xffffff8e][0xfffffff9]o[0x16][0xffffff86]4'!$G[0xffffffdf]W[0xfffffff4]W*j[[0xfffffff3]xR[0xffffffae][0xffffffb6][0xc][0xffffffd0],; #[0xffffffa9][0xffffff92]5[0xffffffb5][0x7][0xffffff9c][0xffffffb5][0xffffffd0][0x7f][0xffffff90][0xffffffc7]jgs[0xfffffffc][0xffffffc2][0xb][0xffffffd9][0x0]t[0xffffff9e]^'Y[0xfffffffb][0xffffff9f][0xffffffb1][0xffffffd8]:[0xffffffbf][0xffffff8d][0xffffffa5][0xffffff9a][0xffffffad][0x7f]m[0x5]&[0xffffffaa][0xffffffa0]^[0xffffff9b][0xffffffcb][0x5]f[0xffffffae][0xffffffe0]RU[0xffffff82][0x10]MS9l[0xffffff91]4t[0xfffffffb][0xffffff8a]][0xffffffd6][0xfffffff4][0xffffff96][0xffffffa6][0xffffff9f]P[0xffffffce][0xffffffd5][0xffffffce][0xffffff93][0xffffffff][0xffffff97][0xffffffcc]p[0xfffffffd][0xfffffff3][0xffffffe8][0x1b][0xffffffcc][0xffffffa2][0xffffffd9]Q[0xffffffbe][0xffffffb2][0xffffffa3][0xffffffc7]m'[0xffffffdf][0xffffffe4][[0xfffffffb]^[0xffffffb0][0xffffff9a][0xffffffbe][0xffffffda][0xffffffda]_[0xffffffce][0xffffff80][0xffffffd2][0xffffffc1]7[0xffffffb7]][0xffffffc1]b[0xffffffee][0xffffffb5][0xffffffff]w[0xffffff83][0xffffffed][0xffffffa7];[0x15]<[0x10]4[0xffffff92][0xffffff84][0x18][\n]"
11:51:20.074 [main] DEBUG org.apache.hc.client5.http.wire -- http-outgoing-38 << "BB[0xffffffba][0xffffff8e]][0xffffffb5]jo[0xffffffb9]+"[0xffffffea][0xffffffb4][0xffffffff]h"[0xffffffea]\?5[0xffffffa9][0xffffffaf]k[0xffffffec][0xffffffff]P[0xffffffea][\n]"
11:51:20.075 [main] DEBUG org.apache.hc.client5.http.wire -- http-outgoing-38 << "w[0xffffffe1]K[0x13][0xffffffda][0xffffffec][0xffffff98][0xffffffe6]Y[0xfffffffd]h8m6[0xffffff9c]T[0xffffffc1][0xfffffff2][0xffffffa7][0xffffff91]z_[0xffffff95]o85p[0x1c][0x13][0xffffffe6][0xfffffff0]5[0xffffffee][0xfffffffc][0xffffff92][0xffffff96][0xffffffda][0xfffffff7][0xffffffcf][0xffffffb1][0x5][0x1d][0xffffffea]K[0xffffff9b]9[0xffffff8e][0xffffffad]e[0xfffffff7][0xffffff93][0xffffffa8]`[0xffffffda][0xffffffff][0x1a][0xffffffd2][0xffffff88][0xffffff85][0xfffffffd][0xfffffff2][0xffffff91]N[0xfffffff6]`[0xffffffdf]2[0xffffffcf][0xffffffae]E[0xffffff97][0xffffffc5][0xffffffa2][0xffffff9d][0xffffffef]'[0xffffff9d]mun.[0xffffffd3]f^[0xffffffc7][0xffffff82][0xffffffda][0xffffff82]9[0xfffffff5][0xffffffa9]`[0x5][0xffffffbc]4[0xffffffa1][0x1d]<M[0xffffffb5]A[0xffffffa7]3[[0xffffffc0][0x7f][0x0][0xffffffc1][0xffffffd0]$[0xffffff85][0x1d][\r][0x0][0x0]"
11:51:20.075 [main] DEBUG org.apache.hc.client5.http.impl.classic.InternalHttpClient -- ep-0000000063 releasing valid endpoint
11:51:20.075 [main] DEBUG org.apache.hc.client5.http.impl.io.PoolingHttpClientConnectionManager -- ep-0000000063 releasing endpoint
11:51:20.075 [main] DEBUG org.apache.hc.client5.http.impl.io.PoolingHttpClientConnectionManager -- ep-0000000063 connection http-outgoing-38 can be kept alive for 3 MINUTES
11:51:20.075 [main] DEBUG org.apache.hc.client5.http.impl.io.PoolingHttpClientConnectionManager -- ep-0000000063 connection released [route: {s}->https://raw.githubusercontent.com:443][total available: 2; route allocated: 1 of 5; total allocated: 3 of 25]
11:51:20.075 [main] DEBUG io.github.bonigarcia.wdm.versions.VersionDetector -- Detecting chrome version using online commands.properties
11:51:20.075 [main] DEBUG io.github.bonigarcia.wdm.versions.Shell -- Running command on the shell: [/Applications/Google Chrome.app/Contents/MacOS/Google Chrome, --version]
11:51:20.108 [main] DEBUG io.github.bonigarcia.wdm.versions.Shell -- Result: Google Chrome 121.0.6167.160
11:51:20.109 [main] DEBUG io.github.bonigarcia.wdm.versions.VersionDetector -- Getting driver version for chrome121 from online versions.properties
11:51:20.109 [main] DEBUG org.apache.hc.client5.http.impl.classic.InternalHttpClient -- ex-0000000064 preparing request execution
11:51:20.109 [main] DEBUG org.apache.hc.client5.http.impl.classic.ProtocolExec -- ex-0000000064 target auth state: UNCHALLENGED
11:51:20.109 [main] DEBUG org.apache.hc.client5.http.impl.classic.ProtocolExec -- ex-0000000064 proxy auth state: UNCHALLENGED
11:51:20.109 [main] DEBUG org.apache.hc.client5.http.impl.classic.ConnectExec -- ex-0000000064 acquiring connection with route {s}->https://raw.githubusercontent.com:443
11:51:20.109 [main] DEBUG org.apache.hc.client5.http.impl.classic.InternalHttpClient -- ex-0000000064 acquiring endpoint (3 MINUTES)
11:51:20.109 [main] DEBUG org.apache.hc.client5.http.impl.io.PoolingHttpClientConnectionManager -- ex-0000000064 endpoint lease request (3 MINUTES) [route: {s}->https://raw.githubusercontent.com:443][total available: 2; route allocated: 1 of 5; total allocated: 3 of 25]
11:51:20.109 [main] DEBUG org.apache.hc.client5.http.impl.io.PoolingHttpClientConnectionManager -- ex-0000000064 endpoint leased [route: {s}->https://raw.githubusercontent.com:443][total available: 1; route allocated: 1 of 5; total allocated: 3 of 25]
11:51:20.109 [main] DEBUG org.apache.hc.client5.http.impl.io.PoolingHttpClientConnectionManager -- ex-0000000064 acquired ep-0000000064
11:51:20.109 [main] DEBUG org.apache.hc.client5.http.impl.classic.InternalHttpClient -- ex-0000000064 acquired endpoint ep-0000000064
11:51:20.109 [main] DEBUG org.apache.hc.client5.http.impl.classic.MainClientExec -- ex-0000000064 executing GET /bonigarcia/webdrivermanager/master/src/main/resources/versions.properties HTTP/1.1
11:51:20.109 [main] DEBUG org.apache.hc.client5.http.protocol.RequestAddCookies -- ex-0000000064 Cookie spec selected: strict
11:51:20.109 [main] DEBUG org.apache.hc.client5.http.impl.classic.InternalHttpClient -- ep-0000000064 start execution ex-0000000064
11:51:20.109 [main] DEBUG org.apache.hc.client5.http.impl.io.PoolingHttpClientConnectionManager -- ep-0000000064 executing exchange ex-0000000064 over http-outgoing-38
11:51:20.109 [main] DEBUG org.apache.hc.client5.http.headers -- http-outgoing-38 >> GET /bonigarcia/webdrivermanager/master/src/main/resources/versions.properties HTTP/1.1
11:51:20.109 [main] DEBUG org.apache.hc.client5.http.headers -- http-outgoing-38 >> user-agent: Apache-HttpClient/5.0
11:51:20.109 [main] DEBUG org.apache.hc.client5.http.headers -- http-outgoing-38 >> accept-encoding: gzip, deflate, br
11:51:20.109 [main] DEBUG org.apache.hc.client5.http.headers -- http-outgoing-38 >> cache-control: max-age=0
11:51:20.109 [main] DEBUG org.apache.hc.client5.http.headers -- http-outgoing-38 >> connection: keep-alive
11:51:20.109 [main] DEBUG org.apache.hc.client5.http.headers -- http-outgoing-38 >> Host: raw.githubusercontent.com
11:51:20.109 [main] DEBUG org.apache.hc.client5.http.wire -- http-outgoing-38 >> "GET /bonigarcia/webdrivermanager/master/src/main/resources/versions.properties HTTP/1.1[\r][\n]"
11:51:20.109 [main] DEBUG org.apache.hc.client5.http.wire -- http-outgoing-38 >> "user-agent: Apache-HttpClient/5.0[\r][\n]"
11:51:20.109 [main] DEBUG org.apache.hc.client5.http.wire -- http-outgoing-38 >> "accept-encoding: gzip, deflate, br[\r][\n]"
11:51:20.109 [main] DEBUG org.apache.hc.client5.http.wire -- http-outgoing-38 >> "cache-control: max-age=0[\r][\n]"
11:51:20.109 [main] DEBUG org.apache.hc.client5.http.wire -- http-outgoing-38 >> "connection: keep-alive[\r][\n]"
11:51:20.109 [main] DEBUG org.apache.hc.client5.http.wire -- http-outgoing-38 >> "Host: raw.githubusercontent.com[\r][\n]"
11:51:20.109 [main] DEBUG org.apache.hc.client5.http.wire -- http-outgoing-38 >> "[\r][\n]"
11:51:20.417 [main] DEBUG org.apache.hc.client5.http.wire -- http-outgoing-38 << "HTTP/1.1 200 OK[\r][\n]"
11:51:20.417 [main] DEBUG org.apache.hc.client5.http.wire -- http-outgoing-38 << "Connection: keep-alive[\r][\n]"
11:51:20.417 [main] DEBUG org.apache.hc.client5.http.wire -- http-outgoing-38 << "Content-Length: 1667[\r][\n]"
11:51:20.417 [main] DEBUG org.apache.hc.client5.http.wire -- http-outgoing-38 << "Cache-Control: max-age=300[\r][\n]"
11:51:20.417 [main] DEBUG org.apache.hc.client5.http.wire -- http-outgoing-38 << "Content-Security-Policy: default-src 'none'; style-src 'unsafe-inline'; sandbox[\r][\n]"
11:51:20.417 [main] DEBUG org.apache.hc.client5.http.wire -- http-outgoing-38 << "Content-Type: text/plain; charset=utf-8[\r][\n]"
11:51:20.417 [main] DEBUG org.apache.hc.client5.http.wire -- http-outgoing-38 << "ETag: W/"2b63ea7ea7667d0729e9d848d780e58af4f6d237cb562369e48d53971ddfa6c5"[\r][\n]"
11:51:20.417 [main] DEBUG org.apache.hc.client5.http.wire -- http-outgoing-38 << "Strict-Transport-Security: max-age=31536000[\r][\n]"
11:51:20.417 [main] DEBUG org.apache.hc.client5.http.wire -- http-outgoing-38 << "X-Content-Type-Options: nosniff[\r][\n]"
11:51:20.417 [main] DEBUG org.apache.hc.client5.http.wire -- http-outgoing-38 << "X-Frame-Options: deny[\r][\n]"
11:51:20.417 [main] DEBUG org.apache.hc.client5.http.wire -- http-outgoing-38 << "X-XSS-Protection: 1; mode=block[\r][\n]"
11:51:20.417 [main] DEBUG org.apache.hc.client5.http.wire -- http-outgoing-38 << "X-GitHub-Request-Id: D6D6:22FCA9:24D88:36DD7:65B05DDF[\r][\n]"
11:51:20.417 [main] DEBUG org.apache.hc.client5.http.wire -- http-outgoing-38 << "Content-Encoding: gzip[\r][\n]"
11:51:20.417 [main] DEBUG org.apache.hc.client5.http.wire -- http-outgoing-38 << "Accept-Ranges: bytes[\r][\n]"
11:51:20.417 [main] DEBUG org.apache.hc.client5.http.wire -- http-outgoing-38 << "Date: Mon, 12 Feb 2024 04:51:20 GMT[\r][\n]"
11:51:20.417 [main] DEBUG org.apache.hc.client5.http.wire -- http-outgoing-38 << "Via: 1.1 varnish[\r][\n]"
11:51:20.417 [main] DEBUG org.apache.hc.client5.http.wire -- http-outgoing-38 << "X-Served-By: cache-qpg1252-QPG[\r][\n]"
11:51:20.417 [main] DEBUG org.apache.hc.client5.http.wire -- http-outgoing-38 << "X-Cache: HIT[\r][\n]"
11:51:20.417 [main] DEBUG org.apache.hc.client5.http.wire -- http-outgoing-38 << "X-Cache-Hits: 1[\r][\n]"
11:51:20.417 [main] DEBUG org.apache.hc.client5.http.wire -- http-outgoing-38 << "X-Timer: S1707713480.189832,VS0,VE287[\r][\n]"
11:51:20.417 [main] DEBUG org.apache.hc.client5.http.wire -- http-outgoing-38 << "Vary: Authorization,Accept-Encoding,Origin[\r][\n]"
11:51:20.417 [main] DEBUG org.apache.hc.client5.http.wire -- http-outgoing-38 << "Access-Control-Allow-Origin: *[\r][\n]"
11:51:20.417 [main] DEBUG org.apache.hc.client5.http.wire -- http-outgoing-38 << "Cross-Origin-Resource-Policy: cross-origin[\r][\n]"
11:51:20.417 [main] DEBUG org.apache.hc.client5.http.wire -- http-outgoing-38 << "X-Fastly-Request-ID: eee412214509a68e9be02dd1153b21f33e198f2a[\r][\n]"
11:51:20.417 [main] DEBUG org.apache.hc.client5.http.wire -- http-outgoing-38 << "Expires: Mon, 12 Feb 2024 04:56:20 GMT[\r][\n]"
11:51:20.417 [main] DEBUG org.apache.hc.client5.http.wire -- http-outgoing-38 << "Source-Age: 0[\r][\n]"
11:51:20.417 [main] DEBUG org.apache.hc.client5.http.wire -- http-outgoing-38 << "[\r][\n]"
11:51:20.417 [main] DEBUG org.apache.hc.client5.http.headers -- http-outgoing-38 << HTTP/1.1 200 OK
11:51:20.417 [main] DEBUG org.apache.hc.client5.http.headers -- http-outgoing-38 << Connection: keep-alive
11:51:20.417 [main] DEBUG org.apache.hc.client5.http.headers -- http-outgoing-38 << Content-Length: 1667
11:51:20.417 [main] DEBUG org.apache.hc.client5.http.headers -- http-outgoing-38 << Cache-Control: max-age=300
11:51:20.417 [main] DEBUG org.apache.hc.client5.http.headers -- http-outgoing-38 << Content-Security-Policy: default-src 'none'; style-src 'unsafe-inline'; sandbox
11:51:20.417 [main] DEBUG org.apache.hc.client5.http.headers -- http-outgoing-38 << Content-Type: text/plain; charset=utf-8
11:51:20.417 [main] DEBUG org.apache.hc.client5.http.headers -- http-outgoing-38 << ETag: W/"2b63ea7ea7667d0729e9d848d780e58af4f6d237cb562369e48d53971ddfa6c5"
11:51:20.417 [main] DEBUG org.apache.hc.client5.http.headers -- http-outgoing-38 << Strict-Transport-Security: max-age=31536000
11:51:20.417 [main] DEBUG org.apache.hc.client5.http.headers -- http-outgoing-38 << X-Content-Type-Options: nosniff
11:51:20.417 [main] DEBUG org.apache.hc.client5.http.headers -- http-outgoing-38 << X-Frame-Options: deny
11:51:20.417 [main] DEBUG org.apache.hc.client5.http.headers -- http-outgoing-38 << X-XSS-Protection: 1; mode=block
11:51:20.417 [main] DEBUG org.apache.hc.client5.http.headers -- http-outgoing-38 << X-GitHub-Request-Id: D6D6:22FCA9:24D88:36DD7:65B05DDF
11:51:20.417 [main] DEBUG org.apache.hc.client5.http.headers -- http-outgoing-38 << Content-Encoding: gzip
11:51:20.417 [main] DEBUG org.apache.hc.client5.http.headers -- http-outgoing-38 << Accept-Ranges: bytes
11:51:20.417 [main] DEBUG org.apache.hc.client5.http.headers -- http-outgoing-38 << Date: Mon, 12 Feb 2024 04:51:20 GMT
11:51:20.417 [main] DEBUG org.apache.hc.client5.http.headers -- http-outgoing-38 << Via: 1.1 varnish
11:51:20.417 [main] DEBUG org.apache.hc.client5.http.headers -- http-outgoing-38 << X-Served-By: cache-qpg1252-QPG
11:51:20.417 [main] DEBUG org.apache.hc.client5.http.headers -- http-outgoing-38 << X-Cache: HIT
11:51:20.417 [main] DEBUG org.apache.hc.client5.http.headers -- http-outgoing-38 << X-Cache-Hits: 1
11:51:20.417 [main] DEBUG org.apache.hc.client5.http.headers -- http-outgoing-38 << X-Timer: S1707713480.189832,VS0,VE287
11:51:20.417 [main] DEBUG org.apache.hc.client5.http.headers -- http-outgoing-38 << Vary: Authorization,Accept-Encoding,Origin
11:51:20.417 [main] DEBUG org.apache.hc.client5.http.headers -- http-outgoing-38 << Access-Control-Allow-Origin: *
11:51:20.417 [main] DEBUG org.apache.hc.client5.http.headers -- http-outgoing-38 << Cross-Origin-Resource-Policy: cross-origin
11:51:20.417 [main] DEBUG org.apache.hc.client5.http.headers -- http-outgoing-38 << X-Fastly-Request-ID: eee412214509a68e9be02dd1153b21f33e198f2a
11:51:20.417 [main] DEBUG org.apache.hc.client5.http.headers -- http-outgoing-38 << Expires: Mon, 12 Feb 2024 04:56:20 GMT
11:51:20.417 [main] DEBUG org.apache.hc.client5.http.headers -- http-outgoing-38 << Source-Age: 0
11:51:20.418 [main] DEBUG org.apache.hc.client5.http.impl.classic.MainClientExec -- ex-0000000064 connection can be kept alive for 3 MINUTES
11:51:20.418 [main] DEBUG org.apache.hc.client5.http.wire -- http-outgoing-38 << "[0x1f][0xffffff8b][0x8][0x0][0x0][0x0][0x0][0x0][0x0][0x3][0xffffff8d][0xffffff97][0xffffffcb]n+7[0xc][0xffffff86][0xfffffff7]y[0xffffff8a][0x1][0xffffffba][0xffffffce]XWJ[\n]"
11:51:20.418 [main] DEBUG org.apache.hc.client5.http.wire -- http-outgoing-38 << "[0xffffffa0]M[0xffffffaf][0xffffffab][0xffffffa2][0xffffff8b][0xfffffff6][0x5]|[0xffffffec]I28[0xffffff8e]'[0xffffffb0][0xffffff9d][0xffffff93][0xffffff83]>}II[0xffffffd4][0xffffffc8][0xffffff9a][0x16][0xffffffe8][0xffffffc2]H[0xfffffff8][0xffffff8d]F")[\r][0xfffffff5][0xfffffff3][0xffffff87][0xffffffe1][0xffffffaf][0xffffffd7][0xfffffff9]:<[0xffffffcf][0xffffffa7]i8,[0xffffffe7][0xffffffdb]~>_[0xffffff87][0xffffffdb][0xffffffeb]4|=/[0xffffff9f][0xffffffe7][0xffffffe1]x[0xffffff99][0xffffffbf]M[0xffffff97][0x1][0x7f][0xffffffd7]y[0xffffffc1]'[0xffffff87][0xffffffe5][0xffffffed]}[0x7f][0xffffff9b][0xffffffbf][0xffffffe0][0xffffffe8][0xffffffcf][0xfffffff9][0xfffffff6][0xffffff9a]F[0x1e][0xffffff96][0xffffffcb]e[0xffffffba][0xffffffbe]/[0xffffffe7][0xffffffe3]|~[0x19][0xffffffbe]\[0xffffff96][0xffffffcf][0xffffffeb][0xfffffffa][0xffffffca][0xffffffc3][0xffffffc3][0xf][0xffffffc3][0xffffff8f][0x19]=[\r][0xffffffbf]-[0xffffffcb][0xb][0xffffffbe][0xfffffff9][0xffffffd3][0xffffffeb]ey[0xffffff9b][0xffffff86][0xfffffffd][0xfffffff9][0xffffff98][0xffffffff][0xffffff9d]?[0xffffffde][0xffffff86][0xffffffc7][0xffffffe1][0xffffffe7][0xffffffb4][0xffffffd4][0xffffffd3]pHO[0xfffffff3][0xffffffc2][0xfffffff8][0xfffffff2][0xffffff9f][0xffffffcb][0xffffffc7][0xffffffe5]0=[\r][0xffffffaf][0xffffffb7][0xffffffdb][0xfffffffb][0xffffffd3]n[0xffffffd7]>[0x1d][0xf][0xffffffe5][0xffffffed]q[0xffffffb9][0xffffffbc][0xffffffec][0xffffff8e][0xffffffe8][0xffffffef]i[0xffffffd9][0x1f][0xffffffaf][0xf]y[0xffffff8c][0xffffff94]&[0xffffffe2]o[0x14][0xffffffa3]u[0xffffffda][0xffffff8e]AT[0xffffffae][0xffffff91]k[0xffffffe2][0xffffffe0][0xffffffd4][0x8][0xffffffba]r[0xffffff85]\%.[0xffffffed]hB[0xffffffe5][0x12][0xffffffb9]$nA[0xffffff8f]`*[0x17][0xffffffc8][0x5]q[0xffffffe3][0xffffffe5][0xffffffe8][0x1c]s[0x11]"[0xfffffffe][0x12][0xffffffc7][0xffffffe5]][0x1d]/<rO\[0xffffffdb]0:Y[0xffffffb9]C[0xffffffee][0x12][0x17]f[0x4]U9 [0x7][0xffffffe2][0xffffffca][0xffffff84][0x11][0xffffffd6][0xfffffff1][0x16][0xffffffb9]%.[0xffffff83][0xffffffc5][0xffffff87][0xffffff95]c[0xffffffbc]"[0xffffffc5]Ka[0xffffffb8][0xffffffea][0xffffffbf][0xffffffc0]xE[0xffffff8a]W[0xffffff80][0x18][0xffffffa5]^[0x1d][0xffffffc2][0xffffff80]E[\n]"
11:51:20.418 [main] DEBUG org.apache.hc.client5.http.wire -- http-outgoing-38 << "X[0xffffffe0]|[0xffffffcd][0x2][0x18][0xffffffb0][0xffffffa0][0xffffff80]M[0xffffffb0]r4+[0xffffffc7][0xffffff80][0x5][0x5]l|[0xffffff80][0x11]8[0xffffffa1]![0xffffffc4][0x10][0x12]5[0x6][0xffffffd7]f[0xffffffea]c[0xffffffa0]`[0xffffff8d][0xffffffb3]~[0xffffffc4]e[0x18][0xffffffbb][0x18](V[0x3]A[0xffffffad]9[0x8][0x10][0x3]$[\n]"
11:51:20.418 [main] DEBUG org.apache.hc.client5.http.wire -- http-outgoing-38 << "f4[0xffffff96][0xffffffa9][0xffffff8d][0xffffffc1]&[0xffffffaa][0xfffffffd][0x8][0x1c]O01[0xffffff98]D19[0xffffffb8][0xffffff91][0xffffff8c]u[0xc][0x14][0xffffffa4][0xffffffb1][0xffffffce][0xffffffad][0xffffff9b][0x1a]T[0xc]*Q[0xffffffdc]R[0xffffffcc]2c[0x19]C[\n]"
11:51:20.418 [main] DEBUG org.apache.hc.client5.http.wire -- http-outgoing-38 << "[0xffffffd0][0xffffffe0][0x9][0xffffffc0]X[0x19][0xffffff8b][0x18]R|F[0xffffff8b]Qq[0xffffff9e]|[0xffffff88]>[0xffffffc5][0xffffffa7][0xfffffff1][0xffffff8f][0xffffffe2][0xffffff99][0xffffffbd][0xffffff8f]>[0xffffffc5][0xffffffa7][0xffffff95][0x19][0x3]0u[0xffffffd1][0xffffffa7][0xfffffff0][0xffffff94][0x17][0xffffffa3][0xfffffff7]L![0xfffffffa][0x14][0xffffff9e]28/[0xffffffa7][0xffffffc2][0xffffffdb][0xffffffe8]Sx[0xffffffd2][0xffffffeb][0xffffffd1][0xffffffb3]k[0xffffffde]D[0xffffff9f][0xffffffc2][0xffffff93][0xffffffc6][0xffffff8d][0xffffff9a]s[0xffffffec]u[0xfffffff4]):[0xffffffda]I[0xffffffcd][0xffffffa9][0xfffffff0]2[0xfffffffa][0x14][0xffffff86][0xffffffc0][0xffffffcc]K][0xffffff97][0x13][0xffffffd1]S[0x18]:[0xffffffa0]/x[0xffffff84][\n]"
11:51:20.419 [main] DEBUG org.apache.hc.client5.http.wire -- http-outgoing-38 << "v![0xffffffba][0xffffff90][0xffffffb0][0xffffffb1][0xffffffa3][0xffffffae][0xffffffd4]G[0xffffffe7][0x13][0xffffffc5][0xffffffb3][0xffffff83][0xffffffe7][0xffffff8a][0xffffffb1][0xffffff8b][0xffffff8e][0x2][0xffffffd1][0x1e][0xfffffff0][`7[0x1c]D[0x7][0xffffff89][0xffffffe2][0x1][0xffffff97][0xffffffaa][0xffffffce]a[0xffffffa3][0xffffffa3]H[0xffffffb4]sx[0xffffffc0][0xffffffd6][0xffffffd1]&:[0xffffff93][0xffffffb0][0xffffffc2][0xfffffff3][0xffffffcb]PGG[0xffffff91]h[0xffffffc0][0xffffff80][0xffffff80]]v**[0xffffffdc]Q[0xffffffb6][0xffffffe4][0xffffff9d]%[0xffffffc8]b[0xffffffc7] [0xffffff90][0xffffffc5]{[0x3][0xffffff9e],[0xffffffce](8[0xffffffb2]x7[0x1][0xffffffc8]bg[0xffffffc0][0xffffffa2]US[0x4][0xffffff86],[0xffffffce]9h[0xffffffb2]x= _t][0xffffff8f]|[0xffffffa9][0xffffffdf][0xc][0xffffff90]/Z[0xffffffdf]U[0xffffffb5][0xffffffdf][0xffffff97][0xffffffbf][0xffffffe7][0xffffffd3]i?[0xfffffffc]:_[0xffffffa6][0xffffffe7][0xffffffe5]{S[0xffffffca]^[0xffffffa6][0xffffffc3][0xffffffd7][0xffffffe5]_+[0xffffffd9][0x15]K[0xffffffd9][0xb][0x16][0xffffffd0][0xffffff8f]/#[0xffffff96][0xffffffd4][0xffffffdd][[0xffffff9e]b[0xffffffd7][0xffffffbc][0xffffffb0][0xffffffbb]L[0xffffffa7]i[0x7f][0xffffff9d][0xffffffae][0xf][0xffffffcf]y^[0xffffffa9]d[0xffffffc4][0xffffffb4]aBW"[0xffffff88][0xffffffe8][0xffffff86][0xffffffc8][0xffffffb0]!~C[0xffffffdc][0xffffff86][0xffffffc0][0xffffff86][0xffffffd8][\r]1[0x1b][0xffffffa2]7Dm[0xffffff88][0xffffffdc][0xffffff90][0xffffffe4][0xffffffb3][0x1a]U%"d[0xffffffb2][0xffffff8e][0x11]~C[0xffffffdc][0xffffff86][0xffffffc0][0xffffff86][0xffffffd8][\r]I>[0xffffffcb][0xffffff96][0xffffffe8][\r]Q[0x1b]"7Dt$[0xffffff84][0x1e][0xfffffff8][0x1e][0xffffffb8][0x1e]@[0xf]l[0xf]zoC[0xffffffef]l[0xffffffe8]}[\r][0xffffffbd][0xffffffab][0xffffff81]<[0xffffffc5][0xffffffaf][0xffffffad][0x1][0xffffffe3]i>[0x7f]|[0xffffffcf]X2[0xfffffff6][0xffffffa1][0x1b][0xffffffe7]}[0xf]\[0xf][0xffffffa0][0x7][0xffffffb6][0x7][0xffffffa6][0x7][0x14][0xffffff80][0xfffffff2][\r]P=[0xffffffa0][0x0][0xffffff94]k[0xffffff80][0xffffffe8][0xffffff80][0xb]=H[0xffffff9e]B[0x3]\[0xf][0xffffffa0][0x7][0xffffffb6][0x7][0xffffffa6][0x7][0xffffffba][0x7][0xffffffaa][0x7][0xffffffb2][0x7][0xffffffa2][0x3][0x10]z[0xffffff90]<[0xffffffb5][\r]H[0xffffff9e]6_0@[0xf]l[0xf][0xffffff92][0xffffffa7][0xffffffcd][0x7][0x4][0xffffffba][0x7][0xffffffc9][0xffffffd3][0xffffffe6][0xffffffd8]C[0xfffffff2][0xffffffb4]9[0x14] :`C[0xf]|[0xf]\[0xf][0xffffff92][0xffffffa7][0xffffffa2][0x1][0xffffff96]A[[0xb][0xffffffff]x[0xffffff9f].[0xfffffffb][0xffffffa6][0x2].d[0xffffffff][0xffffff9f][\n]"
11:51:20.419 [main] DEBUG org.apache.hc.client5.http.wire -- http-outgoing-38 << "[0xffffff98][0x6]^[0xffffff97][0xffffffe7][0xffffffdb][0xffffffe7][0xfffffffe]2e[0xffffff8b][0xffffffd5]]_[0xf][0xffffffd3][0xffffffc3][0xffffffa4][0xffffff8e]hy[0xffffffd4]![0xffffffa8]>[0xffffff94][0x10][0xffffffcc]Q[0x1d][0xffffffc9][0xffffff90]8^s[0x12]o[0xfffffff1][0xffffffc2]I[\r]&[0xfffffff5][0x15]P'[0xfffffff8][0xffffffc0][0xffffff98][0xffffffc4]`[0x12]_[0x1]E[0xffffff86][0xffffffd4][0xffffff8a]9[0xffffff89][0xffffffc1]$[0xffffffbe]<N[0x13][0x1c]c[0xffffffd2][0xffffff82]I{9[0xfffffffc][0xffffffb2]$[\n]"
11:51:20.419 [main] DEBUG org.apache.hc.client5.http.wire -- http-outgoing-38 << "[0xffffff98][0xffffffc2]E[0xffffffab]5[0xffffffb1][0xffffffc8]e[0xffffff8e]u[0xffffffa2][0xffffff91][0xffffff9a]R[0xffffff95]i[0xffffffb0]Z4J[0xffffffd3]3uw:[0xffffffd3][0x16][\n]"
11:51:20.419 [main] DEBUG org.apache.hc.client5.http.wire -- http-outgoing-38 << "[0xffffffad][0xffffffca][0xffffff94][0x1c]g[0xffffffb0][0xffffffad][0xffffffc8][0xffffffc4]L[0x14]lZ[0xffffff8d][0x19]J[0xffffff94]A[0xffffffb7][\n]"
11:51:20.419 [main] DEBUG org.apache.hc.client5.http.wire -- http-outgoing-38 << "[0x13]eI[0xffffffa6][0xffffffaa][0xffffffd5][0xffffff97][0xffffff98][0xffffffb4][0xffffff82]e+/I[0xffffffb9]e,Zu[0xffffffe9]K[0xffffffe0]>[0xffffffb4][0xffffffda][0x12][0xffffffa0]P[0xffffffdf][0x9][0xffffffcb]L]++[0xffffffa1]l[0xffffff8c][0xffffff87]VT[0xffffffd6][0x14]aq[0xffffffb9][0x13][0xffffff95][0x19][0xffffff9a]FS[0xfffffffa][0xffffffe2][0x18][0x16][0xffffff99];E[0xffffff99][0xffffffa1][0xffffffba][0x17][0xffffff94][0x19][0xffffffca]FOZ^_4r[0xffffff92]][0xffffffc5][0xffffffa2]s'&3[0xfffffff4][0xffffff9d][0xffffff96][0xffffffcc][0xffffffd4]5R[0xffffffd2]1[0xffffff84]FH[0xfffffffa][0xffffffb2]<V[0xffffffa1]UG[0xffffffb2][0xfffffff7]X[0xffffff89]V[0x19][0xffffff89][0x9].T72[0x12]xR[0xffffffd5][0xffffffa8]H_6[0x1c][0xffffffcb][0xffffffd2]*"[0xffffffeb]famZE$[0xffffff9f]u[0xffffffac]O[0xffffffab][0xffffff86][0xffffffe4][0x13][0xffffff8d]5[0xffffffaa][0xffffff91][0xffffff90][0xffffffb2][0xffffff84][0xffffff8a][0xffffff85][0xffffffaa]U[0xffffff90]e-[0xffffffac]V[0xffffffab][0xffffff80]t<[0xffffffab]m[0xfffffff4]#[0x1f]e[0xffffffac]Z[0xffffffab]z[0xffffffac][0xffffff87][0x13]KW[0xffffffa3][0x1e][0xfffffff9]S[0xffffffc3][0xfffffffa][0xffffffd5][0xffffff88][0xffffffc7][0xffffffba]V[0x11]}[0xffffffc9][0xffffffb0][0xffffffa1]5[0xffffff8a][0xffffffe4][0xffffffcb]FQ|[0xffffffd9]([0xffffff82]/[0x1b]E[0xffffffef]e[0xffffffa3][0xffffffc8][0xffffffbd]l[0x14][0xffffffb5][0xffffff97][0xffffff8d]"[0xfffffff6][0xffffffb2]![0xffffffb3][0xffffffba][0xffffffcb][0xffffff86]h[0xc]C[0x1e][0xffffffb0][0xffffffc7][0xffffff86]<[0xffffffd0]e[0x1d]C[0x1e][0xffffffa8][0xffffff92][0xc][0x3][0xffffffd9][0xffffffb8][0xffffff93][0xffffff87][0xfffffff3][0xffffffe1][0xffffffb2]Pe[0x1b]~9[0xffffffbe]LMm|[0xffffffbb]N[0x8][0xfffffffe][0xffffffb3]8[0x1e][0xffffffa7]o[0xffffffd3][0xffffff89]f[0x1d][0xffffffdf]x[0xffffff86]T)[0xffffffa7][0xfffffff3][0xffffffe3][0xffffffc7]uW[0xffffffd9]#M[0xffffffb2][0xffffffbb]-[0xffffffcb][0xffffffe9][0xffffffba][0xfffffffb][0xffffff9c][0xffffffbe][0xffffff94]b[0xfffffff9]@t[0xffffffed][0xffffff80][0xffffffa5][0xffffffc7][0x1b]C[0xfffffffa]B[0xffffffb9][0xffffffff][0xffffff95][0xe][0xffffffe5]9f2S[0xffffffee]~[0xffffffa5]S[0xffffffe9] g[0xffffffca][0xffffffbd][0xffffffaf][0x4][0xffffff90][0xffffffd4][0xffffff9b]f[0xffffffca][0xffffff9d][0xffffffaf][0xffffffb4]x>0{[0xffffff89][0xffffffd6][0xffffffbe]WZ,[0xffffffb4][0xffffffae][0xffffffac]V[0xffffffbb]^i[0x0][0xffffffe7][0xffffff85]B[0xffffffb9][0xffffffe7][0xffffffc5]n[0xffffff81][0xffffffee]"
11:51:20.419 [main] DEBUG org.apache.hc.client5.http.wire -- http-outgoing-38 << "[0xfffffff6][0xc][0xffffffb9][0xffffffe1][0xffffff95][0xffffffda][0xffffffd1]MZ([0xffffffb7][0xffffffbb][0xffffffd8][0xffffffb9]j[0xffffffac]`[0xffffff85]r[0xffffffb3]+[0x15]~[0xffffffa9][0xffffff8e]g[0xffffffe0]V[0x17]{[0x13]S[0xffffff83][0xffffffa8]}.[0xffffffde][0x6][0xffffff96]z[0xffffff87]L[0xffffffb9][0xffffffcb]Ea-[0xffffffd6]y[0xffffffb9][0xffffffc7][0xffffffc5][0xffffffcb][0xffffffc2]R[0xffffffa7]E[0xffffff94];\,[0xfffffffd]T(2+[0xfffffffd][0xffffffad][0xffffffa4][0xffffffe8]Jb[0xffffffb8][0xffffffb9][0xffffffc5][0xffffffd0]Te[0xffffffa5][0xffffffb5][0xffffffc5][0x18]Le[0xffffffa5][0xffffffb1]E[0xffffffaf][0xffffffea][0xffffffca][0xffffffdc][0xffffffd6][0x6][0xffffffac]1ZfTZ[0xffffffda][0xffffff80][0xffffffa9][0xffffffd7]eT[0xffffffe9]g[0xffffff83]X[0x17]([0xffffffbd][0xffffffac][0xffffffa7]JW^,}[0xffffffac][0xffffffc7][0xffffffc0]2[0xffffffe1][0x1e][0xffffff96]v<o[0xc][0xfffffff7][0xffffffaf][0xe]s[^[0xffffffe3][0xffffffe6][0x15] [0xffffff94]-[0xffffffe1][0xffffffc6][0x15][0xfffffff0]H@[0xffffffce][0x5]w[0xffffffad][0xffffff96][0x12]\F[0xffffff95][0xffffff96][0xffffffd5]&[0xffffffe1][0xffffff92][0x8][0xffffffb7][0xffffffab]X[0x1a]lY[0xf][0xffffffab]W[0xffffffae][0xffffff9e][0xffffff81]}[0xffffffe2][0xffffffee][0x15][0xffffffef][0xffffffd9][0xffffffb2]U[0xffffffb5]s[0xffffffc5][0xffffff88][0xfffffff1][0xffffffdc]%V[0xffffffdb]V:[0xffffffb3][0xffffff99][0xffffff94][0xffffff96]U9>:[0xffffffdc][0xffffffad]*]I[0xffffffe9]T[0xffffffa9],[0x16]R[0xffffff9a]T[0xffffffa9]I.$dL|[0xffffffbf]L[0xffffff8f][0xfffffff3][0xfffffff9]z[0xffffffdb][0xffffff9f]N[0xffffffd3]1C[0x15][0xffffff81]nv[0xffffff9d][0xffffffcf][0xffffff89][0xffffff91][0x11]K[0x18][0xffffffa8][0xffffff90][0xffffffc3]7"b[0xffffff9d][0xffffffc4][0xffffffdb].[0xffffffef][0xffffff87][0xfffffff6][0x11]?,[0xffffffa3]C6[0x15][0x15][0x1d][0xffffffdc]i[0xffffff9f][0xffffffcf][0x8][0xfffffff6]gtec[0xffffffbd]~[0xfffffff8][0x7][0x18]<[0xfffffffe][0xffffff8d]h[0x13][0x0][0x0]"
11:51:20.419 [main] DEBUG org.apache.hc.client5.http.impl.classic.InternalHttpClient -- ep-0000000064 releasing valid endpoint
11:51:20.419 [main] DEBUG org.apache.hc.client5.http.impl.io.PoolingHttpClientConnectionManager -- ep-0000000064 releasing endpoint
11:51:20.419 [main] DEBUG org.apache.hc.client5.http.impl.io.PoolingHttpClientConnectionManager -- ep-0000000064 connection http-outgoing-38 can be kept alive for 3 MINUTES
11:51:20.420 [main] DEBUG org.apache.hc.client5.http.impl.io.PoolingHttpClientConnectionManager -- ep-0000000064 connection released [route: {s}->https://raw.githubusercontent.com:443][total available: 2; route allocated: 1 of 5; total allocated: 3 of 25]
11:51:20.420 [main] DEBUG io.github.bonigarcia.wdm.versions.VersionDetector -- Driver for chrome121 not found in online properties (using local versions.properties)
11:51:20.421 [main] DEBUG io.github.bonigarcia.wdm.WebDriverManager -- The driver version for CHROME 121 is unknown ... trying with latest
11:51:20.424 [main] DEBUG org.apache.hc.client5.http.impl.classic.InternalHttpClient -- ex-0000000065 preparing request execution
11:51:20.424 [main] DEBUG org.apache.hc.client5.http.impl.classic.ProtocolExec -- ex-0000000065 target auth state: UNCHALLENGED
11:51:20.424 [main] DEBUG org.apache.hc.client5.http.impl.classic.ProtocolExec -- ex-0000000065 proxy auth state: UNCHALLENGED
11:51:20.424 [main] DEBUG org.apache.hc.client5.http.impl.classic.ConnectExec -- ex-0000000065 acquiring connection with route {s}->https://googlechromelabs.github.io:443
11:51:20.424 [main] DEBUG org.apache.hc.client5.http.impl.classic.InternalHttpClient -- ex-0000000065 acquiring endpoint (3 MINUTES)
11:51:20.425 [main] DEBUG org.apache.hc.client5.http.impl.io.PoolingHttpClientConnectionManager -- ex-0000000065 endpoint lease request (3 MINUTES) [route: {s}->https://googlechromelabs.github.io:443][total available: 2; route allocated: 1 of 5; total allocated: 3 of 25]
11:51:20.425 [main] DEBUG org.apache.hc.client5.http.impl.io.PoolingHttpClientConnectionManager -- ex-0000000065 endpoint leased [route: {s}->https://googlechromelabs.github.io:443][total available: 1; route allocated: 1 of 5; total allocated: 3 of 25]
11:51:20.425 [main] DEBUG org.apache.hc.client5.http.impl.io.PoolingHttpClientConnectionManager -- ex-0000000065 acquired ep-0000000065
11:51:20.425 [main] DEBUG org.apache.hc.client5.http.impl.classic.InternalHttpClient -- ex-0000000065 acquired endpoint ep-0000000065
11:51:20.425 [main] DEBUG org.apache.hc.client5.http.impl.classic.MainClientExec -- ex-0000000065 executing GET /chrome-for-testing/last-known-good-versions-with-downloads.json HTTP/1.1
11:51:20.425 [main] DEBUG org.apache.hc.client5.http.protocol.RequestAddCookies -- ex-0000000065 Cookie spec selected: strict
11:51:20.425 [main] DEBUG org.apache.hc.client5.http.impl.classic.InternalHttpClient -- ep-0000000065 start execution ex-0000000065
11:51:20.425 [main] DEBUG org.apache.hc.client5.http.impl.io.PoolingHttpClientConnectionManager -- ep-0000000065 executing exchange ex-0000000065 over http-outgoing-36
11:51:20.425 [main] DEBUG org.apache.hc.client5.http.headers -- http-outgoing-36 >> GET /chrome-for-testing/last-known-good-versions-with-downloads.json HTTP/1.1
11:51:20.425 [main] DEBUG org.apache.hc.client5.http.headers -- http-outgoing-36 >> user-agent: Apache-HttpClient/5.0
11:51:20.425 [main] DEBUG org.apache.hc.client5.http.headers -- http-outgoing-36 >> accept-encoding: gzip, deflate, br
11:51:20.425 [main] DEBUG org.apache.hc.client5.http.headers -- http-outgoing-36 >> cache-control: max-age=0
11:51:20.425 [main] DEBUG org.apache.hc.client5.http.headers -- http-outgoing-36 >> connection: keep-alive
11:51:20.425 [main] DEBUG org.apache.hc.client5.http.headers -- http-outgoing-36 >> Host: googlechromelabs.github.io
11:51:20.425 [main] DEBUG org.apache.hc.client5.http.wire -- http-outgoing-36 >> "GET /chrome-for-testing/last-known-good-versions-with-downloads.json HTTP/1.1[\r][\n]"
11:51:20.425 [main] DEBUG org.apache.hc.client5.http.wire -- http-outgoing-36 >> "user-agent: Apache-HttpClient/5.0[\r][\n]"
11:51:20.425 [main] DEBUG org.apache.hc.client5.http.wire -- http-outgoing-36 >> "accept-encoding: gzip, deflate, br[\r][\n]"
11:51:20.425 [main] DEBUG org.apache.hc.client5.http.wire -- http-outgoing-36 >> "cache-control: max-age=0[\r][\n]"
11:51:20.425 [main] DEBUG org.apache.hc.client5.http.wire -- http-outgoing-36 >> "connection: keep-alive[\r][\n]"
11:51:20.425 [main] DEBUG org.apache.hc.client5.http.wire -- http-outgoing-36 >> "Host: googlechromelabs.github.io[\r][\n]"
11:51:20.425 [main] DEBUG org.apache.hc.client5.http.wire -- http-outgoing-36 >> "[\r][\n]"
11:51:20.595 [main] DEBUG org.apache.hc.client5.http.wire -- http-outgoing-36 << "HTTP/1.1 200 OK[\r][\n]"
11:51:20.596 [main] DEBUG org.apache.hc.client5.http.wire -- http-outgoing-36 << "Connection: keep-alive[\r][\n]"
11:51:20.596 [main] DEBUG org.apache.hc.client5.http.wire -- http-outgoing-36 << "Content-Length: 640[\r][\n]"
11:51:20.596 [main] DEBUG org.apache.hc.client5.http.wire -- http-outgoing-36 << "Server: GitHub.com[\r][\n]"
11:51:20.596 [main] DEBUG org.apache.hc.client5.http.wire -- http-outgoing-36 << "Content-Type: application/json; charset=utf-8[\r][\n]"
11:51:20.596 [main] DEBUG org.apache.hc.client5.http.wire -- http-outgoing-36 << "permissions-policy: interest-cohort=()[\r][\n]"
11:51:20.596 [main] DEBUG org.apache.hc.client5.http.wire -- http-outgoing-36 << "x-origin-cache: HIT[\r][\n]"
11:51:20.596 [main] DEBUG org.apache.hc.client5.http.wire -- http-outgoing-36 << "Last-Modified: Mon, 12 Feb 2024 04:09:36 GMT[\r][\n]"
11:51:20.596 [main] DEBUG org.apache.hc.client5.http.wire -- http-outgoing-36 << "Access-Control-Allow-Origin: *[\r][\n]"
11:51:20.596 [main] DEBUG org.apache.hc.client5.http.wire -- http-outgoing-36 << "Strict-Transport-Security: max-age=31556952[\r][\n]"
11:51:20.596 [main] DEBUG org.apache.hc.client5.http.wire -- http-outgoing-36 << "ETag: W/"65c99a00-229c"[\r][\n]"
11:51:20.596 [main] DEBUG org.apache.hc.client5.http.wire -- http-outgoing-36 << "expires: Mon, 12 Feb 2024 04:21:25 GMT[\r][\n]"
11:51:20.596 [main] DEBUG org.apache.hc.client5.http.wire -- http-outgoing-36 << "Cache-Control: max-age=600[\r][\n]"
11:51:20.596 [main] DEBUG org.apache.hc.client5.http.wire -- http-outgoing-36 << "Content-Encoding: gzip[\r][\n]"
11:51:20.596 [main] DEBUG org.apache.hc.client5.http.wire -- http-outgoing-36 << "x-proxy-cache: HIT[\r][\n]"
11:51:20.596 [main] DEBUG org.apache.hc.client5.http.wire -- http-outgoing-36 << "X-GitHub-Request-Id: 7E68:202855:5C382C1:5E35C94:65C99AB6[\r][\n]"
11:51:20.596 [main] DEBUG org.apache.hc.client5.http.wire -- http-outgoing-36 << "Accept-Ranges: bytes[\r][\n]"
11:51:20.596 [main] DEBUG org.apache.hc.client5.http.wire -- http-outgoing-36 << "Date: Mon, 12 Feb 2024 04:51:20 GMT[\r][\n]"
11:51:20.596 [main] DEBUG org.apache.hc.client5.http.wire -- http-outgoing-36 << "Via: 1.1 varnish[\r][\n]"
11:51:20.596 [main] DEBUG org.apache.hc.client5.http.wire -- http-outgoing-36 << "Age: 457[\r][\n]"
11:51:20.596 [main] DEBUG org.apache.hc.client5.http.wire -- http-outgoing-36 << "X-Served-By: cache-fra-eddf8230123-FRA[\r][\n]"
11:51:20.596 [main] DEBUG org.apache.hc.client5.http.wire -- http-outgoing-36 << "X-Cache: HIT[\r][\n]"
11:51:20.596 [main] DEBUG org.apache.hc.client5.http.wire -- http-outgoing-36 << "X-Cache-Hits: 7[\r][\n]"
11:51:20.596 [main] DEBUG org.apache.hc.client5.http.wire -- http-outgoing-36 << "X-Timer: S1707713481.584355,VS0,VE0[\r][\n]"
11:51:20.596 [main] DEBUG org.apache.hc.client5.http.wire -- http-outgoing-36 << "Vary: Accept-Encoding[\r][\n]"
11:51:20.596 [main] DEBUG org.apache.hc.client5.http.wire -- http-outgoing-36 << "X-Fastly-Request-ID: 7b5e29f432366294e997e2cd3eed49f7439fdd7f[\r][\n]"
11:51:20.596 [main] DEBUG org.apache.hc.client5.http.wire -- http-outgoing-36 << "[\r][\n]"
11:51:20.596 [main] DEBUG org.apache.hc.client5.http.headers -- http-outgoing-36 << HTTP/1.1 200 OK
11:51:20.596 [main] DEBUG org.apache.hc.client5.http.headers -- http-outgoing-36 << Connection: keep-alive
11:51:20.596 [main] DEBUG org.apache.hc.client5.http.headers -- http-outgoing-36 << Content-Length: 640
11:51:20.596 [main] DEBUG org.apache.hc.client5.http.headers -- http-outgoing-36 << Server: GitHub.com
11:51:20.596 [main] DEBUG org.apache.hc.client5.http.headers -- http-outgoing-36 << Content-Type: application/json; charset=utf-8
11:51:20.596 [main] DEBUG org.apache.hc.client5.http.headers -- http-outgoing-36 << permissions-policy: interest-cohort=()
11:51:20.596 [main] DEBUG org.apache.hc.client5.http.headers -- http-outgoing-36 << x-origin-cache: HIT
11:51:20.596 [main] DEBUG org.apache.hc.client5.http.headers -- http-outgoing-36 << Last-Modified: Mon, 12 Feb 2024 04:09:36 GMT
11:51:20.596 [main] DEBUG org.apache.hc.client5.http.headers -- http-outgoing-36 << Access-Control-Allow-Origin: *
11:51:20.596 [main] DEBUG org.apache.hc.client5.http.headers -- http-outgoing-36 << Strict-Transport-Security: max-age=31556952
11:51:20.596 [main] DEBUG org.apache.hc.client5.http.headers -- http-outgoing-36 << ETag: W/"65c99a00-229c"
11:51:20.596 [main] DEBUG org.apache.hc.client5.http.headers -- http-outgoing-36 << expires: Mon, 12 Feb 2024 04:21:25 GMT
11:51:20.596 [main] DEBUG org.apache.hc.client5.http.headers -- http-outgoing-36 << Cache-Control: max-age=600
11:51:20.596 [main] DEBUG org.apache.hc.client5.http.headers -- http-outgoing-36 << Content-Encoding: gzip
11:51:20.596 [main] DEBUG org.apache.hc.client5.http.headers -- http-outgoing-36 << x-proxy-cache: HIT
11:51:20.596 [main] DEBUG org.apache.hc.client5.http.headers -- http-outgoing-36 << X-GitHub-Request-Id: 7E68:202855:5C382C1:5E35C94:65C99AB6
11:51:20.596 [main] DEBUG org.apache.hc.client5.http.headers -- http-outgoing-36 << Accept-Ranges: bytes
11:51:20.596 [main] DEBUG org.apache.hc.client5.http.headers -- http-outgoing-36 << Date: Mon, 12 Feb 2024 04:51:20 GMT
11:51:20.596 [main] DEBUG org.apache.hc.client5.http.headers -- http-outgoing-36 << Via: 1.1 varnish
11:51:20.596 [main] DEBUG org.apache.hc.client5.http.headers -- http-outgoing-36 << Age: 457
11:51:20.596 [main] DEBUG org.apache.hc.client5.http.headers -- http-outgoing-36 << X-Served-By: cache-fra-eddf8230123-FRA
11:51:20.596 [main] DEBUG org.apache.hc.client5.http.headers -- http-outgoing-36 << X-Cache: HIT
11:51:20.596 [main] DEBUG org.apache.hc.client5.http.headers -- http-outgoing-36 << X-Cache-Hits: 7
11:51:20.596 [main] DEBUG org.apache.hc.client5.http.headers -- http-outgoing-36 << X-Timer: S1707713481.584355,VS0,VE0
11:51:20.596 [main] DEBUG org.apache.hc.client5.http.headers -- http-outgoing-36 << Vary: Accept-Encoding
11:51:20.596 [main] DEBUG org.apache.hc.client5.http.headers -- http-outgoing-36 << X-Fastly-Request-ID: 7b5e29f432366294e997e2cd3eed49f7439fdd7f
11:51:20.596 [main] DEBUG org.apache.hc.client5.http.impl.classic.MainClientExec -- ex-0000000065 connection can be kept alive for 3 MINUTES
11:51:20.596 [main] DEBUG org.apache.hc.client5.http.wire -- http-outgoing-36 << "[0x1f][0xffffff8b][0x8][0x0][0x0][0x0][0x0][0x0][0x0][0x3][0xffffffcd][0xffffff96][0xffffffcb][0xffffff8e][0xffffff9b]0[0x14][0xffffff86][0xfffffff7]}[0xc][0xffffffaf][0xffffffc1]`[0x8][0xffffffe4][0xffffffb2][0xffffff9c][0xffffff99]7hWSu[0xffffffe1][0x6]7A2[0x10][0xffffff81]'[0xffffffd3]N[0xffffffc4][0xffffffbb][0xffffffd7][0x10][0xffffffc3]p[0xffffffb1][0xffffff99]U|[0xffffff90]"%[0x1c][0xffffff9c]s~[0xffffffd0][0xffffffa7][0xffffffa3][0xffffffef][0xffffff86]D[0xffffff9a][0xffffffb1]J[0xffffffd0][0xffffffec][0xffffff82][0xe]([0xfffffff0][0xffffff83][0xffffff8d][0xffffffeb][0x7].!?[0x2]r[0xfffffff0][0xfffffff7][0xfffffff2][0xffffff83]}B^[0xffffff91][0xffffff83][0xffffff8e]g[0xffffff9a][0xffffffe7][0xffffff8c]W[0xffffffe8]pC[0xffffffdf][0x5][0xfffffffd][0xffffffcd]Y[0xfffffff3]KU[0xffffffe5]_U[0xffffffcd]AWVVi[0xffffff91][0xffffffcb][0x12][0x9][0x8][0xfffffff6]qL[0xffffffe2]-[0xffffffde]E[0xfffffff2]N[0xffffffc9][0xffffffae]i[0x7f]+[0xc][0xffffff89][0xffffffbf][0xffffff95][0xffffffc5][0xffffffa4]x[0xffffffcf]yA[0xffffff93][0xffffffea][0xffffffde][0xffffffae],2[0xffffffd9][0xfffffff8][0xffffffe7][\r]]8[0x15][0x7f][0xffffff8a]2[0xffffff93][0xffffff87]y[0xffffff9a][0xffffffbf][0xfffffffd][0xffffff8d]7[0xfffffff2][0xfffffff0][[0xffffffd9][0xffffff8c]:[0xb]q[0xffffffa9][0xe][0xffffff9e][0xffffffc7][0xffffff92][0x13]K8[0xffffffce][0x18]>][0x5][0xffffffc1][0xffffffc7]"S%[0xffffffef][0xffffffde]G}[0xffffffb9][0xffffffb2][0xffffff8d]+[0xffffffe4]3[0xffffffa6][0xfffffff9][0xffffffc9][0x1b]e[0xfffffff2]T[0xffffffe7][0xffffffee][0xffffffa0][0xffffffba][0xffffffc4][0x1f][0xffffffe9][0x5][0xffffffd5][0xffffffce](CF[0xffffff8f].-[0xffffffb3][0xffffff87][0xffffffa4][0xffffffe8]{wG[0xfffffffb][0xffffff82])[0xffffffc9]c[0xffffffde][0xffffff86][0xffffffea]<Lax[0x1b][0xffffffef]i[0x1e][0x6][0xf]H[0xffffffd0][0xfffffff6][0xffffffed][0xffffff8e][0xffffffb5][0x17][0xffffff86][0xffffffe9][0xf]y[0xfffffffe][0xffffffb6][0xffffffef]`z[0xfffffff7][0xffffffec][0xffffffbf][0x1c][0x5]fR[0xffffffa6][0xffffff92]n(<[0xffffffef][0xffffffd3][0xffffffd7][0x2][0xffffffa9]J[0xffffffb3][\n]"
11:51:20.596 [main] DEBUG org.apache.hc.client5.http.wire -- http-outgoing-36 << "T[0x7]Y[0x0][0xffffff81]U)@[0xffffffb1][0xfffffffd][0xffffffcc]0[0xffffff83][0xffffffd7]=3[0xffffff9a]pVUnuf[0xffffff9c]CQ<[0xffffff89][0xffffffb1][0x16][0xffffff9c][0xffffffa7][0xffffffb1]V[0xffffffc1][0xffffffb5].[0x14] [0xffffffe0][0xffffffd3]8[0xffffffa0][0xffffffa4]k[0xffffffc2][0xfffffff4][0xffffffc8][0xffffffd7][0xffffffb5][0xffffff83][0xffffff9e][0xffffff98][0xffffffa0]cCi+c?[0x9][0xffffff9a][0xffffffe6]ALp[0xffffffb0][0xffffff9f][0xfffffffa]I[0xffffffe4]G;[0x1f][0xffffffc2]O[0x6][0xffffff99][0x0][0xfffffffd]d[0xffffff98][0x2][0xffffffd2]O[0xffffffa6]9[0xffffffec][0xfffffffb][0xffffffc9]0[0xffffff81]}?[0xffffff99]L[0xffffff87][0xfffffff7][0x13]3[0xffffff9e][0xfffffff6][0xfffffffd]d[0x9]R[0xfffffffb]~bF[0xffffffd5][0xffffffae][0xffffff9f][0xffffff98][0xffffff80][0xffffffb5][0xffffffe9]'&l[0xffffffd7][0xffffffe2]'[0xb]K[0x16][0xffffffce]O[0x16]w.[0xffffff9c][0xffffff9f],[0xffffffac]`[0x18]?1nd[0x8]?1.[0xffffffe8]/[0xfffffffc][0xffffffe4][0xffffff85]][0xffffffc7]z[0xffffffd2][0x14][0xffffffc6]v[0x12][0xffffffb6][0xffffffad]w1[0xfffffff6]gr[0xffffffb2]%[0xffffff9b][0x10]BN>#[0x1][0xffffffba][0xffffffc9] [0x4][0xffffffa4][0xffffff9a]Lb[0xffffffd8]7[0xffffff93]A[0x0][0xfffffffb]b2[0x1e][0xe][0xffffffef]%F2[0xffffffed]k[0xffffffc9][0x2][0xffffff9f][0xfffffff6][0xffffffad][0xffffffc4]H[0xffffffa9]])1[0xffffffb0]j[0xffffffd3]I[0xc][0xffffffc4][0xffffffae]EI[0xffffffcc][0xffffffab][0x15][0xffffffce]H[0xffffff96]6-[0xffffff9c][0xffffff90][0xffffff98][0x17]/[0xffffff8c][0xffffff8f][0xffffff98][0xfffffff6]0[0xffffff84][0xffffff8e][0xffffff98][0xffffffd6][0xfffffff2][0x17]6[0xfffffff2]LsZ[0xfffffffe][0x1b][0xb][0xffffff89][0xffffffaa][0xffffffe9][0xffffff9c]d[0x1f]i[0xffffff9c]d[0xffffffb7][0xffffff8f][0x8][0xffffff9c][0xffffff93]4[0xffffff91][0xffffffc0][0xffffff9d][0xffffffa4][\r][0x1][0xffffffef]$}[0xc]('i[0x3]@9I7|-N[0xffffffa2]![0x13][0xffffffca]I[0xffffffb4]|B9[0xffffff89][0xffffff86]R[0x8]'[0xffffff99][0xffffffb1]j[0xffffffdf]If[0xffffffc4][0xffffffae][0xffffffcb]It[0xffffffab][0x15][0xffffffda]I[0xfffffff4][0xffffff9b][0x16][0xffffffda]It[0xffffff8b][0x17][0xffffffd2]I[0xffffffe6]{[0x18][0xffffffce]I[0xffffffe6]ky[0xffffffd1]I[0xffffffea][0xfffffffa][0xffffffdb][0x7f][0xffffffd5][0xffffffa2][0xffffff9a]W[0xffffff9c]"[0x0][0x0]"
11:51:20.597 [main] DEBUG org.apache.hc.client5.http.impl.classic.InternalHttpClient -- ep-0000000065 releasing valid endpoint
11:51:20.597 [main] DEBUG org.apache.hc.client5.http.impl.io.PoolingHttpClientConnectionManager -- ep-0000000065 releasing endpoint
11:51:20.598 [main] DEBUG org.apache.hc.client5.http.impl.io.PoolingHttpClientConnectionManager -- ep-0000000065 connection http-outgoing-36 can be kept alive for 3 MINUTES
11:51:20.598 [main] DEBUG org.apache.hc.client5.http.impl.io.PoolingHttpClientConnectionManager -- ep-0000000065 connection released [route: {s}->https://googlechromelabs.github.io:443][total available: 2; route allocated: 1 of 5; total allocated: 3 of 25]
11:51:20.600 [main] DEBUG io.github.bonigarcia.wdm.WebDriverManager -- Driver to be downloaded chromedriver 121.0.6167.85
11:51:20.600 [main] DEBUG io.github.bonigarcia.wdm.cache.ResolutionCache -- Storing resolution chrome=121 in cache (valid until 12:51:20 12/02/2024 WIB)
11:51:20.601 [main] DEBUG io.github.bonigarcia.wdm.cache.ResolutionCache -- Storing resolution chrome121=121.0.6167.85 in cache (valid until 11:51:20 13/02/2024 WIB)
11:51:20.606 [main] INFO io.github.bonigarcia.wdm.WebDriverManager -- Exporting webdriver.chrome.driver as /Users/fizkiarditiakusuma/.cache/selenium/chromedriver/mac-arm64/121.0.6167.85/chromedriver
  &amp#27;[32mGiven &amp#27;[0m&amp#27;[32mPengguna telah membuka situs Kepabeanan&amp#27;[0m                                    &amp#27;[90m# step_definitions.login.penggunaTelahMembukaSitusKepabeanan()&amp#27;[0m
  &amp#27;[32mThen &amp#27;[0m&amp#27;[32mPengguna Klik Field Lupa Password&amp#27;[0m                                           &amp#27;[90m# step_definitions.login.penggunaKlikFieldLupaPassword()&amp#27;[0m
  &amp#27;[32mAnd &amp#27;[0m&amp#27;[32mPengguna memasukan berbagai macam Test dalam field Lupa Password&amp#27;[0m&amp#27;[32m&amp#27;[1m"ABCDEFGHIJ"&amp#27;[0m &amp#27;[90m# step_definitions.login.penggunaMemasukanBerbagaiMacamTestDalamFieldLupaPassword(java.lang.String)&amp#27;[0m
]]></system-out>
  </testcase>
  <testcase name="LG 006 - Lupa Password #2" classname="login" time="36.128">
    <system-out><![CDATA[
@login
Scenario Outline: LG 006 - Lupa Password                                           &amp#27;[90m# features//login.feature:49&amp#27;[0m
11:51:26.051 [main] DEBUG io.github.bonigarcia.wdm.WebDriverManager -- Using WebDriverManager 5.6.3
11:51:26.053 [main] DEBUG io.github.bonigarcia.wdm.WebDriverManager -- Using URL built from repository pattern: https://edgedl.me.gvt1.com/edgedl/chrome/chrome-for-testing/121.0.6167.139/mac-arm64/chromedriver-mac-arm64.zip
11:51:26.054 [main] DEBUG org.apache.hc.client5.http.impl.classic.InternalHttpClient -- ex-0000000066 preparing request execution
11:51:26.054 [main] DEBUG org.apache.hc.client5.http.impl.classic.ProtocolExec -- ex-0000000066 target auth state: UNCHALLENGED
11:51:26.054 [main] DEBUG org.apache.hc.client5.http.impl.classic.ProtocolExec -- ex-0000000066 proxy auth state: UNCHALLENGED
11:51:26.054 [main] DEBUG org.apache.hc.client5.http.impl.classic.ConnectExec -- ex-0000000066 acquiring connection with route {s}->https://googlechromelabs.github.io:443
11:51:26.054 [main] DEBUG org.apache.hc.client5.http.impl.classic.InternalHttpClient -- ex-0000000066 acquiring endpoint (3 MINUTES)
11:51:26.054 [main] DEBUG org.apache.hc.client5.http.impl.io.PoolingHttpClientConnectionManager -- ex-0000000066 endpoint lease request (3 MINUTES) [route: {s}->https://googlechromelabs.github.io:443][total available: 0; route allocated: 0 of 5; total allocated: 0 of 25]
11:51:26.054 [main] DEBUG org.apache.hc.client5.http.impl.io.PoolingHttpClientConnectionManager -- ex-0000000066 endpoint leased [route: {s}->https://googlechromelabs.github.io:443][total available: 0; route allocated: 1 of 5; total allocated: 1 of 25]
11:51:26.054 [main] DEBUG org.apache.hc.client5.http.impl.io.PoolingHttpClientConnectionManager -- ex-0000000066 acquired ep-0000000066
11:51:26.054 [main] DEBUG org.apache.hc.client5.http.impl.classic.InternalHttpClient -- ex-0000000066 acquired endpoint ep-0000000066
11:51:26.054 [main] DEBUG org.apache.hc.client5.http.impl.classic.ConnectExec -- ex-0000000066 opening connection {s}->https://googlechromelabs.github.io:443
11:51:26.054 [main] DEBUG org.apache.hc.client5.http.impl.classic.InternalHttpClient -- ep-0000000066 connecting endpoint (null)
11:51:26.054 [main] DEBUG org.apache.hc.client5.http.impl.io.PoolingHttpClientConnectionManager -- ep-0000000066 connecting endpoint to https://googlechromelabs.github.io:443 (30 SECONDS)
11:51:26.054 [main] DEBUG org.apache.hc.client5.http.impl.io.DefaultHttpClientConnectionOperator -- googlechromelabs.github.io resolving remote address
11:51:26.055 [main] DEBUG org.apache.hc.client5.http.impl.io.DefaultHttpClientConnectionOperator -- googlechromelabs.github.io resolved to [googlechromelabs.github.io/185.199.111.153, googlechromelabs.github.io/185.199.108.153, googlechromelabs.github.io/185.199.109.153, googlechromelabs.github.io/185.199.110.153, googlechromelabs.github.io/2606:50c0:8000:0:0:0:0:153, googlechromelabs.github.io/2606:50c0:8001:0:0:0:0:153, googlechromelabs.github.io/2606:50c0:8002:0:0:0:0:153, googlechromelabs.github.io/2606:50c0:8003:0:0:0:0:153]
11:51:26.055 [main] DEBUG org.apache.hc.client5.http.impl.io.DefaultHttpClientConnectionOperator -- googlechromelabs.github.io:443 connecting null->googlechromelabs.github.io/185.199.111.153:443 (30 SECONDS)
11:51:26.055 [main] DEBUG org.apache.hc.client5.http.ssl.SSLConnectionSocketFactory -- Connecting socket to googlechromelabs.github.io/185.199.111.153:443 with timeout 30 SECONDS
11:51:56.057 [main] DEBUG org.apache.hc.client5.http.impl.io.DefaultHttpClientConnectionOperator -- googlechromelabs.github.io:443 connection to googlechromelabs.github.io/185.199.111.153:443 failed (class java.net.SocketTimeoutException); retrying connection to the next address
11:51:56.058 [main] DEBUG org.apache.hc.client5.http.impl.io.DefaultHttpClientConnectionOperator -- googlechromelabs.github.io:443 connecting null->googlechromelabs.github.io/185.199.108.153:443 (30 SECONDS)
11:51:56.058 [main] DEBUG org.apache.hc.client5.http.ssl.SSLConnectionSocketFactory -- Connecting socket to googlechromelabs.github.io/185.199.108.153:443 with timeout 30 SECONDS
11:51:56.229 [main] DEBUG org.apache.hc.client5.http.ssl.SSLConnectionSocketFactory -- Enabled protocols: [TLSv1.3, TLSv1.2]
11:51:56.229 [main] DEBUG org.apache.hc.client5.http.ssl.SSLConnectionSocketFactory -- Enabled cipher suites: [TLS_AES_256_GCM_SHA384, TLS_AES_128_GCM_SHA256, TLS_CHACHA20_POLY1305_SHA256, TLS_ECDHE_ECDSA_WITH_AES_256_GCM_SHA384, TLS_ECDHE_ECDSA_WITH_AES_128_GCM_SHA256, TLS_ECDHE_ECDSA_WITH_CHACHA20_POLY1305_SHA256, TLS_ECDHE_RSA_WITH_AES_256_GCM_SHA384, TLS_ECDHE_RSA_WITH_CHACHA20_POLY1305_SHA256, TLS_ECDHE_RSA_WITH_AES_128_GCM_SHA256, TLS_DHE_RSA_WITH_AES_256_GCM_SHA384, TLS_DHE_RSA_WITH_CHACHA20_POLY1305_SHA256, TLS_DHE_DSS_WITH_AES_256_GCM_SHA384, TLS_DHE_RSA_WITH_AES_128_GCM_SHA256, TLS_DHE_DSS_WITH_AES_128_GCM_SHA256, TLS_ECDHE_ECDSA_WITH_AES_256_CBC_SHA384, TLS_ECDHE_RSA_WITH_AES_256_CBC_SHA384, TLS_ECDHE_ECDSA_WITH_AES_128_CBC_SHA256, TLS_ECDHE_RSA_WITH_AES_128_CBC_SHA256, TLS_DHE_RSA_WITH_AES_256_CBC_SHA256, TLS_DHE_DSS_WITH_AES_256_CBC_SHA256, TLS_DHE_RSA_WITH_AES_128_CBC_SHA256, TLS_DHE_DSS_WITH_AES_128_CBC_SHA256, TLS_ECDH_ECDSA_WITH_AES_256_GCM_SHA384, TLS_ECDH_RSA_WITH_AES_256_GCM_SHA384, TLS_ECDH_ECDSA_WITH_AES_128_GCM_SHA256, TLS_ECDH_RSA_WITH_AES_128_GCM_SHA256, TLS_ECDH_ECDSA_WITH_AES_256_CBC_SHA384, TLS_ECDH_RSA_WITH_AES_256_CBC_SHA384, TLS_ECDH_ECDSA_WITH_AES_128_CBC_SHA256, TLS_ECDH_RSA_WITH_AES_128_CBC_SHA256, TLS_ECDHE_ECDSA_WITH_AES_256_CBC_SHA, TLS_ECDHE_RSA_WITH_AES_256_CBC_SHA, TLS_ECDHE_ECDSA_WITH_AES_128_CBC_SHA, TLS_ECDHE_RSA_WITH_AES_128_CBC_SHA, TLS_DHE_RSA_WITH_AES_256_CBC_SHA, TLS_DHE_DSS_WITH_AES_256_CBC_SHA, TLS_DHE_RSA_WITH_AES_128_CBC_SHA, TLS_DHE_DSS_WITH_AES_128_CBC_SHA, TLS_ECDH_ECDSA_WITH_AES_256_CBC_SHA, TLS_ECDH_RSA_WITH_AES_256_CBC_SHA, TLS_ECDH_ECDSA_WITH_AES_128_CBC_SHA, TLS_ECDH_RSA_WITH_AES_128_CBC_SHA, TLS_RSA_WITH_AES_256_GCM_SHA384, TLS_RSA_WITH_AES_128_GCM_SHA256, TLS_RSA_WITH_AES_256_CBC_SHA256, TLS_RSA_WITH_AES_128_CBC_SHA256, TLS_RSA_WITH_AES_256_CBC_SHA, TLS_RSA_WITH_AES_128_CBC_SHA, TLS_EMPTY_RENEGOTIATION_INFO_SCSV]
11:51:56.229 [main] DEBUG org.apache.hc.client5.http.ssl.SSLConnectionSocketFactory -- Starting handshake (null)
11:51:56.413 [main] DEBUG org.apache.hc.client5.http.ssl.SSLConnectionSocketFactory -- Secure session established
11:51:56.413 [main] DEBUG org.apache.hc.client5.http.ssl.SSLConnectionSocketFactory --  negotiated protocol: TLSv1.3
11:51:56.413 [main] DEBUG org.apache.hc.client5.http.ssl.SSLConnectionSocketFactory --  negotiated cipher suite: TLS_AES_128_GCM_SHA256
11:51:56.413 [main] DEBUG org.apache.hc.client5.http.ssl.SSLConnectionSocketFactory --  peer principal: CN=*.github.io, O="GitHub, Inc.", L=San Francisco, ST=California, C=US
11:51:56.413 [main] DEBUG org.apache.hc.client5.http.ssl.SSLConnectionSocketFactory --  peer alternative names: [*.github.io, github.io, *.github.com, github.com, www.github.com, *.githubusercontent.com, githubusercontent.com]
11:51:56.413 [main] DEBUG org.apache.hc.client5.http.ssl.SSLConnectionSocketFactory --  issuer principal: CN=DigiCert TLS RSA SHA256 2020 CA1, O=DigiCert Inc, C=US
11:51:56.413 [main] DEBUG org.apache.hc.client5.http.impl.io.DefaultManagedHttpClientConnection -- http-outgoing-39 set socket timeout to 3 MINUTES
11:51:56.413 [main] DEBUG org.apache.hc.client5.http.impl.io.DefaultHttpClientConnectionOperator -- googlechromelabs.github.io:443 connected null->googlechromelabs.github.io/185.199.108.153:443 as http-outgoing-39
11:51:56.413 [main] DEBUG org.apache.hc.client5.http.impl.io.PoolingHttpClientConnectionManager -- ep-0000000066 connected http-outgoing-39
11:51:56.413 [main] DEBUG org.apache.hc.client5.http.impl.classic.InternalHttpClient -- ep-0000000066 endpoint connected
11:51:56.413 [main] DEBUG org.apache.hc.client5.http.impl.classic.MainClientExec -- ex-0000000066 executing GET /chrome-for-testing/last-known-good-versions-with-downloads.json HTTP/1.1
11:51:56.414 [main] DEBUG org.apache.hc.client5.http.protocol.RequestAddCookies -- ex-0000000066 Cookie spec selected: strict
11:51:56.414 [main] DEBUG org.apache.hc.client5.http.impl.classic.InternalHttpClient -- ep-0000000066 start execution ex-0000000066
11:51:56.414 [main] DEBUG org.apache.hc.client5.http.impl.io.PoolingHttpClientConnectionManager -- ep-0000000066 executing exchange ex-0000000066 over http-outgoing-39
11:51:56.414 [main] DEBUG org.apache.hc.client5.http.headers -- http-outgoing-39 >> GET /chrome-for-testing/last-known-good-versions-with-downloads.json HTTP/1.1
11:51:56.414 [main] DEBUG org.apache.hc.client5.http.headers -- http-outgoing-39 >> user-agent: Apache-HttpClient/5.0
11:51:56.414 [main] DEBUG org.apache.hc.client5.http.headers -- http-outgoing-39 >> accept-encoding: gzip, deflate, br
11:51:56.414 [main] DEBUG org.apache.hc.client5.http.headers -- http-outgoing-39 >> cache-control: max-age=0
11:51:56.414 [main] DEBUG org.apache.hc.client5.http.headers -- http-outgoing-39 >> connection: keep-alive
11:51:56.414 [main] DEBUG org.apache.hc.client5.http.headers -- http-outgoing-39 >> Host: googlechromelabs.github.io
11:51:56.414 [main] DEBUG org.apache.hc.client5.http.wire -- http-outgoing-39 >> "GET /chrome-for-testing/last-known-good-versions-with-downloads.json HTTP/1.1[\r][\n]"
11:51:56.414 [main] DEBUG org.apache.hc.client5.http.wire -- http-outgoing-39 >> "user-agent: Apache-HttpClient/5.0[\r][\n]"
11:51:56.414 [main] DEBUG org.apache.hc.client5.http.wire -- http-outgoing-39 >> "accept-encoding: gzip, deflate, br[\r][\n]"
11:51:56.414 [main] DEBUG org.apache.hc.client5.http.wire -- http-outgoing-39 >> "cache-control: max-age=0[\r][\n]"
11:51:56.414 [main] DEBUG org.apache.hc.client5.http.wire -- http-outgoing-39 >> "connection: keep-alive[\r][\n]"
11:51:56.414 [main] DEBUG org.apache.hc.client5.http.wire -- http-outgoing-39 >> "Host: googlechromelabs.github.io[\r][\n]"
11:51:56.414 [main] DEBUG org.apache.hc.client5.http.wire -- http-outgoing-39 >> "[\r][\n]"
11:51:56.584 [main] DEBUG org.apache.hc.client5.http.wire -- http-outgoing-39 << "HTTP/1.1 200 OK[\r][\n]"
11:51:56.584 [main] DEBUG org.apache.hc.client5.http.wire -- http-outgoing-39 << "Connection: keep-alive[\r][\n]"
11:51:56.584 [main] DEBUG org.apache.hc.client5.http.wire -- http-outgoing-39 << "Content-Length: 640[\r][\n]"
11:51:56.584 [main] DEBUG org.apache.hc.client5.http.wire -- http-outgoing-39 << "Server: GitHub.com[\r][\n]"
11:51:56.584 [main] DEBUG org.apache.hc.client5.http.wire -- http-outgoing-39 << "Content-Type: application/json; charset=utf-8[\r][\n]"
11:51:56.584 [main] DEBUG org.apache.hc.client5.http.wire -- http-outgoing-39 << "permissions-policy: interest-cohort=()[\r][\n]"
11:51:56.584 [main] DEBUG org.apache.hc.client5.http.wire -- http-outgoing-39 << "x-origin-cache: HIT[\r][\n]"
11:51:56.584 [main] DEBUG org.apache.hc.client5.http.wire -- http-outgoing-39 << "Last-Modified: Mon, 12 Feb 2024 04:09:36 GMT[\r][\n]"
11:51:56.584 [main] DEBUG org.apache.hc.client5.http.wire -- http-outgoing-39 << "Access-Control-Allow-Origin: *[\r][\n]"
11:51:56.584 [main] DEBUG org.apache.hc.client5.http.wire -- http-outgoing-39 << "Strict-Transport-Security: max-age=31556952[\r][\n]"
11:51:56.584 [main] DEBUG org.apache.hc.client5.http.wire -- http-outgoing-39 << "ETag: W/"65c99a00-229c"[\r][\n]"
11:51:56.584 [main] DEBUG org.apache.hc.client5.http.wire -- http-outgoing-39 << "expires: Mon, 12 Feb 2024 04:21:25 GMT[\r][\n]"
11:51:56.584 [main] DEBUG org.apache.hc.client5.http.wire -- http-outgoing-39 << "Cache-Control: max-age=600[\r][\n]"
11:51:56.584 [main] DEBUG org.apache.hc.client5.http.wire -- http-outgoing-39 << "Content-Encoding: gzip[\r][\n]"
11:51:56.584 [main] DEBUG org.apache.hc.client5.http.wire -- http-outgoing-39 << "x-proxy-cache: HIT[\r][\n]"
11:51:56.584 [main] DEBUG org.apache.hc.client5.http.wire -- http-outgoing-39 << "X-GitHub-Request-Id: 7E68:202855:5C382C1:5E35C94:65C99AB6[\r][\n]"
11:51:56.584 [main] DEBUG org.apache.hc.client5.http.wire -- http-outgoing-39 << "Accept-Ranges: bytes[\r][\n]"
11:51:56.584 [main] DEBUG org.apache.hc.client5.http.wire -- http-outgoing-39 << "Date: Mon, 12 Feb 2024 04:51:56 GMT[\r][\n]"
11:51:56.584 [main] DEBUG org.apache.hc.client5.http.wire -- http-outgoing-39 << "Via: 1.1 varnish[\r][\n]"
11:51:56.584 [main] DEBUG org.apache.hc.client5.http.wire -- http-outgoing-39 << "Age: 492[\r][\n]"
11:51:56.584 [main] DEBUG org.apache.hc.client5.http.wire -- http-outgoing-39 << "X-Served-By: cache-fra-eddf8230095-FRA[\r][\n]"
11:51:56.584 [main] DEBUG org.apache.hc.client5.http.wire -- http-outgoing-39 << "X-Cache: HIT[\r][\n]"
11:51:56.584 [main] DEBUG org.apache.hc.client5.http.wire -- http-outgoing-39 << "X-Cache-Hits: 6[\r][\n]"
11:51:56.584 [main] DEBUG org.apache.hc.client5.http.wire -- http-outgoing-39 << "X-Timer: S1707713517.574133,VS0,VE0[\r][\n]"
11:51:56.584 [main] DEBUG org.apache.hc.client5.http.wire -- http-outgoing-39 << "Vary: Accept-Encoding[\r][\n]"
11:51:56.584 [main] DEBUG org.apache.hc.client5.http.wire -- http-outgoing-39 << "X-Fastly-Request-ID: 88c94cecb0ad08bf7fd77eebb3076ed9632fb4ae[\r][\n]"
11:51:56.584 [main] DEBUG org.apache.hc.client5.http.wire -- http-outgoing-39 << "[\r][\n]"
11:51:56.584 [main] DEBUG org.apache.hc.client5.http.headers -- http-outgoing-39 << HTTP/1.1 200 OK
11:51:56.584 [main] DEBUG org.apache.hc.client5.http.headers -- http-outgoing-39 << Connection: keep-alive
11:51:56.584 [main] DEBUG org.apache.hc.client5.http.headers -- http-outgoing-39 << Content-Length: 640
11:51:56.584 [main] DEBUG org.apache.hc.client5.http.headers -- http-outgoing-39 << Server: GitHub.com
11:51:56.584 [main] DEBUG org.apache.hc.client5.http.headers -- http-outgoing-39 << Content-Type: application/json; charset=utf-8
11:51:56.584 [main] DEBUG org.apache.hc.client5.http.headers -- http-outgoing-39 << permissions-policy: interest-cohort=()
11:51:56.584 [main] DEBUG org.apache.hc.client5.http.headers -- http-outgoing-39 << x-origin-cache: HIT
11:51:56.584 [main] DEBUG org.apache.hc.client5.http.headers -- http-outgoing-39 << Last-Modified: Mon, 12 Feb 2024 04:09:36 GMT
11:51:56.584 [main] DEBUG org.apache.hc.client5.http.headers -- http-outgoing-39 << Access-Control-Allow-Origin: *
11:51:56.584 [main] DEBUG org.apache.hc.client5.http.headers -- http-outgoing-39 << Strict-Transport-Security: max-age=31556952
11:51:56.584 [main] DEBUG org.apache.hc.client5.http.headers -- http-outgoing-39 << ETag: W/"65c99a00-229c"
11:51:56.584 [main] DEBUG org.apache.hc.client5.http.headers -- http-outgoing-39 << expires: Mon, 12 Feb 2024 04:21:25 GMT
11:51:56.584 [main] DEBUG org.apache.hc.client5.http.headers -- http-outgoing-39 << Cache-Control: max-age=600
11:51:56.584 [main] DEBUG org.apache.hc.client5.http.headers -- http-outgoing-39 << Content-Encoding: gzip
11:51:56.584 [main] DEBUG org.apache.hc.client5.http.headers -- http-outgoing-39 << x-proxy-cache: HIT
11:51:56.584 [main] DEBUG org.apache.hc.client5.http.headers -- http-outgoing-39 << X-GitHub-Request-Id: 7E68:202855:5C382C1:5E35C94:65C99AB6
11:51:56.584 [main] DEBUG org.apache.hc.client5.http.headers -- http-outgoing-39 << Accept-Ranges: bytes
11:51:56.584 [main] DEBUG org.apache.hc.client5.http.headers -- http-outgoing-39 << Date: Mon, 12 Feb 2024 04:51:56 GMT
11:51:56.585 [main] DEBUG org.apache.hc.client5.http.headers -- http-outgoing-39 << Via: 1.1 varnish
11:51:56.585 [main] DEBUG org.apache.hc.client5.http.headers -- http-outgoing-39 << Age: 492
11:51:56.585 [main] DEBUG org.apache.hc.client5.http.headers -- http-outgoing-39 << X-Served-By: cache-fra-eddf8230095-FRA
11:51:56.585 [main] DEBUG org.apache.hc.client5.http.headers -- http-outgoing-39 << X-Cache: HIT
11:51:56.585 [main] DEBUG org.apache.hc.client5.http.headers -- http-outgoing-39 << X-Cache-Hits: 6
11:51:56.585 [main] DEBUG org.apache.hc.client5.http.headers -- http-outgoing-39 << X-Timer: S1707713517.574133,VS0,VE0
11:51:56.585 [main] DEBUG org.apache.hc.client5.http.headers -- http-outgoing-39 << Vary: Accept-Encoding
11:51:56.585 [main] DEBUG org.apache.hc.client5.http.headers -- http-outgoing-39 << X-Fastly-Request-ID: 88c94cecb0ad08bf7fd77eebb3076ed9632fb4ae
11:51:56.585 [main] DEBUG org.apache.hc.client5.http.impl.classic.MainClientExec -- ex-0000000066 connection can be kept alive for 3 MINUTES
11:51:56.585 [main] DEBUG org.apache.hc.client5.http.wire -- http-outgoing-39 << "[0x1f][0xffffff8b][0x8][0x0][0x0][0x0][0x0][0x0][0x0][0x3][0xffffffcd][0xffffff96][0xffffffcb][0xffffff8e][0xffffff9b]0[0x14][0xffffff86][0xfffffff7]}[0xc][0xffffffaf][0xffffffc1]`[0x8][0xffffffe4][0xffffffb2][0xffffff9c][0xffffff99]7hWSu[0xffffffe1][0x6]7A2[0x10][0xffffff81]'[0xffffffd3]N[0xffffffc4][0xffffffbb][0xffffffd7][0x10][0xffffffc3]p[0xffffffb1][0xffffff99]U|[0xffffff90]"%[0x1c][0xffffff9c]s~[0xffffffd0][0xffffffa7][0xffffffa3][0xffffffef][0xffffff86]D[0xffffff9a][0xffffffb1]J[0xffffffd0][0xffffffec][0xffffff82][0xe]([0xfffffff0][0xffffff83][0xffffff8d][0xffffffeb][0x7].!?[0x2]r[0xfffffff0][0xfffffff7][0xfffffff2][0xffffff83]}B^[0xffffff91][0xffffff83][0xffffff8e]g[0xffffff9a][0xffffffe7][0xffffff8c]W[0xffffffe8]pC[0xffffffdf][0x5][0xfffffffd][0xffffffcd]Y[0xfffffff3]KU[0xffffffe5]_U[0xffffffcd]AWVVi[0xffffff91][0xffffffcb][0x12][0x9][0x8][0xfffffff6]qL[0xffffffe2]-[0xffffffde]E[0xfffffff2]N[0xffffffc9][0xffffffae]i[0x7f]+[0xc][0xffffff89][0xffffffbf][0xffffff95][0xffffffc5][0xffffffa4]x[0xffffffcf]yA[0xffffff93][0xffffffea][0xffffffde][0xffffffae],2[0xffffffd9][0xfffffff8][0xffffffe7][\r]]8[0x15][0x7f][0xffffff8a]2[0xffffff93][0xffffff87]y[0xffffff9a][0xffffffbf][0xfffffffd][0xffffff8d]7[0xfffffff2][0xfffffff0][[0xffffffd9][0xffffff8c]:[0xb]q[0xffffffa9][0xe][0xffffff9e][0xffffffc7][0xffffff92][0x13]K8[0xffffffce][0x18]>][0x5][0xffffffc1][0xffffffc7]"S%[0xffffffef][0xffffffde]G}[0xffffffb9][0xffffffb2][0xffffff8d]+[0xffffffe4]3[0xffffffa6][0xfffffff9][0xffffffc9][0x1b]e[0xfffffff2]T[0xffffffe7][0xffffffee][0xffffffa0][0xffffffba][0xffffffc4][0x1f][0xffffffe9][0x5][0xffffffd5][0xffffffce](CF[0xffffff8f].-[0xffffffb3][0xffffff87][0xffffffa4][0xffffffe8]{wG[0xfffffffb][0xffffff82])[0xffffffc9]c[0xffffffde][0xffffff86][0xffffffea]<Lax[0x1b][0xffffffef]i[0x1e][0x6][0xf]H[0xffffffd0][0xfffffff6][0xffffffed][0xffffff8e][0xffffffb5][0x17][0xffffff86][0xffffffe9][0xf]y[0xfffffffe][0xffffffb6][0xffffffef]`z[0xfffffff7][0xffffffec][0xffffffbf][0x1c][0x5]fR[0xffffffa6][0xffffff92]n(<[0xffffffef][0xffffffd3][0xffffffd7][0x2][0xffffffa9]J[0xffffffb3][\n]"
11:51:56.586 [main] DEBUG org.apache.hc.client5.http.wire -- http-outgoing-39 << "T[0x7]Y[0x0][0xffffff81]U)@[0xffffffb1][0xfffffffd][0xffffffcc]0[0xffffff83][0xffffffd7]=3[0xffffff9a]pVUnuf[0xffffff9c]CQ<[0xffffff89][0xffffffb1][0x16][0xffffff9c][0xffffffa7][0xffffffb1]V[0xffffffc1][0xffffffb5].[0x14] [0xffffffe0][0xffffffd3]8[0xffffffa0][0xffffffa4]k[0xffffffc2][0xfffffff4][0xffffffc8][0xffffffd7][0xffffffb5][0xffffff83][0xffffff9e][0xffffff98][0xffffffa0]cCi+c?[0x9][0xffffff9a][0xffffffe6]ALp[0xffffffb0][0xffffff9f][0xfffffffa]I[0xffffffe4]G;[0x1f][0xffffffc2]O[0x6][0xffffff99][0x0][0xfffffffd]d[0xffffff98][0x2][0xffffffd2]O[0xffffffa6]9[0xffffffec][0xfffffffb][0xffffffc9]0[0xffffff81]}?[0xffffff99]L[0xffffff87][0xfffffff7][0x13]3[0xffffff9e][0xfffffff6][0xfffffffd]d[0x9]R[0xfffffffb]~bF[0xffffffd5][0xffffffae][0xffffff9f][0xffffff98][0xffffff80][0xffffffb5][0xffffffe9]'&l[0xffffffd7][0xffffffe2]'[0xb]K[0x16][0xffffffce]O[0x16]w.[0xffffff9c][0xffffff9f],[0xffffffac]`[0x18]?1nd[0x8]?1.[0xffffffe8]/[0xfffffffc][0xffffffe4][0xffffff85]][0xffffffc7]z[0xffffffd2][0x14][0xffffffc6]v[0x12][0xffffffb6][0xffffffad]w1[0xfffffff6]gr[0xffffffb2]%[0xffffff9b][0x10]BN>#[0x1][0xffffffba][0xffffffc9] [0x4][0xffffffa4][0xffffff9a]Lb[0xffffffd8]7[0xffffff93]A[0x0][0xfffffffb]b2[0x1e][0xe][0xffffffef]%F2[0xffffffed]k[0xffffffc9][0x2][0xffffff9f][0xfffffff6][0xffffffad][0xffffffc4]H[0xffffffa9]])1[0xffffffb0]j[0xffffffd3]I[0xc][0xffffffc4][0xffffffae]EI[0xffffffcc][0xffffffab][0x15][0xffffffce]H[0xffffff96]6-[0xffffff9c][0xffffff90][0xffffff98][0x17]/[0xffffff8c][0xffffff8f][0xffffff98][0xfffffff6]0[0xffffff84][0xffffff8e][0xffffff98][0xffffffd6][0xfffffff2][0x17]6[0xfffffff2]LsZ[0xfffffffe][0x1b][0xb][0xffffff89][0xffffffaa][0xffffffe9][0xffffff9c]d[0x1f]i[0xffffff9c]d[0xffffffb7][0xffffff8f][0x8][0xffffff9c][0xffffff93]4[0xffffff91][0xffffffc0][0xffffff9d][0xffffffa4][\r][0x1][0xffffffef]$}[0xc]('i[0x3]@9I7|-N[0xffffffa2]![0x13][0xffffffca]I[0xffffffb4]|B9[0xffffff89][0xffffff86]R[0x8]'[0xffffff99][0xffffffb1]j[0xffffffdf]If[0xffffffc4][0xffffffae][0xffffffcb]It[0xffffffab][0x15][0xffffffda]I[0xfffffff4][0xffffff9b][0x16][0xffffffda]It[0xffffff8b][0x17][0xffffffd2]I[0xffffffe6]{[0x18][0xffffffce]I[0xffffffe6]ky[0xffffffd1]I[0xffffffea][0xfffffffa][0xffffffdb][0x7f][0xffffffd5][0xffffffa2][0xffffff9a]W[0xffffff9c]"[0x0][0x0]"
11:51:56.588 [main] DEBUG org.apache.hc.client5.http.impl.classic.InternalHttpClient -- ep-0000000066 releasing valid endpoint
11:51:56.588 [main] DEBUG org.apache.hc.client5.http.impl.io.PoolingHttpClientConnectionManager -- ep-0000000066 releasing endpoint
11:51:56.588 [main] DEBUG org.apache.hc.client5.http.impl.io.PoolingHttpClientConnectionManager -- ep-0000000066 connection http-outgoing-39 can be kept alive for 3 MINUTES
11:51:56.588 [main] DEBUG org.apache.hc.client5.http.impl.io.PoolingHttpClientConnectionManager -- ep-0000000066 connection released [route: {s}->https://googlechromelabs.github.io:443][total available: 1; route allocated: 1 of 5; total allocated: 1 of 25]
11:51:56.588 [main] DEBUG io.github.bonigarcia.wdm.WebDriverManager -- Driver to be downloaded chromedriver 121.0.6167.139
11:51:56.589 [main] DEBUG io.github.bonigarcia.wdm.WebDriverManager -- Using URL built from repository pattern: https://edgedl.me.gvt1.com/edgedl/chrome/chrome-for-testing/121.0.6167.139/mac-arm64/chromedriver-mac-arm64.zip
11:51:56.590 [main] INFO io.github.bonigarcia.wdm.online.Downloader -- Downloading https://edgedl.me.gvt1.com/edgedl/chrome/chrome-for-testing/121.0.6167.139/mac-arm64/chromedriver-mac-arm64.zip
11:51:56.591 [main] DEBUG org.apache.hc.client5.http.impl.classic.InternalHttpClient -- ex-0000000067 preparing request execution
11:51:56.591 [main] DEBUG org.apache.hc.client5.http.impl.classic.ProtocolExec -- ex-0000000067 target auth state: UNCHALLENGED
11:51:56.591 [main] DEBUG org.apache.hc.client5.http.impl.classic.ProtocolExec -- ex-0000000067 proxy auth state: UNCHALLENGED
11:51:56.591 [main] DEBUG org.apache.hc.client5.http.impl.classic.ConnectExec -- ex-0000000067 acquiring connection with route {s}->https://edgedl.me.gvt1.com:443
11:51:56.591 [main] DEBUG org.apache.hc.client5.http.impl.classic.InternalHttpClient -- ex-0000000067 acquiring endpoint (3 MINUTES)
11:51:56.591 [main] DEBUG org.apache.hc.client5.http.impl.io.PoolingHttpClientConnectionManager -- ex-0000000067 endpoint lease request (3 MINUTES) [route: {s}->https://edgedl.me.gvt1.com:443][total available: 1; route allocated: 0 of 5; total allocated: 1 of 25]
11:51:56.591 [main] DEBUG org.apache.hc.client5.http.impl.io.PoolingHttpClientConnectionManager -- ex-0000000067 endpoint leased [route: {s}->https://edgedl.me.gvt1.com:443][total available: 1; route allocated: 1 of 5; total allocated: 2 of 25]
11:51:56.591 [main] DEBUG org.apache.hc.client5.http.impl.io.PoolingHttpClientConnectionManager -- ex-0000000067 acquired ep-0000000067
11:51:56.591 [main] DEBUG org.apache.hc.client5.http.impl.classic.InternalHttpClient -- ex-0000000067 acquired endpoint ep-0000000067
11:51:56.591 [main] DEBUG org.apache.hc.client5.http.impl.classic.ConnectExec -- ex-0000000067 opening connection {s}->https://edgedl.me.gvt1.com:443
11:51:56.591 [main] DEBUG org.apache.hc.client5.http.impl.classic.InternalHttpClient -- ep-0000000067 connecting endpoint (null)
11:51:56.591 [main] DEBUG org.apache.hc.client5.http.impl.io.PoolingHttpClientConnectionManager -- ep-0000000067 connecting endpoint to https://edgedl.me.gvt1.com:443 (30 SECONDS)
11:51:56.591 [main] DEBUG org.apache.hc.client5.http.impl.io.DefaultHttpClientConnectionOperator -- edgedl.me.gvt1.com resolving remote address
11:51:56.593 [main] DEBUG org.apache.hc.client5.http.impl.io.DefaultHttpClientConnectionOperator -- edgedl.me.gvt1.com resolved to [edgedl.me.gvt1.com/34.104.35.123, edgedl.me.gvt1.com/2600:1900:4110:86f:0:0:0:0]
11:51:56.593 [main] DEBUG org.apache.hc.client5.http.impl.io.DefaultHttpClientConnectionOperator -- edgedl.me.gvt1.com:443 connecting null->edgedl.me.gvt1.com/34.104.35.123:443 (30 SECONDS)
11:51:56.593 [main] DEBUG org.apache.hc.client5.http.ssl.SSLConnectionSocketFactory -- Connecting socket to edgedl.me.gvt1.com/34.104.35.123:443 with timeout 30 SECONDS
11:51:56.601 [main] DEBUG org.apache.hc.client5.http.ssl.SSLConnectionSocketFactory -- Enabled protocols: [TLSv1.3, TLSv1.2]
11:51:56.601 [main] DEBUG org.apache.hc.client5.http.ssl.SSLConnectionSocketFactory -- Enabled cipher suites: [TLS_AES_256_GCM_SHA384, TLS_AES_128_GCM_SHA256, TLS_CHACHA20_POLY1305_SHA256, TLS_ECDHE_ECDSA_WITH_AES_256_GCM_SHA384, TLS_ECDHE_ECDSA_WITH_AES_128_GCM_SHA256, TLS_ECDHE_ECDSA_WITH_CHACHA20_POLY1305_SHA256, TLS_ECDHE_RSA_WITH_AES_256_GCM_SHA384, TLS_ECDHE_RSA_WITH_CHACHA20_POLY1305_SHA256, TLS_ECDHE_RSA_WITH_AES_128_GCM_SHA256, TLS_DHE_RSA_WITH_AES_256_GCM_SHA384, TLS_DHE_RSA_WITH_CHACHA20_POLY1305_SHA256, TLS_DHE_DSS_WITH_AES_256_GCM_SHA384, TLS_DHE_RSA_WITH_AES_128_GCM_SHA256, TLS_DHE_DSS_WITH_AES_128_GCM_SHA256, TLS_ECDHE_ECDSA_WITH_AES_256_CBC_SHA384, TLS_ECDHE_RSA_WITH_AES_256_CBC_SHA384, TLS_ECDHE_ECDSA_WITH_AES_128_CBC_SHA256, TLS_ECDHE_RSA_WITH_AES_128_CBC_SHA256, TLS_DHE_RSA_WITH_AES_256_CBC_SHA256, TLS_DHE_DSS_WITH_AES_256_CBC_SHA256, TLS_DHE_RSA_WITH_AES_128_CBC_SHA256, TLS_DHE_DSS_WITH_AES_128_CBC_SHA256, TLS_ECDH_ECDSA_WITH_AES_256_GCM_SHA384, TLS_ECDH_RSA_WITH_AES_256_GCM_SHA384, TLS_ECDH_ECDSA_WITH_AES_128_GCM_SHA256, TLS_ECDH_RSA_WITH_AES_128_GCM_SHA256, TLS_ECDH_ECDSA_WITH_AES_256_CBC_SHA384, TLS_ECDH_RSA_WITH_AES_256_CBC_SHA384, TLS_ECDH_ECDSA_WITH_AES_128_CBC_SHA256, TLS_ECDH_RSA_WITH_AES_128_CBC_SHA256, TLS_ECDHE_ECDSA_WITH_AES_256_CBC_SHA, TLS_ECDHE_RSA_WITH_AES_256_CBC_SHA, TLS_ECDHE_ECDSA_WITH_AES_128_CBC_SHA, TLS_ECDHE_RSA_WITH_AES_128_CBC_SHA, TLS_DHE_RSA_WITH_AES_256_CBC_SHA, TLS_DHE_DSS_WITH_AES_256_CBC_SHA, TLS_DHE_RSA_WITH_AES_128_CBC_SHA, TLS_DHE_DSS_WITH_AES_128_CBC_SHA, TLS_ECDH_ECDSA_WITH_AES_256_CBC_SHA, TLS_ECDH_RSA_WITH_AES_256_CBC_SHA, TLS_ECDH_ECDSA_WITH_AES_128_CBC_SHA, TLS_ECDH_RSA_WITH_AES_128_CBC_SHA, TLS_RSA_WITH_AES_256_GCM_SHA384, TLS_RSA_WITH_AES_128_GCM_SHA256, TLS_RSA_WITH_AES_256_CBC_SHA256, TLS_RSA_WITH_AES_128_CBC_SHA256, TLS_RSA_WITH_AES_256_CBC_SHA, TLS_RSA_WITH_AES_128_CBC_SHA, TLS_EMPTY_RENEGOTIATION_INFO_SCSV]
11:51:56.601 [main] DEBUG org.apache.hc.client5.http.ssl.SSLConnectionSocketFactory -- Starting handshake (null)
11:51:56.635 [main] DEBUG org.apache.hc.client5.http.ssl.SSLConnectionSocketFactory -- Secure session established
11:51:56.635 [main] DEBUG org.apache.hc.client5.http.ssl.SSLConnectionSocketFactory --  negotiated protocol: TLSv1.3
11:51:56.635 [main] DEBUG org.apache.hc.client5.http.ssl.SSLConnectionSocketFactory --  negotiated cipher suite: TLS_AES_256_GCM_SHA384
11:51:56.635 [main] DEBUG org.apache.hc.client5.http.ssl.SSLConnectionSocketFactory --  peer principal: CN=edgedl.me.gvt1.com
11:51:56.635 [main] DEBUG org.apache.hc.client5.http.ssl.SSLConnectionSocketFactory --  peer alternative names: [edgedl.me.gvt1.com]
11:51:56.635 [main] DEBUG org.apache.hc.client5.http.ssl.SSLConnectionSocketFactory --  issuer principal: CN=GTS CA 1D4, O=Google Trust Services LLC, C=US
11:51:56.635 [main] DEBUG org.apache.hc.client5.http.impl.io.DefaultManagedHttpClientConnection -- http-outgoing-40 set socket timeout to 3 MINUTES
11:51:56.635 [main] DEBUG org.apache.hc.client5.http.impl.io.DefaultHttpClientConnectionOperator -- edgedl.me.gvt1.com:443 connected null->edgedl.me.gvt1.com/34.104.35.123:443 as http-outgoing-40
11:51:56.635 [main] DEBUG org.apache.hc.client5.http.impl.io.PoolingHttpClientConnectionManager -- ep-0000000067 connected http-outgoing-40
11:51:56.635 [main] DEBUG org.apache.hc.client5.http.impl.classic.InternalHttpClient -- ep-0000000067 endpoint connected
11:51:56.635 [main] DEBUG org.apache.hc.client5.http.impl.classic.MainClientExec -- ex-0000000067 executing GET /edgedl/chrome/chrome-for-testing/121.0.6167.139/mac-arm64/chromedriver-mac-arm64.zip HTTP/1.1
11:51:56.635 [main] DEBUG org.apache.hc.client5.http.protocol.RequestAddCookies -- ex-0000000067 Cookie spec selected: strict
11:51:56.636 [main] DEBUG org.apache.hc.client5.http.impl.classic.InternalHttpClient -- ep-0000000067 start execution ex-0000000067
11:51:56.636 [main] DEBUG org.apache.hc.client5.http.impl.io.PoolingHttpClientConnectionManager -- ep-0000000067 executing exchange ex-0000000067 over http-outgoing-40
11:51:56.636 [main] DEBUG org.apache.hc.client5.http.headers -- http-outgoing-40 >> GET /edgedl/chrome/chrome-for-testing/121.0.6167.139/mac-arm64/chromedriver-mac-arm64.zip HTTP/1.1
11:51:56.636 [main] DEBUG org.apache.hc.client5.http.headers -- http-outgoing-40 >> user-agent: Apache-HttpClient/5.0
11:51:56.636 [main] DEBUG org.apache.hc.client5.http.headers -- http-outgoing-40 >> accept-encoding: gzip, deflate, br
11:51:56.636 [main] DEBUG org.apache.hc.client5.http.headers -- http-outgoing-40 >> cache-control: max-age=0
11:51:56.636 [main] DEBUG org.apache.hc.client5.http.headers -- http-outgoing-40 >> connection: keep-alive
11:51:56.636 [main] DEBUG org.apache.hc.client5.http.headers -- http-outgoing-40 >> Host: edgedl.me.gvt1.com
11:51:56.636 [main] DEBUG org.apache.hc.client5.http.wire -- http-outgoing-40 >> "GET /edgedl/chrome/chrome-for-testing/121.0.6167.139/mac-arm64/chromedriver-mac-arm64.zip HTTP/1.1[\r][\n]"
11:51:56.636 [main] DEBUG org.apache.hc.client5.http.wire -- http-outgoing-40 >> "user-agent: Apache-HttpClient/5.0[\r][\n]"
11:51:56.636 [main] DEBUG org.apache.hc.client5.http.wire -- http-outgoing-40 >> "accept-encoding: gzip, deflate, br[\r][\n]"
11:51:56.636 [main] DEBUG org.apache.hc.client5.http.wire -- http-outgoing-40 >> "cache-control: max-age=0[\r][\n]"
11:51:56.636 [main] DEBUG org.apache.hc.client5.http.wire -- http-outgoing-40 >> "connection: keep-alive[\r][\n]"
11:51:56.636 [main] DEBUG org.apache.hc.client5.http.wire -- http-outgoing-40 >> "Host: edgedl.me.gvt1.com[\r][\n]"
11:51:56.636 [main] DEBUG org.apache.hc.client5.http.wire -- http-outgoing-40 >> "[\r][\n]"
11:51:56.773 [main] DEBUG org.apache.hc.client5.http.wire -- http-outgoing-40 << "HTTP/1.1 404 Not Found[\r][\n]"
11:51:56.773 [main] DEBUG org.apache.hc.client5.http.wire -- http-outgoing-40 << "content-length: 1449[\r][\n]"
11:51:56.773 [main] DEBUG org.apache.hc.client5.http.wire -- http-outgoing-40 << "content-type: text/html; charset=utf-8[\r][\n]"
11:51:56.773 [main] DEBUG org.apache.hc.client5.http.wire -- http-outgoing-40 << "server: Google-Edge-Cache[\r][\n]"
11:51:56.773 [main] DEBUG org.apache.hc.client5.http.wire -- http-outgoing-40 << "x-content-type-options: nosniff[\r][\n]"
11:51:56.773 [main] DEBUG org.apache.hc.client5.http.wire -- http-outgoing-40 << "x-frame-options: SAMEORIGIN[\r][\n]"
11:51:56.773 [main] DEBUG org.apache.hc.client5.http.wire -- http-outgoing-40 << "x-xss-protection: 0[\r][\n]"
11:51:56.774 [main] DEBUG org.apache.hc.client5.http.wire -- http-outgoing-40 << "date: Mon, 12 Feb 2024 04:51:56 GMT[\r][\n]"
11:51:56.774 [main] DEBUG org.apache.hc.client5.http.wire -- http-outgoing-40 << "x-request-id: a5a11473-e51f-4e0c-84fb-7cf8ebab42f5[\r][\n]"
11:51:56.774 [main] DEBUG org.apache.hc.client5.http.wire -- http-outgoing-40 << "alt-svc: clear[\r][\n]"
11:51:56.774 [main] DEBUG org.apache.hc.client5.http.wire -- http-outgoing-40 << "coprocessor-response: download-server[\r][\n]"
11:51:56.774 [main] DEBUG org.apache.hc.client5.http.wire -- http-outgoing-40 << "[\r][\n]"
11:51:56.774 [main] DEBUG org.apache.hc.client5.http.wire -- http-outgoing-40 << "[\n]"
11:51:56.774 [main] DEBUG org.apache.hc.client5.http.wire -- http-outgoing-40 << "<!DOCTYPE html>[\n]"
11:51:56.774 [main] DEBUG org.apache.hc.client5.http.wire -- http-outgoing-40 << "<html lang=en>[\n]"
11:51:56.774 [main] DEBUG org.apache.hc.client5.http.wire -- http-outgoing-40 << "  <meta charset=utf-8>[\n]"
11:51:56.774 [main] DEBUG org.apache.hc.client5.http.wire -- http-outgoing-40 << "  <meta name=viewport content="initial-scale=1, minimum-scale=1, width=device-width">[\n]"
11:51:56.774 [main] DEBUG org.apache.hc.client5.http.wire -- http-outgoing-40 << "  <title>Error 404 (Not Found)!!1</title>[\n]"
11:51:56.774 [main] DEBUG org.apache.hc.client5.http.wire -- http-outgoing-40 << "  <style>[\n]"
11:51:56.774 [main] DEBUG org.apache.hc.client5.http.wire -- http-outgoing-40 << "    *{margin:0;padding:0}html,code{font:15px/22px arial,sans-serif}html{background:#fff;color:#222;padding:15px}body{margin:7% auto 0;max-width:390px;min-height:180px;padding:30px 0 15px}* > body{background:url(//www.google.com/images/errors/robot.png) 100% 5px no-repeat;padding-right:205px}p{margin:11px 0 22px;overflow:hidden}ins{color:#777;text-decoration:none}a img{border:0}@media screen and (max-width:772px){body{background:none;margin-top:0;max-width:none;padding-right:0}}#logo{background:url(//www.google.com/images/logos/errorpage/error_logo-150x54.png) no-repeat;margin-left:-5px}@media only screen and (min-resolution:192dpi){#logo{background:url(//www.google.com/images/logos/errorpage/error_logo-150x54-2x.png) no-repeat 0% 0%/100% 100%;-moz-border-image:url(//www.google.com/images/logos/errorpage/error_logo-150x54-2x.png) 0}}@media only screen and (-webkit-min-device-pixel-ratio:2){#logo{background:url(//www.google.com/images/logos/errorpage/error_logo-150x54-2x.png) no-repeat;-webkit-background-size:100% 100%}}#logo{display:inline-block;height:54px;width:150px}[\n]"
11:51:56.774 [main] DEBUG org.apache.hc.client5.http.wire -- http-outgoing-40 << "  </style>[\n]"
11:51:56.774 [main] DEBUG org.apache.hc.client5.http.wire -- http-outgoing-40 << "  <a href=//www.google.com/><span id=logo aria-label=Google></span></a>[\n]"
11:51:56.774 [main] DEBUG org.apache.hc.client5.http.wire -- http-outgoing-40 << "  <p><b>404.</b> <ins>That[0xffffffe2][0xffffff80][0xffffff99]s an error.</ins>[\n]"
11:51:56.774 [main] DEBUG org.apache.hc.client5.http.wire -- http-outgoing-40 << "  <p>  <ins>That[0xffffffe2][0xffffff80][0xffffff99]s all we know.</ins>[\n]"
11:51:56.774 [main] DEBUG org.apache.hc.client5.http.headers -- http-outgoing-40 << HTTP/1.1 404 Not Found
11:51:56.774 [main] DEBUG org.apache.hc.client5.http.headers -- http-outgoing-40 << content-length: 1449
11:51:56.774 [main] DEBUG org.apache.hc.client5.http.headers -- http-outgoing-40 << content-type: text/html; charset=utf-8
11:51:56.774 [main] DEBUG org.apache.hc.client5.http.headers -- http-outgoing-40 << server: Google-Edge-Cache
11:51:56.774 [main] DEBUG org.apache.hc.client5.http.headers -- http-outgoing-40 << x-content-type-options: nosniff
11:51:56.774 [main] DEBUG org.apache.hc.client5.http.headers -- http-outgoing-40 << x-frame-options: SAMEORIGIN
11:51:56.774 [main] DEBUG org.apache.hc.client5.http.headers -- http-outgoing-40 << x-xss-protection: 0
11:51:56.774 [main] DEBUG org.apache.hc.client5.http.headers -- http-outgoing-40 << date: Mon, 12 Feb 2024 04:51:56 GMT
11:51:56.774 [main] DEBUG org.apache.hc.client5.http.headers -- http-outgoing-40 << x-request-id: a5a11473-e51f-4e0c-84fb-7cf8ebab42f5
11:51:56.774 [main] DEBUG org.apache.hc.client5.http.headers -- http-outgoing-40 << alt-svc: clear
11:51:56.774 [main] DEBUG org.apache.hc.client5.http.headers -- http-outgoing-40 << coprocessor-response: download-server
11:51:56.774 [main] DEBUG org.apache.hc.client5.http.impl.classic.MainClientExec -- ex-0000000067 connection can be kept alive for 3 MINUTES
11:51:56.774 [main] ERROR io.github.bonigarcia.wdm.online.HttpClient -- Error HTTP 404 executing https://edgedl.me.gvt1.com/edgedl/chrome/chrome-for-testing/121.0.6167.139/mac-arm64/chromedriver-mac-arm64.zip
11:51:56.776 [main] INFO io.github.bonigarcia.wdm.cache.ResolutionCache -- Clearing WebDriverManager resolution cache
11:51:56.777 [main] WARN io.github.bonigarcia.wdm.WebDriverManager -- There was an error managing chromedriver 121.0.6167.139 (Error HTTP 404 executing https://edgedl.me.gvt1.com/edgedl/chrome/chrome-for-testing/121.0.6167.139/mac-arm64/chromedriver-mac-arm64.zip) ... trying again avoiding reading release from repository
11:51:56.779 [main] DEBUG org.apache.hc.client5.http.impl.classic.InternalHttpClient -- ex-0000000068 preparing request execution
11:51:56.780 [main] DEBUG org.apache.hc.client5.http.impl.classic.ProtocolExec -- ex-0000000068 target auth state: UNCHALLENGED
11:51:56.780 [main] DEBUG org.apache.hc.client5.http.impl.classic.ProtocolExec -- ex-0000000068 proxy auth state: UNCHALLENGED
11:51:56.780 [main] DEBUG org.apache.hc.client5.http.impl.classic.ConnectExec -- ex-0000000068 acquiring connection with route {s}->https://raw.githubusercontent.com:443
11:51:56.780 [main] DEBUG org.apache.hc.client5.http.impl.classic.InternalHttpClient -- ex-0000000068 acquiring endpoint (3 MINUTES)
11:51:56.780 [main] DEBUG org.apache.hc.client5.http.impl.io.PoolingHttpClientConnectionManager -- ex-0000000068 endpoint lease request (3 MINUTES) [route: {s}->https://raw.githubusercontent.com:443][total available: 1; route allocated: 0 of 5; total allocated: 2 of 25]
11:51:56.780 [main] DEBUG org.apache.hc.client5.http.impl.io.PoolingHttpClientConnectionManager -- ex-0000000068 endpoint leased [route: {s}->https://raw.githubusercontent.com:443][total available: 1; route allocated: 1 of 5; total allocated: 3 of 25]
11:51:56.780 [main] DEBUG org.apache.hc.client5.http.impl.io.PoolingHttpClientConnectionManager -- ex-0000000068 acquired ep-0000000068
11:51:56.780 [main] DEBUG org.apache.hc.client5.http.impl.classic.InternalHttpClient -- ex-0000000068 acquired endpoint ep-0000000068
11:51:56.780 [main] DEBUG org.apache.hc.client5.http.impl.classic.ConnectExec -- ex-0000000068 opening connection {s}->https://raw.githubusercontent.com:443
11:51:56.780 [main] DEBUG org.apache.hc.client5.http.impl.classic.InternalHttpClient -- ep-0000000068 connecting endpoint (null)
11:51:56.780 [main] DEBUG org.apache.hc.client5.http.impl.io.PoolingHttpClientConnectionManager -- ep-0000000068 connecting endpoint to https://raw.githubusercontent.com:443 (30 SECONDS)
11:51:56.780 [main] DEBUG org.apache.hc.client5.http.impl.io.DefaultHttpClientConnectionOperator -- raw.githubusercontent.com resolving remote address
11:51:56.781 [main] DEBUG org.apache.hc.client5.http.impl.io.DefaultHttpClientConnectionOperator -- raw.githubusercontent.com resolved to [raw.githubusercontent.com/185.199.108.133, raw.githubusercontent.com/185.199.111.133, raw.githubusercontent.com/185.199.110.133, raw.githubusercontent.com/185.199.109.133, raw.githubusercontent.com/2606:50c0:8003:0:0:0:0:154, raw.githubusercontent.com/2606:50c0:8002:0:0:0:0:154, raw.githubusercontent.com/2606:50c0:8000:0:0:0:0:154, raw.githubusercontent.com/2606:50c0:8001:0:0:0:0:154]
11:51:56.782 [main] DEBUG org.apache.hc.client5.http.impl.io.DefaultHttpClientConnectionOperator -- raw.githubusercontent.com:443 connecting null->raw.githubusercontent.com/185.199.108.133:443 (30 SECONDS)
11:51:56.782 [main] DEBUG org.apache.hc.client5.http.ssl.SSLConnectionSocketFactory -- Connecting socket to raw.githubusercontent.com/185.199.108.133:443 with timeout 30 SECONDS
11:51:56.829 [main] DEBUG org.apache.hc.client5.http.ssl.SSLConnectionSocketFactory -- Enabled protocols: [TLSv1.3, TLSv1.2]
11:51:56.829 [main] DEBUG org.apache.hc.client5.http.ssl.SSLConnectionSocketFactory -- Enabled cipher suites: [TLS_AES_256_GCM_SHA384, TLS_AES_128_GCM_SHA256, TLS_CHACHA20_POLY1305_SHA256, TLS_ECDHE_ECDSA_WITH_AES_256_GCM_SHA384, TLS_ECDHE_ECDSA_WITH_AES_128_GCM_SHA256, TLS_ECDHE_ECDSA_WITH_CHACHA20_POLY1305_SHA256, TLS_ECDHE_RSA_WITH_AES_256_GCM_SHA384, TLS_ECDHE_RSA_WITH_CHACHA20_POLY1305_SHA256, TLS_ECDHE_RSA_WITH_AES_128_GCM_SHA256, TLS_DHE_RSA_WITH_AES_256_GCM_SHA384, TLS_DHE_RSA_WITH_CHACHA20_POLY1305_SHA256, TLS_DHE_DSS_WITH_AES_256_GCM_SHA384, TLS_DHE_RSA_WITH_AES_128_GCM_SHA256, TLS_DHE_DSS_WITH_AES_128_GCM_SHA256, TLS_ECDHE_ECDSA_WITH_AES_256_CBC_SHA384, TLS_ECDHE_RSA_WITH_AES_256_CBC_SHA384, TLS_ECDHE_ECDSA_WITH_AES_128_CBC_SHA256, TLS_ECDHE_RSA_WITH_AES_128_CBC_SHA256, TLS_DHE_RSA_WITH_AES_256_CBC_SHA256, TLS_DHE_DSS_WITH_AES_256_CBC_SHA256, TLS_DHE_RSA_WITH_AES_128_CBC_SHA256, TLS_DHE_DSS_WITH_AES_128_CBC_SHA256, TLS_ECDH_ECDSA_WITH_AES_256_GCM_SHA384, TLS_ECDH_RSA_WITH_AES_256_GCM_SHA384, TLS_ECDH_ECDSA_WITH_AES_128_GCM_SHA256, TLS_ECDH_RSA_WITH_AES_128_GCM_SHA256, TLS_ECDH_ECDSA_WITH_AES_256_CBC_SHA384, TLS_ECDH_RSA_WITH_AES_256_CBC_SHA384, TLS_ECDH_ECDSA_WITH_AES_128_CBC_SHA256, TLS_ECDH_RSA_WITH_AES_128_CBC_SHA256, TLS_ECDHE_ECDSA_WITH_AES_256_CBC_SHA, TLS_ECDHE_RSA_WITH_AES_256_CBC_SHA, TLS_ECDHE_ECDSA_WITH_AES_128_CBC_SHA, TLS_ECDHE_RSA_WITH_AES_128_CBC_SHA, TLS_DHE_RSA_WITH_AES_256_CBC_SHA, TLS_DHE_DSS_WITH_AES_256_CBC_SHA, TLS_DHE_RSA_WITH_AES_128_CBC_SHA, TLS_DHE_DSS_WITH_AES_128_CBC_SHA, TLS_ECDH_ECDSA_WITH_AES_256_CBC_SHA, TLS_ECDH_RSA_WITH_AES_256_CBC_SHA, TLS_ECDH_ECDSA_WITH_AES_128_CBC_SHA, TLS_ECDH_RSA_WITH_AES_128_CBC_SHA, TLS_RSA_WITH_AES_256_GCM_SHA384, TLS_RSA_WITH_AES_128_GCM_SHA256, TLS_RSA_WITH_AES_256_CBC_SHA256, TLS_RSA_WITH_AES_128_CBC_SHA256, TLS_RSA_WITH_AES_256_CBC_SHA, TLS_RSA_WITH_AES_128_CBC_SHA, TLS_EMPTY_RENEGOTIATION_INFO_SCSV]
11:51:56.829 [main] DEBUG org.apache.hc.client5.http.ssl.SSLConnectionSocketFactory -- Starting handshake (null)
11:51:56.879 [main] DEBUG org.apache.hc.client5.http.ssl.SSLConnectionSocketFactory -- Secure session established
11:51:56.879 [main] DEBUG org.apache.hc.client5.http.ssl.SSLConnectionSocketFactory --  negotiated protocol: TLSv1.3
11:51:56.879 [main] DEBUG org.apache.hc.client5.http.ssl.SSLConnectionSocketFactory --  negotiated cipher suite: TLS_AES_128_GCM_SHA256
11:51:56.879 [main] DEBUG org.apache.hc.client5.http.ssl.SSLConnectionSocketFactory --  peer principal: CN=*.github.io, O="GitHub, Inc.", L=San Francisco, ST=California, C=US
11:51:56.879 [main] DEBUG org.apache.hc.client5.http.ssl.SSLConnectionSocketFactory --  peer alternative names: [*.github.io, github.io, *.github.com, github.com, www.github.com, *.githubusercontent.com, githubusercontent.com]
11:51:56.879 [main] DEBUG org.apache.hc.client5.http.ssl.SSLConnectionSocketFactory --  issuer principal: CN=DigiCert TLS RSA SHA256 2020 CA1, O=DigiCert Inc, C=US
11:51:56.879 [main] DEBUG org.apache.hc.client5.http.impl.io.DefaultManagedHttpClientConnection -- http-outgoing-41 set socket timeout to 3 MINUTES
11:51:56.879 [main] DEBUG org.apache.hc.client5.http.impl.io.DefaultHttpClientConnectionOperator -- raw.githubusercontent.com:443 connected null->raw.githubusercontent.com/185.199.108.133:443 as http-outgoing-41
11:51:56.879 [main] DEBUG org.apache.hc.client5.http.impl.io.PoolingHttpClientConnectionManager -- ep-0000000068 connected http-outgoing-41
11:51:56.879 [main] DEBUG org.apache.hc.client5.http.impl.classic.InternalHttpClient -- ep-0000000068 endpoint connected
11:51:56.879 [main] DEBUG org.apache.hc.client5.http.impl.classic.MainClientExec -- ex-0000000068 executing GET /bonigarcia/webdrivermanager/master/src/main/resources/commands.properties HTTP/1.1
11:51:56.879 [main] DEBUG org.apache.hc.client5.http.protocol.RequestAddCookies -- ex-0000000068 Cookie spec selected: strict
11:51:56.879 [main] DEBUG org.apache.hc.client5.http.impl.classic.InternalHttpClient -- ep-0000000068 start execution ex-0000000068
11:51:56.879 [main] DEBUG org.apache.hc.client5.http.impl.io.PoolingHttpClientConnectionManager -- ep-0000000068 executing exchange ex-0000000068 over http-outgoing-41
11:51:56.879 [main] DEBUG org.apache.hc.client5.http.headers -- http-outgoing-41 >> GET /bonigarcia/webdrivermanager/master/src/main/resources/commands.properties HTTP/1.1
11:51:56.879 [main] DEBUG org.apache.hc.client5.http.headers -- http-outgoing-41 >> user-agent: Apache-HttpClient/5.0
11:51:56.879 [main] DEBUG org.apache.hc.client5.http.headers -- http-outgoing-41 >> accept-encoding: gzip, deflate, br
11:51:56.879 [main] DEBUG org.apache.hc.client5.http.headers -- http-outgoing-41 >> cache-control: max-age=0
11:51:56.879 [main] DEBUG org.apache.hc.client5.http.headers -- http-outgoing-41 >> connection: keep-alive
11:51:56.879 [main] DEBUG org.apache.hc.client5.http.headers -- http-outgoing-41 >> Host: raw.githubusercontent.com
11:51:56.879 [main] DEBUG org.apache.hc.client5.http.wire -- http-outgoing-41 >> "GET /bonigarcia/webdrivermanager/master/src/main/resources/commands.properties HTTP/1.1[\r][\n]"
11:51:56.879 [main] DEBUG org.apache.hc.client5.http.wire -- http-outgoing-41 >> "user-agent: Apache-HttpClient/5.0[\r][\n]"
11:51:56.879 [main] DEBUG org.apache.hc.client5.http.wire -- http-outgoing-41 >> "accept-encoding: gzip, deflate, br[\r][\n]"
11:51:56.879 [main] DEBUG org.apache.hc.client5.http.wire -- http-outgoing-41 >> "cache-control: max-age=0[\r][\n]"
11:51:56.879 [main] DEBUG org.apache.hc.client5.http.wire -- http-outgoing-41 >> "connection: keep-alive[\r][\n]"
11:51:56.879 [main] DEBUG org.apache.hc.client5.http.wire -- http-outgoing-41 >> "Host: raw.githubusercontent.com[\r][\n]"
11:51:56.879 [main] DEBUG org.apache.hc.client5.http.wire -- http-outgoing-41 >> "[\r][\n]"
11:51:56.900 [main] DEBUG org.apache.hc.client5.http.wire -- http-outgoing-41 << "HTTP/1.1 200 OK[\r][\n]"
11:51:56.900 [main] DEBUG org.apache.hc.client5.http.wire -- http-outgoing-41 << "Connection: keep-alive[\r][\n]"
11:51:56.900 [main] DEBUG org.apache.hc.client5.http.wire -- http-outgoing-41 << "Content-Length: 723[\r][\n]"
11:51:56.900 [main] DEBUG org.apache.hc.client5.http.wire -- http-outgoing-41 << "Cache-Control: max-age=300[\r][\n]"
11:51:56.900 [main] DEBUG org.apache.hc.client5.http.wire -- http-outgoing-41 << "Content-Security-Policy: default-src 'none'; style-src 'unsafe-inline'; sandbox[\r][\n]"
11:51:56.900 [main] DEBUG org.apache.hc.client5.http.wire -- http-outgoing-41 << "Content-Type: text/plain; charset=utf-8[\r][\n]"
11:51:56.900 [main] DEBUG org.apache.hc.client5.http.wire -- http-outgoing-41 << "ETag: W/"e82b438271e9e8680c688b0b680efd0bdd22faa6d6f0a32fc1fd8accc486b67e"[\r][\n]"
11:51:56.900 [main] DEBUG org.apache.hc.client5.http.wire -- http-outgoing-41 << "Strict-Transport-Security: max-age=31536000[\r][\n]"
11:51:56.900 [main] DEBUG org.apache.hc.client5.http.wire -- http-outgoing-41 << "X-Content-Type-Options: nosniff[\r][\n]"
11:51:56.900 [main] DEBUG org.apache.hc.client5.http.wire -- http-outgoing-41 << "X-Frame-Options: deny[\r][\n]"
11:51:56.900 [main] DEBUG org.apache.hc.client5.http.wire -- http-outgoing-41 << "X-XSS-Protection: 1; mode=block[\r][\n]"
11:51:56.900 [main] DEBUG org.apache.hc.client5.http.wire -- http-outgoing-41 << "X-GitHub-Request-Id: D6C0:23986A:25619:36F2A:65B05D65[\r][\n]"
11:51:56.900 [main] DEBUG org.apache.hc.client5.http.wire -- http-outgoing-41 << "Content-Encoding: gzip[\r][\n]"
11:51:56.900 [main] DEBUG org.apache.hc.client5.http.wire -- http-outgoing-41 << "Accept-Ranges: bytes[\r][\n]"
11:51:56.900 [main] DEBUG org.apache.hc.client5.http.wire -- http-outgoing-41 << "Date: Mon, 12 Feb 2024 04:51:56 GMT[\r][\n]"
11:51:56.900 [main] DEBUG org.apache.hc.client5.http.wire -- http-outgoing-41 << "Via: 1.1 varnish[\r][\n]"
11:51:56.900 [main] DEBUG org.apache.hc.client5.http.wire -- http-outgoing-41 << "X-Served-By: cache-qpg1271-QPG[\r][\n]"
11:51:56.900 [main] DEBUG org.apache.hc.client5.http.wire -- http-outgoing-41 << "X-Cache: HIT[\r][\n]"
11:51:56.900 [main] DEBUG org.apache.hc.client5.http.wire -- http-outgoing-41 << "X-Cache-Hits: 2[\r][\n]"
11:51:56.900 [main] DEBUG org.apache.hc.client5.http.wire -- http-outgoing-41 << "X-Timer: S1707713517.960016,VS0,VE0[\r][\n]"
11:51:56.900 [main] DEBUG org.apache.hc.client5.http.wire -- http-outgoing-41 << "Vary: Authorization,Accept-Encoding,Origin[\r][\n]"
11:51:56.900 [main] DEBUG org.apache.hc.client5.http.wire -- http-outgoing-41 << "Access-Control-Allow-Origin: *[\r][\n]"
11:51:56.900 [main] DEBUG org.apache.hc.client5.http.wire -- http-outgoing-41 << "Cross-Origin-Resource-Policy: cross-origin[\r][\n]"
11:51:56.900 [main] DEBUG org.apache.hc.client5.http.wire -- http-outgoing-41 << "X-Fastly-Request-ID: 77865f88185eef27eb99860f0c19ab573144b16f[\r][\n]"
11:51:56.900 [main] DEBUG org.apache.hc.client5.http.wire -- http-outgoing-41 << "Expires: Mon, 12 Feb 2024 04:56:56 GMT[\r][\n]"
11:51:56.900 [main] DEBUG org.apache.hc.client5.http.wire -- http-outgoing-41 << "Source-Age: 252[\r][\n]"
11:51:56.900 [main] DEBUG org.apache.hc.client5.http.wire -- http-outgoing-41 << "[\r][\n]"
11:51:56.900 [main] DEBUG org.apache.hc.client5.http.headers -- http-outgoing-41 << HTTP/1.1 200 OK
11:51:56.900 [main] DEBUG org.apache.hc.client5.http.headers -- http-outgoing-41 << Connection: keep-alive
11:51:56.900 [main] DEBUG org.apache.hc.client5.http.headers -- http-outgoing-41 << Content-Length: 723
11:51:56.900 [main] DEBUG org.apache.hc.client5.http.headers -- http-outgoing-41 << Cache-Control: max-age=300
11:51:56.900 [main] DEBUG org.apache.hc.client5.http.headers -- http-outgoing-41 << Content-Security-Policy: default-src 'none'; style-src 'unsafe-inline'; sandbox
11:51:56.900 [main] DEBUG org.apache.hc.client5.http.headers -- http-outgoing-41 << Content-Type: text/plain; charset=utf-8
11:51:56.900 [main] DEBUG org.apache.hc.client5.http.headers -- http-outgoing-41 << ETag: W/"e82b438271e9e8680c688b0b680efd0bdd22faa6d6f0a32fc1fd8accc486b67e"
11:51:56.900 [main] DEBUG org.apache.hc.client5.http.headers -- http-outgoing-41 << Strict-Transport-Security: max-age=31536000
11:51:56.900 [main] DEBUG org.apache.hc.client5.http.headers -- http-outgoing-41 << X-Content-Type-Options: nosniff
11:51:56.900 [main] DEBUG org.apache.hc.client5.http.headers -- http-outgoing-41 << X-Frame-Options: deny
11:51:56.900 [main] DEBUG org.apache.hc.client5.http.headers -- http-outgoing-41 << X-XSS-Protection: 1; mode=block
11:51:56.900 [main] DEBUG org.apache.hc.client5.http.headers -- http-outgoing-41 << X-GitHub-Request-Id: D6C0:23986A:25619:36F2A:65B05D65
11:51:56.900 [main] DEBUG org.apache.hc.client5.http.headers -- http-outgoing-41 << Content-Encoding: gzip
11:51:56.900 [main] DEBUG org.apache.hc.client5.http.headers -- http-outgoing-41 << Accept-Ranges: bytes
11:51:56.900 [main] DEBUG org.apache.hc.client5.http.headers -- http-outgoing-41 << Date: Mon, 12 Feb 2024 04:51:56 GMT
11:51:56.900 [main] DEBUG org.apache.hc.client5.http.headers -- http-outgoing-41 << Via: 1.1 varnish
11:51:56.900 [main] DEBUG org.apache.hc.client5.http.headers -- http-outgoing-41 << X-Served-By: cache-qpg1271-QPG
11:51:56.900 [main] DEBUG org.apache.hc.client5.http.headers -- http-outgoing-41 << X-Cache: HIT
11:51:56.900 [main] DEBUG org.apache.hc.client5.http.headers -- http-outgoing-41 << X-Cache-Hits: 2
11:51:56.900 [main] DEBUG org.apache.hc.client5.http.headers -- http-outgoing-41 << X-Timer: S1707713517.960016,VS0,VE0
11:51:56.900 [main] DEBUG org.apache.hc.client5.http.headers -- http-outgoing-41 << Vary: Authorization,Accept-Encoding,Origin
11:51:56.900 [main] DEBUG org.apache.hc.client5.http.headers -- http-outgoing-41 << Access-Control-Allow-Origin: *
11:51:56.900 [main] DEBUG org.apache.hc.client5.http.headers -- http-outgoing-41 << Cross-Origin-Resource-Policy: cross-origin
11:51:56.900 [main] DEBUG org.apache.hc.client5.http.headers -- http-outgoing-41 << X-Fastly-Request-ID: 77865f88185eef27eb99860f0c19ab573144b16f
11:51:56.900 [main] DEBUG org.apache.hc.client5.http.headers -- http-outgoing-41 << Expires: Mon, 12 Feb 2024 04:56:56 GMT
11:51:56.900 [main] DEBUG org.apache.hc.client5.http.headers -- http-outgoing-41 << Source-Age: 252
11:51:56.900 [main] DEBUG org.apache.hc.client5.http.impl.classic.MainClientExec -- ex-0000000068 connection can be kept alive for 3 MINUTES
11:51:56.901 [main] DEBUG org.apache.hc.client5.http.wire -- http-outgoing-41 << "[0x1f][0xffffff8b][0x8][0x0][0x0][0x0][0x0][0x0][0x0][0x3][0xffffffb5]V]o[0xffffffda]0[0x14]}[0xffffffe7]W\[0xffffff81]*[0xffffffb5][0x12][0x1f][[M[0xffffffd3]$[0x1e]hF[0xffffffbb]i [0x18][0xffffffb4][0xffffffdd]&[0xfffffff9][0xffffffc5]$7[0xffffffc1]R[0x12]#;[0xffffff94]v[0xffffffbf]~[0xffffffb6][0xfffffff3]1[0xffffff92][0xffffff9a][0xffffffc1][0x1a]x[0xffffffcb][0xffffffb5][0xffffffaf][0xffffffcf]9[0xffffffbe][0xfffffff7]8v[0xb][0x1c][0x1e]E4[0xfffffff6]$x4[0xffffffa1][0xb]*[0xffffffb1][0xffffffd1][0xffffff82][0xfffffffb]%[0xffffff93][0xffffffe0][0xffffffb3][0x10][0xffffffc1][0xffffffe5]qBY,!Y[0xffffffea] KM8,[0x10][0xfffffff0][0x19][0xffffffdd]u[0xffffff82][0x1e][0xffffffb0][0xffffffd8]L[0xffffffcb]%[0xffffff86][0xffffffa1][0xe][0xffffffb8][0xfffffff0]P[0xffffffe8]$[0xf][0x13]t[0x13]3[0xfffffff9][0xffffff84]B2[0xffffffae][0xffffffe6]|@[0xfffffff5][0x1d][0x8][0xffffffc4][0x18][0x16][0xffffff82]o[0xffffffa4][0xffffff9a]P[0xffffff94][0xffffffe7][0xffffffce]R[0xfffffff0][0x8][0xffffffdb]p[0xffffffcb][0x4][0xfffffffa][0xfffffffc][0xffffffb9][\r][0xffffff93][0x15][\n]"
11:51:56.901 [main] DEBUG org.apache.hc.client5.http.wire -- http-outgoing-41 << "[0xffffffda][0xffffff86][0xffffffa1][0x17][0xffffffa8]Q3[0xffffffcb][0xffffffd6][0xffffffd1][0xffffff85][0xffffffc6][0xfffffff7][0xffffff98][0xffffffef][0xffffffa3][0xffffffc0]8[0x1][0xffffffae]s[0x12][0x16][0x7] _d[0xffffff82][0xffffff91][0xffffff84][0xfffffff3][0x1f],[0xfffffff6][0x14]j[0x1b]F,^+[0xffffff98]1ua2[0xffffffbf]h([0xffffff8e][0xffffff94][0xffffffa2][0xffffff91]m[0xffffffa3][0xffffffeb][0xffffff9a][0xffffffb0][0xffffffbb]I[0x17]t[0xffffffdf][0xffffffbd][0xffffffef][0xffffffbb][0xffffff91][0xffffffd7]U[0xffffffbb][0xffffff82][0xffffff9e][0x3][0xffffff9b][0xffffff88][0xffffffb9][0xffffffa6]$[0xffffffa6][0xc][0xffffff9b][0xffffffa5][0xffffffe2][0xffffff83][0xffffff98]F[0xffffffd8]o[0xffffff9e]Mg[0xffffff93][0xffffffbb][0xffffffd9]`|[0xfffffffb]u4[0xffffff9c][0x7f]"}B[0xffffffce][0x8][0xffffffb9][0xffffffe3]<[0x8][0xffffff91][0xffffff90][0xffffff94][0xffffff82][0xffffff90][0xffffffc1]j[0x15]2WI[0xffffffe3]1![0x19][0xffffff91]BnB[0xffffff80][0x9]<f[0xffffffb5][0xffffffe8]=[0xffffffd1]p[0xffffffbd][[0xffffffcf][0xffffffe5][0x1b][0xfffffff4][0xffffff9c][0xffffffff][0xfffffffc][0xfffffff8][0xffffffe1][0xffffffe2][0xffffff94][0xffffffa2][0xffffffae][0xe][0x14]5[0xffffff9a]8[0xffffff83][0xffffffd1]`:[0xfffffffd]<[0xffffffb8][0x1f][0xffffff9c]R[0xffffffcf]u[0x7f]6[0xffffffbc][0xffffff83][0xffffffef][0xf][0xffffffc3][0xffffffd9]/[0xfffffff8][0xfffffff2][0xffffffcd]y s[0xffffffee]'[0x1b]*0g[0xffffffcb][0xffffffc8]nF7H][0xffffff83][0xffffff97]{[0xffffffb1]Q[0x5][\r][0xffffffb5]c[0xffffffb4][0xf][0x2][0xffffffb3][0xffffffb4][0xffffff93][0xe]C[0xffffffa7][0xffffffb3]kAD][0xffffff9d][0xffffffde][0xffffffdb][0xffffffda][0xffffff88][0xffffffec][0xffffffa5][0xffffffbc][0xffffff99][0xffffffd9][0xffffffba]t[0xffffffb5][0xffffffea]9[0xffffffea][0x10])[0xffffffb7][0xffffffca][0xffffff9e][0xfffffff2][0xffffffe2]d^N[0xffffffd8]FW[0x16][0xffffffcd][0xffffffdc]_[0x10][0xfffffff9]i|[0x1c][0xffffff93][0xffffff8e][0xfffffff9]o[0x16][0xffffff86]4'!$G[0xffffffdf]W[0xfffffff4]W*j[[0xfffffff3]xR[0xffffffae][0xffffffb6][0xc][0xffffffd0],; #[0xffffffa9][0xffffff92]5[0xffffffb5][0x7][0xffffff9c][0xffffffb5][0xffffffd0][0x7f][0xffffff90][0xffffffc7]jgs[0xfffffffc][0xffffffc2][0xb][0xffffffd9][0x0]t[0xffffff9e]^'Y[0xfffffffb][0xffffff9f][0xffffffb1][0xffffffd8]:[0xffffffbf][0xffffff8d][0xffffffa5][0xffffff9a][0xffffffad][0x7f]m[0x5]&[0xffffffaa][0xffffffa0]^[0xffffff9b][0xffffffcb][0x5]f[0xffffffae][0xffffffe0]RU[0xffffff82][0x10]MS9l[0xffffff91]4t[0xfffffffb][0xffffff8a]][0xffffffd6][0xfffffff4][0xffffff96][0xffffffa6][0xffffff9f]P[0xffffffce][0xffffffd5][0xffffffce][0xffffff93][0xffffffff][0xffffff97][0xffffffcc]p[0xfffffffd][0xfffffff3][0xffffffe8][0x1b][0xffffffcc][0xffffffa2][0xffffffd9]Q[0xffffffbe][0xffffffb2][0xffffffa3][0xffffffc7]m'[0xffffffdf][0xffffffe4][[0xfffffffb]^[0xffffffb0][0xffffff9a][0xffffffbe][0xffffffda][0xffffffda]_[0xffffffce][0xffffff80][0xffffffd2][0xffffffc1]7[0xffffffb7]][0xffffffc1]b[0xffffffee][0xffffffb5][0xffffffff]w[0xffffff83][0xffffffed][0xffffffa7];[0x15]<[0x10]4[0xffffff92][0xffffff84][0x18][\n]"
11:51:56.901 [main] DEBUG org.apache.hc.client5.http.wire -- http-outgoing-41 << "BB[0xffffffba][0xffffff8e]][0xffffffb5]jo[0xffffffb9]+"[0xffffffea][0xffffffb4][0xffffffff]h"[0xffffffea]\?5[0xffffffa9][0xffffffaf]k[0xffffffec][0xffffffff]P[0xffffffea][\n]"
11:51:56.901 [main] DEBUG org.apache.hc.client5.http.wire -- http-outgoing-41 << "w[0xffffffe1]K[0x13][0xffffffda][0xffffffec][0xffffff98][0xffffffe6]Y[0xfffffffd]h8m6[0xffffff9c]T[0xffffffc1][0xfffffff2][0xffffffa7][0xffffff91]z_[0xffffff95]o85p[0x1c][0x13][0xffffffe6][0xfffffff0]5[0xffffffee][0xfffffffc][0xffffff92][0xffffff96][0xffffffda][0xfffffff7][0xffffffcf][0xffffffb1][0x5][0x1d][0xffffffea]K[0xffffff9b]9[0xffffff8e][0xffffffad]e[0xfffffff7][0xffffff93][0xffffffa8]`[0xffffffda][0xffffffff][0x1a][0xffffffd2][0xffffff88][0xffffff85][0xfffffffd][0xfffffff2][0xffffff91]N[0xfffffff6]`[0xffffffdf]2[0xffffffcf][0xffffffae]E[0xffffff97][0xffffffc5][0xffffffa2][0xffffff9d][0xffffffef]'[0xffffff9d]mun.[0xffffffd3]f^[0xffffffc7][0xffffff82][0xffffffda][0xffffff82]9[0xfffffff5][0xffffffa9]`[0x5][0xffffffbc]4[0xffffffa1][0x1d]<M[0xffffffb5]A[0xffffffa7]3[[0xffffffc0][0x7f][0x0][0xffffffc1][0xffffffd0]$[0xffffff85][0x1d][\r][0x0][0x0]"
11:51:56.901 [main] DEBUG org.apache.hc.client5.http.impl.classic.InternalHttpClient -- ep-0000000068 releasing valid endpoint
11:51:56.901 [main] DEBUG org.apache.hc.client5.http.impl.io.PoolingHttpClientConnectionManager -- ep-0000000068 releasing endpoint
11:51:56.901 [main] DEBUG org.apache.hc.client5.http.impl.io.PoolingHttpClientConnectionManager -- ep-0000000068 connection http-outgoing-41 can be kept alive for 3 MINUTES
11:51:56.901 [main] DEBUG org.apache.hc.client5.http.impl.io.PoolingHttpClientConnectionManager -- ep-0000000068 connection released [route: {s}->https://raw.githubusercontent.com:443][total available: 2; route allocated: 1 of 5; total allocated: 3 of 25]
11:51:56.901 [main] DEBUG io.github.bonigarcia.wdm.versions.VersionDetector -- Detecting chrome version using online commands.properties
11:51:56.901 [main] DEBUG io.github.bonigarcia.wdm.versions.Shell -- Running command on the shell: [/Applications/Google Chrome.app/Contents/MacOS/Google Chrome, --version]
11:51:56.951 [main] DEBUG io.github.bonigarcia.wdm.versions.Shell -- Result: Google Chrome 121.0.6167.160
11:51:56.952 [main] DEBUG io.github.bonigarcia.wdm.versions.VersionDetector -- Getting driver version for chrome121 from online versions.properties
11:51:56.952 [main] DEBUG org.apache.hc.client5.http.impl.classic.InternalHttpClient -- ex-0000000069 preparing request execution
11:51:56.952 [main] DEBUG org.apache.hc.client5.http.impl.classic.ProtocolExec -- ex-0000000069 target auth state: UNCHALLENGED
11:51:56.952 [main] DEBUG org.apache.hc.client5.http.impl.classic.ProtocolExec -- ex-0000000069 proxy auth state: UNCHALLENGED
11:51:56.952 [main] DEBUG org.apache.hc.client5.http.impl.classic.ConnectExec -- ex-0000000069 acquiring connection with route {s}->https://raw.githubusercontent.com:443
11:51:56.952 [main] DEBUG org.apache.hc.client5.http.impl.classic.InternalHttpClient -- ex-0000000069 acquiring endpoint (3 MINUTES)
11:51:56.952 [main] DEBUG org.apache.hc.client5.http.impl.io.PoolingHttpClientConnectionManager -- ex-0000000069 endpoint lease request (3 MINUTES) [route: {s}->https://raw.githubusercontent.com:443][total available: 2; route allocated: 1 of 5; total allocated: 3 of 25]
11:51:56.952 [main] DEBUG org.apache.hc.client5.http.impl.io.PoolingHttpClientConnectionManager -- ex-0000000069 endpoint leased [route: {s}->https://raw.githubusercontent.com:443][total available: 1; route allocated: 1 of 5; total allocated: 3 of 25]
11:51:56.952 [main] DEBUG org.apache.hc.client5.http.impl.io.PoolingHttpClientConnectionManager -- ex-0000000069 acquired ep-0000000069
11:51:56.952 [main] DEBUG org.apache.hc.client5.http.impl.classic.InternalHttpClient -- ex-0000000069 acquired endpoint ep-0000000069
11:51:56.952 [main] DEBUG org.apache.hc.client5.http.impl.classic.MainClientExec -- ex-0000000069 executing GET /bonigarcia/webdrivermanager/master/src/main/resources/versions.properties HTTP/1.1
11:51:56.952 [main] DEBUG org.apache.hc.client5.http.protocol.RequestAddCookies -- ex-0000000069 Cookie spec selected: strict
11:51:56.952 [main] DEBUG org.apache.hc.client5.http.impl.classic.InternalHttpClient -- ep-0000000069 start execution ex-0000000069
11:51:56.952 [main] DEBUG org.apache.hc.client5.http.impl.io.PoolingHttpClientConnectionManager -- ep-0000000069 executing exchange ex-0000000069 over http-outgoing-41
11:51:56.952 [main] DEBUG org.apache.hc.client5.http.headers -- http-outgoing-41 >> GET /bonigarcia/webdrivermanager/master/src/main/resources/versions.properties HTTP/1.1
11:51:56.952 [main] DEBUG org.apache.hc.client5.http.headers -- http-outgoing-41 >> user-agent: Apache-HttpClient/5.0
11:51:56.952 [main] DEBUG org.apache.hc.client5.http.headers -- http-outgoing-41 >> accept-encoding: gzip, deflate, br
11:51:56.952 [main] DEBUG org.apache.hc.client5.http.headers -- http-outgoing-41 >> cache-control: max-age=0
11:51:56.952 [main] DEBUG org.apache.hc.client5.http.headers -- http-outgoing-41 >> connection: keep-alive
11:51:56.952 [main] DEBUG org.apache.hc.client5.http.headers -- http-outgoing-41 >> Host: raw.githubusercontent.com
11:51:56.952 [main] DEBUG org.apache.hc.client5.http.wire -- http-outgoing-41 >> "GET /bonigarcia/webdrivermanager/master/src/main/resources/versions.properties HTTP/1.1[\r][\n]"
11:51:56.952 [main] DEBUG org.apache.hc.client5.http.wire -- http-outgoing-41 >> "user-agent: Apache-HttpClient/5.0[\r][\n]"
11:51:56.952 [main] DEBUG org.apache.hc.client5.http.wire -- http-outgoing-41 >> "accept-encoding: gzip, deflate, br[\r][\n]"
11:51:56.952 [main] DEBUG org.apache.hc.client5.http.wire -- http-outgoing-41 >> "cache-control: max-age=0[\r][\n]"
11:51:56.952 [main] DEBUG org.apache.hc.client5.http.wire -- http-outgoing-41 >> "connection: keep-alive[\r][\n]"
11:51:56.952 [main] DEBUG org.apache.hc.client5.http.wire -- http-outgoing-41 >> "Host: raw.githubusercontent.com[\r][\n]"
11:51:56.952 [main] DEBUG org.apache.hc.client5.http.wire -- http-outgoing-41 >> "[\r][\n]"
11:51:56.974 [main] DEBUG org.apache.hc.client5.http.wire -- http-outgoing-41 << "HTTP/1.1 200 OK[\r][\n]"
11:51:56.974 [main] DEBUG org.apache.hc.client5.http.wire -- http-outgoing-41 << "Connection: keep-alive[\r][\n]"
11:51:56.975 [main] DEBUG org.apache.hc.client5.http.wire -- http-outgoing-41 << "Content-Length: 1667[\r][\n]"
11:51:56.975 [main] DEBUG org.apache.hc.client5.http.wire -- http-outgoing-41 << "Cache-Control: max-age=300[\r][\n]"
11:51:56.975 [main] DEBUG org.apache.hc.client5.http.wire -- http-outgoing-41 << "Content-Security-Policy: default-src 'none'; style-src 'unsafe-inline'; sandbox[\r][\n]"
11:51:56.975 [main] DEBUG org.apache.hc.client5.http.wire -- http-outgoing-41 << "Content-Type: text/plain; charset=utf-8[\r][\n]"
11:51:56.975 [main] DEBUG org.apache.hc.client5.http.wire -- http-outgoing-41 << "ETag: W/"2b63ea7ea7667d0729e9d848d780e58af4f6d237cb562369e48d53971ddfa6c5"[\r][\n]"
11:51:56.975 [main] DEBUG org.apache.hc.client5.http.wire -- http-outgoing-41 << "Strict-Transport-Security: max-age=31536000[\r][\n]"
11:51:56.975 [main] DEBUG org.apache.hc.client5.http.wire -- http-outgoing-41 << "X-Content-Type-Options: nosniff[\r][\n]"
11:51:56.975 [main] DEBUG org.apache.hc.client5.http.wire -- http-outgoing-41 << "X-Frame-Options: deny[\r][\n]"
11:51:56.975 [main] DEBUG org.apache.hc.client5.http.wire -- http-outgoing-41 << "X-XSS-Protection: 1; mode=block[\r][\n]"
11:51:56.975 [main] DEBUG org.apache.hc.client5.http.wire -- http-outgoing-41 << "X-GitHub-Request-Id: D6D6:22FCA9:24D88:36DD7:65B05DDF[\r][\n]"
11:51:56.975 [main] DEBUG org.apache.hc.client5.http.wire -- http-outgoing-41 << "Content-Encoding: gzip[\r][\n]"
11:51:56.975 [main] DEBUG org.apache.hc.client5.http.wire -- http-outgoing-41 << "Accept-Ranges: bytes[\r][\n]"
11:51:56.975 [main] DEBUG org.apache.hc.client5.http.wire -- http-outgoing-41 << "Date: Mon, 12 Feb 2024 04:51:57 GMT[\r][\n]"
11:51:56.975 [main] DEBUG org.apache.hc.client5.http.wire -- http-outgoing-41 << "Via: 1.1 varnish[\r][\n]"
11:51:56.975 [main] DEBUG org.apache.hc.client5.http.wire -- http-outgoing-41 << "X-Served-By: cache-qpg1271-QPG[\r][\n]"
11:51:56.975 [main] DEBUG org.apache.hc.client5.http.wire -- http-outgoing-41 << "X-Cache: HIT[\r][\n]"
11:51:56.975 [main] DEBUG org.apache.hc.client5.http.wire -- http-outgoing-41 << "X-Cache-Hits: 1[\r][\n]"
11:51:56.975 [main] DEBUG org.apache.hc.client5.http.wire -- http-outgoing-41 << "X-Timer: S1707713517.033181,VS0,VE1[\r][\n]"
11:51:56.975 [main] DEBUG org.apache.hc.client5.http.wire -- http-outgoing-41 << "Vary: Authorization,Accept-Encoding,Origin[\r][\n]"
11:51:56.975 [main] DEBUG org.apache.hc.client5.http.wire -- http-outgoing-41 << "Access-Control-Allow-Origin: *[\r][\n]"
11:51:56.975 [main] DEBUG org.apache.hc.client5.http.wire -- http-outgoing-41 << "Cross-Origin-Resource-Policy: cross-origin[\r][\n]"
11:51:56.975 [main] DEBUG org.apache.hc.client5.http.wire -- http-outgoing-41 << "X-Fastly-Request-ID: 929e90024ea16ae0a99624ceeabdd05d079f1433[\r][\n]"
11:51:56.975 [main] DEBUG org.apache.hc.client5.http.wire -- http-outgoing-41 << "Expires: Mon, 12 Feb 2024 04:56:57 GMT[\r][\n]"
11:51:56.975 [main] DEBUG org.apache.hc.client5.http.wire -- http-outgoing-41 << "Source-Age: 37[\r][\n]"
11:51:56.975 [main] DEBUG org.apache.hc.client5.http.wire -- http-outgoing-41 << "[\r][\n]"
11:51:56.975 [main] DEBUG org.apache.hc.client5.http.headers -- http-outgoing-41 << HTTP/1.1 200 OK
11:51:56.975 [main] DEBUG org.apache.hc.client5.http.headers -- http-outgoing-41 << Connection: keep-alive
11:51:56.975 [main] DEBUG org.apache.hc.client5.http.headers -- http-outgoing-41 << Content-Length: 1667
11:51:56.975 [main] DEBUG org.apache.hc.client5.http.headers -- http-outgoing-41 << Cache-Control: max-age=300
11:51:56.975 [main] DEBUG org.apache.hc.client5.http.headers -- http-outgoing-41 << Content-Security-Policy: default-src 'none'; style-src 'unsafe-inline'; sandbox
11:51:56.975 [main] DEBUG org.apache.hc.client5.http.headers -- http-outgoing-41 << Content-Type: text/plain; charset=utf-8
11:51:56.975 [main] DEBUG org.apache.hc.client5.http.headers -- http-outgoing-41 << ETag: W/"2b63ea7ea7667d0729e9d848d780e58af4f6d237cb562369e48d53971ddfa6c5"
11:51:56.975 [main] DEBUG org.apache.hc.client5.http.headers -- http-outgoing-41 << Strict-Transport-Security: max-age=31536000
11:51:56.975 [main] DEBUG org.apache.hc.client5.http.headers -- http-outgoing-41 << X-Content-Type-Options: nosniff
11:51:56.975 [main] DEBUG org.apache.hc.client5.http.headers -- http-outgoing-41 << X-Frame-Options: deny
11:51:56.975 [main] DEBUG org.apache.hc.client5.http.headers -- http-outgoing-41 << X-XSS-Protection: 1; mode=block
11:51:56.975 [main] DEBUG org.apache.hc.client5.http.headers -- http-outgoing-41 << X-GitHub-Request-Id: D6D6:22FCA9:24D88:36DD7:65B05DDF
11:51:56.975 [main] DEBUG org.apache.hc.client5.http.headers -- http-outgoing-41 << Content-Encoding: gzip
11:51:56.975 [main] DEBUG org.apache.hc.client5.http.headers -- http-outgoing-41 << Accept-Ranges: bytes
11:51:56.975 [main] DEBUG org.apache.hc.client5.http.headers -- http-outgoing-41 << Date: Mon, 12 Feb 2024 04:51:57 GMT
11:51:56.975 [main] DEBUG org.apache.hc.client5.http.headers -- http-outgoing-41 << Via: 1.1 varnish
11:51:56.975 [main] DEBUG org.apache.hc.client5.http.headers -- http-outgoing-41 << X-Served-By: cache-qpg1271-QPG
11:51:56.975 [main] DEBUG org.apache.hc.client5.http.headers -- http-outgoing-41 << X-Cache: HIT
11:51:56.975 [main] DEBUG org.apache.hc.client5.http.headers -- http-outgoing-41 << X-Cache-Hits: 1
11:51:56.975 [main] DEBUG org.apache.hc.client5.http.headers -- http-outgoing-41 << X-Timer: S1707713517.033181,VS0,VE1
11:51:56.975 [main] DEBUG org.apache.hc.client5.http.headers -- http-outgoing-41 << Vary: Authorization,Accept-Encoding,Origin
11:51:56.975 [main] DEBUG org.apache.hc.client5.http.headers -- http-outgoing-41 << Access-Control-Allow-Origin: *
11:51:56.975 [main] DEBUG org.apache.hc.client5.http.headers -- http-outgoing-41 << Cross-Origin-Resource-Policy: cross-origin
11:51:56.975 [main] DEBUG org.apache.hc.client5.http.headers -- http-outgoing-41 << X-Fastly-Request-ID: 929e90024ea16ae0a99624ceeabdd05d079f1433
11:51:56.975 [main] DEBUG org.apache.hc.client5.http.headers -- http-outgoing-41 << Expires: Mon, 12 Feb 2024 04:56:57 GMT
11:51:56.975 [main] DEBUG org.apache.hc.client5.http.headers -- http-outgoing-41 << Source-Age: 37
11:51:56.975 [main] DEBUG org.apache.hc.client5.http.impl.classic.MainClientExec -- ex-0000000069 connection can be kept alive for 3 MINUTES
11:51:56.975 [main] DEBUG org.apache.hc.client5.http.wire -- http-outgoing-41 << "[0x1f][0xffffff8b][0x8][0x0][0x0][0x0][0x0][0x0][0x0][0x3][0xffffff8d][0xffffff97][0xffffffcb]n+7[0xc][0xffffff86][0xfffffff7]y[0xffffff8a][0x1][0xffffffba][0xffffffce]XWJ[\n]"
11:51:56.975 [main] DEBUG org.apache.hc.client5.http.wire -- http-outgoing-41 << "[0xffffffa0]M[0xffffffaf][0xffffffab][0xffffffa2][0xffffff8b][0xfffffff6][0x5]|[0xffffffec]I28[0xffffff8e]'[0xffffffb0][0xffffff9d][0xffffff93][0xffffff83]>}II[0xffffffd4][0xffffffc8][0xffffff9a][0x16][0xffffffe8][0xffffffc2]H[0xfffffff8][0xffffff8d]F")[\r][0xfffffff5][0xfffffff3][0xffffff87][0xffffffe1][0xffffffaf][0xffffffd7][0xfffffff9]:<[0xffffffcf][0xffffffa7]i8,[0xffffffe7][0xffffffdb]~>_[0xffffff87][0xffffffdb][0xffffffeb]4|=/[0xffffff9f][0xffffffe7][0xffffffe1]x[0xffffff99][0xffffffbf]M[0xffffff97][0x1][0x7f][0xffffffd7]y[0xffffffc1]'[0xffffff87][0xffffffe5][0xffffffed]}[0x7f][0xffffff9b][0xffffffbf][0xffffffe0][0xffffffe8][0xffffffcf][0xfffffff9][0xfffffff6][0xffffff9a]F[0x1e][0xffffff96][0xffffffcb]e[0xffffffba][0xffffffbe]/[0xffffffe7][0xffffffe3]|~[0x19][0xffffffbe]\[0xffffff96][0xffffffcf][0xffffffeb][0xfffffffa][0xffffffca][0xffffffc3][0xffffffc3][0xf][0xffffffc3][0xffffff8f][0x19]=[\r][0xffffffbf]-[0xffffffcb][0xb][0xffffffbe][0xfffffff9][0xffffffd3][0xffffffeb]ey[0xffffff9b][0xffffff86][0xfffffffd][0xfffffff9][0xffffff98][0xffffffff][0xffffff9d]?[0xffffffde][0xffffff86][0xffffffc7][0xffffffe1][0xffffffe7][0xffffffb4][0xffffffd4][0xffffffd3]pHO[0xfffffff3][0xffffffc2][0xfffffff8][0xfffffff2][0xffffff9f][0xffffffcb][0xffffffc7][0xffffffe5]0=[\r][0xffffffaf][0xffffffb7][0xffffffdb][0xfffffffb][0xffffffd3]n[0xffffffd7]>[0x1d][0xf][0xffffffe5][0xffffffed]q[0xffffffb9][0xffffffbc][0xffffffec][0xffffff8e][0xffffffe8][0xffffffef]i[0xffffffd9][0x1f][0xffffffaf][0xf]y[0xffffff8c][0xffffff94]&[0xffffffe2]o[0x14][0xffffffa3]u[0xffffffda][0xffffff8e]AT[0xffffffae][0xffffff91]k[0xffffffe2][0xffffffe0][0xffffffd4][0x8][0xffffffba]r[0xffffff85]\%.[0xffffffed]hB[0xffffffe5][0x12][0xffffffb9]$nA[0xffffff8f]`*[0x17][0xffffffc8][0x5]q[0xffffffe3][0xffffffe5][0xffffffe8][0x1c]s[0x11]"[0xfffffffe][0x12][0xffffffc7][0xffffffe5]][0x1d]/<rO\[0xffffffdb]0:Y[0xffffffb9]C[0xffffffee][0x12][0x17]f[0x4]U9 [0x7][0xffffffe2][0xffffffca][0xffffff84][0x11][0xffffffd6][0xfffffff1][0x16][0xffffffb9]%.[0xffffff83][0xffffffc5][0xffffff87][0xffffff95]c[0xffffffbc]"[0xffffffc5]Ka[0xffffffb8][0xffffffea][0xffffffbf][0xffffffc0]xE[0xffffff8a]W[0xffffff80][0x18][0xffffffa5]^[0x1d][0xffffffc2][0xffffff80]E[\n]"
11:51:56.975 [main] DEBUG org.apache.hc.client5.http.wire -- http-outgoing-41 << "X[0xffffffe0]|[0xffffffcd][0x2][0x18][0xffffffb0][0xffffffa0][0xffffff80]M[0xffffffb0]r4+[0xffffffc7][0xffffff80][0x5][0x5]l|[0xffffff80][0x11]8[0xffffffa1]![0xffffffc4][0x10][0x12]5[0x6][0xffffffd7]f[0xffffffea]c[0xffffffa0]`[0xffffff8d][0xffffffb3]~[0xffffffc4]e[0x18][0xffffffbb][0x18](V[0x3]A[0xffffffad]9[0x8][0x10][0x3]$[\n]"
11:51:56.975 [main] DEBUG org.apache.hc.client5.http.wire -- http-outgoing-41 << "f4[0xffffff96][0xffffffa9][0xffffff8d][0xffffffc1]&[0xffffffaa][0xfffffffd][0x8][0x1c]O01[0xffffff98]D19[0xffffffb8][0xffffff91][0xffffff8c]u[0xc][0x14][0xffffffa4][0xffffffb1][0xffffffce][0xffffffad][0xffffff9b][0x1a]T[0xc]*Q[0xffffffdc]R[0xffffffcc]2c[0x19]C[\n]"
11:51:56.975 [main] DEBUG org.apache.hc.client5.http.wire -- http-outgoing-41 << "[0xffffffd0][0xffffffe0][0x9][0xffffffc0]X[0x19][0xffffff8b][0x18]R|F[0xffffff8b]Qq[0xffffff9e]|[0xffffff88]>[0xffffffc5][0xffffffa7][0xfffffff1][0xffffff8f][0xffffffe2][0xffffff99][0xffffffbd][0xffffff8f]>[0xffffffc5][0xffffffa7][0xffffff95][0x19][0x3]0u[0xffffffd1][0xffffffa7][0xfffffff0][0xffffff94][0x17][0xffffffa3][0xfffffff7]L![0xfffffffa][0x14][0xffffff9e]28/[0xffffffa7][0xffffffc2][0xffffffdb][0xffffffe8]Sx[0xffffffd2][0xffffffeb][0xffffffd1][0xffffffb3]k[0xffffffde]D[0xffffff9f][0xffffffc2][0xffffff93][0xffffffc6][0xffffff8d][0xffffff9a]s[0xffffffec]u[0xfffffff4]):[0xffffffda]I[0xffffffcd][0xffffffa9][0xfffffff0]2[0xfffffffa][0x14][0xffffff86][0xffffffc0][0xffffffcc]K][0xffffff97][0x13][0xffffffd1]S[0x18]:[0xffffffa0]/x[0xffffff84][\n]"
11:51:56.975 [main] DEBUG org.apache.hc.client5.http.wire -- http-outgoing-41 << "v![0xffffffba][0xffffff90][0xffffffb0][0xffffffb1][0xffffffa3][0xffffffae][0xffffffd4]G[0xffffffe7][0x13][0xffffffc5][0xffffffb3][0xffffff83][0xffffffe7][0xffffff8a][0xffffffb1][0xffffff8b][0xffffff8e][0x2][0xffffffd1][0x1e][0xfffffff0][`7[0x1c]D[0x7][0xffffff89][0xffffffe2][0x1][0xffffff97][0xffffffaa][0xffffffce]a[0xffffffa3][0xffffffa3]H[0xffffffb4]sx[0xffffffc0][0xffffffd6][0xffffffd1]&:[0xffffff93][0xffffffb0][0xffffffc2][0xfffffff3][0xffffffcb]PGG[0xffffff91]h[0xffffffc0][0xffffff80][0xffffff80]]v**[0xffffffdc]Q[0xffffffb6][0xffffffe4][0xffffff9d]%[0xffffffc8]b[0xffffffc7] [0xffffff90][0xffffffc5]{[0x3][0xffffff9e],[0xffffffce](8[0xffffffb2]x7[0x1][0xffffffc8]bg[0xffffffc0][0xffffffa2]US[0x4][0xffffff86],[0xffffffce]9h[0xffffffb2]x= _t][0xffffff8f]|[0xffffffa9][0xffffffdf][0xc][0xffffff90]/Z[0xffffffdf]U[0xffffffb5][0xffffffdf][0xffffff97][0xffffffbf][0xffffffe7][0xffffffd3]i?[0xfffffffc]:_[0xffffffa6][0xffffffe7][0xffffffe5]{S[0xffffffca]^[0xffffffa6][0xffffffc3][0xffffffd7][0xffffffe5]_+[0xffffffd9][0x15]K[0xffffffd9][0xb][0x16][0xffffffd0][0xffffff8f]/#[0xffffff96][0xffffffd4][0xffffffdd][[0xffffff9e]b[0xffffffd7][0xffffffbc][0xffffffb0][0xffffffbb]L[0xffffffa7]i[0x7f][0xffffff9d][0xffffffae][0xf][0xffffffcf]y^[0xffffffa9]d[0xffffffc4][0xffffffb4]aBW"[0xffffff88][0xffffffe8][0xffffff86][0xffffffc8][0xffffffb0]!~C[0xffffffdc][0xffffff86][0xffffffc0][0xffffff86][0xffffffd8][\r]1[0x1b][0xffffffa2]7Dm[0xffffff88][0xffffffdc][0xffffff90][0xffffffe4][0xffffffb3][0x1a]U%"d[0xffffffb2][0xffffff8e][0x11]~C[0xffffffdc][0xffffff86][0xffffffc0][0xffffff86][0xffffffd8][\r]I>[0xffffffcb][0xffffff96][0xffffffe8][\r]Q[0x1b]"7Dt$[0xffffff84][0x1e][0xfffffff8][0x1e][0xffffffb8][0x1e]@[0xf]l[0xf]zoC[0xffffffef]l[0xffffffe8]}[\r][0xffffffbd][0xffffffab][0xffffff81]<[0xffffffc5][0xffffffaf][0xffffffad][0x1][0xffffffe3]i>[0x7f]|[0xffffffcf]X2[0xfffffff6][0xffffffa1][0x1b][0xffffffe7]}[0xf]\[0xf][0xffffffa0][0x7][0xffffffb6][0x7][0xffffffa6][0x7][0x14][0xffffff80][0xfffffff2][\r]P=[0xffffffa0][0x0][0xffffff94]k[0xffffff80][0xffffffe8][0xffffff80][0xb]=H[0xffffff9e]B[0x3]\[0xf][0xffffffa0][0x7][0xffffffb6][0x7][0xffffffa6][0x7][0xffffffba][0x7][0xffffffaa][0x7][0xffffffb2][0x7][0xffffffa2][0x3][0x10]z[0xffffff90]<[0xffffffb5][\r]H[0xffffff9e]6_0@[0xf]l[0xf][0xffffff92][0xffffffa7][0xffffffcd][0x7][0x4][0xffffffba][0x7][0xffffffc9][0xffffffd3][0xffffffe6][0xffffffd8]C[0xfffffff2][0xffffffb4]9[0x14] :`C[0xf]|[0xf]\[0xf][0xffffff92][0xffffffa7][0xffffffa2][0x1][0xffffff96]A[[0xb][0xffffffff]x[0xffffff9f].[0xfffffffb][0xffffffa6][0x2].d[0xffffffff][0xffffff9f][\n]"
11:51:56.975 [main] DEBUG org.apache.hc.client5.http.wire -- http-outgoing-41 << "[0xffffff98][0x6]^[0xffffff97][0xffffffe7][0xffffffdb][0xffffffe7][0xfffffffe]2e[0xffffff8b][0xffffffd5]]_[0xf][0xffffffd3][0xffffffc3][0xffffffa4][0xffffff8e]hy[0xffffffd4]![0xffffffa8]>[0xffffff94][0x10][0xffffffcc]Q[0x1d][0xffffffc9][0xffffff90]8^s[0x12]o[0xfffffff1][0xffffffc2]I[\r]&[0xfffffff5][0x15]P'[0xfffffff8][0xffffffc0][0xffffff98][0xffffffc4]`[0x12]_[0x1]E[0xffffff86][0xffffffd4][0xffffff8a]9[0xffffff89][0xffffffc1]$[0xffffffbe]<N[0x13][0x1c]c[0xffffffd2][0xffffff82]I{9[0xfffffffc][0xffffffb2]$[\n]"
11:51:56.975 [main] DEBUG org.apache.hc.client5.http.wire -- http-outgoing-41 << "[0xffffff98][0xffffffc2]E[0xffffffab]5[0xffffffb1][0xffffffc8]e[0xffffff8e]u[0xffffffa2][0xffffff91][0xffffff9a]R[0xffffff95]i[0xffffffb0]Z4J[0xffffffd3]3uw:[0xffffffd3][0x16][\n]"
11:51:56.975 [main] DEBUG org.apache.hc.client5.http.wire -- http-outgoing-41 << "[0xffffffad][0xffffffca][0xffffff94][0x1c]g[0xffffffb0][0xffffffad][0xffffffc8][0xffffffc4]L[0x14]lZ[0xffffff8d][0x19]J[0xffffff94]A[0xffffffb7][\n]"
11:51:56.975 [main] DEBUG org.apache.hc.client5.http.wire -- http-outgoing-41 << "[0x13]eI[0xffffffa6][0xffffffaa][0xffffffd5][0xffffff97][0xffffff98][0xffffffb4][0xffffff82]e+/I[0xffffffb9]e,Zu[0xffffffe9]K[0xffffffe0]>[0xffffffb4][0xffffffda][0x12][0xffffffa0]P[0xffffffdf][0x9][0xffffffcb]L]++[0xffffffa1]l[0xffffff8c][0xffffff87]VT[0xffffffd6][0x14]aq[0xffffffb9][0x13][0xffffff95][0x19][0xffffff9a]FS[0xfffffffa][0xffffffe2][0x18][0x16][0xffffff99];E[0xffffff99][0xffffffa1][0xffffffba][0x17][0xffffff94][0x19][0xffffffca]FOZ^_4r[0xffffff92]][0xffffffc5][0xffffffa2]s'&3[0xfffffff4][0xffffff9d][0xffffff96][0xffffffcc][0xffffffd4]5R[0xffffffd2]1[0xffffff84]FH[0xfffffffa][0xffffffb2]<V[0xffffffa1]UG[0xffffffb2][0xfffffff7]X[0xffffff89]V[0x19][0xffffff89][0x9].T72[0x12]xR[0xffffffd5][0xffffffa8]H_6[0x1c][0xffffffcb][0xffffffd2]*"[0xffffffeb]famZE$[0xffffff9f]u[0xffffffac]O[0xffffffab][0xffffff86][0xffffffe4][0x13][0xffffff8d]5[0xffffffaa][0xffffff91][0xffffff90][0xffffffb2][0xffffff84][0xffffff8a][0xffffff85][0xffffffaa]U[0xffffff90]e-[0xffffffac]V[0xffffffab][0xffffff80]t<[0xffffffab]m[0xfffffff4]#[0x1f]e[0xffffffac]Z[0xffffffab]z[0xffffffac][0xffffff87][0x13]KW[0xffffffa3][0x1e][0xfffffff9]S[0xffffffc3][0xfffffffa][0xffffffd5][0xffffff88][0xffffffc7][0xffffffba]V[0x11]}[0xffffffc9][0xffffffb0][0xffffffa1]5[0xffffff8a][0xffffffe4][0xffffffcb]FQ|[0xffffffd9]([0xffffff82]/[0x1b]E[0xffffffef]e[0xffffffa3][0xffffffc8][0xffffffbd]l[0x14][0xffffffb5][0xffffff97][0xffffff8d]"[0xfffffff6][0xffffffb2]![0xffffffb3][0xffffffba][0xffffffcb][0xffffff86]h[0xc]C[0x1e][0xffffffb0][0xffffffc7][0xffffff86]<[0xffffffd0]e[0x1d]C[0x1e][0xffffffa8][0xffffff92][0xc][0x3][0xffffffd9][0xffffffb8][0xffffff93][0xffffff87][0xfffffff3][0xffffffe1][0xffffffb2]Pe[0x1b]~9[0xffffffbe]LMm|[0xffffffbb]N[0x8][0xfffffffe][0xffffffb3]8[0x1e][0xffffffa7]o[0xffffffd3][0xffffff89]f[0x1d][0xffffffdf]x[0xffffff86]T)[0xffffffa7][0xfffffff3][0xffffffe3][0xffffffc7]uW[0xffffffd9]#M[0xffffffb2][0xffffffbb]-[0xffffffcb][0xffffffe9][0xffffffba][0xfffffffb][0xffffff9c][0xffffffbe][0xffffff94]b[0xfffffff9]@t[0xffffffed][0xffffff80][0xffffffa5][0xffffffc7][0x1b]C[0xfffffffa]B[0xffffffb9][0xffffffff][0xffffff95][0xe][0xffffffe5]9f2S[0xffffffee]~[0xffffffa5]S[0xffffffe9] g[0xffffffca][0xffffffbd][0xffffffaf][0x4][0xffffff90][0xffffffd4][0xffffff9b]f[0xffffffca][0xffffff9d][0xffffffaf][0xffffffb4]x>0{[0xffffff89][0xffffffd6][0xffffffbe]WZ,[0xffffffb4][0xffffffae][0xffffffac]V[0xffffffbb]^i[0x0][0xffffffe7][0xffffff85]B[0xffffffb9][0xffffffe7][0xffffffc5]n[0xffffff81][0xffffffee]"
11:51:56.975 [main] DEBUG org.apache.hc.client5.http.wire -- http-outgoing-41 << "[0xfffffff6][0xc][0xffffffb9][0xffffffe1][0xffffff95][0xffffffda][0xffffffd1]MZ([0xffffffb7][0xffffffbb][0xffffffd8][0xffffffb9]j[0xffffffac]`[0xffffff85]r[0xffffffb3]+[0x15]~[0xffffffa9][0xffffff8e]g[0xffffffe0]V[0x17]{[0x13]S[0xffffff83][0xffffffa8]}.[0xffffffde][0x6][0xffffff96]z[0xffffff87]L[0xffffffb9][0xffffffcb]Ea-[0xffffffd6]y[0xffffffb9][0xffffffc7][0xffffffc5][0xffffffcb][0xffffffc2]R[0xffffffa7]E[0xffffff94];\,[0xfffffffd]T(2+[0xfffffffd][0xffffffad][0xffffffa4][0xffffffe8]Jb[0xffffffb8][0xffffffb9][0xffffffc5][0xffffffd0]Te[0xffffffa5][0xffffffb5][0xffffffc5][0x18]Le[0xffffffa5][0xffffffb1]E[0xffffffaf][0xffffffea][0xffffffca][0xffffffdc][0xffffffd6][0x6][0xffffffac]1ZfTZ[0xffffffda][0xffffff80][0xffffffa9][0xffffffd7]eT[0xffffffe9]g[0xffffff83]X[0x17]([0xffffffbd][0xffffffac][0xffffffa7]JW^,}[0xffffffac][0xffffffc7][0xffffffc0]2[0xffffffe1][0x1e][0xffffff96]v<o[0xc][0xfffffff7][0xffffffaf][0xe]s[^[0xffffffe3][0xffffffe6][0x15] [0xffffff94]-[0xffffffe1][0xffffffc6][0x15][0xfffffff0]H@[0xffffffce][0x5]w[0xffffffad][0xffffff96][0x12]\F[0xffffff95][0xffffff96][0xffffffd5]&[0xffffffe1][0xffffff92][0x8][0xffffffb7][0xffffffab]X[0x1a]lY[0xf][0xffffffab]W[0xffffffae][0xffffff9e][0xffffff81]}[0xffffffe2][0xffffffee][0x15][0xffffffef][0xffffffd9][0xffffffb2]U[0xffffffb5]s[0xffffffc5][0xffffff88][0xfffffff1][0xffffffdc]%V[0xffffffdb]V:[0xffffffb3][0xffffff99][0xffffff94][0xffffff96]U9>:[0xffffffdc][0xffffffad]*]I[0xffffffe9]T[0xffffffa9],[0x16]R[0xffffff9a]T[0xffffffa9]I.$dL|[0xffffffbf]L[0xffffff8f][0xfffffff3][0xfffffff9]z[0xffffffdb][0xffffff9f]N[0xffffffd3]1C[0x15][0xffffff81]nv[0xffffff9d][0xffffffcf][0xffffff89][0xffffff91][0x11]K[0x18][0xffffffa8][0xffffff90][0xffffffc3]7"b[0xffffff9d][0xffffffc4][0xffffffdb].[0xffffffef][0xffffff87][0xfffffff6][0x11]?,[0xffffffa3]C6[0x15][0x15][0x1d][0xffffffdc]i[0xffffff9f][0xffffffcf][0x8][0xfffffff6]gtec[0xffffffbd]~[0xfffffff8][0x7][0x18]<[0xfffffffe][0xffffff8d]h[0x13][0x0][0x0]"
11:51:56.975 [main] DEBUG org.apache.hc.client5.http.impl.classic.InternalHttpClient -- ep-0000000069 releasing valid endpoint
11:51:56.975 [main] DEBUG org.apache.hc.client5.http.impl.io.PoolingHttpClientConnectionManager -- ep-0000000069 releasing endpoint
11:51:56.975 [main] DEBUG org.apache.hc.client5.http.impl.io.PoolingHttpClientConnectionManager -- ep-0000000069 connection http-outgoing-41 can be kept alive for 3 MINUTES
11:51:56.975 [main] DEBUG org.apache.hc.client5.http.impl.io.PoolingHttpClientConnectionManager -- ep-0000000069 connection released [route: {s}->https://raw.githubusercontent.com:443][total available: 2; route allocated: 1 of 5; total allocated: 3 of 25]
11:51:56.975 [main] DEBUG io.github.bonigarcia.wdm.versions.VersionDetector -- Driver for chrome121 not found in online properties (using local versions.properties)
11:51:56.976 [main] DEBUG io.github.bonigarcia.wdm.WebDriverManager -- The driver version for CHROME 121 is unknown ... trying with latest
11:51:56.976 [main] DEBUG org.apache.hc.client5.http.impl.classic.InternalHttpClient -- ex-0000000070 preparing request execution
11:51:56.977 [main] DEBUG org.apache.hc.client5.http.impl.classic.ProtocolExec -- ex-0000000070 target auth state: UNCHALLENGED
11:51:56.977 [main] DEBUG org.apache.hc.client5.http.impl.classic.ProtocolExec -- ex-0000000070 proxy auth state: UNCHALLENGED
11:51:56.977 [main] DEBUG org.apache.hc.client5.http.impl.classic.ConnectExec -- ex-0000000070 acquiring connection with route {s}->https://googlechromelabs.github.io:443
11:51:56.977 [main] DEBUG org.apache.hc.client5.http.impl.classic.InternalHttpClient -- ex-0000000070 acquiring endpoint (3 MINUTES)
11:51:56.977 [main] DEBUG org.apache.hc.client5.http.impl.io.PoolingHttpClientConnectionManager -- ex-0000000070 endpoint lease request (3 MINUTES) [route: {s}->https://googlechromelabs.github.io:443][total available: 2; route allocated: 1 of 5; total allocated: 3 of 25]
11:51:56.977 [main] DEBUG org.apache.hc.client5.http.impl.io.PoolingHttpClientConnectionManager -- ex-0000000070 endpoint leased [route: {s}->https://googlechromelabs.github.io:443][total available: 1; route allocated: 1 of 5; total allocated: 3 of 25]
11:51:56.977 [main] DEBUG org.apache.hc.client5.http.impl.io.PoolingHttpClientConnectionManager -- ex-0000000070 acquired ep-0000000070
11:51:56.977 [main] DEBUG org.apache.hc.client5.http.impl.classic.InternalHttpClient -- ex-0000000070 acquired endpoint ep-0000000070
11:51:56.977 [main] DEBUG org.apache.hc.client5.http.impl.classic.MainClientExec -- ex-0000000070 executing GET /chrome-for-testing/last-known-good-versions-with-downloads.json HTTP/1.1
11:51:56.977 [main] DEBUG org.apache.hc.client5.http.protocol.RequestAddCookies -- ex-0000000070 Cookie spec selected: strict
11:51:56.977 [main] DEBUG org.apache.hc.client5.http.impl.classic.InternalHttpClient -- ep-0000000070 start execution ex-0000000070
11:51:56.977 [main] DEBUG org.apache.hc.client5.http.impl.io.PoolingHttpClientConnectionManager -- ep-0000000070 executing exchange ex-0000000070 over http-outgoing-39
11:51:56.977 [main] DEBUG org.apache.hc.client5.http.headers -- http-outgoing-39 >> GET /chrome-for-testing/last-known-good-versions-with-downloads.json HTTP/1.1
11:51:56.977 [main] DEBUG org.apache.hc.client5.http.headers -- http-outgoing-39 >> user-agent: Apache-HttpClient/5.0
11:51:56.977 [main] DEBUG org.apache.hc.client5.http.headers -- http-outgoing-39 >> accept-encoding: gzip, deflate, br
11:51:56.977 [main] DEBUG org.apache.hc.client5.http.headers -- http-outgoing-39 >> cache-control: max-age=0
11:51:56.977 [main] DEBUG org.apache.hc.client5.http.headers -- http-outgoing-39 >> connection: keep-alive
11:51:56.977 [main] DEBUG org.apache.hc.client5.http.headers -- http-outgoing-39 >> Host: googlechromelabs.github.io
11:51:56.977 [main] DEBUG org.apache.hc.client5.http.wire -- http-outgoing-39 >> "GET /chrome-for-testing/last-known-good-versions-with-downloads.json HTTP/1.1[\r][\n]"
11:51:56.977 [main] DEBUG org.apache.hc.client5.http.wire -- http-outgoing-39 >> "user-agent: Apache-HttpClient/5.0[\r][\n]"
11:51:56.977 [main] DEBUG org.apache.hc.client5.http.wire -- http-outgoing-39 >> "accept-encoding: gzip, deflate, br[\r][\n]"
11:51:56.977 [main] DEBUG org.apache.hc.client5.http.wire -- http-outgoing-39 >> "cache-control: max-age=0[\r][\n]"
11:51:56.977 [main] DEBUG org.apache.hc.client5.http.wire -- http-outgoing-39 >> "connection: keep-alive[\r][\n]"
11:51:56.977 [main] DEBUG org.apache.hc.client5.http.wire -- http-outgoing-39 >> "Host: googlechromelabs.github.io[\r][\n]"
11:51:56.977 [main] DEBUG org.apache.hc.client5.http.wire -- http-outgoing-39 >> "[\r][\n]"
11:51:57.146 [main] DEBUG org.apache.hc.client5.http.wire -- http-outgoing-39 << "HTTP/1.1 200 OK[\r][\n]"
11:51:57.146 [main] DEBUG org.apache.hc.client5.http.wire -- http-outgoing-39 << "Connection: keep-alive[\r][\n]"
11:51:57.146 [main] DEBUG org.apache.hc.client5.http.wire -- http-outgoing-39 << "Content-Length: 640[\r][\n]"
11:51:57.146 [main] DEBUG org.apache.hc.client5.http.wire -- http-outgoing-39 << "Server: GitHub.com[\r][\n]"
11:51:57.146 [main] DEBUG org.apache.hc.client5.http.wire -- http-outgoing-39 << "Content-Type: application/json; charset=utf-8[\r][\n]"
11:51:57.146 [main] DEBUG org.apache.hc.client5.http.wire -- http-outgoing-39 << "permissions-policy: interest-cohort=()[\r][\n]"
11:51:57.146 [main] DEBUG org.apache.hc.client5.http.wire -- http-outgoing-39 << "x-origin-cache: HIT[\r][\n]"
11:51:57.146 [main] DEBUG org.apache.hc.client5.http.wire -- http-outgoing-39 << "Last-Modified: Mon, 12 Feb 2024 04:09:36 GMT[\r][\n]"
11:51:57.146 [main] DEBUG org.apache.hc.client5.http.wire -- http-outgoing-39 << "Access-Control-Allow-Origin: *[\r][\n]"
11:51:57.146 [main] DEBUG org.apache.hc.client5.http.wire -- http-outgoing-39 << "Strict-Transport-Security: max-age=31556952[\r][\n]"
11:51:57.146 [main] DEBUG org.apache.hc.client5.http.wire -- http-outgoing-39 << "ETag: W/"65c99a00-229c"[\r][\n]"
11:51:57.146 [main] DEBUG org.apache.hc.client5.http.wire -- http-outgoing-39 << "expires: Mon, 12 Feb 2024 04:21:25 GMT[\r][\n]"
11:51:57.146 [main] DEBUG org.apache.hc.client5.http.wire -- http-outgoing-39 << "Cache-Control: max-age=600[\r][\n]"
11:51:57.146 [main] DEBUG org.apache.hc.client5.http.wire -- http-outgoing-39 << "Content-Encoding: gzip[\r][\n]"
11:51:57.146 [main] DEBUG org.apache.hc.client5.http.wire -- http-outgoing-39 << "x-proxy-cache: HIT[\r][\n]"
11:51:57.146 [main] DEBUG org.apache.hc.client5.http.wire -- http-outgoing-39 << "X-GitHub-Request-Id: 7E68:202855:5C382C1:5E35C94:65C99AB6[\r][\n]"
11:51:57.146 [main] DEBUG org.apache.hc.client5.http.wire -- http-outgoing-39 << "Accept-Ranges: bytes[\r][\n]"
11:51:57.146 [main] DEBUG org.apache.hc.client5.http.wire -- http-outgoing-39 << "Date: Mon, 12 Feb 2024 04:51:57 GMT[\r][\n]"
11:51:57.146 [main] DEBUG org.apache.hc.client5.http.wire -- http-outgoing-39 << "Via: 1.1 varnish[\r][\n]"
11:51:57.146 [main] DEBUG org.apache.hc.client5.http.wire -- http-outgoing-39 << "Age: 493[\r][\n]"
11:51:57.146 [main] DEBUG org.apache.hc.client5.http.wire -- http-outgoing-39 << "X-Served-By: cache-fra-eddf8230095-FRA[\r][\n]"
11:51:57.146 [main] DEBUG org.apache.hc.client5.http.wire -- http-outgoing-39 << "X-Cache: HIT[\r][\n]"
11:51:57.146 [main] DEBUG org.apache.hc.client5.http.wire -- http-outgoing-39 << "X-Cache-Hits: 7[\r][\n]"
11:51:57.146 [main] DEBUG org.apache.hc.client5.http.wire -- http-outgoing-39 << "X-Timer: S1707713517.136588,VS0,VE0[\r][\n]"
11:51:57.146 [main] DEBUG org.apache.hc.client5.http.wire -- http-outgoing-39 << "Vary: Accept-Encoding[\r][\n]"
11:51:57.146 [main] DEBUG org.apache.hc.client5.http.wire -- http-outgoing-39 << "X-Fastly-Request-ID: 6b396677e688d0591ab0cb89bafd85ae54446740[\r][\n]"
11:51:57.146 [main] DEBUG org.apache.hc.client5.http.wire -- http-outgoing-39 << "[\r][\n]"
11:51:57.146 [main] DEBUG org.apache.hc.client5.http.headers -- http-outgoing-39 << HTTP/1.1 200 OK
11:51:57.146 [main] DEBUG org.apache.hc.client5.http.headers -- http-outgoing-39 << Connection: keep-alive
11:51:57.146 [main] DEBUG org.apache.hc.client5.http.headers -- http-outgoing-39 << Content-Length: 640
11:51:57.146 [main] DEBUG org.apache.hc.client5.http.headers -- http-outgoing-39 << Server: GitHub.com
11:51:57.146 [main] DEBUG org.apache.hc.client5.http.headers -- http-outgoing-39 << Content-Type: application/json; charset=utf-8
11:51:57.146 [main] DEBUG org.apache.hc.client5.http.headers -- http-outgoing-39 << permissions-policy: interest-cohort=()
11:51:57.146 [main] DEBUG org.apache.hc.client5.http.headers -- http-outgoing-39 << x-origin-cache: HIT
11:51:57.146 [main] DEBUG org.apache.hc.client5.http.headers -- http-outgoing-39 << Last-Modified: Mon, 12 Feb 2024 04:09:36 GMT
11:51:57.146 [main] DEBUG org.apache.hc.client5.http.headers -- http-outgoing-39 << Access-Control-Allow-Origin: *
11:51:57.146 [main] DEBUG org.apache.hc.client5.http.headers -- http-outgoing-39 << Strict-Transport-Security: max-age=31556952
11:51:57.146 [main] DEBUG org.apache.hc.client5.http.headers -- http-outgoing-39 << ETag: W/"65c99a00-229c"
11:51:57.146 [main] DEBUG org.apache.hc.client5.http.headers -- http-outgoing-39 << expires: Mon, 12 Feb 2024 04:21:25 GMT
11:51:57.146 [main] DEBUG org.apache.hc.client5.http.headers -- http-outgoing-39 << Cache-Control: max-age=600
11:51:57.146 [main] DEBUG org.apache.hc.client5.http.headers -- http-outgoing-39 << Content-Encoding: gzip
11:51:57.146 [main] DEBUG org.apache.hc.client5.http.headers -- http-outgoing-39 << x-proxy-cache: HIT
11:51:57.146 [main] DEBUG org.apache.hc.client5.http.headers -- http-outgoing-39 << X-GitHub-Request-Id: 7E68:202855:5C382C1:5E35C94:65C99AB6
11:51:57.146 [main] DEBUG org.apache.hc.client5.http.headers -- http-outgoing-39 << Accept-Ranges: bytes
11:51:57.146 [main] DEBUG org.apache.hc.client5.http.headers -- http-outgoing-39 << Date: Mon, 12 Feb 2024 04:51:57 GMT
11:51:57.146 [main] DEBUG org.apache.hc.client5.http.headers -- http-outgoing-39 << Via: 1.1 varnish
11:51:57.146 [main] DEBUG org.apache.hc.client5.http.headers -- http-outgoing-39 << Age: 493
11:51:57.146 [main] DEBUG org.apache.hc.client5.http.headers -- http-outgoing-39 << X-Served-By: cache-fra-eddf8230095-FRA
11:51:57.146 [main] DEBUG org.apache.hc.client5.http.headers -- http-outgoing-39 << X-Cache: HIT
11:51:57.146 [main] DEBUG org.apache.hc.client5.http.headers -- http-outgoing-39 << X-Cache-Hits: 7
11:51:57.146 [main] DEBUG org.apache.hc.client5.http.headers -- http-outgoing-39 << X-Timer: S1707713517.136588,VS0,VE0
11:51:57.146 [main] DEBUG org.apache.hc.client5.http.headers -- http-outgoing-39 << Vary: Accept-Encoding
11:51:57.146 [main] DEBUG org.apache.hc.client5.http.headers -- http-outgoing-39 << X-Fastly-Request-ID: 6b396677e688d0591ab0cb89bafd85ae54446740
11:51:57.147 [main] DEBUG org.apache.hc.client5.http.impl.classic.MainClientExec -- ex-0000000070 connection can be kept alive for 3 MINUTES
11:51:57.147 [main] DEBUG org.apache.hc.client5.http.wire -- http-outgoing-39 << "[0x1f][0xffffff8b][0x8][0x0][0x0][0x0][0x0][0x0][0x0][0x3][0xffffffcd][0xffffff96][0xffffffcb][0xffffff8e][0xffffff9b]0[0x14][0xffffff86][0xfffffff7]}[0xc][0xffffffaf][0xffffffc1]`[0x8][0xffffffe4][0xffffffb2][0xffffff9c][0xffffff99]7hWSu[0xffffffe1][0x6]7A2[0x10][0xffffff81]'[0xffffffd3]N[0xffffffc4][0xffffffbb][0xffffffd7][0x10][0xffffffc3]p[0xffffffb1][0xffffff99]U|[0xffffff90]"%[0x1c][0xffffff9c]s~[0xffffffd0][0xffffffa7][0xffffffa3][0xffffffef][0xffffff86]D[0xffffff9a][0xffffffb1]J[0xffffffd0][0xffffffec][0xffffff82][0xe]([0xfffffff0][0xffffff83][0xffffff8d][0xffffffeb][0x7].!?[0x2]r[0xfffffff0][0xfffffff7][0xfffffff2][0xffffff83]}B^[0xffffff91][0xffffff83][0xffffff8e]g[0xffffff9a][0xffffffe7][0xffffff8c]W[0xffffffe8]pC[0xffffffdf][0x5][0xfffffffd][0xffffffcd]Y[0xfffffff3]KU[0xffffffe5]_U[0xffffffcd]AWVVi[0xffffff91][0xffffffcb][0x12][0x9][0x8][0xfffffff6]qL[0xffffffe2]-[0xffffffde]E[0xfffffff2]N[0xffffffc9][0xffffffae]i[0x7f]+[0xc][0xffffff89][0xffffffbf][0xffffff95][0xffffffc5][0xffffffa4]x[0xffffffcf]yA[0xffffff93][0xffffffea][0xffffffde][0xffffffae],2[0xffffffd9][0xfffffff8][0xffffffe7][\r]]8[0x15][0x7f][0xffffff8a]2[0xffffff93][0xffffff87]y[0xffffff9a][0xffffffbf][0xfffffffd][0xffffff8d]7[0xfffffff2][0xfffffff0][[0xffffffd9][0xffffff8c]:[0xb]q[0xffffffa9][0xe][0xffffff9e][0xffffffc7][0xffffff92][0x13]K8[0xffffffce][0x18]>][0x5][0xffffffc1][0xffffffc7]"S%[0xffffffef][0xffffffde]G}[0xffffffb9][0xffffffb2][0xffffff8d]+[0xffffffe4]3[0xffffffa6][0xfffffff9][0xffffffc9][0x1b]e[0xfffffff2]T[0xffffffe7][0xffffffee][0xffffffa0][0xffffffba][0xffffffc4][0x1f][0xffffffe9][0x5][0xffffffd5][0xffffffce](CF[0xffffff8f].-[0xffffffb3][0xffffff87][0xffffffa4][0xffffffe8]{wG[0xfffffffb][0xffffff82])[0xffffffc9]c[0xffffffde][0xffffff86][0xffffffea]<Lax[0x1b][0xffffffef]i[0x1e][0x6][0xf]H[0xffffffd0][0xfffffff6][0xffffffed][0xffffff8e][0xffffffb5][0x17][0xffffff86][0xffffffe9][0xf]y[0xfffffffe][0xffffffb6][0xffffffef]`z[0xfffffff7][0xffffffec][0xffffffbf][0x1c][0x5]fR[0xffffffa6][0xffffff92]n(<[0xffffffef][0xffffffd3][0xffffffd7][0x2][0xffffffa9]J[0xffffffb3][\n]"
11:51:57.147 [main] DEBUG org.apache.hc.client5.http.wire -- http-outgoing-39 << "T[0x7]Y[0x0][0xffffff81]U)@[0xffffffb1][0xfffffffd][0xffffffcc]0[0xffffff83][0xffffffd7]=3[0xffffff9a]pVUnuf[0xffffff9c]CQ<[0xffffff89][0xffffffb1][0x16][0xffffff9c][0xffffffa7][0xffffffb1]V[0xffffffc1][0xffffffb5].[0x14] [0xffffffe0][0xffffffd3]8[0xffffffa0][0xffffffa4]k[0xffffffc2][0xfffffff4][0xffffffc8][0xffffffd7][0xffffffb5][0xffffff83][0xffffff9e][0xffffff98][0xffffffa0]cCi+c?[0x9][0xffffff9a][0xffffffe6]ALp[0xffffffb0][0xffffff9f][0xfffffffa]I[0xffffffe4]G;[0x1f][0xffffffc2]O[0x6][0xffffff99][0x0][0xfffffffd]d[0xffffff98][0x2][0xffffffd2]O[0xffffffa6]9[0xffffffec][0xfffffffb][0xffffffc9]0[0xffffff81]}?[0xffffff99]L[0xffffff87][0xfffffff7][0x13]3[0xffffff9e][0xfffffff6][0xfffffffd]d[0x9]R[0xfffffffb]~bF[0xffffffd5][0xffffffae][0xffffff9f][0xffffff98][0xffffff80][0xffffffb5][0xffffffe9]'&l[0xffffffd7][0xffffffe2]'[0xb]K[0x16][0xffffffce]O[0x16]w.[0xffffff9c][0xffffff9f],[0xffffffac]`[0x18]?1nd[0x8]?1.[0xffffffe8]/[0xfffffffc][0xffffffe4][0xffffff85]][0xffffffc7]z[0xffffffd2][0x14][0xffffffc6]v[0x12][0xffffffb6][0xffffffad]w1[0xfffffff6]gr[0xffffffb2]%[0xffffff9b][0x10]BN>#[0x1][0xffffffba][0xffffffc9] [0x4][0xffffffa4][0xffffff9a]Lb[0xffffffd8]7[0xffffff93]A[0x0][0xfffffffb]b2[0x1e][0xe][0xffffffef]%F2[0xffffffed]k[0xffffffc9][0x2][0xffffff9f][0xfffffff6][0xffffffad][0xffffffc4]H[0xffffffa9]])1[0xffffffb0]j[0xffffffd3]I[0xc][0xffffffc4][0xffffffae]EI[0xffffffcc][0xffffffab][0x15][0xffffffce]H[0xffffff96]6-[0xffffff9c][0xffffff90][0xffffff98][0x17]/[0xffffff8c][0xffffff8f][0xffffff98][0xfffffff6]0[0xffffff84][0xffffff8e][0xffffff98][0xffffffd6][0xfffffff2][0x17]6[0xfffffff2]LsZ[0xfffffffe][0x1b][0xb][0xffffff89][0xffffffaa][0xffffffe9][0xffffff9c]d[0x1f]i[0xffffff9c]d[0xffffffb7][0xffffff8f][0x8][0xffffff9c][0xffffff93]4[0xffffff91][0xffffffc0][0xffffff9d][0xffffffa4][\r][0x1][0xffffffef]$}[0xc]('i[0x3]@9I7|-N[0xffffffa2]![0x13][0xffffffca]I[0xffffffb4]|B9[0xffffff89][0xffffff86]R[0x8]'[0xffffff99][0xffffffb1]j[0xffffffdf]If[0xffffffc4][0xffffffae][0xffffffcb]It[0xffffffab][0x15][0xffffffda]I[0xfffffff4][0xffffff9b][0x16][0xffffffda]It[0xffffff8b][0x17][0xffffffd2]I[0xffffffe6]{[0x18][0xffffffce]I[0xffffffe6]ky[0xffffffd1]I[0xffffffea][0xfffffffa][0xffffffdb][0x7f][0xffffffd5][0xffffffa2][0xffffff9a]W[0xffffff9c]"[0x0][0x0]"
11:51:57.148 [main] DEBUG org.apache.hc.client5.http.impl.classic.InternalHttpClient -- ep-0000000070 releasing valid endpoint
11:51:57.148 [main] DEBUG org.apache.hc.client5.http.impl.io.PoolingHttpClientConnectionManager -- ep-0000000070 releasing endpoint
11:51:57.148 [main] DEBUG org.apache.hc.client5.http.impl.io.PoolingHttpClientConnectionManager -- ep-0000000070 connection http-outgoing-39 can be kept alive for 3 MINUTES
11:51:57.148 [main] DEBUG org.apache.hc.client5.http.impl.io.PoolingHttpClientConnectionManager -- ep-0000000070 connection released [route: {s}->https://googlechromelabs.github.io:443][total available: 2; route allocated: 1 of 5; total allocated: 3 of 25]
11:51:57.149 [main] DEBUG io.github.bonigarcia.wdm.WebDriverManager -- Driver to be downloaded chromedriver 121.0.6167.85
11:51:57.150 [main] DEBUG io.github.bonigarcia.wdm.cache.ResolutionCache -- Storing resolution chrome=121 in cache (valid until 12:51:57 12/02/2024 WIB)
11:51:57.150 [main] DEBUG io.github.bonigarcia.wdm.cache.ResolutionCache -- Storing resolution chrome121=121.0.6167.85 in cache (valid until 11:51:57 13/02/2024 WIB)
11:51:57.151 [main] INFO io.github.bonigarcia.wdm.WebDriverManager -- Exporting webdriver.chrome.driver as /Users/fizkiarditiakusuma/.cache/selenium/chromedriver/mac-arm64/121.0.6167.85/chromedriver
  &amp#27;[32mGiven &amp#27;[0m&amp#27;[32mPengguna telah membuka situs Kepabeanan&amp#27;[0m                                    &amp#27;[90m# step_definitions.login.penggunaTelahMembukaSitusKepabeanan()&amp#27;[0m
  &amp#27;[32mThen &amp#27;[0m&amp#27;[32mPengguna Klik Field Lupa Password&amp#27;[0m                                           &amp#27;[90m# step_definitions.login.penggunaKlikFieldLupaPassword()&amp#27;[0m
  &amp#27;[32mAnd &amp#27;[0m&amp#27;[32mPengguna memasukan berbagai macam Test dalam field Lupa Password&amp#27;[0m&amp#27;[32m&amp#27;[1m"1234567890"&amp#27;[0m &amp#27;[90m# step_definitions.login.penggunaMemasukanBerbagaiMacamTestDalamFieldLupaPassword(java.lang.String)&amp#27;[0m
]]></system-out>
  </testcase>
  <testcase name="LG 006 - Lupa Password #3" classname="login" time="37.683">
    <system-out><![CDATA[
@login
Scenario Outline: LG 006 - Lupa Password                                           &amp#27;[90m# features//login.feature:50&amp#27;[0m
11:52:02.179 [main] DEBUG io.github.bonigarcia.wdm.WebDriverManager -- Using WebDriverManager 5.6.3
11:52:02.183 [main] DEBUG io.github.bonigarcia.wdm.WebDriverManager -- Using URL built from repository pattern: https://edgedl.me.gvt1.com/edgedl/chrome/chrome-for-testing/121.0.6167.139/mac-arm64/chromedriver-mac-arm64.zip
11:52:02.184 [main] DEBUG org.apache.hc.client5.http.impl.classic.InternalHttpClient -- ex-0000000071 preparing request execution
11:52:02.184 [main] DEBUG org.apache.hc.client5.http.impl.classic.ProtocolExec -- ex-0000000071 target auth state: UNCHALLENGED
11:52:02.184 [main] DEBUG org.apache.hc.client5.http.impl.classic.ProtocolExec -- ex-0000000071 proxy auth state: UNCHALLENGED
11:52:02.184 [main] DEBUG org.apache.hc.client5.http.impl.classic.ConnectExec -- ex-0000000071 acquiring connection with route {s}->https://googlechromelabs.github.io:443
11:52:02.184 [main] DEBUG org.apache.hc.client5.http.impl.classic.InternalHttpClient -- ex-0000000071 acquiring endpoint (3 MINUTES)
11:52:02.184 [main] DEBUG org.apache.hc.client5.http.impl.io.PoolingHttpClientConnectionManager -- ex-0000000071 endpoint lease request (3 MINUTES) [route: {s}->https://googlechromelabs.github.io:443][total available: 0; route allocated: 0 of 5; total allocated: 0 of 25]
11:52:02.184 [main] DEBUG org.apache.hc.client5.http.impl.io.PoolingHttpClientConnectionManager -- ex-0000000071 endpoint leased [route: {s}->https://googlechromelabs.github.io:443][total available: 0; route allocated: 1 of 5; total allocated: 1 of 25]
11:52:02.184 [main] DEBUG org.apache.hc.client5.http.impl.io.PoolingHttpClientConnectionManager -- ex-0000000071 acquired ep-0000000071
11:52:02.184 [main] DEBUG org.apache.hc.client5.http.impl.classic.InternalHttpClient -- ex-0000000071 acquired endpoint ep-0000000071
11:52:02.184 [main] DEBUG org.apache.hc.client5.http.impl.classic.ConnectExec -- ex-0000000071 opening connection {s}->https://googlechromelabs.github.io:443
11:52:02.184 [main] DEBUG org.apache.hc.client5.http.impl.classic.InternalHttpClient -- ep-0000000071 connecting endpoint (null)
11:52:02.184 [main] DEBUG org.apache.hc.client5.http.impl.io.PoolingHttpClientConnectionManager -- ep-0000000071 connecting endpoint to https://googlechromelabs.github.io:443 (30 SECONDS)
11:52:02.184 [main] DEBUG org.apache.hc.client5.http.impl.io.DefaultHttpClientConnectionOperator -- googlechromelabs.github.io resolving remote address
11:52:02.185 [main] DEBUG org.apache.hc.client5.http.impl.io.DefaultHttpClientConnectionOperator -- googlechromelabs.github.io resolved to [googlechromelabs.github.io/185.199.111.153, googlechromelabs.github.io/185.199.108.153, googlechromelabs.github.io/185.199.109.153, googlechromelabs.github.io/185.199.110.153, googlechromelabs.github.io/2606:50c0:8000:0:0:0:0:153, googlechromelabs.github.io/2606:50c0:8001:0:0:0:0:153, googlechromelabs.github.io/2606:50c0:8002:0:0:0:0:153, googlechromelabs.github.io/2606:50c0:8003:0:0:0:0:153]
11:52:02.185 [main] DEBUG org.apache.hc.client5.http.impl.io.DefaultHttpClientConnectionOperator -- googlechromelabs.github.io:443 connecting null->googlechromelabs.github.io/185.199.111.153:443 (30 SECONDS)
11:52:02.185 [main] DEBUG org.apache.hc.client5.http.ssl.SSLConnectionSocketFactory -- Connecting socket to googlechromelabs.github.io/185.199.111.153:443 with timeout 30 SECONDS
11:52:32.187 [main] DEBUG org.apache.hc.client5.http.impl.io.DefaultHttpClientConnectionOperator -- googlechromelabs.github.io:443 connection to googlechromelabs.github.io/185.199.111.153:443 failed (class java.net.SocketTimeoutException); retrying connection to the next address
11:52:32.187 [main] DEBUG org.apache.hc.client5.http.impl.io.DefaultHttpClientConnectionOperator -- googlechromelabs.github.io:443 connecting null->googlechromelabs.github.io/185.199.108.153:443 (30 SECONDS)
11:52:32.187 [main] DEBUG org.apache.hc.client5.http.ssl.SSLConnectionSocketFactory -- Connecting socket to googlechromelabs.github.io/185.199.108.153:443 with timeout 30 SECONDS
11:52:32.359 [main] DEBUG org.apache.hc.client5.http.ssl.SSLConnectionSocketFactory -- Enabled protocols: [TLSv1.3, TLSv1.2]
11:52:32.359 [main] DEBUG org.apache.hc.client5.http.ssl.SSLConnectionSocketFactory -- Enabled cipher suites: [TLS_AES_256_GCM_SHA384, TLS_AES_128_GCM_SHA256, TLS_CHACHA20_POLY1305_SHA256, TLS_ECDHE_ECDSA_WITH_AES_256_GCM_SHA384, TLS_ECDHE_ECDSA_WITH_AES_128_GCM_SHA256, TLS_ECDHE_ECDSA_WITH_CHACHA20_POLY1305_SHA256, TLS_ECDHE_RSA_WITH_AES_256_GCM_SHA384, TLS_ECDHE_RSA_WITH_CHACHA20_POLY1305_SHA256, TLS_ECDHE_RSA_WITH_AES_128_GCM_SHA256, TLS_DHE_RSA_WITH_AES_256_GCM_SHA384, TLS_DHE_RSA_WITH_CHACHA20_POLY1305_SHA256, TLS_DHE_DSS_WITH_AES_256_GCM_SHA384, TLS_DHE_RSA_WITH_AES_128_GCM_SHA256, TLS_DHE_DSS_WITH_AES_128_GCM_SHA256, TLS_ECDHE_ECDSA_WITH_AES_256_CBC_SHA384, TLS_ECDHE_RSA_WITH_AES_256_CBC_SHA384, TLS_ECDHE_ECDSA_WITH_AES_128_CBC_SHA256, TLS_ECDHE_RSA_WITH_AES_128_CBC_SHA256, TLS_DHE_RSA_WITH_AES_256_CBC_SHA256, TLS_DHE_DSS_WITH_AES_256_CBC_SHA256, TLS_DHE_RSA_WITH_AES_128_CBC_SHA256, TLS_DHE_DSS_WITH_AES_128_CBC_SHA256, TLS_ECDH_ECDSA_WITH_AES_256_GCM_SHA384, TLS_ECDH_RSA_WITH_AES_256_GCM_SHA384, TLS_ECDH_ECDSA_WITH_AES_128_GCM_SHA256, TLS_ECDH_RSA_WITH_AES_128_GCM_SHA256, TLS_ECDH_ECDSA_WITH_AES_256_CBC_SHA384, TLS_ECDH_RSA_WITH_AES_256_CBC_SHA384, TLS_ECDH_ECDSA_WITH_AES_128_CBC_SHA256, TLS_ECDH_RSA_WITH_AES_128_CBC_SHA256, TLS_ECDHE_ECDSA_WITH_AES_256_CBC_SHA, TLS_ECDHE_RSA_WITH_AES_256_CBC_SHA, TLS_ECDHE_ECDSA_WITH_AES_128_CBC_SHA, TLS_ECDHE_RSA_WITH_AES_128_CBC_SHA, TLS_DHE_RSA_WITH_AES_256_CBC_SHA, TLS_DHE_DSS_WITH_AES_256_CBC_SHA, TLS_DHE_RSA_WITH_AES_128_CBC_SHA, TLS_DHE_DSS_WITH_AES_128_CBC_SHA, TLS_ECDH_ECDSA_WITH_AES_256_CBC_SHA, TLS_ECDH_RSA_WITH_AES_256_CBC_SHA, TLS_ECDH_ECDSA_WITH_AES_128_CBC_SHA, TLS_ECDH_RSA_WITH_AES_128_CBC_SHA, TLS_RSA_WITH_AES_256_GCM_SHA384, TLS_RSA_WITH_AES_128_GCM_SHA256, TLS_RSA_WITH_AES_256_CBC_SHA256, TLS_RSA_WITH_AES_128_CBC_SHA256, TLS_RSA_WITH_AES_256_CBC_SHA, TLS_RSA_WITH_AES_128_CBC_SHA, TLS_EMPTY_RENEGOTIATION_INFO_SCSV]
11:52:32.359 [main] DEBUG org.apache.hc.client5.http.ssl.SSLConnectionSocketFactory -- Starting handshake (null)
11:52:32.546 [main] DEBUG org.apache.hc.client5.http.ssl.SSLConnectionSocketFactory -- Secure session established
11:52:32.546 [main] DEBUG org.apache.hc.client5.http.ssl.SSLConnectionSocketFactory --  negotiated protocol: TLSv1.3
11:52:32.546 [main] DEBUG org.apache.hc.client5.http.ssl.SSLConnectionSocketFactory --  negotiated cipher suite: TLS_AES_128_GCM_SHA256
11:52:32.546 [main] DEBUG org.apache.hc.client5.http.ssl.SSLConnectionSocketFactory --  peer principal: CN=*.github.io, O="GitHub, Inc.", L=San Francisco, ST=California, C=US
11:52:32.546 [main] DEBUG org.apache.hc.client5.http.ssl.SSLConnectionSocketFactory --  peer alternative names: [*.github.io, github.io, *.github.com, github.com, www.github.com, *.githubusercontent.com, githubusercontent.com]
11:52:32.546 [main] DEBUG org.apache.hc.client5.http.ssl.SSLConnectionSocketFactory --  issuer principal: CN=DigiCert TLS RSA SHA256 2020 CA1, O=DigiCert Inc, C=US
11:52:32.546 [main] DEBUG org.apache.hc.client5.http.impl.io.DefaultManagedHttpClientConnection -- http-outgoing-42 set socket timeout to 3 MINUTES
11:52:32.547 [main] DEBUG org.apache.hc.client5.http.impl.io.DefaultHttpClientConnectionOperator -- googlechromelabs.github.io:443 connected null->googlechromelabs.github.io/185.199.108.153:443 as http-outgoing-42
11:52:32.547 [main] DEBUG org.apache.hc.client5.http.impl.io.PoolingHttpClientConnectionManager -- ep-0000000071 connected http-outgoing-42
11:52:32.547 [main] DEBUG org.apache.hc.client5.http.impl.classic.InternalHttpClient -- ep-0000000071 endpoint connected
11:52:32.547 [main] DEBUG org.apache.hc.client5.http.impl.classic.MainClientExec -- ex-0000000071 executing GET /chrome-for-testing/last-known-good-versions-with-downloads.json HTTP/1.1
11:52:32.547 [main] DEBUG org.apache.hc.client5.http.protocol.RequestAddCookies -- ex-0000000071 Cookie spec selected: strict
11:52:32.547 [main] DEBUG org.apache.hc.client5.http.impl.classic.InternalHttpClient -- ep-0000000071 start execution ex-0000000071
11:52:32.547 [main] DEBUG org.apache.hc.client5.http.impl.io.PoolingHttpClientConnectionManager -- ep-0000000071 executing exchange ex-0000000071 over http-outgoing-42
11:52:32.548 [main] DEBUG org.apache.hc.client5.http.headers -- http-outgoing-42 >> GET /chrome-for-testing/last-known-good-versions-with-downloads.json HTTP/1.1
11:52:32.548 [main] DEBUG org.apache.hc.client5.http.headers -- http-outgoing-42 >> user-agent: Apache-HttpClient/5.0
11:52:32.548 [main] DEBUG org.apache.hc.client5.http.headers -- http-outgoing-42 >> accept-encoding: gzip, deflate, br
11:52:32.548 [main] DEBUG org.apache.hc.client5.http.headers -- http-outgoing-42 >> cache-control: max-age=0
11:52:32.548 [main] DEBUG org.apache.hc.client5.http.headers -- http-outgoing-42 >> connection: keep-alive
11:52:32.548 [main] DEBUG org.apache.hc.client5.http.headers -- http-outgoing-42 >> Host: googlechromelabs.github.io
11:52:32.548 [main] DEBUG org.apache.hc.client5.http.wire -- http-outgoing-42 >> "GET /chrome-for-testing/last-known-good-versions-with-downloads.json HTTP/1.1[\r][\n]"
11:52:32.548 [main] DEBUG org.apache.hc.client5.http.wire -- http-outgoing-42 >> "user-agent: Apache-HttpClient/5.0[\r][\n]"
11:52:32.548 [main] DEBUG org.apache.hc.client5.http.wire -- http-outgoing-42 >> "accept-encoding: gzip, deflate, br[\r][\n]"
11:52:32.548 [main] DEBUG org.apache.hc.client5.http.wire -- http-outgoing-42 >> "cache-control: max-age=0[\r][\n]"
11:52:32.548 [main] DEBUG org.apache.hc.client5.http.wire -- http-outgoing-42 >> "connection: keep-alive[\r][\n]"
11:52:32.548 [main] DEBUG org.apache.hc.client5.http.wire -- http-outgoing-42 >> "Host: googlechromelabs.github.io[\r][\n]"
11:52:32.548 [main] DEBUG org.apache.hc.client5.http.wire -- http-outgoing-42 >> "[\r][\n]"
11:52:32.718 [main] DEBUG org.apache.hc.client5.http.wire -- http-outgoing-42 << "HTTP/1.1 200 OK[\r][\n]"
11:52:32.718 [main] DEBUG org.apache.hc.client5.http.wire -- http-outgoing-42 << "Connection: keep-alive[\r][\n]"
11:52:32.718 [main] DEBUG org.apache.hc.client5.http.wire -- http-outgoing-42 << "Content-Length: 640[\r][\n]"
11:52:32.718 [main] DEBUG org.apache.hc.client5.http.wire -- http-outgoing-42 << "Server: GitHub.com[\r][\n]"
11:52:32.718 [main] DEBUG org.apache.hc.client5.http.wire -- http-outgoing-42 << "Content-Type: application/json; charset=utf-8[\r][\n]"
11:52:32.718 [main] DEBUG org.apache.hc.client5.http.wire -- http-outgoing-42 << "permissions-policy: interest-cohort=()[\r][\n]"
11:52:32.718 [main] DEBUG org.apache.hc.client5.http.wire -- http-outgoing-42 << "x-origin-cache: HIT[\r][\n]"
11:52:32.718 [main] DEBUG org.apache.hc.client5.http.wire -- http-outgoing-42 << "Last-Modified: Mon, 12 Feb 2024 04:09:36 GMT[\r][\n]"
11:52:32.718 [main] DEBUG org.apache.hc.client5.http.wire -- http-outgoing-42 << "Access-Control-Allow-Origin: *[\r][\n]"
11:52:32.718 [main] DEBUG org.apache.hc.client5.http.wire -- http-outgoing-42 << "Strict-Transport-Security: max-age=31556952[\r][\n]"
11:52:32.718 [main] DEBUG org.apache.hc.client5.http.wire -- http-outgoing-42 << "ETag: W/"65c99a00-229c"[\r][\n]"
11:52:32.718 [main] DEBUG org.apache.hc.client5.http.wire -- http-outgoing-42 << "expires: Mon, 12 Feb 2024 04:21:25 GMT[\r][\n]"
11:52:32.718 [main] DEBUG org.apache.hc.client5.http.wire -- http-outgoing-42 << "Cache-Control: max-age=600[\r][\n]"
11:52:32.718 [main] DEBUG org.apache.hc.client5.http.wire -- http-outgoing-42 << "Content-Encoding: gzip[\r][\n]"
11:52:32.719 [main] DEBUG org.apache.hc.client5.http.wire -- http-outgoing-42 << "x-proxy-cache: HIT[\r][\n]"
11:52:32.719 [main] DEBUG org.apache.hc.client5.http.wire -- http-outgoing-42 << "X-GitHub-Request-Id: 7E68:202855:5C382C1:5E35C94:65C99AB6[\r][\n]"
11:52:32.719 [main] DEBUG org.apache.hc.client5.http.wire -- http-outgoing-42 << "Accept-Ranges: bytes[\r][\n]"
11:52:32.719 [main] DEBUG org.apache.hc.client5.http.wire -- http-outgoing-42 << "Date: Mon, 12 Feb 2024 04:52:32 GMT[\r][\n]"
11:52:32.719 [main] DEBUG org.apache.hc.client5.http.wire -- http-outgoing-42 << "Via: 1.1 varnish[\r][\n]"
11:52:32.719 [main] DEBUG org.apache.hc.client5.http.wire -- http-outgoing-42 << "Age: 529[\r][\n]"
11:52:32.719 [main] DEBUG org.apache.hc.client5.http.wire -- http-outgoing-42 << "X-Served-By: cache-fra-eddf8230071-FRA[\r][\n]"
11:52:32.719 [main] DEBUG org.apache.hc.client5.http.wire -- http-outgoing-42 << "X-Cache: HIT[\r][\n]"
11:52:32.719 [main] DEBUG org.apache.hc.client5.http.wire -- http-outgoing-42 << "X-Cache-Hits: 5[\r][\n]"
11:52:32.719 [main] DEBUG org.apache.hc.client5.http.wire -- http-outgoing-42 << "X-Timer: S1707713553.707496,VS0,VE1[\r][\n]"
11:52:32.719 [main] DEBUG org.apache.hc.client5.http.wire -- http-outgoing-42 << "Vary: Accept-Encoding[\r][\n]"
11:52:32.719 [main] DEBUG org.apache.hc.client5.http.wire -- http-outgoing-42 << "X-Fastly-Request-ID: 4ce7dbd10e7eea8bdef640c4558efbe84db08420[\r][\n]"
11:52:32.719 [main] DEBUG org.apache.hc.client5.http.wire -- http-outgoing-42 << "[\r][\n]"
11:52:32.719 [main] DEBUG org.apache.hc.client5.http.headers -- http-outgoing-42 << HTTP/1.1 200 OK
11:52:32.719 [main] DEBUG org.apache.hc.client5.http.headers -- http-outgoing-42 << Connection: keep-alive
11:52:32.719 [main] DEBUG org.apache.hc.client5.http.headers -- http-outgoing-42 << Content-Length: 640
11:52:32.719 [main] DEBUG org.apache.hc.client5.http.headers -- http-outgoing-42 << Server: GitHub.com
11:52:32.719 [main] DEBUG org.apache.hc.client5.http.headers -- http-outgoing-42 << Content-Type: application/json; charset=utf-8
11:52:32.719 [main] DEBUG org.apache.hc.client5.http.headers -- http-outgoing-42 << permissions-policy: interest-cohort=()
11:52:32.719 [main] DEBUG org.apache.hc.client5.http.headers -- http-outgoing-42 << x-origin-cache: HIT
11:52:32.719 [main] DEBUG org.apache.hc.client5.http.headers -- http-outgoing-42 << Last-Modified: Mon, 12 Feb 2024 04:09:36 GMT
11:52:32.719 [main] DEBUG org.apache.hc.client5.http.headers -- http-outgoing-42 << Access-Control-Allow-Origin: *
11:52:32.719 [main] DEBUG org.apache.hc.client5.http.headers -- http-outgoing-42 << Strict-Transport-Security: max-age=31556952
11:52:32.719 [main] DEBUG org.apache.hc.client5.http.headers -- http-outgoing-42 << ETag: W/"65c99a00-229c"
11:52:32.719 [main] DEBUG org.apache.hc.client5.http.headers -- http-outgoing-42 << expires: Mon, 12 Feb 2024 04:21:25 GMT
11:52:32.719 [main] DEBUG org.apache.hc.client5.http.headers -- http-outgoing-42 << Cache-Control: max-age=600
11:52:32.719 [main] DEBUG org.apache.hc.client5.http.headers -- http-outgoing-42 << Content-Encoding: gzip
11:52:32.719 [main] DEBUG org.apache.hc.client5.http.headers -- http-outgoing-42 << x-proxy-cache: HIT
11:52:32.719 [main] DEBUG org.apache.hc.client5.http.headers -- http-outgoing-42 << X-GitHub-Request-Id: 7E68:202855:5C382C1:5E35C94:65C99AB6
11:52:32.719 [main] DEBUG org.apache.hc.client5.http.headers -- http-outgoing-42 << Accept-Ranges: bytes
11:52:32.719 [main] DEBUG org.apache.hc.client5.http.headers -- http-outgoing-42 << Date: Mon, 12 Feb 2024 04:52:32 GMT
11:52:32.719 [main] DEBUG org.apache.hc.client5.http.headers -- http-outgoing-42 << Via: 1.1 varnish
11:52:32.719 [main] DEBUG org.apache.hc.client5.http.headers -- http-outgoing-42 << Age: 529
11:52:32.719 [main] DEBUG org.apache.hc.client5.http.headers -- http-outgoing-42 << X-Served-By: cache-fra-eddf8230071-FRA
11:52:32.719 [main] DEBUG org.apache.hc.client5.http.headers -- http-outgoing-42 << X-Cache: HIT
11:52:32.719 [main] DEBUG org.apache.hc.client5.http.headers -- http-outgoing-42 << X-Cache-Hits: 5
11:52:32.719 [main] DEBUG org.apache.hc.client5.http.headers -- http-outgoing-42 << X-Timer: S1707713553.707496,VS0,VE1
11:52:32.719 [main] DEBUG org.apache.hc.client5.http.headers -- http-outgoing-42 << Vary: Accept-Encoding
11:52:32.719 [main] DEBUG org.apache.hc.client5.http.headers -- http-outgoing-42 << X-Fastly-Request-ID: 4ce7dbd10e7eea8bdef640c4558efbe84db08420
11:52:32.720 [main] DEBUG org.apache.hc.client5.http.impl.classic.MainClientExec -- ex-0000000071 connection can be kept alive for 3 MINUTES
11:52:32.720 [main] DEBUG org.apache.hc.client5.http.wire -- http-outgoing-42 << "[0x1f][0xffffff8b][0x8][0x0][0x0][0x0][0x0][0x0][0x0][0x3][0xffffffcd][0xffffff96][0xffffffcb][0xffffff8e][0xffffff9b]0[0x14][0xffffff86][0xfffffff7]}[0xc][0xffffffaf][0xffffffc1]`[0x8][0xffffffe4][0xffffffb2][0xffffff9c][0xffffff99]7hWSu[0xffffffe1][0x6]7A2[0x10][0xffffff81]'[0xffffffd3]N[0xffffffc4][0xffffffbb][0xffffffd7][0x10][0xffffffc3]p[0xffffffb1][0xffffff99]U|[0xffffff90]"%[0x1c][0xffffff9c]s~[0xffffffd0][0xffffffa7][0xffffffa3][0xffffffef][0xffffff86]D[0xffffff9a][0xffffffb1]J[0xffffffd0][0xffffffec][0xffffff82][0xe]([0xfffffff0][0xffffff83][0xffffff8d][0xffffffeb][0x7].!?[0x2]r[0xfffffff0][0xfffffff7][0xfffffff2][0xffffff83]}B^[0xffffff91][0xffffff83][0xffffff8e]g[0xffffff9a][0xffffffe7][0xffffff8c]W[0xffffffe8]pC[0xffffffdf][0x5][0xfffffffd][0xffffffcd]Y[0xfffffff3]KU[0xffffffe5]_U[0xffffffcd]AWVVi[0xffffff91][0xffffffcb][0x12][0x9][0x8][0xfffffff6]qL[0xffffffe2]-[0xffffffde]E[0xfffffff2]N[0xffffffc9][0xffffffae]i[0x7f]+[0xc][0xffffff89][0xffffffbf][0xffffff95][0xffffffc5][0xffffffa4]x[0xffffffcf]yA[0xffffff93][0xffffffea][0xffffffde][0xffffffae],2[0xffffffd9][0xfffffff8][0xffffffe7][\r]]8[0x15][0x7f][0xffffff8a]2[0xffffff93][0xffffff87]y[0xffffff9a][0xffffffbf][0xfffffffd][0xffffff8d]7[0xfffffff2][0xfffffff0][[0xffffffd9][0xffffff8c]:[0xb]q[0xffffffa9][0xe][0xffffff9e][0xffffffc7][0xffffff92][0x13]K8[0xffffffce][0x18]>][0x5][0xffffffc1][0xffffffc7]"S%[0xffffffef][0xffffffde]G}[0xffffffb9][0xffffffb2][0xffffff8d]+[0xffffffe4]3[0xffffffa6][0xfffffff9][0xffffffc9][0x1b]e[0xfffffff2]T[0xffffffe7][0xffffffee][0xffffffa0][0xffffffba][0xffffffc4][0x1f][0xffffffe9][0x5][0xffffffd5][0xffffffce](CF[0xffffff8f].-[0xffffffb3][0xffffff87][0xffffffa4][0xffffffe8]{wG[0xfffffffb][0xffffff82])[0xffffffc9]c[0xffffffde][0xffffff86][0xffffffea]<Lax[0x1b][0xffffffef]i[0x1e][0x6][0xf]H[0xffffffd0][0xfffffff6][0xffffffed][0xffffff8e][0xffffffb5][0x17][0xffffff86][0xffffffe9][0xf]y[0xfffffffe][0xffffffb6][0xffffffef]`z[0xfffffff7][0xffffffec][0xffffffbf][0x1c][0x5]fR[0xffffffa6][0xffffff92]n(<[0xffffffef][0xffffffd3][0xffffffd7][0x2][0xffffffa9]J[0xffffffb3][\n]"
11:52:32.720 [main] DEBUG org.apache.hc.client5.http.wire -- http-outgoing-42 << "T[0x7]Y[0x0][0xffffff81]U)@[0xffffffb1][0xfffffffd][0xffffffcc]0[0xffffff83][0xffffffd7]=3[0xffffff9a]pVUnuf[0xffffff9c]CQ<[0xffffff89][0xffffffb1][0x16][0xffffff9c][0xffffffa7][0xffffffb1]V[0xffffffc1][0xffffffb5].[0x14] [0xffffffe0][0xffffffd3]8[0xffffffa0][0xffffffa4]k[0xffffffc2][0xfffffff4][0xffffffc8][0xffffffd7][0xffffffb5][0xffffff83][0xffffff9e][0xffffff98][0xffffffa0]cCi+c?[0x9][0xffffff9a][0xffffffe6]ALp[0xffffffb0][0xffffff9f][0xfffffffa]I[0xffffffe4]G;[0x1f][0xffffffc2]O[0x6][0xffffff99][0x0][0xfffffffd]d[0xffffff98][0x2][0xffffffd2]O[0xffffffa6]9[0xffffffec][0xfffffffb][0xffffffc9]0[0xffffff81]}?[0xffffff99]L[0xffffff87][0xfffffff7][0x13]3[0xffffff9e][0xfffffff6][0xfffffffd]d[0x9]R[0xfffffffb]~bF[0xffffffd5][0xffffffae][0xffffff9f][0xffffff98][0xffffff80][0xffffffb5][0xffffffe9]'&l[0xffffffd7][0xffffffe2]'[0xb]K[0x16][0xffffffce]O[0x16]w.[0xffffff9c][0xffffff9f],[0xffffffac]`[0x18]?1nd[0x8]?1.[0xffffffe8]/[0xfffffffc][0xffffffe4][0xffffff85]][0xffffffc7]z[0xffffffd2][0x14][0xffffffc6]v[0x12][0xffffffb6][0xffffffad]w1[0xfffffff6]gr[0xffffffb2]%[0xffffff9b][0x10]BN>#[0x1][0xffffffba][0xffffffc9] [0x4][0xffffffa4][0xffffff9a]Lb[0xffffffd8]7[0xffffff93]A[0x0][0xfffffffb]b2[0x1e][0xe][0xffffffef]%F2[0xffffffed]k[0xffffffc9][0x2][0xffffff9f][0xfffffff6][0xffffffad][0xffffffc4]H[0xffffffa9]])1[0xffffffb0]j[0xffffffd3]I[0xc][0xffffffc4][0xffffffae]EI[0xffffffcc][0xffffffab][0x15][0xffffffce]H[0xffffff96]6-[0xffffff9c][0xffffff90][0xffffff98][0x17]/[0xffffff8c][0xffffff8f][0xffffff98][0xfffffff6]0[0xffffff84][0xffffff8e][0xffffff98][0xffffffd6][0xfffffff2][0x17]6[0xfffffff2]LsZ[0xfffffffe][0x1b][0xb][0xffffff89][0xffffffaa][0xffffffe9][0xffffff9c]d[0x1f]i[0xffffff9c]d[0xffffffb7][0xffffff8f][0x8][0xffffff9c][0xffffff93]4[0xffffff91][0xffffffc0][0xffffff9d][0xffffffa4][\r][0x1][0xffffffef]$}[0xc]('i[0x3]@9I7|-N[0xffffffa2]![0x13][0xffffffca]I[0xffffffb4]|B9[0xffffff89][0xffffff86]R[0x8]'[0xffffff99][0xffffffb1]j[0xffffffdf]If[0xffffffc4][0xffffffae][0xffffffcb]It[0xffffffab][0x15][0xffffffda]I[0xfffffff4][0xffffff9b][0x16][0xffffffda]It[0xffffff8b][0x17][0xffffffd2]I[0xffffffe6]{[0x18][0xffffffce]I[0xffffffe6]ky[0xffffffd1]I[0xffffffea][0xfffffffa][0xffffffdb][0x7f][0xffffffd5][0xffffffa2][0xffffff9a]W[0xffffff9c]"[0x0][0x0]"
11:52:32.723 [main] DEBUG org.apache.hc.client5.http.impl.classic.InternalHttpClient -- ep-0000000071 releasing valid endpoint
11:52:32.723 [main] DEBUG org.apache.hc.client5.http.impl.io.PoolingHttpClientConnectionManager -- ep-0000000071 releasing endpoint
11:52:32.723 [main] DEBUG org.apache.hc.client5.http.impl.io.PoolingHttpClientConnectionManager -- ep-0000000071 connection http-outgoing-42 can be kept alive for 3 MINUTES
11:52:32.723 [main] DEBUG org.apache.hc.client5.http.impl.io.PoolingHttpClientConnectionManager -- ep-0000000071 connection released [route: {s}->https://googlechromelabs.github.io:443][total available: 1; route allocated: 1 of 5; total allocated: 1 of 25]
11:52:32.723 [main] DEBUG io.github.bonigarcia.wdm.WebDriverManager -- Driver to be downloaded chromedriver 121.0.6167.139
11:52:32.725 [main] DEBUG io.github.bonigarcia.wdm.WebDriverManager -- Using URL built from repository pattern: https://edgedl.me.gvt1.com/edgedl/chrome/chrome-for-testing/121.0.6167.139/mac-arm64/chromedriver-mac-arm64.zip
11:52:32.725 [main] INFO io.github.bonigarcia.wdm.online.Downloader -- Downloading https://edgedl.me.gvt1.com/edgedl/chrome/chrome-for-testing/121.0.6167.139/mac-arm64/chromedriver-mac-arm64.zip
11:52:32.726 [main] DEBUG org.apache.hc.client5.http.impl.classic.InternalHttpClient -- ex-0000000072 preparing request execution
11:52:32.727 [main] DEBUG org.apache.hc.client5.http.impl.classic.ProtocolExec -- ex-0000000072 target auth state: UNCHALLENGED
11:52:32.727 [main] DEBUG org.apache.hc.client5.http.impl.classic.ProtocolExec -- ex-0000000072 proxy auth state: UNCHALLENGED
11:52:32.727 [main] DEBUG org.apache.hc.client5.http.impl.classic.ConnectExec -- ex-0000000072 acquiring connection with route {s}->https://edgedl.me.gvt1.com:443
11:52:32.727 [main] DEBUG org.apache.hc.client5.http.impl.classic.InternalHttpClient -- ex-0000000072 acquiring endpoint (3 MINUTES)
11:52:32.727 [main] DEBUG org.apache.hc.client5.http.impl.io.PoolingHttpClientConnectionManager -- ex-0000000072 endpoint lease request (3 MINUTES) [route: {s}->https://edgedl.me.gvt1.com:443][total available: 1; route allocated: 0 of 5; total allocated: 1 of 25]
11:52:32.727 [main] DEBUG org.apache.hc.client5.http.impl.io.PoolingHttpClientConnectionManager -- ex-0000000072 endpoint leased [route: {s}->https://edgedl.me.gvt1.com:443][total available: 1; route allocated: 1 of 5; total allocated: 2 of 25]
11:52:32.727 [main] DEBUG org.apache.hc.client5.http.impl.io.PoolingHttpClientConnectionManager -- ex-0000000072 acquired ep-0000000072
11:52:32.727 [main] DEBUG org.apache.hc.client5.http.impl.classic.InternalHttpClient -- ex-0000000072 acquired endpoint ep-0000000072
11:52:32.727 [main] DEBUG org.apache.hc.client5.http.impl.classic.ConnectExec -- ex-0000000072 opening connection {s}->https://edgedl.me.gvt1.com:443
11:52:32.727 [main] DEBUG org.apache.hc.client5.http.impl.classic.InternalHttpClient -- ep-0000000072 connecting endpoint (null)
11:52:32.727 [main] DEBUG org.apache.hc.client5.http.impl.io.PoolingHttpClientConnectionManager -- ep-0000000072 connecting endpoint to https://edgedl.me.gvt1.com:443 (30 SECONDS)
11:52:32.727 [main] DEBUG org.apache.hc.client5.http.impl.io.DefaultHttpClientConnectionOperator -- edgedl.me.gvt1.com resolving remote address
11:52:32.729 [main] DEBUG org.apache.hc.client5.http.impl.io.DefaultHttpClientConnectionOperator -- edgedl.me.gvt1.com resolved to [edgedl.me.gvt1.com/34.104.35.123, edgedl.me.gvt1.com/2600:1900:4110:86f:0:0:0:0]
11:52:32.729 [main] DEBUG org.apache.hc.client5.http.impl.io.DefaultHttpClientConnectionOperator -- edgedl.me.gvt1.com:443 connecting null->edgedl.me.gvt1.com/34.104.35.123:443 (30 SECONDS)
11:52:32.729 [main] DEBUG org.apache.hc.client5.http.ssl.SSLConnectionSocketFactory -- Connecting socket to edgedl.me.gvt1.com/34.104.35.123:443 with timeout 30 SECONDS
11:52:32.748 [main] DEBUG org.apache.hc.client5.http.ssl.SSLConnectionSocketFactory -- Enabled protocols: [TLSv1.3, TLSv1.2]
11:52:32.748 [main] DEBUG org.apache.hc.client5.http.ssl.SSLConnectionSocketFactory -- Enabled cipher suites: [TLS_AES_256_GCM_SHA384, TLS_AES_128_GCM_SHA256, TLS_CHACHA20_POLY1305_SHA256, TLS_ECDHE_ECDSA_WITH_AES_256_GCM_SHA384, TLS_ECDHE_ECDSA_WITH_AES_128_GCM_SHA256, TLS_ECDHE_ECDSA_WITH_CHACHA20_POLY1305_SHA256, TLS_ECDHE_RSA_WITH_AES_256_GCM_SHA384, TLS_ECDHE_RSA_WITH_CHACHA20_POLY1305_SHA256, TLS_ECDHE_RSA_WITH_AES_128_GCM_SHA256, TLS_DHE_RSA_WITH_AES_256_GCM_SHA384, TLS_DHE_RSA_WITH_CHACHA20_POLY1305_SHA256, TLS_DHE_DSS_WITH_AES_256_GCM_SHA384, TLS_DHE_RSA_WITH_AES_128_GCM_SHA256, TLS_DHE_DSS_WITH_AES_128_GCM_SHA256, TLS_ECDHE_ECDSA_WITH_AES_256_CBC_SHA384, TLS_ECDHE_RSA_WITH_AES_256_CBC_SHA384, TLS_ECDHE_ECDSA_WITH_AES_128_CBC_SHA256, TLS_ECDHE_RSA_WITH_AES_128_CBC_SHA256, TLS_DHE_RSA_WITH_AES_256_CBC_SHA256, TLS_DHE_DSS_WITH_AES_256_CBC_SHA256, TLS_DHE_RSA_WITH_AES_128_CBC_SHA256, TLS_DHE_DSS_WITH_AES_128_CBC_SHA256, TLS_ECDH_ECDSA_WITH_AES_256_GCM_SHA384, TLS_ECDH_RSA_WITH_AES_256_GCM_SHA384, TLS_ECDH_ECDSA_WITH_AES_128_GCM_SHA256, TLS_ECDH_RSA_WITH_AES_128_GCM_SHA256, TLS_ECDH_ECDSA_WITH_AES_256_CBC_SHA384, TLS_ECDH_RSA_WITH_AES_256_CBC_SHA384, TLS_ECDH_ECDSA_WITH_AES_128_CBC_SHA256, TLS_ECDH_RSA_WITH_AES_128_CBC_SHA256, TLS_ECDHE_ECDSA_WITH_AES_256_CBC_SHA, TLS_ECDHE_RSA_WITH_AES_256_CBC_SHA, TLS_ECDHE_ECDSA_WITH_AES_128_CBC_SHA, TLS_ECDHE_RSA_WITH_AES_128_CBC_SHA, TLS_DHE_RSA_WITH_AES_256_CBC_SHA, TLS_DHE_DSS_WITH_AES_256_CBC_SHA, TLS_DHE_RSA_WITH_AES_128_CBC_SHA, TLS_DHE_DSS_WITH_AES_128_CBC_SHA, TLS_ECDH_ECDSA_WITH_AES_256_CBC_SHA, TLS_ECDH_RSA_WITH_AES_256_CBC_SHA, TLS_ECDH_ECDSA_WITH_AES_128_CBC_SHA, TLS_ECDH_RSA_WITH_AES_128_CBC_SHA, TLS_RSA_WITH_AES_256_GCM_SHA384, TLS_RSA_WITH_AES_128_GCM_SHA256, TLS_RSA_WITH_AES_256_CBC_SHA256, TLS_RSA_WITH_AES_128_CBC_SHA256, TLS_RSA_WITH_AES_256_CBC_SHA, TLS_RSA_WITH_AES_128_CBC_SHA, TLS_EMPTY_RENEGOTIATION_INFO_SCSV]
11:52:32.749 [main] DEBUG org.apache.hc.client5.http.ssl.SSLConnectionSocketFactory -- Starting handshake (null)
11:52:32.780 [main] DEBUG org.apache.hc.client5.http.ssl.SSLConnectionSocketFactory -- Secure session established
11:52:32.780 [main] DEBUG org.apache.hc.client5.http.ssl.SSLConnectionSocketFactory --  negotiated protocol: TLSv1.3
11:52:32.780 [main] DEBUG org.apache.hc.client5.http.ssl.SSLConnectionSocketFactory --  negotiated cipher suite: TLS_AES_256_GCM_SHA384
11:52:32.780 [main] DEBUG org.apache.hc.client5.http.ssl.SSLConnectionSocketFactory --  peer principal: CN=edgedl.me.gvt1.com
11:52:32.780 [main] DEBUG org.apache.hc.client5.http.ssl.SSLConnectionSocketFactory --  peer alternative names: [edgedl.me.gvt1.com]
11:52:32.780 [main] DEBUG org.apache.hc.client5.http.ssl.SSLConnectionSocketFactory --  issuer principal: CN=GTS CA 1D4, O=Google Trust Services LLC, C=US
11:52:32.780 [main] DEBUG org.apache.hc.client5.http.impl.io.DefaultManagedHttpClientConnection -- http-outgoing-43 set socket timeout to 3 MINUTES
11:52:32.780 [main] DEBUG org.apache.hc.client5.http.impl.io.DefaultHttpClientConnectionOperator -- edgedl.me.gvt1.com:443 connected null->edgedl.me.gvt1.com/34.104.35.123:443 as http-outgoing-43
11:52:32.780 [main] DEBUG org.apache.hc.client5.http.impl.io.PoolingHttpClientConnectionManager -- ep-0000000072 connected http-outgoing-43
11:52:32.780 [main] DEBUG org.apache.hc.client5.http.impl.classic.InternalHttpClient -- ep-0000000072 endpoint connected
11:52:32.780 [main] DEBUG org.apache.hc.client5.http.impl.classic.MainClientExec -- ex-0000000072 executing GET /edgedl/chrome/chrome-for-testing/121.0.6167.139/mac-arm64/chromedriver-mac-arm64.zip HTTP/1.1
11:52:32.780 [main] DEBUG org.apache.hc.client5.http.protocol.RequestAddCookies -- ex-0000000072 Cookie spec selected: strict
11:52:32.780 [main] DEBUG org.apache.hc.client5.http.impl.classic.InternalHttpClient -- ep-0000000072 start execution ex-0000000072
11:52:32.780 [main] DEBUG org.apache.hc.client5.http.impl.io.PoolingHttpClientConnectionManager -- ep-0000000072 executing exchange ex-0000000072 over http-outgoing-43
11:52:32.780 [main] DEBUG org.apache.hc.client5.http.headers -- http-outgoing-43 >> GET /edgedl/chrome/chrome-for-testing/121.0.6167.139/mac-arm64/chromedriver-mac-arm64.zip HTTP/1.1
11:52:32.780 [main] DEBUG org.apache.hc.client5.http.headers -- http-outgoing-43 >> user-agent: Apache-HttpClient/5.0
11:52:32.780 [main] DEBUG org.apache.hc.client5.http.headers -- http-outgoing-43 >> accept-encoding: gzip, deflate, br
11:52:32.780 [main] DEBUG org.apache.hc.client5.http.headers -- http-outgoing-43 >> cache-control: max-age=0
11:52:32.780 [main] DEBUG org.apache.hc.client5.http.headers -- http-outgoing-43 >> connection: keep-alive
11:52:32.780 [main] DEBUG org.apache.hc.client5.http.headers -- http-outgoing-43 >> Host: edgedl.me.gvt1.com
11:52:32.780 [main] DEBUG org.apache.hc.client5.http.wire -- http-outgoing-43 >> "GET /edgedl/chrome/chrome-for-testing/121.0.6167.139/mac-arm64/chromedriver-mac-arm64.zip HTTP/1.1[\r][\n]"
11:52:32.780 [main] DEBUG org.apache.hc.client5.http.wire -- http-outgoing-43 >> "user-agent: Apache-HttpClient/5.0[\r][\n]"
11:52:32.780 [main] DEBUG org.apache.hc.client5.http.wire -- http-outgoing-43 >> "accept-encoding: gzip, deflate, br[\r][\n]"
11:52:32.780 [main] DEBUG org.apache.hc.client5.http.wire -- http-outgoing-43 >> "cache-control: max-age=0[\r][\n]"
11:52:32.780 [main] DEBUG org.apache.hc.client5.http.wire -- http-outgoing-43 >> "connection: keep-alive[\r][\n]"
11:52:32.780 [main] DEBUG org.apache.hc.client5.http.wire -- http-outgoing-43 >> "Host: edgedl.me.gvt1.com[\r][\n]"
11:52:32.780 [main] DEBUG org.apache.hc.client5.http.wire -- http-outgoing-43 >> "[\r][\n]"
11:52:32.914 [main] DEBUG org.apache.hc.client5.http.wire -- http-outgoing-43 << "HTTP/1.1 404 Not Found[\r][\n]"
11:52:32.914 [main] DEBUG org.apache.hc.client5.http.wire -- http-outgoing-43 << "content-length: 1449[\r][\n]"
11:52:32.914 [main] DEBUG org.apache.hc.client5.http.wire -- http-outgoing-43 << "content-type: text/html; charset=utf-8[\r][\n]"
11:52:32.914 [main] DEBUG org.apache.hc.client5.http.wire -- http-outgoing-43 << "server: Google-Edge-Cache[\r][\n]"
11:52:32.914 [main] DEBUG org.apache.hc.client5.http.wire -- http-outgoing-43 << "x-content-type-options: nosniff[\r][\n]"
11:52:32.914 [main] DEBUG org.apache.hc.client5.http.wire -- http-outgoing-43 << "x-frame-options: SAMEORIGIN[\r][\n]"
11:52:32.914 [main] DEBUG org.apache.hc.client5.http.wire -- http-outgoing-43 << "x-xss-protection: 0[\r][\n]"
11:52:32.914 [main] DEBUG org.apache.hc.client5.http.wire -- http-outgoing-43 << "date: Mon, 12 Feb 2024 04:52:32 GMT[\r][\n]"
11:52:32.914 [main] DEBUG org.apache.hc.client5.http.wire -- http-outgoing-43 << "x-request-id: facfd766-ba51-4e7f-928d-845a2c20310b[\r][\n]"
11:52:32.914 [main] DEBUG org.apache.hc.client5.http.wire -- http-outgoing-43 << "alt-svc: clear[\r][\n]"
11:52:32.914 [main] DEBUG org.apache.hc.client5.http.wire -- http-outgoing-43 << "[\r][\n]"
11:52:32.914 [main] DEBUG org.apache.hc.client5.http.wire -- http-outgoing-43 << "[\n]"
11:52:32.914 [main] DEBUG org.apache.hc.client5.http.wire -- http-outgoing-43 << "<!DOCTYPE html>[\n]"
11:52:32.914 [main] DEBUG org.apache.hc.client5.http.wire -- http-outgoing-43 << "<html lang=en>[\n]"
11:52:32.914 [main] DEBUG org.apache.hc.client5.http.wire -- http-outgoing-43 << "  <meta charset=utf-8>[\n]"
11:52:32.914 [main] DEBUG org.apache.hc.client5.http.wire -- http-outgoing-43 << "  <meta name=viewport content="initial-scale=1, minimum-scale=1, width=device-width">[\n]"
11:52:32.914 [main] DEBUG org.apache.hc.client5.http.wire -- http-outgoing-43 << "  <title>Error 404 (Not Found)!!1</title>[\n]"
11:52:32.914 [main] DEBUG org.apache.hc.client5.http.wire -- http-outgoing-43 << "  <style>[\n]"
11:52:32.914 [main] DEBUG org.apache.hc.client5.http.wire -- http-outgoing-43 << "    *{margin:0;padding:0}html,code{font:15px/22px arial,sans-serif}html{background:#fff;color:#222;padding:15px}body{margin:7% auto 0;max-width:390px;min-height:180px;padding:30px 0 15px}* > body{background:url(//www.google.com/images/errors/robot.png) 100% 5px no-repeat;padding-right:205px}p{margin:11px 0 22px;overflow:hidden}ins{color:#777;text-decoration:none}a img{border:0}@media screen and (max-width:772px){body{background:none;margin-top:0;max-width:none;padding-right:0}}#logo{background:url(//www.google.com/images/logos/errorpage/error_logo-150x54.png) no-repeat;margin-left:-5px}@media only screen and (min-resolution:192dpi){#logo{background:url(//www.google.com/images/logos/errorpage/error_logo-150x54-2x.png) no-repeat 0% 0%/100% 100%;-moz-border-image:url(//www.google.com/images/logos/errorpage/error_logo-150x54-2x.png) 0}}@media only screen and (-webkit-min-device-pixel-ratio:2){#logo{background:url(//www.google.com/images/logos/errorpage/error_logo-150x54-2x.png) no-repeat;-webkit-background-size:100% 100%}}#logo{display:inline-block;height:54px;width:150px}[\n]"
11:52:32.914 [main] DEBUG org.apache.hc.client5.http.wire -- http-outgoing-43 << "  </style>[\n]"
11:52:32.914 [main] DEBUG org.apache.hc.client5.http.wire -- http-outgoing-43 << "  <a href=//www.google.com/><span id=logo aria-label=Google></span></a>[\n]"
11:52:32.914 [main] DEBUG org.apache.hc.client5.http.wire -- http-outgoing-43 << "  <p><b>404.</b> <ins>That[0xffffffe2][0xffffff80][0xffffff99]s an error.</ins>[\n]"
11:52:32.914 [main] DEBUG org.apache.hc.client5.http.wire -- http-outgoing-43 << "  <p>  <ins>That[0xffffffe2][0xffffff80][0xffffff99]s all we know.</ins>[\n]"
11:52:32.914 [main] DEBUG org.apache.hc.client5.http.headers -- http-outgoing-43 << HTTP/1.1 404 Not Found
11:52:32.914 [main] DEBUG org.apache.hc.client5.http.headers -- http-outgoing-43 << content-length: 1449
11:52:32.914 [main] DEBUG org.apache.hc.client5.http.headers -- http-outgoing-43 << content-type: text/html; charset=utf-8
11:52:32.914 [main] DEBUG org.apache.hc.client5.http.headers -- http-outgoing-43 << server: Google-Edge-Cache
11:52:32.914 [main] DEBUG org.apache.hc.client5.http.headers -- http-outgoing-43 << x-content-type-options: nosniff
11:52:32.914 [main] DEBUG org.apache.hc.client5.http.headers -- http-outgoing-43 << x-frame-options: SAMEORIGIN
11:52:32.914 [main] DEBUG org.apache.hc.client5.http.headers -- http-outgoing-43 << x-xss-protection: 0
11:52:32.914 [main] DEBUG org.apache.hc.client5.http.headers -- http-outgoing-43 << date: Mon, 12 Feb 2024 04:52:32 GMT
11:52:32.914 [main] DEBUG org.apache.hc.client5.http.headers -- http-outgoing-43 << x-request-id: facfd766-ba51-4e7f-928d-845a2c20310b
11:52:32.914 [main] DEBUG org.apache.hc.client5.http.headers -- http-outgoing-43 << alt-svc: clear
11:52:32.914 [main] DEBUG org.apache.hc.client5.http.impl.classic.MainClientExec -- ex-0000000072 connection can be kept alive for 3 MINUTES
11:52:32.915 [main] ERROR io.github.bonigarcia.wdm.online.HttpClient -- Error HTTP 404 executing https://edgedl.me.gvt1.com/edgedl/chrome/chrome-for-testing/121.0.6167.139/mac-arm64/chromedriver-mac-arm64.zip
11:52:32.916 [main] INFO io.github.bonigarcia.wdm.cache.ResolutionCache -- Clearing WebDriverManager resolution cache
11:52:32.918 [main] WARN io.github.bonigarcia.wdm.WebDriverManager -- There was an error managing chromedriver 121.0.6167.139 (Error HTTP 404 executing https://edgedl.me.gvt1.com/edgedl/chrome/chrome-for-testing/121.0.6167.139/mac-arm64/chromedriver-mac-arm64.zip) ... trying again avoiding reading release from repository
11:52:32.920 [main] DEBUG org.apache.hc.client5.http.impl.classic.InternalHttpClient -- ex-0000000073 preparing request execution
11:52:32.921 [main] DEBUG org.apache.hc.client5.http.impl.classic.ProtocolExec -- ex-0000000073 target auth state: UNCHALLENGED
11:52:32.921 [main] DEBUG org.apache.hc.client5.http.impl.classic.ProtocolExec -- ex-0000000073 proxy auth state: UNCHALLENGED
11:52:32.921 [main] DEBUG org.apache.hc.client5.http.impl.classic.ConnectExec -- ex-0000000073 acquiring connection with route {s}->https://raw.githubusercontent.com:443
11:52:32.921 [main] DEBUG org.apache.hc.client5.http.impl.classic.InternalHttpClient -- ex-0000000073 acquiring endpoint (3 MINUTES)
11:52:32.921 [main] DEBUG org.apache.hc.client5.http.impl.io.PoolingHttpClientConnectionManager -- ex-0000000073 endpoint lease request (3 MINUTES) [route: {s}->https://raw.githubusercontent.com:443][total available: 1; route allocated: 0 of 5; total allocated: 2 of 25]
11:52:32.921 [main] DEBUG org.apache.hc.client5.http.impl.io.PoolingHttpClientConnectionManager -- ex-0000000073 endpoint leased [route: {s}->https://raw.githubusercontent.com:443][total available: 1; route allocated: 1 of 5; total allocated: 3 of 25]
11:52:32.921 [main] DEBUG org.apache.hc.client5.http.impl.io.PoolingHttpClientConnectionManager -- ex-0000000073 acquired ep-0000000073
11:52:32.921 [main] DEBUG org.apache.hc.client5.http.impl.classic.InternalHttpClient -- ex-0000000073 acquired endpoint ep-0000000073
11:52:32.921 [main] DEBUG org.apache.hc.client5.http.impl.classic.ConnectExec -- ex-0000000073 opening connection {s}->https://raw.githubusercontent.com:443
11:52:32.921 [main] DEBUG org.apache.hc.client5.http.impl.classic.InternalHttpClient -- ep-0000000073 connecting endpoint (null)
11:52:32.921 [main] DEBUG org.apache.hc.client5.http.impl.io.PoolingHttpClientConnectionManager -- ep-0000000073 connecting endpoint to https://raw.githubusercontent.com:443 (30 SECONDS)
11:52:32.921 [main] DEBUG org.apache.hc.client5.http.impl.io.DefaultHttpClientConnectionOperator -- raw.githubusercontent.com resolving remote address
11:52:32.922 [main] DEBUG org.apache.hc.client5.http.impl.io.DefaultHttpClientConnectionOperator -- raw.githubusercontent.com resolved to [raw.githubusercontent.com/185.199.108.133, raw.githubusercontent.com/185.199.111.133, raw.githubusercontent.com/185.199.110.133, raw.githubusercontent.com/185.199.109.133, raw.githubusercontent.com/2606:50c0:8003:0:0:0:0:154, raw.githubusercontent.com/2606:50c0:8002:0:0:0:0:154, raw.githubusercontent.com/2606:50c0:8000:0:0:0:0:154, raw.githubusercontent.com/2606:50c0:8001:0:0:0:0:154]
11:52:32.922 [main] DEBUG org.apache.hc.client5.http.impl.io.DefaultHttpClientConnectionOperator -- raw.githubusercontent.com:443 connecting null->raw.githubusercontent.com/185.199.108.133:443 (30 SECONDS)
11:52:32.922 [main] DEBUG org.apache.hc.client5.http.ssl.SSLConnectionSocketFactory -- Connecting socket to raw.githubusercontent.com/185.199.108.133:443 with timeout 30 SECONDS
11:52:33.096 [main] DEBUG org.apache.hc.client5.http.ssl.SSLConnectionSocketFactory -- Enabled protocols: [TLSv1.3, TLSv1.2]
11:52:33.096 [main] DEBUG org.apache.hc.client5.http.ssl.SSLConnectionSocketFactory -- Enabled cipher suites: [TLS_AES_256_GCM_SHA384, TLS_AES_128_GCM_SHA256, TLS_CHACHA20_POLY1305_SHA256, TLS_ECDHE_ECDSA_WITH_AES_256_GCM_SHA384, TLS_ECDHE_ECDSA_WITH_AES_128_GCM_SHA256, TLS_ECDHE_ECDSA_WITH_CHACHA20_POLY1305_SHA256, TLS_ECDHE_RSA_WITH_AES_256_GCM_SHA384, TLS_ECDHE_RSA_WITH_CHACHA20_POLY1305_SHA256, TLS_ECDHE_RSA_WITH_AES_128_GCM_SHA256, TLS_DHE_RSA_WITH_AES_256_GCM_SHA384, TLS_DHE_RSA_WITH_CHACHA20_POLY1305_SHA256, TLS_DHE_DSS_WITH_AES_256_GCM_SHA384, TLS_DHE_RSA_WITH_AES_128_GCM_SHA256, TLS_DHE_DSS_WITH_AES_128_GCM_SHA256, TLS_ECDHE_ECDSA_WITH_AES_256_CBC_SHA384, TLS_ECDHE_RSA_WITH_AES_256_CBC_SHA384, TLS_ECDHE_ECDSA_WITH_AES_128_CBC_SHA256, TLS_ECDHE_RSA_WITH_AES_128_CBC_SHA256, TLS_DHE_RSA_WITH_AES_256_CBC_SHA256, TLS_DHE_DSS_WITH_AES_256_CBC_SHA256, TLS_DHE_RSA_WITH_AES_128_CBC_SHA256, TLS_DHE_DSS_WITH_AES_128_CBC_SHA256, TLS_ECDH_ECDSA_WITH_AES_256_GCM_SHA384, TLS_ECDH_RSA_WITH_AES_256_GCM_SHA384, TLS_ECDH_ECDSA_WITH_AES_128_GCM_SHA256, TLS_ECDH_RSA_WITH_AES_128_GCM_SHA256, TLS_ECDH_ECDSA_WITH_AES_256_CBC_SHA384, TLS_ECDH_RSA_WITH_AES_256_CBC_SHA384, TLS_ECDH_ECDSA_WITH_AES_128_CBC_SHA256, TLS_ECDH_RSA_WITH_AES_128_CBC_SHA256, TLS_ECDHE_ECDSA_WITH_AES_256_CBC_SHA, TLS_ECDHE_RSA_WITH_AES_256_CBC_SHA, TLS_ECDHE_ECDSA_WITH_AES_128_CBC_SHA, TLS_ECDHE_RSA_WITH_AES_128_CBC_SHA, TLS_DHE_RSA_WITH_AES_256_CBC_SHA, TLS_DHE_DSS_WITH_AES_256_CBC_SHA, TLS_DHE_RSA_WITH_AES_128_CBC_SHA, TLS_DHE_DSS_WITH_AES_128_CBC_SHA, TLS_ECDH_ECDSA_WITH_AES_256_CBC_SHA, TLS_ECDH_RSA_WITH_AES_256_CBC_SHA, TLS_ECDH_ECDSA_WITH_AES_128_CBC_SHA, TLS_ECDH_RSA_WITH_AES_128_CBC_SHA, TLS_RSA_WITH_AES_256_GCM_SHA384, TLS_RSA_WITH_AES_128_GCM_SHA256, TLS_RSA_WITH_AES_256_CBC_SHA256, TLS_RSA_WITH_AES_128_CBC_SHA256, TLS_RSA_WITH_AES_256_CBC_SHA, TLS_RSA_WITH_AES_128_CBC_SHA, TLS_EMPTY_RENEGOTIATION_INFO_SCSV]
11:52:33.096 [main] DEBUG org.apache.hc.client5.http.ssl.SSLConnectionSocketFactory -- Starting handshake (null)
11:52:33.280 [main] DEBUG org.apache.hc.client5.http.ssl.SSLConnectionSocketFactory -- Secure session established
11:52:33.280 [main] DEBUG org.apache.hc.client5.http.ssl.SSLConnectionSocketFactory --  negotiated protocol: TLSv1.3
11:52:33.280 [main] DEBUG org.apache.hc.client5.http.ssl.SSLConnectionSocketFactory --  negotiated cipher suite: TLS_AES_128_GCM_SHA256
11:52:33.280 [main] DEBUG org.apache.hc.client5.http.ssl.SSLConnectionSocketFactory --  peer principal: CN=*.github.io, O="GitHub, Inc.", L=San Francisco, ST=California, C=US
11:52:33.280 [main] DEBUG org.apache.hc.client5.http.ssl.SSLConnectionSocketFactory --  peer alternative names: [*.github.io, github.io, *.github.com, github.com, www.github.com, *.githubusercontent.com, githubusercontent.com]
11:52:33.280 [main] DEBUG org.apache.hc.client5.http.ssl.SSLConnectionSocketFactory --  issuer principal: CN=DigiCert TLS RSA SHA256 2020 CA1, O=DigiCert Inc, C=US
11:52:33.280 [main] DEBUG org.apache.hc.client5.http.impl.io.DefaultManagedHttpClientConnection -- http-outgoing-44 set socket timeout to 3 MINUTES
11:52:33.280 [main] DEBUG org.apache.hc.client5.http.impl.io.DefaultHttpClientConnectionOperator -- raw.githubusercontent.com:443 connected null->raw.githubusercontent.com/185.199.108.133:443 as http-outgoing-44
11:52:33.280 [main] DEBUG org.apache.hc.client5.http.impl.io.PoolingHttpClientConnectionManager -- ep-0000000073 connected http-outgoing-44
11:52:33.280 [main] DEBUG org.apache.hc.client5.http.impl.classic.InternalHttpClient -- ep-0000000073 endpoint connected
11:52:33.280 [main] DEBUG org.apache.hc.client5.http.impl.classic.MainClientExec -- ex-0000000073 executing GET /bonigarcia/webdrivermanager/master/src/main/resources/commands.properties HTTP/1.1
11:52:33.280 [main] DEBUG org.apache.hc.client5.http.protocol.RequestAddCookies -- ex-0000000073 Cookie spec selected: strict
11:52:33.280 [main] DEBUG org.apache.hc.client5.http.impl.classic.InternalHttpClient -- ep-0000000073 start execution ex-0000000073
11:52:33.280 [main] DEBUG org.apache.hc.client5.http.impl.io.PoolingHttpClientConnectionManager -- ep-0000000073 executing exchange ex-0000000073 over http-outgoing-44
11:52:33.281 [main] DEBUG org.apache.hc.client5.http.headers -- http-outgoing-44 >> GET /bonigarcia/webdrivermanager/master/src/main/resources/commands.properties HTTP/1.1
11:52:33.281 [main] DEBUG org.apache.hc.client5.http.headers -- http-outgoing-44 >> user-agent: Apache-HttpClient/5.0
11:52:33.281 [main] DEBUG org.apache.hc.client5.http.headers -- http-outgoing-44 >> accept-encoding: gzip, deflate, br
11:52:33.281 [main] DEBUG org.apache.hc.client5.http.headers -- http-outgoing-44 >> cache-control: max-age=0
11:52:33.281 [main] DEBUG org.apache.hc.client5.http.headers -- http-outgoing-44 >> connection: keep-alive
11:52:33.281 [main] DEBUG org.apache.hc.client5.http.headers -- http-outgoing-44 >> Host: raw.githubusercontent.com
11:52:33.281 [main] DEBUG org.apache.hc.client5.http.wire -- http-outgoing-44 >> "GET /bonigarcia/webdrivermanager/master/src/main/resources/commands.properties HTTP/1.1[\r][\n]"
11:52:33.281 [main] DEBUG org.apache.hc.client5.http.wire -- http-outgoing-44 >> "user-agent: Apache-HttpClient/5.0[\r][\n]"
11:52:33.281 [main] DEBUG org.apache.hc.client5.http.wire -- http-outgoing-44 >> "accept-encoding: gzip, deflate, br[\r][\n]"
11:52:33.281 [main] DEBUG org.apache.hc.client5.http.wire -- http-outgoing-44 >> "cache-control: max-age=0[\r][\n]"
11:52:33.281 [main] DEBUG org.apache.hc.client5.http.wire -- http-outgoing-44 >> "connection: keep-alive[\r][\n]"
11:52:33.281 [main] DEBUG org.apache.hc.client5.http.wire -- http-outgoing-44 >> "Host: raw.githubusercontent.com[\r][\n]"
11:52:33.281 [main] DEBUG org.apache.hc.client5.http.wire -- http-outgoing-44 >> "[\r][\n]"
11:52:33.454 [main] DEBUG org.apache.hc.client5.http.wire -- http-outgoing-44 << "HTTP/1.1 200 OK[\r][\n]"
11:52:33.454 [main] DEBUG org.apache.hc.client5.http.wire -- http-outgoing-44 << "Connection: keep-alive[\r][\n]"
11:52:33.454 [main] DEBUG org.apache.hc.client5.http.wire -- http-outgoing-44 << "Content-Length: 723[\r][\n]"
11:52:33.454 [main] DEBUG org.apache.hc.client5.http.wire -- http-outgoing-44 << "Cache-Control: max-age=300[\r][\n]"
11:52:33.454 [main] DEBUG org.apache.hc.client5.http.wire -- http-outgoing-44 << "Content-Security-Policy: default-src 'none'; style-src 'unsafe-inline'; sandbox[\r][\n]"
11:52:33.454 [main] DEBUG org.apache.hc.client5.http.wire -- http-outgoing-44 << "Content-Type: text/plain; charset=utf-8[\r][\n]"
11:52:33.454 [main] DEBUG org.apache.hc.client5.http.wire -- http-outgoing-44 << "ETag: W/"e82b438271e9e8680c688b0b680efd0bdd22faa6d6f0a32fc1fd8accc486b67e"[\r][\n]"
11:52:33.454 [main] DEBUG org.apache.hc.client5.http.wire -- http-outgoing-44 << "Strict-Transport-Security: max-age=31536000[\r][\n]"
11:52:33.454 [main] DEBUG org.apache.hc.client5.http.wire -- http-outgoing-44 << "X-Content-Type-Options: nosniff[\r][\n]"
11:52:33.454 [main] DEBUG org.apache.hc.client5.http.wire -- http-outgoing-44 << "X-Frame-Options: deny[\r][\n]"
11:52:33.454 [main] DEBUG org.apache.hc.client5.http.wire -- http-outgoing-44 << "X-XSS-Protection: 1; mode=block[\r][\n]"
11:52:33.454 [main] DEBUG org.apache.hc.client5.http.wire -- http-outgoing-44 << "X-GitHub-Request-Id: 3072:3BB1E6:1A1165D:1B39889:65A75BA5[\r][\n]"
11:52:33.454 [main] DEBUG org.apache.hc.client5.http.wire -- http-outgoing-44 << "Content-Encoding: gzip[\r][\n]"
11:52:33.454 [main] DEBUG org.apache.hc.client5.http.wire -- http-outgoing-44 << "Accept-Ranges: bytes[\r][\n]"
11:52:33.454 [main] DEBUG org.apache.hc.client5.http.wire -- http-outgoing-44 << "Date: Mon, 12 Feb 2024 04:52:33 GMT[\r][\n]"
11:52:33.454 [main] DEBUG org.apache.hc.client5.http.wire -- http-outgoing-44 << "Via: 1.1 varnish[\r][\n]"
11:52:33.454 [main] DEBUG org.apache.hc.client5.http.wire -- http-outgoing-44 << "X-Served-By: cache-fra-eddf8230084-FRA[\r][\n]"
11:52:33.454 [main] DEBUG org.apache.hc.client5.http.wire -- http-outgoing-44 << "X-Cache: HIT[\r][\n]"
11:52:33.454 [main] DEBUG org.apache.hc.client5.http.wire -- http-outgoing-44 << "X-Cache-Hits: 1[\r][\n]"
11:52:33.454 [main] DEBUG org.apache.hc.client5.http.wire -- http-outgoing-44 << "X-Timer: S1707713553.440475,VS0,VE1[\r][\n]"
11:52:33.454 [main] DEBUG org.apache.hc.client5.http.wire -- http-outgoing-44 << "Vary: Authorization,Accept-Encoding,Origin[\r][\n]"
11:52:33.454 [main] DEBUG org.apache.hc.client5.http.wire -- http-outgoing-44 << "Access-Control-Allow-Origin: *[\r][\n]"
11:52:33.454 [main] DEBUG org.apache.hc.client5.http.wire -- http-outgoing-44 << "Cross-Origin-Resource-Policy: cross-origin[\r][\n]"
11:52:33.454 [main] DEBUG org.apache.hc.client5.http.wire -- http-outgoing-44 << "X-Fastly-Request-ID: 53c759616593f83e69e8f48fcee71f5d0be1064c[\r][\n]"
11:52:33.454 [main] DEBUG org.apache.hc.client5.http.wire -- http-outgoing-44 << "Expires: Mon, 12 Feb 2024 04:57:33 GMT[\r][\n]"
11:52:33.454 [main] DEBUG org.apache.hc.client5.http.wire -- http-outgoing-44 << "Source-Age: 152[\r][\n]"
11:52:33.454 [main] DEBUG org.apache.hc.client5.http.wire -- http-outgoing-44 << "[\r][\n]"
11:52:33.455 [main] DEBUG org.apache.hc.client5.http.headers -- http-outgoing-44 << HTTP/1.1 200 OK
11:52:33.455 [main] DEBUG org.apache.hc.client5.http.headers -- http-outgoing-44 << Connection: keep-alive
11:52:33.455 [main] DEBUG org.apache.hc.client5.http.headers -- http-outgoing-44 << Content-Length: 723
11:52:33.455 [main] DEBUG org.apache.hc.client5.http.headers -- http-outgoing-44 << Cache-Control: max-age=300
11:52:33.455 [main] DEBUG org.apache.hc.client5.http.headers -- http-outgoing-44 << Content-Security-Policy: default-src 'none'; style-src 'unsafe-inline'; sandbox
11:52:33.455 [main] DEBUG org.apache.hc.client5.http.headers -- http-outgoing-44 << Content-Type: text/plain; charset=utf-8
11:52:33.455 [main] DEBUG org.apache.hc.client5.http.headers -- http-outgoing-44 << ETag: W/"e82b438271e9e8680c688b0b680efd0bdd22faa6d6f0a32fc1fd8accc486b67e"
11:52:33.455 [main] DEBUG org.apache.hc.client5.http.headers -- http-outgoing-44 << Strict-Transport-Security: max-age=31536000
11:52:33.455 [main] DEBUG org.apache.hc.client5.http.headers -- http-outgoing-44 << X-Content-Type-Options: nosniff
11:52:33.455 [main] DEBUG org.apache.hc.client5.http.headers -- http-outgoing-44 << X-Frame-Options: deny
11:52:33.455 [main] DEBUG org.apache.hc.client5.http.headers -- http-outgoing-44 << X-XSS-Protection: 1; mode=block
11:52:33.455 [main] DEBUG org.apache.hc.client5.http.headers -- http-outgoing-44 << X-GitHub-Request-Id: 3072:3BB1E6:1A1165D:1B39889:65A75BA5
11:52:33.455 [main] DEBUG org.apache.hc.client5.http.headers -- http-outgoing-44 << Content-Encoding: gzip
11:52:33.455 [main] DEBUG org.apache.hc.client5.http.headers -- http-outgoing-44 << Accept-Ranges: bytes
11:52:33.455 [main] DEBUG org.apache.hc.client5.http.headers -- http-outgoing-44 << Date: Mon, 12 Feb 2024 04:52:33 GMT
11:52:33.455 [main] DEBUG org.apache.hc.client5.http.headers -- http-outgoing-44 << Via: 1.1 varnish
11:52:33.455 [main] DEBUG org.apache.hc.client5.http.headers -- http-outgoing-44 << X-Served-By: cache-fra-eddf8230084-FRA
11:52:33.455 [main] DEBUG org.apache.hc.client5.http.headers -- http-outgoing-44 << X-Cache: HIT
11:52:33.455 [main] DEBUG org.apache.hc.client5.http.headers -- http-outgoing-44 << X-Cache-Hits: 1
11:52:33.455 [main] DEBUG org.apache.hc.client5.http.headers -- http-outgoing-44 << X-Timer: S1707713553.440475,VS0,VE1
11:52:33.455 [main] DEBUG org.apache.hc.client5.http.headers -- http-outgoing-44 << Vary: Authorization,Accept-Encoding,Origin
11:52:33.455 [main] DEBUG org.apache.hc.client5.http.headers -- http-outgoing-44 << Access-Control-Allow-Origin: *
11:52:33.455 [main] DEBUG org.apache.hc.client5.http.headers -- http-outgoing-44 << Cross-Origin-Resource-Policy: cross-origin
11:52:33.455 [main] DEBUG org.apache.hc.client5.http.headers -- http-outgoing-44 << X-Fastly-Request-ID: 53c759616593f83e69e8f48fcee71f5d0be1064c
11:52:33.455 [main] DEBUG org.apache.hc.client5.http.headers -- http-outgoing-44 << Expires: Mon, 12 Feb 2024 04:57:33 GMT
11:52:33.455 [main] DEBUG org.apache.hc.client5.http.headers -- http-outgoing-44 << Source-Age: 152
11:52:33.455 [main] DEBUG org.apache.hc.client5.http.impl.classic.MainClientExec -- ex-0000000073 connection can be kept alive for 3 MINUTES
11:52:33.456 [main] DEBUG org.apache.hc.client5.http.wire -- http-outgoing-44 << "[0x1f][0xffffff8b][0x8][0x0][0x0][0x0][0x0][0x0][0x0][0x3][0xffffffb5]V]o[0xffffffda]0[0x14]}[0xffffffe7]W\[0xffffff81]*[0xffffffb5][0x12][0x1f][[M[0xffffffd3]$[0x1e]hF[0xffffffbb]i [0x18][0xffffffb4][0xffffffdd]&[0xfffffff9][0xffffffc5]$7[0xffffffc1]R[0x12]#;[0xffffff94]v[0xffffffbf]~[0xffffffb6][0xfffffff3]1[0xffffff92][0xffffff9a][0xffffffc1][0x1a]x[0xffffffcb][0xffffffb5][0xffffffaf][0xffffffcf]9[0xffffffbe][0xfffffff7]8v[0xb][0x1c][0x1e]E4[0xfffffff6]$x4[0xffffffa1][0xb]*[0xffffffb1][0xffffffd1][0xffffff82][0xfffffffb]%[0xffffff93][0xffffffe0][0xffffffb3][0x10][0xffffffc1][0xffffffe5]qBY,!Y[0xffffffea] KM8,[0x10][0xfffffff0][0x19][0xffffffdd]u[0xffffff82][0x1e][0xffffffb0][0xffffffd8]L[0xffffffcb]%[0xffffff86][0xffffffa1][0xe][0xffffffb8][0xfffffff0]P[0xffffffe8]$[0xf][0x13]t[0x13]3[0xfffffff9][0xffffff84]B2[0xffffffae][0xffffffe6]|@[0xfffffff5][0x1d][0x8][0xffffffc4][0x18][0x16][0xffffff82]o[0xffffffa4][0xffffff9a]P[0xffffff94][0xffffffe7][0xffffffce]R[0xfffffff0][0x8][0xffffffdb]p[0xffffffcb][0x4][0xfffffffa][0xfffffffc][0xffffffb9][\r][0xffffff93][0x15][\n]"
11:52:33.456 [main] DEBUG org.apache.hc.client5.http.wire -- http-outgoing-44 << "[0xffffffda][0xffffff86][0xffffffa1][0x17][0xffffffa8]Q3[0xffffffcb][0xffffffd6][0xffffffd1][0xffffff85][0xffffffc6][0xfffffff7][0xffffff98][0xffffffef][0xffffffa3][0xffffffc0]8[0x1][0xffffffae]s[0x12][0x16][0x7] _d[0xffffff82][0xffffff91][0xffffff84][0xfffffff3][0x1f],[0xfffffff6][0x14]j[0x1b]F,^+[0xffffff98]1ua2[0xffffffbf]h([0xffffff8e][0xffffff94][0xffffffa2][0xffffff91]m[0xffffffa3][0xffffffeb][0xffffff9a][0xffffffb0][0xffffffbb]I[0x17]t[0xffffffdf][0xffffffbd][0xffffffef][0xffffffbb][0xffffff91][0xffffffd7]U[0xffffffbb][0xffffff82][0xffffff9e][0x3][0xffffff9b][0xffffff88][0xffffffb9][0xffffffa6]$[0xffffffa6][0xc][0xffffff9b][0xffffffa5][0xffffffe2][0xffffff83][0xffffff98]F[0xffffffd8]o[0xffffff9e]Mg[0xffffff93][0xffffffbb][0xffffffd9]`|[0xfffffffb]u4[0xffffff9c][0x7f]"}B[0xffffffce][0x8][0xffffffb9][0xffffffe3]<[0x8][0xffffff91][0xffffff90][0xffffff94][0xffffff82][0xffffff90][0xffffffc1]j[0x15]2WI[0xffffffe3]1![0x19][0xffffff91]BnB[0xffffff80][0x9]<f[0xffffffb5][0xffffffe8]=[0xffffffd1]p[0xffffffbd][[0xffffffcf][0xffffffe5][0x1b][0xfffffff4][0xffffff9c][0xffffffff][0xfffffffc][0xfffffff8][0xffffffe1][0xffffffe2][0xffffff94][0xffffffa2][0xffffffae][0xe][0x14]5[0xffffff9a]8[0xffffff83][0xffffffd1]`:[0xfffffffd]<[0xffffffb8][0x1f][0xffffff9c]R[0xffffffcf]u[0x7f]6[0xffffffbc][0xffffff83][0xffffffef][0xf][0xffffffc3][0xffffffd9]/[0xfffffff8][0xfffffff2][0xffffffcd]y s[0xffffffee]'[0x1b]*0g[0xffffffcb][0xffffffc8]nF7H][0xffffff83][0xffffff97]{[0xffffffb1]Q[0x5][\r][0xffffffb5]c[0xffffffb4][0xf][0x2][0xffffffb3][0xffffffb4][0xffffff93][0xe]C[0xffffffa7][0xffffffb3]kAD][0xffffff9d][0xffffffde][0xffffffdb][0xffffffda][0xffffff88][0xffffffec][0xffffffa5][0xffffffbc][0xffffff99][0xffffffd9][0xffffffba]t[0xffffffb5][0xffffffea]9[0xffffffea][0x10])[0xffffffb7][0xffffffca][0xffffff9e][0xfffffff2][0xffffffe2]d^N[0xffffffd8]FW[0x16][0xffffffcd][0xffffffdc]_[0x10][0xfffffff9]i|[0x1c][0xffffff93][0xffffff8e][0xfffffff9]o[0x16][0xffffff86]4'!$G[0xffffffdf]W[0xfffffff4]W*j[[0xfffffff3]xR[0xffffffae][0xffffffb6][0xc][0xffffffd0],; #[0xffffffa9][0xffffff92]5[0xffffffb5][0x7][0xffffff9c][0xffffffb5][0xffffffd0][0x7f][0xffffff90][0xffffffc7]jgs[0xfffffffc][0xffffffc2][0xb][0xffffffd9][0x0]t[0xffffff9e]^'Y[0xfffffffb][0xffffff9f][0xffffffb1][0xffffffd8]:[0xffffffbf][0xffffff8d][0xffffffa5][0xffffff9a][0xffffffad][0x7f]m[0x5]&[0xffffffaa][0xffffffa0]^[0xffffff9b][0xffffffcb][0x5]f[0xffffffae][0xffffffe0]RU[0xffffff82][0x10]MS9l[0xffffff91]4t[0xfffffffb][0xffffff8a]][0xffffffd6][0xfffffff4][0xffffff96][0xffffffa6][0xffffff9f]P[0xffffffce][0xffffffd5][0xffffffce][0xffffff93][0xffffffff][0xffffff97][0xffffffcc]p[0xfffffffd][0xfffffff3][0xffffffe8][0x1b][0xffffffcc][0xffffffa2][0xffffffd9]Q[0xffffffbe][0xffffffb2][0xffffffa3][0xffffffc7]m'[0xffffffdf][0xffffffe4][[0xfffffffb]^[0xffffffb0][0xffffff9a][0xffffffbe][0xffffffda][0xffffffda]_[0xffffffce][0xffffff80][0xffffffd2][0xffffffc1]7[0xffffffb7]][0xffffffc1]b[0xffffffee][0xffffffb5][0xffffffff]w[0xffffff83][0xffffffed][0xffffffa7];[0x15]<[0x10]4[0xffffff92][0xffffff84][0x18][\n]"
11:52:33.456 [main] DEBUG org.apache.hc.client5.http.wire -- http-outgoing-44 << "BB[0xffffffba][0xffffff8e]][0xffffffb5]jo[0xffffffb9]+"[0xffffffea][0xffffffb4][0xffffffff]h"[0xffffffea]\?5[0xffffffa9][0xffffffaf]k[0xffffffec][0xffffffff]P[0xffffffea][\n]"
11:52:33.456 [main] DEBUG org.apache.hc.client5.http.wire -- http-outgoing-44 << "w[0xffffffe1]K[0x13][0xffffffda][0xffffffec][0xffffff98][0xffffffe6]Y[0xfffffffd]h8m6[0xffffff9c]T[0xffffffc1][0xfffffff2][0xffffffa7][0xffffff91]z_[0xffffff95]o85p[0x1c][0x13][0xffffffe6][0xfffffff0]5[0xffffffee][0xfffffffc][0xffffff92][0xffffff96][0xffffffda][0xfffffff7][0xffffffcf][0xffffffb1][0x5][0x1d][0xffffffea]K[0xffffff9b]9[0xffffff8e][0xffffffad]e[0xfffffff7][0xffffff93][0xffffffa8]`[0xffffffda][0xffffffff][0x1a][0xffffffd2][0xffffff88][0xffffff85][0xfffffffd][0xfffffff2][0xffffff91]N[0xfffffff6]`[0xffffffdf]2[0xffffffcf][0xffffffae]E[0xffffff97][0xffffffc5][0xffffffa2][0xffffff9d][0xffffffef]'[0xffffff9d]mun.[0xffffffd3]f^[0xffffffc7][0xffffff82][0xffffffda][0xffffff82]9[0xfffffff5][0xffffffa9]`[0x5][0xffffffbc]4[0xffffffa1][0x1d]<M[0xffffffb5]A[0xffffffa7]3[[0xffffffc0][0x7f][0x0][0xffffffc1][0xffffffd0]$[0xffffff85][0x1d][\r][0x0][0x0]"
11:52:33.457 [main] DEBUG org.apache.hc.client5.http.impl.classic.InternalHttpClient -- ep-0000000073 releasing valid endpoint
11:52:33.457 [main] DEBUG org.apache.hc.client5.http.impl.io.PoolingHttpClientConnectionManager -- ep-0000000073 releasing endpoint
11:52:33.457 [main] DEBUG org.apache.hc.client5.http.impl.io.PoolingHttpClientConnectionManager -- ep-0000000073 connection http-outgoing-44 can be kept alive for 3 MINUTES
11:52:33.457 [main] DEBUG org.apache.hc.client5.http.impl.io.PoolingHttpClientConnectionManager -- ep-0000000073 connection released [route: {s}->https://raw.githubusercontent.com:443][total available: 2; route allocated: 1 of 5; total allocated: 3 of 25]
11:52:33.457 [main] DEBUG io.github.bonigarcia.wdm.versions.VersionDetector -- Detecting chrome version using online commands.properties
11:52:33.457 [main] DEBUG io.github.bonigarcia.wdm.versions.Shell -- Running command on the shell: [/Applications/Google Chrome.app/Contents/MacOS/Google Chrome, --version]
11:52:33.510 [main] DEBUG io.github.bonigarcia.wdm.versions.Shell -- Result: Google Chrome 121.0.6167.160
11:52:33.510 [main] DEBUG io.github.bonigarcia.wdm.versions.VersionDetector -- Getting driver version for chrome121 from online versions.properties
11:52:33.511 [main] DEBUG org.apache.hc.client5.http.impl.classic.InternalHttpClient -- ex-0000000074 preparing request execution
11:52:33.511 [main] DEBUG org.apache.hc.client5.http.impl.classic.ProtocolExec -- ex-0000000074 target auth state: UNCHALLENGED
11:52:33.511 [main] DEBUG org.apache.hc.client5.http.impl.classic.ProtocolExec -- ex-0000000074 proxy auth state: UNCHALLENGED
11:52:33.511 [main] DEBUG org.apache.hc.client5.http.impl.classic.ConnectExec -- ex-0000000074 acquiring connection with route {s}->https://raw.githubusercontent.com:443
11:52:33.511 [main] DEBUG org.apache.hc.client5.http.impl.classic.InternalHttpClient -- ex-0000000074 acquiring endpoint (3 MINUTES)
11:52:33.511 [main] DEBUG org.apache.hc.client5.http.impl.io.PoolingHttpClientConnectionManager -- ex-0000000074 endpoint lease request (3 MINUTES) [route: {s}->https://raw.githubusercontent.com:443][total available: 2; route allocated: 1 of 5; total allocated: 3 of 25]
11:52:33.511 [main] DEBUG org.apache.hc.client5.http.impl.io.PoolingHttpClientConnectionManager -- ex-0000000074 endpoint leased [route: {s}->https://raw.githubusercontent.com:443][total available: 1; route allocated: 1 of 5; total allocated: 3 of 25]
11:52:33.511 [main] DEBUG org.apache.hc.client5.http.impl.io.PoolingHttpClientConnectionManager -- ex-0000000074 acquired ep-0000000074
11:52:33.511 [main] DEBUG org.apache.hc.client5.http.impl.classic.InternalHttpClient -- ex-0000000074 acquired endpoint ep-0000000074
11:52:33.511 [main] DEBUG org.apache.hc.client5.http.impl.classic.MainClientExec -- ex-0000000074 executing GET /bonigarcia/webdrivermanager/master/src/main/resources/versions.properties HTTP/1.1
11:52:33.511 [main] DEBUG org.apache.hc.client5.http.protocol.RequestAddCookies -- ex-0000000074 Cookie spec selected: strict
11:52:33.511 [main] DEBUG org.apache.hc.client5.http.impl.classic.InternalHttpClient -- ep-0000000074 start execution ex-0000000074
11:52:33.511 [main] DEBUG org.apache.hc.client5.http.impl.io.PoolingHttpClientConnectionManager -- ep-0000000074 executing exchange ex-0000000074 over http-outgoing-44
11:52:33.511 [main] DEBUG org.apache.hc.client5.http.headers -- http-outgoing-44 >> GET /bonigarcia/webdrivermanager/master/src/main/resources/versions.properties HTTP/1.1
11:52:33.511 [main] DEBUG org.apache.hc.client5.http.headers -- http-outgoing-44 >> user-agent: Apache-HttpClient/5.0
11:52:33.511 [main] DEBUG org.apache.hc.client5.http.headers -- http-outgoing-44 >> accept-encoding: gzip, deflate, br
11:52:33.511 [main] DEBUG org.apache.hc.client5.http.headers -- http-outgoing-44 >> cache-control: max-age=0
11:52:33.511 [main] DEBUG org.apache.hc.client5.http.headers -- http-outgoing-44 >> connection: keep-alive
11:52:33.511 [main] DEBUG org.apache.hc.client5.http.headers -- http-outgoing-44 >> Host: raw.githubusercontent.com
11:52:33.511 [main] DEBUG org.apache.hc.client5.http.wire -- http-outgoing-44 >> "GET /bonigarcia/webdrivermanager/master/src/main/resources/versions.properties HTTP/1.1[\r][\n]"
11:52:33.511 [main] DEBUG org.apache.hc.client5.http.wire -- http-outgoing-44 >> "user-agent: Apache-HttpClient/5.0[\r][\n]"
11:52:33.511 [main] DEBUG org.apache.hc.client5.http.wire -- http-outgoing-44 >> "accept-encoding: gzip, deflate, br[\r][\n]"
11:52:33.511 [main] DEBUG org.apache.hc.client5.http.wire -- http-outgoing-44 >> "cache-control: max-age=0[\r][\n]"
11:52:33.511 [main] DEBUG org.apache.hc.client5.http.wire -- http-outgoing-44 >> "connection: keep-alive[\r][\n]"
11:52:33.511 [main] DEBUG org.apache.hc.client5.http.wire -- http-outgoing-44 >> "Host: raw.githubusercontent.com[\r][\n]"
11:52:33.511 [main] DEBUG org.apache.hc.client5.http.wire -- http-outgoing-44 >> "[\r][\n]"
11:52:33.683 [main] DEBUG org.apache.hc.client5.http.wire -- http-outgoing-44 << "HTTP/1.1 200 OK[\r][\n]"
11:52:33.683 [main] DEBUG org.apache.hc.client5.http.wire -- http-outgoing-44 << "Connection: keep-alive[\r][\n]"
11:52:33.684 [main] DEBUG org.apache.hc.client5.http.wire -- http-outgoing-44 << "Content-Length: 1667[\r][\n]"
11:52:33.684 [main] DEBUG org.apache.hc.client5.http.wire -- http-outgoing-44 << "Cache-Control: max-age=300[\r][\n]"
11:52:33.684 [main] DEBUG org.apache.hc.client5.http.wire -- http-outgoing-44 << "Content-Security-Policy: default-src 'none'; style-src 'unsafe-inline'; sandbox[\r][\n]"
11:52:33.684 [main] DEBUG org.apache.hc.client5.http.wire -- http-outgoing-44 << "Content-Type: text/plain; charset=utf-8[\r][\n]"
11:52:33.684 [main] DEBUG org.apache.hc.client5.http.wire -- http-outgoing-44 << "ETag: W/"2b63ea7ea7667d0729e9d848d780e58af4f6d237cb562369e48d53971ddfa6c5"[\r][\n]"
11:52:33.684 [main] DEBUG org.apache.hc.client5.http.wire -- http-outgoing-44 << "Strict-Transport-Security: max-age=31536000[\r][\n]"
11:52:33.684 [main] DEBUG org.apache.hc.client5.http.wire -- http-outgoing-44 << "X-Content-Type-Options: nosniff[\r][\n]"
11:52:33.684 [main] DEBUG org.apache.hc.client5.http.wire -- http-outgoing-44 << "X-Frame-Options: deny[\r][\n]"
11:52:33.684 [main] DEBUG org.apache.hc.client5.http.wire -- http-outgoing-44 << "X-XSS-Protection: 1; mode=block[\r][\n]"
11:52:33.684 [main] DEBUG org.apache.hc.client5.http.wire -- http-outgoing-44 << "X-GitHub-Request-Id: C544:0E73:441D4E1:46D2A0D:65B9B3A7[\r][\n]"
11:52:33.684 [main] DEBUG org.apache.hc.client5.http.wire -- http-outgoing-44 << "Content-Encoding: gzip[\r][\n]"
11:52:33.684 [main] DEBUG org.apache.hc.client5.http.wire -- http-outgoing-44 << "Accept-Ranges: bytes[\r][\n]"
11:52:33.684 [main] DEBUG org.apache.hc.client5.http.wire -- http-outgoing-44 << "Date: Mon, 12 Feb 2024 04:52:33 GMT[\r][\n]"
11:52:33.684 [main] DEBUG org.apache.hc.client5.http.wire -- http-outgoing-44 << "Via: 1.1 varnish[\r][\n]"
11:52:33.684 [main] DEBUG org.apache.hc.client5.http.wire -- http-outgoing-44 << "X-Served-By: cache-fra-eddf8230084-FRA[\r][\n]"
11:52:33.684 [main] DEBUG org.apache.hc.client5.http.wire -- http-outgoing-44 << "X-Cache: HIT[\r][\n]"
11:52:33.684 [main] DEBUG org.apache.hc.client5.http.wire -- http-outgoing-44 << "X-Cache-Hits: 1[\r][\n]"
11:52:33.684 [main] DEBUG org.apache.hc.client5.http.wire -- http-outgoing-44 << "X-Timer: S1707713554.670775,VS0,VE1[\r][\n]"
11:52:33.684 [main] DEBUG org.apache.hc.client5.http.wire -- http-outgoing-44 << "Vary: Authorization,Accept-Encoding,Origin[\r][\n]"
11:52:33.684 [main] DEBUG org.apache.hc.client5.http.wire -- http-outgoing-44 << "Access-Control-Allow-Origin: *[\r][\n]"
11:52:33.684 [main] DEBUG org.apache.hc.client5.http.wire -- http-outgoing-44 << "Cross-Origin-Resource-Policy: cross-origin[\r][\n]"
11:52:33.684 [main] DEBUG org.apache.hc.client5.http.wire -- http-outgoing-44 << "X-Fastly-Request-ID: d4b4134495a399628b47731932c4da3034614bb4[\r][\n]"
11:52:33.684 [main] DEBUG org.apache.hc.client5.http.wire -- http-outgoing-44 << "Expires: Mon, 12 Feb 2024 04:57:33 GMT[\r][\n]"
11:52:33.684 [main] DEBUG org.apache.hc.client5.http.wire -- http-outgoing-44 << "Source-Age: 254[\r][\n]"
11:52:33.684 [main] DEBUG org.apache.hc.client5.http.wire -- http-outgoing-44 << "[\r][\n]"
11:52:33.684 [main] DEBUG org.apache.hc.client5.http.headers -- http-outgoing-44 << HTTP/1.1 200 OK
11:52:33.684 [main] DEBUG org.apache.hc.client5.http.headers -- http-outgoing-44 << Connection: keep-alive
11:52:33.684 [main] DEBUG org.apache.hc.client5.http.headers -- http-outgoing-44 << Content-Length: 1667
11:52:33.684 [main] DEBUG org.apache.hc.client5.http.headers -- http-outgoing-44 << Cache-Control: max-age=300
11:52:33.684 [main] DEBUG org.apache.hc.client5.http.headers -- http-outgoing-44 << Content-Security-Policy: default-src 'none'; style-src 'unsafe-inline'; sandbox
11:52:33.684 [main] DEBUG org.apache.hc.client5.http.headers -- http-outgoing-44 << Content-Type: text/plain; charset=utf-8
11:52:33.684 [main] DEBUG org.apache.hc.client5.http.headers -- http-outgoing-44 << ETag: W/"2b63ea7ea7667d0729e9d848d780e58af4f6d237cb562369e48d53971ddfa6c5"
11:52:33.684 [main] DEBUG org.apache.hc.client5.http.headers -- http-outgoing-44 << Strict-Transport-Security: max-age=31536000
11:52:33.684 [main] DEBUG org.apache.hc.client5.http.headers -- http-outgoing-44 << X-Content-Type-Options: nosniff
11:52:33.684 [main] DEBUG org.apache.hc.client5.http.headers -- http-outgoing-44 << X-Frame-Options: deny
11:52:33.684 [main] DEBUG org.apache.hc.client5.http.headers -- http-outgoing-44 << X-XSS-Protection: 1; mode=block
11:52:33.684 [main] DEBUG org.apache.hc.client5.http.headers -- http-outgoing-44 << X-GitHub-Request-Id: C544:0E73:441D4E1:46D2A0D:65B9B3A7
11:52:33.684 [main] DEBUG org.apache.hc.client5.http.headers -- http-outgoing-44 << Content-Encoding: gzip
11:52:33.684 [main] DEBUG org.apache.hc.client5.http.headers -- http-outgoing-44 << Accept-Ranges: bytes
11:52:33.684 [main] DEBUG org.apache.hc.client5.http.headers -- http-outgoing-44 << Date: Mon, 12 Feb 2024 04:52:33 GMT
11:52:33.684 [main] DEBUG org.apache.hc.client5.http.headers -- http-outgoing-44 << Via: 1.1 varnish
11:52:33.684 [main] DEBUG org.apache.hc.client5.http.headers -- http-outgoing-44 << X-Served-By: cache-fra-eddf8230084-FRA
11:52:33.684 [main] DEBUG org.apache.hc.client5.http.headers -- http-outgoing-44 << X-Cache: HIT
11:52:33.684 [main] DEBUG org.apache.hc.client5.http.headers -- http-outgoing-44 << X-Cache-Hits: 1
11:52:33.684 [main] DEBUG org.apache.hc.client5.http.headers -- http-outgoing-44 << X-Timer: S1707713554.670775,VS0,VE1
11:52:33.684 [main] DEBUG org.apache.hc.client5.http.headers -- http-outgoing-44 << Vary: Authorization,Accept-Encoding,Origin
11:52:33.684 [main] DEBUG org.apache.hc.client5.http.headers -- http-outgoing-44 << Access-Control-Allow-Origin: *
11:52:33.684 [main] DEBUG org.apache.hc.client5.http.headers -- http-outgoing-44 << Cross-Origin-Resource-Policy: cross-origin
11:52:33.684 [main] DEBUG org.apache.hc.client5.http.headers -- http-outgoing-44 << X-Fastly-Request-ID: d4b4134495a399628b47731932c4da3034614bb4
11:52:33.684 [main] DEBUG org.apache.hc.client5.http.headers -- http-outgoing-44 << Expires: Mon, 12 Feb 2024 04:57:33 GMT
11:52:33.684 [main] DEBUG org.apache.hc.client5.http.headers -- http-outgoing-44 << Source-Age: 254
11:52:33.685 [main] DEBUG org.apache.hc.client5.http.impl.classic.MainClientExec -- ex-0000000074 connection can be kept alive for 3 MINUTES
11:52:33.685 [main] DEBUG org.apache.hc.client5.http.wire -- http-outgoing-44 << "[0x1f][0xffffff8b][0x8][0x0][0x0][0x0][0x0][0x0][0x0][0x3][0xffffff8d][0xffffff97][0xffffffcb]n+7[0xc][0xffffff86][0xfffffff7]y[0xffffff8a][0x1][0xffffffba][0xffffffce]XWJ[\n]"
11:52:33.685 [main] DEBUG org.apache.hc.client5.http.wire -- http-outgoing-44 << "[0xffffffa0]M[0xffffffaf][0xffffffab][0xffffffa2][0xffffff8b][0xfffffff6][0x5]|[0xffffffec]I28[0xffffff8e]'[0xffffffb0][0xffffff9d][0xffffff93][0xffffff83]>}II[0xffffffd4][0xffffffc8][0xffffff9a][0x16][0xffffffe8][0xffffffc2]H[0xfffffff8][0xffffff8d]F")[\r][0xfffffff5][0xfffffff3][0xffffff87][0xffffffe1][0xffffffaf][0xffffffd7][0xfffffff9]:<[0xffffffcf][0xffffffa7]i8,[0xffffffe7][0xffffffdb]~>_[0xffffff87][0xffffffdb][0xffffffeb]4|=/[0xffffff9f][0xffffffe7][0xffffffe1]x[0xffffff99][0xffffffbf]M[0xffffff97][0x1][0x7f][0xffffffd7]y[0xffffffc1]'[0xffffff87][0xffffffe5][0xffffffed]}[0x7f][0xffffff9b][0xffffffbf][0xffffffe0][0xffffffe8][0xffffffcf][0xfffffff9][0xfffffff6][0xffffff9a]F[0x1e][0xffffff96][0xffffffcb]e[0xffffffba][0xffffffbe]/[0xffffffe7][0xffffffe3]|~[0x19][0xffffffbe]\[0xffffff96][0xffffffcf][0xffffffeb][0xfffffffa][0xffffffca][0xffffffc3][0xffffffc3][0xf][0xffffffc3][0xffffff8f][0x19]=[\r][0xffffffbf]-[0xffffffcb][0xb][0xffffffbe][0xfffffff9][0xffffffd3][0xffffffeb]ey[0xffffff9b][0xffffff86][0xfffffffd][0xfffffff9][0xffffff98][0xffffffff][0xffffff9d]?[0xffffffde][0xffffff86][0xffffffc7][0xffffffe1][0xffffffe7][0xffffffb4][0xffffffd4][0xffffffd3]pHO[0xfffffff3][0xffffffc2][0xfffffff8][0xfffffff2][0xffffff9f][0xffffffcb][0xffffffc7][0xffffffe5]0=[\r][0xffffffaf][0xffffffb7][0xffffffdb][0xfffffffb][0xffffffd3]n[0xffffffd7]>[0x1d][0xf][0xffffffe5][0xffffffed]q[0xffffffb9][0xffffffbc][0xffffffec][0xffffff8e][0xffffffe8][0xffffffef]i[0xffffffd9][0x1f][0xffffffaf][0xf]y[0xffffff8c][0xffffff94]&[0xffffffe2]o[0x14][0xffffffa3]u[0xffffffda][0xffffff8e]AT[0xffffffae][0xffffff91]k[0xffffffe2][0xffffffe0][0xffffffd4][0x8][0xffffffba]r[0xffffff85]\%.[0xffffffed]hB[0xffffffe5][0x12][0xffffffb9]$nA[0xffffff8f]`*[0x17][0xffffffc8][0x5]q[0xffffffe3][0xffffffe5][0xffffffe8][0x1c]s[0x11]"[0xfffffffe][0x12][0xffffffc7][0xffffffe5]][0x1d]/<rO\[0xffffffdb]0:Y[0xffffffb9]C[0xffffffee][0x12][0x17]f[0x4]U9 [0x7][0xffffffe2][0xffffffca][0xffffff84][0x11][0xffffffd6][0xfffffff1][0x16][0xffffffb9]%.[0xffffff83][0xffffffc5][0xffffff87][0xffffff95]c[0xffffffbc]"[0xffffffc5]Ka[0xffffffb8][0xffffffea][0xffffffbf][0xffffffc0]xE[0xffffff8a]W[0xffffff80][0x18][0xffffffa5]^[0x1d][0xffffffc2][0xffffff80]E[\n]"
11:52:33.685 [main] DEBUG org.apache.hc.client5.http.wire -- http-outgoing-44 << "X[0xffffffe0]|[0xffffffcd][0x2][0x18][0xffffffb0][0xffffffa0][0xffffff80]M[0xffffffb0]r4+[0xffffffc7][0xffffff80][0x5][0x5]l|[0xffffff80][0x11]8[0xffffffa1]![0xffffffc4][0x10][0x12]5[0x6][0xffffffd7]f[0xffffffea]c[0xffffffa0]`[0xffffff8d][0xffffffb3]~[0xffffffc4]e[0x18][0xffffffbb][0x18](V[0x3]A[0xffffffad]9[0x8][0x10][0x3]$[\n]"
11:52:33.685 [main] DEBUG org.apache.hc.client5.http.wire -- http-outgoing-44 << "f4[0xffffff96][0xffffffa9][0xffffff8d][0xffffffc1]&[0xffffffaa][0xfffffffd][0x8][0x1c]O01[0xffffff98]D19[0xffffffb8][0xffffff91][0xffffff8c]u[0xc][0x14][0xffffffa4][0xffffffb1][0xffffffce][0xffffffad][0xffffff9b][0x1a]T[0xc]*Q[0xffffffdc]R[0xffffffcc]2c[0x19]C[\n]"
11:52:33.685 [main] DEBUG org.apache.hc.client5.http.wire -- http-outgoing-44 << "[0xffffffd0][0xffffffe0][0x9][0xffffffc0]X[0x19][0xffffff8b][0x18]R|F[0xffffff8b]Qq[0xffffff9e]|[0xffffff88]>[0xffffffc5][0xffffffa7][0xfffffff1][0xffffff8f][0xffffffe2][0xffffff99][0xffffffbd][0xffffff8f]>[0xffffffc5][0xffffffa7][0xffffff95][0x19][0x3]0u[0xffffffd1][0xffffffa7][0xfffffff0][0xffffff94][0x17][0xffffffa3][0xfffffff7]L![0xfffffffa][0x14][0xffffff9e]28/[0xffffffa7][0xffffffc2][0xffffffdb][0xffffffe8]Sx[0xffffffd2][0xffffffeb][0xffffffd1][0xffffffb3]k[0xffffffde]D[0xffffff9f][0xffffffc2][0xffffff93][0xffffffc6][0xffffff8d][0xffffff9a]s[0xffffffec]u[0xfffffff4]):[0xffffffda]I[0xffffffcd][0xffffffa9][0xfffffff0]2[0xfffffffa][0x14][0xffffff86][0xffffffc0][0xffffffcc]K][0xffffff97][0x13][0xffffffd1]S[0x18]:[0xffffffa0]/x[0xffffff84][\n]"
11:52:33.685 [main] DEBUG org.apache.hc.client5.http.wire -- http-outgoing-44 << "v![0xffffffba][0xffffff90][0xffffffb0][0xffffffb1][0xffffffa3][0xffffffae][0xffffffd4]G[0xffffffe7][0x13][0xffffffc5][0xffffffb3][0xffffff83][0xffffffe7][0xffffff8a][0xffffffb1][0xffffff8b][0xffffff8e][0x2][0xffffffd1][0x1e][0xfffffff0][`7[0x1c]D[0x7][0xffffff89][0xffffffe2][0x1][0xffffff97][0xffffffaa][0xffffffce]a[0xffffffa3][0xffffffa3]H[0xffffffb4]sx[0xffffffc0][0xffffffd6][0xffffffd1]&:[0xffffff93][0xffffffb0][0xffffffc2][0xfffffff3][0xffffffcb]PGG[0xffffff91]h[0xffffffc0][0xffffff80][0xffffff80]]v**[0xffffffdc]Q[0xffffffb6][0xffffffe4][0xffffff9d]%[0xffffffc8]b[0xffffffc7] [0xffffff90][0xffffffc5]{[0x3][0xffffff9e],[0xffffffce](8[0xffffffb2]x7[0x1][0xffffffc8]bg[0xffffffc0][0xffffffa2]US[0x4][0xffffff86],[0xffffffce]9h[0xffffffb2]x= _t][0xffffff8f]|[0xffffffa9][0xffffffdf][0xc][0xffffff90]/Z[0xffffffdf]U[0xffffffb5][0xffffffdf][0xffffff97][0xffffffbf][0xffffffe7][0xffffffd3]i?[0xfffffffc]:_[0xffffffa6][0xffffffe7][0xffffffe5]{S[0xffffffca]^[0xffffffa6][0xffffffc3][0xffffffd7][0xffffffe5]_+[0xffffffd9][0x15]K[0xffffffd9][0xb][0x16][0xffffffd0][0xffffff8f]/#[0xffffff96][0xffffffd4][0xffffffdd][[0xffffff9e]b[0xffffffd7][0xffffffbc][0xffffffb0][0xffffffbb]L[0xffffffa7]i[0x7f][0xffffff9d][0xffffffae][0xf][0xffffffcf]y^[0xffffffa9]d[0xffffffc4][0xffffffb4]aBW"[0xffffff88][0xffffffe8][0xffffff86][0xffffffc8][0xffffffb0]!~C[0xffffffdc][0xffffff86][0xffffffc0][0xffffff86][0xffffffd8][\r]1[0x1b][0xffffffa2]7Dm[0xffffff88][0xffffffdc][0xffffff90][0xffffffe4][0xffffffb3][0x1a]U%"d[0xffffffb2][0xffffff8e][0x11]~C[0xffffffdc][0xffffff86][0xffffffc0][0xffffff86][0xffffffd8][\r]I>[0xffffffcb][0xffffff96][0xffffffe8][\r]Q[0x1b]"7Dt$[0xffffff84][0x1e][0xfffffff8][0x1e][0xffffffb8][0x1e]@[0xf]l[0xf]zoC[0xffffffef]l[0xffffffe8]}[\r][0xffffffbd][0xffffffab][0xffffff81]<[0xffffffc5][0xffffffaf][0xffffffad][0x1][0xffffffe3]i>[0x7f]|[0xffffffcf]X2[0xfffffff6][0xffffffa1][0x1b][0xffffffe7]}[0xf]\[0xf][0xffffffa0][0x7][0xffffffb6][0x7][0xffffffa6][0x7][0x14][0xffffff80][0xfffffff2][\r]P=[0xffffffa0][0x0][0xffffff94]k[0xffffff80][0xffffffe8][0xffffff80][0xb]=H[0xffffff9e]B[0x3]\[0xf][0xffffffa0][0x7][0xffffffb6][0x7][0xffffffa6][0x7][0xffffffba][0x7][0xffffffaa][0x7][0xffffffb2][0x7][0xffffffa2][0x3][0x10]z[0xffffff90]<[0xffffffb5][\r]H[0xffffff9e]6_0@[0xf]l[0xf][0xffffff92][0xffffffa7][0xffffffcd][0x7][0x4][0xffffffba][0x7][0xffffffc9][0xffffffd3][0xffffffe6][0xffffffd8]C[0xfffffff2][0xffffffb4]9[0x14] :`C[0xf]|[0xf]\[0xf][0xffffff92][0xffffffa7][0xffffffa2][0x1][0xffffff96]A[[0xb][0xffffffff]x[0xffffff9f].[0xfffffffb][0xffffffa6][0x2].d[0xffffffff][0xffffff9f][\n]"
11:52:33.686 [main] DEBUG org.apache.hc.client5.http.wire -- http-outgoing-44 << "[0xffffff98][0x6]^[0xffffff97][0xffffffe7][0xffffffdb][0xffffffe7][0xfffffffe]2e[0xffffff8b][0xffffffd5]]_[0xf][0xffffffd3][0xffffffc3][0xffffffa4][0xffffff8e]hy[0xffffffd4]![0xffffffa8]>[0xffffff94][0x10][0xffffffcc]Q[0x1d][0xffffffc9][0xffffff90]8^s[0x12]o[0xfffffff1][0xffffffc2]I[\r]&[0xfffffff5][0x15]P'[0xfffffff8][0xffffffc0][0xffffff98][0xffffffc4]`[0x12]_[0x1]E[0xffffff86][0xffffffd4][0xffffff8a]9[0xffffff89][0xffffffc1]$[0xffffffbe]<N[0x13][0x1c]c[0xffffffd2][0xffffff82]I{9[0xfffffffc][0xffffffb2]$[\n]"
11:52:33.686 [main] DEBUG org.apache.hc.client5.http.wire -- http-outgoing-44 << "[0xffffff98][0xffffffc2]E[0xffffffab]5[0xffffffb1][0xffffffc8]e[0xffffff8e]u[0xffffffa2][0xffffff91][0xffffff9a]R[0xffffff95]i[0xffffffb0]Z4J[0xffffffd3]3uw:[0xffffffd3][0x16][\n]"
11:52:33.686 [main] DEBUG org.apache.hc.client5.http.wire -- http-outgoing-44 << "[0xffffffad][0xffffffca][0xffffff94][0x1c]g[0xffffffb0][0xffffffad][0xffffffc8][0xffffffc4]L[0x14]lZ[0xffffff8d][0x19]J[0xffffff94]A[0xffffffb7][\n]"
11:52:33.686 [main] DEBUG org.apache.hc.client5.http.wire -- http-outgoing-44 << "[0x13]eI[0xffffffa6][0xffffffaa][0xffffffd5][0xffffff97][0xffffff98][0xffffffb4][0xffffff82]e+/I[0xffffffb9]e,Zu[0xffffffe9]K[0xffffffe0]>[0xffffffb4][0xffffffda][0x12][0xffffffa0]P[0xffffffdf][0x9][0xffffffcb]L]++[0xffffffa1]l[0xffffff8c][0xffffff87]VT[0xffffffd6][0x14]aq[0xffffffb9][0x13][0xffffff95][0x19][0xffffff9a]FS[0xfffffffa][0xffffffe2][0x18][0x16][0xffffff99];E[0xffffff99][0xffffffa1][0xffffffba][0x17][0xffffff94][0x19][0xffffffca]FOZ^_4r[0xffffff92]][0xffffffc5][0xffffffa2]s'&3[0xfffffff4][0xffffff9d][0xffffff96][0xffffffcc][0xffffffd4]5R[0xffffffd2]1[0xffffff84]FH[0xfffffffa][0xffffffb2]<V[0xffffffa1]UG[0xffffffb2][0xfffffff7]X[0xffffff89]V[0x19][0xffffff89][0x9].T72[0x12]xR[0xffffffd5][0xffffffa8]H_6[0x1c][0xffffffcb][0xffffffd2]*"[0xffffffeb]famZE$[0xffffff9f]u[0xffffffac]O[0xffffffab][0xffffff86][0xffffffe4][0x13][0xffffff8d]5[0xffffffaa][0xffffff91][0xffffff90][0xffffffb2][0xffffff84][0xffffff8a][0xffffff85][0xffffffaa]U[0xffffff90]e-[0xffffffac]V[0xffffffab][0xffffff80]t<[0xffffffab]m[0xfffffff4]#[0x1f]e[0xffffffac]Z[0xffffffab]z[0xffffffac][0xffffff87][0x13]KW[0xffffffa3][0x1e][0xfffffff9]S[0xffffffc3][0xfffffffa][0xffffffd5][0xffffff88][0xffffffc7][0xffffffba]V[0x11]}[0xffffffc9][0xffffffb0][0xffffffa1]5[0xffffff8a][0xffffffe4][0xffffffcb]FQ|[0xffffffd9]([0xffffff82]/[0x1b]E[0xffffffef]e[0xffffffa3][0xffffffc8][0xffffffbd]l[0x14][0xffffffb5][0xffffff97][0xffffff8d]"[0xfffffff6][0xffffffb2]![0xffffffb3][0xffffffba][0xffffffcb][0xffffff86]h[0xc]C[0x1e][0xffffffb0][0xffffffc7][0xffffff86]<[0xffffffd0]e[0x1d]C[0x1e][0xffffffa8][0xffffff92][0xc][0x3][0xffffffd9][0xffffffb8][0xffffff93][0xffffff87][0xfffffff3][0xffffffe1][0xffffffb2]Pe[0x1b]~9[0xffffffbe]LMm|[0xffffffbb]N[0x8][0xfffffffe][0xffffffb3]8[0x1e][0xffffffa7]o[0xffffffd3][0xffffff89]f[0x1d][0xffffffdf]x[0xffffff86]T)[0xffffffa7][0xfffffff3][0xffffffe3][0xffffffc7]uW[0xffffffd9]#M[0xffffffb2][0xffffffbb]-[0xffffffcb][0xffffffe9][0xffffffba][0xfffffffb][0xffffff9c][0xffffffbe][0xffffff94]b[0xfffffff9]@t[0xffffffed][0xffffff80][0xffffffa5][0xffffffc7][0x1b]C[0xfffffffa]B[0xffffffb9][0xffffffff][0xffffff95][0xe][0xffffffe5]9f2S[0xffffffee]~[0xffffffa5]S[0xffffffe9] g[0xffffffca][0xffffffbd][0xffffffaf][0x4][0xffffff90][0xffffffd4][0xffffff9b]f[0xffffffca][0xffffff9d][0xffffffaf][0xffffffb4]x>0{[0xffffff89][0xffffffd6][0xffffffbe]WZ,[0xffffffb4][0xffffffae][0xffffffac]V[0xffffffbb]^i[0x0][0xffffffe7][0xffffff85]B[0xffffffb9][0xffffffe7][0xffffffc5]n[0xffffff81][0xffffffee]"
11:52:33.686 [main] DEBUG org.apache.hc.client5.http.wire -- http-outgoing-44 << "[0xfffffff6][0xc][0xffffffb9][0xffffffe1][0xffffff95][0xffffffda][0xffffffd1]MZ([0xffffffb7][0xffffffbb][0xffffffd8][0xffffffb9]j[0xffffffac]`[0xffffff85]r[0xffffffb3]+[0x15]~[0xffffffa9][0xffffff8e]g[0xffffffe0]V[0x17]{[0x13]S[0xffffff83][0xffffffa8]}.[0xffffffde][0x6][0xffffff96]z[0xffffff87]L[0xffffffb9][0xffffffcb]Ea-[0xffffffd6]y[0xffffffb9][0xffffffc7][0xffffffc5][0xffffffcb][0xffffffc2]R[0xffffffa7]E[0xffffff94];\,[0xfffffffd]T(2+[0xfffffffd][0xffffffad][0xffffffa4][0xffffffe8]Jb[0xffffffb8][0xffffffb9][0xffffffc5][0xffffffd0]Te[0xffffffa5][0xffffffb5][0xffffffc5][0x18]Le[0xffffffa5][0xffffffb1]E[0xffffffaf][0xffffffea][0xffffffca][0xffffffdc][0xffffffd6][0x6][0xffffffac]1ZfTZ[0xffffffda][0xffffff80][0xffffffa9][0xffffffd7]eT[0xffffffe9]g[0xffffff83]X[0x17]([0xffffffbd][0xffffffac][0xffffffa7]JW^,}[0xffffffac][0xffffffc7][0xffffffc0]2[0xffffffe1][0x1e][0xffffff96]v<o[0xc][0xfffffff7][0xffffffaf][0xe]s[^[0xffffffe3][0xffffffe6][0x15] [0xffffff94]-[0xffffffe1][0xffffffc6][0x15][0xfffffff0]H@[0xffffffce][0x5]w[0xffffffad][0xffffff96][0x12]\F[0xffffff95][0xffffff96][0xffffffd5]&[0xffffffe1][0xffffff92][0x8][0xffffffb7][0xffffffab]X[0x1a]lY[0xf][0xffffffab]W[0xffffffae][0xffffff9e][0xffffff81]}[0xffffffe2][0xffffffee][0x15][0xffffffef][0xffffffd9][0xffffffb2]U[0xffffffb5]s[0xffffffc5][0xffffff88][0xfffffff1][0xffffffdc]%V[0xffffffdb]V:[0xffffffb3][0xffffff99][0xffffff94][0xffffff96]U9>:[0xffffffdc][0xffffffad]*]I[0xffffffe9]T[0xffffffa9],[0x16]R[0xffffff9a]T[0xffffffa9]I.$dL|[0xffffffbf]L[0xffffff8f][0xfffffff3][0xfffffff9]z[0xffffffdb][0xffffff9f]N[0xffffffd3]1C[0x15][0xffffff81]nv[0xffffff9d][0xffffffcf][0xffffff89][0xffffff91][0x11]K[0x18][0xffffffa8][0xffffff90][0xffffffc3]7"b[0xffffff9d][0xffffffc4][0xffffffdb].[0xffffffef][0xffffff87][0xfffffff6][0x11]?,[0xffffffa3]C6[0x15][0x15][0x1d][0xffffffdc]i[0xffffff9f][0xffffffcf][0x8][0xfffffff6]gtec[0xffffffbd]~[0xfffffff8][0x7][0x18]<[0xfffffffe][0xffffff8d]h[0x13][0x0][0x0]"
11:52:33.687 [main] DEBUG org.apache.hc.client5.http.impl.classic.InternalHttpClient -- ep-0000000074 releasing valid endpoint
11:52:33.687 [main] DEBUG org.apache.hc.client5.http.impl.io.PoolingHttpClientConnectionManager -- ep-0000000074 releasing endpoint
11:52:33.687 [main] DEBUG org.apache.hc.client5.http.impl.io.PoolingHttpClientConnectionManager -- ep-0000000074 connection http-outgoing-44 can be kept alive for 3 MINUTES
11:52:33.687 [main] DEBUG org.apache.hc.client5.http.impl.io.PoolingHttpClientConnectionManager -- ep-0000000074 connection released [route: {s}->https://raw.githubusercontent.com:443][total available: 2; route allocated: 1 of 5; total allocated: 3 of 25]
11:52:33.687 [main] DEBUG io.github.bonigarcia.wdm.versions.VersionDetector -- Driver for chrome121 not found in online properties (using local versions.properties)
11:52:33.688 [main] DEBUG io.github.bonigarcia.wdm.WebDriverManager -- The driver version for CHROME 121 is unknown ... trying with latest
11:52:33.691 [main] DEBUG org.apache.hc.client5.http.impl.classic.InternalHttpClient -- ex-0000000075 preparing request execution
11:52:33.691 [main] DEBUG org.apache.hc.client5.http.impl.classic.ProtocolExec -- ex-0000000075 target auth state: UNCHALLENGED
11:52:33.691 [main] DEBUG org.apache.hc.client5.http.impl.classic.ProtocolExec -- ex-0000000075 proxy auth state: UNCHALLENGED
11:52:33.691 [main] DEBUG org.apache.hc.client5.http.impl.classic.ConnectExec -- ex-0000000075 acquiring connection with route {s}->https://googlechromelabs.github.io:443
11:52:33.691 [main] DEBUG org.apache.hc.client5.http.impl.classic.InternalHttpClient -- ex-0000000075 acquiring endpoint (3 MINUTES)
11:52:33.691 [main] DEBUG org.apache.hc.client5.http.impl.io.PoolingHttpClientConnectionManager -- ex-0000000075 endpoint lease request (3 MINUTES) [route: {s}->https://googlechromelabs.github.io:443][total available: 2; route allocated: 1 of 5; total allocated: 3 of 25]
11:52:33.691 [main] DEBUG org.apache.hc.client5.http.impl.io.PoolingHttpClientConnectionManager -- ex-0000000075 endpoint leased [route: {s}->https://googlechromelabs.github.io:443][total available: 1; route allocated: 1 of 5; total allocated: 3 of 25]
11:52:33.691 [main] DEBUG org.apache.hc.client5.http.impl.io.PoolingHttpClientConnectionManager -- ex-0000000075 acquired ep-0000000075
11:52:33.691 [main] DEBUG org.apache.hc.client5.http.impl.classic.InternalHttpClient -- ex-0000000075 acquired endpoint ep-0000000075
11:52:33.691 [main] DEBUG org.apache.hc.client5.http.impl.classic.MainClientExec -- ex-0000000075 executing GET /chrome-for-testing/last-known-good-versions-with-downloads.json HTTP/1.1
11:52:33.691 [main] DEBUG org.apache.hc.client5.http.protocol.RequestAddCookies -- ex-0000000075 Cookie spec selected: strict
11:52:33.691 [main] DEBUG org.apache.hc.client5.http.impl.classic.InternalHttpClient -- ep-0000000075 start execution ex-0000000075
11:52:33.691 [main] DEBUG org.apache.hc.client5.http.impl.io.PoolingHttpClientConnectionManager -- ep-0000000075 executing exchange ex-0000000075 over http-outgoing-42
11:52:33.692 [main] DEBUG org.apache.hc.client5.http.headers -- http-outgoing-42 >> GET /chrome-for-testing/last-known-good-versions-with-downloads.json HTTP/1.1
11:52:33.692 [main] DEBUG org.apache.hc.client5.http.headers -- http-outgoing-42 >> user-agent: Apache-HttpClient/5.0
11:52:33.692 [main] DEBUG org.apache.hc.client5.http.headers -- http-outgoing-42 >> accept-encoding: gzip, deflate, br
11:52:33.692 [main] DEBUG org.apache.hc.client5.http.headers -- http-outgoing-42 >> cache-control: max-age=0
11:52:33.692 [main] DEBUG org.apache.hc.client5.http.headers -- http-outgoing-42 >> connection: keep-alive
11:52:33.692 [main] DEBUG org.apache.hc.client5.http.headers -- http-outgoing-42 >> Host: googlechromelabs.github.io
11:52:33.692 [main] DEBUG org.apache.hc.client5.http.wire -- http-outgoing-42 >> "GET /chrome-for-testing/last-known-good-versions-with-downloads.json HTTP/1.1[\r][\n]"
11:52:33.692 [main] DEBUG org.apache.hc.client5.http.wire -- http-outgoing-42 >> "user-agent: Apache-HttpClient/5.0[\r][\n]"
11:52:33.692 [main] DEBUG org.apache.hc.client5.http.wire -- http-outgoing-42 >> "accept-encoding: gzip, deflate, br[\r][\n]"
11:52:33.692 [main] DEBUG org.apache.hc.client5.http.wire -- http-outgoing-42 >> "cache-control: max-age=0[\r][\n]"
11:52:33.692 [main] DEBUG org.apache.hc.client5.http.wire -- http-outgoing-42 >> "connection: keep-alive[\r][\n]"
11:52:33.692 [main] DEBUG org.apache.hc.client5.http.wire -- http-outgoing-42 >> "Host: googlechromelabs.github.io[\r][\n]"
11:52:33.692 [main] DEBUG org.apache.hc.client5.http.wire -- http-outgoing-42 >> "[\r][\n]"
11:52:33.872 [main] DEBUG org.apache.hc.client5.http.wire -- http-outgoing-42 << "HTTP/1.1 200 OK[\r][\n]"
11:52:33.872 [main] DEBUG org.apache.hc.client5.http.wire -- http-outgoing-42 << "Connection: keep-alive[\r][\n]"
11:52:33.872 [main] DEBUG org.apache.hc.client5.http.wire -- http-outgoing-42 << "Content-Length: 640[\r][\n]"
11:52:33.872 [main] DEBUG org.apache.hc.client5.http.wire -- http-outgoing-42 << "Server: GitHub.com[\r][\n]"
11:52:33.872 [main] DEBUG org.apache.hc.client5.http.wire -- http-outgoing-42 << "Content-Type: application/json; charset=utf-8[\r][\n]"
11:52:33.872 [main] DEBUG org.apache.hc.client5.http.wire -- http-outgoing-42 << "permissions-policy: interest-cohort=()[\r][\n]"
11:52:33.872 [main] DEBUG org.apache.hc.client5.http.wire -- http-outgoing-42 << "x-origin-cache: HIT[\r][\n]"
11:52:33.872 [main] DEBUG org.apache.hc.client5.http.wire -- http-outgoing-42 << "Last-Modified: Mon, 12 Feb 2024 04:09:36 GMT[\r][\n]"
11:52:33.872 [main] DEBUG org.apache.hc.client5.http.wire -- http-outgoing-42 << "Access-Control-Allow-Origin: *[\r][\n]"
11:52:33.872 [main] DEBUG org.apache.hc.client5.http.wire -- http-outgoing-42 << "Strict-Transport-Security: max-age=31556952[\r][\n]"
11:52:33.872 [main] DEBUG org.apache.hc.client5.http.wire -- http-outgoing-42 << "ETag: W/"65c99a00-229c"[\r][\n]"
11:52:33.872 [main] DEBUG org.apache.hc.client5.http.wire -- http-outgoing-42 << "expires: Mon, 12 Feb 2024 04:21:25 GMT[\r][\n]"
11:52:33.872 [main] DEBUG org.apache.hc.client5.http.wire -- http-outgoing-42 << "Cache-Control: max-age=600[\r][\n]"
11:52:33.872 [main] DEBUG org.apache.hc.client5.http.wire -- http-outgoing-42 << "Content-Encoding: gzip[\r][\n]"
11:52:33.872 [main] DEBUG org.apache.hc.client5.http.wire -- http-outgoing-42 << "x-proxy-cache: HIT[\r][\n]"
11:52:33.872 [main] DEBUG org.apache.hc.client5.http.wire -- http-outgoing-42 << "X-GitHub-Request-Id: 7E68:202855:5C382C1:5E35C94:65C99AB6[\r][\n]"
11:52:33.872 [main] DEBUG org.apache.hc.client5.http.wire -- http-outgoing-42 << "Accept-Ranges: bytes[\r][\n]"
11:52:33.872 [main] DEBUG org.apache.hc.client5.http.wire -- http-outgoing-42 << "Date: Mon, 12 Feb 2024 04:52:33 GMT[\r][\n]"
11:52:33.872 [main] DEBUG org.apache.hc.client5.http.wire -- http-outgoing-42 << "Via: 1.1 varnish[\r][\n]"
11:52:33.872 [main] DEBUG org.apache.hc.client5.http.wire -- http-outgoing-42 << "Age: 530[\r][\n]"
11:52:33.872 [main] DEBUG org.apache.hc.client5.http.wire -- http-outgoing-42 << "X-Served-By: cache-fra-eddf8230071-FRA[\r][\n]"
11:52:33.872 [main] DEBUG org.apache.hc.client5.http.wire -- http-outgoing-42 << "X-Cache: HIT[\r][\n]"
11:52:33.872 [main] DEBUG org.apache.hc.client5.http.wire -- http-outgoing-42 << "X-Cache-Hits: 6[\r][\n]"
11:52:33.872 [main] DEBUG org.apache.hc.client5.http.wire -- http-outgoing-42 << "X-Timer: S1707713554.852326,VS0,VE1[\r][\n]"
11:52:33.872 [main] DEBUG org.apache.hc.client5.http.wire -- http-outgoing-42 << "Vary: Accept-Encoding[\r][\n]"
11:52:33.872 [main] DEBUG org.apache.hc.client5.http.wire -- http-outgoing-42 << "X-Fastly-Request-ID: 01f21587f7563b035c7a604e84c943a622c137a2[\r][\n]"
11:52:33.872 [main] DEBUG org.apache.hc.client5.http.wire -- http-outgoing-42 << "[\r][\n]"
11:52:33.872 [main] DEBUG org.apache.hc.client5.http.headers -- http-outgoing-42 << HTTP/1.1 200 OK
11:52:33.872 [main] DEBUG org.apache.hc.client5.http.headers -- http-outgoing-42 << Connection: keep-alive
11:52:33.873 [main] DEBUG org.apache.hc.client5.http.headers -- http-outgoing-42 << Content-Length: 640
11:52:33.873 [main] DEBUG org.apache.hc.client5.http.headers -- http-outgoing-42 << Server: GitHub.com
11:52:33.873 [main] DEBUG org.apache.hc.client5.http.headers -- http-outgoing-42 << Content-Type: application/json; charset=utf-8
11:52:33.873 [main] DEBUG org.apache.hc.client5.http.headers -- http-outgoing-42 << permissions-policy: interest-cohort=()
11:52:33.873 [main] DEBUG org.apache.hc.client5.http.headers -- http-outgoing-42 << x-origin-cache: HIT
11:52:33.873 [main] DEBUG org.apache.hc.client5.http.headers -- http-outgoing-42 << Last-Modified: Mon, 12 Feb 2024 04:09:36 GMT
11:52:33.873 [main] DEBUG org.apache.hc.client5.http.headers -- http-outgoing-42 << Access-Control-Allow-Origin: *
11:52:33.873 [main] DEBUG org.apache.hc.client5.http.headers -- http-outgoing-42 << Strict-Transport-Security: max-age=31556952
11:52:33.873 [main] DEBUG org.apache.hc.client5.http.headers -- http-outgoing-42 << ETag: W/"65c99a00-229c"
11:52:33.873 [main] DEBUG org.apache.hc.client5.http.headers -- http-outgoing-42 << expires: Mon, 12 Feb 2024 04:21:25 GMT
11:52:33.873 [main] DEBUG org.apache.hc.client5.http.headers -- http-outgoing-42 << Cache-Control: max-age=600
11:52:33.873 [main] DEBUG org.apache.hc.client5.http.headers -- http-outgoing-42 << Content-Encoding: gzip
11:52:33.873 [main] DEBUG org.apache.hc.client5.http.headers -- http-outgoing-42 << x-proxy-cache: HIT
11:52:33.873 [main] DEBUG org.apache.hc.client5.http.headers -- http-outgoing-42 << X-GitHub-Request-Id: 7E68:202855:5C382C1:5E35C94:65C99AB6
11:52:33.873 [main] DEBUG org.apache.hc.client5.http.headers -- http-outgoing-42 << Accept-Ranges: bytes
11:52:33.873 [main] DEBUG org.apache.hc.client5.http.headers -- http-outgoing-42 << Date: Mon, 12 Feb 2024 04:52:33 GMT
11:52:33.873 [main] DEBUG org.apache.hc.client5.http.headers -- http-outgoing-42 << Via: 1.1 varnish
11:52:33.873 [main] DEBUG org.apache.hc.client5.http.headers -- http-outgoing-42 << Age: 530
11:52:33.873 [main] DEBUG org.apache.hc.client5.http.headers -- http-outgoing-42 << X-Served-By: cache-fra-eddf8230071-FRA
11:52:33.873 [main] DEBUG org.apache.hc.client5.http.headers -- http-outgoing-42 << X-Cache: HIT
11:52:33.873 [main] DEBUG org.apache.hc.client5.http.headers -- http-outgoing-42 << X-Cache-Hits: 6
11:52:33.873 [main] DEBUG org.apache.hc.client5.http.headers -- http-outgoing-42 << X-Timer: S1707713554.852326,VS0,VE1
11:52:33.873 [main] DEBUG org.apache.hc.client5.http.headers -- http-outgoing-42 << Vary: Accept-Encoding
11:52:33.873 [main] DEBUG org.apache.hc.client5.http.headers -- http-outgoing-42 << X-Fastly-Request-ID: 01f21587f7563b035c7a604e84c943a622c137a2
11:52:33.873 [main] DEBUG org.apache.hc.client5.http.impl.classic.MainClientExec -- ex-0000000075 connection can be kept alive for 3 MINUTES
11:52:33.874 [main] DEBUG org.apache.hc.client5.http.wire -- http-outgoing-42 << "[0x1f][0xffffff8b][0x8][0x0][0x0][0x0][0x0][0x0][0x0][0x3][0xffffffcd][0xffffff96][0xffffffcb][0xffffff8e][0xffffff9b]0[0x14][0xffffff86][0xfffffff7]}[0xc][0xffffffaf][0xffffffc1]`[0x8][0xffffffe4][0xffffffb2][0xffffff9c][0xffffff99]7hWSu[0xffffffe1][0x6]7A2[0x10][0xffffff81]'[0xffffffd3]N[0xffffffc4][0xffffffbb][0xffffffd7][0x10][0xffffffc3]p[0xffffffb1][0xffffff99]U|[0xffffff90]"%[0x1c][0xffffff9c]s~[0xffffffd0][0xffffffa7][0xffffffa3][0xffffffef][0xffffff86]D[0xffffff9a][0xffffffb1]J[0xffffffd0][0xffffffec][0xffffff82][0xe]([0xfffffff0][0xffffff83][0xffffff8d][0xffffffeb][0x7].!?[0x2]r[0xfffffff0][0xfffffff7][0xfffffff2][0xffffff83]}B^[0xffffff91][0xffffff83][0xffffff8e]g[0xffffff9a][0xffffffe7][0xffffff8c]W[0xffffffe8]pC[0xffffffdf][0x5][0xfffffffd][0xffffffcd]Y[0xfffffff3]KU[0xffffffe5]_U[0xffffffcd]AWVVi[0xffffff91][0xffffffcb][0x12][0x9][0x8][0xfffffff6]qL[0xffffffe2]-[0xffffffde]E[0xfffffff2]N[0xffffffc9][0xffffffae]i[0x7f]+[0xc][0xffffff89][0xffffffbf][0xffffff95][0xffffffc5][0xffffffa4]x[0xffffffcf]yA[0xffffff93][0xffffffea][0xffffffde][0xffffffae],2[0xffffffd9][0xfffffff8][0xffffffe7][\r]]8[0x15][0x7f][0xffffff8a]2[0xffffff93][0xffffff87]y[0xffffff9a][0xffffffbf][0xfffffffd][0xffffff8d]7[0xfffffff2][0xfffffff0][[0xffffffd9][0xffffff8c]:[0xb]q[0xffffffa9][0xe][0xffffff9e][0xffffffc7][0xffffff92][0x13]K8[0xffffffce][0x18]>][0x5][0xffffffc1][0xffffffc7]"S%[0xffffffef][0xffffffde]G}[0xffffffb9][0xffffffb2][0xffffff8d]+[0xffffffe4]3[0xffffffa6][0xfffffff9][0xffffffc9][0x1b]e[0xfffffff2]T[0xffffffe7][0xffffffee][0xffffffa0][0xffffffba][0xffffffc4][0x1f][0xffffffe9][0x5][0xffffffd5][0xffffffce](CF[0xffffff8f].-[0xffffffb3][0xffffff87][0xffffffa4][0xffffffe8]{wG[0xfffffffb][0xffffff82])[0xffffffc9]c[0xffffffde][0xffffff86][0xffffffea]<Lax[0x1b][0xffffffef]i[0x1e][0x6][0xf]H[0xffffffd0][0xfffffff6][0xffffffed][0xffffff8e][0xffffffb5][0x17][0xffffff86][0xffffffe9][0xf]y[0xfffffffe][0xffffffb6][0xffffffef]`z[0xfffffff7][0xffffffec][0xffffffbf][0x1c][0x5]fR[0xffffffa6][0xffffff92]n(<[0xffffffef][0xffffffd3][0xffffffd7][0x2][0xffffffa9]J[0xffffffb3][\n]"
11:52:33.874 [main] DEBUG org.apache.hc.client5.http.wire -- http-outgoing-42 << "T[0x7]Y[0x0][0xffffff81]U)@[0xffffffb1][0xfffffffd][0xffffffcc]0[0xffffff83][0xffffffd7]=3[0xffffff9a]pVUnuf[0xffffff9c]CQ<[0xffffff89][0xffffffb1][0x16][0xffffff9c][0xffffffa7][0xffffffb1]V[0xffffffc1][0xffffffb5].[0x14] [0xffffffe0][0xffffffd3]8[0xffffffa0][0xffffffa4]k[0xffffffc2][0xfffffff4][0xffffffc8][0xffffffd7][0xffffffb5][0xffffff83][0xffffff9e][0xffffff98][0xffffffa0]cCi+c?[0x9][0xffffff9a][0xffffffe6]ALp[0xffffffb0][0xffffff9f][0xfffffffa]I[0xffffffe4]G;[0x1f][0xffffffc2]O[0x6][0xffffff99][0x0][0xfffffffd]d[0xffffff98][0x2][0xffffffd2]O[0xffffffa6]9[0xffffffec][0xfffffffb][0xffffffc9]0[0xffffff81]}?[0xffffff99]L[0xffffff87][0xfffffff7][0x13]3[0xffffff9e][0xfffffff6][0xfffffffd]d[0x9]R[0xfffffffb]~bF[0xffffffd5][0xffffffae][0xffffff9f][0xffffff98][0xffffff80][0xffffffb5][0xffffffe9]'&l[0xffffffd7][0xffffffe2]'[0xb]K[0x16][0xffffffce]O[0x16]w.[0xffffff9c][0xffffff9f],[0xffffffac]`[0x18]?1nd[0x8]?1.[0xffffffe8]/[0xfffffffc][0xffffffe4][0xffffff85]][0xffffffc7]z[0xffffffd2][0x14][0xffffffc6]v[0x12][0xffffffb6][0xffffffad]w1[0xfffffff6]gr[0xffffffb2]%[0xffffff9b][0x10]BN>#[0x1][0xffffffba][0xffffffc9] [0x4][0xffffffa4][0xffffff9a]Lb[0xffffffd8]7[0xffffff93]A[0x0][0xfffffffb]b2[0x1e][0xe][0xffffffef]%F2[0xffffffed]k[0xffffffc9][0x2][0xffffff9f][0xfffffff6][0xffffffad][0xffffffc4]H[0xffffffa9]])1[0xffffffb0]j[0xffffffd3]I[0xc][0xffffffc4][0xffffffae]EI[0xffffffcc][0xffffffab][0x15][0xffffffce]H[0xffffff96]6-[0xffffff9c][0xffffff90][0xffffff98][0x17]/[0xffffff8c][0xffffff8f][0xffffff98][0xfffffff6]0[0xffffff84][0xffffff8e][0xffffff98][0xffffffd6][0xfffffff2][0x17]6[0xfffffff2]LsZ[0xfffffffe][0x1b][0xb][0xffffff89][0xffffffaa][0xffffffe9][0xffffff9c]d[0x1f]i[0xffffff9c]d[0xffffffb7][0xffffff8f][0x8][0xffffff9c][0xffffff93]4[0xffffff91][0xffffffc0][0xffffff9d][0xffffffa4][\r][0x1][0xffffffef]$}[0xc]('i[0x3]@9I7|-N[0xffffffa2]![0x13][0xffffffca]I[0xffffffb4]|B9[0xffffff89][0xffffff86]R[0x8]'[0xffffff99][0xffffffb1]j[0xffffffdf]If[0xffffffc4][0xffffffae][0xffffffcb]It[0xffffffab][0x15][0xffffffda]I[0xfffffff4][0xffffff9b][0x16][0xffffffda]It[0xffffff8b][0x17][0xffffffd2]I[0xffffffe6]{[0x18][0xffffffce]I[0xffffffe6]ky[0xffffffd1]I[0xffffffea][0xfffffffa][0xffffffdb][0x7f][0xffffffd5][0xffffffa2][0xffffff9a]W[0xffffff9c]"[0x0][0x0]"
11:52:33.876 [main] DEBUG org.apache.hc.client5.http.impl.classic.InternalHttpClient -- ep-0000000075 releasing valid endpoint
11:52:33.876 [main] DEBUG org.apache.hc.client5.http.impl.io.PoolingHttpClientConnectionManager -- ep-0000000075 releasing endpoint
11:52:33.876 [main] DEBUG org.apache.hc.client5.http.impl.io.PoolingHttpClientConnectionManager -- ep-0000000075 connection http-outgoing-42 can be kept alive for 3 MINUTES
11:52:33.876 [main] DEBUG org.apache.hc.client5.http.impl.io.PoolingHttpClientConnectionManager -- ep-0000000075 connection released [route: {s}->https://googlechromelabs.github.io:443][total available: 2; route allocated: 1 of 5; total allocated: 3 of 25]
11:52:33.880 [main] DEBUG io.github.bonigarcia.wdm.WebDriverManager -- Driver to be downloaded chromedriver 121.0.6167.85
11:52:33.881 [main] DEBUG io.github.bonigarcia.wdm.cache.ResolutionCache -- Storing resolution chrome=121 in cache (valid until 12:52:33 12/02/2024 WIB)
11:52:33.885 [main] DEBUG io.github.bonigarcia.wdm.cache.ResolutionCache -- Storing resolution chrome121=121.0.6167.85 in cache (valid until 11:52:33 13/02/2024 WIB)
11:52:33.887 [main] INFO io.github.bonigarcia.wdm.WebDriverManager -- Exporting webdriver.chrome.driver as /Users/fizkiarditiakusuma/.cache/selenium/chromedriver/mac-arm64/121.0.6167.85/chromedriver
  &amp#27;[32mGiven &amp#27;[0m&amp#27;[32mPengguna telah membuka situs Kepabeanan&amp#27;[0m                                    &amp#27;[90m# step_definitions.login.penggunaTelahMembukaSitusKepabeanan()&amp#27;[0m
  &amp#27;[32mThen &amp#27;[0m&amp#27;[32mPengguna Klik Field Lupa Password&amp#27;[0m                                           &amp#27;[90m# step_definitions.login.penggunaKlikFieldLupaPassword()&amp#27;[0m
  &amp#27;[32mAnd &amp#27;[0m&amp#27;[32mPengguna memasukan berbagai macam Test dalam field Lupa Password&amp#27;[0m&amp#27;[32m&amp#27;[1m"!@#$%^&*()"&amp#27;[0m &amp#27;[90m# step_definitions.login.penggunaMemasukanBerbagaiMacamTestDalamFieldLupaPassword(java.lang.String)&amp#27;[0m
]]></system-out>
  </testcase>
  <testcase name="LG 006 - Lupa Password #4" classname="login" time="35.929">
    <system-out><![CDATA[
@login
Scenario Outline: LG 006 - Lupa Password                                           &amp#27;[90m# features//login.feature:51&amp#27;[0m
11:52:39.863 [main] DEBUG io.github.bonigarcia.wdm.WebDriverManager -- Using WebDriverManager 5.6.3
11:52:39.867 [main] DEBUG io.github.bonigarcia.wdm.WebDriverManager -- Using URL built from repository pattern: https://edgedl.me.gvt1.com/edgedl/chrome/chrome-for-testing/121.0.6167.139/mac-arm64/chromedriver-mac-arm64.zip
11:52:39.867 [main] DEBUG org.apache.hc.client5.http.impl.classic.InternalHttpClient -- ex-0000000076 preparing request execution
11:52:39.867 [main] DEBUG org.apache.hc.client5.http.impl.classic.ProtocolExec -- ex-0000000076 target auth state: UNCHALLENGED
11:52:39.867 [main] DEBUG org.apache.hc.client5.http.impl.classic.ProtocolExec -- ex-0000000076 proxy auth state: UNCHALLENGED
11:52:39.867 [main] DEBUG org.apache.hc.client5.http.impl.classic.ConnectExec -- ex-0000000076 acquiring connection with route {s}->https://googlechromelabs.github.io:443
11:52:39.867 [main] DEBUG org.apache.hc.client5.http.impl.classic.InternalHttpClient -- ex-0000000076 acquiring endpoint (3 MINUTES)
11:52:39.867 [main] DEBUG org.apache.hc.client5.http.impl.io.PoolingHttpClientConnectionManager -- ex-0000000076 endpoint lease request (3 MINUTES) [route: {s}->https://googlechromelabs.github.io:443][total available: 0; route allocated: 0 of 5; total allocated: 0 of 25]
11:52:39.867 [main] DEBUG org.apache.hc.client5.http.impl.io.PoolingHttpClientConnectionManager -- ex-0000000076 endpoint leased [route: {s}->https://googlechromelabs.github.io:443][total available: 0; route allocated: 1 of 5; total allocated: 1 of 25]
11:52:39.867 [main] DEBUG org.apache.hc.client5.http.impl.io.PoolingHttpClientConnectionManager -- ex-0000000076 acquired ep-0000000076
11:52:39.867 [main] DEBUG org.apache.hc.client5.http.impl.classic.InternalHttpClient -- ex-0000000076 acquired endpoint ep-0000000076
11:52:39.867 [main] DEBUG org.apache.hc.client5.http.impl.classic.ConnectExec -- ex-0000000076 opening connection {s}->https://googlechromelabs.github.io:443
11:52:39.867 [main] DEBUG org.apache.hc.client5.http.impl.classic.InternalHttpClient -- ep-0000000076 connecting endpoint (null)
11:52:39.867 [main] DEBUG org.apache.hc.client5.http.impl.io.PoolingHttpClientConnectionManager -- ep-0000000076 connecting endpoint to https://googlechromelabs.github.io:443 (30 SECONDS)
11:52:39.867 [main] DEBUG org.apache.hc.client5.http.impl.io.DefaultHttpClientConnectionOperator -- googlechromelabs.github.io resolving remote address
11:52:39.869 [main] DEBUG org.apache.hc.client5.http.impl.io.DefaultHttpClientConnectionOperator -- googlechromelabs.github.io resolved to [googlechromelabs.github.io/185.199.111.153, googlechromelabs.github.io/185.199.108.153, googlechromelabs.github.io/185.199.109.153, googlechromelabs.github.io/185.199.110.153, googlechromelabs.github.io/2606:50c0:8000:0:0:0:0:153, googlechromelabs.github.io/2606:50c0:8001:0:0:0:0:153, googlechromelabs.github.io/2606:50c0:8002:0:0:0:0:153, googlechromelabs.github.io/2606:50c0:8003:0:0:0:0:153]
11:52:39.869 [main] DEBUG org.apache.hc.client5.http.impl.io.DefaultHttpClientConnectionOperator -- googlechromelabs.github.io:443 connecting null->googlechromelabs.github.io/185.199.111.153:443 (30 SECONDS)
11:52:39.869 [main] DEBUG org.apache.hc.client5.http.ssl.SSLConnectionSocketFactory -- Connecting socket to googlechromelabs.github.io/185.199.111.153:443 with timeout 30 SECONDS
11:53:09.871 [main] DEBUG org.apache.hc.client5.http.impl.io.DefaultHttpClientConnectionOperator -- googlechromelabs.github.io:443 connection to googlechromelabs.github.io/185.199.111.153:443 failed (class java.net.SocketTimeoutException); retrying connection to the next address
11:53:09.871 [main] DEBUG org.apache.hc.client5.http.impl.io.DefaultHttpClientConnectionOperator -- googlechromelabs.github.io:443 connecting null->googlechromelabs.github.io/185.199.108.153:443 (30 SECONDS)
11:53:09.871 [main] DEBUG org.apache.hc.client5.http.ssl.SSLConnectionSocketFactory -- Connecting socket to googlechromelabs.github.io/185.199.108.153:443 with timeout 30 SECONDS
11:53:09.939 [main] DEBUG org.apache.hc.client5.http.ssl.SSLConnectionSocketFactory -- Enabled protocols: [TLSv1.3, TLSv1.2]
11:53:09.939 [main] DEBUG org.apache.hc.client5.http.ssl.SSLConnectionSocketFactory -- Enabled cipher suites: [TLS_AES_256_GCM_SHA384, TLS_AES_128_GCM_SHA256, TLS_CHACHA20_POLY1305_SHA256, TLS_ECDHE_ECDSA_WITH_AES_256_GCM_SHA384, TLS_ECDHE_ECDSA_WITH_AES_128_GCM_SHA256, TLS_ECDHE_ECDSA_WITH_CHACHA20_POLY1305_SHA256, TLS_ECDHE_RSA_WITH_AES_256_GCM_SHA384, TLS_ECDHE_RSA_WITH_CHACHA20_POLY1305_SHA256, TLS_ECDHE_RSA_WITH_AES_128_GCM_SHA256, TLS_DHE_RSA_WITH_AES_256_GCM_SHA384, TLS_DHE_RSA_WITH_CHACHA20_POLY1305_SHA256, TLS_DHE_DSS_WITH_AES_256_GCM_SHA384, TLS_DHE_RSA_WITH_AES_128_GCM_SHA256, TLS_DHE_DSS_WITH_AES_128_GCM_SHA256, TLS_ECDHE_ECDSA_WITH_AES_256_CBC_SHA384, TLS_ECDHE_RSA_WITH_AES_256_CBC_SHA384, TLS_ECDHE_ECDSA_WITH_AES_128_CBC_SHA256, TLS_ECDHE_RSA_WITH_AES_128_CBC_SHA256, TLS_DHE_RSA_WITH_AES_256_CBC_SHA256, TLS_DHE_DSS_WITH_AES_256_CBC_SHA256, TLS_DHE_RSA_WITH_AES_128_CBC_SHA256, TLS_DHE_DSS_WITH_AES_128_CBC_SHA256, TLS_ECDH_ECDSA_WITH_AES_256_GCM_SHA384, TLS_ECDH_RSA_WITH_AES_256_GCM_SHA384, TLS_ECDH_ECDSA_WITH_AES_128_GCM_SHA256, TLS_ECDH_RSA_WITH_AES_128_GCM_SHA256, TLS_ECDH_ECDSA_WITH_AES_256_CBC_SHA384, TLS_ECDH_RSA_WITH_AES_256_CBC_SHA384, TLS_ECDH_ECDSA_WITH_AES_128_CBC_SHA256, TLS_ECDH_RSA_WITH_AES_128_CBC_SHA256, TLS_ECDHE_ECDSA_WITH_AES_256_CBC_SHA, TLS_ECDHE_RSA_WITH_AES_256_CBC_SHA, TLS_ECDHE_ECDSA_WITH_AES_128_CBC_SHA, TLS_ECDHE_RSA_WITH_AES_128_CBC_SHA, TLS_DHE_RSA_WITH_AES_256_CBC_SHA, TLS_DHE_DSS_WITH_AES_256_CBC_SHA, TLS_DHE_RSA_WITH_AES_128_CBC_SHA, TLS_DHE_DSS_WITH_AES_128_CBC_SHA, TLS_ECDH_ECDSA_WITH_AES_256_CBC_SHA, TLS_ECDH_RSA_WITH_AES_256_CBC_SHA, TLS_ECDH_ECDSA_WITH_AES_128_CBC_SHA, TLS_ECDH_RSA_WITH_AES_128_CBC_SHA, TLS_RSA_WITH_AES_256_GCM_SHA384, TLS_RSA_WITH_AES_128_GCM_SHA256, TLS_RSA_WITH_AES_256_CBC_SHA256, TLS_RSA_WITH_AES_128_CBC_SHA256, TLS_RSA_WITH_AES_256_CBC_SHA, TLS_RSA_WITH_AES_128_CBC_SHA, TLS_EMPTY_RENEGOTIATION_INFO_SCSV]
11:53:09.939 [main] DEBUG org.apache.hc.client5.http.ssl.SSLConnectionSocketFactory -- Starting handshake (null)
11:53:09.971 [main] DEBUG org.apache.hc.client5.http.ssl.SSLConnectionSocketFactory -- Secure session established
11:53:09.971 [main] DEBUG org.apache.hc.client5.http.ssl.SSLConnectionSocketFactory --  negotiated protocol: TLSv1.3
11:53:09.971 [main] DEBUG org.apache.hc.client5.http.ssl.SSLConnectionSocketFactory --  negotiated cipher suite: TLS_AES_128_GCM_SHA256
11:53:09.971 [main] DEBUG org.apache.hc.client5.http.ssl.SSLConnectionSocketFactory --  peer principal: CN=*.github.io, O="GitHub, Inc.", L=San Francisco, ST=California, C=US
11:53:09.971 [main] DEBUG org.apache.hc.client5.http.ssl.SSLConnectionSocketFactory --  peer alternative names: [*.github.io, github.io, *.github.com, github.com, www.github.com, *.githubusercontent.com, githubusercontent.com]
11:53:09.971 [main] DEBUG org.apache.hc.client5.http.ssl.SSLConnectionSocketFactory --  issuer principal: CN=DigiCert TLS RSA SHA256 2020 CA1, O=DigiCert Inc, C=US
11:53:09.971 [main] DEBUG org.apache.hc.client5.http.impl.io.DefaultManagedHttpClientConnection -- http-outgoing-45 set socket timeout to 3 MINUTES
11:53:09.971 [main] DEBUG org.apache.hc.client5.http.impl.io.DefaultHttpClientConnectionOperator -- googlechromelabs.github.io:443 connected null->googlechromelabs.github.io/185.199.108.153:443 as http-outgoing-45
11:53:09.971 [main] DEBUG org.apache.hc.client5.http.impl.io.PoolingHttpClientConnectionManager -- ep-0000000076 connected http-outgoing-45
11:53:09.971 [main] DEBUG org.apache.hc.client5.http.impl.classic.InternalHttpClient -- ep-0000000076 endpoint connected
11:53:09.971 [main] DEBUG org.apache.hc.client5.http.impl.classic.MainClientExec -- ex-0000000076 executing GET /chrome-for-testing/last-known-good-versions-with-downloads.json HTTP/1.1
11:53:09.972 [main] DEBUG org.apache.hc.client5.http.protocol.RequestAddCookies -- ex-0000000076 Cookie spec selected: strict
11:53:09.972 [main] DEBUG org.apache.hc.client5.http.impl.classic.InternalHttpClient -- ep-0000000076 start execution ex-0000000076
11:53:09.972 [main] DEBUG org.apache.hc.client5.http.impl.io.PoolingHttpClientConnectionManager -- ep-0000000076 executing exchange ex-0000000076 over http-outgoing-45
11:53:09.972 [main] DEBUG org.apache.hc.client5.http.headers -- http-outgoing-45 >> GET /chrome-for-testing/last-known-good-versions-with-downloads.json HTTP/1.1
11:53:09.972 [main] DEBUG org.apache.hc.client5.http.headers -- http-outgoing-45 >> user-agent: Apache-HttpClient/5.0
11:53:09.972 [main] DEBUG org.apache.hc.client5.http.headers -- http-outgoing-45 >> accept-encoding: gzip, deflate, br
11:53:09.972 [main] DEBUG org.apache.hc.client5.http.headers -- http-outgoing-45 >> cache-control: max-age=0
11:53:09.972 [main] DEBUG org.apache.hc.client5.http.headers -- http-outgoing-45 >> connection: keep-alive
11:53:09.972 [main] DEBUG org.apache.hc.client5.http.headers -- http-outgoing-45 >> Host: googlechromelabs.github.io
11:53:09.972 [main] DEBUG org.apache.hc.client5.http.wire -- http-outgoing-45 >> "GET /chrome-for-testing/last-known-good-versions-with-downloads.json HTTP/1.1[\r][\n]"
11:53:09.972 [main] DEBUG org.apache.hc.client5.http.wire -- http-outgoing-45 >> "user-agent: Apache-HttpClient/5.0[\r][\n]"
11:53:09.972 [main] DEBUG org.apache.hc.client5.http.wire -- http-outgoing-45 >> "accept-encoding: gzip, deflate, br[\r][\n]"
11:53:09.972 [main] DEBUG org.apache.hc.client5.http.wire -- http-outgoing-45 >> "cache-control: max-age=0[\r][\n]"
11:53:09.972 [main] DEBUG org.apache.hc.client5.http.wire -- http-outgoing-45 >> "connection: keep-alive[\r][\n]"
11:53:09.972 [main] DEBUG org.apache.hc.client5.http.wire -- http-outgoing-45 >> "Host: googlechromelabs.github.io[\r][\n]"
11:53:09.972 [main] DEBUG org.apache.hc.client5.http.wire -- http-outgoing-45 >> "[\r][\n]"
11:53:09.991 [main] DEBUG org.apache.hc.client5.http.wire -- http-outgoing-45 << "HTTP/1.1 200 OK[\r][\n]"
11:53:09.991 [main] DEBUG org.apache.hc.client5.http.wire -- http-outgoing-45 << "Connection: keep-alive[\r][\n]"
11:53:09.991 [main] DEBUG org.apache.hc.client5.http.wire -- http-outgoing-45 << "Content-Length: 640[\r][\n]"
11:53:09.991 [main] DEBUG org.apache.hc.client5.http.wire -- http-outgoing-45 << "Server: GitHub.com[\r][\n]"
11:53:09.991 [main] DEBUG org.apache.hc.client5.http.wire -- http-outgoing-45 << "Content-Type: application/json; charset=utf-8[\r][\n]"
11:53:09.991 [main] DEBUG org.apache.hc.client5.http.wire -- http-outgoing-45 << "permissions-policy: interest-cohort=()[\r][\n]"
11:53:09.991 [main] DEBUG org.apache.hc.client5.http.wire -- http-outgoing-45 << "x-origin-cache: HIT[\r][\n]"
11:53:09.991 [main] DEBUG org.apache.hc.client5.http.wire -- http-outgoing-45 << "Last-Modified: Mon, 12 Feb 2024 04:09:36 GMT[\r][\n]"
11:53:09.991 [main] DEBUG org.apache.hc.client5.http.wire -- http-outgoing-45 << "Access-Control-Allow-Origin: *[\r][\n]"
11:53:09.991 [main] DEBUG org.apache.hc.client5.http.wire -- http-outgoing-45 << "Strict-Transport-Security: max-age=31556952[\r][\n]"
11:53:09.991 [main] DEBUG org.apache.hc.client5.http.wire -- http-outgoing-45 << "ETag: W/"65c99a00-229c"[\r][\n]"
11:53:09.991 [main] DEBUG org.apache.hc.client5.http.wire -- http-outgoing-45 << "expires: Mon, 12 Feb 2024 04:19:55 GMT[\r][\n]"
11:53:09.991 [main] DEBUG org.apache.hc.client5.http.wire -- http-outgoing-45 << "Cache-Control: max-age=600[\r][\n]"
11:53:09.991 [main] DEBUG org.apache.hc.client5.http.wire -- http-outgoing-45 << "Content-Encoding: gzip[\r][\n]"
11:53:09.991 [main] DEBUG org.apache.hc.client5.http.wire -- http-outgoing-45 << "x-proxy-cache: HIT[\r][\n]"
11:53:09.991 [main] DEBUG org.apache.hc.client5.http.wire -- http-outgoing-45 << "X-GitHub-Request-Id: EECE:F2983:9FFA93:AC18FB:65C99AC6[\r][\n]"
11:53:09.991 [main] DEBUG org.apache.hc.client5.http.wire -- http-outgoing-45 << "Accept-Ranges: bytes[\r][\n]"
11:53:09.991 [main] DEBUG org.apache.hc.client5.http.wire -- http-outgoing-45 << "Date: Mon, 12 Feb 2024 04:53:10 GMT[\r][\n]"
11:53:09.991 [main] DEBUG org.apache.hc.client5.http.wire -- http-outgoing-45 << "Via: 1.1 varnish[\r][\n]"
11:53:09.991 [main] DEBUG org.apache.hc.client5.http.wire -- http-outgoing-45 << "Age: 422[\r][\n]"
11:53:09.991 [main] DEBUG org.apache.hc.client5.http.wire -- http-outgoing-45 << "X-Served-By: cache-qpg1232-QPG[\r][\n]"
11:53:09.991 [main] DEBUG org.apache.hc.client5.http.wire -- http-outgoing-45 << "X-Cache: HIT[\r][\n]"
11:53:09.991 [main] DEBUG org.apache.hc.client5.http.wire -- http-outgoing-45 << "X-Cache-Hits: 3[\r][\n]"
11:53:09.991 [main] DEBUG org.apache.hc.client5.http.wire -- http-outgoing-45 << "X-Timer: S1707713590.053697,VS0,VE1[\r][\n]"
11:53:09.991 [main] DEBUG org.apache.hc.client5.http.wire -- http-outgoing-45 << "Vary: Accept-Encoding[\r][\n]"
11:53:09.991 [main] DEBUG org.apache.hc.client5.http.wire -- http-outgoing-45 << "X-Fastly-Request-ID: 425b4fd4ec03cf687f7b048a00871d92538cb675[\r][\n]"
11:53:09.991 [main] DEBUG org.apache.hc.client5.http.wire -- http-outgoing-45 << "[\r][\n]"
11:53:09.991 [main] DEBUG org.apache.hc.client5.http.headers -- http-outgoing-45 << HTTP/1.1 200 OK
11:53:09.991 [main] DEBUG org.apache.hc.client5.http.headers -- http-outgoing-45 << Connection: keep-alive
11:53:09.991 [main] DEBUG org.apache.hc.client5.http.headers -- http-outgoing-45 << Content-Length: 640
11:53:09.991 [main] DEBUG org.apache.hc.client5.http.headers -- http-outgoing-45 << Server: GitHub.com
11:53:09.991 [main] DEBUG org.apache.hc.client5.http.headers -- http-outgoing-45 << Content-Type: application/json; charset=utf-8
11:53:09.991 [main] DEBUG org.apache.hc.client5.http.headers -- http-outgoing-45 << permissions-policy: interest-cohort=()
11:53:09.991 [main] DEBUG org.apache.hc.client5.http.headers -- http-outgoing-45 << x-origin-cache: HIT
11:53:09.991 [main] DEBUG org.apache.hc.client5.http.headers -- http-outgoing-45 << Last-Modified: Mon, 12 Feb 2024 04:09:36 GMT
11:53:09.991 [main] DEBUG org.apache.hc.client5.http.headers -- http-outgoing-45 << Access-Control-Allow-Origin: *
11:53:09.991 [main] DEBUG org.apache.hc.client5.http.headers -- http-outgoing-45 << Strict-Transport-Security: max-age=31556952
11:53:09.991 [main] DEBUG org.apache.hc.client5.http.headers -- http-outgoing-45 << ETag: W/"65c99a00-229c"
11:53:09.991 [main] DEBUG org.apache.hc.client5.http.headers -- http-outgoing-45 << expires: Mon, 12 Feb 2024 04:19:55 GMT
11:53:09.991 [main] DEBUG org.apache.hc.client5.http.headers -- http-outgoing-45 << Cache-Control: max-age=600
11:53:09.991 [main] DEBUG org.apache.hc.client5.http.headers -- http-outgoing-45 << Content-Encoding: gzip
11:53:09.991 [main] DEBUG org.apache.hc.client5.http.headers -- http-outgoing-45 << x-proxy-cache: HIT
11:53:09.991 [main] DEBUG org.apache.hc.client5.http.headers -- http-outgoing-45 << X-GitHub-Request-Id: EECE:F2983:9FFA93:AC18FB:65C99AC6
11:53:09.991 [main] DEBUG org.apache.hc.client5.http.headers -- http-outgoing-45 << Accept-Ranges: bytes
11:53:09.991 [main] DEBUG org.apache.hc.client5.http.headers -- http-outgoing-45 << Date: Mon, 12 Feb 2024 04:53:10 GMT
11:53:09.991 [main] DEBUG org.apache.hc.client5.http.headers -- http-outgoing-45 << Via: 1.1 varnish
11:53:09.991 [main] DEBUG org.apache.hc.client5.http.headers -- http-outgoing-45 << Age: 422
11:53:09.992 [main] DEBUG org.apache.hc.client5.http.headers -- http-outgoing-45 << X-Served-By: cache-qpg1232-QPG
11:53:09.992 [main] DEBUG org.apache.hc.client5.http.headers -- http-outgoing-45 << X-Cache: HIT
11:53:09.992 [main] DEBUG org.apache.hc.client5.http.headers -- http-outgoing-45 << X-Cache-Hits: 3
11:53:09.992 [main] DEBUG org.apache.hc.client5.http.headers -- http-outgoing-45 << X-Timer: S1707713590.053697,VS0,VE1
11:53:09.992 [main] DEBUG org.apache.hc.client5.http.headers -- http-outgoing-45 << Vary: Accept-Encoding
11:53:09.992 [main] DEBUG org.apache.hc.client5.http.headers -- http-outgoing-45 << X-Fastly-Request-ID: 425b4fd4ec03cf687f7b048a00871d92538cb675
11:53:09.992 [main] DEBUG org.apache.hc.client5.http.impl.classic.MainClientExec -- ex-0000000076 connection can be kept alive for 3 MINUTES
11:53:09.992 [main] DEBUG org.apache.hc.client5.http.wire -- http-outgoing-45 << "[0x1f][0xffffff8b][0x8][0x0][0x0][0x0][0x0][0x0][0x0][0x3][0xffffffcd][0xffffff96][0xffffffcb][0xffffff8e][0xffffff9b]0[0x14][0xffffff86][0xfffffff7]}[0xc][0xffffffaf][0xffffffc1]`[0x8][0xffffffe4][0xffffffb2][0xffffff9c][0xffffff99]7hWSu[0xffffffe1][0x6]7A2[0x10][0xffffff81]'[0xffffffd3]N[0xffffffc4][0xffffffbb][0xffffffd7][0x10][0xffffffc3]p[0xffffffb1][0xffffff99]U|[0xffffff90]"%[0x1c][0xffffff9c]s~[0xffffffd0][0xffffffa7][0xffffffa3][0xffffffef][0xffffff86]D[0xffffff9a][0xffffffb1]J[0xffffffd0][0xffffffec][0xffffff82][0xe]([0xfffffff0][0xffffff83][0xffffff8d][0xffffffeb][0x7].!?[0x2]r[0xfffffff0][0xfffffff7][0xfffffff2][0xffffff83]}B^[0xffffff91][0xffffff83][0xffffff8e]g[0xffffff9a][0xffffffe7][0xffffff8c]W[0xffffffe8]pC[0xffffffdf][0x5][0xfffffffd][0xffffffcd]Y[0xfffffff3]KU[0xffffffe5]_U[0xffffffcd]AWVVi[0xffffff91][0xffffffcb][0x12][0x9][0x8][0xfffffff6]qL[0xffffffe2]-[0xffffffde]E[0xfffffff2]N[0xffffffc9][0xffffffae]i[0x7f]+[0xc][0xffffff89][0xffffffbf][0xffffff95][0xffffffc5][0xffffffa4]x[0xffffffcf]yA[0xffffff93][0xffffffea][0xffffffde][0xffffffae],2[0xffffffd9][0xfffffff8][0xffffffe7][\r]]8[0x15][0x7f][0xffffff8a]2[0xffffff93][0xffffff87]y[0xffffff9a][0xffffffbf][0xfffffffd][0xffffff8d]7[0xfffffff2][0xfffffff0][[0xffffffd9][0xffffff8c]:[0xb]q[0xffffffa9][0xe][0xffffff9e][0xffffffc7][0xffffff92][0x13]K8[0xffffffce][0x18]>][0x5][0xffffffc1][0xffffffc7]"S%[0xffffffef][0xffffffde]G}[0xffffffb9][0xffffffb2][0xffffff8d]+[0xffffffe4]3[0xffffffa6][0xfffffff9][0xffffffc9][0x1b]e[0xfffffff2]T[0xffffffe7][0xffffffee][0xffffffa0][0xffffffba][0xffffffc4][0x1f][0xffffffe9][0x5][0xffffffd5][0xffffffce](CF[0xffffff8f].-[0xffffffb3][0xffffff87][0xffffffa4][0xffffffe8]{wG[0xfffffffb][0xffffff82])[0xffffffc9]c[0xffffffde][0xffffff86][0xffffffea]<Lax[0x1b][0xffffffef]i[0x1e][0x6][0xf]H[0xffffffd0][0xfffffff6][0xffffffed][0xffffff8e][0xffffffb5][0x17][0xffffff86][0xffffffe9][0xf]y[0xfffffffe][0xffffffb6][0xffffffef]`z[0xfffffff7][0xffffffec][0xffffffbf][0x1c][0x5]fR[0xffffffa6][0xffffff92]n(<[0xffffffef][0xffffffd3][0xffffffd7][0x2][0xffffffa9]J[0xffffffb3][\n]"
11:53:09.992 [main] DEBUG org.apache.hc.client5.http.wire -- http-outgoing-45 << "T[0x7]Y[0x0][0xffffff81]U)@[0xffffffb1][0xfffffffd][0xffffffcc]0[0xffffff83][0xffffffd7]=3[0xffffff9a]pVUnuf[0xffffff9c]CQ<[0xffffff89][0xffffffb1][0x16][0xffffff9c][0xffffffa7][0xffffffb1]V[0xffffffc1][0xffffffb5].[0x14] [0xffffffe0][0xffffffd3]8[0xffffffa0][0xffffffa4]k[0xffffffc2][0xfffffff4][0xffffffc8][0xffffffd7][0xffffffb5][0xffffff83][0xffffff9e][0xffffff98][0xffffffa0]cCi+c?[0x9][0xffffff9a][0xffffffe6]ALp[0xffffffb0][0xffffff9f][0xfffffffa]I[0xffffffe4]G;[0x1f][0xffffffc2]O[0x6][0xffffff99][0x0][0xfffffffd]d[0xffffff98][0x2][0xffffffd2]O[0xffffffa6]9[0xffffffec][0xfffffffb][0xffffffc9]0[0xffffff81]}?[0xffffff99]L[0xffffff87][0xfffffff7][0x13]3[0xffffff9e][0xfffffff6][0xfffffffd]d[0x9]R[0xfffffffb]~bF[0xffffffd5][0xffffffae][0xffffff9f][0xffffff98][0xffffff80][0xffffffb5][0xffffffe9]'&l[0xffffffd7][0xffffffe2]'[0xb]K[0x16][0xffffffce]O[0x16]w.[0xffffff9c][0xffffff9f],[0xffffffac]`[0x18]?1nd[0x8]?1.[0xffffffe8]/[0xfffffffc][0xffffffe4][0xffffff85]][0xffffffc7]z[0xffffffd2][0x14][0xffffffc6]v[0x12][0xffffffb6][0xffffffad]w1[0xfffffff6]gr[0xffffffb2]%[0xffffff9b][0x10]BN>#[0x1][0xffffffba][0xffffffc9] [0x4][0xffffffa4][0xffffff9a]Lb[0xffffffd8]7[0xffffff93]A[0x0][0xfffffffb]b2[0x1e][0xe][0xffffffef]%F2[0xffffffed]k[0xffffffc9][0x2][0xffffff9f][0xfffffff6][0xffffffad][0xffffffc4]H[0xffffffa9]])1[0xffffffb0]j[0xffffffd3]I[0xc][0xffffffc4][0xffffffae]EI[0xffffffcc][0xffffffab][0x15][0xffffffce]H[0xffffff96]6-[0xffffff9c][0xffffff90][0xffffff98][0x17]/[0xffffff8c][0xffffff8f][0xffffff98][0xfffffff6]0[0xffffff84][0xffffff8e][0xffffff98][0xffffffd6][0xfffffff2][0x17]6[0xfffffff2]LsZ[0xfffffffe][0x1b][0xb][0xffffff89][0xffffffaa][0xffffffe9][0xffffff9c]d[0x1f]i[0xffffff9c]d[0xffffffb7][0xffffff8f][0x8][0xffffff9c][0xffffff93]4[0xffffff91][0xffffffc0][0xffffff9d][0xffffffa4][\r][0x1][0xffffffef]$}[0xc]('i[0x3]@9I7|-N[0xffffffa2]![0x13][0xffffffca]I[0xffffffb4]|B9[0xffffff89][0xffffff86]R[0x8]'[0xffffff99][0xffffffb1]j[0xffffffdf]If[0xffffffc4][0xffffffae][0xffffffcb]It[0xffffffab][0x15][0xffffffda]I[0xfffffff4][0xffffff9b][0x16][0xffffffda]It[0xffffff8b][0x17][0xffffffd2]I[0xffffffe6]{[0x18][0xffffffce]I[0xffffffe6]ky[0xffffffd1]I[0xffffffea][0xfffffffa][0xffffffdb][0x7f][0xffffffd5][0xffffffa2][0xffffff9a]W[0xffffff9c]"[0x0][0x0]"
11:53:09.993 [main] DEBUG org.apache.hc.client5.http.impl.classic.InternalHttpClient -- ep-0000000076 releasing valid endpoint
11:53:09.993 [main] DEBUG org.apache.hc.client5.http.impl.io.PoolingHttpClientConnectionManager -- ep-0000000076 releasing endpoint
11:53:09.993 [main] DEBUG org.apache.hc.client5.http.impl.io.PoolingHttpClientConnectionManager -- ep-0000000076 connection http-outgoing-45 can be kept alive for 3 MINUTES
11:53:09.993 [main] DEBUG org.apache.hc.client5.http.impl.io.PoolingHttpClientConnectionManager -- ep-0000000076 connection released [route: {s}->https://googlechromelabs.github.io:443][total available: 1; route allocated: 1 of 5; total allocated: 1 of 25]
11:53:09.993 [main] DEBUG io.github.bonigarcia.wdm.WebDriverManager -- Driver to be downloaded chromedriver 121.0.6167.139
11:53:09.994 [main] DEBUG io.github.bonigarcia.wdm.WebDriverManager -- Using URL built from repository pattern: https://edgedl.me.gvt1.com/edgedl/chrome/chrome-for-testing/121.0.6167.139/mac-arm64/chromedriver-mac-arm64.zip
11:53:09.995 [main] INFO io.github.bonigarcia.wdm.online.Downloader -- Downloading https://edgedl.me.gvt1.com/edgedl/chrome/chrome-for-testing/121.0.6167.139/mac-arm64/chromedriver-mac-arm64.zip
11:53:09.995 [main] DEBUG org.apache.hc.client5.http.impl.classic.InternalHttpClient -- ex-0000000077 preparing request execution
11:53:09.995 [main] DEBUG org.apache.hc.client5.http.impl.classic.ProtocolExec -- ex-0000000077 target auth state: UNCHALLENGED
11:53:09.995 [main] DEBUG org.apache.hc.client5.http.impl.classic.ProtocolExec -- ex-0000000077 proxy auth state: UNCHALLENGED
11:53:09.995 [main] DEBUG org.apache.hc.client5.http.impl.classic.ConnectExec -- ex-0000000077 acquiring connection with route {s}->https://edgedl.me.gvt1.com:443
11:53:09.995 [main] DEBUG org.apache.hc.client5.http.impl.classic.InternalHttpClient -- ex-0000000077 acquiring endpoint (3 MINUTES)
11:53:09.995 [main] DEBUG org.apache.hc.client5.http.impl.io.PoolingHttpClientConnectionManager -- ex-0000000077 endpoint lease request (3 MINUTES) [route: {s}->https://edgedl.me.gvt1.com:443][total available: 1; route allocated: 0 of 5; total allocated: 1 of 25]
11:53:09.995 [main] DEBUG org.apache.hc.client5.http.impl.io.PoolingHttpClientConnectionManager -- ex-0000000077 endpoint leased [route: {s}->https://edgedl.me.gvt1.com:443][total available: 1; route allocated: 1 of 5; total allocated: 2 of 25]
11:53:09.995 [main] DEBUG org.apache.hc.client5.http.impl.io.PoolingHttpClientConnectionManager -- ex-0000000077 acquired ep-0000000077
11:53:09.995 [main] DEBUG org.apache.hc.client5.http.impl.classic.InternalHttpClient -- ex-0000000077 acquired endpoint ep-0000000077
11:53:09.995 [main] DEBUG org.apache.hc.client5.http.impl.classic.ConnectExec -- ex-0000000077 opening connection {s}->https://edgedl.me.gvt1.com:443
11:53:09.995 [main] DEBUG org.apache.hc.client5.http.impl.classic.InternalHttpClient -- ep-0000000077 connecting endpoint (null)
11:53:09.995 [main] DEBUG org.apache.hc.client5.http.impl.io.PoolingHttpClientConnectionManager -- ep-0000000077 connecting endpoint to https://edgedl.me.gvt1.com:443 (30 SECONDS)
11:53:09.995 [main] DEBUG org.apache.hc.client5.http.impl.io.DefaultHttpClientConnectionOperator -- edgedl.me.gvt1.com resolving remote address
11:53:09.997 [main] DEBUG org.apache.hc.client5.http.impl.io.DefaultHttpClientConnectionOperator -- edgedl.me.gvt1.com resolved to [edgedl.me.gvt1.com/34.104.35.123, edgedl.me.gvt1.com/2600:1900:4110:86f:0:0:0:0]
11:53:09.997 [main] DEBUG org.apache.hc.client5.http.impl.io.DefaultHttpClientConnectionOperator -- edgedl.me.gvt1.com:443 connecting null->edgedl.me.gvt1.com/34.104.35.123:443 (30 SECONDS)
11:53:09.997 [main] DEBUG org.apache.hc.client5.http.ssl.SSLConnectionSocketFactory -- Connecting socket to edgedl.me.gvt1.com/34.104.35.123:443 with timeout 30 SECONDS
11:53:10.018 [main] DEBUG org.apache.hc.client5.http.ssl.SSLConnectionSocketFactory -- Enabled protocols: [TLSv1.3, TLSv1.2]
11:53:10.018 [main] DEBUG org.apache.hc.client5.http.ssl.SSLConnectionSocketFactory -- Enabled cipher suites: [TLS_AES_256_GCM_SHA384, TLS_AES_128_GCM_SHA256, TLS_CHACHA20_POLY1305_SHA256, TLS_ECDHE_ECDSA_WITH_AES_256_GCM_SHA384, TLS_ECDHE_ECDSA_WITH_AES_128_GCM_SHA256, TLS_ECDHE_ECDSA_WITH_CHACHA20_POLY1305_SHA256, TLS_ECDHE_RSA_WITH_AES_256_GCM_SHA384, TLS_ECDHE_RSA_WITH_CHACHA20_POLY1305_SHA256, TLS_ECDHE_RSA_WITH_AES_128_GCM_SHA256, TLS_DHE_RSA_WITH_AES_256_GCM_SHA384, TLS_DHE_RSA_WITH_CHACHA20_POLY1305_SHA256, TLS_DHE_DSS_WITH_AES_256_GCM_SHA384, TLS_DHE_RSA_WITH_AES_128_GCM_SHA256, TLS_DHE_DSS_WITH_AES_128_GCM_SHA256, TLS_ECDHE_ECDSA_WITH_AES_256_CBC_SHA384, TLS_ECDHE_RSA_WITH_AES_256_CBC_SHA384, TLS_ECDHE_ECDSA_WITH_AES_128_CBC_SHA256, TLS_ECDHE_RSA_WITH_AES_128_CBC_SHA256, TLS_DHE_RSA_WITH_AES_256_CBC_SHA256, TLS_DHE_DSS_WITH_AES_256_CBC_SHA256, TLS_DHE_RSA_WITH_AES_128_CBC_SHA256, TLS_DHE_DSS_WITH_AES_128_CBC_SHA256, TLS_ECDH_ECDSA_WITH_AES_256_GCM_SHA384, TLS_ECDH_RSA_WITH_AES_256_GCM_SHA384, TLS_ECDH_ECDSA_WITH_AES_128_GCM_SHA256, TLS_ECDH_RSA_WITH_AES_128_GCM_SHA256, TLS_ECDH_ECDSA_WITH_AES_256_CBC_SHA384, TLS_ECDH_RSA_WITH_AES_256_CBC_SHA384, TLS_ECDH_ECDSA_WITH_AES_128_CBC_SHA256, TLS_ECDH_RSA_WITH_AES_128_CBC_SHA256, TLS_ECDHE_ECDSA_WITH_AES_256_CBC_SHA, TLS_ECDHE_RSA_WITH_AES_256_CBC_SHA, TLS_ECDHE_ECDSA_WITH_AES_128_CBC_SHA, TLS_ECDHE_RSA_WITH_AES_128_CBC_SHA, TLS_DHE_RSA_WITH_AES_256_CBC_SHA, TLS_DHE_DSS_WITH_AES_256_CBC_SHA, TLS_DHE_RSA_WITH_AES_128_CBC_SHA, TLS_DHE_DSS_WITH_AES_128_CBC_SHA, TLS_ECDH_ECDSA_WITH_AES_256_CBC_SHA, TLS_ECDH_RSA_WITH_AES_256_CBC_SHA, TLS_ECDH_ECDSA_WITH_AES_128_CBC_SHA, TLS_ECDH_RSA_WITH_AES_128_CBC_SHA, TLS_RSA_WITH_AES_256_GCM_SHA384, TLS_RSA_WITH_AES_128_GCM_SHA256, TLS_RSA_WITH_AES_256_CBC_SHA256, TLS_RSA_WITH_AES_128_CBC_SHA256, TLS_RSA_WITH_AES_256_CBC_SHA, TLS_RSA_WITH_AES_128_CBC_SHA, TLS_EMPTY_RENEGOTIATION_INFO_SCSV]
11:53:10.018 [main] DEBUG org.apache.hc.client5.http.ssl.SSLConnectionSocketFactory -- Starting handshake (null)
11:53:10.048 [main] DEBUG org.apache.hc.client5.http.ssl.SSLConnectionSocketFactory -- Secure session established
11:53:10.048 [main] DEBUG org.apache.hc.client5.http.ssl.SSLConnectionSocketFactory --  negotiated protocol: TLSv1.3
11:53:10.048 [main] DEBUG org.apache.hc.client5.http.ssl.SSLConnectionSocketFactory --  negotiated cipher suite: TLS_AES_256_GCM_SHA384
11:53:10.048 [main] DEBUG org.apache.hc.client5.http.ssl.SSLConnectionSocketFactory --  peer principal: CN=edgedl.me.gvt1.com
11:53:10.048 [main] DEBUG org.apache.hc.client5.http.ssl.SSLConnectionSocketFactory --  peer alternative names: [edgedl.me.gvt1.com]
11:53:10.048 [main] DEBUG org.apache.hc.client5.http.ssl.SSLConnectionSocketFactory --  issuer principal: CN=GTS CA 1D4, O=Google Trust Services LLC, C=US
11:53:10.048 [main] DEBUG org.apache.hc.client5.http.impl.io.DefaultManagedHttpClientConnection -- http-outgoing-46 set socket timeout to 3 MINUTES
11:53:10.048 [main] DEBUG org.apache.hc.client5.http.impl.io.DefaultHttpClientConnectionOperator -- edgedl.me.gvt1.com:443 connected null->edgedl.me.gvt1.com/34.104.35.123:443 as http-outgoing-46
11:53:10.048 [main] DEBUG org.apache.hc.client5.http.impl.io.PoolingHttpClientConnectionManager -- ep-0000000077 connected http-outgoing-46
11:53:10.048 [main] DEBUG org.apache.hc.client5.http.impl.classic.InternalHttpClient -- ep-0000000077 endpoint connected
11:53:10.049 [main] DEBUG org.apache.hc.client5.http.impl.classic.MainClientExec -- ex-0000000077 executing GET /edgedl/chrome/chrome-for-testing/121.0.6167.139/mac-arm64/chromedriver-mac-arm64.zip HTTP/1.1
11:53:10.049 [main] DEBUG org.apache.hc.client5.http.protocol.RequestAddCookies -- ex-0000000077 Cookie spec selected: strict
11:53:10.049 [main] DEBUG org.apache.hc.client5.http.impl.classic.InternalHttpClient -- ep-0000000077 start execution ex-0000000077
11:53:10.049 [main] DEBUG org.apache.hc.client5.http.impl.io.PoolingHttpClientConnectionManager -- ep-0000000077 executing exchange ex-0000000077 over http-outgoing-46
11:53:10.049 [main] DEBUG org.apache.hc.client5.http.headers -- http-outgoing-46 >> GET /edgedl/chrome/chrome-for-testing/121.0.6167.139/mac-arm64/chromedriver-mac-arm64.zip HTTP/1.1
11:53:10.049 [main] DEBUG org.apache.hc.client5.http.headers -- http-outgoing-46 >> user-agent: Apache-HttpClient/5.0
11:53:10.049 [main] DEBUG org.apache.hc.client5.http.headers -- http-outgoing-46 >> accept-encoding: gzip, deflate, br
11:53:10.049 [main] DEBUG org.apache.hc.client5.http.headers -- http-outgoing-46 >> cache-control: max-age=0
11:53:10.049 [main] DEBUG org.apache.hc.client5.http.headers -- http-outgoing-46 >> connection: keep-alive
11:53:10.049 [main] DEBUG org.apache.hc.client5.http.headers -- http-outgoing-46 >> Host: edgedl.me.gvt1.com
11:53:10.049 [main] DEBUG org.apache.hc.client5.http.wire -- http-outgoing-46 >> "GET /edgedl/chrome/chrome-for-testing/121.0.6167.139/mac-arm64/chromedriver-mac-arm64.zip HTTP/1.1[\r][\n]"
11:53:10.049 [main] DEBUG org.apache.hc.client5.http.wire -- http-outgoing-46 >> "user-agent: Apache-HttpClient/5.0[\r][\n]"
11:53:10.049 [main] DEBUG org.apache.hc.client5.http.wire -- http-outgoing-46 >> "accept-encoding: gzip, deflate, br[\r][\n]"
11:53:10.049 [main] DEBUG org.apache.hc.client5.http.wire -- http-outgoing-46 >> "cache-control: max-age=0[\r][\n]"
11:53:10.049 [main] DEBUG org.apache.hc.client5.http.wire -- http-outgoing-46 >> "connection: keep-alive[\r][\n]"
11:53:10.049 [main] DEBUG org.apache.hc.client5.http.wire -- http-outgoing-46 >> "Host: edgedl.me.gvt1.com[\r][\n]"
11:53:10.049 [main] DEBUG org.apache.hc.client5.http.wire -- http-outgoing-46 >> "[\r][\n]"
11:53:10.202 [main] DEBUG org.apache.hc.client5.http.wire -- http-outgoing-46 << "HTTP/1.1 404 Not Found[\r][\n]"
11:53:10.202 [main] DEBUG org.apache.hc.client5.http.wire -- http-outgoing-46 << "content-length: 1449[\r][\n]"
11:53:10.202 [main] DEBUG org.apache.hc.client5.http.wire -- http-outgoing-46 << "content-type: text/html; charset=utf-8[\r][\n]"
11:53:10.202 [main] DEBUG org.apache.hc.client5.http.wire -- http-outgoing-46 << "server: Google-Edge-Cache[\r][\n]"
11:53:10.202 [main] DEBUG org.apache.hc.client5.http.wire -- http-outgoing-46 << "x-content-type-options: nosniff[\r][\n]"
11:53:10.202 [main] DEBUG org.apache.hc.client5.http.wire -- http-outgoing-46 << "x-frame-options: SAMEORIGIN[\r][\n]"
11:53:10.202 [main] DEBUG org.apache.hc.client5.http.wire -- http-outgoing-46 << "x-xss-protection: 0[\r][\n]"
11:53:10.202 [main] DEBUG org.apache.hc.client5.http.wire -- http-outgoing-46 << "date: Mon, 12 Feb 2024 04:53:10 GMT[\r][\n]"
11:53:10.202 [main] DEBUG org.apache.hc.client5.http.wire -- http-outgoing-46 << "x-request-id: eed19f80-1453-494d-8b9d-6462f35e3bba[\r][\n]"
11:53:10.202 [main] DEBUG org.apache.hc.client5.http.wire -- http-outgoing-46 << "alt-svc: clear[\r][\n]"
11:53:10.202 [main] DEBUG org.apache.hc.client5.http.wire -- http-outgoing-46 << "coprocessor-response: download-server[\r][\n]"
11:53:10.202 [main] DEBUG org.apache.hc.client5.http.wire -- http-outgoing-46 << "[\r][\n]"
11:53:10.202 [main] DEBUG org.apache.hc.client5.http.wire -- http-outgoing-46 << "[\n]"
11:53:10.202 [main] DEBUG org.apache.hc.client5.http.wire -- http-outgoing-46 << "<!DOCTYPE html>[\n]"
11:53:10.202 [main] DEBUG org.apache.hc.client5.http.wire -- http-outgoing-46 << "<html lang=en>[\n]"
11:53:10.202 [main] DEBUG org.apache.hc.client5.http.wire -- http-outgoing-46 << "  <meta charset=utf-8>[\n]"
11:53:10.202 [main] DEBUG org.apache.hc.client5.http.wire -- http-outgoing-46 << "  <meta name=viewport content="initial-scale=1, minimum-scale=1, width=device-width">[\n]"
11:53:10.202 [main] DEBUG org.apache.hc.client5.http.wire -- http-outgoing-46 << "  <title>Error 404 (Not Found)!!1</title>[\n]"
11:53:10.202 [main] DEBUG org.apache.hc.client5.http.wire -- http-outgoing-46 << "  <style>[\n]"
11:53:10.202 [main] DEBUG org.apache.hc.client5.http.wire -- http-outgoing-46 << "    *{margin:0;padding:0}html,code{font:15px/22px arial,sans-serif}html{background:#fff;color:#222;padding:15px}body{margin:7% auto 0;max-width:390px;min-height:180px;padding:30px 0 15px}* > body{background:url(//www.google.com/images/errors/robot.png) 100% 5px no-repeat;padding-right:205px}p{margin:11px 0 22px;overflow:hidden}ins{color:#777;text-decoration:none}a img{border:0}@media screen and (max-width:772px){body{background:none;margin-top:0;max-width:none;padding-right:0}}#logo{background:url(//www.google.com/images/logos/errorpage/error_logo-150x54.png) no-repeat;margin-left:-5px}@media only screen and (min-resolution:192dpi){#logo{background:url(//www.google.com/images/logos/errorpage/error_logo-150x54-2x.png) no-repeat 0% 0%/100% 100%;-moz-border-image:url(//www.google.com/images/logos/errorpage/error_logo-150x54-2x.png) 0}}@media only screen and (-webkit-min-device-pixel-ratio:2){#logo{background:url(//www.google.com/images/logos/errorpage/error_logo-150x54-2x.png) no-repeat;-webkit-background-size:100% 100%}}#logo{display:inline-block;height:54px;width:150px}[\n]"
11:53:10.202 [main] DEBUG org.apache.hc.client5.http.wire -- http-outgoing-46 << "  </style>[\n]"
11:53:10.202 [main] DEBUG org.apache.hc.client5.http.wire -- http-outgoing-46 << "  <a href=//www.google.com/><span id=logo aria-label=Google></span></a>[\n]"
11:53:10.202 [main] DEBUG org.apache.hc.client5.http.wire -- http-outgoing-46 << "  <p><b>404.</b> <ins>That[0xffffffe2][0xffffff80][0xffffff99]s an error.</ins>[\n]"
11:53:10.202 [main] DEBUG org.apache.hc.client5.http.wire -- http-outgoing-46 << "  <p>  <ins>That[0xffffffe2][0xffffff80][0xffffff99]s all we know.</ins>[\n]"
11:53:10.202 [main] DEBUG org.apache.hc.client5.http.headers -- http-outgoing-46 << HTTP/1.1 404 Not Found
11:53:10.202 [main] DEBUG org.apache.hc.client5.http.headers -- http-outgoing-46 << content-length: 1449
11:53:10.202 [main] DEBUG org.apache.hc.client5.http.headers -- http-outgoing-46 << content-type: text/html; charset=utf-8
11:53:10.202 [main] DEBUG org.apache.hc.client5.http.headers -- http-outgoing-46 << server: Google-Edge-Cache
11:53:10.202 [main] DEBUG org.apache.hc.client5.http.headers -- http-outgoing-46 << x-content-type-options: nosniff
11:53:10.202 [main] DEBUG org.apache.hc.client5.http.headers -- http-outgoing-46 << x-frame-options: SAMEORIGIN
11:53:10.202 [main] DEBUG org.apache.hc.client5.http.headers -- http-outgoing-46 << x-xss-protection: 0
11:53:10.202 [main] DEBUG org.apache.hc.client5.http.headers -- http-outgoing-46 << date: Mon, 12 Feb 2024 04:53:10 GMT
11:53:10.202 [main] DEBUG org.apache.hc.client5.http.headers -- http-outgoing-46 << x-request-id: eed19f80-1453-494d-8b9d-6462f35e3bba
11:53:10.202 [main] DEBUG org.apache.hc.client5.http.headers -- http-outgoing-46 << alt-svc: clear
11:53:10.202 [main] DEBUG org.apache.hc.client5.http.headers -- http-outgoing-46 << coprocessor-response: download-server
11:53:10.202 [main] DEBUG org.apache.hc.client5.http.impl.classic.MainClientExec -- ex-0000000077 connection can be kept alive for 3 MINUTES
11:53:10.202 [main] ERROR io.github.bonigarcia.wdm.online.HttpClient -- Error HTTP 404 executing https://edgedl.me.gvt1.com/edgedl/chrome/chrome-for-testing/121.0.6167.139/mac-arm64/chromedriver-mac-arm64.zip
11:53:10.205 [main] INFO io.github.bonigarcia.wdm.cache.ResolutionCache -- Clearing WebDriverManager resolution cache
11:53:10.207 [main] WARN io.github.bonigarcia.wdm.WebDriverManager -- There was an error managing chromedriver 121.0.6167.139 (Error HTTP 404 executing https://edgedl.me.gvt1.com/edgedl/chrome/chrome-for-testing/121.0.6167.139/mac-arm64/chromedriver-mac-arm64.zip) ... trying again avoiding reading release from repository
11:53:10.209 [main] DEBUG org.apache.hc.client5.http.impl.classic.InternalHttpClient -- ex-0000000078 preparing request execution
11:53:10.209 [main] DEBUG org.apache.hc.client5.http.impl.classic.ProtocolExec -- ex-0000000078 target auth state: UNCHALLENGED
11:53:10.209 [main] DEBUG org.apache.hc.client5.http.impl.classic.ProtocolExec -- ex-0000000078 proxy auth state: UNCHALLENGED
11:53:10.209 [main] DEBUG org.apache.hc.client5.http.impl.classic.ConnectExec -- ex-0000000078 acquiring connection with route {s}->https://raw.githubusercontent.com:443
11:53:10.209 [main] DEBUG org.apache.hc.client5.http.impl.classic.InternalHttpClient -- ex-0000000078 acquiring endpoint (3 MINUTES)
11:53:10.209 [main] DEBUG org.apache.hc.client5.http.impl.io.PoolingHttpClientConnectionManager -- ex-0000000078 endpoint lease request (3 MINUTES) [route: {s}->https://raw.githubusercontent.com:443][total available: 1; route allocated: 0 of 5; total allocated: 2 of 25]
11:53:10.209 [main] DEBUG org.apache.hc.client5.http.impl.io.PoolingHttpClientConnectionManager -- ex-0000000078 endpoint leased [route: {s}->https://raw.githubusercontent.com:443][total available: 1; route allocated: 1 of 5; total allocated: 3 of 25]
11:53:10.209 [main] DEBUG org.apache.hc.client5.http.impl.io.PoolingHttpClientConnectionManager -- ex-0000000078 acquired ep-0000000078
11:53:10.209 [main] DEBUG org.apache.hc.client5.http.impl.classic.InternalHttpClient -- ex-0000000078 acquired endpoint ep-0000000078
11:53:10.209 [main] DEBUG org.apache.hc.client5.http.impl.classic.ConnectExec -- ex-0000000078 opening connection {s}->https://raw.githubusercontent.com:443
11:53:10.209 [main] DEBUG org.apache.hc.client5.http.impl.classic.InternalHttpClient -- ep-0000000078 connecting endpoint (null)
11:53:10.209 [main] DEBUG org.apache.hc.client5.http.impl.io.PoolingHttpClientConnectionManager -- ep-0000000078 connecting endpoint to https://raw.githubusercontent.com:443 (30 SECONDS)
11:53:10.209 [main] DEBUG org.apache.hc.client5.http.impl.io.DefaultHttpClientConnectionOperator -- raw.githubusercontent.com resolving remote address
11:53:10.211 [main] DEBUG org.apache.hc.client5.http.impl.io.DefaultHttpClientConnectionOperator -- raw.githubusercontent.com resolved to [raw.githubusercontent.com/185.199.108.133, raw.githubusercontent.com/185.199.111.133, raw.githubusercontent.com/185.199.110.133, raw.githubusercontent.com/185.199.109.133, raw.githubusercontent.com/2606:50c0:8003:0:0:0:0:154, raw.githubusercontent.com/2606:50c0:8002:0:0:0:0:154, raw.githubusercontent.com/2606:50c0:8000:0:0:0:0:154, raw.githubusercontent.com/2606:50c0:8001:0:0:0:0:154]
11:53:10.211 [main] DEBUG org.apache.hc.client5.http.impl.io.DefaultHttpClientConnectionOperator -- raw.githubusercontent.com:443 connecting null->raw.githubusercontent.com/185.199.108.133:443 (30 SECONDS)
11:53:10.211 [main] DEBUG org.apache.hc.client5.http.ssl.SSLConnectionSocketFactory -- Connecting socket to raw.githubusercontent.com/185.199.108.133:443 with timeout 30 SECONDS
11:53:10.230 [main] DEBUG org.apache.hc.client5.http.ssl.SSLConnectionSocketFactory -- Enabled protocols: [TLSv1.3, TLSv1.2]
11:53:10.230 [main] DEBUG org.apache.hc.client5.http.ssl.SSLConnectionSocketFactory -- Enabled cipher suites: [TLS_AES_256_GCM_SHA384, TLS_AES_128_GCM_SHA256, TLS_CHACHA20_POLY1305_SHA256, TLS_ECDHE_ECDSA_WITH_AES_256_GCM_SHA384, TLS_ECDHE_ECDSA_WITH_AES_128_GCM_SHA256, TLS_ECDHE_ECDSA_WITH_CHACHA20_POLY1305_SHA256, TLS_ECDHE_RSA_WITH_AES_256_GCM_SHA384, TLS_ECDHE_RSA_WITH_CHACHA20_POLY1305_SHA256, TLS_ECDHE_RSA_WITH_AES_128_GCM_SHA256, TLS_DHE_RSA_WITH_AES_256_GCM_SHA384, TLS_DHE_RSA_WITH_CHACHA20_POLY1305_SHA256, TLS_DHE_DSS_WITH_AES_256_GCM_SHA384, TLS_DHE_RSA_WITH_AES_128_GCM_SHA256, TLS_DHE_DSS_WITH_AES_128_GCM_SHA256, TLS_ECDHE_ECDSA_WITH_AES_256_CBC_SHA384, TLS_ECDHE_RSA_WITH_AES_256_CBC_SHA384, TLS_ECDHE_ECDSA_WITH_AES_128_CBC_SHA256, TLS_ECDHE_RSA_WITH_AES_128_CBC_SHA256, TLS_DHE_RSA_WITH_AES_256_CBC_SHA256, TLS_DHE_DSS_WITH_AES_256_CBC_SHA256, TLS_DHE_RSA_WITH_AES_128_CBC_SHA256, TLS_DHE_DSS_WITH_AES_128_CBC_SHA256, TLS_ECDH_ECDSA_WITH_AES_256_GCM_SHA384, TLS_ECDH_RSA_WITH_AES_256_GCM_SHA384, TLS_ECDH_ECDSA_WITH_AES_128_GCM_SHA256, TLS_ECDH_RSA_WITH_AES_128_GCM_SHA256, TLS_ECDH_ECDSA_WITH_AES_256_CBC_SHA384, TLS_ECDH_RSA_WITH_AES_256_CBC_SHA384, TLS_ECDH_ECDSA_WITH_AES_128_CBC_SHA256, TLS_ECDH_RSA_WITH_AES_128_CBC_SHA256, TLS_ECDHE_ECDSA_WITH_AES_256_CBC_SHA, TLS_ECDHE_RSA_WITH_AES_256_CBC_SHA, TLS_ECDHE_ECDSA_WITH_AES_128_CBC_SHA, TLS_ECDHE_RSA_WITH_AES_128_CBC_SHA, TLS_DHE_RSA_WITH_AES_256_CBC_SHA, TLS_DHE_DSS_WITH_AES_256_CBC_SHA, TLS_DHE_RSA_WITH_AES_128_CBC_SHA, TLS_DHE_DSS_WITH_AES_128_CBC_SHA, TLS_ECDH_ECDSA_WITH_AES_256_CBC_SHA, TLS_ECDH_RSA_WITH_AES_256_CBC_SHA, TLS_ECDH_ECDSA_WITH_AES_128_CBC_SHA, TLS_ECDH_RSA_WITH_AES_128_CBC_SHA, TLS_RSA_WITH_AES_256_GCM_SHA384, TLS_RSA_WITH_AES_128_GCM_SHA256, TLS_RSA_WITH_AES_256_CBC_SHA256, TLS_RSA_WITH_AES_128_CBC_SHA256, TLS_RSA_WITH_AES_256_CBC_SHA, TLS_RSA_WITH_AES_128_CBC_SHA, TLS_EMPTY_RENEGOTIATION_INFO_SCSV]
11:53:10.230 [main] DEBUG org.apache.hc.client5.http.ssl.SSLConnectionSocketFactory -- Starting handshake (null)
11:53:10.255 [main] DEBUG org.apache.hc.client5.http.ssl.SSLConnectionSocketFactory -- Secure session established
11:53:10.255 [main] DEBUG org.apache.hc.client5.http.ssl.SSLConnectionSocketFactory --  negotiated protocol: TLSv1.3
11:53:10.255 [main] DEBUG org.apache.hc.client5.http.ssl.SSLConnectionSocketFactory --  negotiated cipher suite: TLS_AES_128_GCM_SHA256
11:53:10.255 [main] DEBUG org.apache.hc.client5.http.ssl.SSLConnectionSocketFactory --  peer principal: CN=*.github.io, O="GitHub, Inc.", L=San Francisco, ST=California, C=US
11:53:10.255 [main] DEBUG org.apache.hc.client5.http.ssl.SSLConnectionSocketFactory --  peer alternative names: [*.github.io, github.io, *.github.com, github.com, www.github.com, *.githubusercontent.com, githubusercontent.com]
11:53:10.255 [main] DEBUG org.apache.hc.client5.http.ssl.SSLConnectionSocketFactory --  issuer principal: CN=DigiCert TLS RSA SHA256 2020 CA1, O=DigiCert Inc, C=US
11:53:10.255 [main] DEBUG org.apache.hc.client5.http.impl.io.DefaultManagedHttpClientConnection -- http-outgoing-47 set socket timeout to 3 MINUTES
11:53:10.255 [main] DEBUG org.apache.hc.client5.http.impl.io.DefaultHttpClientConnectionOperator -- raw.githubusercontent.com:443 connected null->raw.githubusercontent.com/185.199.108.133:443 as http-outgoing-47
11:53:10.255 [main] DEBUG org.apache.hc.client5.http.impl.io.PoolingHttpClientConnectionManager -- ep-0000000078 connected http-outgoing-47
11:53:10.255 [main] DEBUG org.apache.hc.client5.http.impl.classic.InternalHttpClient -- ep-0000000078 endpoint connected
11:53:10.255 [main] DEBUG org.apache.hc.client5.http.impl.classic.MainClientExec -- ex-0000000078 executing GET /bonigarcia/webdrivermanager/master/src/main/resources/commands.properties HTTP/1.1
11:53:10.255 [main] DEBUG org.apache.hc.client5.http.protocol.RequestAddCookies -- ex-0000000078 Cookie spec selected: strict
11:53:10.255 [main] DEBUG org.apache.hc.client5.http.impl.classic.InternalHttpClient -- ep-0000000078 start execution ex-0000000078
11:53:10.255 [main] DEBUG org.apache.hc.client5.http.impl.io.PoolingHttpClientConnectionManager -- ep-0000000078 executing exchange ex-0000000078 over http-outgoing-47
11:53:10.255 [main] DEBUG org.apache.hc.client5.http.headers -- http-outgoing-47 >> GET /bonigarcia/webdrivermanager/master/src/main/resources/commands.properties HTTP/1.1
11:53:10.255 [main] DEBUG org.apache.hc.client5.http.headers -- http-outgoing-47 >> user-agent: Apache-HttpClient/5.0
11:53:10.255 [main] DEBUG org.apache.hc.client5.http.headers -- http-outgoing-47 >> accept-encoding: gzip, deflate, br
11:53:10.255 [main] DEBUG org.apache.hc.client5.http.headers -- http-outgoing-47 >> cache-control: max-age=0
11:53:10.255 [main] DEBUG org.apache.hc.client5.http.headers -- http-outgoing-47 >> connection: keep-alive
11:53:10.255 [main] DEBUG org.apache.hc.client5.http.headers -- http-outgoing-47 >> Host: raw.githubusercontent.com
11:53:10.255 [main] DEBUG org.apache.hc.client5.http.wire -- http-outgoing-47 >> "GET /bonigarcia/webdrivermanager/master/src/main/resources/commands.properties HTTP/1.1[\r][\n]"
11:53:10.255 [main] DEBUG org.apache.hc.client5.http.wire -- http-outgoing-47 >> "user-agent: Apache-HttpClient/5.0[\r][\n]"
11:53:10.255 [main] DEBUG org.apache.hc.client5.http.wire -- http-outgoing-47 >> "accept-encoding: gzip, deflate, br[\r][\n]"
11:53:10.255 [main] DEBUG org.apache.hc.client5.http.wire -- http-outgoing-47 >> "cache-control: max-age=0[\r][\n]"
11:53:10.255 [main] DEBUG org.apache.hc.client5.http.wire -- http-outgoing-47 >> "connection: keep-alive[\r][\n]"
11:53:10.255 [main] DEBUG org.apache.hc.client5.http.wire -- http-outgoing-47 >> "Host: raw.githubusercontent.com[\r][\n]"
11:53:10.255 [main] DEBUG org.apache.hc.client5.http.wire -- http-outgoing-47 >> "[\r][\n]"
11:53:10.276 [main] DEBUG org.apache.hc.client5.http.wire -- http-outgoing-47 << "HTTP/1.1 200 OK[\r][\n]"
11:53:10.276 [main] DEBUG org.apache.hc.client5.http.wire -- http-outgoing-47 << "Connection: keep-alive[\r][\n]"
11:53:10.276 [main] DEBUG org.apache.hc.client5.http.wire -- http-outgoing-47 << "Content-Length: 723[\r][\n]"
11:53:10.276 [main] DEBUG org.apache.hc.client5.http.wire -- http-outgoing-47 << "Cache-Control: max-age=300[\r][\n]"
11:53:10.276 [main] DEBUG org.apache.hc.client5.http.wire -- http-outgoing-47 << "Content-Security-Policy: default-src 'none'; style-src 'unsafe-inline'; sandbox[\r][\n]"
11:53:10.276 [main] DEBUG org.apache.hc.client5.http.wire -- http-outgoing-47 << "Content-Type: text/plain; charset=utf-8[\r][\n]"
11:53:10.276 [main] DEBUG org.apache.hc.client5.http.wire -- http-outgoing-47 << "ETag: W/"e82b438271e9e8680c688b0b680efd0bdd22faa6d6f0a32fc1fd8accc486b67e"[\r][\n]"
11:53:10.276 [main] DEBUG org.apache.hc.client5.http.wire -- http-outgoing-47 << "Strict-Transport-Security: max-age=31536000[\r][\n]"
11:53:10.276 [main] DEBUG org.apache.hc.client5.http.wire -- http-outgoing-47 << "X-Content-Type-Options: nosniff[\r][\n]"
11:53:10.276 [main] DEBUG org.apache.hc.client5.http.wire -- http-outgoing-47 << "X-Frame-Options: deny[\r][\n]"
11:53:10.276 [main] DEBUG org.apache.hc.client5.http.wire -- http-outgoing-47 << "X-XSS-Protection: 1; mode=block[\r][\n]"
11:53:10.276 [main] DEBUG org.apache.hc.client5.http.wire -- http-outgoing-47 << "X-GitHub-Request-Id: D6C0:23986A:25619:36F2A:65B05D65[\r][\n]"
11:53:10.276 [main] DEBUG org.apache.hc.client5.http.wire -- http-outgoing-47 << "Content-Encoding: gzip[\r][\n]"
11:53:10.276 [main] DEBUG org.apache.hc.client5.http.wire -- http-outgoing-47 << "Accept-Ranges: bytes[\r][\n]"
11:53:10.276 [main] DEBUG org.apache.hc.client5.http.wire -- http-outgoing-47 << "Date: Mon, 12 Feb 2024 04:53:10 GMT[\r][\n]"
11:53:10.276 [main] DEBUG org.apache.hc.client5.http.wire -- http-outgoing-47 << "Via: 1.1 varnish[\r][\n]"
11:53:10.276 [main] DEBUG org.apache.hc.client5.http.wire -- http-outgoing-47 << "X-Served-By: cache-qpg1240-QPG[\r][\n]"
11:53:10.276 [main] DEBUG org.apache.hc.client5.http.wire -- http-outgoing-47 << "X-Cache: HIT[\r][\n]"
11:53:10.276 [main] DEBUG org.apache.hc.client5.http.wire -- http-outgoing-47 << "X-Cache-Hits: 1[\r][\n]"
11:53:10.276 [main] DEBUG org.apache.hc.client5.http.wire -- http-outgoing-47 << "X-Timer: S1707713590.337278,VS0,VE1[\r][\n]"
11:53:10.276 [main] DEBUG org.apache.hc.client5.http.wire -- http-outgoing-47 << "Vary: Authorization,Accept-Encoding,Origin[\r][\n]"
11:53:10.276 [main] DEBUG org.apache.hc.client5.http.wire -- http-outgoing-47 << "Access-Control-Allow-Origin: *[\r][\n]"
11:53:10.276 [main] DEBUG org.apache.hc.client5.http.wire -- http-outgoing-47 << "Cross-Origin-Resource-Policy: cross-origin[\r][\n]"
11:53:10.276 [main] DEBUG org.apache.hc.client5.http.wire -- http-outgoing-47 << "X-Fastly-Request-ID: fb0c2871d5760a799ea63c0058286e6f7a74b519[\r][\n]"
11:53:10.276 [main] DEBUG org.apache.hc.client5.http.wire -- http-outgoing-47 << "Expires: Mon, 12 Feb 2024 04:58:10 GMT[\r][\n]"
11:53:10.276 [main] DEBUG org.apache.hc.client5.http.wire -- http-outgoing-47 << "Source-Age: 22[\r][\n]"
11:53:10.276 [main] DEBUG org.apache.hc.client5.http.wire -- http-outgoing-47 << "[\r][\n]"
11:53:10.276 [main] DEBUG org.apache.hc.client5.http.headers -- http-outgoing-47 << HTTP/1.1 200 OK
11:53:10.276 [main] DEBUG org.apache.hc.client5.http.headers -- http-outgoing-47 << Connection: keep-alive
11:53:10.276 [main] DEBUG org.apache.hc.client5.http.headers -- http-outgoing-47 << Content-Length: 723
11:53:10.276 [main] DEBUG org.apache.hc.client5.http.headers -- http-outgoing-47 << Cache-Control: max-age=300
11:53:10.276 [main] DEBUG org.apache.hc.client5.http.headers -- http-outgoing-47 << Content-Security-Policy: default-src 'none'; style-src 'unsafe-inline'; sandbox
11:53:10.276 [main] DEBUG org.apache.hc.client5.http.headers -- http-outgoing-47 << Content-Type: text/plain; charset=utf-8
11:53:10.276 [main] DEBUG org.apache.hc.client5.http.headers -- http-outgoing-47 << ETag: W/"e82b438271e9e8680c688b0b680efd0bdd22faa6d6f0a32fc1fd8accc486b67e"
11:53:10.276 [main] DEBUG org.apache.hc.client5.http.headers -- http-outgoing-47 << Strict-Transport-Security: max-age=31536000
11:53:10.276 [main] DEBUG org.apache.hc.client5.http.headers -- http-outgoing-47 << X-Content-Type-Options: nosniff
11:53:10.276 [main] DEBUG org.apache.hc.client5.http.headers -- http-outgoing-47 << X-Frame-Options: deny
11:53:10.276 [main] DEBUG org.apache.hc.client5.http.headers -- http-outgoing-47 << X-XSS-Protection: 1; mode=block
11:53:10.276 [main] DEBUG org.apache.hc.client5.http.headers -- http-outgoing-47 << X-GitHub-Request-Id: D6C0:23986A:25619:36F2A:65B05D65
11:53:10.276 [main] DEBUG org.apache.hc.client5.http.headers -- http-outgoing-47 << Content-Encoding: gzip
11:53:10.276 [main] DEBUG org.apache.hc.client5.http.headers -- http-outgoing-47 << Accept-Ranges: bytes
11:53:10.276 [main] DEBUG org.apache.hc.client5.http.headers -- http-outgoing-47 << Date: Mon, 12 Feb 2024 04:53:10 GMT
11:53:10.276 [main] DEBUG org.apache.hc.client5.http.headers -- http-outgoing-47 << Via: 1.1 varnish
11:53:10.276 [main] DEBUG org.apache.hc.client5.http.headers -- http-outgoing-47 << X-Served-By: cache-qpg1240-QPG
11:53:10.276 [main] DEBUG org.apache.hc.client5.http.headers -- http-outgoing-47 << X-Cache: HIT
11:53:10.276 [main] DEBUG org.apache.hc.client5.http.headers -- http-outgoing-47 << X-Cache-Hits: 1
11:53:10.276 [main] DEBUG org.apache.hc.client5.http.headers -- http-outgoing-47 << X-Timer: S1707713590.337278,VS0,VE1
11:53:10.276 [main] DEBUG org.apache.hc.client5.http.headers -- http-outgoing-47 << Vary: Authorization,Accept-Encoding,Origin
11:53:10.276 [main] DEBUG org.apache.hc.client5.http.headers -- http-outgoing-47 << Access-Control-Allow-Origin: *
11:53:10.276 [main] DEBUG org.apache.hc.client5.http.headers -- http-outgoing-47 << Cross-Origin-Resource-Policy: cross-origin
11:53:10.276 [main] DEBUG org.apache.hc.client5.http.headers -- http-outgoing-47 << X-Fastly-Request-ID: fb0c2871d5760a799ea63c0058286e6f7a74b519
11:53:10.276 [main] DEBUG org.apache.hc.client5.http.headers -- http-outgoing-47 << Expires: Mon, 12 Feb 2024 04:58:10 GMT
11:53:10.276 [main] DEBUG org.apache.hc.client5.http.headers -- http-outgoing-47 << Source-Age: 22
11:53:10.276 [main] DEBUG org.apache.hc.client5.http.impl.classic.MainClientExec -- ex-0000000078 connection can be kept alive for 3 MINUTES
11:53:10.276 [main] DEBUG org.apache.hc.client5.http.wire -- http-outgoing-47 << "[0x1f][0xffffff8b][0x8][0x0][0x0][0x0][0x0][0x0][0x0][0x3][0xffffffb5]V]o[0xffffffda]0[0x14]}[0xffffffe7]W\[0xffffff81]*[0xffffffb5][0x12][0x1f][[M[0xffffffd3]$[0x1e]hF[0xffffffbb]i [0x18][0xffffffb4][0xffffffdd]&[0xfffffff9][0xffffffc5]$7[0xffffffc1]R[0x12]#;[0xffffff94]v[0xffffffbf]~[0xffffffb6][0xfffffff3]1[0xffffff92][0xffffff9a][0xffffffc1][0x1a]x[0xffffffcb][0xffffffb5][0xffffffaf][0xffffffcf]9[0xffffffbe][0xfffffff7]8v[0xb][0x1c][0x1e]E4[0xfffffff6]$x4[0xffffffa1][0xb]*[0xffffffb1][0xffffffd1][0xffffff82][0xfffffffb]%[0xffffff93][0xffffffe0][0xffffffb3][0x10][0xffffffc1][0xffffffe5]qBY,!Y[0xffffffea] KM8,[0x10][0xfffffff0][0x19][0xffffffdd]u[0xffffff82][0x1e][0xffffffb0][0xffffffd8]L[0xffffffcb]%[0xffffff86][0xffffffa1][0xe][0xffffffb8][0xfffffff0]P[0xffffffe8]$[0xf][0x13]t[0x13]3[0xfffffff9][0xffffff84]B2[0xffffffae][0xffffffe6]|@[0xfffffff5][0x1d][0x8][0xffffffc4][0x18][0x16][0xffffff82]o[0xffffffa4][0xffffff9a]P[0xffffff94][0xffffffe7][0xffffffce]R[0xfffffff0][0x8][0xffffffdb]p[0xffffffcb][0x4][0xfffffffa][0xfffffffc][0xffffffb9][\r][0xffffff93][0x15][\n]"
11:53:10.276 [main] DEBUG org.apache.hc.client5.http.wire -- http-outgoing-47 << "[0xffffffda][0xffffff86][0xffffffa1][0x17][0xffffffa8]Q3[0xffffffcb][0xffffffd6][0xffffffd1][0xffffff85][0xffffffc6][0xfffffff7][0xffffff98][0xffffffef][0xffffffa3][0xffffffc0]8[0x1][0xffffffae]s[0x12][0x16][0x7] _d[0xffffff82][0xffffff91][0xffffff84][0xfffffff3][0x1f],[0xfffffff6][0x14]j[0x1b]F,^+[0xffffff98]1ua2[0xffffffbf]h([0xffffff8e][0xffffff94][0xffffffa2][0xffffff91]m[0xffffffa3][0xffffffeb][0xffffff9a][0xffffffb0][0xffffffbb]I[0x17]t[0xffffffdf][0xffffffbd][0xffffffef][0xffffffbb][0xffffff91][0xffffffd7]U[0xffffffbb][0xffffff82][0xffffff9e][0x3][0xffffff9b][0xffffff88][0xffffffb9][0xffffffa6]$[0xffffffa6][0xc][0xffffff9b][0xffffffa5][0xffffffe2][0xffffff83][0xffffff98]F[0xffffffd8]o[0xffffff9e]Mg[0xffffff93][0xffffffbb][0xffffffd9]`|[0xfffffffb]u4[0xffffff9c][0x7f]"}B[0xffffffce][0x8][0xffffffb9][0xffffffe3]<[0x8][0xffffff91][0xffffff90][0xffffff94][0xffffff82][0xffffff90][0xffffffc1]j[0x15]2WI[0xffffffe3]1![0x19][0xffffff91]BnB[0xffffff80][0x9]<f[0xffffffb5][0xffffffe8]=[0xffffffd1]p[0xffffffbd][[0xffffffcf][0xffffffe5][0x1b][0xfffffff4][0xffffff9c][0xffffffff][0xfffffffc][0xfffffff8][0xffffffe1][0xffffffe2][0xffffff94][0xffffffa2][0xffffffae][0xe][0x14]5[0xffffff9a]8[0xffffff83][0xffffffd1]`:[0xfffffffd]<[0xffffffb8][0x1f][0xffffff9c]R[0xffffffcf]u[0x7f]6[0xffffffbc][0xffffff83][0xffffffef][0xf][0xffffffc3][0xffffffd9]/[0xfffffff8][0xfffffff2][0xffffffcd]y s[0xffffffee]'[0x1b]*0g[0xffffffcb][0xffffffc8]nF7H][0xffffff83][0xffffff97]{[0xffffffb1]Q[0x5][\r][0xffffffb5]c[0xffffffb4][0xf][0x2][0xffffffb3][0xffffffb4][0xffffff93][0xe]C[0xffffffa7][0xffffffb3]kAD][0xffffff9d][0xffffffde][0xffffffdb][0xffffffda][0xffffff88][0xffffffec][0xffffffa5][0xffffffbc][0xffffff99][0xffffffd9][0xffffffba]t[0xffffffb5][0xffffffea]9[0xffffffea][0x10])[0xffffffb7][0xffffffca][0xffffff9e][0xfffffff2][0xffffffe2]d^N[0xffffffd8]FW[0x16][0xffffffcd][0xffffffdc]_[0x10][0xfffffff9]i|[0x1c][0xffffff93][0xffffff8e][0xfffffff9]o[0x16][0xffffff86]4'!$G[0xffffffdf]W[0xfffffff4]W*j[[0xfffffff3]xR[0xffffffae][0xffffffb6][0xc][0xffffffd0],; #[0xffffffa9][0xffffff92]5[0xffffffb5][0x7][0xffffff9c][0xffffffb5][0xffffffd0][0x7f][0xffffff90][0xffffffc7]jgs[0xfffffffc][0xffffffc2][0xb][0xffffffd9][0x0]t[0xffffff9e]^'Y[0xfffffffb][0xffffff9f][0xffffffb1][0xffffffd8]:[0xffffffbf][0xffffff8d][0xffffffa5][0xffffff9a][0xffffffad][0x7f]m[0x5]&[0xffffffaa][0xffffffa0]^[0xffffff9b][0xffffffcb][0x5]f[0xffffffae][0xffffffe0]RU[0xffffff82][0x10]MS9l[0xffffff91]4t[0xfffffffb][0xffffff8a]][0xffffffd6][0xfffffff4][0xffffff96][0xffffffa6][0xffffff9f]P[0xffffffce][0xffffffd5][0xffffffce][0xffffff93][0xffffffff][0xffffff97][0xffffffcc]p[0xfffffffd][0xfffffff3][0xffffffe8][0x1b][0xffffffcc][0xffffffa2][0xffffffd9]Q[0xffffffbe][0xffffffb2][0xffffffa3][0xffffffc7]m'[0xffffffdf][0xffffffe4][[0xfffffffb]^[0xffffffb0][0xffffff9a][0xffffffbe][0xffffffda][0xffffffda]_[0xffffffce][0xffffff80][0xffffffd2][0xffffffc1]7[0xffffffb7]][0xffffffc1]b[0xffffffee][0xffffffb5][0xffffffff]w[0xffffff83][0xffffffed][0xffffffa7];[0x15]<[0x10]4[0xffffff92][0xffffff84][0x18][\n]"
11:53:10.276 [main] DEBUG org.apache.hc.client5.http.wire -- http-outgoing-47 << "BB[0xffffffba][0xffffff8e]][0xffffffb5]jo[0xffffffb9]+"[0xffffffea][0xffffffb4][0xffffffff]h"[0xffffffea]\?5[0xffffffa9][0xffffffaf]k[0xffffffec][0xffffffff]P[0xffffffea][\n]"
11:53:10.276 [main] DEBUG org.apache.hc.client5.http.wire -- http-outgoing-47 << "w[0xffffffe1]K[0x13][0xffffffda][0xffffffec][0xffffff98][0xffffffe6]Y[0xfffffffd]h8m6[0xffffff9c]T[0xffffffc1][0xfffffff2][0xffffffa7][0xffffff91]z_[0xffffff95]o85p[0x1c][0x13][0xffffffe6][0xfffffff0]5[0xffffffee][0xfffffffc][0xffffff92][0xffffff96][0xffffffda][0xfffffff7][0xffffffcf][0xffffffb1][0x5][0x1d][0xffffffea]K[0xffffff9b]9[0xffffff8e][0xffffffad]e[0xfffffff7][0xffffff93][0xffffffa8]`[0xffffffda][0xffffffff][0x1a][0xffffffd2][0xffffff88][0xffffff85][0xfffffffd][0xfffffff2][0xffffff91]N[0xfffffff6]`[0xffffffdf]2[0xffffffcf][0xffffffae]E[0xffffff97][0xffffffc5][0xffffffa2][0xffffff9d][0xffffffef]'[0xffffff9d]mun.[0xffffffd3]f^[0xffffffc7][0xffffff82][0xffffffda][0xffffff82]9[0xfffffff5][0xffffffa9]`[0x5][0xffffffbc]4[0xffffffa1][0x1d]<M[0xffffffb5]A[0xffffffa7]3[[0xffffffc0][0x7f][0x0][0xffffffc1][0xffffffd0]$[0xffffff85][0x1d][\r][0x0][0x0]"
11:53:10.276 [main] DEBUG org.apache.hc.client5.http.impl.classic.InternalHttpClient -- ep-0000000078 releasing valid endpoint
11:53:10.276 [main] DEBUG org.apache.hc.client5.http.impl.io.PoolingHttpClientConnectionManager -- ep-0000000078 releasing endpoint
11:53:10.276 [main] DEBUG org.apache.hc.client5.http.impl.io.PoolingHttpClientConnectionManager -- ep-0000000078 connection http-outgoing-47 can be kept alive for 3 MINUTES
11:53:10.276 [main] DEBUG org.apache.hc.client5.http.impl.io.PoolingHttpClientConnectionManager -- ep-0000000078 connection released [route: {s}->https://raw.githubusercontent.com:443][total available: 2; route allocated: 1 of 5; total allocated: 3 of 25]
11:53:10.276 [main] DEBUG io.github.bonigarcia.wdm.versions.VersionDetector -- Detecting chrome version using online commands.properties
11:53:10.276 [main] DEBUG io.github.bonigarcia.wdm.versions.Shell -- Running command on the shell: [/Applications/Google Chrome.app/Contents/MacOS/Google Chrome, --version]
11:53:10.315 [main] DEBUG io.github.bonigarcia.wdm.versions.Shell -- Result: Google Chrome 121.0.6167.160
11:53:10.315 [main] DEBUG io.github.bonigarcia.wdm.versions.VersionDetector -- Getting driver version for chrome121 from online versions.properties
11:53:10.315 [main] DEBUG org.apache.hc.client5.http.impl.classic.InternalHttpClient -- ex-0000000079 preparing request execution
11:53:10.315 [main] DEBUG org.apache.hc.client5.http.impl.classic.ProtocolExec -- ex-0000000079 target auth state: UNCHALLENGED
11:53:10.315 [main] DEBUG org.apache.hc.client5.http.impl.classic.ProtocolExec -- ex-0000000079 proxy auth state: UNCHALLENGED
11:53:10.315 [main] DEBUG org.apache.hc.client5.http.impl.classic.ConnectExec -- ex-0000000079 acquiring connection with route {s}->https://raw.githubusercontent.com:443
11:53:10.315 [main] DEBUG org.apache.hc.client5.http.impl.classic.InternalHttpClient -- ex-0000000079 acquiring endpoint (3 MINUTES)
11:53:10.315 [main] DEBUG org.apache.hc.client5.http.impl.io.PoolingHttpClientConnectionManager -- ex-0000000079 endpoint lease request (3 MINUTES) [route: {s}->https://raw.githubusercontent.com:443][total available: 2; route allocated: 1 of 5; total allocated: 3 of 25]
11:53:10.315 [main] DEBUG org.apache.hc.client5.http.impl.io.PoolingHttpClientConnectionManager -- ex-0000000079 endpoint leased [route: {s}->https://raw.githubusercontent.com:443][total available: 1; route allocated: 1 of 5; total allocated: 3 of 25]
11:53:10.315 [main] DEBUG org.apache.hc.client5.http.impl.io.PoolingHttpClientConnectionManager -- ex-0000000079 acquired ep-0000000079
11:53:10.315 [main] DEBUG org.apache.hc.client5.http.impl.classic.InternalHttpClient -- ex-0000000079 acquired endpoint ep-0000000079
11:53:10.315 [main] DEBUG org.apache.hc.client5.http.impl.classic.MainClientExec -- ex-0000000079 executing GET /bonigarcia/webdrivermanager/master/src/main/resources/versions.properties HTTP/1.1
11:53:10.315 [main] DEBUG org.apache.hc.client5.http.protocol.RequestAddCookies -- ex-0000000079 Cookie spec selected: strict
11:53:10.315 [main] DEBUG org.apache.hc.client5.http.impl.classic.InternalHttpClient -- ep-0000000079 start execution ex-0000000079
11:53:10.315 [main] DEBUG org.apache.hc.client5.http.impl.io.PoolingHttpClientConnectionManager -- ep-0000000079 executing exchange ex-0000000079 over http-outgoing-47
11:53:10.315 [main] DEBUG org.apache.hc.client5.http.headers -- http-outgoing-47 >> GET /bonigarcia/webdrivermanager/master/src/main/resources/versions.properties HTTP/1.1
11:53:10.315 [main] DEBUG org.apache.hc.client5.http.headers -- http-outgoing-47 >> user-agent: Apache-HttpClient/5.0
11:53:10.315 [main] DEBUG org.apache.hc.client5.http.headers -- http-outgoing-47 >> accept-encoding: gzip, deflate, br
11:53:10.315 [main] DEBUG org.apache.hc.client5.http.headers -- http-outgoing-47 >> cache-control: max-age=0
11:53:10.315 [main] DEBUG org.apache.hc.client5.http.headers -- http-outgoing-47 >> connection: keep-alive
11:53:10.315 [main] DEBUG org.apache.hc.client5.http.headers -- http-outgoing-47 >> Host: raw.githubusercontent.com
11:53:10.315 [main] DEBUG org.apache.hc.client5.http.wire -- http-outgoing-47 >> "GET /bonigarcia/webdrivermanager/master/src/main/resources/versions.properties HTTP/1.1[\r][\n]"
11:53:10.315 [main] DEBUG org.apache.hc.client5.http.wire -- http-outgoing-47 >> "user-agent: Apache-HttpClient/5.0[\r][\n]"
11:53:10.315 [main] DEBUG org.apache.hc.client5.http.wire -- http-outgoing-47 >> "accept-encoding: gzip, deflate, br[\r][\n]"
11:53:10.315 [main] DEBUG org.apache.hc.client5.http.wire -- http-outgoing-47 >> "cache-control: max-age=0[\r][\n]"
11:53:10.315 [main] DEBUG org.apache.hc.client5.http.wire -- http-outgoing-47 >> "connection: keep-alive[\r][\n]"
11:53:10.315 [main] DEBUG org.apache.hc.client5.http.wire -- http-outgoing-47 >> "Host: raw.githubusercontent.com[\r][\n]"
11:53:10.315 [main] DEBUG org.apache.hc.client5.http.wire -- http-outgoing-47 >> "[\r][\n]"
11:53:10.335 [main] DEBUG org.apache.hc.client5.http.wire -- http-outgoing-47 << "HTTP/1.1 200 OK[\r][\n]"
11:53:10.335 [main] DEBUG org.apache.hc.client5.http.wire -- http-outgoing-47 << "Connection: keep-alive[\r][\n]"
11:53:10.335 [main] DEBUG org.apache.hc.client5.http.wire -- http-outgoing-47 << "Content-Length: 1667[\r][\n]"
11:53:10.335 [main] DEBUG org.apache.hc.client5.http.wire -- http-outgoing-47 << "Cache-Control: max-age=300[\r][\n]"
11:53:10.335 [main] DEBUG org.apache.hc.client5.http.wire -- http-outgoing-47 << "Content-Security-Policy: default-src 'none'; style-src 'unsafe-inline'; sandbox[\r][\n]"
11:53:10.335 [main] DEBUG org.apache.hc.client5.http.wire -- http-outgoing-47 << "Content-Type: text/plain; charset=utf-8[\r][\n]"
11:53:10.335 [main] DEBUG org.apache.hc.client5.http.wire -- http-outgoing-47 << "ETag: W/"2b63ea7ea7667d0729e9d848d780e58af4f6d237cb562369e48d53971ddfa6c5"[\r][\n]"
11:53:10.335 [main] DEBUG org.apache.hc.client5.http.wire -- http-outgoing-47 << "Strict-Transport-Security: max-age=31536000[\r][\n]"
11:53:10.335 [main] DEBUG org.apache.hc.client5.http.wire -- http-outgoing-47 << "X-Content-Type-Options: nosniff[\r][\n]"
11:53:10.335 [main] DEBUG org.apache.hc.client5.http.wire -- http-outgoing-47 << "X-Frame-Options: deny[\r][\n]"
11:53:10.335 [main] DEBUG org.apache.hc.client5.http.wire -- http-outgoing-47 << "X-XSS-Protection: 1; mode=block[\r][\n]"
11:53:10.335 [main] DEBUG org.apache.hc.client5.http.wire -- http-outgoing-47 << "X-GitHub-Request-Id: D6D6:22FCA9:24D88:36DD7:65B05DDF[\r][\n]"
11:53:10.335 [main] DEBUG org.apache.hc.client5.http.wire -- http-outgoing-47 << "Content-Encoding: gzip[\r][\n]"
11:53:10.335 [main] DEBUG org.apache.hc.client5.http.wire -- http-outgoing-47 << "Accept-Ranges: bytes[\r][\n]"
11:53:10.335 [main] DEBUG org.apache.hc.client5.http.wire -- http-outgoing-47 << "Date: Mon, 12 Feb 2024 04:53:10 GMT[\r][\n]"
11:53:10.335 [main] DEBUG org.apache.hc.client5.http.wire -- http-outgoing-47 << "Via: 1.1 varnish[\r][\n]"
11:53:10.335 [main] DEBUG org.apache.hc.client5.http.wire -- http-outgoing-47 << "X-Served-By: cache-qpg1240-QPG[\r][\n]"
11:53:10.335 [main] DEBUG org.apache.hc.client5.http.wire -- http-outgoing-47 << "X-Cache: HIT[\r][\n]"
11:53:10.335 [main] DEBUG org.apache.hc.client5.http.wire -- http-outgoing-47 << "X-Cache-Hits: 1[\r][\n]"
11:53:10.335 [main] DEBUG org.apache.hc.client5.http.wire -- http-outgoing-47 << "X-Timer: S1707713590.397108,VS0,VE1[\r][\n]"
11:53:10.335 [main] DEBUG org.apache.hc.client5.http.wire -- http-outgoing-47 << "Vary: Authorization,Accept-Encoding,Origin[\r][\n]"
11:53:10.335 [main] DEBUG org.apache.hc.client5.http.wire -- http-outgoing-47 << "Access-Control-Allow-Origin: *[\r][\n]"
11:53:10.335 [main] DEBUG org.apache.hc.client5.http.wire -- http-outgoing-47 << "Cross-Origin-Resource-Policy: cross-origin[\r][\n]"
11:53:10.335 [main] DEBUG org.apache.hc.client5.http.wire -- http-outgoing-47 << "X-Fastly-Request-ID: 203008b9f7882efca35d08152624a2a527ddd9f1[\r][\n]"
11:53:10.335 [main] DEBUG org.apache.hc.client5.http.wire -- http-outgoing-47 << "Expires: Mon, 12 Feb 2024 04:58:10 GMT[\r][\n]"
11:53:10.335 [main] DEBUG org.apache.hc.client5.http.wire -- http-outgoing-47 << "Source-Age: 110[\r][\n]"
11:53:10.335 [main] DEBUG org.apache.hc.client5.http.wire -- http-outgoing-47 << "[\r][\n]"
11:53:10.335 [main] DEBUG org.apache.hc.client5.http.headers -- http-outgoing-47 << HTTP/1.1 200 OK
11:53:10.335 [main] DEBUG org.apache.hc.client5.http.headers -- http-outgoing-47 << Connection: keep-alive
11:53:10.335 [main] DEBUG org.apache.hc.client5.http.headers -- http-outgoing-47 << Content-Length: 1667
11:53:10.335 [main] DEBUG org.apache.hc.client5.http.headers -- http-outgoing-47 << Cache-Control: max-age=300
11:53:10.335 [main] DEBUG org.apache.hc.client5.http.headers -- http-outgoing-47 << Content-Security-Policy: default-src 'none'; style-src 'unsafe-inline'; sandbox
11:53:10.335 [main] DEBUG org.apache.hc.client5.http.headers -- http-outgoing-47 << Content-Type: text/plain; charset=utf-8
11:53:10.335 [main] DEBUG org.apache.hc.client5.http.headers -- http-outgoing-47 << ETag: W/"2b63ea7ea7667d0729e9d848d780e58af4f6d237cb562369e48d53971ddfa6c5"
11:53:10.335 [main] DEBUG org.apache.hc.client5.http.headers -- http-outgoing-47 << Strict-Transport-Security: max-age=31536000
11:53:10.335 [main] DEBUG org.apache.hc.client5.http.headers -- http-outgoing-47 << X-Content-Type-Options: nosniff
11:53:10.335 [main] DEBUG org.apache.hc.client5.http.headers -- http-outgoing-47 << X-Frame-Options: deny
11:53:10.335 [main] DEBUG org.apache.hc.client5.http.headers -- http-outgoing-47 << X-XSS-Protection: 1; mode=block
11:53:10.335 [main] DEBUG org.apache.hc.client5.http.headers -- http-outgoing-47 << X-GitHub-Request-Id: D6D6:22FCA9:24D88:36DD7:65B05DDF
11:53:10.335 [main] DEBUG org.apache.hc.client5.http.headers -- http-outgoing-47 << Content-Encoding: gzip
11:53:10.335 [main] DEBUG org.apache.hc.client5.http.headers -- http-outgoing-47 << Accept-Ranges: bytes
11:53:10.335 [main] DEBUG org.apache.hc.client5.http.headers -- http-outgoing-47 << Date: Mon, 12 Feb 2024 04:53:10 GMT
11:53:10.335 [main] DEBUG org.apache.hc.client5.http.headers -- http-outgoing-47 << Via: 1.1 varnish
11:53:10.335 [main] DEBUG org.apache.hc.client5.http.headers -- http-outgoing-47 << X-Served-By: cache-qpg1240-QPG
11:53:10.335 [main] DEBUG org.apache.hc.client5.http.headers -- http-outgoing-47 << X-Cache: HIT
11:53:10.335 [main] DEBUG org.apache.hc.client5.http.headers -- http-outgoing-47 << X-Cache-Hits: 1
11:53:10.335 [main] DEBUG org.apache.hc.client5.http.headers -- http-outgoing-47 << X-Timer: S1707713590.397108,VS0,VE1
11:53:10.335 [main] DEBUG org.apache.hc.client5.http.headers -- http-outgoing-47 << Vary: Authorization,Accept-Encoding,Origin
11:53:10.335 [main] DEBUG org.apache.hc.client5.http.headers -- http-outgoing-47 << Access-Control-Allow-Origin: *
11:53:10.335 [main] DEBUG org.apache.hc.client5.http.headers -- http-outgoing-47 << Cross-Origin-Resource-Policy: cross-origin
11:53:10.335 [main] DEBUG org.apache.hc.client5.http.headers -- http-outgoing-47 << X-Fastly-Request-ID: 203008b9f7882efca35d08152624a2a527ddd9f1
11:53:10.335 [main] DEBUG org.apache.hc.client5.http.headers -- http-outgoing-47 << Expires: Mon, 12 Feb 2024 04:58:10 GMT
11:53:10.335 [main] DEBUG org.apache.hc.client5.http.headers -- http-outgoing-47 << Source-Age: 110
11:53:10.335 [main] DEBUG org.apache.hc.client5.http.impl.classic.MainClientExec -- ex-0000000079 connection can be kept alive for 3 MINUTES
11:53:10.335 [main] DEBUG org.apache.hc.client5.http.wire -- http-outgoing-47 << "[0x1f][0xffffff8b][0x8][0x0][0x0][0x0][0x0][0x0][0x0][0x3][0xffffff8d][0xffffff97][0xffffffcb]n+7[0xc][0xffffff86][0xfffffff7]y[0xffffff8a][0x1][0xffffffba][0xffffffce]XWJ[\n]"
11:53:10.335 [main] DEBUG org.apache.hc.client5.http.wire -- http-outgoing-47 << "[0xffffffa0]M[0xffffffaf][0xffffffab][0xffffffa2][0xffffff8b][0xfffffff6][0x5]|[0xffffffec]I28[0xffffff8e]'[0xffffffb0][0xffffff9d][0xffffff93][0xffffff83]>}II[0xffffffd4][0xffffffc8][0xffffff9a][0x16][0xffffffe8][0xffffffc2]H[0xfffffff8][0xffffff8d]F")[\r][0xfffffff5][0xfffffff3][0xffffff87][0xffffffe1][0xffffffaf][0xffffffd7][0xfffffff9]:<[0xffffffcf][0xffffffa7]i8,[0xffffffe7][0xffffffdb]~>_[0xffffff87][0xffffffdb][0xffffffeb]4|=/[0xffffff9f][0xffffffe7][0xffffffe1]x[0xffffff99][0xffffffbf]M[0xffffff97][0x1][0x7f][0xffffffd7]y[0xffffffc1]'[0xffffff87][0xffffffe5][0xffffffed]}[0x7f][0xffffff9b][0xffffffbf][0xffffffe0][0xffffffe8][0xffffffcf][0xfffffff9][0xfffffff6][0xffffff9a]F[0x1e][0xffffff96][0xffffffcb]e[0xffffffba][0xffffffbe]/[0xffffffe7][0xffffffe3]|~[0x19][0xffffffbe]\[0xffffff96][0xffffffcf][0xffffffeb][0xfffffffa][0xffffffca][0xffffffc3][0xffffffc3][0xf][0xffffffc3][0xffffff8f][0x19]=[\r][0xffffffbf]-[0xffffffcb][0xb][0xffffffbe][0xfffffff9][0xffffffd3][0xffffffeb]ey[0xffffff9b][0xffffff86][0xfffffffd][0xfffffff9][0xffffff98][0xffffffff][0xffffff9d]?[0xffffffde][0xffffff86][0xffffffc7][0xffffffe1][0xffffffe7][0xffffffb4][0xffffffd4][0xffffffd3]pHO[0xfffffff3][0xffffffc2][0xfffffff8][0xfffffff2][0xffffff9f][0xffffffcb][0xffffffc7][0xffffffe5]0=[\r][0xffffffaf][0xffffffb7][0xffffffdb][0xfffffffb][0xffffffd3]n[0xffffffd7]>[0x1d][0xf][0xffffffe5][0xffffffed]q[0xffffffb9][0xffffffbc][0xffffffec][0xffffff8e][0xffffffe8][0xffffffef]i[0xffffffd9][0x1f][0xffffffaf][0xf]y[0xffffff8c][0xffffff94]&[0xffffffe2]o[0x14][0xffffffa3]u[0xffffffda][0xffffff8e]AT[0xffffffae][0xffffff91]k[0xffffffe2][0xffffffe0][0xffffffd4][0x8][0xffffffba]r[0xffffff85]\%.[0xffffffed]hB[0xffffffe5][0x12][0xffffffb9]$nA[0xffffff8f]`*[0x17][0xffffffc8][0x5]q[0xffffffe3][0xffffffe5][0xffffffe8][0x1c]s[0x11]"[0xfffffffe][0x12][0xffffffc7][0xffffffe5]][0x1d]/<rO\[0xffffffdb]0:Y[0xffffffb9]C[0xffffffee][0x12][0x17]f[0x4]U9 [0x7][0xffffffe2][0xffffffca][0xffffff84][0x11][0xffffffd6][0xfffffff1][0x16][0xffffffb9]%.[0xffffff83][0xffffffc5][0xffffff87][0xffffff95]c[0xffffffbc]"[0xffffffc5]Ka[0xffffffb8][0xffffffea][0xffffffbf][0xffffffc0]xE[0xffffff8a]W[0xffffff80][0x18][0xffffffa5]^[0x1d][0xffffffc2][0xffffff80]E[\n]"
11:53:10.335 [main] DEBUG org.apache.hc.client5.http.wire -- http-outgoing-47 << "X[0xffffffe0]|[0xffffffcd][0x2][0x18][0xffffffb0][0xffffffa0][0xffffff80]M[0xffffffb0]r4+[0xffffffc7][0xffffff80][0x5][0x5]l|[0xffffff80][0x11]8[0xffffffa1]![0xffffffc4][0x10][0x12]5[0x6][0xffffffd7]f[0xffffffea]c[0xffffffa0]`[0xffffff8d][0xffffffb3]~[0xffffffc4]e[0x18][0xffffffbb][0x18](V[0x3]A[0xffffffad]9[0x8][0x10][0x3]$[\n]"
11:53:10.335 [main] DEBUG org.apache.hc.client5.http.wire -- http-outgoing-47 << "f4[0xffffff96][0xffffffa9][0xffffff8d][0xffffffc1]&[0xffffffaa][0xfffffffd][0x8][0x1c]O01[0xffffff98]D19[0xffffffb8][0xffffff91][0xffffff8c]u[0xc][0x14][0xffffffa4][0xffffffb1][0xffffffce][0xffffffad][0xffffff9b][0x1a]T[0xc]*Q[0xffffffdc]R[0xffffffcc]2c[0x19]C[\n]"
11:53:10.335 [main] DEBUG org.apache.hc.client5.http.wire -- http-outgoing-47 << "[0xffffffd0][0xffffffe0][0x9][0xffffffc0]X[0x19][0xffffff8b][0x18]R|F[0xffffff8b]Qq[0xffffff9e]|[0xffffff88]>[0xffffffc5][0xffffffa7][0xfffffff1][0xffffff8f][0xffffffe2][0xffffff99][0xffffffbd][0xffffff8f]>[0xffffffc5][0xffffffa7][0xffffff95][0x19][0x3]0u[0xffffffd1][0xffffffa7][0xfffffff0][0xffffff94][0x17][0xffffffa3][0xfffffff7]L![0xfffffffa][0x14][0xffffff9e]28/[0xffffffa7][0xffffffc2][0xffffffdb][0xffffffe8]Sx[0xffffffd2][0xffffffeb][0xffffffd1][0xffffffb3]k[0xffffffde]D[0xffffff9f][0xffffffc2][0xffffff93][0xffffffc6][0xffffff8d][0xffffff9a]s[0xffffffec]u[0xfffffff4]):[0xffffffda]I[0xffffffcd][0xffffffa9][0xfffffff0]2[0xfffffffa][0x14][0xffffff86][0xffffffc0][0xffffffcc]K][0xffffff97][0x13][0xffffffd1]S[0x18]:[0xffffffa0]/x[0xffffff84][\n]"
11:53:10.335 [main] DEBUG org.apache.hc.client5.http.wire -- http-outgoing-47 << "v![0xffffffba][0xffffff90][0xffffffb0][0xffffffb1][0xffffffa3][0xffffffae][0xffffffd4]G[0xffffffe7][0x13][0xffffffc5][0xffffffb3][0xffffff83][0xffffffe7][0xffffff8a][0xffffffb1][0xffffff8b][0xffffff8e][0x2][0xffffffd1][0x1e][0xfffffff0][`7[0x1c]D[0x7][0xffffff89][0xffffffe2][0x1][0xffffff97][0xffffffaa][0xffffffce]a[0xffffffa3][0xffffffa3]H[0xffffffb4]sx[0xffffffc0][0xffffffd6][0xffffffd1]&:[0xffffff93][0xffffffb0][0xffffffc2][0xfffffff3][0xffffffcb]PGG[0xffffff91]h[0xffffffc0][0xffffff80][0xffffff80]]v**[0xffffffdc]Q[0xffffffb6][0xffffffe4][0xffffff9d]%[0xffffffc8]b[0xffffffc7] [0xffffff90][0xffffffc5]{[0x3][0xffffff9e],[0xffffffce](8[0xffffffb2]x7[0x1][0xffffffc8]bg[0xffffffc0][0xffffffa2]US[0x4][0xffffff86],[0xffffffce]9h[0xffffffb2]x= _t][0xffffff8f]|[0xffffffa9][0xffffffdf][0xc][0xffffff90]/Z[0xffffffdf]U[0xffffffb5][0xffffffdf][0xffffff97][0xffffffbf][0xffffffe7][0xffffffd3]i?[0xfffffffc]:_[0xffffffa6][0xffffffe7][0xffffffe5]{S[0xffffffca]^[0xffffffa6][0xffffffc3][0xffffffd7][0xffffffe5]_+[0xffffffd9][0x15]K[0xffffffd9][0xb][0x16][0xffffffd0][0xffffff8f]/#[0xffffff96][0xffffffd4][0xffffffdd][[0xffffff9e]b[0xffffffd7][0xffffffbc][0xffffffb0][0xffffffbb]L[0xffffffa7]i[0x7f][0xffffff9d][0xffffffae][0xf][0xffffffcf]y^[0xffffffa9]d[0xffffffc4][0xffffffb4]aBW"[0xffffff88][0xffffffe8][0xffffff86][0xffffffc8][0xffffffb0]!~C[0xffffffdc][0xffffff86][0xffffffc0][0xffffff86][0xffffffd8][\r]1[0x1b][0xffffffa2]7Dm[0xffffff88][0xffffffdc][0xffffff90][0xffffffe4][0xffffffb3][0x1a]U%"d[0xffffffb2][0xffffff8e][0x11]~C[0xffffffdc][0xffffff86][0xffffffc0][0xffffff86][0xffffffd8][\r]I>[0xffffffcb][0xffffff96][0xffffffe8][\r]Q[0x1b]"7Dt$[0xffffff84][0x1e][0xfffffff8][0x1e][0xffffffb8][0x1e]@[0xf]l[0xf]zoC[0xffffffef]l[0xffffffe8]}[\r][0xffffffbd][0xffffffab][0xffffff81]<[0xffffffc5][0xffffffaf][0xffffffad][0x1][0xffffffe3]i>[0x7f]|[0xffffffcf]X2[0xfffffff6][0xffffffa1][0x1b][0xffffffe7]}[0xf]\[0xf][0xffffffa0][0x7][0xffffffb6][0x7][0xffffffa6][0x7][0x14][0xffffff80][0xfffffff2][\r]P=[0xffffffa0][0x0][0xffffff94]k[0xffffff80][0xffffffe8][0xffffff80][0xb]=H[0xffffff9e]B[0x3]\[0xf][0xffffffa0][0x7][0xffffffb6][0x7][0xffffffa6][0x7][0xffffffba][0x7][0xffffffaa][0x7][0xffffffb2][0x7][0xffffffa2][0x3][0x10]z[0xffffff90]<[0xffffffb5][\r]H[0xffffff9e]6_0@[0xf]l[0xf][0xffffff92][0xffffffa7][0xffffffcd][0x7][0x4][0xffffffba][0x7][0xffffffc9][0xffffffd3][0xffffffe6][0xffffffd8]C[0xfffffff2][0xffffffb4]9[0x14] :`C[0xf]|[0xf]\[0xf][0xffffff92][0xffffffa7][0xffffffa2][0x1][0xffffff96]A[[0xb][0xffffffff]x[0xffffff9f].[0xfffffffb][0xffffffa6][0x2].d[0xffffffff][0xffffff9f][\n]"
11:53:10.335 [main] DEBUG org.apache.hc.client5.http.wire -- http-outgoing-47 << "[0xffffff98][0x6]^[0xffffff97][0xffffffe7][0xffffffdb][0xffffffe7][0xfffffffe]2e[0xffffff8b][0xffffffd5]]_[0xf][0xffffffd3][0xffffffc3][0xffffffa4][0xffffff8e]hy[0xffffffd4]![0xffffffa8]>[0xffffff94][0x10][0xffffffcc]Q[0x1d][0xffffffc9][0xffffff90]8^s[0x12]o[0xfffffff1][0xffffffc2]I[\r]&[0xfffffff5][0x15]P'[0xfffffff8][0xffffffc0][0xffffff98][0xffffffc4]`[0x12]_[0x1]E[0xffffff86][0xffffffd4][0xffffff8a]9[0xffffff89][0xffffffc1]$[0xffffffbe]<N[0x13][0x1c]c[0xffffffd2][0xffffff82]I{9[0xfffffffc][0xffffffb2]$[\n]"
11:53:10.335 [main] DEBUG org.apache.hc.client5.http.wire -- http-outgoing-47 << "[0xffffff98][0xffffffc2]E[0xffffffab]5[0xffffffb1][0xffffffc8]e[0xffffff8e]u[0xffffffa2][0xffffff91][0xffffff9a]R[0xffffff95]i[0xffffffb0]Z4J[0xffffffd3]3uw:[0xffffffd3][0x16][\n]"
11:53:10.335 [main] DEBUG org.apache.hc.client5.http.wire -- http-outgoing-47 << "[0xffffffad][0xffffffca][0xffffff94][0x1c]g[0xffffffb0][0xffffffad][0xffffffc8][0xffffffc4]L[0x14]lZ[0xffffff8d][0x19]J[0xffffff94]A[0xffffffb7][\n]"
11:53:10.335 [main] DEBUG org.apache.hc.client5.http.wire -- http-outgoing-47 << "[0x13]eI[0xffffffa6][0xffffffaa][0xffffffd5][0xffffff97][0xffffff98][0xffffffb4][0xffffff82]e+/I[0xffffffb9]e,Zu[0xffffffe9]K[0xffffffe0]>[0xffffffb4][0xffffffda][0x12][0xffffffa0]P[0xffffffdf][0x9][0xffffffcb]L]++[0xffffffa1]l[0xffffff8c][0xffffff87]VT[0xffffffd6][0x14]aq[0xffffffb9][0x13][0xffffff95][0x19][0xffffff9a]FS[0xfffffffa][0xffffffe2][0x18][0x16][0xffffff99];E[0xffffff99][0xffffffa1][0xffffffba][0x17][0xffffff94][0x19][0xffffffca]FOZ^_4r[0xffffff92]][0xffffffc5][0xffffffa2]s'&3[0xfffffff4][0xffffff9d][0xffffff96][0xffffffcc][0xffffffd4]5R[0xffffffd2]1[0xffffff84]FH[0xfffffffa][0xffffffb2]<V[0xffffffa1]UG[0xffffffb2][0xfffffff7]X[0xffffff89]V[0x19][0xffffff89][0x9].T72[0x12]xR[0xffffffd5][0xffffffa8]H_6[0x1c][0xffffffcb][0xffffffd2]*"[0xffffffeb]famZE$[0xffffff9f]u[0xffffffac]O[0xffffffab][0xffffff86][0xffffffe4][0x13][0xffffff8d]5[0xffffffaa][0xffffff91][0xffffff90][0xffffffb2][0xffffff84][0xffffff8a][0xffffff85][0xffffffaa]U[0xffffff90]e-[0xffffffac]V[0xffffffab][0xffffff80]t<[0xffffffab]m[0xfffffff4]#[0x1f]e[0xffffffac]Z[0xffffffab]z[0xffffffac][0xffffff87][0x13]KW[0xffffffa3][0x1e][0xfffffff9]S[0xffffffc3][0xfffffffa][0xffffffd5][0xffffff88][0xffffffc7][0xffffffba]V[0x11]}[0xffffffc9][0xffffffb0][0xffffffa1]5[0xffffff8a][0xffffffe4][0xffffffcb]FQ|[0xffffffd9]([0xffffff82]/[0x1b]E[0xffffffef]e[0xffffffa3][0xffffffc8][0xffffffbd]l[0x14][0xffffffb5][0xffffff97][0xffffff8d]"[0xfffffff6][0xffffffb2]![0xffffffb3][0xffffffba][0xffffffcb][0xffffff86]h[0xc]C[0x1e][0xffffffb0][0xffffffc7][0xffffff86]<[0xffffffd0]e[0x1d]C[0x1e][0xffffffa8][0xffffff92][0xc][0x3][0xffffffd9][0xffffffb8][0xffffff93][0xffffff87][0xfffffff3][0xffffffe1][0xffffffb2]Pe[0x1b]~9[0xffffffbe]LMm|[0xffffffbb]N[0x8][0xfffffffe][0xffffffb3]8[0x1e][0xffffffa7]o[0xffffffd3][0xffffff89]f[0x1d][0xffffffdf]x[0xffffff86]T)[0xffffffa7][0xfffffff3][0xffffffe3][0xffffffc7]uW[0xffffffd9]#M[0xffffffb2][0xffffffbb]-[0xffffffcb][0xffffffe9][0xffffffba][0xfffffffb][0xffffff9c][0xffffffbe][0xffffff94]b[0xfffffff9]@t[0xffffffed][0xffffff80][0xffffffa5][0xffffffc7][0x1b]C[0xfffffffa]B[0xffffffb9][0xffffffff][0xffffff95][0xe][0xffffffe5]9f2S[0xffffffee]~[0xffffffa5]S[0xffffffe9] g[0xffffffca][0xffffffbd][0xffffffaf][0x4][0xffffff90][0xffffffd4][0xffffff9b]f[0xffffffca][0xffffff9d][0xffffffaf][0xffffffb4]x>0{[0xffffff89][0xffffffd6][0xffffffbe]WZ,[0xffffffb4][0xffffffae][0xffffffac]V[0xffffffbb]^i[0x0][0xffffffe7][0xffffff85]B[0xffffffb9][0xffffffe7][0xffffffc5]n[0xffffff81][0xffffffee]"
11:53:10.335 [main] DEBUG org.apache.hc.client5.http.wire -- http-outgoing-47 << "[0xfffffff6][0xc][0xffffffb9][0xffffffe1][0xffffff95][0xffffffda][0xffffffd1]MZ([0xffffffb7][0xffffffbb][0xffffffd8][0xffffffb9]j[0xffffffac]`[0xffffff85]r[0xffffffb3]+[0x15]~[0xffffffa9][0xffffff8e]g[0xffffffe0]V[0x17]{[0x13]S[0xffffff83][0xffffffa8]}.[0xffffffde][0x6][0xffffff96]z[0xffffff87]L[0xffffffb9][0xffffffcb]Ea-[0xffffffd6]y[0xffffffb9][0xffffffc7][0xffffffc5][0xffffffcb][0xffffffc2]R[0xffffffa7]E[0xffffff94];\,[0xfffffffd]T(2+[0xfffffffd][0xffffffad][0xffffffa4][0xffffffe8]Jb[0xffffffb8][0xffffffb9][0xffffffc5][0xffffffd0]Te[0xffffffa5][0xffffffb5][0xffffffc5][0x18]Le[0xffffffa5][0xffffffb1]E[0xffffffaf][0xffffffea][0xffffffca][0xffffffdc][0xffffffd6][0x6][0xffffffac]1ZfTZ[0xffffffda][0xffffff80][0xffffffa9][0xffffffd7]eT[0xffffffe9]g[0xffffff83]X[0x17]([0xffffffbd][0xffffffac][0xffffffa7]JW^,}[0xffffffac][0xffffffc7][0xffffffc0]2[0xffffffe1][0x1e][0xffffff96]v<o[0xc][0xfffffff7][0xffffffaf][0xe]s[^[0xffffffe3][0xffffffe6][0x15] [0xffffff94]-[0xffffffe1][0xffffffc6][0x15][0xfffffff0]H@[0xffffffce][0x5]w[0xffffffad][0xffffff96][0x12]\F[0xffffff95][0xffffff96][0xffffffd5]&[0xffffffe1][0xffffff92][0x8][0xffffffb7][0xffffffab]X[0x1a]lY[0xf][0xffffffab]W[0xffffffae][0xffffff9e][0xffffff81]}[0xffffffe2][0xffffffee][0x15][0xffffffef][0xffffffd9][0xffffffb2]U[0xffffffb5]s[0xffffffc5][0xffffff88][0xfffffff1][0xffffffdc]%V[0xffffffdb]V:[0xffffffb3][0xffffff99][0xffffff94][0xffffff96]U9>:[0xffffffdc][0xffffffad]*]I[0xffffffe9]T[0xffffffa9],[0x16]R[0xffffff9a]T[0xffffffa9]I.$dL|[0xffffffbf]L[0xffffff8f][0xfffffff3][0xfffffff9]z[0xffffffdb][0xffffff9f]N[0xffffffd3]1C[0x15][0xffffff81]nv[0xffffff9d][0xffffffcf][0xffffff89][0xffffff91][0x11]K[0x18][0xffffffa8][0xffffff90][0xffffffc3]7"b[0xffffff9d][0xffffffc4][0xffffffdb].[0xffffffef][0xffffff87][0xfffffff6][0x11]?,[0xffffffa3]C6[0x15][0x15][0x1d][0xffffffdc]i[0xffffff9f][0xffffffcf][0x8][0xfffffff6]gtec[0xffffffbd]~[0xfffffff8][0x7][0x18]<[0xfffffffe][0xffffff8d]h[0x13][0x0][0x0]"
11:53:10.336 [main] DEBUG org.apache.hc.client5.http.impl.classic.InternalHttpClient -- ep-0000000079 releasing valid endpoint
11:53:10.336 [main] DEBUG org.apache.hc.client5.http.impl.io.PoolingHttpClientConnectionManager -- ep-0000000079 releasing endpoint
11:53:10.336 [main] DEBUG org.apache.hc.client5.http.impl.io.PoolingHttpClientConnectionManager -- ep-0000000079 connection http-outgoing-47 can be kept alive for 3 MINUTES
11:53:10.336 [main] DEBUG org.apache.hc.client5.http.impl.io.PoolingHttpClientConnectionManager -- ep-0000000079 connection released [route: {s}->https://raw.githubusercontent.com:443][total available: 2; route allocated: 1 of 5; total allocated: 3 of 25]
11:53:10.336 [main] DEBUG io.github.bonigarcia.wdm.versions.VersionDetector -- Driver for chrome121 not found in online properties (using local versions.properties)
11:53:10.336 [main] DEBUG io.github.bonigarcia.wdm.WebDriverManager -- The driver version for CHROME 121 is unknown ... trying with latest
11:53:10.336 [main] DEBUG org.apache.hc.client5.http.impl.classic.InternalHttpClient -- ex-0000000080 preparing request execution
11:53:10.337 [main] DEBUG org.apache.hc.client5.http.impl.classic.ProtocolExec -- ex-0000000080 target auth state: UNCHALLENGED
11:53:10.337 [main] DEBUG org.apache.hc.client5.http.impl.classic.ProtocolExec -- ex-0000000080 proxy auth state: UNCHALLENGED
11:53:10.337 [main] DEBUG org.apache.hc.client5.http.impl.classic.ConnectExec -- ex-0000000080 acquiring connection with route {s}->https://googlechromelabs.github.io:443
11:53:10.337 [main] DEBUG org.apache.hc.client5.http.impl.classic.InternalHttpClient -- ex-0000000080 acquiring endpoint (3 MINUTES)
11:53:10.337 [main] DEBUG org.apache.hc.client5.http.impl.io.PoolingHttpClientConnectionManager -- ex-0000000080 endpoint lease request (3 MINUTES) [route: {s}->https://googlechromelabs.github.io:443][total available: 2; route allocated: 1 of 5; total allocated: 3 of 25]
11:53:10.337 [main] DEBUG org.apache.hc.client5.http.impl.io.PoolingHttpClientConnectionManager -- ex-0000000080 endpoint leased [route: {s}->https://googlechromelabs.github.io:443][total available: 1; route allocated: 1 of 5; total allocated: 3 of 25]
11:53:10.337 [main] DEBUG org.apache.hc.client5.http.impl.io.PoolingHttpClientConnectionManager -- ex-0000000080 acquired ep-0000000080
11:53:10.337 [main] DEBUG org.apache.hc.client5.http.impl.classic.InternalHttpClient -- ex-0000000080 acquired endpoint ep-0000000080
11:53:10.337 [main] DEBUG org.apache.hc.client5.http.impl.classic.MainClientExec -- ex-0000000080 executing GET /chrome-for-testing/last-known-good-versions-with-downloads.json HTTP/1.1
11:53:10.337 [main] DEBUG org.apache.hc.client5.http.protocol.RequestAddCookies -- ex-0000000080 Cookie spec selected: strict
11:53:10.337 [main] DEBUG org.apache.hc.client5.http.impl.classic.InternalHttpClient -- ep-0000000080 start execution ex-0000000080
11:53:10.337 [main] DEBUG org.apache.hc.client5.http.impl.io.PoolingHttpClientConnectionManager -- ep-0000000080 executing exchange ex-0000000080 over http-outgoing-45
11:53:10.337 [main] DEBUG org.apache.hc.client5.http.headers -- http-outgoing-45 >> GET /chrome-for-testing/last-known-good-versions-with-downloads.json HTTP/1.1
11:53:10.337 [main] DEBUG org.apache.hc.client5.http.headers -- http-outgoing-45 >> user-agent: Apache-HttpClient/5.0
11:53:10.337 [main] DEBUG org.apache.hc.client5.http.headers -- http-outgoing-45 >> accept-encoding: gzip, deflate, br
11:53:10.337 [main] DEBUG org.apache.hc.client5.http.headers -- http-outgoing-45 >> cache-control: max-age=0
11:53:10.337 [main] DEBUG org.apache.hc.client5.http.headers -- http-outgoing-45 >> connection: keep-alive
11:53:10.337 [main] DEBUG org.apache.hc.client5.http.headers -- http-outgoing-45 >> Host: googlechromelabs.github.io
11:53:10.337 [main] DEBUG org.apache.hc.client5.http.wire -- http-outgoing-45 >> "GET /chrome-for-testing/last-known-good-versions-with-downloads.json HTTP/1.1[\r][\n]"
11:53:10.337 [main] DEBUG org.apache.hc.client5.http.wire -- http-outgoing-45 >> "user-agent: Apache-HttpClient/5.0[\r][\n]"
11:53:10.337 [main] DEBUG org.apache.hc.client5.http.wire -- http-outgoing-45 >> "accept-encoding: gzip, deflate, br[\r][\n]"
11:53:10.337 [main] DEBUG org.apache.hc.client5.http.wire -- http-outgoing-45 >> "cache-control: max-age=0[\r][\n]"
11:53:10.337 [main] DEBUG org.apache.hc.client5.http.wire -- http-outgoing-45 >> "connection: keep-alive[\r][\n]"
11:53:10.337 [main] DEBUG org.apache.hc.client5.http.wire -- http-outgoing-45 >> "Host: googlechromelabs.github.io[\r][\n]"
11:53:10.337 [main] DEBUG org.apache.hc.client5.http.wire -- http-outgoing-45 >> "[\r][\n]"
11:53:10.355 [main] DEBUG org.apache.hc.client5.http.wire -- http-outgoing-45 << "HTTP/1.1 200 OK[\r][\n]"
11:53:10.355 [main] DEBUG org.apache.hc.client5.http.wire -- http-outgoing-45 << "Connection: keep-alive[\r][\n]"
11:53:10.355 [main] DEBUG org.apache.hc.client5.http.wire -- http-outgoing-45 << "Content-Length: 640[\r][\n]"
11:53:10.355 [main] DEBUG org.apache.hc.client5.http.wire -- http-outgoing-45 << "Server: GitHub.com[\r][\n]"
11:53:10.355 [main] DEBUG org.apache.hc.client5.http.wire -- http-outgoing-45 << "Content-Type: application/json; charset=utf-8[\r][\n]"
11:53:10.355 [main] DEBUG org.apache.hc.client5.http.wire -- http-outgoing-45 << "permissions-policy: interest-cohort=()[\r][\n]"
11:53:10.355 [main] DEBUG org.apache.hc.client5.http.wire -- http-outgoing-45 << "x-origin-cache: HIT[\r][\n]"
11:53:10.355 [main] DEBUG org.apache.hc.client5.http.wire -- http-outgoing-45 << "Last-Modified: Mon, 12 Feb 2024 04:09:36 GMT[\r][\n]"
11:53:10.355 [main] DEBUG org.apache.hc.client5.http.wire -- http-outgoing-45 << "Access-Control-Allow-Origin: *[\r][\n]"
11:53:10.355 [main] DEBUG org.apache.hc.client5.http.wire -- http-outgoing-45 << "Strict-Transport-Security: max-age=31556952[\r][\n]"
11:53:10.355 [main] DEBUG org.apache.hc.client5.http.wire -- http-outgoing-45 << "ETag: W/"65c99a00-229c"[\r][\n]"
11:53:10.355 [main] DEBUG org.apache.hc.client5.http.wire -- http-outgoing-45 << "expires: Mon, 12 Feb 2024 04:19:55 GMT[\r][\n]"
11:53:10.355 [main] DEBUG org.apache.hc.client5.http.wire -- http-outgoing-45 << "Cache-Control: max-age=600[\r][\n]"
11:53:10.355 [main] DEBUG org.apache.hc.client5.http.wire -- http-outgoing-45 << "Content-Encoding: gzip[\r][\n]"
11:53:10.355 [main] DEBUG org.apache.hc.client5.http.wire -- http-outgoing-45 << "x-proxy-cache: HIT[\r][\n]"
11:53:10.355 [main] DEBUG org.apache.hc.client5.http.wire -- http-outgoing-45 << "X-GitHub-Request-Id: EECE:F2983:9FFA93:AC18FB:65C99AC6[\r][\n]"
11:53:10.355 [main] DEBUG org.apache.hc.client5.http.wire -- http-outgoing-45 << "Accept-Ranges: bytes[\r][\n]"
11:53:10.355 [main] DEBUG org.apache.hc.client5.http.wire -- http-outgoing-45 << "Date: Mon, 12 Feb 2024 04:53:10 GMT[\r][\n]"
11:53:10.355 [main] DEBUG org.apache.hc.client5.http.wire -- http-outgoing-45 << "Via: 1.1 varnish[\r][\n]"
11:53:10.355 [main] DEBUG org.apache.hc.client5.http.wire -- http-outgoing-45 << "Age: 423[\r][\n]"
11:53:10.355 [main] DEBUG org.apache.hc.client5.http.wire -- http-outgoing-45 << "X-Served-By: cache-qpg1232-QPG[\r][\n]"
11:53:10.355 [main] DEBUG org.apache.hc.client5.http.wire -- http-outgoing-45 << "X-Cache: HIT[\r][\n]"
11:53:10.355 [main] DEBUG org.apache.hc.client5.http.wire -- http-outgoing-45 << "X-Cache-Hits: 4[\r][\n]"
11:53:10.355 [main] DEBUG org.apache.hc.client5.http.wire -- http-outgoing-45 << "X-Timer: S1707713590.418896,VS0,VE0[\r][\n]"
11:53:10.355 [main] DEBUG org.apache.hc.client5.http.wire -- http-outgoing-45 << "Vary: Accept-Encoding[\r][\n]"
11:53:10.355 [main] DEBUG org.apache.hc.client5.http.wire -- http-outgoing-45 << "X-Fastly-Request-ID: 35a3c2ca9c9ffd71c5334f42a7933c5bb88e2abc[\r][\n]"
11:53:10.355 [main] DEBUG org.apache.hc.client5.http.wire -- http-outgoing-45 << "[\r][\n]"
11:53:10.356 [main] DEBUG org.apache.hc.client5.http.headers -- http-outgoing-45 << HTTP/1.1 200 OK
11:53:10.356 [main] DEBUG org.apache.hc.client5.http.headers -- http-outgoing-45 << Connection: keep-alive
11:53:10.356 [main] DEBUG org.apache.hc.client5.http.headers -- http-outgoing-45 << Content-Length: 640
11:53:10.356 [main] DEBUG org.apache.hc.client5.http.headers -- http-outgoing-45 << Server: GitHub.com
11:53:10.356 [main] DEBUG org.apache.hc.client5.http.headers -- http-outgoing-45 << Content-Type: application/json; charset=utf-8
11:53:10.356 [main] DEBUG org.apache.hc.client5.http.headers -- http-outgoing-45 << permissions-policy: interest-cohort=()
11:53:10.356 [main] DEBUG org.apache.hc.client5.http.headers -- http-outgoing-45 << x-origin-cache: HIT
11:53:10.356 [main] DEBUG org.apache.hc.client5.http.headers -- http-outgoing-45 << Last-Modified: Mon, 12 Feb 2024 04:09:36 GMT
11:53:10.356 [main] DEBUG org.apache.hc.client5.http.headers -- http-outgoing-45 << Access-Control-Allow-Origin: *
11:53:10.356 [main] DEBUG org.apache.hc.client5.http.headers -- http-outgoing-45 << Strict-Transport-Security: max-age=31556952
11:53:10.356 [main] DEBUG org.apache.hc.client5.http.headers -- http-outgoing-45 << ETag: W/"65c99a00-229c"
11:53:10.356 [main] DEBUG org.apache.hc.client5.http.headers -- http-outgoing-45 << expires: Mon, 12 Feb 2024 04:19:55 GMT
11:53:10.356 [main] DEBUG org.apache.hc.client5.http.headers -- http-outgoing-45 << Cache-Control: max-age=600
11:53:10.356 [main] DEBUG org.apache.hc.client5.http.headers -- http-outgoing-45 << Content-Encoding: gzip
11:53:10.356 [main] DEBUG org.apache.hc.client5.http.headers -- http-outgoing-45 << x-proxy-cache: HIT
11:53:10.356 [main] DEBUG org.apache.hc.client5.http.headers -- http-outgoing-45 << X-GitHub-Request-Id: EECE:F2983:9FFA93:AC18FB:65C99AC6
11:53:10.356 [main] DEBUG org.apache.hc.client5.http.headers -- http-outgoing-45 << Accept-Ranges: bytes
11:53:10.356 [main] DEBUG org.apache.hc.client5.http.headers -- http-outgoing-45 << Date: Mon, 12 Feb 2024 04:53:10 GMT
11:53:10.356 [main] DEBUG org.apache.hc.client5.http.headers -- http-outgoing-45 << Via: 1.1 varnish
11:53:10.356 [main] DEBUG org.apache.hc.client5.http.headers -- http-outgoing-45 << Age: 423
11:53:10.356 [main] DEBUG org.apache.hc.client5.http.headers -- http-outgoing-45 << X-Served-By: cache-qpg1232-QPG
11:53:10.356 [main] DEBUG org.apache.hc.client5.http.headers -- http-outgoing-45 << X-Cache: HIT
11:53:10.356 [main] DEBUG org.apache.hc.client5.http.headers -- http-outgoing-45 << X-Cache-Hits: 4
11:53:10.356 [main] DEBUG org.apache.hc.client5.http.headers -- http-outgoing-45 << X-Timer: S1707713590.418896,VS0,VE0
11:53:10.356 [main] DEBUG org.apache.hc.client5.http.headers -- http-outgoing-45 << Vary: Accept-Encoding
11:53:10.356 [main] DEBUG org.apache.hc.client5.http.headers -- http-outgoing-45 << X-Fastly-Request-ID: 35a3c2ca9c9ffd71c5334f42a7933c5bb88e2abc
11:53:10.356 [main] DEBUG org.apache.hc.client5.http.impl.classic.MainClientExec -- ex-0000000080 connection can be kept alive for 3 MINUTES
11:53:10.356 [main] DEBUG org.apache.hc.client5.http.wire -- http-outgoing-45 << "[0x1f][0xffffff8b][0x8][0x0][0x0][0x0][0x0][0x0][0x0][0x3][0xffffffcd][0xffffff96][0xffffffcb][0xffffff8e][0xffffff9b]0[0x14][0xffffff86][0xfffffff7]}[0xc][0xffffffaf][0xffffffc1]`[0x8][0xffffffe4][0xffffffb2][0xffffff9c][0xffffff99]7hWSu[0xffffffe1][0x6]7A2[0x10][0xffffff81]'[0xffffffd3]N[0xffffffc4][0xffffffbb][0xffffffd7][0x10][0xffffffc3]p[0xffffffb1][0xffffff99]U|[0xffffff90]"%[0x1c][0xffffff9c]s~[0xffffffd0][0xffffffa7][0xffffffa3][0xffffffef][0xffffff86]D[0xffffff9a][0xffffffb1]J[0xffffffd0][0xffffffec][0xffffff82][0xe]([0xfffffff0][0xffffff83][0xffffff8d][0xffffffeb][0x7].!?[0x2]r[0xfffffff0][0xfffffff7][0xfffffff2][0xffffff83]}B^[0xffffff91][0xffffff83][0xffffff8e]g[0xffffff9a][0xffffffe7][0xffffff8c]W[0xffffffe8]pC[0xffffffdf][0x5][0xfffffffd][0xffffffcd]Y[0xfffffff3]KU[0xffffffe5]_U[0xffffffcd]AWVVi[0xffffff91][0xffffffcb][0x12][0x9][0x8][0xfffffff6]qL[0xffffffe2]-[0xffffffde]E[0xfffffff2]N[0xffffffc9][0xffffffae]i[0x7f]+[0xc][0xffffff89][0xffffffbf][0xffffff95][0xffffffc5][0xffffffa4]x[0xffffffcf]yA[0xffffff93][0xffffffea][0xffffffde][0xffffffae],2[0xffffffd9][0xfffffff8][0xffffffe7][\r]]8[0x15][0x7f][0xffffff8a]2[0xffffff93][0xffffff87]y[0xffffff9a][0xffffffbf][0xfffffffd][0xffffff8d]7[0xfffffff2][0xfffffff0][[0xffffffd9][0xffffff8c]:[0xb]q[0xffffffa9][0xe][0xffffff9e][0xffffffc7][0xffffff92][0x13]K8[0xffffffce][0x18]>][0x5][0xffffffc1][0xffffffc7]"S%[0xffffffef][0xffffffde]G}[0xffffffb9][0xffffffb2][0xffffff8d]+[0xffffffe4]3[0xffffffa6][0xfffffff9][0xffffffc9][0x1b]e[0xfffffff2]T[0xffffffe7][0xffffffee][0xffffffa0][0xffffffba][0xffffffc4][0x1f][0xffffffe9][0x5][0xffffffd5][0xffffffce](CF[0xffffff8f].-[0xffffffb3][0xffffff87][0xffffffa4][0xffffffe8]{wG[0xfffffffb][0xffffff82])[0xffffffc9]c[0xffffffde][0xffffff86][0xffffffea]<Lax[0x1b][0xffffffef]i[0x1e][0x6][0xf]H[0xffffffd0][0xfffffff6][0xffffffed][0xffffff8e][0xffffffb5][0x17][0xffffff86][0xffffffe9][0xf]y[0xfffffffe][0xffffffb6][0xffffffef]`z[0xfffffff7][0xffffffec][0xffffffbf][0x1c][0x5]fR[0xffffffa6][0xffffff92]n(<[0xffffffef][0xffffffd3][0xffffffd7][0x2][0xffffffa9]J[0xffffffb3][\n]"
11:53:10.356 [main] DEBUG org.apache.hc.client5.http.wire -- http-outgoing-45 << "T[0x7]Y[0x0][0xffffff81]U)@[0xffffffb1][0xfffffffd][0xffffffcc]0[0xffffff83][0xffffffd7]=3[0xffffff9a]pVUnuf[0xffffff9c]CQ<[0xffffff89][0xffffffb1][0x16][0xffffff9c][0xffffffa7][0xffffffb1]V[0xffffffc1][0xffffffb5].[0x14] [0xffffffe0][0xffffffd3]8[0xffffffa0][0xffffffa4]k[0xffffffc2][0xfffffff4][0xffffffc8][0xffffffd7][0xffffffb5][0xffffff83][0xffffff9e][0xffffff98][0xffffffa0]cCi+c?[0x9][0xffffff9a][0xffffffe6]ALp[0xffffffb0][0xffffff9f][0xfffffffa]I[0xffffffe4]G;[0x1f][0xffffffc2]O[0x6][0xffffff99][0x0][0xfffffffd]d[0xffffff98][0x2][0xffffffd2]O[0xffffffa6]9[0xffffffec][0xfffffffb][0xffffffc9]0[0xffffff81]}?[0xffffff99]L[0xffffff87][0xfffffff7][0x13]3[0xffffff9e][0xfffffff6][0xfffffffd]d[0x9]R[0xfffffffb]~bF[0xffffffd5][0xffffffae][0xffffff9f][0xffffff98][0xffffff80][0xffffffb5][0xffffffe9]'&l[0xffffffd7][0xffffffe2]'[0xb]K[0x16][0xffffffce]O[0x16]w.[0xffffff9c][0xffffff9f],[0xffffffac]`[0x18]?1nd[0x8]?1.[0xffffffe8]/[0xfffffffc][0xffffffe4][0xffffff85]][0xffffffc7]z[0xffffffd2][0x14][0xffffffc6]v[0x12][0xffffffb6][0xffffffad]w1[0xfffffff6]gr[0xffffffb2]%[0xffffff9b][0x10]BN>#[0x1][0xffffffba][0xffffffc9] [0x4][0xffffffa4][0xffffff9a]Lb[0xffffffd8]7[0xffffff93]A[0x0][0xfffffffb]b2[0x1e][0xe][0xffffffef]%F2[0xffffffed]k[0xffffffc9][0x2][0xffffff9f][0xfffffff6][0xffffffad][0xffffffc4]H[0xffffffa9]])1[0xffffffb0]j[0xffffffd3]I[0xc][0xffffffc4][0xffffffae]EI[0xffffffcc][0xffffffab][0x15][0xffffffce]H[0xffffff96]6-[0xffffff9c][0xffffff90][0xffffff98][0x17]/[0xffffff8c][0xffffff8f][0xffffff98][0xfffffff6]0[0xffffff84][0xffffff8e][0xffffff98][0xffffffd6][0xfffffff2][0x17]6[0xfffffff2]LsZ[0xfffffffe][0x1b][0xb][0xffffff89][0xffffffaa][0xffffffe9][0xffffff9c]d[0x1f]i[0xffffff9c]d[0xffffffb7][0xffffff8f][0x8][0xffffff9c][0xffffff93]4[0xffffff91][0xffffffc0][0xffffff9d][0xffffffa4][\r][0x1][0xffffffef]$}[0xc]('i[0x3]@9I7|-N[0xffffffa2]![0x13][0xffffffca]I[0xffffffb4]|B9[0xffffff89][0xffffff86]R[0x8]'[0xffffff99][0xffffffb1]j[0xffffffdf]If[0xffffffc4][0xffffffae][0xffffffcb]It[0xffffffab][0x15][0xffffffda]I[0xfffffff4][0xffffff9b][0x16][0xffffffda]It[0xffffff8b][0x17][0xffffffd2]I[0xffffffe6]{[0x18][0xffffffce]I[0xffffffe6]ky[0xffffffd1]I[0xffffffea][0xfffffffa][0xffffffdb][0x7f][0xffffffd5][0xffffffa2][0xffffff9a]W[0xffffff9c]"[0x0][0x0]"
11:53:10.356 [main] DEBUG org.apache.hc.client5.http.impl.classic.InternalHttpClient -- ep-0000000080 releasing valid endpoint
11:53:10.356 [main] DEBUG org.apache.hc.client5.http.impl.io.PoolingHttpClientConnectionManager -- ep-0000000080 releasing endpoint
11:53:10.356 [main] DEBUG org.apache.hc.client5.http.impl.io.PoolingHttpClientConnectionManager -- ep-0000000080 connection http-outgoing-45 can be kept alive for 3 MINUTES
11:53:10.356 [main] DEBUG org.apache.hc.client5.http.impl.io.PoolingHttpClientConnectionManager -- ep-0000000080 connection released [route: {s}->https://googlechromelabs.github.io:443][total available: 2; route allocated: 1 of 5; total allocated: 3 of 25]
11:53:10.357 [main] DEBUG io.github.bonigarcia.wdm.WebDriverManager -- Driver to be downloaded chromedriver 121.0.6167.85
11:53:10.357 [main] DEBUG io.github.bonigarcia.wdm.cache.ResolutionCache -- Storing resolution chrome=121 in cache (valid until 12:53:10 12/02/2024 WIB)
11:53:10.358 [main] DEBUG io.github.bonigarcia.wdm.cache.ResolutionCache -- Storing resolution chrome121=121.0.6167.85 in cache (valid until 11:53:10 13/02/2024 WIB)
11:53:10.358 [main] INFO io.github.bonigarcia.wdm.WebDriverManager -- Exporting webdriver.chrome.driver as /Users/fizkiarditiakusuma/.cache/selenium/chromedriver/mac-arm64/121.0.6167.85/chromedriver
  &amp#27;[32mGiven &amp#27;[0m&amp#27;[32mPengguna telah membuka situs Kepabeanan&amp#27;[0m                                    &amp#27;[90m# step_definitions.login.penggunaTelahMembukaSitusKepabeanan()&amp#27;[0m
  &amp#27;[32mThen &amp#27;[0m&amp#27;[32mPengguna Klik Field Lupa Password&amp#27;[0m                                           &amp#27;[90m# step_definitions.login.penggunaKlikFieldLupaPassword()&amp#27;[0m
  &amp#27;[32mAnd &amp#27;[0m&amp#27;[32mPengguna memasukan berbagai macam Test dalam field Lupa Password&amp#27;[0m&amp#27;[32m&amp#27;[1m"qwertyuQWE"&amp#27;[0m &amp#27;[90m# step_definitions.login.penggunaMemasukanBerbagaiMacamTestDalamFieldLupaPassword(java.lang.String)&amp#27;[0m
]]></system-out>
  </testcase>
</testsuite>